                              1 ;--------------------------------------------------------
                              2 ; File Created by SDCC : free open source ANSI-C Compiler
                              3 ; Version 3.1.1 #7100 (Oct 29 2014) (Linux)
                              4 ; This file was generated Wed Dec  2 18:11:03 2015
                              5 ;--------------------------------------------------------
                              6 	.module button_sensor
                              7 	.optsdcc -mmcs51 --model-huge
                              8 	
                              9 ;--------------------------------------------------------
                             10 ; Public variables in this module
                             11 ;--------------------------------------------------------
                             12 	.globl _button_1_sensor
                             13 	.globl _sensors_changed
                             14 	.globl _timer_expired
                             15 	.globl _timer_set
                             16 	.globl _ACTIVE
                             17 	.globl _TX_BYTE
                             18 	.globl _RX_BYTE
                             19 	.globl _ERR
                             20 	.globl _FE
                             21 	.globl _SLAVE
                             22 	.globl _RE
                             23 	.globl _MODE
                             24 	.globl _T3OVFIF
                             25 	.globl _T3CH0IF
                             26 	.globl _T3CH1IF
                             27 	.globl _T4OVFIF
                             28 	.globl _T4CH0IF
                             29 	.globl _T4CH1IF
                             30 	.globl _OVFIM
                             31 	.globl _B_0
                             32 	.globl _B_1
                             33 	.globl _B_2
                             34 	.globl _B_3
                             35 	.globl _B_4
                             36 	.globl _B_5
                             37 	.globl _B_6
                             38 	.globl _B_7
                             39 	.globl _P2IF
                             40 	.globl _UTX0IF
                             41 	.globl _UTX1IF
                             42 	.globl _P1IF
                             43 	.globl _WDTIF
                             44 	.globl _ACC_0
                             45 	.globl _ACC_1
                             46 	.globl _ACC_2
                             47 	.globl _ACC_3
                             48 	.globl _ACC_4
                             49 	.globl _ACC_5
                             50 	.globl _ACC_6
                             51 	.globl _ACC_7
                             52 	.globl _P
                             53 	.globl _F1
                             54 	.globl _OV
                             55 	.globl _RS0
                             56 	.globl _RS1
                             57 	.globl _F0
                             58 	.globl _AC
                             59 	.globl _CY
                             60 	.globl _DMAIF
                             61 	.globl _T1IF
                             62 	.globl _T2IF
                             63 	.globl _T3IF
                             64 	.globl _T4IF
                             65 	.globl _P0IF
                             66 	.globl _STIF
                             67 	.globl _DMAIE
                             68 	.globl _T1IE
                             69 	.globl _T2IE
                             70 	.globl _T3IE
                             71 	.globl _T4IE
                             72 	.globl _P0IE
                             73 	.globl _RFERRIE
                             74 	.globl _ADCIE
                             75 	.globl _URX0IE
                             76 	.globl _URX1IE
                             77 	.globl _ENCIE
                             78 	.globl _STIE
                             79 	.globl _EA
                             80 	.globl _P2_0
                             81 	.globl _P2_1
                             82 	.globl _P2_2
                             83 	.globl _P2_3
                             84 	.globl _P2_4
                             85 	.globl _P2_5
                             86 	.globl _P2_6
                             87 	.globl _P2_7
                             88 	.globl _ENCIF_0
                             89 	.globl _ENCIF_1
                             90 	.globl _P1_0
                             91 	.globl _P1_1
                             92 	.globl _P1_2
                             93 	.globl _P1_3
                             94 	.globl _P1_4
                             95 	.globl _P1_5
                             96 	.globl _P1_6
                             97 	.globl _P1_7
                             98 	.globl _IT0
                             99 	.globl _RFERRIF
                            100 	.globl _IT1
                            101 	.globl _URX0IF
                            102 	.globl _ADCIF
                            103 	.globl _URX1IF
                            104 	.globl _P0_0
                            105 	.globl _P0_1
                            106 	.globl _P0_2
                            107 	.globl _P0_3
                            108 	.globl _P0_4
                            109 	.globl _P0_5
                            110 	.globl _P0_6
                            111 	.globl _P0_7
                            112 	.globl _WDCTL
                            113 	.globl _U1GCR
                            114 	.globl _U1UCR
                            115 	.globl _U1BAUD
                            116 	.globl _U1DBUF
                            117 	.globl _U1CSR
                            118 	.globl _U0GCR
                            119 	.globl _U0UCR
                            120 	.globl _U0BAUD
                            121 	.globl _U0DBUF
                            122 	.globl _U0CSR
                            123 	.globl _TIMIF
                            124 	.globl _T4CC1
                            125 	.globl _T4CCTL1
                            126 	.globl _T4CC0
                            127 	.globl _T4CCTL0
                            128 	.globl _T4CTL
                            129 	.globl _T4CNT
                            130 	.globl _T3CC1
                            131 	.globl _T3CCTL1
                            132 	.globl _T3CC0
                            133 	.globl _T3CCTL0
                            134 	.globl _T3CTL
                            135 	.globl _T3CNT
                            136 	.globl _T2MSEL
                            137 	.globl _T2IRQM
                            138 	.globl _T2MOVF2
                            139 	.globl _T2MOVF1
                            140 	.globl _T2MOVF0
                            141 	.globl _T2M1
                            142 	.globl _T2M0
                            143 	.globl _T2IRQF
                            144 	.globl _T2EVTCFG
                            145 	.globl _T2CTRL
                            146 	.globl _T1STAT
                            147 	.globl _T1CCTL2
                            148 	.globl _T1CCTL1
                            149 	.globl _T1CCTL0
                            150 	.globl _T1CTL
                            151 	.globl _T1CNTH
                            152 	.globl _T1CNTL
                            153 	.globl _T1CC2H
                            154 	.globl _T1CC2L
                            155 	.globl _T1CC1H
                            156 	.globl _T1CC1L
                            157 	.globl _T1CC0H
                            158 	.globl _T1CC0L
                            159 	.globl _CLKCONSTA
                            160 	.globl _CLKCONCMD
                            161 	.globl _SLEEPSTA
                            162 	.globl _SLEEPCMD
                            163 	.globl _STLOAD
                            164 	.globl _ST2
                            165 	.globl _ST1
                            166 	.globl _ST0
                            167 	.globl _RFERRF
                            168 	.globl _RFIRQF0
                            169 	.globl _RFST
                            170 	.globl _RFD
                            171 	.globl _RFIRQF1
                            172 	.globl _PSBANK
                            173 	.globl _FMAP
                            174 	.globl _MEMCTR
                            175 	.globl __XPAGE
                            176 	.globl _MPAGE
                            177 	.globl _PMUX
                            178 	.globl _P2DIR
                            179 	.globl _P1DIR
                            180 	.globl _P0DIR
                            181 	.globl _P2INP
                            182 	.globl _P1INP
                            183 	.globl _P2SEL
                            184 	.globl _P1SEL
                            185 	.globl _P0SEL
                            186 	.globl _APCFG
                            187 	.globl _PERCFG
                            188 	.globl _P0INP
                            189 	.globl _P2IEN
                            190 	.globl _P1IEN
                            191 	.globl _P0IEN
                            192 	.globl _PICTL
                            193 	.globl _P2IFG
                            194 	.globl _P1IFG
                            195 	.globl _P0IFG
                            196 	.globl _DMAREQ
                            197 	.globl _DMAARM
                            198 	.globl _DMA0CFGH
                            199 	.globl _DMA0CFGL
                            200 	.globl _DMA1CFGH
                            201 	.globl _DMA1CFGL
                            202 	.globl _DMAIRQ
                            203 	.globl _ENCCS
                            204 	.globl _ENCDO
                            205 	.globl _ENCDI
                            206 	.globl _RNDH
                            207 	.globl _RNDL
                            208 	.globl _ADCH
                            209 	.globl _ADCL
                            210 	.globl _ADCCON3
                            211 	.globl _ADCCON2
                            212 	.globl _ADCCON1
                            213 	.globl _B
                            214 	.globl _IRCON2
                            215 	.globl _ACC
                            216 	.globl _PSW
                            217 	.globl _IRCON
                            218 	.globl _IP1
                            219 	.globl _IEN1
                            220 	.globl _IP0
                            221 	.globl _IEN0
                            222 	.globl _P2
                            223 	.globl _S1CON
                            224 	.globl _IEN2
                            225 	.globl _S0CON
                            226 	.globl _DPS
                            227 	.globl _P1
                            228 	.globl _TCON
                            229 	.globl _PCON
                            230 	.globl _DPH1
                            231 	.globl _DPL1
                            232 	.globl _DPH0
                            233 	.globl _DPL0
                            234 	.globl _SP
                            235 	.globl _P0
                            236 	.globl _X_IEEE_ADDR
                            237 	.globl _X_INFOPAGE
                            238 	.globl _X_P2DIR
                            239 	.globl _X_P1DIR
                            240 	.globl _X_P0DIR
                            241 	.globl _X_U1GCR
                            242 	.globl _X_U1UCR
                            243 	.globl _X_U1BAUD
                            244 	.globl _X_U1DBUF
                            245 	.globl _X_U1CSR
                            246 	.globl _X_P2INP
                            247 	.globl _X_P1INP
                            248 	.globl _X_P2SEL
                            249 	.globl _X_P1SEL
                            250 	.globl _X_P0SEL
                            251 	.globl _X_APCFG
                            252 	.globl _X_PERCFG
                            253 	.globl _X_T4CC1
                            254 	.globl _X_T4CCTL1
                            255 	.globl _X_T4CC0
                            256 	.globl _X_T4CCTL0
                            257 	.globl _X_T4CTL
                            258 	.globl _X_T4CNT
                            259 	.globl _X_RFIRQF0
                            260 	.globl _X_T1CCTL2
                            261 	.globl _X_T1CCTL1
                            262 	.globl _X_T1CCTL0
                            263 	.globl _X_T1CTL
                            264 	.globl _X_T1CNTH
                            265 	.globl _X_T1CNTL
                            266 	.globl _X_RFST
                            267 	.globl _X_T1CC2H
                            268 	.globl _X_T1CC2L
                            269 	.globl _X_T1CC1H
                            270 	.globl _X_T1CC1L
                            271 	.globl _X_T1CC0H
                            272 	.globl _X_T1CC0L
                            273 	.globl _X_RFD
                            274 	.globl _X_TIMIF
                            275 	.globl _X_DMAREQ
                            276 	.globl _X_DMAARM
                            277 	.globl _X_DMA0CFGH
                            278 	.globl _X_DMA0CFGL
                            279 	.globl _X_DMA1CFGH
                            280 	.globl _X_DMA1CFGL
                            281 	.globl _X_DMAIRQ
                            282 	.globl _X_T3CC1
                            283 	.globl _X_T3CCTL1
                            284 	.globl _X_T3CC0
                            285 	.globl _X_T3CCTL0
                            286 	.globl _X_T3CTL
                            287 	.globl _X_T3CNT
                            288 	.globl _X_WDCTL
                            289 	.globl _X_MEMCTR
                            290 	.globl _X_CLKCONCMD
                            291 	.globl _X_U0GCR
                            292 	.globl _X_U0UCR
                            293 	.globl _X_T2MSEL
                            294 	.globl _X_U0BAUD
                            295 	.globl _X_U0DBUF
                            296 	.globl _X_RFERRF
                            297 	.globl _X_SLEEPCMD
                            298 	.globl _X_RNDH
                            299 	.globl _X_RNDL
                            300 	.globl _X_ADCH
                            301 	.globl _X_ADCL
                            302 	.globl _X_ADCCON3
                            303 	.globl _X_ADCCON2
                            304 	.globl _X_ADCCON1
                            305 	.globl _X_ENCCS
                            306 	.globl _X_ENCDO
                            307 	.globl _X_ENCDI
                            308 	.globl _X_T1STAT
                            309 	.globl _X_PMUX
                            310 	.globl _X_STLOAD
                            311 	.globl _X_P2IEN
                            312 	.globl _X_P0IEN
                            313 	.globl _X_T2IRQM
                            314 	.globl _X_T2MOVF2
                            315 	.globl _X_T2MOVF1
                            316 	.globl _X_T2MOVF0
                            317 	.globl _X_T2M1
                            318 	.globl _X_T2M0
                            319 	.globl _X_T2IRQF
                            320 	.globl _X_P2
                            321 	.globl _X_PSBANK
                            322 	.globl _X_FMAP
                            323 	.globl _X_CLKCONSTA
                            324 	.globl _X_SLEEPSTA
                            325 	.globl _X_T2EVTCFG
                            326 	.globl _X_ST2
                            327 	.globl _X_ST1
                            328 	.globl _X_ST0
                            329 	.globl _X_T2CTRL
                            330 	.globl _X__XPAGE
                            331 	.globl _X_MPAGE
                            332 	.globl _X_RFIRQF1
                            333 	.globl _X_P1
                            334 	.globl _X_P0INP
                            335 	.globl _X_P1IEN
                            336 	.globl _X_PICTL
                            337 	.globl _X_P2IFG
                            338 	.globl _X_P1IFG
                            339 	.globl _X_P0IFG
                            340 	.globl _X_U0CSR
                            341 	.globl _X_P0
                            342 	.globl _USBF5
                            343 	.globl _USBF4
                            344 	.globl _USBF3
                            345 	.globl _USBF2
                            346 	.globl _USBF1
                            347 	.globl _USBF0
                            348 	.globl _USBCNTH
                            349 	.globl _USBCNTL
                            350 	.globl _USBCNT0
                            351 	.globl _USBCSOH
                            352 	.globl _USBCSOL
                            353 	.globl _USBMAXO
                            354 	.globl _USBCSIH
                            355 	.globl _USBCSIL
                            356 	.globl _USBCS0
                            357 	.globl _USBMAXI
                            358 	.globl _USBCTRL
                            359 	.globl _USBINDEX
                            360 	.globl _USBFRMH
                            361 	.globl _USBFRML
                            362 	.globl _USBCIE
                            363 	.globl _USBOIE
                            364 	.globl _USBIIE
                            365 	.globl _USBCIF
                            366 	.globl _USBOIF
                            367 	.globl _USBIIF
                            368 	.globl _USBPOW
                            369 	.globl _USBADDR
                            370 	.globl _CSPT
                            371 	.globl _CSPZ
                            372 	.globl _CSPY
                            373 	.globl _CSPX
                            374 	.globl _CSPSTAT
                            375 	.globl _CSPCTRL
                            376 	.globl _CSPPROG23
                            377 	.globl _CSPPROG22
                            378 	.globl _CSPPROG21
                            379 	.globl _CSPPROG20
                            380 	.globl _CSPPROG19
                            381 	.globl _CSPPROG18
                            382 	.globl _CSPPROG17
                            383 	.globl _CSPPROG16
                            384 	.globl _CSPPROG15
                            385 	.globl _CSPPROG14
                            386 	.globl _CSPPROG13
                            387 	.globl _CSPPROG12
                            388 	.globl _CSPPROG11
                            389 	.globl _CSPPROG10
                            390 	.globl _CSPPROG9
                            391 	.globl _CSPPROG8
                            392 	.globl _CSPPROG7
                            393 	.globl _CSPPROG6
                            394 	.globl _CSPPROG5
                            395 	.globl _CSPPROG4
                            396 	.globl _CSPPROG3
                            397 	.globl _CSPPROG2
                            398 	.globl _CSPPROG1
                            399 	.globl _CSPPROG0
                            400 	.globl _RFC_OBS_CTRL2
                            401 	.globl _RFC_OBS_CTRL1
                            402 	.globl _RFC_OBS_CTRL0
                            403 	.globl _TXFILTCFG
                            404 	.globl _PTEST1
                            405 	.globl _PTEST0
                            406 	.globl _ATEST
                            407 	.globl _DACTEST2
                            408 	.globl _DACTEST1
                            409 	.globl _DACTEST0
                            410 	.globl _MDMTEST1
                            411 	.globl _MDMTEST0
                            412 	.globl _ADCTEST2
                            413 	.globl _ADCTEST1
                            414 	.globl _ADCTEST0
                            415 	.globl _AGCCTRL3
                            416 	.globl _AGCCTRL2
                            417 	.globl _AGCCTRL1
                            418 	.globl _AGCCTRL0
                            419 	.globl _FSCAL3
                            420 	.globl _FSCAL2
                            421 	.globl _FSCAL1
                            422 	.globl _FSCAL0
                            423 	.globl _FSCTRL
                            424 	.globl _RXCTRL
                            425 	.globl _FREQEST
                            426 	.globl _MDMCTRL1
                            427 	.globl _MDMCTRL0
                            428 	.globl _RFRND
                            429 	.globl _RFERRM
                            430 	.globl _RFIRQM1
                            431 	.globl _RFIRQM0
                            432 	.globl _TXLAST_PTR
                            433 	.globl _TXFIRST_PTR
                            434 	.globl _RXP1_PTR
                            435 	.globl _RXLAST_PTR
                            436 	.globl _RXFIRST_PTR
                            437 	.globl _TXFIFOCNT
                            438 	.globl _RXFIFOCNT
                            439 	.globl _RXFIRST
                            440 	.globl _RSSISTAT
                            441 	.globl _RSSI
                            442 	.globl _CCACTRL1
                            443 	.globl _CCACTRL0
                            444 	.globl _FSMCTRL
                            445 	.globl _FIFOPCTRL
                            446 	.globl _FSMSTAT1
                            447 	.globl _FSMSTAT0
                            448 	.globl _TXCTRL
                            449 	.globl _TXPOWER
                            450 	.globl _FREQCTRL
                            451 	.globl _FREQTUNE
                            452 	.globl _RXMASKCLR
                            453 	.globl _RXMASKSET
                            454 	.globl _RXENABLE
                            455 	.globl _FRMCTRL1
                            456 	.globl _FRMCTRL0
                            457 	.globl _SRCEXTEN2
                            458 	.globl _SRCEXTEN1
                            459 	.globl _SRCEXTEN0
                            460 	.globl _SRCSHORTEN2
                            461 	.globl _SRCSHORTEN1
                            462 	.globl _SRCSHORTEN0
                            463 	.globl _SRCMATCH
                            464 	.globl _FRMFILT1
                            465 	.globl _FRMFILT0
                            466 	.globl _SHORT_ADDR1
                            467 	.globl _SHORT_ADDR0
                            468 	.globl _PAN_ID1
                            469 	.globl _PAN_ID0
                            470 	.globl _EXT_ADDR7
                            471 	.globl _EXT_ADDR6
                            472 	.globl _EXT_ADDR5
                            473 	.globl _EXT_ADDR4
                            474 	.globl _EXT_ADDR3
                            475 	.globl _EXT_ADDR2
                            476 	.globl _EXT_ADDR1
                            477 	.globl _EXT_ADDR0
                            478 	.globl _SRCSHORTPENDEN2
                            479 	.globl _SRCSHORTPENDEN1
                            480 	.globl _SRCSHORTPENDEN0
                            481 	.globl _SRCEXTPENDEN2
                            482 	.globl _SRCEXTPENDEN1
                            483 	.globl _SRCEXTPENDEN0
                            484 	.globl _SRCRESINDEX
                            485 	.globl _SRCRESMASK2
                            486 	.globl _SRCRESMASK1
                            487 	.globl _SRCRESMASK0
                            488 	.globl _SRC_ADDR_TABLE
                            489 	.globl _TXFIFO
                            490 	.globl _RXFIFO
                            491 	.globl _RFCORE_RAM
                            492 	.globl _CMPCTL
                            493 	.globl _OPAMPS
                            494 	.globl _OPAMPC
                            495 	.globl _STCV2
                            496 	.globl _STCV1
                            497 	.globl _STCV0
                            498 	.globl _STCS
                            499 	.globl _STCC
                            500 	.globl _T1CC4H
                            501 	.globl _T1CC4L
                            502 	.globl _T1CC3H
                            503 	.globl _T1CC3L
                            504 	.globl _XX_T1CC2H
                            505 	.globl _XX_T1CC2L
                            506 	.globl _XX_T1CC1H
                            507 	.globl _XX_T1CC1L
                            508 	.globl _XX_T1CC0H
                            509 	.globl _XX_T1CC0L
                            510 	.globl _T1CCTL4
                            511 	.globl _T1CCTL3
                            512 	.globl _XX_T1CCTL2
                            513 	.globl _XX_T1CCTL1
                            514 	.globl _XX_T1CCTL0
                            515 	.globl _CLD
                            516 	.globl _IRCTL
                            517 	.globl _CHIPINFO1
                            518 	.globl _CHIPINFO0
                            519 	.globl _FWDATA
                            520 	.globl _FADDRH
                            521 	.globl _FADDRL
                            522 	.globl _FCTL
                            523 	.globl _IVCTRL
                            524 	.globl _BATTMON
                            525 	.globl _SRCRC
                            526 	.globl _DBGDATA
                            527 	.globl _TESTREG0
                            528 	.globl _CHIPID
                            529 	.globl _CHVER
                            530 	.globl _OBSSEL5
                            531 	.globl _OBSSEL4
                            532 	.globl _OBSSEL3
                            533 	.globl _OBSSEL2
                            534 	.globl _OBSSEL1
                            535 	.globl _OBSSEL0
                            536 	.globl _I2CIO
                            537 	.globl _I2CWC
                            538 	.globl _I2CADDR
                            539 	.globl _I2CDATA
                            540 	.globl _I2CSTAT
                            541 	.globl _I2CCFG
                            542 	.globl _OPAMPMC
                            543 	.globl _MONMUX
                            544 	.globl _port_0_isr
                            545 ;--------------------------------------------------------
                            546 ; special function registers
                            547 ;--------------------------------------------------------
                            548 	.area RSEG    (ABS,DATA)
   0000                     549 	.org 0x0000
                    0080    550 _P0	=	0x0080
                    0081    551 _SP	=	0x0081
                    0082    552 _DPL0	=	0x0082
                    0083    553 _DPH0	=	0x0083
                    0084    554 _DPL1	=	0x0084
                    0085    555 _DPH1	=	0x0085
                    0087    556 _PCON	=	0x0087
                    0088    557 _TCON	=	0x0088
                    0090    558 _P1	=	0x0090
                    0092    559 _DPS	=	0x0092
                    0098    560 _S0CON	=	0x0098
                    009A    561 _IEN2	=	0x009a
                    009B    562 _S1CON	=	0x009b
                    00A0    563 _P2	=	0x00a0
                    00A8    564 _IEN0	=	0x00a8
                    00A9    565 _IP0	=	0x00a9
                    00B8    566 _IEN1	=	0x00b8
                    00B9    567 _IP1	=	0x00b9
                    00C0    568 _IRCON	=	0x00c0
                    00D0    569 _PSW	=	0x00d0
                    00E0    570 _ACC	=	0x00e0
                    00E8    571 _IRCON2	=	0x00e8
                    00F0    572 _B	=	0x00f0
                    00B4    573 _ADCCON1	=	0x00b4
                    00B5    574 _ADCCON2	=	0x00b5
                    00B6    575 _ADCCON3	=	0x00b6
                    00BA    576 _ADCL	=	0x00ba
                    00BB    577 _ADCH	=	0x00bb
                    00BC    578 _RNDL	=	0x00bc
                    00BD    579 _RNDH	=	0x00bd
                    00B1    580 _ENCDI	=	0x00b1
                    00B2    581 _ENCDO	=	0x00b2
                    00B3    582 _ENCCS	=	0x00b3
                    00D1    583 _DMAIRQ	=	0x00d1
                    00D2    584 _DMA1CFGL	=	0x00d2
                    00D3    585 _DMA1CFGH	=	0x00d3
                    00D4    586 _DMA0CFGL	=	0x00d4
                    00D5    587 _DMA0CFGH	=	0x00d5
                    00D6    588 _DMAARM	=	0x00d6
                    00D7    589 _DMAREQ	=	0x00d7
                    0089    590 _P0IFG	=	0x0089
                    008A    591 _P1IFG	=	0x008a
                    008B    592 _P2IFG	=	0x008b
                    008C    593 _PICTL	=	0x008c
                    00AB    594 _P0IEN	=	0x00ab
                    008D    595 _P1IEN	=	0x008d
                    00AC    596 _P2IEN	=	0x00ac
                    008F    597 _P0INP	=	0x008f
                    00F1    598 _PERCFG	=	0x00f1
                    00F2    599 _APCFG	=	0x00f2
                    00F3    600 _P0SEL	=	0x00f3
                    00F4    601 _P1SEL	=	0x00f4
                    00F5    602 _P2SEL	=	0x00f5
                    00F6    603 _P1INP	=	0x00f6
                    00F7    604 _P2INP	=	0x00f7
                    00FD    605 _P0DIR	=	0x00fd
                    00FE    606 _P1DIR	=	0x00fe
                    00FF    607 _P2DIR	=	0x00ff
                    00AE    608 _PMUX	=	0x00ae
                    0093    609 _MPAGE	=	0x0093
                    0093    610 __XPAGE	=	0x0093
                    00C7    611 _MEMCTR	=	0x00c7
                    009F    612 _FMAP	=	0x009f
                    009F    613 _PSBANK	=	0x009f
                    0091    614 _RFIRQF1	=	0x0091
                    00D9    615 _RFD	=	0x00d9
                    00E1    616 _RFST	=	0x00e1
                    00E9    617 _RFIRQF0	=	0x00e9
                    00BF    618 _RFERRF	=	0x00bf
                    0095    619 _ST0	=	0x0095
                    0096    620 _ST1	=	0x0096
                    0097    621 _ST2	=	0x0097
                    00AD    622 _STLOAD	=	0x00ad
                    00BE    623 _SLEEPCMD	=	0x00be
                    009D    624 _SLEEPSTA	=	0x009d
                    00C6    625 _CLKCONCMD	=	0x00c6
                    009E    626 _CLKCONSTA	=	0x009e
                    00DA    627 _T1CC0L	=	0x00da
                    00DB    628 _T1CC0H	=	0x00db
                    00DC    629 _T1CC1L	=	0x00dc
                    00DD    630 _T1CC1H	=	0x00dd
                    00DE    631 _T1CC2L	=	0x00de
                    00DF    632 _T1CC2H	=	0x00df
                    00E2    633 _T1CNTL	=	0x00e2
                    00E3    634 _T1CNTH	=	0x00e3
                    00E4    635 _T1CTL	=	0x00e4
                    00E5    636 _T1CCTL0	=	0x00e5
                    00E6    637 _T1CCTL1	=	0x00e6
                    00E7    638 _T1CCTL2	=	0x00e7
                    00AF    639 _T1STAT	=	0x00af
                    0094    640 _T2CTRL	=	0x0094
                    009C    641 _T2EVTCFG	=	0x009c
                    00A1    642 _T2IRQF	=	0x00a1
                    00A2    643 _T2M0	=	0x00a2
                    00A3    644 _T2M1	=	0x00a3
                    00A4    645 _T2MOVF0	=	0x00a4
                    00A5    646 _T2MOVF1	=	0x00a5
                    00A6    647 _T2MOVF2	=	0x00a6
                    00A7    648 _T2IRQM	=	0x00a7
                    00C3    649 _T2MSEL	=	0x00c3
                    00CA    650 _T3CNT	=	0x00ca
                    00CB    651 _T3CTL	=	0x00cb
                    00CC    652 _T3CCTL0	=	0x00cc
                    00CD    653 _T3CC0	=	0x00cd
                    00CE    654 _T3CCTL1	=	0x00ce
                    00CF    655 _T3CC1	=	0x00cf
                    00EA    656 _T4CNT	=	0x00ea
                    00EB    657 _T4CTL	=	0x00eb
                    00EC    658 _T4CCTL0	=	0x00ec
                    00ED    659 _T4CC0	=	0x00ed
                    00EE    660 _T4CCTL1	=	0x00ee
                    00EF    661 _T4CC1	=	0x00ef
                    00D8    662 _TIMIF	=	0x00d8
                    0086    663 _U0CSR	=	0x0086
                    00C1    664 _U0DBUF	=	0x00c1
                    00C2    665 _U0BAUD	=	0x00c2
                    00C4    666 _U0UCR	=	0x00c4
                    00C5    667 _U0GCR	=	0x00c5
                    00F8    668 _U1CSR	=	0x00f8
                    00F9    669 _U1DBUF	=	0x00f9
                    00FA    670 _U1BAUD	=	0x00fa
                    00FB    671 _U1UCR	=	0x00fb
                    00FC    672 _U1GCR	=	0x00fc
                    00C9    673 _WDCTL	=	0x00c9
                            674 ;--------------------------------------------------------
                            675 ; special function bits
                            676 ;--------------------------------------------------------
                            677 	.area RSEG    (ABS,DATA)
   0000                     678 	.org 0x0000
                    0087    679 _P0_7	=	0x0087
                    0086    680 _P0_6	=	0x0086
                    0085    681 _P0_5	=	0x0085
                    0084    682 _P0_4	=	0x0084
                    0083    683 _P0_3	=	0x0083
                    0082    684 _P0_2	=	0x0082
                    0081    685 _P0_1	=	0x0081
                    0080    686 _P0_0	=	0x0080
                    008F    687 _URX1IF	=	0x008f
                    008D    688 _ADCIF	=	0x008d
                    008B    689 _URX0IF	=	0x008b
                    008A    690 _IT1	=	0x008a
                    0089    691 _RFERRIF	=	0x0089
                    0088    692 _IT0	=	0x0088
                    0097    693 _P1_7	=	0x0097
                    0096    694 _P1_6	=	0x0096
                    0095    695 _P1_5	=	0x0095
                    0094    696 _P1_4	=	0x0094
                    0093    697 _P1_3	=	0x0093
                    0092    698 _P1_2	=	0x0092
                    0091    699 _P1_1	=	0x0091
                    0090    700 _P1_0	=	0x0090
                    0099    701 _ENCIF_1	=	0x0099
                    0098    702 _ENCIF_0	=	0x0098
                    00A7    703 _P2_7	=	0x00a7
                    00A6    704 _P2_6	=	0x00a6
                    00A5    705 _P2_5	=	0x00a5
                    00A4    706 _P2_4	=	0x00a4
                    00A3    707 _P2_3	=	0x00a3
                    00A2    708 _P2_2	=	0x00a2
                    00A1    709 _P2_1	=	0x00a1
                    00A0    710 _P2_0	=	0x00a0
                    00AF    711 _EA	=	0x00af
                    00AD    712 _STIE	=	0x00ad
                    00AC    713 _ENCIE	=	0x00ac
                    00AB    714 _URX1IE	=	0x00ab
                    00AA    715 _URX0IE	=	0x00aa
                    00A9    716 _ADCIE	=	0x00a9
                    00A8    717 _RFERRIE	=	0x00a8
                    00BD    718 _P0IE	=	0x00bd
                    00BC    719 _T4IE	=	0x00bc
                    00BB    720 _T3IE	=	0x00bb
                    00BA    721 _T2IE	=	0x00ba
                    00B9    722 _T1IE	=	0x00b9
                    00B8    723 _DMAIE	=	0x00b8
                    00C7    724 _STIF	=	0x00c7
                    00C5    725 _P0IF	=	0x00c5
                    00C4    726 _T4IF	=	0x00c4
                    00C3    727 _T3IF	=	0x00c3
                    00C2    728 _T2IF	=	0x00c2
                    00C1    729 _T1IF	=	0x00c1
                    00C0    730 _DMAIF	=	0x00c0
                    00D7    731 _CY	=	0x00d7
                    00D6    732 _AC	=	0x00d6
                    00D5    733 _F0	=	0x00d5
                    00D4    734 _RS1	=	0x00d4
                    00D3    735 _RS0	=	0x00d3
                    00D2    736 _OV	=	0x00d2
                    00D1    737 _F1	=	0x00d1
                    00D0    738 _P	=	0x00d0
                    00E7    739 _ACC_7	=	0x00e7
                    00E6    740 _ACC_6	=	0x00e6
                    00E5    741 _ACC_5	=	0x00e5
                    00E4    742 _ACC_4	=	0x00e4
                    00E3    743 _ACC_3	=	0x00e3
                    00E2    744 _ACC_2	=	0x00e2
                    00E1    745 _ACC_1	=	0x00e1
                    00E0    746 _ACC_0	=	0x00e0
                    00EC    747 _WDTIF	=	0x00ec
                    00EB    748 _P1IF	=	0x00eb
                    00EA    749 _UTX1IF	=	0x00ea
                    00E9    750 _UTX0IF	=	0x00e9
                    00E8    751 _P2IF	=	0x00e8
                    00F7    752 _B_7	=	0x00f7
                    00F6    753 _B_6	=	0x00f6
                    00F5    754 _B_5	=	0x00f5
                    00F4    755 _B_4	=	0x00f4
                    00F3    756 _B_3	=	0x00f3
                    00F2    757 _B_2	=	0x00f2
                    00F1    758 _B_1	=	0x00f1
                    00F0    759 _B_0	=	0x00f0
                    00DE    760 _OVFIM	=	0x00de
                    00DD    761 _T4CH1IF	=	0x00dd
                    00DC    762 _T4CH0IF	=	0x00dc
                    00DB    763 _T4OVFIF	=	0x00db
                    00DA    764 _T3CH1IF	=	0x00da
                    00D9    765 _T3CH0IF	=	0x00d9
                    00D8    766 _T3OVFIF	=	0x00d8
                    00FF    767 _MODE	=	0x00ff
                    00FE    768 _RE	=	0x00fe
                    00FD    769 _SLAVE	=	0x00fd
                    00FC    770 _FE	=	0x00fc
                    00FB    771 _ERR	=	0x00fb
                    00FA    772 _RX_BYTE	=	0x00fa
                    00F9    773 _TX_BYTE	=	0x00f9
                    00F8    774 _ACTIVE	=	0x00f8
                            775 ;--------------------------------------------------------
                            776 ; overlayable register banks
                            777 ;--------------------------------------------------------
                            778 	.area REG_BANK_0	(REL,OVR,DATA)
   0000                     779 	.ds 8
                            780 ;--------------------------------------------------------
                            781 ; overlayable bit register bank
                            782 ;--------------------------------------------------------
                            783 	.area BIT_BANK	(REL,OVR,DATA)
   0000                     784 bits:
   0000                     785 	.ds 1
                    8000    786 	b0 = bits[0]
                    8100    787 	b1 = bits[1]
                    8200    788 	b2 = bits[2]
                    8300    789 	b3 = bits[3]
                    8400    790 	b4 = bits[4]
                    8500    791 	b5 = bits[5]
                    8600    792 	b6 = bits[6]
                    8700    793 	b7 = bits[7]
                            794 ;--------------------------------------------------------
                            795 ; internal ram data
                            796 ;--------------------------------------------------------
                            797 	.area DSEG    (DATA)
   0000                     798 _debouncetimer:
   0000                     799 	.ds 4
                            800 ;--------------------------------------------------------
                            801 ; overlayable items in internal ram 
                            802 ;--------------------------------------------------------
                            803 	.area OSEG    (OVR,DATA)
                            804 ;--------------------------------------------------------
                            805 ; indirectly addressable internal ram data
                            806 ;--------------------------------------------------------
                            807 	.area ISEG    (DATA)
                            808 ;--------------------------------------------------------
                            809 ; absolute internal ram data
                            810 ;--------------------------------------------------------
                            811 	.area IABS    (ABS,DATA)
                            812 	.area IABS    (ABS,DATA)
                            813 ;--------------------------------------------------------
                            814 ; bit data
                            815 ;--------------------------------------------------------
                            816 	.area BSEG    (BIT)
                            817 ;--------------------------------------------------------
                            818 ; paged external ram data
                            819 ;--------------------------------------------------------
                            820 	.area PSEG    (PAG,XDATA)
                            821 ;--------------------------------------------------------
                            822 ; external ram data
                            823 ;--------------------------------------------------------
                            824 	.area XSEG    (XDATA)
                    61A6    825 _MONMUX	=	0x61a6
                    61A6    826 _OPAMPMC	=	0x61a6
                    6230    827 _I2CCFG	=	0x6230
                    6231    828 _I2CSTAT	=	0x6231
                    6232    829 _I2CDATA	=	0x6232
                    6233    830 _I2CADDR	=	0x6233
                    6234    831 _I2CWC	=	0x6234
                    6235    832 _I2CIO	=	0x6235
                    6243    833 _OBSSEL0	=	0x6243
                    6244    834 _OBSSEL1	=	0x6244
                    6245    835 _OBSSEL2	=	0x6245
                    6246    836 _OBSSEL3	=	0x6246
                    6247    837 _OBSSEL4	=	0x6247
                    6248    838 _OBSSEL5	=	0x6248
                    6249    839 _CHVER	=	0x6249
                    624A    840 _CHIPID	=	0x624a
                    624B    841 _TESTREG0	=	0x624b
                    6260    842 _DBGDATA	=	0x6260
                    6262    843 _SRCRC	=	0x6262
                    6264    844 _BATTMON	=	0x6264
                    6265    845 _IVCTRL	=	0x6265
                    6270    846 _FCTL	=	0x6270
                    6271    847 _FADDRL	=	0x6271
                    6272    848 _FADDRH	=	0x6272
                    6273    849 _FWDATA	=	0x6273
                    6276    850 _CHIPINFO0	=	0x6276
                    6277    851 _CHIPINFO1	=	0x6277
                    6281    852 _IRCTL	=	0x6281
                    6290    853 _CLD	=	0x6290
                    62A0    854 _XX_T1CCTL0	=	0x62a0
                    62A1    855 _XX_T1CCTL1	=	0x62a1
                    62A2    856 _XX_T1CCTL2	=	0x62a2
                    62A3    857 _T1CCTL3	=	0x62a3
                    62A4    858 _T1CCTL4	=	0x62a4
                    62A6    859 _XX_T1CC0L	=	0x62a6
                    62A7    860 _XX_T1CC0H	=	0x62a7
                    62A8    861 _XX_T1CC1L	=	0x62a8
                    62A9    862 _XX_T1CC1H	=	0x62a9
                    62AA    863 _XX_T1CC2L	=	0x62aa
                    62AB    864 _XX_T1CC2H	=	0x62ab
                    62AC    865 _T1CC3L	=	0x62ac
                    62AD    866 _T1CC3H	=	0x62ad
                    62AE    867 _T1CC4L	=	0x62ae
                    62AF    868 _T1CC4H	=	0x62af
                    62B0    869 _STCC	=	0x62b0
                    62B1    870 _STCS	=	0x62b1
                    62B2    871 _STCV0	=	0x62b2
                    62B3    872 _STCV1	=	0x62b3
                    62B4    873 _STCV2	=	0x62b4
                    62C0    874 _OPAMPC	=	0x62c0
                    62C1    875 _OPAMPS	=	0x62c1
                    62D0    876 _CMPCTL	=	0x62d0
                    6000    877 _RFCORE_RAM	=	0x6000
                    6000    878 _RXFIFO	=	0x6000
                    6080    879 _TXFIFO	=	0x6080
                    6100    880 _SRC_ADDR_TABLE	=	0x6100
                    6160    881 _SRCRESMASK0	=	0x6160
                    6161    882 _SRCRESMASK1	=	0x6161
                    6162    883 _SRCRESMASK2	=	0x6162
                    6163    884 _SRCRESINDEX	=	0x6163
                    6164    885 _SRCEXTPENDEN0	=	0x6164
                    6165    886 _SRCEXTPENDEN1	=	0x6165
                    6166    887 _SRCEXTPENDEN2	=	0x6166
                    6167    888 _SRCSHORTPENDEN0	=	0x6167
                    6168    889 _SRCSHORTPENDEN1	=	0x6168
                    6169    890 _SRCSHORTPENDEN2	=	0x6169
                    616A    891 _EXT_ADDR0	=	0x616a
                    616B    892 _EXT_ADDR1	=	0x616b
                    616C    893 _EXT_ADDR2	=	0x616c
                    616D    894 _EXT_ADDR3	=	0x616d
                    616E    895 _EXT_ADDR4	=	0x616e
                    616F    896 _EXT_ADDR5	=	0x616f
                    6170    897 _EXT_ADDR6	=	0x6170
                    6171    898 _EXT_ADDR7	=	0x6171
                    6172    899 _PAN_ID0	=	0x6172
                    6173    900 _PAN_ID1	=	0x6173
                    6174    901 _SHORT_ADDR0	=	0x6174
                    6175    902 _SHORT_ADDR1	=	0x6175
                    6180    903 _FRMFILT0	=	0x6180
                    6181    904 _FRMFILT1	=	0x6181
                    6182    905 _SRCMATCH	=	0x6182
                    6183    906 _SRCSHORTEN0	=	0x6183
                    6184    907 _SRCSHORTEN1	=	0x6184
                    6185    908 _SRCSHORTEN2	=	0x6185
                    6186    909 _SRCEXTEN0	=	0x6186
                    6187    910 _SRCEXTEN1	=	0x6187
                    6188    911 _SRCEXTEN2	=	0x6188
                    6189    912 _FRMCTRL0	=	0x6189
                    618A    913 _FRMCTRL1	=	0x618a
                    618B    914 _RXENABLE	=	0x618b
                    618C    915 _RXMASKSET	=	0x618c
                    618D    916 _RXMASKCLR	=	0x618d
                    618E    917 _FREQTUNE	=	0x618e
                    618F    918 _FREQCTRL	=	0x618f
                    6190    919 _TXPOWER	=	0x6190
                    6191    920 _TXCTRL	=	0x6191
                    6192    921 _FSMSTAT0	=	0x6192
                    6193    922 _FSMSTAT1	=	0x6193
                    6194    923 _FIFOPCTRL	=	0x6194
                    6195    924 _FSMCTRL	=	0x6195
                    6196    925 _CCACTRL0	=	0x6196
                    6197    926 _CCACTRL1	=	0x6197
                    6198    927 _RSSI	=	0x6198
                    6199    928 _RSSISTAT	=	0x6199
                    619A    929 _RXFIRST	=	0x619a
                    619B    930 _RXFIFOCNT	=	0x619b
                    619C    931 _TXFIFOCNT	=	0x619c
                    619D    932 _RXFIRST_PTR	=	0x619d
                    619E    933 _RXLAST_PTR	=	0x619e
                    619F    934 _RXP1_PTR	=	0x619f
                    61A1    935 _TXFIRST_PTR	=	0x61a1
                    61A2    936 _TXLAST_PTR	=	0x61a2
                    61A3    937 _RFIRQM0	=	0x61a3
                    61A4    938 _RFIRQM1	=	0x61a4
                    61A5    939 _RFERRM	=	0x61a5
                    61A7    940 _RFRND	=	0x61a7
                    61A8    941 _MDMCTRL0	=	0x61a8
                    61A9    942 _MDMCTRL1	=	0x61a9
                    61AA    943 _FREQEST	=	0x61aa
                    61AB    944 _RXCTRL	=	0x61ab
                    61AC    945 _FSCTRL	=	0x61ac
                    61AD    946 _FSCAL0	=	0x61ad
                    61AE    947 _FSCAL1	=	0x61ae
                    61AF    948 _FSCAL2	=	0x61af
                    61B0    949 _FSCAL3	=	0x61b0
                    61B1    950 _AGCCTRL0	=	0x61b1
                    61B2    951 _AGCCTRL1	=	0x61b2
                    61B3    952 _AGCCTRL2	=	0x61b3
                    61B4    953 _AGCCTRL3	=	0x61b4
                    61B5    954 _ADCTEST0	=	0x61b5
                    61B6    955 _ADCTEST1	=	0x61b6
                    61B7    956 _ADCTEST2	=	0x61b7
                    61B8    957 _MDMTEST0	=	0x61b8
                    61B9    958 _MDMTEST1	=	0x61b9
                    61BA    959 _DACTEST0	=	0x61ba
                    61BB    960 _DACTEST1	=	0x61bb
                    61BC    961 _DACTEST2	=	0x61bc
                    61BD    962 _ATEST	=	0x61bd
                    61BE    963 _PTEST0	=	0x61be
                    61BF    964 _PTEST1	=	0x61bf
                    61FA    965 _TXFILTCFG	=	0x61fa
                    61EB    966 _RFC_OBS_CTRL0	=	0x61eb
                    61EC    967 _RFC_OBS_CTRL1	=	0x61ec
                    61ED    968 _RFC_OBS_CTRL2	=	0x61ed
                    61C0    969 _CSPPROG0	=	0x61c0
                    61C1    970 _CSPPROG1	=	0x61c1
                    61C2    971 _CSPPROG2	=	0x61c2
                    61C3    972 _CSPPROG3	=	0x61c3
                    61C4    973 _CSPPROG4	=	0x61c4
                    61C5    974 _CSPPROG5	=	0x61c5
                    61C6    975 _CSPPROG6	=	0x61c6
                    61C7    976 _CSPPROG7	=	0x61c7
                    61C8    977 _CSPPROG8	=	0x61c8
                    61C9    978 _CSPPROG9	=	0x61c9
                    61CA    979 _CSPPROG10	=	0x61ca
                    61CB    980 _CSPPROG11	=	0x61cb
                    61CC    981 _CSPPROG12	=	0x61cc
                    61CD    982 _CSPPROG13	=	0x61cd
                    61CE    983 _CSPPROG14	=	0x61ce
                    61CF    984 _CSPPROG15	=	0x61cf
                    61D0    985 _CSPPROG16	=	0x61d0
                    61D1    986 _CSPPROG17	=	0x61d1
                    61D2    987 _CSPPROG18	=	0x61d2
                    61D3    988 _CSPPROG19	=	0x61d3
                    61D4    989 _CSPPROG20	=	0x61d4
                    61D5    990 _CSPPROG21	=	0x61d5
                    61D6    991 _CSPPROG22	=	0x61d6
                    61D7    992 _CSPPROG23	=	0x61d7
                    61E0    993 _CSPCTRL	=	0x61e0
                    61E1    994 _CSPSTAT	=	0x61e1
                    61E2    995 _CSPX	=	0x61e2
                    61E3    996 _CSPY	=	0x61e3
                    61E4    997 _CSPZ	=	0x61e4
                    61E5    998 _CSPT	=	0x61e5
                    6200    999 _USBADDR	=	0x6200
                    6201   1000 _USBPOW	=	0x6201
                    6202   1001 _USBIIF	=	0x6202
                    6204   1002 _USBOIF	=	0x6204
                    6206   1003 _USBCIF	=	0x6206
                    6207   1004 _USBIIE	=	0x6207
                    6209   1005 _USBOIE	=	0x6209
                    620B   1006 _USBCIE	=	0x620b
                    620C   1007 _USBFRML	=	0x620c
                    620D   1008 _USBFRMH	=	0x620d
                    620E   1009 _USBINDEX	=	0x620e
                    620F   1010 _USBCTRL	=	0x620f
                    6210   1011 _USBMAXI	=	0x6210
                    6211   1012 _USBCS0	=	0x6211
                    6211   1013 _USBCSIL	=	0x6211
                    6212   1014 _USBCSIH	=	0x6212
                    6213   1015 _USBMAXO	=	0x6213
                    6214   1016 _USBCSOL	=	0x6214
                    6215   1017 _USBCSOH	=	0x6215
                    6216   1018 _USBCNT0	=	0x6216
                    6216   1019 _USBCNTL	=	0x6216
                    6217   1020 _USBCNTH	=	0x6217
                    6220   1021 _USBF0	=	0x6220
                    6222   1022 _USBF1	=	0x6222
                    6224   1023 _USBF2	=	0x6224
                    6226   1024 _USBF3	=	0x6226
                    6228   1025 _USBF4	=	0x6228
                    622A   1026 _USBF5	=	0x622a
                    7080   1027 _X_P0	=	0x7080
                    7086   1028 _X_U0CSR	=	0x7086
                    7089   1029 _X_P0IFG	=	0x7089
                    708A   1030 _X_P1IFG	=	0x708a
                    708B   1031 _X_P2IFG	=	0x708b
                    708C   1032 _X_PICTL	=	0x708c
                    708D   1033 _X_P1IEN	=	0x708d
                    708F   1034 _X_P0INP	=	0x708f
                    7090   1035 _X_P1	=	0x7090
                    7091   1036 _X_RFIRQF1	=	0x7091
                    7093   1037 _X_MPAGE	=	0x7093
                    7093   1038 _X__XPAGE	=	0x7093
                    7094   1039 _X_T2CTRL	=	0x7094
                    7095   1040 _X_ST0	=	0x7095
                    7096   1041 _X_ST1	=	0x7096
                    7097   1042 _X_ST2	=	0x7097
                    709C   1043 _X_T2EVTCFG	=	0x709c
                    709D   1044 _X_SLEEPSTA	=	0x709d
                    709E   1045 _X_CLKCONSTA	=	0x709e
                    709F   1046 _X_FMAP	=	0x709f
                    709F   1047 _X_PSBANK	=	0x709f
                    70A0   1048 _X_P2	=	0x70a0
                    70A1   1049 _X_T2IRQF	=	0x70a1
                    70A2   1050 _X_T2M0	=	0x70a2
                    70A3   1051 _X_T2M1	=	0x70a3
                    70A4   1052 _X_T2MOVF0	=	0x70a4
                    70A5   1053 _X_T2MOVF1	=	0x70a5
                    70A6   1054 _X_T2MOVF2	=	0x70a6
                    70A7   1055 _X_T2IRQM	=	0x70a7
                    70AB   1056 _X_P0IEN	=	0x70ab
                    70AC   1057 _X_P2IEN	=	0x70ac
                    70AD   1058 _X_STLOAD	=	0x70ad
                    70AE   1059 _X_PMUX	=	0x70ae
                    70AF   1060 _X_T1STAT	=	0x70af
                    70B1   1061 _X_ENCDI	=	0x70b1
                    70B2   1062 _X_ENCDO	=	0x70b2
                    70B3   1063 _X_ENCCS	=	0x70b3
                    70B4   1064 _X_ADCCON1	=	0x70b4
                    70B5   1065 _X_ADCCON2	=	0x70b5
                    70B6   1066 _X_ADCCON3	=	0x70b6
                    70BA   1067 _X_ADCL	=	0x70ba
                    70BB   1068 _X_ADCH	=	0x70bb
                    70BC   1069 _X_RNDL	=	0x70bc
                    70BD   1070 _X_RNDH	=	0x70bd
                    70BE   1071 _X_SLEEPCMD	=	0x70be
                    70BF   1072 _X_RFERRF	=	0x70bf
                    70C1   1073 _X_U0DBUF	=	0x70c1
                    70C2   1074 _X_U0BAUD	=	0x70c2
                    70C3   1075 _X_T2MSEL	=	0x70c3
                    70C4   1076 _X_U0UCR	=	0x70c4
                    70C5   1077 _X_U0GCR	=	0x70c5
                    70C6   1078 _X_CLKCONCMD	=	0x70c6
                    70C7   1079 _X_MEMCTR	=	0x70c7
                    70C9   1080 _X_WDCTL	=	0x70c9
                    70CA   1081 _X_T3CNT	=	0x70ca
                    70CB   1082 _X_T3CTL	=	0x70cb
                    70CC   1083 _X_T3CCTL0	=	0x70cc
                    70CD   1084 _X_T3CC0	=	0x70cd
                    70CE   1085 _X_T3CCTL1	=	0x70ce
                    70CF   1086 _X_T3CC1	=	0x70cf
                    70D1   1087 _X_DMAIRQ	=	0x70d1
                    70D2   1088 _X_DMA1CFGL	=	0x70d2
                    70D3   1089 _X_DMA1CFGH	=	0x70d3
                    70D4   1090 _X_DMA0CFGL	=	0x70d4
                    70D5   1091 _X_DMA0CFGH	=	0x70d5
                    70D6   1092 _X_DMAARM	=	0x70d6
                    70D7   1093 _X_DMAREQ	=	0x70d7
                    70D8   1094 _X_TIMIF	=	0x70d8
                    70D9   1095 _X_RFD	=	0x70d9
                    70DA   1096 _X_T1CC0L	=	0x70da
                    70DB   1097 _X_T1CC0H	=	0x70db
                    70DC   1098 _X_T1CC1L	=	0x70dc
                    70DD   1099 _X_T1CC1H	=	0x70dd
                    70DE   1100 _X_T1CC2L	=	0x70de
                    70DF   1101 _X_T1CC2H	=	0x70df
                    70E1   1102 _X_RFST	=	0x70e1
                    70E2   1103 _X_T1CNTL	=	0x70e2
                    70E3   1104 _X_T1CNTH	=	0x70e3
                    70E4   1105 _X_T1CTL	=	0x70e4
                    70E5   1106 _X_T1CCTL0	=	0x70e5
                    70E6   1107 _X_T1CCTL1	=	0x70e6
                    70E7   1108 _X_T1CCTL2	=	0x70e7
                    70E9   1109 _X_RFIRQF0	=	0x70e9
                    70EA   1110 _X_T4CNT	=	0x70ea
                    70EB   1111 _X_T4CTL	=	0x70eb
                    70EC   1112 _X_T4CCTL0	=	0x70ec
                    70ED   1113 _X_T4CC0	=	0x70ed
                    70EE   1114 _X_T4CCTL1	=	0x70ee
                    70EF   1115 _X_T4CC1	=	0x70ef
                    70F1   1116 _X_PERCFG	=	0x70f1
                    70F2   1117 _X_APCFG	=	0x70f2
                    70F3   1118 _X_P0SEL	=	0x70f3
                    70F4   1119 _X_P1SEL	=	0x70f4
                    70F5   1120 _X_P2SEL	=	0x70f5
                    70F6   1121 _X_P1INP	=	0x70f6
                    70F7   1122 _X_P2INP	=	0x70f7
                    70F8   1123 _X_U1CSR	=	0x70f8
                    70F9   1124 _X_U1DBUF	=	0x70f9
                    70FA   1125 _X_U1BAUD	=	0x70fa
                    70FB   1126 _X_U1UCR	=	0x70fb
                    70FC   1127 _X_U1GCR	=	0x70fc
                    70FD   1128 _X_P0DIR	=	0x70fd
                    70FE   1129 _X_P1DIR	=	0x70fe
                    70FF   1130 _X_P2DIR	=	0x70ff
                    7800   1131 _X_INFOPAGE	=	0x7800
                    780C   1132 _X_IEEE_ADDR	=	0x780c
                           1133 ;--------------------------------------------------------
                           1134 ; absolute external ram data
                           1135 ;--------------------------------------------------------
                           1136 	.area XABS    (ABS,XDATA)
                           1137 ;--------------------------------------------------------
                           1138 ; external initialized ram data
                           1139 ;--------------------------------------------------------
                           1140 	.area XISEG   (XDATA)
                           1141 	.area HOME    (CODE)
                           1142 	.area GSINIT0 (CODE)
                           1143 	.area GSINIT1 (CODE)
                           1144 	.area GSINIT2 (CODE)
                           1145 	.area GSINIT3 (CODE)
                           1146 	.area GSINIT4 (CODE)
                           1147 	.area GSINIT5 (CODE)
                           1148 	.area GSINIT  (CODE)
                           1149 	.area GSFINAL (CODE)
                           1150 	.area CSEG    (CODE)
                           1151 ;--------------------------------------------------------
                           1152 ; global & static initialisations
                           1153 ;--------------------------------------------------------
                           1154 	.area HOME    (CODE)
                           1155 	.area GSINIT  (CODE)
                           1156 	.area GSFINAL (CODE)
                           1157 	.area GSINIT  (CODE)
                           1158 ;--------------------------------------------------------
                           1159 ; Home
                           1160 ;--------------------------------------------------------
                           1161 	.area HOME    (CODE)
                           1162 	.area HOME    (CODE)
                           1163 ;--------------------------------------------------------
                           1164 ; code
                           1165 ;--------------------------------------------------------
                           1166 	.area HOME    (CODE)
                           1167 ;------------------------------------------------------------
                           1168 ;Allocation info for local variables in function 'value_b1'
                           1169 ;------------------------------------------------------------
                           1170 ;type                      Allocated to registers 
                           1171 ;------------------------------------------------------------
                           1172 ;	../../../contiki-sensinode//platform/cc2530dk/dev/button-sensor.c:44: value_b1(int type)
                           1173 ;	-----------------------------------------
                           1174 ;	 function value_b1
                           1175 ;	-----------------------------------------
   0000                    1176 _value_b1:
                    0007   1177 	ar7 = 0x07
                    0006   1178 	ar6 = 0x06
                    0005   1179 	ar5 = 0x05
                    0004   1180 	ar4 = 0x04
                    0003   1181 	ar3 = 0x03
                    0002   1182 	ar2 = 0x02
                    0001   1183 	ar1 = 0x01
                    0000   1184 	ar0 = 0x00
                           1185 ;	../../../contiki-sensinode//platform/cc2530dk/dev/button-sensor.c:47: return BUTTON_READ(1) || !timer_expired(&debouncetimer);
   0000 20 81 20           1186 	jb	_P0_1,00104$
   0003 90s00r00           1187 	mov	dptr,#_debouncetimer
   0006 75 F0 40           1188 	mov	b,#0x40
   0009 78r00              1189 	mov	r0,#_timer_expired
   000B 79s00              1190 	mov	r1,#(_timer_expired >> 8)
   000D 7As00              1191 	mov	r2,#(_timer_expired >> 16)
   000F 12s00r00           1192 	lcall	__sdcc_banked_call
   0012 AE 82              1193 	mov	r6,dpl
   0014 AF 83              1194 	mov	r7,dph
   0016 EE                 1195 	mov	a,r6
   0017 4F                 1196 	orl	a,r7
   0018 B4 01 00           1197 	cjne	a,#0x01,00111$
   001B                    1198 00111$:
   001B E4                 1199 	clr	a
   001C 33                 1200 	rlc	a
   001D FE                 1201 	mov	r6,a
   001E 70 03              1202 	jnz	00104$
   0020 FF                 1203 	mov	r7,a
   0021 80 02              1204 	sjmp	00105$
   0023                    1205 00104$:
   0023 7F 01              1206 	mov	r7,#0x01
   0025                    1207 00105$:
   0025 EF                 1208 	mov	a,r7
   0026 33                 1209 	rlc	a
   0027 95 E0              1210 	subb	a,acc
   0029 FE                 1211 	mov	r6,a
   002A 8F 82              1212 	mov	dpl,r7
   002C 8E 83              1213 	mov	dph,r6
   002E 02s00r00           1214 	ljmp	__sdcc_banked_ret
                           1215 ;------------------------------------------------------------
                           1216 ;Allocation info for local variables in function 'status_b1'
                           1217 ;------------------------------------------------------------
                           1218 ;type                      Allocated to registers r6 r7 
                           1219 ;------------------------------------------------------------
                           1220 ;	../../../contiki-sensinode//platform/cc2530dk/dev/button-sensor.c:51: status_b1(int type)
                           1221 ;	-----------------------------------------
                           1222 ;	 function status_b1
                           1223 ;	-----------------------------------------
   0031                    1224 _status_b1:
   0031 AE 82              1225 	mov	r6,dpl
   0033 AF 83              1226 	mov	r7,dph
                           1227 ;	../../../contiki-sensinode//platform/cc2530dk/dev/button-sensor.c:53: switch(type) {
   0035 BE 81 05           1228 	cjne	r6,#0x81,00108$
   0038 BF 00 02           1229 	cjne	r7,#0x00,00108$
   003B 80 06              1230 	sjmp	00102$
   003D                    1231 00108$:
   003D BE 82 10           1232 	cjne	r6,#0x82,00103$
   0040 BF 00 0D           1233 	cjne	r7,#0x00,00103$
                           1234 ;	../../../contiki-sensinode//platform/cc2530dk/dev/button-sensor.c:55: case SENSORS_READY:
   0043                    1235 00102$:
                           1236 ;	../../../contiki-sensinode//platform/cc2530dk/dev/button-sensor.c:56: return BUTTON_IRQ_ENABLED(1);
   0043 74 02              1237 	mov	a,#0x02
   0045 55 AB              1238 	anl	a,_P0IEN
   0047 FF                 1239 	mov	r7,a
   0048 7E 00              1240 	mov	r6,#0x00
   004A 8F 82              1241 	mov	dpl,r7
   004C 8E 83              1242 	mov	dph,r6
                           1243 ;	../../../contiki-sensinode//platform/cc2530dk/dev/button-sensor.c:57: }
   004E 80 03              1244 	sjmp	00104$
   0050                    1245 00103$:
                           1246 ;	../../../contiki-sensinode//platform/cc2530dk/dev/button-sensor.c:58: return 0;
   0050 90 00 00           1247 	mov	dptr,#0x0000
   0053                    1248 00104$:
   0053 02s00r00           1249 	ljmp	__sdcc_banked_ret
                           1250 ;------------------------------------------------------------
                           1251 ;Allocation info for local variables in function 'configure_b1'
                           1252 ;------------------------------------------------------------
                           1253 ;value                     Allocated to stack - sp -4
                           1254 ;type                      Allocated to registers r6 r7 
                           1255 ;------------------------------------------------------------
                           1256 ;	../../../contiki-sensinode//platform/cc2530dk/dev/button-sensor.c:62: configure_b1(int type, int value)
                           1257 ;	-----------------------------------------
                           1258 ;	 function configure_b1
                           1259 ;	-----------------------------------------
   0056                    1260 _configure_b1:
   0056 AE 82              1261 	mov	r6,dpl
   0058 AF 83              1262 	mov	r7,dph
                           1263 ;	../../../contiki-sensinode//platform/cc2530dk/dev/button-sensor.c:64: switch(type) {
   005A BE 80 05           1264 	cjne	r6,#0x80,00143$
   005D BF 00 02           1265 	cjne	r7,#0x00,00143$
   0060 80 08              1266 	sjmp	00101$
   0062                    1267 00143$:
                           1268 ;	../../../contiki-sensinode//platform/cc2530dk/dev/button-sensor.c:65: case SENSORS_HW_INIT:
   0062 BE 81 67           1269 	cjne	r6,#0x81,00132$
   0065 BF 00 64           1270 	cjne	r7,#0x00,00132$
   0068 80 1D              1271 	sjmp	00111$
   006A                    1272 00101$:
                           1273 ;	../../../contiki-sensinode//platform/cc2530dk/dev/button-sensor.c:67: P0INP |= 2; /* Tri-state */
   006A 43 8F 02           1274 	orl	_P0INP,#0x02
                           1275 ;	../../../contiki-sensinode//platform/cc2530dk/dev/button-sensor.c:69: BUTTON_IRQ_ON_PRESS(1);
   006D AF 8C              1276 	mov	r7,_PICTL
   006F 53 07 FE           1277 	anl	ar7,#0xFE
   0072 8F 8C              1278 	mov	_PICTL,r7
                           1279 ;	../../../contiki-sensinode//platform/cc2530dk/dev/button-sensor.c:70: BUTTON_FUNC_GPIO(1);
   0074 AF F3              1280 	mov	r7,_P0SEL
   0076 53 07 FD           1281 	anl	ar7,#0xFD
   0079 8F F3              1282 	mov	_P0SEL,r7
                           1283 ;	../../../contiki-sensinode//platform/cc2530dk/dev/button-sensor.c:71: BUTTON_DIR_INPUT(1);
   007B AF FD              1284 	mov	r7,_P0DIR
   007D 53 07 FD           1285 	anl	ar7,#0xFD
   0080 8F FD              1286 	mov	_P0DIR,r7
                           1287 ;	../../../contiki-sensinode//platform/cc2530dk/dev/button-sensor.c:72: return 1;
   0082 90 00 01           1288 	mov	dptr,#0x0001
                           1289 ;	../../../contiki-sensinode//platform/cc2530dk/dev/button-sensor.c:73: case SENSORS_ACTIVE:
   0085 80 48              1290 	sjmp	00133$
   0087                    1291 00111$:
                           1292 ;	../../../contiki-sensinode//platform/cc2530dk/dev/button-sensor.c:74: if(value) {
   0087 E5 81              1293 	mov	a,sp
   0089 24 FC              1294 	add	a,#0xfc
   008B F8                 1295 	mov	r0,a
   008C E6                 1296 	mov	a,@r0
   008D 08                 1297 	inc	r0
   008E 46                 1298 	orl	a,@r0
   008F 60 2D              1299 	jz	00126$
                           1300 ;	../../../contiki-sensinode//platform/cc2530dk/dev/button-sensor.c:75: if(!BUTTON_IRQ_ENABLED(1)) {
   0091 E5 AB              1301 	mov	a,_P0IEN
   0093 20 E1 31           1302 	jb	acc.1,00131$
                           1303 ;	../../../contiki-sensinode//platform/cc2530dk/dev/button-sensor.c:76: timer_set(&debouncetimer, 0);
   0096 E4                 1304 	clr	a
   0097 C0 E0              1305 	push	acc
   0099 C0 E0              1306 	push	acc
   009B 90s00r00           1307 	mov	dptr,#_debouncetimer
   009E 75 F0 40           1308 	mov	b,#0x40
   00A1 78r00              1309 	mov	r0,#_timer_set
   00A3 79s00              1310 	mov	r1,#(_timer_set >> 8)
   00A5 7As00              1311 	mov	r2,#(_timer_set >> 16)
   00A7 12s00r00           1312 	lcall	__sdcc_banked_call
   00AA 15 81              1313 	dec	sp
   00AC 15 81              1314 	dec	sp
                           1315 ;	../../../contiki-sensinode//platform/cc2530dk/dev/button-sensor.c:77: BUTTON_IRQ_FLAG_OFF(1);
   00AE AF 89              1316 	mov	r7,_P0IFG
   00B0 53 07 FD           1317 	anl	ar7,#0xFD
   00B3 8F 89              1318 	mov	_P0IFG,r7
   00B5 C2 C5              1319 	clr	_P0IF
                           1320 ;	../../../contiki-sensinode//platform/cc2530dk/dev/button-sensor.c:78: BUTTON_IRQ_ENABLE(1);
   00B7 43 AB 02           1321 	orl	_P0IEN,#0x02
   00BA D2 BD              1322 	setb	_P0IE
                           1323 ;	../../../contiki-sensinode//platform/cc2530dk/dev/button-sensor.c:81: BUTTON_IRQ_DISABLE(1);
   00BC 80 09              1324 	sjmp	00131$
   00BE                    1325 00126$:
   00BE AF AB              1326 	mov	r7,_P0IEN
   00C0 53 07 FD           1327 	anl	ar7,#0xFD
   00C3 8F AB              1328 	mov	_P0IEN,r7
   00C5 C2 BD              1329 	clr	_P0IE
   00C7                    1330 00131$:
                           1331 ;	../../../contiki-sensinode//platform/cc2530dk/dev/button-sensor.c:83: return 1;
   00C7 90 00 01           1332 	mov	dptr,#0x0001
                           1333 ;	../../../contiki-sensinode//platform/cc2530dk/dev/button-sensor.c:84: }
   00CA 80 03              1334 	sjmp	00133$
   00CC                    1335 00132$:
                           1336 ;	../../../contiki-sensinode//platform/cc2530dk/dev/button-sensor.c:85: return 0;
   00CC 90 00 00           1337 	mov	dptr,#0x0000
   00CF                    1338 00133$:
   00CF 02s00r00           1339 	ljmp	__sdcc_banked_ret
                           1340 ;------------------------------------------------------------
                           1341 ;Allocation info for local variables in function 'port_0_isr'
                           1342 ;------------------------------------------------------------
                           1343 ;	../../../contiki-sensinode//platform/cc2530dk/dev/button-sensor.c:175: port_0_isr(void) __interrupt(P0INT_VECTOR)
                           1344 ;	-----------------------------------------
                           1345 ;	 function port_0_isr
                           1346 ;	-----------------------------------------
   00D2                    1347 _port_0_isr:
   00D2 C0*00              1348 	push	bits
   00D4 C0 E0              1349 	push	acc
   00D6 C0 F0              1350 	push	b
   00D8 C0 82              1351 	push	dpl
   00DA C0 83              1352 	push	dph
   00DC C0 07              1353 	push	(0+7)
   00DE C0 06              1354 	push	(0+6)
   00E0 C0 05              1355 	push	(0+5)
   00E2 C0 04              1356 	push	(0+4)
   00E4 C0 03              1357 	push	(0+3)
   00E6 C0 02              1358 	push	(0+2)
   00E8 C0 01              1359 	push	(0+1)
   00EA C0 00              1360 	push	(0+0)
   00EC C0 D0              1361 	push	psw
   00EE 75 D0 00           1362 	mov	psw,#0x00
                           1363 ;	../../../contiki-sensinode//platform/cc2530dk/dev/button-sensor.c:177: EA = 0;
   00F1 C2 AF              1364 	clr	_EA
                           1365 ;	../../../contiki-sensinode//platform/cc2530dk/dev/button-sensor.c:182: if(BUTTON_IRQ_CHECK(1)) {
   00F3 E5 89              1366 	mov	a,_P0IFG
   00F5 30 E1 41           1367 	jnb	acc.1,00107$
                           1368 ;	../../../contiki-sensinode//platform/cc2530dk/dev/button-sensor.c:183: if(timer_expired(&debouncetimer)) {
   00F8 90s00r00           1369 	mov	dptr,#_debouncetimer
   00FB 75 F0 40           1370 	mov	b,#0x40
   00FE 78r00              1371 	mov	r0,#_timer_expired
   0100 79s00              1372 	mov	r1,#(_timer_expired >> 8)
   0102 7As00              1373 	mov	r2,#(_timer_expired >> 16)
   0104 12s00r00           1374 	lcall	__sdcc_banked_call
   0107 E5 82              1375 	mov	a,dpl
   0109 85 83 F0           1376 	mov	b,dph
   010C 45 F0              1377 	orl	a,b
   010E 60 29              1378 	jz	00107$
                           1379 ;	../../../contiki-sensinode//platform/cc2530dk/dev/button-sensor.c:184: timer_set(&debouncetimer, CLOCK_SECOND / 8);
   0110 74 10              1380 	mov	a,#0x10
   0112 C0 E0              1381 	push	acc
   0114 E4                 1382 	clr	a
   0115 C0 E0              1383 	push	acc
   0117 90s00r00           1384 	mov	dptr,#_debouncetimer
   011A 75 F0 40           1385 	mov	b,#0x40
   011D 78r00              1386 	mov	r0,#_timer_set
   011F 79s00              1387 	mov	r1,#(_timer_set >> 8)
   0121 7As00              1388 	mov	r2,#(_timer_set >> 16)
   0123 12s00r00           1389 	lcall	__sdcc_banked_call
   0126 15 81              1390 	dec	sp
   0128 15 81              1391 	dec	sp
                           1392 ;	../../../contiki-sensinode//platform/cc2530dk/dev/button-sensor.c:185: sensors_changed(&button_sensor);
   012A 90s00r00           1393 	mov	dptr,#_button_1_sensor
   012D 75 F0 80           1394 	mov	b,#0x80
   0130 78r00              1395 	mov	r0,#_sensors_changed
   0132 79s00              1396 	mov	r1,#(_sensors_changed >> 8)
   0134 7As00              1397 	mov	r2,#(_sensors_changed >> 16)
   0136 12s00r00           1398 	lcall	__sdcc_banked_call
                           1399 ;	../../../contiki-sensinode//platform/cc2530dk/dev/button-sensor.c:189: BUTTON_IRQ_FLAG_OFF(1);
   0139                    1400 00107$:
   0139 AF 89              1401 	mov	r7,_P0IFG
   013B 53 07 FD           1402 	anl	ar7,#0xFD
   013E 8F 89              1403 	mov	_P0IFG,r7
   0140 C2 C5              1404 	clr	_P0IF
                           1405 ;	../../../contiki-sensinode//platform/cc2530dk/dev/button-sensor.c:192: EA = 1;
   0142 D2 AF              1406 	setb	_EA
   0144 D0 D0              1407 	pop	psw
   0146 D0 00              1408 	pop	(0+0)
   0148 D0 01              1409 	pop	(0+1)
   014A D0 02              1410 	pop	(0+2)
   014C D0 03              1411 	pop	(0+3)
   014E D0 04              1412 	pop	(0+4)
   0150 D0 05              1413 	pop	(0+5)
   0152 D0 06              1414 	pop	(0+6)
   0154 D0 07              1415 	pop	(0+7)
   0156 D0 83              1416 	pop	dph
   0158 D0 82              1417 	pop	dpl
   015A D0 F0              1418 	pop	b
   015C D0 E0              1419 	pop	acc
   015E D0*00              1420 	pop	bits
   0160 32                 1421 	reti
                           1422 	.area CSEG    (CODE)
                           1423 	.area CONST   (CODE)
   0000                    1424 _button_1_sensor:
   0000r0Cs00 80           1425 	.byte _str_0,(_str_0 >> 8),#0x80
   0003r00s00s00           1426 	.byte _value_b1,(_value_b1 >> 8),(_value_b1 >> 16)
   0006r56s00s00           1427 	.byte _configure_b1,(_configure_b1 >> 8),(_configure_b1 >> 16)
   0009r31s00s00           1428 	.byte _status_b1,(_status_b1 >> 8),(_status_b1 >> 16)
   000C                    1429 _str_0:
   000C 42 75 74 74 6F 6E  1430 	.ascii "Button"
   0012 00                 1431 	.db 0x00
                           1432 	.area XINIT   (CODE)
                           1433 	.area CABS    (ABS,CODE)
