                              1 ;--------------------------------------------------------
                              2 ; File Created by SDCC : free open source ANSI-C Compiler
                              3 ; Version 3.1.1 #7100 (Oct 29 2014) (Linux)
                              4 ; This file was generated Wed Dec  2 18:11:05 2015
                              5 ;--------------------------------------------------------
                              6 	.module cdc_acm
                              7 	.optsdcc -mmcs51 --model-huge
                              8 	
                              9 ;--------------------------------------------------------
                             10 ; Public variables in this module
                             11 ;--------------------------------------------------------
                             12 	.globl _usb_get_ctrl_data
                             13 	.globl _usb_send_ctrl_status
                             14 	.globl _usb_error_stall
                             15 	.globl _usb_send_ctrl_response
                             16 	.globl _usb_register_request_handler
                             17 	.globl _process_poll
                             18 	.globl _memcpy
                             19 	.globl _ACTIVE
                             20 	.globl _TX_BYTE
                             21 	.globl _RX_BYTE
                             22 	.globl _ERR
                             23 	.globl _FE
                             24 	.globl _SLAVE
                             25 	.globl _RE
                             26 	.globl _MODE
                             27 	.globl _T3OVFIF
                             28 	.globl _T3CH0IF
                             29 	.globl _T3CH1IF
                             30 	.globl _T4OVFIF
                             31 	.globl _T4CH0IF
                             32 	.globl _T4CH1IF
                             33 	.globl _OVFIM
                             34 	.globl _B_0
                             35 	.globl _B_1
                             36 	.globl _B_2
                             37 	.globl _B_3
                             38 	.globl _B_4
                             39 	.globl _B_5
                             40 	.globl _B_6
                             41 	.globl _B_7
                             42 	.globl _P2IF
                             43 	.globl _UTX0IF
                             44 	.globl _UTX1IF
                             45 	.globl _P1IF
                             46 	.globl _WDTIF
                             47 	.globl _ACC_0
                             48 	.globl _ACC_1
                             49 	.globl _ACC_2
                             50 	.globl _ACC_3
                             51 	.globl _ACC_4
                             52 	.globl _ACC_5
                             53 	.globl _ACC_6
                             54 	.globl _ACC_7
                             55 	.globl _P
                             56 	.globl _F1
                             57 	.globl _OV
                             58 	.globl _RS0
                             59 	.globl _RS1
                             60 	.globl _F0
                             61 	.globl _AC
                             62 	.globl _CY
                             63 	.globl _DMAIF
                             64 	.globl _T1IF
                             65 	.globl _T2IF
                             66 	.globl _T3IF
                             67 	.globl _T4IF
                             68 	.globl _P0IF
                             69 	.globl _STIF
                             70 	.globl _DMAIE
                             71 	.globl _T1IE
                             72 	.globl _T2IE
                             73 	.globl _T3IE
                             74 	.globl _T4IE
                             75 	.globl _P0IE
                             76 	.globl _RFERRIE
                             77 	.globl _ADCIE
                             78 	.globl _URX0IE
                             79 	.globl _URX1IE
                             80 	.globl _ENCIE
                             81 	.globl _STIE
                             82 	.globl _EA
                             83 	.globl _P2_0
                             84 	.globl _P2_1
                             85 	.globl _P2_2
                             86 	.globl _P2_3
                             87 	.globl _P2_4
                             88 	.globl _P2_5
                             89 	.globl _P2_6
                             90 	.globl _P2_7
                             91 	.globl _ENCIF_0
                             92 	.globl _ENCIF_1
                             93 	.globl _P1_0
                             94 	.globl _P1_1
                             95 	.globl _P1_2
                             96 	.globl _P1_3
                             97 	.globl _P1_4
                             98 	.globl _P1_5
                             99 	.globl _P1_6
                            100 	.globl _P1_7
                            101 	.globl _IT0
                            102 	.globl _RFERRIF
                            103 	.globl _IT1
                            104 	.globl _URX0IF
                            105 	.globl _ADCIF
                            106 	.globl _URX1IF
                            107 	.globl _P0_0
                            108 	.globl _P0_1
                            109 	.globl _P0_2
                            110 	.globl _P0_3
                            111 	.globl _P0_4
                            112 	.globl _P0_5
                            113 	.globl _P0_6
                            114 	.globl _P0_7
                            115 	.globl _WDCTL
                            116 	.globl _U1GCR
                            117 	.globl _U1UCR
                            118 	.globl _U1BAUD
                            119 	.globl _U1DBUF
                            120 	.globl _U1CSR
                            121 	.globl _U0GCR
                            122 	.globl _U0UCR
                            123 	.globl _U0BAUD
                            124 	.globl _U0DBUF
                            125 	.globl _U0CSR
                            126 	.globl _TIMIF
                            127 	.globl _T4CC1
                            128 	.globl _T4CCTL1
                            129 	.globl _T4CC0
                            130 	.globl _T4CCTL0
                            131 	.globl _T4CTL
                            132 	.globl _T4CNT
                            133 	.globl _T3CC1
                            134 	.globl _T3CCTL1
                            135 	.globl _T3CC0
                            136 	.globl _T3CCTL0
                            137 	.globl _T3CTL
                            138 	.globl _T3CNT
                            139 	.globl _T2MSEL
                            140 	.globl _T2IRQM
                            141 	.globl _T2MOVF2
                            142 	.globl _T2MOVF1
                            143 	.globl _T2MOVF0
                            144 	.globl _T2M1
                            145 	.globl _T2M0
                            146 	.globl _T2IRQF
                            147 	.globl _T2EVTCFG
                            148 	.globl _T2CTRL
                            149 	.globl _T1STAT
                            150 	.globl _T1CCTL2
                            151 	.globl _T1CCTL1
                            152 	.globl _T1CCTL0
                            153 	.globl _T1CTL
                            154 	.globl _T1CNTH
                            155 	.globl _T1CNTL
                            156 	.globl _T1CC2H
                            157 	.globl _T1CC2L
                            158 	.globl _T1CC1H
                            159 	.globl _T1CC1L
                            160 	.globl _T1CC0H
                            161 	.globl _T1CC0L
                            162 	.globl _CLKCONSTA
                            163 	.globl _CLKCONCMD
                            164 	.globl _SLEEPSTA
                            165 	.globl _SLEEPCMD
                            166 	.globl _STLOAD
                            167 	.globl _ST2
                            168 	.globl _ST1
                            169 	.globl _ST0
                            170 	.globl _RFERRF
                            171 	.globl _RFIRQF0
                            172 	.globl _RFST
                            173 	.globl _RFD
                            174 	.globl _RFIRQF1
                            175 	.globl _PSBANK
                            176 	.globl _FMAP
                            177 	.globl _MEMCTR
                            178 	.globl __XPAGE
                            179 	.globl _MPAGE
                            180 	.globl _PMUX
                            181 	.globl _P2DIR
                            182 	.globl _P1DIR
                            183 	.globl _P0DIR
                            184 	.globl _P2INP
                            185 	.globl _P1INP
                            186 	.globl _P2SEL
                            187 	.globl _P1SEL
                            188 	.globl _P0SEL
                            189 	.globl _APCFG
                            190 	.globl _PERCFG
                            191 	.globl _P0INP
                            192 	.globl _P2IEN
                            193 	.globl _P1IEN
                            194 	.globl _P0IEN
                            195 	.globl _PICTL
                            196 	.globl _P2IFG
                            197 	.globl _P1IFG
                            198 	.globl _P0IFG
                            199 	.globl _DMAREQ
                            200 	.globl _DMAARM
                            201 	.globl _DMA0CFGH
                            202 	.globl _DMA0CFGL
                            203 	.globl _DMA1CFGH
                            204 	.globl _DMA1CFGL
                            205 	.globl _DMAIRQ
                            206 	.globl _ENCCS
                            207 	.globl _ENCDO
                            208 	.globl _ENCDI
                            209 	.globl _RNDH
                            210 	.globl _RNDL
                            211 	.globl _ADCH
                            212 	.globl _ADCL
                            213 	.globl _ADCCON3
                            214 	.globl _ADCCON2
                            215 	.globl _ADCCON1
                            216 	.globl _B
                            217 	.globl _IRCON2
                            218 	.globl _ACC
                            219 	.globl _PSW
                            220 	.globl _IRCON
                            221 	.globl _IP1
                            222 	.globl _IEN1
                            223 	.globl _IP0
                            224 	.globl _IEN0
                            225 	.globl _P2
                            226 	.globl _S1CON
                            227 	.globl _IEN2
                            228 	.globl _S0CON
                            229 	.globl _DPS
                            230 	.globl _P1
                            231 	.globl _TCON
                            232 	.globl _PCON
                            233 	.globl _DPH1
                            234 	.globl _DPL1
                            235 	.globl _DPH0
                            236 	.globl _DPL0
                            237 	.globl _SP
                            238 	.globl _P0
                            239 	.globl _X_IEEE_ADDR
                            240 	.globl _X_INFOPAGE
                            241 	.globl _X_P2DIR
                            242 	.globl _X_P1DIR
                            243 	.globl _X_P0DIR
                            244 	.globl _X_U1GCR
                            245 	.globl _X_U1UCR
                            246 	.globl _X_U1BAUD
                            247 	.globl _X_U1DBUF
                            248 	.globl _X_U1CSR
                            249 	.globl _X_P2INP
                            250 	.globl _X_P1INP
                            251 	.globl _X_P2SEL
                            252 	.globl _X_P1SEL
                            253 	.globl _X_P0SEL
                            254 	.globl _X_APCFG
                            255 	.globl _X_PERCFG
                            256 	.globl _X_T4CC1
                            257 	.globl _X_T4CCTL1
                            258 	.globl _X_T4CC0
                            259 	.globl _X_T4CCTL0
                            260 	.globl _X_T4CTL
                            261 	.globl _X_T4CNT
                            262 	.globl _X_RFIRQF0
                            263 	.globl _X_T1CCTL2
                            264 	.globl _X_T1CCTL1
                            265 	.globl _X_T1CCTL0
                            266 	.globl _X_T1CTL
                            267 	.globl _X_T1CNTH
                            268 	.globl _X_T1CNTL
                            269 	.globl _X_RFST
                            270 	.globl _X_T1CC2H
                            271 	.globl _X_T1CC2L
                            272 	.globl _X_T1CC1H
                            273 	.globl _X_T1CC1L
                            274 	.globl _X_T1CC0H
                            275 	.globl _X_T1CC0L
                            276 	.globl _X_RFD
                            277 	.globl _X_TIMIF
                            278 	.globl _X_DMAREQ
                            279 	.globl _X_DMAARM
                            280 	.globl _X_DMA0CFGH
                            281 	.globl _X_DMA0CFGL
                            282 	.globl _X_DMA1CFGH
                            283 	.globl _X_DMA1CFGL
                            284 	.globl _X_DMAIRQ
                            285 	.globl _X_T3CC1
                            286 	.globl _X_T3CCTL1
                            287 	.globl _X_T3CC0
                            288 	.globl _X_T3CCTL0
                            289 	.globl _X_T3CTL
                            290 	.globl _X_T3CNT
                            291 	.globl _X_WDCTL
                            292 	.globl _X_MEMCTR
                            293 	.globl _X_CLKCONCMD
                            294 	.globl _X_U0GCR
                            295 	.globl _X_U0UCR
                            296 	.globl _X_T2MSEL
                            297 	.globl _X_U0BAUD
                            298 	.globl _X_U0DBUF
                            299 	.globl _X_RFERRF
                            300 	.globl _X_SLEEPCMD
                            301 	.globl _X_RNDH
                            302 	.globl _X_RNDL
                            303 	.globl _X_ADCH
                            304 	.globl _X_ADCL
                            305 	.globl _X_ADCCON3
                            306 	.globl _X_ADCCON2
                            307 	.globl _X_ADCCON1
                            308 	.globl _X_ENCCS
                            309 	.globl _X_ENCDO
                            310 	.globl _X_ENCDI
                            311 	.globl _X_T1STAT
                            312 	.globl _X_PMUX
                            313 	.globl _X_STLOAD
                            314 	.globl _X_P2IEN
                            315 	.globl _X_P0IEN
                            316 	.globl _X_T2IRQM
                            317 	.globl _X_T2MOVF2
                            318 	.globl _X_T2MOVF1
                            319 	.globl _X_T2MOVF0
                            320 	.globl _X_T2M1
                            321 	.globl _X_T2M0
                            322 	.globl _X_T2IRQF
                            323 	.globl _X_P2
                            324 	.globl _X_PSBANK
                            325 	.globl _X_FMAP
                            326 	.globl _X_CLKCONSTA
                            327 	.globl _X_SLEEPSTA
                            328 	.globl _X_T2EVTCFG
                            329 	.globl _X_ST2
                            330 	.globl _X_ST1
                            331 	.globl _X_ST0
                            332 	.globl _X_T2CTRL
                            333 	.globl _X__XPAGE
                            334 	.globl _X_MPAGE
                            335 	.globl _X_RFIRQF1
                            336 	.globl _X_P1
                            337 	.globl _X_P0INP
                            338 	.globl _X_P1IEN
                            339 	.globl _X_PICTL
                            340 	.globl _X_P2IFG
                            341 	.globl _X_P1IFG
                            342 	.globl _X_P0IFG
                            343 	.globl _X_U0CSR
                            344 	.globl _X_P0
                            345 	.globl _USBF5
                            346 	.globl _USBF4
                            347 	.globl _USBF3
                            348 	.globl _USBF2
                            349 	.globl _USBF1
                            350 	.globl _USBF0
                            351 	.globl _USBCNTH
                            352 	.globl _USBCNTL
                            353 	.globl _USBCNT0
                            354 	.globl _USBCSOH
                            355 	.globl _USBCSOL
                            356 	.globl _USBMAXO
                            357 	.globl _USBCSIH
                            358 	.globl _USBCSIL
                            359 	.globl _USBCS0
                            360 	.globl _USBMAXI
                            361 	.globl _USBCTRL
                            362 	.globl _USBINDEX
                            363 	.globl _USBFRMH
                            364 	.globl _USBFRML
                            365 	.globl _USBCIE
                            366 	.globl _USBOIE
                            367 	.globl _USBIIE
                            368 	.globl _USBCIF
                            369 	.globl _USBOIF
                            370 	.globl _USBIIF
                            371 	.globl _USBPOW
                            372 	.globl _USBADDR
                            373 	.globl _CSPT
                            374 	.globl _CSPZ
                            375 	.globl _CSPY
                            376 	.globl _CSPX
                            377 	.globl _CSPSTAT
                            378 	.globl _CSPCTRL
                            379 	.globl _CSPPROG23
                            380 	.globl _CSPPROG22
                            381 	.globl _CSPPROG21
                            382 	.globl _CSPPROG20
                            383 	.globl _CSPPROG19
                            384 	.globl _CSPPROG18
                            385 	.globl _CSPPROG17
                            386 	.globl _CSPPROG16
                            387 	.globl _CSPPROG15
                            388 	.globl _CSPPROG14
                            389 	.globl _CSPPROG13
                            390 	.globl _CSPPROG12
                            391 	.globl _CSPPROG11
                            392 	.globl _CSPPROG10
                            393 	.globl _CSPPROG9
                            394 	.globl _CSPPROG8
                            395 	.globl _CSPPROG7
                            396 	.globl _CSPPROG6
                            397 	.globl _CSPPROG5
                            398 	.globl _CSPPROG4
                            399 	.globl _CSPPROG3
                            400 	.globl _CSPPROG2
                            401 	.globl _CSPPROG1
                            402 	.globl _CSPPROG0
                            403 	.globl _RFC_OBS_CTRL2
                            404 	.globl _RFC_OBS_CTRL1
                            405 	.globl _RFC_OBS_CTRL0
                            406 	.globl _TXFILTCFG
                            407 	.globl _PTEST1
                            408 	.globl _PTEST0
                            409 	.globl _ATEST
                            410 	.globl _DACTEST2
                            411 	.globl _DACTEST1
                            412 	.globl _DACTEST0
                            413 	.globl _MDMTEST1
                            414 	.globl _MDMTEST0
                            415 	.globl _ADCTEST2
                            416 	.globl _ADCTEST1
                            417 	.globl _ADCTEST0
                            418 	.globl _AGCCTRL3
                            419 	.globl _AGCCTRL2
                            420 	.globl _AGCCTRL1
                            421 	.globl _AGCCTRL0
                            422 	.globl _FSCAL3
                            423 	.globl _FSCAL2
                            424 	.globl _FSCAL1
                            425 	.globl _FSCAL0
                            426 	.globl _FSCTRL
                            427 	.globl _RXCTRL
                            428 	.globl _FREQEST
                            429 	.globl _MDMCTRL1
                            430 	.globl _MDMCTRL0
                            431 	.globl _RFRND
                            432 	.globl _RFERRM
                            433 	.globl _RFIRQM1
                            434 	.globl _RFIRQM0
                            435 	.globl _TXLAST_PTR
                            436 	.globl _TXFIRST_PTR
                            437 	.globl _RXP1_PTR
                            438 	.globl _RXLAST_PTR
                            439 	.globl _RXFIRST_PTR
                            440 	.globl _TXFIFOCNT
                            441 	.globl _RXFIFOCNT
                            442 	.globl _RXFIRST
                            443 	.globl _RSSISTAT
                            444 	.globl _RSSI
                            445 	.globl _CCACTRL1
                            446 	.globl _CCACTRL0
                            447 	.globl _FSMCTRL
                            448 	.globl _FIFOPCTRL
                            449 	.globl _FSMSTAT1
                            450 	.globl _FSMSTAT0
                            451 	.globl _TXCTRL
                            452 	.globl _TXPOWER
                            453 	.globl _FREQCTRL
                            454 	.globl _FREQTUNE
                            455 	.globl _RXMASKCLR
                            456 	.globl _RXMASKSET
                            457 	.globl _RXENABLE
                            458 	.globl _FRMCTRL1
                            459 	.globl _FRMCTRL0
                            460 	.globl _SRCEXTEN2
                            461 	.globl _SRCEXTEN1
                            462 	.globl _SRCEXTEN0
                            463 	.globl _SRCSHORTEN2
                            464 	.globl _SRCSHORTEN1
                            465 	.globl _SRCSHORTEN0
                            466 	.globl _SRCMATCH
                            467 	.globl _FRMFILT1
                            468 	.globl _FRMFILT0
                            469 	.globl _SHORT_ADDR1
                            470 	.globl _SHORT_ADDR0
                            471 	.globl _PAN_ID1
                            472 	.globl _PAN_ID0
                            473 	.globl _EXT_ADDR7
                            474 	.globl _EXT_ADDR6
                            475 	.globl _EXT_ADDR5
                            476 	.globl _EXT_ADDR4
                            477 	.globl _EXT_ADDR3
                            478 	.globl _EXT_ADDR2
                            479 	.globl _EXT_ADDR1
                            480 	.globl _EXT_ADDR0
                            481 	.globl _SRCSHORTPENDEN2
                            482 	.globl _SRCSHORTPENDEN1
                            483 	.globl _SRCSHORTPENDEN0
                            484 	.globl _SRCEXTPENDEN2
                            485 	.globl _SRCEXTPENDEN1
                            486 	.globl _SRCEXTPENDEN0
                            487 	.globl _SRCRESINDEX
                            488 	.globl _SRCRESMASK2
                            489 	.globl _SRCRESMASK1
                            490 	.globl _SRCRESMASK0
                            491 	.globl _SRC_ADDR_TABLE
                            492 	.globl _TXFIFO
                            493 	.globl _RXFIFO
                            494 	.globl _RFCORE_RAM
                            495 	.globl _CMPCTL
                            496 	.globl _OPAMPS
                            497 	.globl _OPAMPC
                            498 	.globl _STCV2
                            499 	.globl _STCV1
                            500 	.globl _STCV0
                            501 	.globl _STCS
                            502 	.globl _STCC
                            503 	.globl _T1CC4H
                            504 	.globl _T1CC4L
                            505 	.globl _T1CC3H
                            506 	.globl _T1CC3L
                            507 	.globl _XX_T1CC2H
                            508 	.globl _XX_T1CC2L
                            509 	.globl _XX_T1CC1H
                            510 	.globl _XX_T1CC1L
                            511 	.globl _XX_T1CC0H
                            512 	.globl _XX_T1CC0L
                            513 	.globl _T1CCTL4
                            514 	.globl _T1CCTL3
                            515 	.globl _XX_T1CCTL2
                            516 	.globl _XX_T1CCTL1
                            517 	.globl _XX_T1CCTL0
                            518 	.globl _CLD
                            519 	.globl _IRCTL
                            520 	.globl _CHIPINFO1
                            521 	.globl _CHIPINFO0
                            522 	.globl _FWDATA
                            523 	.globl _FADDRH
                            524 	.globl _FADDRL
                            525 	.globl _FCTL
                            526 	.globl _IVCTRL
                            527 	.globl _BATTMON
                            528 	.globl _SRCRC
                            529 	.globl _DBGDATA
                            530 	.globl _TESTREG0
                            531 	.globl _CHIPID
                            532 	.globl _CHVER
                            533 	.globl _OBSSEL5
                            534 	.globl _OBSSEL4
                            535 	.globl _OBSSEL3
                            536 	.globl _OBSSEL2
                            537 	.globl _OBSSEL1
                            538 	.globl _OBSSEL0
                            539 	.globl _I2CIO
                            540 	.globl _I2CWC
                            541 	.globl _I2CADDR
                            542 	.globl _I2CDATA
                            543 	.globl _I2CSTAT
                            544 	.globl _I2CCFG
                            545 	.globl _OPAMPMC
                            546 	.globl _MONMUX
                            547 	.globl _usb_cdc_acm_setup
                            548 	.globl _usb_cdc_acm_get_events
                            549 	.globl _usb_cdc_acm_get_line_state
                            550 	.globl _usb_cdc_acm_get_line_coding
                            551 	.globl _usb_cdc_acm_set_event_process
                            552 ;--------------------------------------------------------
                            553 ; special function registers
                            554 ;--------------------------------------------------------
                            555 	.area RSEG    (ABS,DATA)
   0000                     556 	.org 0x0000
                    0080    557 _P0	=	0x0080
                    0081    558 _SP	=	0x0081
                    0082    559 _DPL0	=	0x0082
                    0083    560 _DPH0	=	0x0083
                    0084    561 _DPL1	=	0x0084
                    0085    562 _DPH1	=	0x0085
                    0087    563 _PCON	=	0x0087
                    0088    564 _TCON	=	0x0088
                    0090    565 _P1	=	0x0090
                    0092    566 _DPS	=	0x0092
                    0098    567 _S0CON	=	0x0098
                    009A    568 _IEN2	=	0x009a
                    009B    569 _S1CON	=	0x009b
                    00A0    570 _P2	=	0x00a0
                    00A8    571 _IEN0	=	0x00a8
                    00A9    572 _IP0	=	0x00a9
                    00B8    573 _IEN1	=	0x00b8
                    00B9    574 _IP1	=	0x00b9
                    00C0    575 _IRCON	=	0x00c0
                    00D0    576 _PSW	=	0x00d0
                    00E0    577 _ACC	=	0x00e0
                    00E8    578 _IRCON2	=	0x00e8
                    00F0    579 _B	=	0x00f0
                    00B4    580 _ADCCON1	=	0x00b4
                    00B5    581 _ADCCON2	=	0x00b5
                    00B6    582 _ADCCON3	=	0x00b6
                    00BA    583 _ADCL	=	0x00ba
                    00BB    584 _ADCH	=	0x00bb
                    00BC    585 _RNDL	=	0x00bc
                    00BD    586 _RNDH	=	0x00bd
                    00B1    587 _ENCDI	=	0x00b1
                    00B2    588 _ENCDO	=	0x00b2
                    00B3    589 _ENCCS	=	0x00b3
                    00D1    590 _DMAIRQ	=	0x00d1
                    00D2    591 _DMA1CFGL	=	0x00d2
                    00D3    592 _DMA1CFGH	=	0x00d3
                    00D4    593 _DMA0CFGL	=	0x00d4
                    00D5    594 _DMA0CFGH	=	0x00d5
                    00D6    595 _DMAARM	=	0x00d6
                    00D7    596 _DMAREQ	=	0x00d7
                    0089    597 _P0IFG	=	0x0089
                    008A    598 _P1IFG	=	0x008a
                    008B    599 _P2IFG	=	0x008b
                    008C    600 _PICTL	=	0x008c
                    00AB    601 _P0IEN	=	0x00ab
                    008D    602 _P1IEN	=	0x008d
                    00AC    603 _P2IEN	=	0x00ac
                    008F    604 _P0INP	=	0x008f
                    00F1    605 _PERCFG	=	0x00f1
                    00F2    606 _APCFG	=	0x00f2
                    00F3    607 _P0SEL	=	0x00f3
                    00F4    608 _P1SEL	=	0x00f4
                    00F5    609 _P2SEL	=	0x00f5
                    00F6    610 _P1INP	=	0x00f6
                    00F7    611 _P2INP	=	0x00f7
                    00FD    612 _P0DIR	=	0x00fd
                    00FE    613 _P1DIR	=	0x00fe
                    00FF    614 _P2DIR	=	0x00ff
                    00AE    615 _PMUX	=	0x00ae
                    0093    616 _MPAGE	=	0x0093
                    0093    617 __XPAGE	=	0x0093
                    00C7    618 _MEMCTR	=	0x00c7
                    009F    619 _FMAP	=	0x009f
                    009F    620 _PSBANK	=	0x009f
                    0091    621 _RFIRQF1	=	0x0091
                    00D9    622 _RFD	=	0x00d9
                    00E1    623 _RFST	=	0x00e1
                    00E9    624 _RFIRQF0	=	0x00e9
                    00BF    625 _RFERRF	=	0x00bf
                    0095    626 _ST0	=	0x0095
                    0096    627 _ST1	=	0x0096
                    0097    628 _ST2	=	0x0097
                    00AD    629 _STLOAD	=	0x00ad
                    00BE    630 _SLEEPCMD	=	0x00be
                    009D    631 _SLEEPSTA	=	0x009d
                    00C6    632 _CLKCONCMD	=	0x00c6
                    009E    633 _CLKCONSTA	=	0x009e
                    00DA    634 _T1CC0L	=	0x00da
                    00DB    635 _T1CC0H	=	0x00db
                    00DC    636 _T1CC1L	=	0x00dc
                    00DD    637 _T1CC1H	=	0x00dd
                    00DE    638 _T1CC2L	=	0x00de
                    00DF    639 _T1CC2H	=	0x00df
                    00E2    640 _T1CNTL	=	0x00e2
                    00E3    641 _T1CNTH	=	0x00e3
                    00E4    642 _T1CTL	=	0x00e4
                    00E5    643 _T1CCTL0	=	0x00e5
                    00E6    644 _T1CCTL1	=	0x00e6
                    00E7    645 _T1CCTL2	=	0x00e7
                    00AF    646 _T1STAT	=	0x00af
                    0094    647 _T2CTRL	=	0x0094
                    009C    648 _T2EVTCFG	=	0x009c
                    00A1    649 _T2IRQF	=	0x00a1
                    00A2    650 _T2M0	=	0x00a2
                    00A3    651 _T2M1	=	0x00a3
                    00A4    652 _T2MOVF0	=	0x00a4
                    00A5    653 _T2MOVF1	=	0x00a5
                    00A6    654 _T2MOVF2	=	0x00a6
                    00A7    655 _T2IRQM	=	0x00a7
                    00C3    656 _T2MSEL	=	0x00c3
                    00CA    657 _T3CNT	=	0x00ca
                    00CB    658 _T3CTL	=	0x00cb
                    00CC    659 _T3CCTL0	=	0x00cc
                    00CD    660 _T3CC0	=	0x00cd
                    00CE    661 _T3CCTL1	=	0x00ce
                    00CF    662 _T3CC1	=	0x00cf
                    00EA    663 _T4CNT	=	0x00ea
                    00EB    664 _T4CTL	=	0x00eb
                    00EC    665 _T4CCTL0	=	0x00ec
                    00ED    666 _T4CC0	=	0x00ed
                    00EE    667 _T4CCTL1	=	0x00ee
                    00EF    668 _T4CC1	=	0x00ef
                    00D8    669 _TIMIF	=	0x00d8
                    0086    670 _U0CSR	=	0x0086
                    00C1    671 _U0DBUF	=	0x00c1
                    00C2    672 _U0BAUD	=	0x00c2
                    00C4    673 _U0UCR	=	0x00c4
                    00C5    674 _U0GCR	=	0x00c5
                    00F8    675 _U1CSR	=	0x00f8
                    00F9    676 _U1DBUF	=	0x00f9
                    00FA    677 _U1BAUD	=	0x00fa
                    00FB    678 _U1UCR	=	0x00fb
                    00FC    679 _U1GCR	=	0x00fc
                    00C9    680 _WDCTL	=	0x00c9
                            681 ;--------------------------------------------------------
                            682 ; special function bits
                            683 ;--------------------------------------------------------
                            684 	.area RSEG    (ABS,DATA)
   0000                     685 	.org 0x0000
                    0087    686 _P0_7	=	0x0087
                    0086    687 _P0_6	=	0x0086
                    0085    688 _P0_5	=	0x0085
                    0084    689 _P0_4	=	0x0084
                    0083    690 _P0_3	=	0x0083
                    0082    691 _P0_2	=	0x0082
                    0081    692 _P0_1	=	0x0081
                    0080    693 _P0_0	=	0x0080
                    008F    694 _URX1IF	=	0x008f
                    008D    695 _ADCIF	=	0x008d
                    008B    696 _URX0IF	=	0x008b
                    008A    697 _IT1	=	0x008a
                    0089    698 _RFERRIF	=	0x0089
                    0088    699 _IT0	=	0x0088
                    0097    700 _P1_7	=	0x0097
                    0096    701 _P1_6	=	0x0096
                    0095    702 _P1_5	=	0x0095
                    0094    703 _P1_4	=	0x0094
                    0093    704 _P1_3	=	0x0093
                    0092    705 _P1_2	=	0x0092
                    0091    706 _P1_1	=	0x0091
                    0090    707 _P1_0	=	0x0090
                    0099    708 _ENCIF_1	=	0x0099
                    0098    709 _ENCIF_0	=	0x0098
                    00A7    710 _P2_7	=	0x00a7
                    00A6    711 _P2_6	=	0x00a6
                    00A5    712 _P2_5	=	0x00a5
                    00A4    713 _P2_4	=	0x00a4
                    00A3    714 _P2_3	=	0x00a3
                    00A2    715 _P2_2	=	0x00a2
                    00A1    716 _P2_1	=	0x00a1
                    00A0    717 _P2_0	=	0x00a0
                    00AF    718 _EA	=	0x00af
                    00AD    719 _STIE	=	0x00ad
                    00AC    720 _ENCIE	=	0x00ac
                    00AB    721 _URX1IE	=	0x00ab
                    00AA    722 _URX0IE	=	0x00aa
                    00A9    723 _ADCIE	=	0x00a9
                    00A8    724 _RFERRIE	=	0x00a8
                    00BD    725 _P0IE	=	0x00bd
                    00BC    726 _T4IE	=	0x00bc
                    00BB    727 _T3IE	=	0x00bb
                    00BA    728 _T2IE	=	0x00ba
                    00B9    729 _T1IE	=	0x00b9
                    00B8    730 _DMAIE	=	0x00b8
                    00C7    731 _STIF	=	0x00c7
                    00C5    732 _P0IF	=	0x00c5
                    00C4    733 _T4IF	=	0x00c4
                    00C3    734 _T3IF	=	0x00c3
                    00C2    735 _T2IF	=	0x00c2
                    00C1    736 _T1IF	=	0x00c1
                    00C0    737 _DMAIF	=	0x00c0
                    00D7    738 _CY	=	0x00d7
                    00D6    739 _AC	=	0x00d6
                    00D5    740 _F0	=	0x00d5
                    00D4    741 _RS1	=	0x00d4
                    00D3    742 _RS0	=	0x00d3
                    00D2    743 _OV	=	0x00d2
                    00D1    744 _F1	=	0x00d1
                    00D0    745 _P	=	0x00d0
                    00E7    746 _ACC_7	=	0x00e7
                    00E6    747 _ACC_6	=	0x00e6
                    00E5    748 _ACC_5	=	0x00e5
                    00E4    749 _ACC_4	=	0x00e4
                    00E3    750 _ACC_3	=	0x00e3
                    00E2    751 _ACC_2	=	0x00e2
                    00E1    752 _ACC_1	=	0x00e1
                    00E0    753 _ACC_0	=	0x00e0
                    00EC    754 _WDTIF	=	0x00ec
                    00EB    755 _P1IF	=	0x00eb
                    00EA    756 _UTX1IF	=	0x00ea
                    00E9    757 _UTX0IF	=	0x00e9
                    00E8    758 _P2IF	=	0x00e8
                    00F7    759 _B_7	=	0x00f7
                    00F6    760 _B_6	=	0x00f6
                    00F5    761 _B_5	=	0x00f5
                    00F4    762 _B_4	=	0x00f4
                    00F3    763 _B_3	=	0x00f3
                    00F2    764 _B_2	=	0x00f2
                    00F1    765 _B_1	=	0x00f1
                    00F0    766 _B_0	=	0x00f0
                    00DE    767 _OVFIM	=	0x00de
                    00DD    768 _T4CH1IF	=	0x00dd
                    00DC    769 _T4CH0IF	=	0x00dc
                    00DB    770 _T4OVFIF	=	0x00db
                    00DA    771 _T3CH1IF	=	0x00da
                    00D9    772 _T3CH0IF	=	0x00d9
                    00D8    773 _T3OVFIF	=	0x00d8
                    00FF    774 _MODE	=	0x00ff
                    00FE    775 _RE	=	0x00fe
                    00FD    776 _SLAVE	=	0x00fd
                    00FC    777 _FE	=	0x00fc
                    00FB    778 _ERR	=	0x00fb
                    00FA    779 _RX_BYTE	=	0x00fa
                    00F9    780 _TX_BYTE	=	0x00f9
                    00F8    781 _ACTIVE	=	0x00f8
                            782 ;--------------------------------------------------------
                            783 ; overlayable register banks
                            784 ;--------------------------------------------------------
                            785 	.area REG_BANK_0	(REL,OVR,DATA)
   0000                     786 	.ds 8
                            787 ;--------------------------------------------------------
                            788 ; internal ram data
                            789 ;--------------------------------------------------------
                            790 	.area DSEG    (DATA)
                            791 ;--------------------------------------------------------
                            792 ; overlayable items in internal ram 
                            793 ;--------------------------------------------------------
                            794 	.area OSEG    (OVR,DATA)
                            795 ;--------------------------------------------------------
                            796 ; indirectly addressable internal ram data
                            797 ;--------------------------------------------------------
                            798 	.area ISEG    (DATA)
                            799 ;--------------------------------------------------------
                            800 ; absolute internal ram data
                            801 ;--------------------------------------------------------
                            802 	.area IABS    (ABS,DATA)
                            803 	.area IABS    (ABS,DATA)
                            804 ;--------------------------------------------------------
                            805 ; bit data
                            806 ;--------------------------------------------------------
                            807 	.area BSEG    (BIT)
                            808 ;--------------------------------------------------------
                            809 ; paged external ram data
                            810 ;--------------------------------------------------------
                            811 	.area PSEG    (PAG,XDATA)
                            812 ;--------------------------------------------------------
                            813 ; external ram data
                            814 ;--------------------------------------------------------
                            815 	.area XSEG    (XDATA)
                    61A6    816 _MONMUX	=	0x61a6
                    61A6    817 _OPAMPMC	=	0x61a6
                    6230    818 _I2CCFG	=	0x6230
                    6231    819 _I2CSTAT	=	0x6231
                    6232    820 _I2CDATA	=	0x6232
                    6233    821 _I2CADDR	=	0x6233
                    6234    822 _I2CWC	=	0x6234
                    6235    823 _I2CIO	=	0x6235
                    6243    824 _OBSSEL0	=	0x6243
                    6244    825 _OBSSEL1	=	0x6244
                    6245    826 _OBSSEL2	=	0x6245
                    6246    827 _OBSSEL3	=	0x6246
                    6247    828 _OBSSEL4	=	0x6247
                    6248    829 _OBSSEL5	=	0x6248
                    6249    830 _CHVER	=	0x6249
                    624A    831 _CHIPID	=	0x624a
                    624B    832 _TESTREG0	=	0x624b
                    6260    833 _DBGDATA	=	0x6260
                    6262    834 _SRCRC	=	0x6262
                    6264    835 _BATTMON	=	0x6264
                    6265    836 _IVCTRL	=	0x6265
                    6270    837 _FCTL	=	0x6270
                    6271    838 _FADDRL	=	0x6271
                    6272    839 _FADDRH	=	0x6272
                    6273    840 _FWDATA	=	0x6273
                    6276    841 _CHIPINFO0	=	0x6276
                    6277    842 _CHIPINFO1	=	0x6277
                    6281    843 _IRCTL	=	0x6281
                    6290    844 _CLD	=	0x6290
                    62A0    845 _XX_T1CCTL0	=	0x62a0
                    62A1    846 _XX_T1CCTL1	=	0x62a1
                    62A2    847 _XX_T1CCTL2	=	0x62a2
                    62A3    848 _T1CCTL3	=	0x62a3
                    62A4    849 _T1CCTL4	=	0x62a4
                    62A6    850 _XX_T1CC0L	=	0x62a6
                    62A7    851 _XX_T1CC0H	=	0x62a7
                    62A8    852 _XX_T1CC1L	=	0x62a8
                    62A9    853 _XX_T1CC1H	=	0x62a9
                    62AA    854 _XX_T1CC2L	=	0x62aa
                    62AB    855 _XX_T1CC2H	=	0x62ab
                    62AC    856 _T1CC3L	=	0x62ac
                    62AD    857 _T1CC3H	=	0x62ad
                    62AE    858 _T1CC4L	=	0x62ae
                    62AF    859 _T1CC4H	=	0x62af
                    62B0    860 _STCC	=	0x62b0
                    62B1    861 _STCS	=	0x62b1
                    62B2    862 _STCV0	=	0x62b2
                    62B3    863 _STCV1	=	0x62b3
                    62B4    864 _STCV2	=	0x62b4
                    62C0    865 _OPAMPC	=	0x62c0
                    62C1    866 _OPAMPS	=	0x62c1
                    62D0    867 _CMPCTL	=	0x62d0
                    6000    868 _RFCORE_RAM	=	0x6000
                    6000    869 _RXFIFO	=	0x6000
                    6080    870 _TXFIFO	=	0x6080
                    6100    871 _SRC_ADDR_TABLE	=	0x6100
                    6160    872 _SRCRESMASK0	=	0x6160
                    6161    873 _SRCRESMASK1	=	0x6161
                    6162    874 _SRCRESMASK2	=	0x6162
                    6163    875 _SRCRESINDEX	=	0x6163
                    6164    876 _SRCEXTPENDEN0	=	0x6164
                    6165    877 _SRCEXTPENDEN1	=	0x6165
                    6166    878 _SRCEXTPENDEN2	=	0x6166
                    6167    879 _SRCSHORTPENDEN0	=	0x6167
                    6168    880 _SRCSHORTPENDEN1	=	0x6168
                    6169    881 _SRCSHORTPENDEN2	=	0x6169
                    616A    882 _EXT_ADDR0	=	0x616a
                    616B    883 _EXT_ADDR1	=	0x616b
                    616C    884 _EXT_ADDR2	=	0x616c
                    616D    885 _EXT_ADDR3	=	0x616d
                    616E    886 _EXT_ADDR4	=	0x616e
                    616F    887 _EXT_ADDR5	=	0x616f
                    6170    888 _EXT_ADDR6	=	0x6170
                    6171    889 _EXT_ADDR7	=	0x6171
                    6172    890 _PAN_ID0	=	0x6172
                    6173    891 _PAN_ID1	=	0x6173
                    6174    892 _SHORT_ADDR0	=	0x6174
                    6175    893 _SHORT_ADDR1	=	0x6175
                    6180    894 _FRMFILT0	=	0x6180
                    6181    895 _FRMFILT1	=	0x6181
                    6182    896 _SRCMATCH	=	0x6182
                    6183    897 _SRCSHORTEN0	=	0x6183
                    6184    898 _SRCSHORTEN1	=	0x6184
                    6185    899 _SRCSHORTEN2	=	0x6185
                    6186    900 _SRCEXTEN0	=	0x6186
                    6187    901 _SRCEXTEN1	=	0x6187
                    6188    902 _SRCEXTEN2	=	0x6188
                    6189    903 _FRMCTRL0	=	0x6189
                    618A    904 _FRMCTRL1	=	0x618a
                    618B    905 _RXENABLE	=	0x618b
                    618C    906 _RXMASKSET	=	0x618c
                    618D    907 _RXMASKCLR	=	0x618d
                    618E    908 _FREQTUNE	=	0x618e
                    618F    909 _FREQCTRL	=	0x618f
                    6190    910 _TXPOWER	=	0x6190
                    6191    911 _TXCTRL	=	0x6191
                    6192    912 _FSMSTAT0	=	0x6192
                    6193    913 _FSMSTAT1	=	0x6193
                    6194    914 _FIFOPCTRL	=	0x6194
                    6195    915 _FSMCTRL	=	0x6195
                    6196    916 _CCACTRL0	=	0x6196
                    6197    917 _CCACTRL1	=	0x6197
                    6198    918 _RSSI	=	0x6198
                    6199    919 _RSSISTAT	=	0x6199
                    619A    920 _RXFIRST	=	0x619a
                    619B    921 _RXFIFOCNT	=	0x619b
                    619C    922 _TXFIFOCNT	=	0x619c
                    619D    923 _RXFIRST_PTR	=	0x619d
                    619E    924 _RXLAST_PTR	=	0x619e
                    619F    925 _RXP1_PTR	=	0x619f
                    61A1    926 _TXFIRST_PTR	=	0x61a1
                    61A2    927 _TXLAST_PTR	=	0x61a2
                    61A3    928 _RFIRQM0	=	0x61a3
                    61A4    929 _RFIRQM1	=	0x61a4
                    61A5    930 _RFERRM	=	0x61a5
                    61A7    931 _RFRND	=	0x61a7
                    61A8    932 _MDMCTRL0	=	0x61a8
                    61A9    933 _MDMCTRL1	=	0x61a9
                    61AA    934 _FREQEST	=	0x61aa
                    61AB    935 _RXCTRL	=	0x61ab
                    61AC    936 _FSCTRL	=	0x61ac
                    61AD    937 _FSCAL0	=	0x61ad
                    61AE    938 _FSCAL1	=	0x61ae
                    61AF    939 _FSCAL2	=	0x61af
                    61B0    940 _FSCAL3	=	0x61b0
                    61B1    941 _AGCCTRL0	=	0x61b1
                    61B2    942 _AGCCTRL1	=	0x61b2
                    61B3    943 _AGCCTRL2	=	0x61b3
                    61B4    944 _AGCCTRL3	=	0x61b4
                    61B5    945 _ADCTEST0	=	0x61b5
                    61B6    946 _ADCTEST1	=	0x61b6
                    61B7    947 _ADCTEST2	=	0x61b7
                    61B8    948 _MDMTEST0	=	0x61b8
                    61B9    949 _MDMTEST1	=	0x61b9
                    61BA    950 _DACTEST0	=	0x61ba
                    61BB    951 _DACTEST1	=	0x61bb
                    61BC    952 _DACTEST2	=	0x61bc
                    61BD    953 _ATEST	=	0x61bd
                    61BE    954 _PTEST0	=	0x61be
                    61BF    955 _PTEST1	=	0x61bf
                    61FA    956 _TXFILTCFG	=	0x61fa
                    61EB    957 _RFC_OBS_CTRL0	=	0x61eb
                    61EC    958 _RFC_OBS_CTRL1	=	0x61ec
                    61ED    959 _RFC_OBS_CTRL2	=	0x61ed
                    61C0    960 _CSPPROG0	=	0x61c0
                    61C1    961 _CSPPROG1	=	0x61c1
                    61C2    962 _CSPPROG2	=	0x61c2
                    61C3    963 _CSPPROG3	=	0x61c3
                    61C4    964 _CSPPROG4	=	0x61c4
                    61C5    965 _CSPPROG5	=	0x61c5
                    61C6    966 _CSPPROG6	=	0x61c6
                    61C7    967 _CSPPROG7	=	0x61c7
                    61C8    968 _CSPPROG8	=	0x61c8
                    61C9    969 _CSPPROG9	=	0x61c9
                    61CA    970 _CSPPROG10	=	0x61ca
                    61CB    971 _CSPPROG11	=	0x61cb
                    61CC    972 _CSPPROG12	=	0x61cc
                    61CD    973 _CSPPROG13	=	0x61cd
                    61CE    974 _CSPPROG14	=	0x61ce
                    61CF    975 _CSPPROG15	=	0x61cf
                    61D0    976 _CSPPROG16	=	0x61d0
                    61D1    977 _CSPPROG17	=	0x61d1
                    61D2    978 _CSPPROG18	=	0x61d2
                    61D3    979 _CSPPROG19	=	0x61d3
                    61D4    980 _CSPPROG20	=	0x61d4
                    61D5    981 _CSPPROG21	=	0x61d5
                    61D6    982 _CSPPROG22	=	0x61d6
                    61D7    983 _CSPPROG23	=	0x61d7
                    61E0    984 _CSPCTRL	=	0x61e0
                    61E1    985 _CSPSTAT	=	0x61e1
                    61E2    986 _CSPX	=	0x61e2
                    61E3    987 _CSPY	=	0x61e3
                    61E4    988 _CSPZ	=	0x61e4
                    61E5    989 _CSPT	=	0x61e5
                    6200    990 _USBADDR	=	0x6200
                    6201    991 _USBPOW	=	0x6201
                    6202    992 _USBIIF	=	0x6202
                    6204    993 _USBOIF	=	0x6204
                    6206    994 _USBCIF	=	0x6206
                    6207    995 _USBIIE	=	0x6207
                    6209    996 _USBOIE	=	0x6209
                    620B    997 _USBCIE	=	0x620b
                    620C    998 _USBFRML	=	0x620c
                    620D    999 _USBFRMH	=	0x620d
                    620E   1000 _USBINDEX	=	0x620e
                    620F   1001 _USBCTRL	=	0x620f
                    6210   1002 _USBMAXI	=	0x6210
                    6211   1003 _USBCS0	=	0x6211
                    6211   1004 _USBCSIL	=	0x6211
                    6212   1005 _USBCSIH	=	0x6212
                    6213   1006 _USBMAXO	=	0x6213
                    6214   1007 _USBCSOL	=	0x6214
                    6215   1008 _USBCSOH	=	0x6215
                    6216   1009 _USBCNT0	=	0x6216
                    6216   1010 _USBCNTL	=	0x6216
                    6217   1011 _USBCNTH	=	0x6217
                    6220   1012 _USBF0	=	0x6220
                    6222   1013 _USBF1	=	0x6222
                    6224   1014 _USBF2	=	0x6224
                    6226   1015 _USBF3	=	0x6226
                    6228   1016 _USBF4	=	0x6228
                    622A   1017 _USBF5	=	0x622a
                    7080   1018 _X_P0	=	0x7080
                    7086   1019 _X_U0CSR	=	0x7086
                    7089   1020 _X_P0IFG	=	0x7089
                    708A   1021 _X_P1IFG	=	0x708a
                    708B   1022 _X_P2IFG	=	0x708b
                    708C   1023 _X_PICTL	=	0x708c
                    708D   1024 _X_P1IEN	=	0x708d
                    708F   1025 _X_P0INP	=	0x708f
                    7090   1026 _X_P1	=	0x7090
                    7091   1027 _X_RFIRQF1	=	0x7091
                    7093   1028 _X_MPAGE	=	0x7093
                    7093   1029 _X__XPAGE	=	0x7093
                    7094   1030 _X_T2CTRL	=	0x7094
                    7095   1031 _X_ST0	=	0x7095
                    7096   1032 _X_ST1	=	0x7096
                    7097   1033 _X_ST2	=	0x7097
                    709C   1034 _X_T2EVTCFG	=	0x709c
                    709D   1035 _X_SLEEPSTA	=	0x709d
                    709E   1036 _X_CLKCONSTA	=	0x709e
                    709F   1037 _X_FMAP	=	0x709f
                    709F   1038 _X_PSBANK	=	0x709f
                    70A0   1039 _X_P2	=	0x70a0
                    70A1   1040 _X_T2IRQF	=	0x70a1
                    70A2   1041 _X_T2M0	=	0x70a2
                    70A3   1042 _X_T2M1	=	0x70a3
                    70A4   1043 _X_T2MOVF0	=	0x70a4
                    70A5   1044 _X_T2MOVF1	=	0x70a5
                    70A6   1045 _X_T2MOVF2	=	0x70a6
                    70A7   1046 _X_T2IRQM	=	0x70a7
                    70AB   1047 _X_P0IEN	=	0x70ab
                    70AC   1048 _X_P2IEN	=	0x70ac
                    70AD   1049 _X_STLOAD	=	0x70ad
                    70AE   1050 _X_PMUX	=	0x70ae
                    70AF   1051 _X_T1STAT	=	0x70af
                    70B1   1052 _X_ENCDI	=	0x70b1
                    70B2   1053 _X_ENCDO	=	0x70b2
                    70B3   1054 _X_ENCCS	=	0x70b3
                    70B4   1055 _X_ADCCON1	=	0x70b4
                    70B5   1056 _X_ADCCON2	=	0x70b5
                    70B6   1057 _X_ADCCON3	=	0x70b6
                    70BA   1058 _X_ADCL	=	0x70ba
                    70BB   1059 _X_ADCH	=	0x70bb
                    70BC   1060 _X_RNDL	=	0x70bc
                    70BD   1061 _X_RNDH	=	0x70bd
                    70BE   1062 _X_SLEEPCMD	=	0x70be
                    70BF   1063 _X_RFERRF	=	0x70bf
                    70C1   1064 _X_U0DBUF	=	0x70c1
                    70C2   1065 _X_U0BAUD	=	0x70c2
                    70C3   1066 _X_T2MSEL	=	0x70c3
                    70C4   1067 _X_U0UCR	=	0x70c4
                    70C5   1068 _X_U0GCR	=	0x70c5
                    70C6   1069 _X_CLKCONCMD	=	0x70c6
                    70C7   1070 _X_MEMCTR	=	0x70c7
                    70C9   1071 _X_WDCTL	=	0x70c9
                    70CA   1072 _X_T3CNT	=	0x70ca
                    70CB   1073 _X_T3CTL	=	0x70cb
                    70CC   1074 _X_T3CCTL0	=	0x70cc
                    70CD   1075 _X_T3CC0	=	0x70cd
                    70CE   1076 _X_T3CCTL1	=	0x70ce
                    70CF   1077 _X_T3CC1	=	0x70cf
                    70D1   1078 _X_DMAIRQ	=	0x70d1
                    70D2   1079 _X_DMA1CFGL	=	0x70d2
                    70D3   1080 _X_DMA1CFGH	=	0x70d3
                    70D4   1081 _X_DMA0CFGL	=	0x70d4
                    70D5   1082 _X_DMA0CFGH	=	0x70d5
                    70D6   1083 _X_DMAARM	=	0x70d6
                    70D7   1084 _X_DMAREQ	=	0x70d7
                    70D8   1085 _X_TIMIF	=	0x70d8
                    70D9   1086 _X_RFD	=	0x70d9
                    70DA   1087 _X_T1CC0L	=	0x70da
                    70DB   1088 _X_T1CC0H	=	0x70db
                    70DC   1089 _X_T1CC1L	=	0x70dc
                    70DD   1090 _X_T1CC1H	=	0x70dd
                    70DE   1091 _X_T1CC2L	=	0x70de
                    70DF   1092 _X_T1CC2H	=	0x70df
                    70E1   1093 _X_RFST	=	0x70e1
                    70E2   1094 _X_T1CNTL	=	0x70e2
                    70E3   1095 _X_T1CNTH	=	0x70e3
                    70E4   1096 _X_T1CTL	=	0x70e4
                    70E5   1097 _X_T1CCTL0	=	0x70e5
                    70E6   1098 _X_T1CCTL1	=	0x70e6
                    70E7   1099 _X_T1CCTL2	=	0x70e7
                    70E9   1100 _X_RFIRQF0	=	0x70e9
                    70EA   1101 _X_T4CNT	=	0x70ea
                    70EB   1102 _X_T4CTL	=	0x70eb
                    70EC   1103 _X_T4CCTL0	=	0x70ec
                    70ED   1104 _X_T4CC0	=	0x70ed
                    70EE   1105 _X_T4CCTL1	=	0x70ee
                    70EF   1106 _X_T4CC1	=	0x70ef
                    70F1   1107 _X_PERCFG	=	0x70f1
                    70F2   1108 _X_APCFG	=	0x70f2
                    70F3   1109 _X_P0SEL	=	0x70f3
                    70F4   1110 _X_P1SEL	=	0x70f4
                    70F5   1111 _X_P2SEL	=	0x70f5
                    70F6   1112 _X_P1INP	=	0x70f6
                    70F7   1113 _X_P2INP	=	0x70f7
                    70F8   1114 _X_U1CSR	=	0x70f8
                    70F9   1115 _X_U1DBUF	=	0x70f9
                    70FA   1116 _X_U1BAUD	=	0x70fa
                    70FB   1117 _X_U1UCR	=	0x70fb
                    70FC   1118 _X_U1GCR	=	0x70fc
                    70FD   1119 _X_P0DIR	=	0x70fd
                    70FE   1120 _X_P1DIR	=	0x70fe
                    70FF   1121 _X_P2DIR	=	0x70ff
                    7800   1122 _X_INFOPAGE	=	0x7800
                    780C   1123 _X_IEEE_ADDR	=	0x780c
   0000                    1124 _usb_ctrl_data_buffer:
   0000                    1125 	.ds 32
   0020                    1126 _line_state:
   0020                    1127 	.ds 1
   0021                    1128 _events:
   0021                    1129 	.ds 1
                           1130 ;--------------------------------------------------------
                           1131 ; absolute external ram data
                           1132 ;--------------------------------------------------------
                           1133 	.area XABS    (ABS,XDATA)
                           1134 ;--------------------------------------------------------
                           1135 ; external initialized ram data
                           1136 ;--------------------------------------------------------
                           1137 	.area XISEG   (XDATA)
   0000                    1138 _usb_line_coding:
   0000                    1139 	.ds 7
   0007                    1140 _cdc_event_process:
   0007                    1141 	.ds 3
   000A                    1142 _cdc_acm_request_hook:
   000A                    1143 	.ds 6
                           1144 	.area HOME    (CODE)
                           1145 	.area GSINIT0 (CODE)
                           1146 	.area GSINIT1 (CODE)
                           1147 	.area GSINIT2 (CODE)
                           1148 	.area GSINIT3 (CODE)
                           1149 	.area GSINIT4 (CODE)
                           1150 	.area GSINIT5 (CODE)
                           1151 	.area GSINIT  (CODE)
                           1152 	.area GSFINAL (CODE)
                           1153 	.area CSEG    (CODE)
                           1154 ;--------------------------------------------------------
                           1155 ; global & static initialisations
                           1156 ;--------------------------------------------------------
                           1157 	.area HOME    (CODE)
                           1158 	.area GSINIT  (CODE)
                           1159 	.area GSFINAL (CODE)
                           1160 	.area GSINIT  (CODE)
                           1161 ;--------------------------------------------------------
                           1162 ; Home
                           1163 ;--------------------------------------------------------
                           1164 	.area HOME    (CODE)
                           1165 	.area HOME    (CODE)
                           1166 ;--------------------------------------------------------
                           1167 ; code
                           1168 ;--------------------------------------------------------
                           1169 	.area BANK1   (CODE)
                           1170 ;------------------------------------------------------------
                           1171 ;Allocation info for local variables in function 'notify_user'
                           1172 ;------------------------------------------------------------
                           1173 ;e                         Allocated to registers r7 
                           1174 ;------------------------------------------------------------
                           1175 ;	../../../contiki-sensinode//cpu/cc253x/usb/common/cdc-acm/cdc-acm.c:22: notify_user(uint8_t e)
                           1176 ;	-----------------------------------------
                           1177 ;	 function notify_user
                           1178 ;	-----------------------------------------
   0000                    1179 _notify_user:
                    0007   1180 	ar7 = 0x07
                    0006   1181 	ar6 = 0x06
                    0005   1182 	ar5 = 0x05
                    0004   1183 	ar4 = 0x04
                    0003   1184 	ar3 = 0x03
                    0002   1185 	ar2 = 0x02
                    0001   1186 	ar1 = 0x01
                    0000   1187 	ar0 = 0x00
   0000 AF 82              1188 	mov	r7,dpl
                           1189 ;	../../../contiki-sensinode//cpu/cc253x/usb/common/cdc-acm/cdc-acm.c:24: events |= e;
   0002 90s00r21           1190 	mov	dptr,#_events
   0005 E0                 1191 	movx	a,@dptr
   0006 4F                 1192 	orl	a,r7
   0007 F0                 1193 	movx	@dptr,a
                           1194 ;	../../../contiki-sensinode//cpu/cc253x/usb/common/cdc-acm/cdc-acm.c:25: if(cdc_event_process) {
   0008 90s00r07           1195 	mov	dptr,#_cdc_event_process
   000B E0                 1196 	movx	a,@dptr
   000C FD                 1197 	mov	r5,a
   000D A3                 1198 	inc	dptr
   000E E0                 1199 	movx	a,@dptr
   000F FE                 1200 	mov	r6,a
   0010 A3                 1201 	inc	dptr
   0011 E0                 1202 	movx	a,@dptr
   0012 FF                 1203 	mov	r7,a
   0013 ED                 1204 	mov	a,r5
   0014 4E                 1205 	orl	a,r6
   0015 60 0F              1206 	jz	00103$
                           1207 ;	../../../contiki-sensinode//cpu/cc253x/usb/common/cdc-acm/cdc-acm.c:26: process_poll(cdc_event_process);
   0017 8D 82              1208 	mov	dpl,r5
   0019 8E 83              1209 	mov	dph,r6
   001B 8F F0              1210 	mov	b,r7
   001D 78r00              1211 	mov	r0,#_process_poll
   001F 79s00              1212 	mov	r1,#(_process_poll >> 8)
   0021 7As00              1213 	mov	r2,#(_process_poll >> 16)
   0023 12s00r00           1214 	lcall	__sdcc_banked_call
   0026                    1215 00103$:
   0026 02s00r00           1216 	ljmp	__sdcc_banked_ret
                           1217 ;------------------------------------------------------------
                           1218 ;Allocation info for local variables in function 'encapsulated_command'
                           1219 ;------------------------------------------------------------
                           1220 ;length                    Allocated to stack - sp -4
                           1221 ;data                      Allocated to registers 
                           1222 ;------------------------------------------------------------
                           1223 ;	../../../contiki-sensinode//cpu/cc253x/usb/common/cdc-acm/cdc-acm.c:31: encapsulated_command(uint8_t *data, unsigned int length)
                           1224 ;	-----------------------------------------
                           1225 ;	 function encapsulated_command
                           1226 ;	-----------------------------------------
   0029                    1227 _encapsulated_command:
                           1228 ;	../../../contiki-sensinode//cpu/cc253x/usb/common/cdc-acm/cdc-acm.c:34: usb_send_ctrl_status();
   0029 78r00              1229 	mov	r0,#_usb_send_ctrl_status
   002B 79s00              1230 	mov	r1,#(_usb_send_ctrl_status >> 8)
   002D 7As00              1231 	mov	r2,#(_usb_send_ctrl_status >> 16)
   002F 12s00r00           1232 	lcall	__sdcc_banked_call
   0032 02s00r00           1233 	ljmp	__sdcc_banked_ret
                           1234 ;------------------------------------------------------------
                           1235 ;Allocation info for local variables in function 'set_line_encoding'
                           1236 ;------------------------------------------------------------
                           1237 ;length                    Allocated to stack - sp -4
                           1238 ;data                      Allocated to registers r5 r6 r7 
                           1239 ;------------------------------------------------------------
                           1240 ;	../../../contiki-sensinode//cpu/cc253x/usb/common/cdc-acm/cdc-acm.c:37: set_line_encoding(uint8_t *data, unsigned int length)
                           1241 ;	-----------------------------------------
                           1242 ;	 function set_line_encoding
                           1243 ;	-----------------------------------------
   0035                    1244 _set_line_encoding:
   0035 AD 82              1245 	mov	r5,dpl
   0037 AE 83              1246 	mov	r6,dph
   0039 AF F0              1247 	mov	r7,b
                           1248 ;	../../../contiki-sensinode//cpu/cc253x/usb/common/cdc-acm/cdc-acm.c:39: if(length == 7) {
   003B E5 81              1249 	mov	a,sp
   003D 24 FC              1250 	add	a,#0xfc
   003F F8                 1251 	mov	r0,a
   0040 B6 07 3D           1252 	cjne	@r0,#0x07,00102$
   0043 08                 1253 	inc	r0
   0044 B6 00 39           1254 	cjne	@r0,#0x00,00102$
                           1255 ;	../../../contiki-sensinode//cpu/cc253x/usb/common/cdc-acm/cdc-acm.c:54: memcpy(&usb_line_coding, data, sizeof(usb_line_coding));
   0047 74 07              1256 	mov	a,#0x07
   0049 C0 E0              1257 	push	acc
   004B E4                 1258 	clr	a
   004C C0 E0              1259 	push	acc
   004E C0 05              1260 	push	ar5
   0050 C0 06              1261 	push	ar6
   0052 C0 07              1262 	push	ar7
   0054 90s00r00           1263 	mov	dptr,#_usb_line_coding
   0057 75 F0 00           1264 	mov	b,#0x00
   005A 78r00              1265 	mov	r0,#_memcpy
   005C 79s00              1266 	mov	r1,#(_memcpy >> 8)
   005E 7As00              1267 	mov	r2,#(_memcpy >> 16)
   0060 12s00r00           1268 	lcall	__sdcc_banked_call
   0063 E5 81              1269 	mov	a,sp
   0065 24 FB              1270 	add	a,#0xfb
   0067 F5 81              1271 	mov	sp,a
                           1272 ;	../../../contiki-sensinode//cpu/cc253x/usb/common/cdc-acm/cdc-acm.c:55: notify_user(USB_CDC_ACM_LINE_CODING);
   0069 75 82 01           1273 	mov	dpl,#0x01
   006C 78r00              1274 	mov	r0,#_notify_user
   006E 79s00              1275 	mov	r1,#(_notify_user >> 8)
   0070 7As00              1276 	mov	r2,#(_notify_user >> 16)
   0072 12s00r00           1277 	lcall	__sdcc_banked_call
                           1278 ;	../../../contiki-sensinode//cpu/cc253x/usb/common/cdc-acm/cdc-acm.c:56: usb_send_ctrl_status();
   0075 78r00              1279 	mov	r0,#_usb_send_ctrl_status
   0077 79s00              1280 	mov	r1,#(_usb_send_ctrl_status >> 8)
   0079 7As00              1281 	mov	r2,#(_usb_send_ctrl_status >> 16)
   007B 12s00r00           1282 	lcall	__sdcc_banked_call
   007E 80 09              1283 	sjmp	00104$
   0080                    1284 00102$:
                           1285 ;	../../../contiki-sensinode//cpu/cc253x/usb/common/cdc-acm/cdc-acm.c:58: usb_error_stall();
   0080 78r00              1286 	mov	r0,#_usb_error_stall
   0082 79s00              1287 	mov	r1,#(_usb_error_stall >> 8)
   0084 7As00              1288 	mov	r2,#(_usb_error_stall >> 16)
   0086 12s00r00           1289 	lcall	__sdcc_banked_call
   0089                    1290 00104$:
   0089 02s00r00           1291 	ljmp	__sdcc_banked_ret
                           1292 ;------------------------------------------------------------
                           1293 ;Allocation info for local variables in function 'handle_cdc_acm_requests'
                           1294 ;------------------------------------------------------------
                           1295 ;len                       Allocated to registers r6 r7 
                           1296 ;len                       Allocated to registers r6 r7 
                           1297 ;------------------------------------------------------------
                           1298 ;	../../../contiki-sensinode//cpu/cc253x/usb/common/cdc-acm/cdc-acm.c:63: handle_cdc_acm_requests()
                           1299 ;	-----------------------------------------
                           1300 ;	 function handle_cdc_acm_requests
                           1301 ;	-----------------------------------------
   008C                    1302 _handle_cdc_acm_requests:
                           1303 ;	../../../contiki-sensinode//cpu/cc253x/usb/common/cdc-acm/cdc-acm.c:67: switch (usb_setup_buffer.bmRequestType) {
   008C 90s00r00           1304 	mov	dptr,#_usb_setup_buffer
   008F E0                 1305 	movx	a,@dptr
   0090 FF                 1306 	mov	r7,a
   0091 BF 21 02           1307 	cjne	r7,#0x21,00143$
   0094 80 09              1308 	sjmp	00101$
   0096                    1309 00143$:
   0096 BF A1 03           1310 	cjne	r7,#0xA1,00144$
   0099 02s01r68           1311 	ljmp	00112$
   009C                    1312 00144$:
   009C 02s01rBA           1313 	ljmp	00118$
                           1314 ;	../../../contiki-sensinode//cpu/cc253x/usb/common/cdc-acm/cdc-acm.c:68: case 0x21: /* CDC interface OUT requests */
   009F                    1315 00101$:
                           1316 ;	../../../contiki-sensinode//cpu/cc253x/usb/common/cdc-acm/cdc-acm.c:70: if(usb_setup_buffer.wIndex != 0)
   009F 90s00r04           1317 	mov	dptr,#(_usb_setup_buffer + 0x0004)
   00A2 E0                 1318 	movx	a,@dptr
   00A3 FE                 1319 	mov	r6,a
   00A4 A3                 1320 	inc	dptr
   00A5 E0                 1321 	movx	a,@dptr
   00A6 FF                 1322 	mov	r7,a
   00A7 4E                 1323 	orl	a,r6
   00A8 60 06              1324 	jz	00103$
                           1325 ;	../../../contiki-sensinode//cpu/cc253x/usb/common/cdc-acm/cdc-acm.c:71: return 0;
   00AA 90 00 00           1326 	mov	dptr,#0x0000
   00AD 02s01rBD           1327 	ljmp	00119$
   00B0                    1328 00103$:
                           1329 ;	../../../contiki-sensinode//cpu/cc253x/usb/common/cdc-acm/cdc-acm.c:72: switch (usb_setup_buffer.bRequest) {
   00B0 90s00r01           1330 	mov	dptr,#(_usb_setup_buffer + 0x0001)
   00B3 E0                 1331 	movx	a,@dptr
   00B4 FF                 1332 	mov	r7,a
   00B5 60 34              1333 	jz	00105$
   00B7 BF 20 02           1334 	cjne	r7,#0x20,00147$
   00BA 80 6E              1335 	sjmp	00108$
   00BC                    1336 00147$:
   00BC BF 22 02           1337 	cjne	r7,#0x22,00148$
   00BF 80 03              1338 	sjmp	00149$
   00C1                    1339 00148$:
   00C1 02s01rBA           1340 	ljmp	00118$
   00C4                    1341 00149$:
                           1342 ;	../../../contiki-sensinode//cpu/cc253x/usb/common/cdc-acm/cdc-acm.c:74: line_state = usb_setup_buffer.wValue;
   00C4 90s00r02           1343 	mov	dptr,#(_usb_setup_buffer + 0x0002)
   00C7 E0                 1344 	movx	a,@dptr
   00C8 FE                 1345 	mov	r6,a
   00C9 A3                 1346 	inc	dptr
   00CA E0                 1347 	movx	a,@dptr
   00CB 90s00r20           1348 	mov	dptr,#_line_state
   00CE EE                 1349 	mov	a,r6
   00CF F0                 1350 	movx	@dptr,a
                           1351 ;	../../../contiki-sensinode//cpu/cc253x/usb/common/cdc-acm/cdc-acm.c:75: notify_user(USB_CDC_ACM_LINE_STATE);
   00D0 75 82 02           1352 	mov	dpl,#0x02
   00D3 78r00              1353 	mov	r0,#_notify_user
   00D5 79s00              1354 	mov	r1,#(_notify_user >> 8)
   00D7 7As00              1355 	mov	r2,#(_notify_user >> 16)
   00D9 12s00r00           1356 	lcall	__sdcc_banked_call
                           1357 ;	../../../contiki-sensinode//cpu/cc253x/usb/common/cdc-acm/cdc-acm.c:76: usb_send_ctrl_status();
   00DC 78r00              1358 	mov	r0,#_usb_send_ctrl_status
   00DE 79s00              1359 	mov	r1,#(_usb_send_ctrl_status >> 8)
   00E0 7As00              1360 	mov	r2,#(_usb_send_ctrl_status >> 16)
   00E2 12s00r00           1361 	lcall	__sdcc_banked_call
                           1362 ;	../../../contiki-sensinode//cpu/cc253x/usb/common/cdc-acm/cdc-acm.c:77: return 1;
   00E5 90 00 01           1363 	mov	dptr,#0x0001
   00E8 02s01rBD           1364 	ljmp	00119$
                           1365 ;	../../../contiki-sensinode//cpu/cc253x/usb/common/cdc-acm/cdc-acm.c:79: case SEND_ENCAPSULATED_COMMAND:
   00EB                    1366 00105$:
                           1367 ;	../../../contiki-sensinode//cpu/cc253x/usb/common/cdc-acm/cdc-acm.c:81: unsigned int len = usb_setup_buffer.wLength;
   00EB 90s00r06           1368 	mov	dptr,#(_usb_setup_buffer + 0x0006)
   00EE E0                 1369 	movx	a,@dptr
   00EF FE                 1370 	mov	r6,a
   00F0 A3                 1371 	inc	dptr
   00F1 E0                 1372 	movx	a,@dptr
   00F2 FF                 1373 	mov	r7,a
                           1374 ;	../../../contiki-sensinode//cpu/cc253x/usb/common/cdc-acm/cdc-acm.c:82: if(len > sizeof(usb_ctrl_data_buffer))
   00F3 C3                 1375 	clr	c
   00F4 74 20              1376 	mov	a,#0x20
   00F6 9E                 1377 	subb	a,r6
   00F7 E4                 1378 	clr	a
   00F8 9F                 1379 	subb	a,r7
   00F9 50 04              1380 	jnc	00107$
                           1381 ;	../../../contiki-sensinode//cpu/cc253x/usb/common/cdc-acm/cdc-acm.c:83: len = sizeof(usb_ctrl_data_buffer);
   00FB 7E 20              1382 	mov	r6,#0x20
   00FD 7F 00              1383 	mov	r7,#0x00
   00FF                    1384 00107$:
                           1385 ;	../../../contiki-sensinode//cpu/cc253x/usb/common/cdc-acm/cdc-acm.c:84: usb_get_ctrl_data(usb_ctrl_data_buffer, len, encapsulated_command);
   00FF 74r29              1386 	mov	a,#_encapsulated_command
   0101 C0 E0              1387 	push	acc
   0103 74s00              1388 	mov	a,#(_encapsulated_command >> 8)
   0105 C0 E0              1389 	push	acc
   0107 74s00              1390 	mov	a,#(_encapsulated_command >> 16)
   0109 C0 E0              1391 	push	acc
   010B C0 06              1392 	push	ar6
   010D C0 07              1393 	push	ar7
   010F 90s00r00           1394 	mov	dptr,#_usb_ctrl_data_buffer
   0112 75 F0 00           1395 	mov	b,#0x00
   0115 78r00              1396 	mov	r0,#_usb_get_ctrl_data
   0117 79s00              1397 	mov	r1,#(_usb_get_ctrl_data >> 8)
   0119 7As00              1398 	mov	r2,#(_usb_get_ctrl_data >> 16)
   011B 12s00r00           1399 	lcall	__sdcc_banked_call
   011E E5 81              1400 	mov	a,sp
   0120 24 FB              1401 	add	a,#0xfb
   0122 F5 81              1402 	mov	sp,a
                           1403 ;	../../../contiki-sensinode//cpu/cc253x/usb/common/cdc-acm/cdc-acm.c:87: return 1;
   0124 90 00 01           1404 	mov	dptr,#0x0001
   0127 02s01rBD           1405 	ljmp	00119$
                           1406 ;	../../../contiki-sensinode//cpu/cc253x/usb/common/cdc-acm/cdc-acm.c:90: case SET_LINE_CODING:
   012A                    1407 00108$:
                           1408 ;	../../../contiki-sensinode//cpu/cc253x/usb/common/cdc-acm/cdc-acm.c:92: unsigned int len = usb_setup_buffer.wLength;
   012A 90s00r06           1409 	mov	dptr,#(_usb_setup_buffer + 0x0006)
   012D E0                 1410 	movx	a,@dptr
   012E FE                 1411 	mov	r6,a
   012F A3                 1412 	inc	dptr
   0130 E0                 1413 	movx	a,@dptr
   0131 FF                 1414 	mov	r7,a
                           1415 ;	../../../contiki-sensinode//cpu/cc253x/usb/common/cdc-acm/cdc-acm.c:93: if(len > sizeof(usb_ctrl_data_buffer))
   0132 C3                 1416 	clr	c
   0133 74 20              1417 	mov	a,#0x20
   0135 9E                 1418 	subb	a,r6
   0136 E4                 1419 	clr	a
   0137 9F                 1420 	subb	a,r7
   0138 50 04              1421 	jnc	00110$
                           1422 ;	../../../contiki-sensinode//cpu/cc253x/usb/common/cdc-acm/cdc-acm.c:94: len = sizeof(usb_ctrl_data_buffer);
   013A 7E 20              1423 	mov	r6,#0x20
   013C 7F 00              1424 	mov	r7,#0x00
   013E                    1425 00110$:
                           1426 ;	../../../contiki-sensinode//cpu/cc253x/usb/common/cdc-acm/cdc-acm.c:95: usb_get_ctrl_data(usb_ctrl_data_buffer, len, set_line_encoding);
   013E 74r35              1427 	mov	a,#_set_line_encoding
   0140 C0 E0              1428 	push	acc
   0142 74s00              1429 	mov	a,#(_set_line_encoding >> 8)
   0144 C0 E0              1430 	push	acc
   0146 74s00              1431 	mov	a,#(_set_line_encoding >> 16)
   0148 C0 E0              1432 	push	acc
   014A C0 06              1433 	push	ar6
   014C C0 07              1434 	push	ar7
   014E 90s00r00           1435 	mov	dptr,#_usb_ctrl_data_buffer
   0151 75 F0 00           1436 	mov	b,#0x00
   0154 78r00              1437 	mov	r0,#_usb_get_ctrl_data
   0156 79s00              1438 	mov	r1,#(_usb_get_ctrl_data >> 8)
   0158 7As00              1439 	mov	r2,#(_usb_get_ctrl_data >> 16)
   015A 12s00r00           1440 	lcall	__sdcc_banked_call
   015D E5 81              1441 	mov	a,sp
   015F 24 FB              1442 	add	a,#0xfb
   0161 F5 81              1443 	mov	sp,a
                           1444 ;	../../../contiki-sensinode//cpu/cc253x/usb/common/cdc-acm/cdc-acm.c:97: return 1;
   0163 90 00 01           1445 	mov	dptr,#0x0001
                           1446 ;	../../../contiki-sensinode//cpu/cc253x/usb/common/cdc-acm/cdc-acm.c:100: case 0xa1:                   /* CDC interface IN requests */
   0166 80 55              1447 	sjmp	00119$
   0168                    1448 00112$:
                           1449 ;	../../../contiki-sensinode//cpu/cc253x/usb/common/cdc-acm/cdc-acm.c:101: if(usb_setup_buffer.wIndex != 0)
   0168 90s00r04           1450 	mov	dptr,#(_usb_setup_buffer + 0x0004)
   016B E0                 1451 	movx	a,@dptr
   016C FE                 1452 	mov	r6,a
   016D A3                 1453 	inc	dptr
   016E E0                 1454 	movx	a,@dptr
   016F FF                 1455 	mov	r7,a
   0170 4E                 1456 	orl	a,r6
   0171 60 05              1457 	jz	00114$
                           1458 ;	../../../contiki-sensinode//cpu/cc253x/usb/common/cdc-acm/cdc-acm.c:102: return 0;
   0173 90 00 00           1459 	mov	dptr,#0x0000
   0176 80 45              1460 	sjmp	00119$
   0178                    1461 00114$:
                           1462 ;	../../../contiki-sensinode//cpu/cc253x/usb/common/cdc-acm/cdc-acm.c:103: switch (usb_setup_buffer.bRequest) {
   0178 90s00r01           1463 	mov	dptr,#(_usb_setup_buffer + 0x0001)
   017B E0                 1464 	movx	a,@dptr
   017C FF                 1465 	mov	r7,a
   017D BF 01 02           1466 	cjne	r7,#0x01,00153$
   0180 80 05              1467 	sjmp	00115$
   0182                    1468 00153$:
                           1469 ;	../../../contiki-sensinode//cpu/cc253x/usb/common/cdc-acm/cdc-acm.c:104: case GET_ENCAPSULATED_RESPONSE:
   0182 BF 21 35           1470 	cjne	r7,#0x21,00118$
   0185 80 0E              1471 	sjmp	00116$
   0187                    1472 00115$:
                           1473 ;	../../../contiki-sensinode//cpu/cc253x/usb/common/cdc-acm/cdc-acm.c:106: usb_send_ctrl_status();
   0187 78r00              1474 	mov	r0,#_usb_send_ctrl_status
   0189 79s00              1475 	mov	r1,#(_usb_send_ctrl_status >> 8)
   018B 7As00              1476 	mov	r2,#(_usb_send_ctrl_status >> 16)
   018D 12s00r00           1477 	lcall	__sdcc_banked_call
                           1478 ;	../../../contiki-sensinode//cpu/cc253x/usb/common/cdc-acm/cdc-acm.c:107: return 1;
   0190 90 00 01           1479 	mov	dptr,#0x0001
                           1480 ;	../../../contiki-sensinode//cpu/cc253x/usb/common/cdc-acm/cdc-acm.c:108: case GET_LINE_CODING:
   0193 80 28              1481 	sjmp	00119$
   0195                    1482 00116$:
                           1483 ;	../../../contiki-sensinode//cpu/cc253x/usb/common/cdc-acm/cdc-acm.c:109: usb_send_ctrl_response((uint8_t *) & usb_line_coding, 7);
   0195 7Er00              1484 	mov	r6,#_usb_line_coding
   0197 7Fs00              1485 	mov	r7,#(_usb_line_coding >> 8)
   0199 7D 00              1486 	mov	r5,#0x00
   019B 74 07              1487 	mov	a,#0x07
   019D C0 E0              1488 	push	acc
   019F E4                 1489 	clr	a
   01A0 C0 E0              1490 	push	acc
   01A2 8E 82              1491 	mov	dpl,r6
   01A4 8F 83              1492 	mov	dph,r7
   01A6 8D F0              1493 	mov	b,r5
   01A8 78r00              1494 	mov	r0,#_usb_send_ctrl_response
   01AA 79s00              1495 	mov	r1,#(_usb_send_ctrl_response >> 8)
   01AC 7As00              1496 	mov	r2,#(_usb_send_ctrl_response >> 16)
   01AE 12s00r00           1497 	lcall	__sdcc_banked_call
   01B1 15 81              1498 	dec	sp
   01B3 15 81              1499 	dec	sp
                           1500 ;	../../../contiki-sensinode//cpu/cc253x/usb/common/cdc-acm/cdc-acm.c:110: return 1;
   01B5 90 00 01           1501 	mov	dptr,#0x0001
                           1502 ;	../../../contiki-sensinode//cpu/cc253x/usb/common/cdc-acm/cdc-acm.c:112: }
   01B8 80 03              1503 	sjmp	00119$
   01BA                    1504 00118$:
                           1505 ;	../../../contiki-sensinode//cpu/cc253x/usb/common/cdc-acm/cdc-acm.c:113: return 0;
   01BA 90 00 00           1506 	mov	dptr,#0x0000
   01BD                    1507 00119$:
   01BD 02s00r00           1508 	ljmp	__sdcc_banked_ret
                           1509 ;------------------------------------------------------------
                           1510 ;Allocation info for local variables in function 'usb_cdc_acm_setup'
                           1511 ;------------------------------------------------------------
                           1512 ;	../../../contiki-sensinode//cpu/cc253x/usb/common/cdc-acm/cdc-acm.c:128: usb_cdc_acm_setup()
                           1513 ;	-----------------------------------------
                           1514 ;	 function usb_cdc_acm_setup
                           1515 ;	-----------------------------------------
   01C0                    1516 _usb_cdc_acm_setup:
                           1517 ;	../../../contiki-sensinode//cpu/cc253x/usb/common/cdc-acm/cdc-acm.c:130: usb_register_request_handler(&cdc_acm_request_hook);
   01C0 90s00r0A           1518 	mov	dptr,#_cdc_acm_request_hook
   01C3 75 F0 00           1519 	mov	b,#0x00
   01C6 78r00              1520 	mov	r0,#_usb_register_request_handler
   01C8 79s00              1521 	mov	r1,#(_usb_register_request_handler >> 8)
   01CA 7As00              1522 	mov	r2,#(_usb_register_request_handler >> 16)
   01CC 12s00r00           1523 	lcall	__sdcc_banked_call
   01CF 02s00r00           1524 	ljmp	__sdcc_banked_ret
                           1525 ;------------------------------------------------------------
                           1526 ;Allocation info for local variables in function 'usb_cdc_acm_get_events'
                           1527 ;------------------------------------------------------------
                           1528 ;r                         Allocated to registers r7 
                           1529 ;------------------------------------------------------------
                           1530 ;	../../../contiki-sensinode//cpu/cc253x/usb/common/cdc-acm/cdc-acm.c:134: usb_cdc_acm_get_events(void)
                           1531 ;	-----------------------------------------
                           1532 ;	 function usb_cdc_acm_get_events
                           1533 ;	-----------------------------------------
   01D2                    1534 _usb_cdc_acm_get_events:
                           1535 ;	../../../contiki-sensinode//cpu/cc253x/usb/common/cdc-acm/cdc-acm.c:136: uint8_t r = events;
   01D2 90s00r21           1536 	mov	dptr,#_events
   01D5 E0                 1537 	movx	a,@dptr
   01D6 FF                 1538 	mov	r7,a
                           1539 ;	../../../contiki-sensinode//cpu/cc253x/usb/common/cdc-acm/cdc-acm.c:137: events = 0;
   01D7 90s00r21           1540 	mov	dptr,#_events
   01DA E4                 1541 	clr	a
   01DB F0                 1542 	movx	@dptr,a
                           1543 ;	../../../contiki-sensinode//cpu/cc253x/usb/common/cdc-acm/cdc-acm.c:138: return r;
   01DC 8F 82              1544 	mov	dpl,r7
   01DE 02s00r00           1545 	ljmp	__sdcc_banked_ret
                           1546 ;------------------------------------------------------------
                           1547 ;Allocation info for local variables in function 'usb_cdc_acm_get_line_state'
                           1548 ;------------------------------------------------------------
                           1549 ;	../../../contiki-sensinode//cpu/cc253x/usb/common/cdc-acm/cdc-acm.c:142: usb_cdc_acm_get_line_state(void)
                           1550 ;	-----------------------------------------
                           1551 ;	 function usb_cdc_acm_get_line_state
                           1552 ;	-----------------------------------------
   01E1                    1553 _usb_cdc_acm_get_line_state:
                           1554 ;	../../../contiki-sensinode//cpu/cc253x/usb/common/cdc-acm/cdc-acm.c:144: return line_state;
   01E1 90s00r20           1555 	mov	dptr,#_line_state
   01E4 E0                 1556 	movx	a,@dptr
   01E5 FF                 1557 	mov	r7,a
   01E6 F5 82              1558 	mov	dpl,a
   01E8 02s00r00           1559 	ljmp	__sdcc_banked_ret
                           1560 ;------------------------------------------------------------
                           1561 ;Allocation info for local variables in function 'usb_cdc_acm_get_line_coding'
                           1562 ;------------------------------------------------------------
                           1563 ;	../../../contiki-sensinode//cpu/cc253x/usb/common/cdc-acm/cdc-acm.c:148: usb_cdc_acm_get_line_coding(void)
                           1564 ;	-----------------------------------------
                           1565 ;	 function usb_cdc_acm_get_line_coding
                           1566 ;	-----------------------------------------
   01EB                    1567 _usb_cdc_acm_get_line_coding:
                           1568 ;	../../../contiki-sensinode//cpu/cc253x/usb/common/cdc-acm/cdc-acm.c:150: return &usb_line_coding;
   01EB 90s00r00           1569 	mov	dptr,#_usb_line_coding
   01EE 75 F0 00           1570 	mov	b,#0x00
   01F1 02s00r00           1571 	ljmp	__sdcc_banked_ret
                           1572 ;------------------------------------------------------------
                           1573 ;Allocation info for local variables in function 'usb_cdc_acm_set_event_process'
                           1574 ;------------------------------------------------------------
                           1575 ;p                         Allocated to registers 
                           1576 ;------------------------------------------------------------
                           1577 ;	../../../contiki-sensinode//cpu/cc253x/usb/common/cdc-acm/cdc-acm.c:154: usb_cdc_acm_set_event_process(struct process *p)
                           1578 ;	-----------------------------------------
                           1579 ;	 function usb_cdc_acm_set_event_process
                           1580 ;	-----------------------------------------
   01F4                    1581 _usb_cdc_acm_set_event_process:
   01F4 AF F0              1582 	mov	r7,b
   01F6 AE 83              1583 	mov	r6,dph
   01F8 E5 82              1584 	mov	a,dpl
   01FA 90s00r07           1585 	mov	dptr,#_cdc_event_process
   01FD F0                 1586 	movx	@dptr,a
   01FE A3                 1587 	inc	dptr
   01FF EE                 1588 	mov	a,r6
   0200 F0                 1589 	movx	@dptr,a
   0201 A3                 1590 	inc	dptr
   0202 EF                 1591 	mov	a,r7
   0203 F0                 1592 	movx	@dptr,a
                           1593 ;	../../../contiki-sensinode//cpu/cc253x/usb/common/cdc-acm/cdc-acm.c:156: cdc_event_process = p;
   0204 02s00r00           1594 	ljmp	__sdcc_banked_ret
                           1595 	.area CSEG    (CODE)
                           1596 	.area CONST   (CODE)
   0000                    1597 _cdc_acm_request_handler:
   0000 21                 1598 	.db #0x21	; 33
   0001 7F                 1599 	.db #0x7F	; 127
   0002 00                 1600 	.db #0x00	; 0
   0003 00                 1601 	.db #0x00	; 0
   0004r8Cs00s00           1602 	.byte _handle_cdc_acm_requests,(_handle_cdc_acm_requests >> 8),(_handle_cdc_acm_requests >> 16)
                           1603 	.area XINIT   (CODE)
   0000                    1604 __xinit__usb_line_coding:
   0000 80 25 00 00        1605 	.byte #0x80,#0x25,#0x00,#0x00	; 9600
   0004 00                 1606 	.db #0x00	; 0
   0005 00                 1607 	.db #0x00	; 0
   0006 08                 1608 	.db #0x08	; 8
   0007                    1609 __xinit__cdc_event_process:
                           1610 ; generic printIvalPtr
   0007 00 00 00           1611 	.byte #0x00,#0x00,#0x00
   000A                    1612 __xinit__cdc_acm_request_hook:
                           1613 ; generic printIvalPtr
   000A 00 00 00           1614 	.byte #0x00,#0x00,#0x00
   000Dr00s00 80           1615 	.byte _cdc_acm_request_handler,(_cdc_acm_request_handler >> 8),#0x80
                           1616 	.area CABS    (ABS,CODE)
