                              1 ;--------------------------------------------------------
                              2 ; File Created by SDCC : free open source ANSI-C Compiler
                              3 ; Version 3.1.1 #7100 (Oct 29 2014) (Linux)
                              4 ; This file was generated Wed Dec  2 18:10:57 2015
                              5 ;--------------------------------------------------------
                              6 	.module checkpoint
                              7 	.optsdcc -mmcs51 --model-huge
                              8 	
                              9 ;--------------------------------------------------------
                             10 ; Public variables in this module
                             11 ;--------------------------------------------------------
                             12 	.globl _checkpoint_arch_rollback
                             13 	.globl _checkpoint_arch_checkpoint
                             14 	.globl _checkpoint_arch_init
                             15 	.globl _ACTIVE
                             16 	.globl _TX_BYTE
                             17 	.globl _RX_BYTE
                             18 	.globl _ERR
                             19 	.globl _FE
                             20 	.globl _SLAVE
                             21 	.globl _RE
                             22 	.globl _MODE
                             23 	.globl _T3OVFIF
                             24 	.globl _T3CH0IF
                             25 	.globl _T3CH1IF
                             26 	.globl _T4OVFIF
                             27 	.globl _T4CH0IF
                             28 	.globl _T4CH1IF
                             29 	.globl _OVFIM
                             30 	.globl _B_0
                             31 	.globl _B_1
                             32 	.globl _B_2
                             33 	.globl _B_3
                             34 	.globl _B_4
                             35 	.globl _B_5
                             36 	.globl _B_6
                             37 	.globl _B_7
                             38 	.globl _P2IF
                             39 	.globl _UTX0IF
                             40 	.globl _UTX1IF
                             41 	.globl _P1IF
                             42 	.globl _WDTIF
                             43 	.globl _ACC_0
                             44 	.globl _ACC_1
                             45 	.globl _ACC_2
                             46 	.globl _ACC_3
                             47 	.globl _ACC_4
                             48 	.globl _ACC_5
                             49 	.globl _ACC_6
                             50 	.globl _ACC_7
                             51 	.globl _P
                             52 	.globl _F1
                             53 	.globl _OV
                             54 	.globl _RS0
                             55 	.globl _RS1
                             56 	.globl _F0
                             57 	.globl _AC
                             58 	.globl _CY
                             59 	.globl _DMAIF
                             60 	.globl _T1IF
                             61 	.globl _T2IF
                             62 	.globl _T3IF
                             63 	.globl _T4IF
                             64 	.globl _P0IF
                             65 	.globl _STIF
                             66 	.globl _DMAIE
                             67 	.globl _T1IE
                             68 	.globl _T2IE
                             69 	.globl _T3IE
                             70 	.globl _T4IE
                             71 	.globl _P0IE
                             72 	.globl _RFERRIE
                             73 	.globl _ADCIE
                             74 	.globl _URX0IE
                             75 	.globl _URX1IE
                             76 	.globl _ENCIE
                             77 	.globl _STIE
                             78 	.globl _EA
                             79 	.globl _P2_0
                             80 	.globl _P2_1
                             81 	.globl _P2_2
                             82 	.globl _P2_3
                             83 	.globl _P2_4
                             84 	.globl _P2_5
                             85 	.globl _P2_6
                             86 	.globl _P2_7
                             87 	.globl _ENCIF_0
                             88 	.globl _ENCIF_1
                             89 	.globl _P1_0
                             90 	.globl _P1_1
                             91 	.globl _P1_2
                             92 	.globl _P1_3
                             93 	.globl _P1_4
                             94 	.globl _P1_5
                             95 	.globl _P1_6
                             96 	.globl _P1_7
                             97 	.globl _IT0
                             98 	.globl _RFERRIF
                             99 	.globl _IT1
                            100 	.globl _URX0IF
                            101 	.globl _ADCIF
                            102 	.globl _URX1IF
                            103 	.globl _P0_0
                            104 	.globl _P0_1
                            105 	.globl _P0_2
                            106 	.globl _P0_3
                            107 	.globl _P0_4
                            108 	.globl _P0_5
                            109 	.globl _P0_6
                            110 	.globl _P0_7
                            111 	.globl _WDCTL
                            112 	.globl _U1GCR
                            113 	.globl _U1UCR
                            114 	.globl _U1BAUD
                            115 	.globl _U1DBUF
                            116 	.globl _U1CSR
                            117 	.globl _U0GCR
                            118 	.globl _U0UCR
                            119 	.globl _U0BAUD
                            120 	.globl _U0DBUF
                            121 	.globl _U0CSR
                            122 	.globl _TIMIF
                            123 	.globl _T4CC1
                            124 	.globl _T4CCTL1
                            125 	.globl _T4CC0
                            126 	.globl _T4CCTL0
                            127 	.globl _T4CTL
                            128 	.globl _T4CNT
                            129 	.globl _T3CC1
                            130 	.globl _T3CCTL1
                            131 	.globl _T3CC0
                            132 	.globl _T3CCTL0
                            133 	.globl _T3CTL
                            134 	.globl _T3CNT
                            135 	.globl _T2MSEL
                            136 	.globl _T2IRQM
                            137 	.globl _T2MOVF2
                            138 	.globl _T2MOVF1
                            139 	.globl _T2MOVF0
                            140 	.globl _T2M1
                            141 	.globl _T2M0
                            142 	.globl _T2IRQF
                            143 	.globl _T2EVTCFG
                            144 	.globl _T2CTRL
                            145 	.globl _T1STAT
                            146 	.globl _T1CCTL2
                            147 	.globl _T1CCTL1
                            148 	.globl _T1CCTL0
                            149 	.globl _T1CTL
                            150 	.globl _T1CNTH
                            151 	.globl _T1CNTL
                            152 	.globl _T1CC2H
                            153 	.globl _T1CC2L
                            154 	.globl _T1CC1H
                            155 	.globl _T1CC1L
                            156 	.globl _T1CC0H
                            157 	.globl _T1CC0L
                            158 	.globl _CLKCONSTA
                            159 	.globl _CLKCONCMD
                            160 	.globl _SLEEPSTA
                            161 	.globl _SLEEPCMD
                            162 	.globl _STLOAD
                            163 	.globl _ST2
                            164 	.globl _ST1
                            165 	.globl _ST0
                            166 	.globl _RFERRF
                            167 	.globl _RFIRQF0
                            168 	.globl _RFST
                            169 	.globl _RFD
                            170 	.globl _RFIRQF1
                            171 	.globl _PSBANK
                            172 	.globl _FMAP
                            173 	.globl _MEMCTR
                            174 	.globl __XPAGE
                            175 	.globl _MPAGE
                            176 	.globl _PMUX
                            177 	.globl _P2DIR
                            178 	.globl _P1DIR
                            179 	.globl _P0DIR
                            180 	.globl _P2INP
                            181 	.globl _P1INP
                            182 	.globl _P2SEL
                            183 	.globl _P1SEL
                            184 	.globl _P0SEL
                            185 	.globl _APCFG
                            186 	.globl _PERCFG
                            187 	.globl _P0INP
                            188 	.globl _P2IEN
                            189 	.globl _P1IEN
                            190 	.globl _P0IEN
                            191 	.globl _PICTL
                            192 	.globl _P2IFG
                            193 	.globl _P1IFG
                            194 	.globl _P0IFG
                            195 	.globl _DMAREQ
                            196 	.globl _DMAARM
                            197 	.globl _DMA0CFGH
                            198 	.globl _DMA0CFGL
                            199 	.globl _DMA1CFGH
                            200 	.globl _DMA1CFGL
                            201 	.globl _DMAIRQ
                            202 	.globl _ENCCS
                            203 	.globl _ENCDO
                            204 	.globl _ENCDI
                            205 	.globl _RNDH
                            206 	.globl _RNDL
                            207 	.globl _ADCH
                            208 	.globl _ADCL
                            209 	.globl _ADCCON3
                            210 	.globl _ADCCON2
                            211 	.globl _ADCCON1
                            212 	.globl _B
                            213 	.globl _IRCON2
                            214 	.globl _ACC
                            215 	.globl _PSW
                            216 	.globl _IRCON
                            217 	.globl _IP1
                            218 	.globl _IEN1
                            219 	.globl _IP0
                            220 	.globl _IEN0
                            221 	.globl _P2
                            222 	.globl _S1CON
                            223 	.globl _IEN2
                            224 	.globl _S0CON
                            225 	.globl _DPS
                            226 	.globl _P1
                            227 	.globl _TCON
                            228 	.globl _PCON
                            229 	.globl _DPH1
                            230 	.globl _DPL1
                            231 	.globl _DPH0
                            232 	.globl _DPL0
                            233 	.globl _SP
                            234 	.globl _P0
                            235 	.globl _X_IEEE_ADDR
                            236 	.globl _X_INFOPAGE
                            237 	.globl _X_P2DIR
                            238 	.globl _X_P1DIR
                            239 	.globl _X_P0DIR
                            240 	.globl _X_U1GCR
                            241 	.globl _X_U1UCR
                            242 	.globl _X_U1BAUD
                            243 	.globl _X_U1DBUF
                            244 	.globl _X_U1CSR
                            245 	.globl _X_P2INP
                            246 	.globl _X_P1INP
                            247 	.globl _X_P2SEL
                            248 	.globl _X_P1SEL
                            249 	.globl _X_P0SEL
                            250 	.globl _X_APCFG
                            251 	.globl _X_PERCFG
                            252 	.globl _X_T4CC1
                            253 	.globl _X_T4CCTL1
                            254 	.globl _X_T4CC0
                            255 	.globl _X_T4CCTL0
                            256 	.globl _X_T4CTL
                            257 	.globl _X_T4CNT
                            258 	.globl _X_RFIRQF0
                            259 	.globl _X_T1CCTL2
                            260 	.globl _X_T1CCTL1
                            261 	.globl _X_T1CCTL0
                            262 	.globl _X_T1CTL
                            263 	.globl _X_T1CNTH
                            264 	.globl _X_T1CNTL
                            265 	.globl _X_RFST
                            266 	.globl _X_T1CC2H
                            267 	.globl _X_T1CC2L
                            268 	.globl _X_T1CC1H
                            269 	.globl _X_T1CC1L
                            270 	.globl _X_T1CC0H
                            271 	.globl _X_T1CC0L
                            272 	.globl _X_RFD
                            273 	.globl _X_TIMIF
                            274 	.globl _X_DMAREQ
                            275 	.globl _X_DMAARM
                            276 	.globl _X_DMA0CFGH
                            277 	.globl _X_DMA0CFGL
                            278 	.globl _X_DMA1CFGH
                            279 	.globl _X_DMA1CFGL
                            280 	.globl _X_DMAIRQ
                            281 	.globl _X_T3CC1
                            282 	.globl _X_T3CCTL1
                            283 	.globl _X_T3CC0
                            284 	.globl _X_T3CCTL0
                            285 	.globl _X_T3CTL
                            286 	.globl _X_T3CNT
                            287 	.globl _X_WDCTL
                            288 	.globl _X_MEMCTR
                            289 	.globl _X_CLKCONCMD
                            290 	.globl _X_U0GCR
                            291 	.globl _X_U0UCR
                            292 	.globl _X_T2MSEL
                            293 	.globl _X_U0BAUD
                            294 	.globl _X_U0DBUF
                            295 	.globl _X_RFERRF
                            296 	.globl _X_SLEEPCMD
                            297 	.globl _X_RNDH
                            298 	.globl _X_RNDL
                            299 	.globl _X_ADCH
                            300 	.globl _X_ADCL
                            301 	.globl _X_ADCCON3
                            302 	.globl _X_ADCCON2
                            303 	.globl _X_ADCCON1
                            304 	.globl _X_ENCCS
                            305 	.globl _X_ENCDO
                            306 	.globl _X_ENCDI
                            307 	.globl _X_T1STAT
                            308 	.globl _X_PMUX
                            309 	.globl _X_STLOAD
                            310 	.globl _X_P2IEN
                            311 	.globl _X_P0IEN
                            312 	.globl _X_T2IRQM
                            313 	.globl _X_T2MOVF2
                            314 	.globl _X_T2MOVF1
                            315 	.globl _X_T2MOVF0
                            316 	.globl _X_T2M1
                            317 	.globl _X_T2M0
                            318 	.globl _X_T2IRQF
                            319 	.globl _X_P2
                            320 	.globl _X_PSBANK
                            321 	.globl _X_FMAP
                            322 	.globl _X_CLKCONSTA
                            323 	.globl _X_SLEEPSTA
                            324 	.globl _X_T2EVTCFG
                            325 	.globl _X_ST2
                            326 	.globl _X_ST1
                            327 	.globl _X_ST0
                            328 	.globl _X_T2CTRL
                            329 	.globl _X__XPAGE
                            330 	.globl _X_MPAGE
                            331 	.globl _X_RFIRQF1
                            332 	.globl _X_P1
                            333 	.globl _X_P0INP
                            334 	.globl _X_P1IEN
                            335 	.globl _X_PICTL
                            336 	.globl _X_P2IFG
                            337 	.globl _X_P1IFG
                            338 	.globl _X_P0IFG
                            339 	.globl _X_U0CSR
                            340 	.globl _X_P0
                            341 	.globl _USBF5
                            342 	.globl _USBF4
                            343 	.globl _USBF3
                            344 	.globl _USBF2
                            345 	.globl _USBF1
                            346 	.globl _USBF0
                            347 	.globl _USBCNTH
                            348 	.globl _USBCNTL
                            349 	.globl _USBCNT0
                            350 	.globl _USBCSOH
                            351 	.globl _USBCSOL
                            352 	.globl _USBMAXO
                            353 	.globl _USBCSIH
                            354 	.globl _USBCSIL
                            355 	.globl _USBCS0
                            356 	.globl _USBMAXI
                            357 	.globl _USBCTRL
                            358 	.globl _USBINDEX
                            359 	.globl _USBFRMH
                            360 	.globl _USBFRML
                            361 	.globl _USBCIE
                            362 	.globl _USBOIE
                            363 	.globl _USBIIE
                            364 	.globl _USBCIF
                            365 	.globl _USBOIF
                            366 	.globl _USBIIF
                            367 	.globl _USBPOW
                            368 	.globl _USBADDR
                            369 	.globl _CSPT
                            370 	.globl _CSPZ
                            371 	.globl _CSPY
                            372 	.globl _CSPX
                            373 	.globl _CSPSTAT
                            374 	.globl _CSPCTRL
                            375 	.globl _CSPPROG23
                            376 	.globl _CSPPROG22
                            377 	.globl _CSPPROG21
                            378 	.globl _CSPPROG20
                            379 	.globl _CSPPROG19
                            380 	.globl _CSPPROG18
                            381 	.globl _CSPPROG17
                            382 	.globl _CSPPROG16
                            383 	.globl _CSPPROG15
                            384 	.globl _CSPPROG14
                            385 	.globl _CSPPROG13
                            386 	.globl _CSPPROG12
                            387 	.globl _CSPPROG11
                            388 	.globl _CSPPROG10
                            389 	.globl _CSPPROG9
                            390 	.globl _CSPPROG8
                            391 	.globl _CSPPROG7
                            392 	.globl _CSPPROG6
                            393 	.globl _CSPPROG5
                            394 	.globl _CSPPROG4
                            395 	.globl _CSPPROG3
                            396 	.globl _CSPPROG2
                            397 	.globl _CSPPROG1
                            398 	.globl _CSPPROG0
                            399 	.globl _RFC_OBS_CTRL2
                            400 	.globl _RFC_OBS_CTRL1
                            401 	.globl _RFC_OBS_CTRL0
                            402 	.globl _TXFILTCFG
                            403 	.globl _PTEST1
                            404 	.globl _PTEST0
                            405 	.globl _ATEST
                            406 	.globl _DACTEST2
                            407 	.globl _DACTEST1
                            408 	.globl _DACTEST0
                            409 	.globl _MDMTEST1
                            410 	.globl _MDMTEST0
                            411 	.globl _ADCTEST2
                            412 	.globl _ADCTEST1
                            413 	.globl _ADCTEST0
                            414 	.globl _AGCCTRL3
                            415 	.globl _AGCCTRL2
                            416 	.globl _AGCCTRL1
                            417 	.globl _AGCCTRL0
                            418 	.globl _FSCAL3
                            419 	.globl _FSCAL2
                            420 	.globl _FSCAL1
                            421 	.globl _FSCAL0
                            422 	.globl _FSCTRL
                            423 	.globl _RXCTRL
                            424 	.globl _FREQEST
                            425 	.globl _MDMCTRL1
                            426 	.globl _MDMCTRL0
                            427 	.globl _RFRND
                            428 	.globl _RFERRM
                            429 	.globl _RFIRQM1
                            430 	.globl _RFIRQM0
                            431 	.globl _TXLAST_PTR
                            432 	.globl _TXFIRST_PTR
                            433 	.globl _RXP1_PTR
                            434 	.globl _RXLAST_PTR
                            435 	.globl _RXFIRST_PTR
                            436 	.globl _TXFIFOCNT
                            437 	.globl _RXFIFOCNT
                            438 	.globl _RXFIRST
                            439 	.globl _RSSISTAT
                            440 	.globl _RSSI
                            441 	.globl _CCACTRL1
                            442 	.globl _CCACTRL0
                            443 	.globl _FSMCTRL
                            444 	.globl _FIFOPCTRL
                            445 	.globl _FSMSTAT1
                            446 	.globl _FSMSTAT0
                            447 	.globl _TXCTRL
                            448 	.globl _TXPOWER
                            449 	.globl _FREQCTRL
                            450 	.globl _FREQTUNE
                            451 	.globl _RXMASKCLR
                            452 	.globl _RXMASKSET
                            453 	.globl _RXENABLE
                            454 	.globl _FRMCTRL1
                            455 	.globl _FRMCTRL0
                            456 	.globl _SRCEXTEN2
                            457 	.globl _SRCEXTEN1
                            458 	.globl _SRCEXTEN0
                            459 	.globl _SRCSHORTEN2
                            460 	.globl _SRCSHORTEN1
                            461 	.globl _SRCSHORTEN0
                            462 	.globl _SRCMATCH
                            463 	.globl _FRMFILT1
                            464 	.globl _FRMFILT0
                            465 	.globl _SHORT_ADDR1
                            466 	.globl _SHORT_ADDR0
                            467 	.globl _PAN_ID1
                            468 	.globl _PAN_ID0
                            469 	.globl _EXT_ADDR7
                            470 	.globl _EXT_ADDR6
                            471 	.globl _EXT_ADDR5
                            472 	.globl _EXT_ADDR4
                            473 	.globl _EXT_ADDR3
                            474 	.globl _EXT_ADDR2
                            475 	.globl _EXT_ADDR1
                            476 	.globl _EXT_ADDR0
                            477 	.globl _SRCSHORTPENDEN2
                            478 	.globl _SRCSHORTPENDEN1
                            479 	.globl _SRCSHORTPENDEN0
                            480 	.globl _SRCEXTPENDEN2
                            481 	.globl _SRCEXTPENDEN1
                            482 	.globl _SRCEXTPENDEN0
                            483 	.globl _SRCRESINDEX
                            484 	.globl _SRCRESMASK2
                            485 	.globl _SRCRESMASK1
                            486 	.globl _SRCRESMASK0
                            487 	.globl _SRC_ADDR_TABLE
                            488 	.globl _TXFIFO
                            489 	.globl _RXFIFO
                            490 	.globl _RFCORE_RAM
                            491 	.globl _CMPCTL
                            492 	.globl _OPAMPS
                            493 	.globl _OPAMPC
                            494 	.globl _STCV2
                            495 	.globl _STCV1
                            496 	.globl _STCV0
                            497 	.globl _STCS
                            498 	.globl _STCC
                            499 	.globl _T1CC4H
                            500 	.globl _T1CC4L
                            501 	.globl _T1CC3H
                            502 	.globl _T1CC3L
                            503 	.globl _XX_T1CC2H
                            504 	.globl _XX_T1CC2L
                            505 	.globl _XX_T1CC1H
                            506 	.globl _XX_T1CC1L
                            507 	.globl _XX_T1CC0H
                            508 	.globl _XX_T1CC0L
                            509 	.globl _T1CCTL4
                            510 	.globl _T1CCTL3
                            511 	.globl _XX_T1CCTL2
                            512 	.globl _XX_T1CCTL1
                            513 	.globl _XX_T1CCTL0
                            514 	.globl _CLD
                            515 	.globl _IRCTL
                            516 	.globl _CHIPINFO1
                            517 	.globl _CHIPINFO0
                            518 	.globl _FWDATA
                            519 	.globl _FADDRH
                            520 	.globl _FADDRL
                            521 	.globl _FCTL
                            522 	.globl _IVCTRL
                            523 	.globl _BATTMON
                            524 	.globl _SRCRC
                            525 	.globl _DBGDATA
                            526 	.globl _TESTREG0
                            527 	.globl _CHIPID
                            528 	.globl _CHVER
                            529 	.globl _OBSSEL5
                            530 	.globl _OBSSEL4
                            531 	.globl _OBSSEL3
                            532 	.globl _OBSSEL2
                            533 	.globl _OBSSEL1
                            534 	.globl _OBSSEL0
                            535 	.globl _I2CIO
                            536 	.globl _I2CWC
                            537 	.globl _I2CADDR
                            538 	.globl _I2CDATA
                            539 	.globl _I2CSTAT
                            540 	.globl _I2CCFG
                            541 	.globl _OPAMPMC
                            542 	.globl _MONMUX
                            543 	.globl _checkpoint_init
                            544 	.globl _checkpoint_checkpoint
                            545 	.globl _checkpoint_rollback
                            546 ;--------------------------------------------------------
                            547 ; special function registers
                            548 ;--------------------------------------------------------
                            549 	.area RSEG    (ABS,DATA)
   0000                     550 	.org 0x0000
                    0080    551 _P0	=	0x0080
                    0081    552 _SP	=	0x0081
                    0082    553 _DPL0	=	0x0082
                    0083    554 _DPH0	=	0x0083
                    0084    555 _DPL1	=	0x0084
                    0085    556 _DPH1	=	0x0085
                    0087    557 _PCON	=	0x0087
                    0088    558 _TCON	=	0x0088
                    0090    559 _P1	=	0x0090
                    0092    560 _DPS	=	0x0092
                    0098    561 _S0CON	=	0x0098
                    009A    562 _IEN2	=	0x009a
                    009B    563 _S1CON	=	0x009b
                    00A0    564 _P2	=	0x00a0
                    00A8    565 _IEN0	=	0x00a8
                    00A9    566 _IP0	=	0x00a9
                    00B8    567 _IEN1	=	0x00b8
                    00B9    568 _IP1	=	0x00b9
                    00C0    569 _IRCON	=	0x00c0
                    00D0    570 _PSW	=	0x00d0
                    00E0    571 _ACC	=	0x00e0
                    00E8    572 _IRCON2	=	0x00e8
                    00F0    573 _B	=	0x00f0
                    00B4    574 _ADCCON1	=	0x00b4
                    00B5    575 _ADCCON2	=	0x00b5
                    00B6    576 _ADCCON3	=	0x00b6
                    00BA    577 _ADCL	=	0x00ba
                    00BB    578 _ADCH	=	0x00bb
                    00BC    579 _RNDL	=	0x00bc
                    00BD    580 _RNDH	=	0x00bd
                    00B1    581 _ENCDI	=	0x00b1
                    00B2    582 _ENCDO	=	0x00b2
                    00B3    583 _ENCCS	=	0x00b3
                    00D1    584 _DMAIRQ	=	0x00d1
                    00D2    585 _DMA1CFGL	=	0x00d2
                    00D3    586 _DMA1CFGH	=	0x00d3
                    00D4    587 _DMA0CFGL	=	0x00d4
                    00D5    588 _DMA0CFGH	=	0x00d5
                    00D6    589 _DMAARM	=	0x00d6
                    00D7    590 _DMAREQ	=	0x00d7
                    0089    591 _P0IFG	=	0x0089
                    008A    592 _P1IFG	=	0x008a
                    008B    593 _P2IFG	=	0x008b
                    008C    594 _PICTL	=	0x008c
                    00AB    595 _P0IEN	=	0x00ab
                    008D    596 _P1IEN	=	0x008d
                    00AC    597 _P2IEN	=	0x00ac
                    008F    598 _P0INP	=	0x008f
                    00F1    599 _PERCFG	=	0x00f1
                    00F2    600 _APCFG	=	0x00f2
                    00F3    601 _P0SEL	=	0x00f3
                    00F4    602 _P1SEL	=	0x00f4
                    00F5    603 _P2SEL	=	0x00f5
                    00F6    604 _P1INP	=	0x00f6
                    00F7    605 _P2INP	=	0x00f7
                    00FD    606 _P0DIR	=	0x00fd
                    00FE    607 _P1DIR	=	0x00fe
                    00FF    608 _P2DIR	=	0x00ff
                    00AE    609 _PMUX	=	0x00ae
                    0093    610 _MPAGE	=	0x0093
                    0093    611 __XPAGE	=	0x0093
                    00C7    612 _MEMCTR	=	0x00c7
                    009F    613 _FMAP	=	0x009f
                    009F    614 _PSBANK	=	0x009f
                    0091    615 _RFIRQF1	=	0x0091
                    00D9    616 _RFD	=	0x00d9
                    00E1    617 _RFST	=	0x00e1
                    00E9    618 _RFIRQF0	=	0x00e9
                    00BF    619 _RFERRF	=	0x00bf
                    0095    620 _ST0	=	0x0095
                    0096    621 _ST1	=	0x0096
                    0097    622 _ST2	=	0x0097
                    00AD    623 _STLOAD	=	0x00ad
                    00BE    624 _SLEEPCMD	=	0x00be
                    009D    625 _SLEEPSTA	=	0x009d
                    00C6    626 _CLKCONCMD	=	0x00c6
                    009E    627 _CLKCONSTA	=	0x009e
                    00DA    628 _T1CC0L	=	0x00da
                    00DB    629 _T1CC0H	=	0x00db
                    00DC    630 _T1CC1L	=	0x00dc
                    00DD    631 _T1CC1H	=	0x00dd
                    00DE    632 _T1CC2L	=	0x00de
                    00DF    633 _T1CC2H	=	0x00df
                    00E2    634 _T1CNTL	=	0x00e2
                    00E3    635 _T1CNTH	=	0x00e3
                    00E4    636 _T1CTL	=	0x00e4
                    00E5    637 _T1CCTL0	=	0x00e5
                    00E6    638 _T1CCTL1	=	0x00e6
                    00E7    639 _T1CCTL2	=	0x00e7
                    00AF    640 _T1STAT	=	0x00af
                    0094    641 _T2CTRL	=	0x0094
                    009C    642 _T2EVTCFG	=	0x009c
                    00A1    643 _T2IRQF	=	0x00a1
                    00A2    644 _T2M0	=	0x00a2
                    00A3    645 _T2M1	=	0x00a3
                    00A4    646 _T2MOVF0	=	0x00a4
                    00A5    647 _T2MOVF1	=	0x00a5
                    00A6    648 _T2MOVF2	=	0x00a6
                    00A7    649 _T2IRQM	=	0x00a7
                    00C3    650 _T2MSEL	=	0x00c3
                    00CA    651 _T3CNT	=	0x00ca
                    00CB    652 _T3CTL	=	0x00cb
                    00CC    653 _T3CCTL0	=	0x00cc
                    00CD    654 _T3CC0	=	0x00cd
                    00CE    655 _T3CCTL1	=	0x00ce
                    00CF    656 _T3CC1	=	0x00cf
                    00EA    657 _T4CNT	=	0x00ea
                    00EB    658 _T4CTL	=	0x00eb
                    00EC    659 _T4CCTL0	=	0x00ec
                    00ED    660 _T4CC0	=	0x00ed
                    00EE    661 _T4CCTL1	=	0x00ee
                    00EF    662 _T4CC1	=	0x00ef
                    00D8    663 _TIMIF	=	0x00d8
                    0086    664 _U0CSR	=	0x0086
                    00C1    665 _U0DBUF	=	0x00c1
                    00C2    666 _U0BAUD	=	0x00c2
                    00C4    667 _U0UCR	=	0x00c4
                    00C5    668 _U0GCR	=	0x00c5
                    00F8    669 _U1CSR	=	0x00f8
                    00F9    670 _U1DBUF	=	0x00f9
                    00FA    671 _U1BAUD	=	0x00fa
                    00FB    672 _U1UCR	=	0x00fb
                    00FC    673 _U1GCR	=	0x00fc
                    00C9    674 _WDCTL	=	0x00c9
                            675 ;--------------------------------------------------------
                            676 ; special function bits
                            677 ;--------------------------------------------------------
                            678 	.area RSEG    (ABS,DATA)
   0000                     679 	.org 0x0000
                    0087    680 _P0_7	=	0x0087
                    0086    681 _P0_6	=	0x0086
                    0085    682 _P0_5	=	0x0085
                    0084    683 _P0_4	=	0x0084
                    0083    684 _P0_3	=	0x0083
                    0082    685 _P0_2	=	0x0082
                    0081    686 _P0_1	=	0x0081
                    0080    687 _P0_0	=	0x0080
                    008F    688 _URX1IF	=	0x008f
                    008D    689 _ADCIF	=	0x008d
                    008B    690 _URX0IF	=	0x008b
                    008A    691 _IT1	=	0x008a
                    0089    692 _RFERRIF	=	0x0089
                    0088    693 _IT0	=	0x0088
                    0097    694 _P1_7	=	0x0097
                    0096    695 _P1_6	=	0x0096
                    0095    696 _P1_5	=	0x0095
                    0094    697 _P1_4	=	0x0094
                    0093    698 _P1_3	=	0x0093
                    0092    699 _P1_2	=	0x0092
                    0091    700 _P1_1	=	0x0091
                    0090    701 _P1_0	=	0x0090
                    0099    702 _ENCIF_1	=	0x0099
                    0098    703 _ENCIF_0	=	0x0098
                    00A7    704 _P2_7	=	0x00a7
                    00A6    705 _P2_6	=	0x00a6
                    00A5    706 _P2_5	=	0x00a5
                    00A4    707 _P2_4	=	0x00a4
                    00A3    708 _P2_3	=	0x00a3
                    00A2    709 _P2_2	=	0x00a2
                    00A1    710 _P2_1	=	0x00a1
                    00A0    711 _P2_0	=	0x00a0
                    00AF    712 _EA	=	0x00af
                    00AD    713 _STIE	=	0x00ad
                    00AC    714 _ENCIE	=	0x00ac
                    00AB    715 _URX1IE	=	0x00ab
                    00AA    716 _URX0IE	=	0x00aa
                    00A9    717 _ADCIE	=	0x00a9
                    00A8    718 _RFERRIE	=	0x00a8
                    00BD    719 _P0IE	=	0x00bd
                    00BC    720 _T4IE	=	0x00bc
                    00BB    721 _T3IE	=	0x00bb
                    00BA    722 _T2IE	=	0x00ba
                    00B9    723 _T1IE	=	0x00b9
                    00B8    724 _DMAIE	=	0x00b8
                    00C7    725 _STIF	=	0x00c7
                    00C5    726 _P0IF	=	0x00c5
                    00C4    727 _T4IF	=	0x00c4
                    00C3    728 _T3IF	=	0x00c3
                    00C2    729 _T2IF	=	0x00c2
                    00C1    730 _T1IF	=	0x00c1
                    00C0    731 _DMAIF	=	0x00c0
                    00D7    732 _CY	=	0x00d7
                    00D6    733 _AC	=	0x00d6
                    00D5    734 _F0	=	0x00d5
                    00D4    735 _RS1	=	0x00d4
                    00D3    736 _RS0	=	0x00d3
                    00D2    737 _OV	=	0x00d2
                    00D1    738 _F1	=	0x00d1
                    00D0    739 _P	=	0x00d0
                    00E7    740 _ACC_7	=	0x00e7
                    00E6    741 _ACC_6	=	0x00e6
                    00E5    742 _ACC_5	=	0x00e5
                    00E4    743 _ACC_4	=	0x00e4
                    00E3    744 _ACC_3	=	0x00e3
                    00E2    745 _ACC_2	=	0x00e2
                    00E1    746 _ACC_1	=	0x00e1
                    00E0    747 _ACC_0	=	0x00e0
                    00EC    748 _WDTIF	=	0x00ec
                    00EB    749 _P1IF	=	0x00eb
                    00EA    750 _UTX1IF	=	0x00ea
                    00E9    751 _UTX0IF	=	0x00e9
                    00E8    752 _P2IF	=	0x00e8
                    00F7    753 _B_7	=	0x00f7
                    00F6    754 _B_6	=	0x00f6
                    00F5    755 _B_5	=	0x00f5
                    00F4    756 _B_4	=	0x00f4
                    00F3    757 _B_3	=	0x00f3
                    00F2    758 _B_2	=	0x00f2
                    00F1    759 _B_1	=	0x00f1
                    00F0    760 _B_0	=	0x00f0
                    00DE    761 _OVFIM	=	0x00de
                    00DD    762 _T4CH1IF	=	0x00dd
                    00DC    763 _T4CH0IF	=	0x00dc
                    00DB    764 _T4OVFIF	=	0x00db
                    00DA    765 _T3CH1IF	=	0x00da
                    00D9    766 _T3CH0IF	=	0x00d9
                    00D8    767 _T3OVFIF	=	0x00d8
                    00FF    768 _MODE	=	0x00ff
                    00FE    769 _RE	=	0x00fe
                    00FD    770 _SLAVE	=	0x00fd
                    00FC    771 _FE	=	0x00fc
                    00FB    772 _ERR	=	0x00fb
                    00FA    773 _RX_BYTE	=	0x00fa
                    00F9    774 _TX_BYTE	=	0x00f9
                    00F8    775 _ACTIVE	=	0x00f8
                            776 ;--------------------------------------------------------
                            777 ; overlayable register banks
                            778 ;--------------------------------------------------------
                            779 	.area REG_BANK_0	(REL,OVR,DATA)
   0000                     780 	.ds 8
                            781 ;--------------------------------------------------------
                            782 ; internal ram data
                            783 ;--------------------------------------------------------
                            784 	.area DSEG    (DATA)
                            785 ;--------------------------------------------------------
                            786 ; overlayable items in internal ram 
                            787 ;--------------------------------------------------------
                            788 	.area OSEG    (OVR,DATA)
                            789 ;--------------------------------------------------------
                            790 ; indirectly addressable internal ram data
                            791 ;--------------------------------------------------------
                            792 	.area ISEG    (DATA)
                            793 ;--------------------------------------------------------
                            794 ; absolute internal ram data
                            795 ;--------------------------------------------------------
                            796 	.area IABS    (ABS,DATA)
                            797 	.area IABS    (ABS,DATA)
                            798 ;--------------------------------------------------------
                            799 ; bit data
                            800 ;--------------------------------------------------------
                            801 	.area BSEG    (BIT)
                            802 ;--------------------------------------------------------
                            803 ; paged external ram data
                            804 ;--------------------------------------------------------
                            805 	.area PSEG    (PAG,XDATA)
                            806 ;--------------------------------------------------------
                            807 ; external ram data
                            808 ;--------------------------------------------------------
                            809 	.area XSEG    (XDATA)
                    61A6    810 _MONMUX	=	0x61a6
                    61A6    811 _OPAMPMC	=	0x61a6
                    6230    812 _I2CCFG	=	0x6230
                    6231    813 _I2CSTAT	=	0x6231
                    6232    814 _I2CDATA	=	0x6232
                    6233    815 _I2CADDR	=	0x6233
                    6234    816 _I2CWC	=	0x6234
                    6235    817 _I2CIO	=	0x6235
                    6243    818 _OBSSEL0	=	0x6243
                    6244    819 _OBSSEL1	=	0x6244
                    6245    820 _OBSSEL2	=	0x6245
                    6246    821 _OBSSEL3	=	0x6246
                    6247    822 _OBSSEL4	=	0x6247
                    6248    823 _OBSSEL5	=	0x6248
                    6249    824 _CHVER	=	0x6249
                    624A    825 _CHIPID	=	0x624a
                    624B    826 _TESTREG0	=	0x624b
                    6260    827 _DBGDATA	=	0x6260
                    6262    828 _SRCRC	=	0x6262
                    6264    829 _BATTMON	=	0x6264
                    6265    830 _IVCTRL	=	0x6265
                    6270    831 _FCTL	=	0x6270
                    6271    832 _FADDRL	=	0x6271
                    6272    833 _FADDRH	=	0x6272
                    6273    834 _FWDATA	=	0x6273
                    6276    835 _CHIPINFO0	=	0x6276
                    6277    836 _CHIPINFO1	=	0x6277
                    6281    837 _IRCTL	=	0x6281
                    6290    838 _CLD	=	0x6290
                    62A0    839 _XX_T1CCTL0	=	0x62a0
                    62A1    840 _XX_T1CCTL1	=	0x62a1
                    62A2    841 _XX_T1CCTL2	=	0x62a2
                    62A3    842 _T1CCTL3	=	0x62a3
                    62A4    843 _T1CCTL4	=	0x62a4
                    62A6    844 _XX_T1CC0L	=	0x62a6
                    62A7    845 _XX_T1CC0H	=	0x62a7
                    62A8    846 _XX_T1CC1L	=	0x62a8
                    62A9    847 _XX_T1CC1H	=	0x62a9
                    62AA    848 _XX_T1CC2L	=	0x62aa
                    62AB    849 _XX_T1CC2H	=	0x62ab
                    62AC    850 _T1CC3L	=	0x62ac
                    62AD    851 _T1CC3H	=	0x62ad
                    62AE    852 _T1CC4L	=	0x62ae
                    62AF    853 _T1CC4H	=	0x62af
                    62B0    854 _STCC	=	0x62b0
                    62B1    855 _STCS	=	0x62b1
                    62B2    856 _STCV0	=	0x62b2
                    62B3    857 _STCV1	=	0x62b3
                    62B4    858 _STCV2	=	0x62b4
                    62C0    859 _OPAMPC	=	0x62c0
                    62C1    860 _OPAMPS	=	0x62c1
                    62D0    861 _CMPCTL	=	0x62d0
                    6000    862 _RFCORE_RAM	=	0x6000
                    6000    863 _RXFIFO	=	0x6000
                    6080    864 _TXFIFO	=	0x6080
                    6100    865 _SRC_ADDR_TABLE	=	0x6100
                    6160    866 _SRCRESMASK0	=	0x6160
                    6161    867 _SRCRESMASK1	=	0x6161
                    6162    868 _SRCRESMASK2	=	0x6162
                    6163    869 _SRCRESINDEX	=	0x6163
                    6164    870 _SRCEXTPENDEN0	=	0x6164
                    6165    871 _SRCEXTPENDEN1	=	0x6165
                    6166    872 _SRCEXTPENDEN2	=	0x6166
                    6167    873 _SRCSHORTPENDEN0	=	0x6167
                    6168    874 _SRCSHORTPENDEN1	=	0x6168
                    6169    875 _SRCSHORTPENDEN2	=	0x6169
                    616A    876 _EXT_ADDR0	=	0x616a
                    616B    877 _EXT_ADDR1	=	0x616b
                    616C    878 _EXT_ADDR2	=	0x616c
                    616D    879 _EXT_ADDR3	=	0x616d
                    616E    880 _EXT_ADDR4	=	0x616e
                    616F    881 _EXT_ADDR5	=	0x616f
                    6170    882 _EXT_ADDR6	=	0x6170
                    6171    883 _EXT_ADDR7	=	0x6171
                    6172    884 _PAN_ID0	=	0x6172
                    6173    885 _PAN_ID1	=	0x6173
                    6174    886 _SHORT_ADDR0	=	0x6174
                    6175    887 _SHORT_ADDR1	=	0x6175
                    6180    888 _FRMFILT0	=	0x6180
                    6181    889 _FRMFILT1	=	0x6181
                    6182    890 _SRCMATCH	=	0x6182
                    6183    891 _SRCSHORTEN0	=	0x6183
                    6184    892 _SRCSHORTEN1	=	0x6184
                    6185    893 _SRCSHORTEN2	=	0x6185
                    6186    894 _SRCEXTEN0	=	0x6186
                    6187    895 _SRCEXTEN1	=	0x6187
                    6188    896 _SRCEXTEN2	=	0x6188
                    6189    897 _FRMCTRL0	=	0x6189
                    618A    898 _FRMCTRL1	=	0x618a
                    618B    899 _RXENABLE	=	0x618b
                    618C    900 _RXMASKSET	=	0x618c
                    618D    901 _RXMASKCLR	=	0x618d
                    618E    902 _FREQTUNE	=	0x618e
                    618F    903 _FREQCTRL	=	0x618f
                    6190    904 _TXPOWER	=	0x6190
                    6191    905 _TXCTRL	=	0x6191
                    6192    906 _FSMSTAT0	=	0x6192
                    6193    907 _FSMSTAT1	=	0x6193
                    6194    908 _FIFOPCTRL	=	0x6194
                    6195    909 _FSMCTRL	=	0x6195
                    6196    910 _CCACTRL0	=	0x6196
                    6197    911 _CCACTRL1	=	0x6197
                    6198    912 _RSSI	=	0x6198
                    6199    913 _RSSISTAT	=	0x6199
                    619A    914 _RXFIRST	=	0x619a
                    619B    915 _RXFIFOCNT	=	0x619b
                    619C    916 _TXFIFOCNT	=	0x619c
                    619D    917 _RXFIRST_PTR	=	0x619d
                    619E    918 _RXLAST_PTR	=	0x619e
                    619F    919 _RXP1_PTR	=	0x619f
                    61A1    920 _TXFIRST_PTR	=	0x61a1
                    61A2    921 _TXLAST_PTR	=	0x61a2
                    61A3    922 _RFIRQM0	=	0x61a3
                    61A4    923 _RFIRQM1	=	0x61a4
                    61A5    924 _RFERRM	=	0x61a5
                    61A7    925 _RFRND	=	0x61a7
                    61A8    926 _MDMCTRL0	=	0x61a8
                    61A9    927 _MDMCTRL1	=	0x61a9
                    61AA    928 _FREQEST	=	0x61aa
                    61AB    929 _RXCTRL	=	0x61ab
                    61AC    930 _FSCTRL	=	0x61ac
                    61AD    931 _FSCAL0	=	0x61ad
                    61AE    932 _FSCAL1	=	0x61ae
                    61AF    933 _FSCAL2	=	0x61af
                    61B0    934 _FSCAL3	=	0x61b0
                    61B1    935 _AGCCTRL0	=	0x61b1
                    61B2    936 _AGCCTRL1	=	0x61b2
                    61B3    937 _AGCCTRL2	=	0x61b3
                    61B4    938 _AGCCTRL3	=	0x61b4
                    61B5    939 _ADCTEST0	=	0x61b5
                    61B6    940 _ADCTEST1	=	0x61b6
                    61B7    941 _ADCTEST2	=	0x61b7
                    61B8    942 _MDMTEST0	=	0x61b8
                    61B9    943 _MDMTEST1	=	0x61b9
                    61BA    944 _DACTEST0	=	0x61ba
                    61BB    945 _DACTEST1	=	0x61bb
                    61BC    946 _DACTEST2	=	0x61bc
                    61BD    947 _ATEST	=	0x61bd
                    61BE    948 _PTEST0	=	0x61be
                    61BF    949 _PTEST1	=	0x61bf
                    61FA    950 _TXFILTCFG	=	0x61fa
                    61EB    951 _RFC_OBS_CTRL0	=	0x61eb
                    61EC    952 _RFC_OBS_CTRL1	=	0x61ec
                    61ED    953 _RFC_OBS_CTRL2	=	0x61ed
                    61C0    954 _CSPPROG0	=	0x61c0
                    61C1    955 _CSPPROG1	=	0x61c1
                    61C2    956 _CSPPROG2	=	0x61c2
                    61C3    957 _CSPPROG3	=	0x61c3
                    61C4    958 _CSPPROG4	=	0x61c4
                    61C5    959 _CSPPROG5	=	0x61c5
                    61C6    960 _CSPPROG6	=	0x61c6
                    61C7    961 _CSPPROG7	=	0x61c7
                    61C8    962 _CSPPROG8	=	0x61c8
                    61C9    963 _CSPPROG9	=	0x61c9
                    61CA    964 _CSPPROG10	=	0x61ca
                    61CB    965 _CSPPROG11	=	0x61cb
                    61CC    966 _CSPPROG12	=	0x61cc
                    61CD    967 _CSPPROG13	=	0x61cd
                    61CE    968 _CSPPROG14	=	0x61ce
                    61CF    969 _CSPPROG15	=	0x61cf
                    61D0    970 _CSPPROG16	=	0x61d0
                    61D1    971 _CSPPROG17	=	0x61d1
                    61D2    972 _CSPPROG18	=	0x61d2
                    61D3    973 _CSPPROG19	=	0x61d3
                    61D4    974 _CSPPROG20	=	0x61d4
                    61D5    975 _CSPPROG21	=	0x61d5
                    61D6    976 _CSPPROG22	=	0x61d6
                    61D7    977 _CSPPROG23	=	0x61d7
                    61E0    978 _CSPCTRL	=	0x61e0
                    61E1    979 _CSPSTAT	=	0x61e1
                    61E2    980 _CSPX	=	0x61e2
                    61E3    981 _CSPY	=	0x61e3
                    61E4    982 _CSPZ	=	0x61e4
                    61E5    983 _CSPT	=	0x61e5
                    6200    984 _USBADDR	=	0x6200
                    6201    985 _USBPOW	=	0x6201
                    6202    986 _USBIIF	=	0x6202
                    6204    987 _USBOIF	=	0x6204
                    6206    988 _USBCIF	=	0x6206
                    6207    989 _USBIIE	=	0x6207
                    6209    990 _USBOIE	=	0x6209
                    620B    991 _USBCIE	=	0x620b
                    620C    992 _USBFRML	=	0x620c
                    620D    993 _USBFRMH	=	0x620d
                    620E    994 _USBINDEX	=	0x620e
                    620F    995 _USBCTRL	=	0x620f
                    6210    996 _USBMAXI	=	0x6210
                    6211    997 _USBCS0	=	0x6211
                    6211    998 _USBCSIL	=	0x6211
                    6212    999 _USBCSIH	=	0x6212
                    6213   1000 _USBMAXO	=	0x6213
                    6214   1001 _USBCSOL	=	0x6214
                    6215   1002 _USBCSOH	=	0x6215
                    6216   1003 _USBCNT0	=	0x6216
                    6216   1004 _USBCNTL	=	0x6216
                    6217   1005 _USBCNTH	=	0x6217
                    6220   1006 _USBF0	=	0x6220
                    6222   1007 _USBF1	=	0x6222
                    6224   1008 _USBF2	=	0x6224
                    6226   1009 _USBF3	=	0x6226
                    6228   1010 _USBF4	=	0x6228
                    622A   1011 _USBF5	=	0x622a
                    7080   1012 _X_P0	=	0x7080
                    7086   1013 _X_U0CSR	=	0x7086
                    7089   1014 _X_P0IFG	=	0x7089
                    708A   1015 _X_P1IFG	=	0x708a
                    708B   1016 _X_P2IFG	=	0x708b
                    708C   1017 _X_PICTL	=	0x708c
                    708D   1018 _X_P1IEN	=	0x708d
                    708F   1019 _X_P0INP	=	0x708f
                    7090   1020 _X_P1	=	0x7090
                    7091   1021 _X_RFIRQF1	=	0x7091
                    7093   1022 _X_MPAGE	=	0x7093
                    7093   1023 _X__XPAGE	=	0x7093
                    7094   1024 _X_T2CTRL	=	0x7094
                    7095   1025 _X_ST0	=	0x7095
                    7096   1026 _X_ST1	=	0x7096
                    7097   1027 _X_ST2	=	0x7097
                    709C   1028 _X_T2EVTCFG	=	0x709c
                    709D   1029 _X_SLEEPSTA	=	0x709d
                    709E   1030 _X_CLKCONSTA	=	0x709e
                    709F   1031 _X_FMAP	=	0x709f
                    709F   1032 _X_PSBANK	=	0x709f
                    70A0   1033 _X_P2	=	0x70a0
                    70A1   1034 _X_T2IRQF	=	0x70a1
                    70A2   1035 _X_T2M0	=	0x70a2
                    70A3   1036 _X_T2M1	=	0x70a3
                    70A4   1037 _X_T2MOVF0	=	0x70a4
                    70A5   1038 _X_T2MOVF1	=	0x70a5
                    70A6   1039 _X_T2MOVF2	=	0x70a6
                    70A7   1040 _X_T2IRQM	=	0x70a7
                    70AB   1041 _X_P0IEN	=	0x70ab
                    70AC   1042 _X_P2IEN	=	0x70ac
                    70AD   1043 _X_STLOAD	=	0x70ad
                    70AE   1044 _X_PMUX	=	0x70ae
                    70AF   1045 _X_T1STAT	=	0x70af
                    70B1   1046 _X_ENCDI	=	0x70b1
                    70B2   1047 _X_ENCDO	=	0x70b2
                    70B3   1048 _X_ENCCS	=	0x70b3
                    70B4   1049 _X_ADCCON1	=	0x70b4
                    70B5   1050 _X_ADCCON2	=	0x70b5
                    70B6   1051 _X_ADCCON3	=	0x70b6
                    70BA   1052 _X_ADCL	=	0x70ba
                    70BB   1053 _X_ADCH	=	0x70bb
                    70BC   1054 _X_RNDL	=	0x70bc
                    70BD   1055 _X_RNDH	=	0x70bd
                    70BE   1056 _X_SLEEPCMD	=	0x70be
                    70BF   1057 _X_RFERRF	=	0x70bf
                    70C1   1058 _X_U0DBUF	=	0x70c1
                    70C2   1059 _X_U0BAUD	=	0x70c2
                    70C3   1060 _X_T2MSEL	=	0x70c3
                    70C4   1061 _X_U0UCR	=	0x70c4
                    70C5   1062 _X_U0GCR	=	0x70c5
                    70C6   1063 _X_CLKCONCMD	=	0x70c6
                    70C7   1064 _X_MEMCTR	=	0x70c7
                    70C9   1065 _X_WDCTL	=	0x70c9
                    70CA   1066 _X_T3CNT	=	0x70ca
                    70CB   1067 _X_T3CTL	=	0x70cb
                    70CC   1068 _X_T3CCTL0	=	0x70cc
                    70CD   1069 _X_T3CC0	=	0x70cd
                    70CE   1070 _X_T3CCTL1	=	0x70ce
                    70CF   1071 _X_T3CC1	=	0x70cf
                    70D1   1072 _X_DMAIRQ	=	0x70d1
                    70D2   1073 _X_DMA1CFGL	=	0x70d2
                    70D3   1074 _X_DMA1CFGH	=	0x70d3
                    70D4   1075 _X_DMA0CFGL	=	0x70d4
                    70D5   1076 _X_DMA0CFGH	=	0x70d5
                    70D6   1077 _X_DMAARM	=	0x70d6
                    70D7   1078 _X_DMAREQ	=	0x70d7
                    70D8   1079 _X_TIMIF	=	0x70d8
                    70D9   1080 _X_RFD	=	0x70d9
                    70DA   1081 _X_T1CC0L	=	0x70da
                    70DB   1082 _X_T1CC0H	=	0x70db
                    70DC   1083 _X_T1CC1L	=	0x70dc
                    70DD   1084 _X_T1CC1H	=	0x70dd
                    70DE   1085 _X_T1CC2L	=	0x70de
                    70DF   1086 _X_T1CC2H	=	0x70df
                    70E1   1087 _X_RFST	=	0x70e1
                    70E2   1088 _X_T1CNTL	=	0x70e2
                    70E3   1089 _X_T1CNTH	=	0x70e3
                    70E4   1090 _X_T1CTL	=	0x70e4
                    70E5   1091 _X_T1CCTL0	=	0x70e5
                    70E6   1092 _X_T1CCTL1	=	0x70e6
                    70E7   1093 _X_T1CCTL2	=	0x70e7
                    70E9   1094 _X_RFIRQF0	=	0x70e9
                    70EA   1095 _X_T4CNT	=	0x70ea
                    70EB   1096 _X_T4CTL	=	0x70eb
                    70EC   1097 _X_T4CCTL0	=	0x70ec
                    70ED   1098 _X_T4CC0	=	0x70ed
                    70EE   1099 _X_T4CCTL1	=	0x70ee
                    70EF   1100 _X_T4CC1	=	0x70ef
                    70F1   1101 _X_PERCFG	=	0x70f1
                    70F2   1102 _X_APCFG	=	0x70f2
                    70F3   1103 _X_P0SEL	=	0x70f3
                    70F4   1104 _X_P1SEL	=	0x70f4
                    70F5   1105 _X_P2SEL	=	0x70f5
                    70F6   1106 _X_P1INP	=	0x70f6
                    70F7   1107 _X_P2INP	=	0x70f7
                    70F8   1108 _X_U1CSR	=	0x70f8
                    70F9   1109 _X_U1DBUF	=	0x70f9
                    70FA   1110 _X_U1BAUD	=	0x70fa
                    70FB   1111 _X_U1UCR	=	0x70fb
                    70FC   1112 _X_U1GCR	=	0x70fc
                    70FD   1113 _X_P0DIR	=	0x70fd
                    70FE   1114 _X_P1DIR	=	0x70fe
                    70FF   1115 _X_P2DIR	=	0x70ff
                    7800   1116 _X_INFOPAGE	=	0x7800
                    780C   1117 _X_IEEE_ADDR	=	0x780c
                           1118 ;--------------------------------------------------------
                           1119 ; absolute external ram data
                           1120 ;--------------------------------------------------------
                           1121 	.area XABS    (ABS,XDATA)
                           1122 ;--------------------------------------------------------
                           1123 ; external initialized ram data
                           1124 ;--------------------------------------------------------
                           1125 	.area XISEG   (XDATA)
                           1126 	.area HOME    (CODE)
                           1127 	.area GSINIT0 (CODE)
                           1128 	.area GSINIT1 (CODE)
                           1129 	.area GSINIT2 (CODE)
                           1130 	.area GSINIT3 (CODE)
                           1131 	.area GSINIT4 (CODE)
                           1132 	.area GSINIT5 (CODE)
                           1133 	.area GSINIT  (CODE)
                           1134 	.area GSFINAL (CODE)
                           1135 	.area CSEG    (CODE)
                           1136 ;--------------------------------------------------------
                           1137 ; global & static initialisations
                           1138 ;--------------------------------------------------------
                           1139 	.area HOME    (CODE)
                           1140 	.area GSINIT  (CODE)
                           1141 	.area GSFINAL (CODE)
                           1142 	.area GSINIT  (CODE)
                           1143 ;--------------------------------------------------------
                           1144 ; Home
                           1145 ;--------------------------------------------------------
                           1146 	.area HOME    (CODE)
                           1147 	.area HOME    (CODE)
                           1148 ;--------------------------------------------------------
                           1149 ; code
                           1150 ;--------------------------------------------------------
                           1151 	.area BANK1   (CODE)
                           1152 ;------------------------------------------------------------
                           1153 ;Allocation info for local variables in function 'checkpoint_init'
                           1154 ;------------------------------------------------------------
                           1155 ;	../../../contiki-sensinode//core/lib/checkpoint.c:44: checkpoint_init(void)
                           1156 ;	-----------------------------------------
                           1157 ;	 function checkpoint_init
                           1158 ;	-----------------------------------------
   0000                    1159 _checkpoint_init:
                    0007   1160 	ar7 = 0x07
                    0006   1161 	ar6 = 0x06
                    0005   1162 	ar5 = 0x05
                    0004   1163 	ar4 = 0x04
                    0003   1164 	ar3 = 0x03
                    0002   1165 	ar2 = 0x02
                    0001   1166 	ar1 = 0x01
                    0000   1167 	ar0 = 0x00
                           1168 ;	../../../contiki-sensinode//core/lib/checkpoint.c:46: checkpoint_arch_init();
   0000 78r00              1169 	mov	r0,#_checkpoint_arch_init
   0002 79s00              1170 	mov	r1,#(_checkpoint_arch_init >> 8)
   0004 7As00              1171 	mov	r2,#(_checkpoint_arch_init >> 16)
   0006 12s00r00           1172 	lcall	__sdcc_banked_call
   0009 02s00r00           1173 	ljmp	__sdcc_banked_ret
                           1174 ;------------------------------------------------------------
                           1175 ;Allocation info for local variables in function 'checkpoint_checkpoint'
                           1176 ;------------------------------------------------------------
                           1177 ;fd                        Allocated to registers r6 r7 
                           1178 ;------------------------------------------------------------
                           1179 ;	../../../contiki-sensinode//core/lib/checkpoint.c:50: checkpoint_checkpoint(int fd)
                           1180 ;	-----------------------------------------
                           1181 ;	 function checkpoint_checkpoint
                           1182 ;	-----------------------------------------
   000C                    1183 _checkpoint_checkpoint:
                           1184 ;	../../../contiki-sensinode//core/lib/checkpoint.c:52: checkpoint_arch_checkpoint(fd);
   000C 78r00              1185 	mov	r0,#_checkpoint_arch_checkpoint
   000E 79s00              1186 	mov	r1,#(_checkpoint_arch_checkpoint >> 8)
   0010 7As00              1187 	mov	r2,#(_checkpoint_arch_checkpoint >> 16)
   0012 12s00r00           1188 	lcall	__sdcc_banked_call
   0015 02s00r00           1189 	ljmp	__sdcc_banked_ret
                           1190 ;------------------------------------------------------------
                           1191 ;Allocation info for local variables in function 'checkpoint_rollback'
                           1192 ;------------------------------------------------------------
                           1193 ;fd                        Allocated to registers r6 r7 
                           1194 ;------------------------------------------------------------
                           1195 ;	../../../contiki-sensinode//core/lib/checkpoint.c:56: checkpoint_rollback(int fd)
                           1196 ;	-----------------------------------------
                           1197 ;	 function checkpoint_rollback
                           1198 ;	-----------------------------------------
   0018                    1199 _checkpoint_rollback:
                           1200 ;	../../../contiki-sensinode//core/lib/checkpoint.c:58: checkpoint_arch_rollback(fd);
   0018 78r00              1201 	mov	r0,#_checkpoint_arch_rollback
   001A 79s00              1202 	mov	r1,#(_checkpoint_arch_rollback >> 8)
   001C 7As00              1203 	mov	r2,#(_checkpoint_arch_rollback >> 16)
   001E 12s00r00           1204 	lcall	__sdcc_banked_call
   0021 02s00r00           1205 	ljmp	__sdcc_banked_ret
                           1206 	.area CSEG    (CODE)
                           1207 	.area CONST   (CODE)
                           1208 	.area XINIT   (CODE)
                           1209 	.area CABS    (ABS,CODE)
