                              1 ;--------------------------------------------------------
                              2 ; File Created by SDCC : free open source ANSI-C Compiler
                              3 ; Version 3.1.1 #7100 (Oct 29 2014) (Linux)
                              4 ; This file was generated Wed Dec  2 18:11:04 2015
                              5 ;--------------------------------------------------------
                              6 	.module clock
                              7 	.optsdcc -mmcs51 --model-huge
                              8 	
                              9 ;--------------------------------------------------------
                             10 ; Public variables in this module
                             11 ;--------------------------------------------------------
                             12 	.globl _clock_isr
                             13 	.globl _ACTIVE
                             14 	.globl _TX_BYTE
                             15 	.globl _RX_BYTE
                             16 	.globl _ERR
                             17 	.globl _FE
                             18 	.globl _SLAVE
                             19 	.globl _RE
                             20 	.globl _MODE
                             21 	.globl _T3OVFIF
                             22 	.globl _T3CH0IF
                             23 	.globl _T3CH1IF
                             24 	.globl _T4OVFIF
                             25 	.globl _T4CH0IF
                             26 	.globl _T4CH1IF
                             27 	.globl _OVFIM
                             28 	.globl _B_0
                             29 	.globl _B_1
                             30 	.globl _B_2
                             31 	.globl _B_3
                             32 	.globl _B_4
                             33 	.globl _B_5
                             34 	.globl _B_6
                             35 	.globl _B_7
                             36 	.globl _P2IF
                             37 	.globl _UTX0IF
                             38 	.globl _UTX1IF
                             39 	.globl _P1IF
                             40 	.globl _WDTIF
                             41 	.globl _ACC_0
                             42 	.globl _ACC_1
                             43 	.globl _ACC_2
                             44 	.globl _ACC_3
                             45 	.globl _ACC_4
                             46 	.globl _ACC_5
                             47 	.globl _ACC_6
                             48 	.globl _ACC_7
                             49 	.globl _P
                             50 	.globl _F1
                             51 	.globl _OV
                             52 	.globl _RS0
                             53 	.globl _RS1
                             54 	.globl _F0
                             55 	.globl _AC
                             56 	.globl _CY
                             57 	.globl _DMAIF
                             58 	.globl _T1IF
                             59 	.globl _T2IF
                             60 	.globl _T3IF
                             61 	.globl _T4IF
                             62 	.globl _P0IF
                             63 	.globl _STIF
                             64 	.globl _DMAIE
                             65 	.globl _T1IE
                             66 	.globl _T2IE
                             67 	.globl _T3IE
                             68 	.globl _T4IE
                             69 	.globl _P0IE
                             70 	.globl _RFERRIE
                             71 	.globl _ADCIE
                             72 	.globl _URX0IE
                             73 	.globl _URX1IE
                             74 	.globl _ENCIE
                             75 	.globl _STIE
                             76 	.globl _EA
                             77 	.globl _P2_0
                             78 	.globl _P2_1
                             79 	.globl _P2_2
                             80 	.globl _P2_3
                             81 	.globl _P2_4
                             82 	.globl _P2_5
                             83 	.globl _P2_6
                             84 	.globl _P2_7
                             85 	.globl _ENCIF_0
                             86 	.globl _ENCIF_1
                             87 	.globl _P1_0
                             88 	.globl _P1_1
                             89 	.globl _P1_2
                             90 	.globl _P1_3
                             91 	.globl _P1_4
                             92 	.globl _P1_5
                             93 	.globl _P1_6
                             94 	.globl _P1_7
                             95 	.globl _IT0
                             96 	.globl _RFERRIF
                             97 	.globl _IT1
                             98 	.globl _URX0IF
                             99 	.globl _ADCIF
                            100 	.globl _URX1IF
                            101 	.globl _P0_0
                            102 	.globl _P0_1
                            103 	.globl _P0_2
                            104 	.globl _P0_3
                            105 	.globl _P0_4
                            106 	.globl _P0_5
                            107 	.globl _P0_6
                            108 	.globl _P0_7
                            109 	.globl _WDCTL
                            110 	.globl _U1GCR
                            111 	.globl _U1UCR
                            112 	.globl _U1BAUD
                            113 	.globl _U1DBUF
                            114 	.globl _U1CSR
                            115 	.globl _U0GCR
                            116 	.globl _U0UCR
                            117 	.globl _U0BAUD
                            118 	.globl _U0DBUF
                            119 	.globl _U0CSR
                            120 	.globl _TIMIF
                            121 	.globl _T4CC1
                            122 	.globl _T4CCTL1
                            123 	.globl _T4CC0
                            124 	.globl _T4CCTL0
                            125 	.globl _T4CTL
                            126 	.globl _T4CNT
                            127 	.globl _T3CC1
                            128 	.globl _T3CCTL1
                            129 	.globl _T3CC0
                            130 	.globl _T3CCTL0
                            131 	.globl _T3CTL
                            132 	.globl _T3CNT
                            133 	.globl _T2MSEL
                            134 	.globl _T2IRQM
                            135 	.globl _T2MOVF2
                            136 	.globl _T2MOVF1
                            137 	.globl _T2MOVF0
                            138 	.globl _T2M1
                            139 	.globl _T2M0
                            140 	.globl _T2IRQF
                            141 	.globl _T2EVTCFG
                            142 	.globl _T2CTRL
                            143 	.globl _T1STAT
                            144 	.globl _T1CCTL2
                            145 	.globl _T1CCTL1
                            146 	.globl _T1CCTL0
                            147 	.globl _T1CTL
                            148 	.globl _T1CNTH
                            149 	.globl _T1CNTL
                            150 	.globl _T1CC2H
                            151 	.globl _T1CC2L
                            152 	.globl _T1CC1H
                            153 	.globl _T1CC1L
                            154 	.globl _T1CC0H
                            155 	.globl _T1CC0L
                            156 	.globl _CLKCONSTA
                            157 	.globl _CLKCONCMD
                            158 	.globl _SLEEPSTA
                            159 	.globl _SLEEPCMD
                            160 	.globl _STLOAD
                            161 	.globl _ST2
                            162 	.globl _ST1
                            163 	.globl _ST0
                            164 	.globl _RFERRF
                            165 	.globl _RFIRQF0
                            166 	.globl _RFST
                            167 	.globl _RFD
                            168 	.globl _RFIRQF1
                            169 	.globl _PSBANK
                            170 	.globl _FMAP
                            171 	.globl _MEMCTR
                            172 	.globl __XPAGE
                            173 	.globl _MPAGE
                            174 	.globl _PMUX
                            175 	.globl _P2DIR
                            176 	.globl _P1DIR
                            177 	.globl _P0DIR
                            178 	.globl _P2INP
                            179 	.globl _P1INP
                            180 	.globl _P2SEL
                            181 	.globl _P1SEL
                            182 	.globl _P0SEL
                            183 	.globl _APCFG
                            184 	.globl _PERCFG
                            185 	.globl _P0INP
                            186 	.globl _P2IEN
                            187 	.globl _P1IEN
                            188 	.globl _P0IEN
                            189 	.globl _PICTL
                            190 	.globl _P2IFG
                            191 	.globl _P1IFG
                            192 	.globl _P0IFG
                            193 	.globl _DMAREQ
                            194 	.globl _DMAARM
                            195 	.globl _DMA0CFGH
                            196 	.globl _DMA0CFGL
                            197 	.globl _DMA1CFGH
                            198 	.globl _DMA1CFGL
                            199 	.globl _DMAIRQ
                            200 	.globl _ENCCS
                            201 	.globl _ENCDO
                            202 	.globl _ENCDI
                            203 	.globl _RNDH
                            204 	.globl _RNDL
                            205 	.globl _ADCH
                            206 	.globl _ADCL
                            207 	.globl _ADCCON3
                            208 	.globl _ADCCON2
                            209 	.globl _ADCCON1
                            210 	.globl _B
                            211 	.globl _IRCON2
                            212 	.globl _ACC
                            213 	.globl _PSW
                            214 	.globl _IRCON
                            215 	.globl _IP1
                            216 	.globl _IEN1
                            217 	.globl _IP0
                            218 	.globl _IEN0
                            219 	.globl _P2
                            220 	.globl _S1CON
                            221 	.globl _IEN2
                            222 	.globl _S0CON
                            223 	.globl _DPS
                            224 	.globl _P1
                            225 	.globl _TCON
                            226 	.globl _PCON
                            227 	.globl _DPH1
                            228 	.globl _DPL1
                            229 	.globl _DPH0
                            230 	.globl _DPL0
                            231 	.globl _SP
                            232 	.globl _P0
                            233 	.globl _sleep_flag
                            234 	.globl _X_IEEE_ADDR
                            235 	.globl _X_INFOPAGE
                            236 	.globl _X_P2DIR
                            237 	.globl _X_P1DIR
                            238 	.globl _X_P0DIR
                            239 	.globl _X_U1GCR
                            240 	.globl _X_U1UCR
                            241 	.globl _X_U1BAUD
                            242 	.globl _X_U1DBUF
                            243 	.globl _X_U1CSR
                            244 	.globl _X_P2INP
                            245 	.globl _X_P1INP
                            246 	.globl _X_P2SEL
                            247 	.globl _X_P1SEL
                            248 	.globl _X_P0SEL
                            249 	.globl _X_APCFG
                            250 	.globl _X_PERCFG
                            251 	.globl _X_T4CC1
                            252 	.globl _X_T4CCTL1
                            253 	.globl _X_T4CC0
                            254 	.globl _X_T4CCTL0
                            255 	.globl _X_T4CTL
                            256 	.globl _X_T4CNT
                            257 	.globl _X_RFIRQF0
                            258 	.globl _X_T1CCTL2
                            259 	.globl _X_T1CCTL1
                            260 	.globl _X_T1CCTL0
                            261 	.globl _X_T1CTL
                            262 	.globl _X_T1CNTH
                            263 	.globl _X_T1CNTL
                            264 	.globl _X_RFST
                            265 	.globl _X_T1CC2H
                            266 	.globl _X_T1CC2L
                            267 	.globl _X_T1CC1H
                            268 	.globl _X_T1CC1L
                            269 	.globl _X_T1CC0H
                            270 	.globl _X_T1CC0L
                            271 	.globl _X_RFD
                            272 	.globl _X_TIMIF
                            273 	.globl _X_DMAREQ
                            274 	.globl _X_DMAARM
                            275 	.globl _X_DMA0CFGH
                            276 	.globl _X_DMA0CFGL
                            277 	.globl _X_DMA1CFGH
                            278 	.globl _X_DMA1CFGL
                            279 	.globl _X_DMAIRQ
                            280 	.globl _X_T3CC1
                            281 	.globl _X_T3CCTL1
                            282 	.globl _X_T3CC0
                            283 	.globl _X_T3CCTL0
                            284 	.globl _X_T3CTL
                            285 	.globl _X_T3CNT
                            286 	.globl _X_WDCTL
                            287 	.globl _X_MEMCTR
                            288 	.globl _X_CLKCONCMD
                            289 	.globl _X_U0GCR
                            290 	.globl _X_U0UCR
                            291 	.globl _X_T2MSEL
                            292 	.globl _X_U0BAUD
                            293 	.globl _X_U0DBUF
                            294 	.globl _X_RFERRF
                            295 	.globl _X_SLEEPCMD
                            296 	.globl _X_RNDH
                            297 	.globl _X_RNDL
                            298 	.globl _X_ADCH
                            299 	.globl _X_ADCL
                            300 	.globl _X_ADCCON3
                            301 	.globl _X_ADCCON2
                            302 	.globl _X_ADCCON1
                            303 	.globl _X_ENCCS
                            304 	.globl _X_ENCDO
                            305 	.globl _X_ENCDI
                            306 	.globl _X_T1STAT
                            307 	.globl _X_PMUX
                            308 	.globl _X_STLOAD
                            309 	.globl _X_P2IEN
                            310 	.globl _X_P0IEN
                            311 	.globl _X_T2IRQM
                            312 	.globl _X_T2MOVF2
                            313 	.globl _X_T2MOVF1
                            314 	.globl _X_T2MOVF0
                            315 	.globl _X_T2M1
                            316 	.globl _X_T2M0
                            317 	.globl _X_T2IRQF
                            318 	.globl _X_P2
                            319 	.globl _X_PSBANK
                            320 	.globl _X_FMAP
                            321 	.globl _X_CLKCONSTA
                            322 	.globl _X_SLEEPSTA
                            323 	.globl _X_T2EVTCFG
                            324 	.globl _X_ST2
                            325 	.globl _X_ST1
                            326 	.globl _X_ST0
                            327 	.globl _X_T2CTRL
                            328 	.globl _X__XPAGE
                            329 	.globl _X_MPAGE
                            330 	.globl _X_RFIRQF1
                            331 	.globl _X_P1
                            332 	.globl _X_P0INP
                            333 	.globl _X_P1IEN
                            334 	.globl _X_PICTL
                            335 	.globl _X_P2IFG
                            336 	.globl _X_P1IFG
                            337 	.globl _X_P0IFG
                            338 	.globl _X_U0CSR
                            339 	.globl _X_P0
                            340 	.globl _USBF5
                            341 	.globl _USBF4
                            342 	.globl _USBF3
                            343 	.globl _USBF2
                            344 	.globl _USBF1
                            345 	.globl _USBF0
                            346 	.globl _USBCNTH
                            347 	.globl _USBCNTL
                            348 	.globl _USBCNT0
                            349 	.globl _USBCSOH
                            350 	.globl _USBCSOL
                            351 	.globl _USBMAXO
                            352 	.globl _USBCSIH
                            353 	.globl _USBCSIL
                            354 	.globl _USBCS0
                            355 	.globl _USBMAXI
                            356 	.globl _USBCTRL
                            357 	.globl _USBINDEX
                            358 	.globl _USBFRMH
                            359 	.globl _USBFRML
                            360 	.globl _USBCIE
                            361 	.globl _USBOIE
                            362 	.globl _USBIIE
                            363 	.globl _USBCIF
                            364 	.globl _USBOIF
                            365 	.globl _USBIIF
                            366 	.globl _USBPOW
                            367 	.globl _USBADDR
                            368 	.globl _CSPT
                            369 	.globl _CSPZ
                            370 	.globl _CSPY
                            371 	.globl _CSPX
                            372 	.globl _CSPSTAT
                            373 	.globl _CSPCTRL
                            374 	.globl _CSPPROG23
                            375 	.globl _CSPPROG22
                            376 	.globl _CSPPROG21
                            377 	.globl _CSPPROG20
                            378 	.globl _CSPPROG19
                            379 	.globl _CSPPROG18
                            380 	.globl _CSPPROG17
                            381 	.globl _CSPPROG16
                            382 	.globl _CSPPROG15
                            383 	.globl _CSPPROG14
                            384 	.globl _CSPPROG13
                            385 	.globl _CSPPROG12
                            386 	.globl _CSPPROG11
                            387 	.globl _CSPPROG10
                            388 	.globl _CSPPROG9
                            389 	.globl _CSPPROG8
                            390 	.globl _CSPPROG7
                            391 	.globl _CSPPROG6
                            392 	.globl _CSPPROG5
                            393 	.globl _CSPPROG4
                            394 	.globl _CSPPROG3
                            395 	.globl _CSPPROG2
                            396 	.globl _CSPPROG1
                            397 	.globl _CSPPROG0
                            398 	.globl _RFC_OBS_CTRL2
                            399 	.globl _RFC_OBS_CTRL1
                            400 	.globl _RFC_OBS_CTRL0
                            401 	.globl _TXFILTCFG
                            402 	.globl _PTEST1
                            403 	.globl _PTEST0
                            404 	.globl _ATEST
                            405 	.globl _DACTEST2
                            406 	.globl _DACTEST1
                            407 	.globl _DACTEST0
                            408 	.globl _MDMTEST1
                            409 	.globl _MDMTEST0
                            410 	.globl _ADCTEST2
                            411 	.globl _ADCTEST1
                            412 	.globl _ADCTEST0
                            413 	.globl _AGCCTRL3
                            414 	.globl _AGCCTRL2
                            415 	.globl _AGCCTRL1
                            416 	.globl _AGCCTRL0
                            417 	.globl _FSCAL3
                            418 	.globl _FSCAL2
                            419 	.globl _FSCAL1
                            420 	.globl _FSCAL0
                            421 	.globl _FSCTRL
                            422 	.globl _RXCTRL
                            423 	.globl _FREQEST
                            424 	.globl _MDMCTRL1
                            425 	.globl _MDMCTRL0
                            426 	.globl _RFRND
                            427 	.globl _RFERRM
                            428 	.globl _RFIRQM1
                            429 	.globl _RFIRQM0
                            430 	.globl _TXLAST_PTR
                            431 	.globl _TXFIRST_PTR
                            432 	.globl _RXP1_PTR
                            433 	.globl _RXLAST_PTR
                            434 	.globl _RXFIRST_PTR
                            435 	.globl _TXFIFOCNT
                            436 	.globl _RXFIFOCNT
                            437 	.globl _RXFIRST
                            438 	.globl _RSSISTAT
                            439 	.globl _RSSI
                            440 	.globl _CCACTRL1
                            441 	.globl _CCACTRL0
                            442 	.globl _FSMCTRL
                            443 	.globl _FIFOPCTRL
                            444 	.globl _FSMSTAT1
                            445 	.globl _FSMSTAT0
                            446 	.globl _TXCTRL
                            447 	.globl _TXPOWER
                            448 	.globl _FREQCTRL
                            449 	.globl _FREQTUNE
                            450 	.globl _RXMASKCLR
                            451 	.globl _RXMASKSET
                            452 	.globl _RXENABLE
                            453 	.globl _FRMCTRL1
                            454 	.globl _FRMCTRL0
                            455 	.globl _SRCEXTEN2
                            456 	.globl _SRCEXTEN1
                            457 	.globl _SRCEXTEN0
                            458 	.globl _SRCSHORTEN2
                            459 	.globl _SRCSHORTEN1
                            460 	.globl _SRCSHORTEN0
                            461 	.globl _SRCMATCH
                            462 	.globl _FRMFILT1
                            463 	.globl _FRMFILT0
                            464 	.globl _SHORT_ADDR1
                            465 	.globl _SHORT_ADDR0
                            466 	.globl _PAN_ID1
                            467 	.globl _PAN_ID0
                            468 	.globl _EXT_ADDR7
                            469 	.globl _EXT_ADDR6
                            470 	.globl _EXT_ADDR5
                            471 	.globl _EXT_ADDR4
                            472 	.globl _EXT_ADDR3
                            473 	.globl _EXT_ADDR2
                            474 	.globl _EXT_ADDR1
                            475 	.globl _EXT_ADDR0
                            476 	.globl _SRCSHORTPENDEN2
                            477 	.globl _SRCSHORTPENDEN1
                            478 	.globl _SRCSHORTPENDEN0
                            479 	.globl _SRCEXTPENDEN2
                            480 	.globl _SRCEXTPENDEN1
                            481 	.globl _SRCEXTPENDEN0
                            482 	.globl _SRCRESINDEX
                            483 	.globl _SRCRESMASK2
                            484 	.globl _SRCRESMASK1
                            485 	.globl _SRCRESMASK0
                            486 	.globl _SRC_ADDR_TABLE
                            487 	.globl _TXFIFO
                            488 	.globl _RXFIFO
                            489 	.globl _RFCORE_RAM
                            490 	.globl _CMPCTL
                            491 	.globl _OPAMPS
                            492 	.globl _OPAMPC
                            493 	.globl _STCV2
                            494 	.globl _STCV1
                            495 	.globl _STCV0
                            496 	.globl _STCS
                            497 	.globl _STCC
                            498 	.globl _T1CC4H
                            499 	.globl _T1CC4L
                            500 	.globl _T1CC3H
                            501 	.globl _T1CC3L
                            502 	.globl _XX_T1CC2H
                            503 	.globl _XX_T1CC2L
                            504 	.globl _XX_T1CC1H
                            505 	.globl _XX_T1CC1L
                            506 	.globl _XX_T1CC0H
                            507 	.globl _XX_T1CC0L
                            508 	.globl _T1CCTL4
                            509 	.globl _T1CCTL3
                            510 	.globl _XX_T1CCTL2
                            511 	.globl _XX_T1CCTL1
                            512 	.globl _XX_T1CCTL0
                            513 	.globl _CLD
                            514 	.globl _IRCTL
                            515 	.globl _CHIPINFO1
                            516 	.globl _CHIPINFO0
                            517 	.globl _FWDATA
                            518 	.globl _FADDRH
                            519 	.globl _FADDRL
                            520 	.globl _FCTL
                            521 	.globl _IVCTRL
                            522 	.globl _BATTMON
                            523 	.globl _SRCRC
                            524 	.globl _DBGDATA
                            525 	.globl _TESTREG0
                            526 	.globl _CHIPID
                            527 	.globl _CHVER
                            528 	.globl _OBSSEL5
                            529 	.globl _OBSSEL4
                            530 	.globl _OBSSEL3
                            531 	.globl _OBSSEL2
                            532 	.globl _OBSSEL1
                            533 	.globl _OBSSEL0
                            534 	.globl _I2CIO
                            535 	.globl _I2CWC
                            536 	.globl _I2CADDR
                            537 	.globl _I2CDATA
                            538 	.globl _I2CSTAT
                            539 	.globl _I2CCFG
                            540 	.globl _OPAMPMC
                            541 	.globl _MONMUX
                            542 	.globl _clock_delay_usec
                            543 	.globl _clock_wait
                            544 	.globl _clock_time
                            545 	.globl _clock_seconds
                            546 	.globl _clock_init
                            547 ;--------------------------------------------------------
                            548 ; special function registers
                            549 ;--------------------------------------------------------
                            550 	.area RSEG    (ABS,DATA)
   0000                     551 	.org 0x0000
                    0080    552 _P0	=	0x0080
                    0081    553 _SP	=	0x0081
                    0082    554 _DPL0	=	0x0082
                    0083    555 _DPH0	=	0x0083
                    0084    556 _DPL1	=	0x0084
                    0085    557 _DPH1	=	0x0085
                    0087    558 _PCON	=	0x0087
                    0088    559 _TCON	=	0x0088
                    0090    560 _P1	=	0x0090
                    0092    561 _DPS	=	0x0092
                    0098    562 _S0CON	=	0x0098
                    009A    563 _IEN2	=	0x009a
                    009B    564 _S1CON	=	0x009b
                    00A0    565 _P2	=	0x00a0
                    00A8    566 _IEN0	=	0x00a8
                    00A9    567 _IP0	=	0x00a9
                    00B8    568 _IEN1	=	0x00b8
                    00B9    569 _IP1	=	0x00b9
                    00C0    570 _IRCON	=	0x00c0
                    00D0    571 _PSW	=	0x00d0
                    00E0    572 _ACC	=	0x00e0
                    00E8    573 _IRCON2	=	0x00e8
                    00F0    574 _B	=	0x00f0
                    00B4    575 _ADCCON1	=	0x00b4
                    00B5    576 _ADCCON2	=	0x00b5
                    00B6    577 _ADCCON3	=	0x00b6
                    00BA    578 _ADCL	=	0x00ba
                    00BB    579 _ADCH	=	0x00bb
                    00BC    580 _RNDL	=	0x00bc
                    00BD    581 _RNDH	=	0x00bd
                    00B1    582 _ENCDI	=	0x00b1
                    00B2    583 _ENCDO	=	0x00b2
                    00B3    584 _ENCCS	=	0x00b3
                    00D1    585 _DMAIRQ	=	0x00d1
                    00D2    586 _DMA1CFGL	=	0x00d2
                    00D3    587 _DMA1CFGH	=	0x00d3
                    00D4    588 _DMA0CFGL	=	0x00d4
                    00D5    589 _DMA0CFGH	=	0x00d5
                    00D6    590 _DMAARM	=	0x00d6
                    00D7    591 _DMAREQ	=	0x00d7
                    0089    592 _P0IFG	=	0x0089
                    008A    593 _P1IFG	=	0x008a
                    008B    594 _P2IFG	=	0x008b
                    008C    595 _PICTL	=	0x008c
                    00AB    596 _P0IEN	=	0x00ab
                    008D    597 _P1IEN	=	0x008d
                    00AC    598 _P2IEN	=	0x00ac
                    008F    599 _P0INP	=	0x008f
                    00F1    600 _PERCFG	=	0x00f1
                    00F2    601 _APCFG	=	0x00f2
                    00F3    602 _P0SEL	=	0x00f3
                    00F4    603 _P1SEL	=	0x00f4
                    00F5    604 _P2SEL	=	0x00f5
                    00F6    605 _P1INP	=	0x00f6
                    00F7    606 _P2INP	=	0x00f7
                    00FD    607 _P0DIR	=	0x00fd
                    00FE    608 _P1DIR	=	0x00fe
                    00FF    609 _P2DIR	=	0x00ff
                    00AE    610 _PMUX	=	0x00ae
                    0093    611 _MPAGE	=	0x0093
                    0093    612 __XPAGE	=	0x0093
                    00C7    613 _MEMCTR	=	0x00c7
                    009F    614 _FMAP	=	0x009f
                    009F    615 _PSBANK	=	0x009f
                    0091    616 _RFIRQF1	=	0x0091
                    00D9    617 _RFD	=	0x00d9
                    00E1    618 _RFST	=	0x00e1
                    00E9    619 _RFIRQF0	=	0x00e9
                    00BF    620 _RFERRF	=	0x00bf
                    0095    621 _ST0	=	0x0095
                    0096    622 _ST1	=	0x0096
                    0097    623 _ST2	=	0x0097
                    00AD    624 _STLOAD	=	0x00ad
                    00BE    625 _SLEEPCMD	=	0x00be
                    009D    626 _SLEEPSTA	=	0x009d
                    00C6    627 _CLKCONCMD	=	0x00c6
                    009E    628 _CLKCONSTA	=	0x009e
                    00DA    629 _T1CC0L	=	0x00da
                    00DB    630 _T1CC0H	=	0x00db
                    00DC    631 _T1CC1L	=	0x00dc
                    00DD    632 _T1CC1H	=	0x00dd
                    00DE    633 _T1CC2L	=	0x00de
                    00DF    634 _T1CC2H	=	0x00df
                    00E2    635 _T1CNTL	=	0x00e2
                    00E3    636 _T1CNTH	=	0x00e3
                    00E4    637 _T1CTL	=	0x00e4
                    00E5    638 _T1CCTL0	=	0x00e5
                    00E6    639 _T1CCTL1	=	0x00e6
                    00E7    640 _T1CCTL2	=	0x00e7
                    00AF    641 _T1STAT	=	0x00af
                    0094    642 _T2CTRL	=	0x0094
                    009C    643 _T2EVTCFG	=	0x009c
                    00A1    644 _T2IRQF	=	0x00a1
                    00A2    645 _T2M0	=	0x00a2
                    00A3    646 _T2M1	=	0x00a3
                    00A4    647 _T2MOVF0	=	0x00a4
                    00A5    648 _T2MOVF1	=	0x00a5
                    00A6    649 _T2MOVF2	=	0x00a6
                    00A7    650 _T2IRQM	=	0x00a7
                    00C3    651 _T2MSEL	=	0x00c3
                    00CA    652 _T3CNT	=	0x00ca
                    00CB    653 _T3CTL	=	0x00cb
                    00CC    654 _T3CCTL0	=	0x00cc
                    00CD    655 _T3CC0	=	0x00cd
                    00CE    656 _T3CCTL1	=	0x00ce
                    00CF    657 _T3CC1	=	0x00cf
                    00EA    658 _T4CNT	=	0x00ea
                    00EB    659 _T4CTL	=	0x00eb
                    00EC    660 _T4CCTL0	=	0x00ec
                    00ED    661 _T4CC0	=	0x00ed
                    00EE    662 _T4CCTL1	=	0x00ee
                    00EF    663 _T4CC1	=	0x00ef
                    00D8    664 _TIMIF	=	0x00d8
                    0086    665 _U0CSR	=	0x0086
                    00C1    666 _U0DBUF	=	0x00c1
                    00C2    667 _U0BAUD	=	0x00c2
                    00C4    668 _U0UCR	=	0x00c4
                    00C5    669 _U0GCR	=	0x00c5
                    00F8    670 _U1CSR	=	0x00f8
                    00F9    671 _U1DBUF	=	0x00f9
                    00FA    672 _U1BAUD	=	0x00fa
                    00FB    673 _U1UCR	=	0x00fb
                    00FC    674 _U1GCR	=	0x00fc
                    00C9    675 _WDCTL	=	0x00c9
                            676 ;--------------------------------------------------------
                            677 ; special function bits
                            678 ;--------------------------------------------------------
                            679 	.area RSEG    (ABS,DATA)
   0000                     680 	.org 0x0000
                    0087    681 _P0_7	=	0x0087
                    0086    682 _P0_6	=	0x0086
                    0085    683 _P0_5	=	0x0085
                    0084    684 _P0_4	=	0x0084
                    0083    685 _P0_3	=	0x0083
                    0082    686 _P0_2	=	0x0082
                    0081    687 _P0_1	=	0x0081
                    0080    688 _P0_0	=	0x0080
                    008F    689 _URX1IF	=	0x008f
                    008D    690 _ADCIF	=	0x008d
                    008B    691 _URX0IF	=	0x008b
                    008A    692 _IT1	=	0x008a
                    0089    693 _RFERRIF	=	0x0089
                    0088    694 _IT0	=	0x0088
                    0097    695 _P1_7	=	0x0097
                    0096    696 _P1_6	=	0x0096
                    0095    697 _P1_5	=	0x0095
                    0094    698 _P1_4	=	0x0094
                    0093    699 _P1_3	=	0x0093
                    0092    700 _P1_2	=	0x0092
                    0091    701 _P1_1	=	0x0091
                    0090    702 _P1_0	=	0x0090
                    0099    703 _ENCIF_1	=	0x0099
                    0098    704 _ENCIF_0	=	0x0098
                    00A7    705 _P2_7	=	0x00a7
                    00A6    706 _P2_6	=	0x00a6
                    00A5    707 _P2_5	=	0x00a5
                    00A4    708 _P2_4	=	0x00a4
                    00A3    709 _P2_3	=	0x00a3
                    00A2    710 _P2_2	=	0x00a2
                    00A1    711 _P2_1	=	0x00a1
                    00A0    712 _P2_0	=	0x00a0
                    00AF    713 _EA	=	0x00af
                    00AD    714 _STIE	=	0x00ad
                    00AC    715 _ENCIE	=	0x00ac
                    00AB    716 _URX1IE	=	0x00ab
                    00AA    717 _URX0IE	=	0x00aa
                    00A9    718 _ADCIE	=	0x00a9
                    00A8    719 _RFERRIE	=	0x00a8
                    00BD    720 _P0IE	=	0x00bd
                    00BC    721 _T4IE	=	0x00bc
                    00BB    722 _T3IE	=	0x00bb
                    00BA    723 _T2IE	=	0x00ba
                    00B9    724 _T1IE	=	0x00b9
                    00B8    725 _DMAIE	=	0x00b8
                    00C7    726 _STIF	=	0x00c7
                    00C5    727 _P0IF	=	0x00c5
                    00C4    728 _T4IF	=	0x00c4
                    00C3    729 _T3IF	=	0x00c3
                    00C2    730 _T2IF	=	0x00c2
                    00C1    731 _T1IF	=	0x00c1
                    00C0    732 _DMAIF	=	0x00c0
                    00D7    733 _CY	=	0x00d7
                    00D6    734 _AC	=	0x00d6
                    00D5    735 _F0	=	0x00d5
                    00D4    736 _RS1	=	0x00d4
                    00D3    737 _RS0	=	0x00d3
                    00D2    738 _OV	=	0x00d2
                    00D1    739 _F1	=	0x00d1
                    00D0    740 _P	=	0x00d0
                    00E7    741 _ACC_7	=	0x00e7
                    00E6    742 _ACC_6	=	0x00e6
                    00E5    743 _ACC_5	=	0x00e5
                    00E4    744 _ACC_4	=	0x00e4
                    00E3    745 _ACC_3	=	0x00e3
                    00E2    746 _ACC_2	=	0x00e2
                    00E1    747 _ACC_1	=	0x00e1
                    00E0    748 _ACC_0	=	0x00e0
                    00EC    749 _WDTIF	=	0x00ec
                    00EB    750 _P1IF	=	0x00eb
                    00EA    751 _UTX1IF	=	0x00ea
                    00E9    752 _UTX0IF	=	0x00e9
                    00E8    753 _P2IF	=	0x00e8
                    00F7    754 _B_7	=	0x00f7
                    00F6    755 _B_6	=	0x00f6
                    00F5    756 _B_5	=	0x00f5
                    00F4    757 _B_4	=	0x00f4
                    00F3    758 _B_3	=	0x00f3
                    00F2    759 _B_2	=	0x00f2
                    00F1    760 _B_1	=	0x00f1
                    00F0    761 _B_0	=	0x00f0
                    00DE    762 _OVFIM	=	0x00de
                    00DD    763 _T4CH1IF	=	0x00dd
                    00DC    764 _T4CH0IF	=	0x00dc
                    00DB    765 _T4OVFIF	=	0x00db
                    00DA    766 _T3CH1IF	=	0x00da
                    00D9    767 _T3CH0IF	=	0x00d9
                    00D8    768 _T3OVFIF	=	0x00d8
                    00FF    769 _MODE	=	0x00ff
                    00FE    770 _RE	=	0x00fe
                    00FD    771 _SLAVE	=	0x00fd
                    00FC    772 _FE	=	0x00fc
                    00FB    773 _ERR	=	0x00fb
                    00FA    774 _RX_BYTE	=	0x00fa
                    00F9    775 _TX_BYTE	=	0x00f9
                    00F8    776 _ACTIVE	=	0x00f8
                            777 ;--------------------------------------------------------
                            778 ; overlayable register banks
                            779 ;--------------------------------------------------------
                            780 	.area REG_BANK_0	(REL,OVR,DATA)
   0000                     781 	.ds 8
                            782 ;--------------------------------------------------------
                            783 ; internal ram data
                            784 ;--------------------------------------------------------
                            785 	.area DSEG    (DATA)
   0000                     786 _count:
   0000                     787 	.ds 2
   0002                     788 _seconds:
   0002                     789 	.ds 2
                            790 ;--------------------------------------------------------
                            791 ; overlayable items in internal ram 
                            792 ;--------------------------------------------------------
                            793 	.area OSEG    (OVR,DATA)
                            794 ;--------------------------------------------------------
                            795 ; indirectly addressable internal ram data
                            796 ;--------------------------------------------------------
                            797 	.area ISEG    (DATA)
                            798 ;--------------------------------------------------------
                            799 ; absolute internal ram data
                            800 ;--------------------------------------------------------
                            801 	.area IABS    (ABS,DATA)
                            802 	.area IABS    (ABS,DATA)
                            803 ;--------------------------------------------------------
                            804 ; bit data
                            805 ;--------------------------------------------------------
                            806 	.area BSEG    (BIT)
                            807 ;--------------------------------------------------------
                            808 ; paged external ram data
                            809 ;--------------------------------------------------------
                            810 	.area PSEG    (PAG,XDATA)
                            811 ;--------------------------------------------------------
                            812 ; external ram data
                            813 ;--------------------------------------------------------
                            814 	.area XSEG    (XDATA)
                    61A6    815 _MONMUX	=	0x61a6
                    61A6    816 _OPAMPMC	=	0x61a6
                    6230    817 _I2CCFG	=	0x6230
                    6231    818 _I2CSTAT	=	0x6231
                    6232    819 _I2CDATA	=	0x6232
                    6233    820 _I2CADDR	=	0x6233
                    6234    821 _I2CWC	=	0x6234
                    6235    822 _I2CIO	=	0x6235
                    6243    823 _OBSSEL0	=	0x6243
                    6244    824 _OBSSEL1	=	0x6244
                    6245    825 _OBSSEL2	=	0x6245
                    6246    826 _OBSSEL3	=	0x6246
                    6247    827 _OBSSEL4	=	0x6247
                    6248    828 _OBSSEL5	=	0x6248
                    6249    829 _CHVER	=	0x6249
                    624A    830 _CHIPID	=	0x624a
                    624B    831 _TESTREG0	=	0x624b
                    6260    832 _DBGDATA	=	0x6260
                    6262    833 _SRCRC	=	0x6262
                    6264    834 _BATTMON	=	0x6264
                    6265    835 _IVCTRL	=	0x6265
                    6270    836 _FCTL	=	0x6270
                    6271    837 _FADDRL	=	0x6271
                    6272    838 _FADDRH	=	0x6272
                    6273    839 _FWDATA	=	0x6273
                    6276    840 _CHIPINFO0	=	0x6276
                    6277    841 _CHIPINFO1	=	0x6277
                    6281    842 _IRCTL	=	0x6281
                    6290    843 _CLD	=	0x6290
                    62A0    844 _XX_T1CCTL0	=	0x62a0
                    62A1    845 _XX_T1CCTL1	=	0x62a1
                    62A2    846 _XX_T1CCTL2	=	0x62a2
                    62A3    847 _T1CCTL3	=	0x62a3
                    62A4    848 _T1CCTL4	=	0x62a4
                    62A6    849 _XX_T1CC0L	=	0x62a6
                    62A7    850 _XX_T1CC0H	=	0x62a7
                    62A8    851 _XX_T1CC1L	=	0x62a8
                    62A9    852 _XX_T1CC1H	=	0x62a9
                    62AA    853 _XX_T1CC2L	=	0x62aa
                    62AB    854 _XX_T1CC2H	=	0x62ab
                    62AC    855 _T1CC3L	=	0x62ac
                    62AD    856 _T1CC3H	=	0x62ad
                    62AE    857 _T1CC4L	=	0x62ae
                    62AF    858 _T1CC4H	=	0x62af
                    62B0    859 _STCC	=	0x62b0
                    62B1    860 _STCS	=	0x62b1
                    62B2    861 _STCV0	=	0x62b2
                    62B3    862 _STCV1	=	0x62b3
                    62B4    863 _STCV2	=	0x62b4
                    62C0    864 _OPAMPC	=	0x62c0
                    62C1    865 _OPAMPS	=	0x62c1
                    62D0    866 _CMPCTL	=	0x62d0
                    6000    867 _RFCORE_RAM	=	0x6000
                    6000    868 _RXFIFO	=	0x6000
                    6080    869 _TXFIFO	=	0x6080
                    6100    870 _SRC_ADDR_TABLE	=	0x6100
                    6160    871 _SRCRESMASK0	=	0x6160
                    6161    872 _SRCRESMASK1	=	0x6161
                    6162    873 _SRCRESMASK2	=	0x6162
                    6163    874 _SRCRESINDEX	=	0x6163
                    6164    875 _SRCEXTPENDEN0	=	0x6164
                    6165    876 _SRCEXTPENDEN1	=	0x6165
                    6166    877 _SRCEXTPENDEN2	=	0x6166
                    6167    878 _SRCSHORTPENDEN0	=	0x6167
                    6168    879 _SRCSHORTPENDEN1	=	0x6168
                    6169    880 _SRCSHORTPENDEN2	=	0x6169
                    616A    881 _EXT_ADDR0	=	0x616a
                    616B    882 _EXT_ADDR1	=	0x616b
                    616C    883 _EXT_ADDR2	=	0x616c
                    616D    884 _EXT_ADDR3	=	0x616d
                    616E    885 _EXT_ADDR4	=	0x616e
                    616F    886 _EXT_ADDR5	=	0x616f
                    6170    887 _EXT_ADDR6	=	0x6170
                    6171    888 _EXT_ADDR7	=	0x6171
                    6172    889 _PAN_ID0	=	0x6172
                    6173    890 _PAN_ID1	=	0x6173
                    6174    891 _SHORT_ADDR0	=	0x6174
                    6175    892 _SHORT_ADDR1	=	0x6175
                    6180    893 _FRMFILT0	=	0x6180
                    6181    894 _FRMFILT1	=	0x6181
                    6182    895 _SRCMATCH	=	0x6182
                    6183    896 _SRCSHORTEN0	=	0x6183
                    6184    897 _SRCSHORTEN1	=	0x6184
                    6185    898 _SRCSHORTEN2	=	0x6185
                    6186    899 _SRCEXTEN0	=	0x6186
                    6187    900 _SRCEXTEN1	=	0x6187
                    6188    901 _SRCEXTEN2	=	0x6188
                    6189    902 _FRMCTRL0	=	0x6189
                    618A    903 _FRMCTRL1	=	0x618a
                    618B    904 _RXENABLE	=	0x618b
                    618C    905 _RXMASKSET	=	0x618c
                    618D    906 _RXMASKCLR	=	0x618d
                    618E    907 _FREQTUNE	=	0x618e
                    618F    908 _FREQCTRL	=	0x618f
                    6190    909 _TXPOWER	=	0x6190
                    6191    910 _TXCTRL	=	0x6191
                    6192    911 _FSMSTAT0	=	0x6192
                    6193    912 _FSMSTAT1	=	0x6193
                    6194    913 _FIFOPCTRL	=	0x6194
                    6195    914 _FSMCTRL	=	0x6195
                    6196    915 _CCACTRL0	=	0x6196
                    6197    916 _CCACTRL1	=	0x6197
                    6198    917 _RSSI	=	0x6198
                    6199    918 _RSSISTAT	=	0x6199
                    619A    919 _RXFIRST	=	0x619a
                    619B    920 _RXFIFOCNT	=	0x619b
                    619C    921 _TXFIFOCNT	=	0x619c
                    619D    922 _RXFIRST_PTR	=	0x619d
                    619E    923 _RXLAST_PTR	=	0x619e
                    619F    924 _RXP1_PTR	=	0x619f
                    61A1    925 _TXFIRST_PTR	=	0x61a1
                    61A2    926 _TXLAST_PTR	=	0x61a2
                    61A3    927 _RFIRQM0	=	0x61a3
                    61A4    928 _RFIRQM1	=	0x61a4
                    61A5    929 _RFERRM	=	0x61a5
                    61A7    930 _RFRND	=	0x61a7
                    61A8    931 _MDMCTRL0	=	0x61a8
                    61A9    932 _MDMCTRL1	=	0x61a9
                    61AA    933 _FREQEST	=	0x61aa
                    61AB    934 _RXCTRL	=	0x61ab
                    61AC    935 _FSCTRL	=	0x61ac
                    61AD    936 _FSCAL0	=	0x61ad
                    61AE    937 _FSCAL1	=	0x61ae
                    61AF    938 _FSCAL2	=	0x61af
                    61B0    939 _FSCAL3	=	0x61b0
                    61B1    940 _AGCCTRL0	=	0x61b1
                    61B2    941 _AGCCTRL1	=	0x61b2
                    61B3    942 _AGCCTRL2	=	0x61b3
                    61B4    943 _AGCCTRL3	=	0x61b4
                    61B5    944 _ADCTEST0	=	0x61b5
                    61B6    945 _ADCTEST1	=	0x61b6
                    61B7    946 _ADCTEST2	=	0x61b7
                    61B8    947 _MDMTEST0	=	0x61b8
                    61B9    948 _MDMTEST1	=	0x61b9
                    61BA    949 _DACTEST0	=	0x61ba
                    61BB    950 _DACTEST1	=	0x61bb
                    61BC    951 _DACTEST2	=	0x61bc
                    61BD    952 _ATEST	=	0x61bd
                    61BE    953 _PTEST0	=	0x61be
                    61BF    954 _PTEST1	=	0x61bf
                    61FA    955 _TXFILTCFG	=	0x61fa
                    61EB    956 _RFC_OBS_CTRL0	=	0x61eb
                    61EC    957 _RFC_OBS_CTRL1	=	0x61ec
                    61ED    958 _RFC_OBS_CTRL2	=	0x61ed
                    61C0    959 _CSPPROG0	=	0x61c0
                    61C1    960 _CSPPROG1	=	0x61c1
                    61C2    961 _CSPPROG2	=	0x61c2
                    61C3    962 _CSPPROG3	=	0x61c3
                    61C4    963 _CSPPROG4	=	0x61c4
                    61C5    964 _CSPPROG5	=	0x61c5
                    61C6    965 _CSPPROG6	=	0x61c6
                    61C7    966 _CSPPROG7	=	0x61c7
                    61C8    967 _CSPPROG8	=	0x61c8
                    61C9    968 _CSPPROG9	=	0x61c9
                    61CA    969 _CSPPROG10	=	0x61ca
                    61CB    970 _CSPPROG11	=	0x61cb
                    61CC    971 _CSPPROG12	=	0x61cc
                    61CD    972 _CSPPROG13	=	0x61cd
                    61CE    973 _CSPPROG14	=	0x61ce
                    61CF    974 _CSPPROG15	=	0x61cf
                    61D0    975 _CSPPROG16	=	0x61d0
                    61D1    976 _CSPPROG17	=	0x61d1
                    61D2    977 _CSPPROG18	=	0x61d2
                    61D3    978 _CSPPROG19	=	0x61d3
                    61D4    979 _CSPPROG20	=	0x61d4
                    61D5    980 _CSPPROG21	=	0x61d5
                    61D6    981 _CSPPROG22	=	0x61d6
                    61D7    982 _CSPPROG23	=	0x61d7
                    61E0    983 _CSPCTRL	=	0x61e0
                    61E1    984 _CSPSTAT	=	0x61e1
                    61E2    985 _CSPX	=	0x61e2
                    61E3    986 _CSPY	=	0x61e3
                    61E4    987 _CSPZ	=	0x61e4
                    61E5    988 _CSPT	=	0x61e5
                    6200    989 _USBADDR	=	0x6200
                    6201    990 _USBPOW	=	0x6201
                    6202    991 _USBIIF	=	0x6202
                    6204    992 _USBOIF	=	0x6204
                    6206    993 _USBCIF	=	0x6206
                    6207    994 _USBIIE	=	0x6207
                    6209    995 _USBOIE	=	0x6209
                    620B    996 _USBCIE	=	0x620b
                    620C    997 _USBFRML	=	0x620c
                    620D    998 _USBFRMH	=	0x620d
                    620E    999 _USBINDEX	=	0x620e
                    620F   1000 _USBCTRL	=	0x620f
                    6210   1001 _USBMAXI	=	0x6210
                    6211   1002 _USBCS0	=	0x6211
                    6211   1003 _USBCSIL	=	0x6211
                    6212   1004 _USBCSIH	=	0x6212
                    6213   1005 _USBMAXO	=	0x6213
                    6214   1006 _USBCSOL	=	0x6214
                    6215   1007 _USBCSOH	=	0x6215
                    6216   1008 _USBCNT0	=	0x6216
                    6216   1009 _USBCNTL	=	0x6216
                    6217   1010 _USBCNTH	=	0x6217
                    6220   1011 _USBF0	=	0x6220
                    6222   1012 _USBF1	=	0x6222
                    6224   1013 _USBF2	=	0x6224
                    6226   1014 _USBF3	=	0x6226
                    6228   1015 _USBF4	=	0x6228
                    622A   1016 _USBF5	=	0x622a
                    7080   1017 _X_P0	=	0x7080
                    7086   1018 _X_U0CSR	=	0x7086
                    7089   1019 _X_P0IFG	=	0x7089
                    708A   1020 _X_P1IFG	=	0x708a
                    708B   1021 _X_P2IFG	=	0x708b
                    708C   1022 _X_PICTL	=	0x708c
                    708D   1023 _X_P1IEN	=	0x708d
                    708F   1024 _X_P0INP	=	0x708f
                    7090   1025 _X_P1	=	0x7090
                    7091   1026 _X_RFIRQF1	=	0x7091
                    7093   1027 _X_MPAGE	=	0x7093
                    7093   1028 _X__XPAGE	=	0x7093
                    7094   1029 _X_T2CTRL	=	0x7094
                    7095   1030 _X_ST0	=	0x7095
                    7096   1031 _X_ST1	=	0x7096
                    7097   1032 _X_ST2	=	0x7097
                    709C   1033 _X_T2EVTCFG	=	0x709c
                    709D   1034 _X_SLEEPSTA	=	0x709d
                    709E   1035 _X_CLKCONSTA	=	0x709e
                    709F   1036 _X_FMAP	=	0x709f
                    709F   1037 _X_PSBANK	=	0x709f
                    70A0   1038 _X_P2	=	0x70a0
                    70A1   1039 _X_T2IRQF	=	0x70a1
                    70A2   1040 _X_T2M0	=	0x70a2
                    70A3   1041 _X_T2M1	=	0x70a3
                    70A4   1042 _X_T2MOVF0	=	0x70a4
                    70A5   1043 _X_T2MOVF1	=	0x70a5
                    70A6   1044 _X_T2MOVF2	=	0x70a6
                    70A7   1045 _X_T2IRQM	=	0x70a7
                    70AB   1046 _X_P0IEN	=	0x70ab
                    70AC   1047 _X_P2IEN	=	0x70ac
                    70AD   1048 _X_STLOAD	=	0x70ad
                    70AE   1049 _X_PMUX	=	0x70ae
                    70AF   1050 _X_T1STAT	=	0x70af
                    70B1   1051 _X_ENCDI	=	0x70b1
                    70B2   1052 _X_ENCDO	=	0x70b2
                    70B3   1053 _X_ENCCS	=	0x70b3
                    70B4   1054 _X_ADCCON1	=	0x70b4
                    70B5   1055 _X_ADCCON2	=	0x70b5
                    70B6   1056 _X_ADCCON3	=	0x70b6
                    70BA   1057 _X_ADCL	=	0x70ba
                    70BB   1058 _X_ADCH	=	0x70bb
                    70BC   1059 _X_RNDL	=	0x70bc
                    70BD   1060 _X_RNDH	=	0x70bd
                    70BE   1061 _X_SLEEPCMD	=	0x70be
                    70BF   1062 _X_RFERRF	=	0x70bf
                    70C1   1063 _X_U0DBUF	=	0x70c1
                    70C2   1064 _X_U0BAUD	=	0x70c2
                    70C3   1065 _X_T2MSEL	=	0x70c3
                    70C4   1066 _X_U0UCR	=	0x70c4
                    70C5   1067 _X_U0GCR	=	0x70c5
                    70C6   1068 _X_CLKCONCMD	=	0x70c6
                    70C7   1069 _X_MEMCTR	=	0x70c7
                    70C9   1070 _X_WDCTL	=	0x70c9
                    70CA   1071 _X_T3CNT	=	0x70ca
                    70CB   1072 _X_T3CTL	=	0x70cb
                    70CC   1073 _X_T3CCTL0	=	0x70cc
                    70CD   1074 _X_T3CC0	=	0x70cd
                    70CE   1075 _X_T3CCTL1	=	0x70ce
                    70CF   1076 _X_T3CC1	=	0x70cf
                    70D1   1077 _X_DMAIRQ	=	0x70d1
                    70D2   1078 _X_DMA1CFGL	=	0x70d2
                    70D3   1079 _X_DMA1CFGH	=	0x70d3
                    70D4   1080 _X_DMA0CFGL	=	0x70d4
                    70D5   1081 _X_DMA0CFGH	=	0x70d5
                    70D6   1082 _X_DMAARM	=	0x70d6
                    70D7   1083 _X_DMAREQ	=	0x70d7
                    70D8   1084 _X_TIMIF	=	0x70d8
                    70D9   1085 _X_RFD	=	0x70d9
                    70DA   1086 _X_T1CC0L	=	0x70da
                    70DB   1087 _X_T1CC0H	=	0x70db
                    70DC   1088 _X_T1CC1L	=	0x70dc
                    70DD   1089 _X_T1CC1H	=	0x70dd
                    70DE   1090 _X_T1CC2L	=	0x70de
                    70DF   1091 _X_T1CC2H	=	0x70df
                    70E1   1092 _X_RFST	=	0x70e1
                    70E2   1093 _X_T1CNTL	=	0x70e2
                    70E3   1094 _X_T1CNTH	=	0x70e3
                    70E4   1095 _X_T1CTL	=	0x70e4
                    70E5   1096 _X_T1CCTL0	=	0x70e5
                    70E6   1097 _X_T1CCTL1	=	0x70e6
                    70E7   1098 _X_T1CCTL2	=	0x70e7
                    70E9   1099 _X_RFIRQF0	=	0x70e9
                    70EA   1100 _X_T4CNT	=	0x70ea
                    70EB   1101 _X_T4CTL	=	0x70eb
                    70EC   1102 _X_T4CCTL0	=	0x70ec
                    70ED   1103 _X_T4CC0	=	0x70ed
                    70EE   1104 _X_T4CCTL1	=	0x70ee
                    70EF   1105 _X_T4CC1	=	0x70ef
                    70F1   1106 _X_PERCFG	=	0x70f1
                    70F2   1107 _X_APCFG	=	0x70f2
                    70F3   1108 _X_P0SEL	=	0x70f3
                    70F4   1109 _X_P1SEL	=	0x70f4
                    70F5   1110 _X_P2SEL	=	0x70f5
                    70F6   1111 _X_P1INP	=	0x70f6
                    70F7   1112 _X_P2INP	=	0x70f7
                    70F8   1113 _X_U1CSR	=	0x70f8
                    70F9   1114 _X_U1DBUF	=	0x70f9
                    70FA   1115 _X_U1BAUD	=	0x70fa
                    70FB   1116 _X_U1UCR	=	0x70fb
                    70FC   1117 _X_U1GCR	=	0x70fc
                    70FD   1118 _X_P0DIR	=	0x70fd
                    70FE   1119 _X_P1DIR	=	0x70fe
                    70FF   1120 _X_P2DIR	=	0x70ff
                    7800   1121 _X_INFOPAGE	=	0x7800
                    780C   1122 _X_IEEE_ADDR	=	0x780c
   0000                    1123 _sleep_flag::
   0000                    1124 	.ds 1
                           1125 ;--------------------------------------------------------
                           1126 ; absolute external ram data
                           1127 ;--------------------------------------------------------
                           1128 	.area XABS    (ABS,XDATA)
   0000                    1129 	.org 0x0000
   0000                    1130 _timer_value:
   0000                    1131 	.ds 4
                           1132 ;--------------------------------------------------------
                           1133 ; external initialized ram data
                           1134 ;--------------------------------------------------------
                           1135 	.area XISEG   (XDATA)
                           1136 	.area HOME    (CODE)
                           1137 	.area GSINIT0 (CODE)
                           1138 	.area GSINIT1 (CODE)
                           1139 	.area GSINIT2 (CODE)
                           1140 	.area GSINIT3 (CODE)
                           1141 	.area GSINIT4 (CODE)
                           1142 	.area GSINIT5 (CODE)
                           1143 	.area GSINIT  (CODE)
                           1144 	.area GSFINAL (CODE)
                           1145 	.area CSEG    (CODE)
                           1146 ;--------------------------------------------------------
                           1147 ; global & static initialisations
                           1148 ;--------------------------------------------------------
                           1149 	.area HOME    (CODE)
                           1150 	.area GSINIT  (CODE)
                           1151 	.area GSFINAL (CODE)
                           1152 	.area GSINIT  (CODE)
                           1153 ;	../../../contiki-sensinode//cpu/cc253x/dev/clock.c:57: static volatile CC_AT_DATA clock_time_t count = 0; /* Uptime in ticks */
   0000 E4                 1154 	clr	a
   0001 F5*00              1155 	mov	_count,a
   0003 F5*01              1156 	mov	(_count + 1),a
                           1157 ;	../../../contiki-sensinode//cpu/cc253x/dev/clock.c:58: static volatile CC_AT_DATA clock_time_t seconds = 0; /* Uptime in secs */
   0005 E4                 1158 	clr	a
   0006 F5*02              1159 	mov	_seconds,a
   0008 F5*03              1160 	mov	(_seconds + 1),a
                           1161 ;	../../../contiki-sensinode//cpu/cc253x/dev/clock.c:55: __xdata __at(0x0000) static unsigned long timer_value = 0;
   000A 90s00r00           1162 	mov	dptr,#_timer_value
   000D E4                 1163 	clr	a
   000E F0                 1164 	movx	@dptr,a
   000F A3                 1165 	inc	dptr
   0010 F0                 1166 	movx	@dptr,a
   0011 A3                 1167 	inc	dptr
   0012 F0                 1168 	movx	@dptr,a
   0013 A3                 1169 	inc	dptr
   0014 F0                 1170 	movx	@dptr,a
                           1171 ;--------------------------------------------------------
                           1172 ; Home
                           1173 ;--------------------------------------------------------
                           1174 	.area HOME    (CODE)
                           1175 	.area HOME    (CODE)
                           1176 ;--------------------------------------------------------
                           1177 ; code
                           1178 ;--------------------------------------------------------
                           1179 	.area HOME    (CODE)
                           1180 ;------------------------------------------------------------
                           1181 ;Allocation info for local variables in function 'clock_delay_usec'
                           1182 ;------------------------------------------------------------
                           1183 ;len                       Allocated to registers r6 r7 
                           1184 ;------------------------------------------------------------
                           1185 ;	../../../contiki-sensinode//cpu/cc253x/dev/clock.c:64: clock_delay_usec(uint16_t len)
                           1186 ;	-----------------------------------------
                           1187 ;	 function clock_delay_usec
                           1188 ;	-----------------------------------------
   0000                    1189 _clock_delay_usec:
                    0007   1190 	ar7 = 0x07
                    0006   1191 	ar6 = 0x06
                    0005   1192 	ar5 = 0x05
                    0004   1193 	ar4 = 0x04
                    0003   1194 	ar3 = 0x03
                    0002   1195 	ar2 = 0x02
                    0001   1196 	ar1 = 0x01
                    0000   1197 	ar0 = 0x00
   0000 AE 82              1198 	mov	r6,dpl
   0002 AF 83              1199 	mov	r7,dph
                           1200 ;	../../../contiki-sensinode//cpu/cc253x/dev/clock.c:66: DISABLE_INTERRUPTS();
   0004 C2 AF              1201 	clr	_EA
                           1202 ;	../../../contiki-sensinode//cpu/cc253x/dev/clock.c:67: while(len--) {
   0006                    1203 00104$:
   0006 8E 04              1204 	mov	ar4,r6
   0008 8F 05              1205 	mov	ar5,r7
   000A 1E                 1206 	dec	r6
   000B BE FF 01           1207 	cjne	r6,#0xFF,00117$
   000E 1F                 1208 	dec	r7
   000F                    1209 00117$:
   000F EC                 1210 	mov	a,r4
   0010 4D                 1211 	orl	a,r5
   0011 70 03              1212 	jnz	00118$
   0013 02s00r1A           1213 	ljmp	00107$
   0016                    1214 00118$:
                           1215 ;	../../../contiki-sensinode//cpu/cc253x/dev/clock.c:68: ASM(nop);
                           1216 	 
   0016 00                 1217 	 nop 
                           1218 	 
   0017 02s00r06           1219 	ljmp	00104$
                           1220 ;	../../../contiki-sensinode//cpu/cc253x/dev/clock.c:70: ENABLE_INTERRUPTS();
   001A                    1221 00107$:
   001A D2 AF              1222 	setb	_EA
   001C 02s00r00           1223 	ljmp	__sdcc_banked_ret
                           1224 ;------------------------------------------------------------
                           1225 ;Allocation info for local variables in function 'clock_wait'
                           1226 ;------------------------------------------------------------
                           1227 ;i                         Allocated to registers r6 r7 
                           1228 ;start                     Allocated to registers r4 r5 
                           1229 ;------------------------------------------------------------
                           1230 ;	../../../contiki-sensinode//cpu/cc253x/dev/clock.c:77: clock_wait(clock_time_t i)
                           1231 ;	-----------------------------------------
                           1232 ;	 function clock_wait
                           1233 ;	-----------------------------------------
   001F                    1234 _clock_wait:
   001F AE 82              1235 	mov	r6,dpl
   0021 AF 83              1236 	mov	r7,dph
                           1237 ;	../../../contiki-sensinode//cpu/cc253x/dev/clock.c:81: start = clock_time();
   0023 C0 07              1238 	push	ar7
   0025 C0 06              1239 	push	ar6
   0027 78r66              1240 	mov	r0,#_clock_time
   0029 79s00              1241 	mov	r1,#(_clock_time >> 8)
   002B 7As00              1242 	mov	r2,#(_clock_time >> 16)
   002D 12s00r00           1243 	lcall	__sdcc_banked_call
   0030 AC 82              1244 	mov	r4,dpl
   0032 AD 83              1245 	mov	r5,dph
   0034 D0 06              1246 	pop	ar6
   0036 D0 07              1247 	pop	ar7
                           1248 ;	../../../contiki-sensinode//cpu/cc253x/dev/clock.c:82: while(clock_time() - start < (clock_time_t)i);
   0038                    1249 00101$:
   0038 C0 07              1250 	push	ar7
   003A C0 06              1251 	push	ar6
   003C C0 05              1252 	push	ar5
   003E C0 04              1253 	push	ar4
   0040 78r66              1254 	mov	r0,#_clock_time
   0042 79s00              1255 	mov	r1,#(_clock_time >> 8)
   0044 7As00              1256 	mov	r2,#(_clock_time >> 16)
   0046 12s00r00           1257 	lcall	__sdcc_banked_call
   0049 AA 82              1258 	mov	r2,dpl
   004B AB 83              1259 	mov	r3,dph
   004D D0 04              1260 	pop	ar4
   004F D0 05              1261 	pop	ar5
   0051 D0 06              1262 	pop	ar6
   0053 D0 07              1263 	pop	ar7
   0055 EA                 1264 	mov	a,r2
   0056 C3                 1265 	clr	c
   0057 9C                 1266 	subb	a,r4
   0058 FA                 1267 	mov	r2,a
   0059 EB                 1268 	mov	a,r3
   005A 9D                 1269 	subb	a,r5
   005B FB                 1270 	mov	r3,a
   005C C3                 1271 	clr	c
   005D EA                 1272 	mov	a,r2
   005E 9E                 1273 	subb	a,r6
   005F EB                 1274 	mov	a,r3
   0060 9F                 1275 	subb	a,r7
   0061 40 D5              1276 	jc	00101$
   0063 02s00r00           1277 	ljmp	__sdcc_banked_ret
                           1278 ;------------------------------------------------------------
                           1279 ;Allocation info for local variables in function 'clock_time'
                           1280 ;------------------------------------------------------------
                           1281 ;	../../../contiki-sensinode//cpu/cc253x/dev/clock.c:86: clock_time(void)
                           1282 ;	-----------------------------------------
                           1283 ;	 function clock_time
                           1284 ;	-----------------------------------------
   0066                    1285 _clock_time:
                           1286 ;	../../../contiki-sensinode//cpu/cc253x/dev/clock.c:88: return count;
   0066 85*00 82           1287 	mov	dpl,_count
   0069 85*01 83           1288 	mov	dph,(_count + 1)
   006C 02s00r00           1289 	ljmp	__sdcc_banked_ret
                           1290 ;------------------------------------------------------------
                           1291 ;Allocation info for local variables in function 'clock_seconds'
                           1292 ;------------------------------------------------------------
                           1293 ;	../../../contiki-sensinode//cpu/cc253x/dev/clock.c:92: clock_seconds(void)
                           1294 ;	-----------------------------------------
                           1295 ;	 function clock_seconds
                           1296 ;	-----------------------------------------
   006F                    1297 _clock_seconds:
                           1298 ;	../../../contiki-sensinode//cpu/cc253x/dev/clock.c:94: return seconds;
   006F AC*02              1299 	mov	r4,_seconds
   0071 AD*03              1300 	mov	r5,(_seconds + 1)
   0073 7E 00              1301 	mov	r6,#0x00
   0075 7F 00              1302 	mov	r7,#0x00
   0077 8C 82              1303 	mov	dpl,r4
   0079 8D 83              1304 	mov	dph,r5
   007B 8E F0              1305 	mov	b,r6
   007D EF                 1306 	mov	a,r7
   007E 02s00r00           1307 	ljmp	__sdcc_banked_ret
                           1308 ;------------------------------------------------------------
                           1309 ;Allocation info for local variables in function 'clock_init'
                           1310 ;------------------------------------------------------------
                           1311 ;	../../../contiki-sensinode//cpu/cc253x/dev/clock.c:109: clock_init(void)
                           1312 ;	-----------------------------------------
                           1313 ;	 function clock_init
                           1314 ;	-----------------------------------------
   0081                    1315 _clock_init:
                           1316 ;	../../../contiki-sensinode//cpu/cc253x/dev/clock.c:112: CLKCONCMD = CLKCONCMD_OSC32K | CLKCONCMD_OSC;
   0081 75 C6 C0           1317 	mov	_CLKCONCMD,#0xC0
                           1318 ;	../../../contiki-sensinode//cpu/cc253x/dev/clock.c:115: CLKCONCMD &= ~CLKCONCMD_OSC;
   0084 AF C6              1319 	mov	r7,_CLKCONCMD
   0086 53 07 BF           1320 	anl	ar7,#0xBF
   0089 8F C6              1321 	mov	_CLKCONCMD,r7
                           1322 ;	../../../contiki-sensinode//cpu/cc253x/dev/clock.c:116: while(CLKCONSTA & CLKCONCMD_OSC);
   008B                    1323 00101$:
   008B E5 9E              1324 	mov	a,_CLKCONSTA
   008D 20 E6 FB           1325 	jb	acc.6,00101$
                           1326 ;	../../../contiki-sensinode//cpu/cc253x/dev/clock.c:119: CLKCONCMD |= CLKCONCMD_TICKSPD2 | CLKCONCMD_TICKSPD1;
   0090 43 C6 30           1327 	orl	_CLKCONCMD,#0x30
                           1328 ;	../../../contiki-sensinode//cpu/cc253x/dev/clock.c:120: while(CLKCONSTA != CLKCONCMD);
   0093                    1329 00104$:
   0093 E5 C6              1330 	mov	a,_CLKCONCMD
   0095 B5 9E FB           1331 	cjne	a,_CLKCONSTA,00104$
                           1332 ;	../../../contiki-sensinode//cpu/cc253x/dev/clock.c:123: timer_value = ST0;
   0098 90s00r00           1333 	mov	dptr,#_timer_value
   009B E5 95              1334 	mov	a,_ST0
   009D F0                 1335 	movx	@dptr,a
   009E A3                 1336 	inc	dptr
   009F E4                 1337 	clr	a
   00A0 F0                 1338 	movx	@dptr,a
   00A1 A3                 1339 	inc	dptr
   00A2 F0                 1340 	movx	@dptr,a
   00A3 A3                 1341 	inc	dptr
   00A4 F0                 1342 	movx	@dptr,a
                           1343 ;	../../../contiki-sensinode//cpu/cc253x/dev/clock.c:124: timer_value += ((unsigned long int)ST1) << 8;
   00A5 AC 96              1344 	mov	r4,_ST1
   00A7 7D 00              1345 	mov	r5,#0x00
   00A9 7E 00              1346 	mov	r6,#0x00
   00AB 8E 07              1347 	mov	ar7,r6
   00AD 8D 06              1348 	mov	ar6,r5
   00AF 8C 05              1349 	mov	ar5,r4
   00B1 7C 00              1350 	mov	r4,#0x00
   00B3 90s00r00           1351 	mov	dptr,#_timer_value
   00B6 E0                 1352 	movx	a,@dptr
   00B7 F8                 1353 	mov	r0,a
   00B8 A3                 1354 	inc	dptr
   00B9 E0                 1355 	movx	a,@dptr
   00BA F9                 1356 	mov	r1,a
   00BB A3                 1357 	inc	dptr
   00BC E0                 1358 	movx	a,@dptr
   00BD FA                 1359 	mov	r2,a
   00BE A3                 1360 	inc	dptr
   00BF E0                 1361 	movx	a,@dptr
   00C0 FB                 1362 	mov	r3,a
   00C1 90s00r00           1363 	mov	dptr,#_timer_value
   00C4 EC                 1364 	mov	a,r4
   00C5 28                 1365 	add	a,r0
   00C6 F0                 1366 	movx	@dptr,a
   00C7 ED                 1367 	mov	a,r5
   00C8 39                 1368 	addc	a,r1
   00C9 A3                 1369 	inc	dptr
   00CA F0                 1370 	movx	@dptr,a
   00CB EE                 1371 	mov	a,r6
   00CC 3A                 1372 	addc	a,r2
   00CD A3                 1373 	inc	dptr
   00CE F0                 1374 	movx	@dptr,a
   00CF EF                 1375 	mov	a,r7
   00D0 3B                 1376 	addc	a,r3
   00D1 A3                 1377 	inc	dptr
   00D2 F0                 1378 	movx	@dptr,a
                           1379 ;	../../../contiki-sensinode//cpu/cc253x/dev/clock.c:125: timer_value += ((unsigned long int)ST2) << 16;
   00D3 AC 97              1380 	mov	r4,_ST2
   00D5 7D 00              1381 	mov	r5,#0x00
   00D7 8D 07              1382 	mov	ar7,r5
   00D9 8C 06              1383 	mov	ar6,r4
   00DB 7D 00              1384 	mov	r5,#0x00
   00DD 7C 00              1385 	mov	r4,#0x00
   00DF 90s00r00           1386 	mov	dptr,#_timer_value
   00E2 E0                 1387 	movx	a,@dptr
   00E3 F8                 1388 	mov	r0,a
   00E4 A3                 1389 	inc	dptr
   00E5 E0                 1390 	movx	a,@dptr
   00E6 F9                 1391 	mov	r1,a
   00E7 A3                 1392 	inc	dptr
   00E8 E0                 1393 	movx	a,@dptr
   00E9 FA                 1394 	mov	r2,a
   00EA A3                 1395 	inc	dptr
   00EB E0                 1396 	movx	a,@dptr
   00EC FB                 1397 	mov	r3,a
   00ED 90s00r00           1398 	mov	dptr,#_timer_value
   00F0 EC                 1399 	mov	a,r4
   00F1 28                 1400 	add	a,r0
   00F2 F0                 1401 	movx	@dptr,a
   00F3 ED                 1402 	mov	a,r5
   00F4 39                 1403 	addc	a,r1
   00F5 A3                 1404 	inc	dptr
   00F6 F0                 1405 	movx	@dptr,a
   00F7 EE                 1406 	mov	a,r6
   00F8 3A                 1407 	addc	a,r2
   00F9 A3                 1408 	inc	dptr
   00FA F0                 1409 	movx	@dptr,a
   00FB EF                 1410 	mov	a,r7
   00FC 3B                 1411 	addc	a,r3
   00FD A3                 1412 	inc	dptr
   00FE F0                 1413 	movx	@dptr,a
                           1414 ;	../../../contiki-sensinode//cpu/cc253x/dev/clock.c:126: timer_value += TICK_VAL;
   00FF 90s00r00           1415 	mov	dptr,#_timer_value
   0102 E0                 1416 	movx	a,@dptr
   0103 FC                 1417 	mov	r4,a
   0104 A3                 1418 	inc	dptr
   0105 E0                 1419 	movx	a,@dptr
   0106 FD                 1420 	mov	r5,a
   0107 A3                 1421 	inc	dptr
   0108 E0                 1422 	movx	a,@dptr
   0109 FE                 1423 	mov	r6,a
   010A A3                 1424 	inc	dptr
   010B E0                 1425 	movx	a,@dptr
   010C FF                 1426 	mov	r7,a
   010D 90s00r00           1427 	mov	dptr,#_timer_value
   0110 EC                 1428 	mov	a,r4
   0111 F0                 1429 	movx	@dptr,a
   0112 74 01              1430 	mov	a,#0x01
   0114 2D                 1431 	add	a,r5
   0115 A3                 1432 	inc	dptr
   0116 F0                 1433 	movx	@dptr,a
   0117 E4                 1434 	clr	a
   0118 3E                 1435 	addc	a,r6
   0119 A3                 1436 	inc	dptr
   011A F0                 1437 	movx	@dptr,a
   011B E4                 1438 	clr	a
   011C 3F                 1439 	addc	a,r7
   011D A3                 1440 	inc	dptr
   011E F0                 1441 	movx	@dptr,a
                           1442 ;	../../../contiki-sensinode//cpu/cc253x/dev/clock.c:127: ST2 = (unsigned char)(timer_value >> 16);
   011F 90s00r00           1443 	mov	dptr,#_timer_value
   0122 E0                 1444 	movx	a,@dptr
   0123 A3                 1445 	inc	dptr
   0124 E0                 1446 	movx	a,@dptr
   0125 A3                 1447 	inc	dptr
   0126 E0                 1448 	movx	a,@dptr
   0127 FE                 1449 	mov	r6,a
   0128 A3                 1450 	inc	dptr
   0129 E0                 1451 	movx	a,@dptr
   012A 8E 97              1452 	mov	_ST2,r6
                           1453 ;	../../../contiki-sensinode//cpu/cc253x/dev/clock.c:128: ST1 = (unsigned char)(timer_value >> 8);
   012C 90s00r00           1454 	mov	dptr,#_timer_value
   012F E0                 1455 	movx	a,@dptr
   0130 A3                 1456 	inc	dptr
   0131 E0                 1457 	movx	a,@dptr
   0132 FD                 1458 	mov	r5,a
   0133 A3                 1459 	inc	dptr
   0134 E0                 1460 	movx	a,@dptr
   0135 A3                 1461 	inc	dptr
   0136 E0                 1462 	movx	a,@dptr
   0137 8D 96              1463 	mov	_ST1,r5
                           1464 ;	../../../contiki-sensinode//cpu/cc253x/dev/clock.c:129: ST0 = (unsigned char)timer_value;
   0139 90s00r00           1465 	mov	dptr,#_timer_value
   013C E0                 1466 	movx	a,@dptr
   013D FC                 1467 	mov	r4,a
   013E A3                 1468 	inc	dptr
   013F E0                 1469 	movx	a,@dptr
   0140 FD                 1470 	mov	r5,a
   0141 A3                 1471 	inc	dptr
   0142 E0                 1472 	movx	a,@dptr
   0143 FE                 1473 	mov	r6,a
   0144 A3                 1474 	inc	dptr
   0145 E0                 1475 	movx	a,@dptr
   0146 FF                 1476 	mov	r7,a
   0147 8C 95              1477 	mov	_ST0,r4
                           1478 ;	../../../contiki-sensinode//cpu/cc253x/dev/clock.c:131: STIE = 1; /* IEN0.STIE interrupt enable */
   0149 D2 AD              1479 	setb	_STIE
   014B 02s00r00           1480 	ljmp	__sdcc_banked_ret
                           1481 ;------------------------------------------------------------
                           1482 ;Allocation info for local variables in function 'clock_isr'
                           1483 ;------------------------------------------------------------
                           1484 ;	../../../contiki-sensinode//cpu/cc253x/dev/clock.c:140: clock_isr(void) __interrupt(ST_VECTOR)
                           1485 ;	-----------------------------------------
                           1486 ;	 function clock_isr
                           1487 ;	-----------------------------------------
   014E                    1488 _clock_isr:
   014E C0 E0              1489 	push	acc
   0150 C0 82              1490 	push	dpl
   0152 C0 83              1491 	push	dph
   0154 C0 07              1492 	push	ar7
   0156 C0 06              1493 	push	ar6
   0158 C0 05              1494 	push	ar5
   015A C0 04              1495 	push	ar4
   015C C0 03              1496 	push	ar3
   015E C0 02              1497 	push	ar2
   0160 C0 01              1498 	push	ar1
   0162 C0 00              1499 	push	ar0
   0164 C0 D0              1500 	push	psw
   0166 75 D0 00           1501 	mov	psw,#0x00
                           1502 ;	../../../contiki-sensinode//cpu/cc253x/dev/clock.c:142: DISABLE_INTERRUPTS();
   0169 C2 AF              1503 	clr	_EA
                           1504 ;	../../../contiki-sensinode//cpu/cc253x/dev/clock.c:149: timer_value = ST0;
   016B 90s00r00           1505 	mov	dptr,#_timer_value
   016E E5 95              1506 	mov	a,_ST0
   0170 F0                 1507 	movx	@dptr,a
   0171 A3                 1508 	inc	dptr
   0172 E4                 1509 	clr	a
   0173 F0                 1510 	movx	@dptr,a
   0174 A3                 1511 	inc	dptr
   0175 F0                 1512 	movx	@dptr,a
   0176 A3                 1513 	inc	dptr
   0177 F0                 1514 	movx	@dptr,a
                           1515 ;	../../../contiki-sensinode//cpu/cc253x/dev/clock.c:150: timer_value += ((unsigned long int)ST1) << 8;
   0178 AC 96              1516 	mov	r4,_ST1
   017A 7D 00              1517 	mov	r5,#0x00
   017C 7E 00              1518 	mov	r6,#0x00
   017E 8E 07              1519 	mov	ar7,r6
   0180 8D 06              1520 	mov	ar6,r5
   0182 8C 05              1521 	mov	ar5,r4
   0184 7C 00              1522 	mov	r4,#0x00
   0186 90s00r00           1523 	mov	dptr,#_timer_value
   0189 E0                 1524 	movx	a,@dptr
   018A F8                 1525 	mov	r0,a
   018B A3                 1526 	inc	dptr
   018C E0                 1527 	movx	a,@dptr
   018D F9                 1528 	mov	r1,a
   018E A3                 1529 	inc	dptr
   018F E0                 1530 	movx	a,@dptr
   0190 FA                 1531 	mov	r2,a
   0191 A3                 1532 	inc	dptr
   0192 E0                 1533 	movx	a,@dptr
   0193 FB                 1534 	mov	r3,a
   0194 90s00r00           1535 	mov	dptr,#_timer_value
   0197 EC                 1536 	mov	a,r4
   0198 28                 1537 	add	a,r0
   0199 F0                 1538 	movx	@dptr,a
   019A ED                 1539 	mov	a,r5
   019B 39                 1540 	addc	a,r1
   019C A3                 1541 	inc	dptr
   019D F0                 1542 	movx	@dptr,a
   019E EE                 1543 	mov	a,r6
   019F 3A                 1544 	addc	a,r2
   01A0 A3                 1545 	inc	dptr
   01A1 F0                 1546 	movx	@dptr,a
   01A2 EF                 1547 	mov	a,r7
   01A3 3B                 1548 	addc	a,r3
   01A4 A3                 1549 	inc	dptr
   01A5 F0                 1550 	movx	@dptr,a
                           1551 ;	../../../contiki-sensinode//cpu/cc253x/dev/clock.c:151: timer_value += ((unsigned long int)ST2) << 16;
   01A6 AC 97              1552 	mov	r4,_ST2
   01A8 7D 00              1553 	mov	r5,#0x00
   01AA 8D 07              1554 	mov	ar7,r5
   01AC 8C 06              1555 	mov	ar6,r4
   01AE 7D 00              1556 	mov	r5,#0x00
   01B0 7C 00              1557 	mov	r4,#0x00
   01B2 90s00r00           1558 	mov	dptr,#_timer_value
   01B5 E0                 1559 	movx	a,@dptr
   01B6 F8                 1560 	mov	r0,a
   01B7 A3                 1561 	inc	dptr
   01B8 E0                 1562 	movx	a,@dptr
   01B9 F9                 1563 	mov	r1,a
   01BA A3                 1564 	inc	dptr
   01BB E0                 1565 	movx	a,@dptr
   01BC FA                 1566 	mov	r2,a
   01BD A3                 1567 	inc	dptr
   01BE E0                 1568 	movx	a,@dptr
   01BF FB                 1569 	mov	r3,a
   01C0 90s00r00           1570 	mov	dptr,#_timer_value
   01C3 EC                 1571 	mov	a,r4
   01C4 28                 1572 	add	a,r0
   01C5 F0                 1573 	movx	@dptr,a
   01C6 ED                 1574 	mov	a,r5
   01C7 39                 1575 	addc	a,r1
   01C8 A3                 1576 	inc	dptr
   01C9 F0                 1577 	movx	@dptr,a
   01CA EE                 1578 	mov	a,r6
   01CB 3A                 1579 	addc	a,r2
   01CC A3                 1580 	inc	dptr
   01CD F0                 1581 	movx	@dptr,a
   01CE EF                 1582 	mov	a,r7
   01CF 3B                 1583 	addc	a,r3
   01D0 A3                 1584 	inc	dptr
   01D1 F0                 1585 	movx	@dptr,a
                           1586 ;	../../../contiki-sensinode//cpu/cc253x/dev/clock.c:152: timer_value += TICK_VAL;
   01D2 90s00r00           1587 	mov	dptr,#_timer_value
   01D5 E0                 1588 	movx	a,@dptr
   01D6 FC                 1589 	mov	r4,a
   01D7 A3                 1590 	inc	dptr
   01D8 E0                 1591 	movx	a,@dptr
   01D9 FD                 1592 	mov	r5,a
   01DA A3                 1593 	inc	dptr
   01DB E0                 1594 	movx	a,@dptr
   01DC FE                 1595 	mov	r6,a
   01DD A3                 1596 	inc	dptr
   01DE E0                 1597 	movx	a,@dptr
   01DF FF                 1598 	mov	r7,a
   01E0 90s00r00           1599 	mov	dptr,#_timer_value
   01E3 EC                 1600 	mov	a,r4
   01E4 F0                 1601 	movx	@dptr,a
   01E5 74 01              1602 	mov	a,#0x01
   01E7 2D                 1603 	add	a,r5
   01E8 A3                 1604 	inc	dptr
   01E9 F0                 1605 	movx	@dptr,a
   01EA E4                 1606 	clr	a
   01EB 3E                 1607 	addc	a,r6
   01EC A3                 1608 	inc	dptr
   01ED F0                 1609 	movx	@dptr,a
   01EE E4                 1610 	clr	a
   01EF 3F                 1611 	addc	a,r7
   01F0 A3                 1612 	inc	dptr
   01F1 F0                 1613 	movx	@dptr,a
                           1614 ;	../../../contiki-sensinode//cpu/cc253x/dev/clock.c:153: ST2 = (unsigned char)(timer_value >> 16);
   01F2 90s00r00           1615 	mov	dptr,#_timer_value
   01F5 E0                 1616 	movx	a,@dptr
   01F6 A3                 1617 	inc	dptr
   01F7 E0                 1618 	movx	a,@dptr
   01F8 A3                 1619 	inc	dptr
   01F9 E0                 1620 	movx	a,@dptr
   01FA FE                 1621 	mov	r6,a
   01FB A3                 1622 	inc	dptr
   01FC E0                 1623 	movx	a,@dptr
   01FD 8E 97              1624 	mov	_ST2,r6
                           1625 ;	../../../contiki-sensinode//cpu/cc253x/dev/clock.c:154: ST1 = (unsigned char)(timer_value >> 8);
   01FF 90s00r00           1626 	mov	dptr,#_timer_value
   0202 E0                 1627 	movx	a,@dptr
   0203 A3                 1628 	inc	dptr
   0204 E0                 1629 	movx	a,@dptr
   0205 FD                 1630 	mov	r5,a
   0206 A3                 1631 	inc	dptr
   0207 E0                 1632 	movx	a,@dptr
   0208 A3                 1633 	inc	dptr
   0209 E0                 1634 	movx	a,@dptr
   020A 8D 96              1635 	mov	_ST1,r5
                           1636 ;	../../../contiki-sensinode//cpu/cc253x/dev/clock.c:155: ST0 = (unsigned char)timer_value;
   020C 90s00r00           1637 	mov	dptr,#_timer_value
   020F E0                 1638 	movx	a,@dptr
   0210 FC                 1639 	mov	r4,a
   0211 A3                 1640 	inc	dptr
   0212 E0                 1641 	movx	a,@dptr
   0213 FD                 1642 	mov	r5,a
   0214 A3                 1643 	inc	dptr
   0215 E0                 1644 	movx	a,@dptr
   0216 FE                 1645 	mov	r6,a
   0217 A3                 1646 	inc	dptr
   0218 E0                 1647 	movx	a,@dptr
   0219 FF                 1648 	mov	r7,a
   021A 8C 95              1649 	mov	_ST0,r4
                           1650 ;	../../../contiki-sensinode//cpu/cc253x/dev/clock.c:157: ++count;
   021C 74 01              1651 	mov	a,#0x01
   021E 25*00              1652 	add	a,_count
   0220 F5*00              1653 	mov	_count,a
   0222 E4                 1654 	clr	a
   0223 35*01              1655 	addc	a,(_count + 1)
   0225 F5*01              1656 	mov	(_count + 1),a
                           1657 ;	../../../contiki-sensinode//cpu/cc253x/dev/clock.c:167: if(count % CLOCK_CONF_SECOND == 0) {
   0227 E5*00              1658 	mov	a,_count
   0229 54 7F              1659 	anl	a,#0x7F
   022B 60 02              1660 	jz	00118$
   022D 80 0B              1661 	sjmp	00107$
   022F                    1662 00118$:
                           1663 ;	../../../contiki-sensinode//cpu/cc253x/dev/clock.c:168: ++seconds;
   022F 74 01              1664 	mov	a,#0x01
   0231 25*02              1665 	add	a,_seconds
   0233 F5*02              1666 	mov	_seconds,a
   0235 E4                 1667 	clr	a
   0236 35*03              1668 	addc	a,(_seconds + 1)
   0238 F5*03              1669 	mov	(_seconds + 1),a
   023A                    1670 00107$:
                           1671 ;	../../../contiki-sensinode//cpu/cc253x/dev/clock.c:172: sleep_flag = 1;
   023A 90s00r00           1672 	mov	dptr,#_sleep_flag
   023D 74 01              1673 	mov	a,#0x01
   023F F0                 1674 	movx	@dptr,a
                           1675 ;	../../../contiki-sensinode//cpu/cc253x/dev/clock.c:180: STIF = 0; /* IRCON.STIF */
   0240 C2 C7              1676 	clr	_STIF
                           1677 ;	../../../contiki-sensinode//cpu/cc253x/dev/clock.c:182: ENABLE_INTERRUPTS();
   0242 D2 AF              1678 	setb	_EA
   0244 D0 D0              1679 	pop	psw
   0246 D0 00              1680 	pop	ar0
   0248 D0 01              1681 	pop	ar1
   024A D0 02              1682 	pop	ar2
   024C D0 03              1683 	pop	ar3
   024E D0 04              1684 	pop	ar4
   0250 D0 05              1685 	pop	ar5
   0252 D0 06              1686 	pop	ar6
   0254 D0 07              1687 	pop	ar7
   0256 D0 83              1688 	pop	dph
   0258 D0 82              1689 	pop	dpl
   025A D0 E0              1690 	pop	acc
   025C 32                 1691 	reti
                           1692 ;	eliminated unneeded push/pop b
                           1693 	.area CSEG    (CODE)
                           1694 	.area CONST   (CODE)
                           1695 	.area XINIT   (CODE)
                           1696 	.area CABS    (ABS,CODE)
