                              1 ;--------------------------------------------------------
                              2 ; File Created by SDCC : free open source ANSI-C Compiler
                              3 ; Version 3.1.1 #7100 (Oct 29 2014) (Linux)
                              4 ; This file was generated Wed Dec  2 18:10:56 2015
                              5 ;--------------------------------------------------------
                              6 	.module compower
                              7 	.optsdcc -mmcs51 --model-huge
                              8 	
                              9 ;--------------------------------------------------------
                             10 ; Public variables in this module
                             11 ;--------------------------------------------------------
                             12 	.globl _packetbuf_attr
                             13 	.globl _packetbuf_set_attr
                             14 	.globl _energest_flush
                             15 	.globl _energest_type_time
                             16 	.globl _ACTIVE
                             17 	.globl _TX_BYTE
                             18 	.globl _RX_BYTE
                             19 	.globl _ERR
                             20 	.globl _FE
                             21 	.globl _SLAVE
                             22 	.globl _RE
                             23 	.globl _MODE
                             24 	.globl _T3OVFIF
                             25 	.globl _T3CH0IF
                             26 	.globl _T3CH1IF
                             27 	.globl _T4OVFIF
                             28 	.globl _T4CH0IF
                             29 	.globl _T4CH1IF
                             30 	.globl _OVFIM
                             31 	.globl _B_0
                             32 	.globl _B_1
                             33 	.globl _B_2
                             34 	.globl _B_3
                             35 	.globl _B_4
                             36 	.globl _B_5
                             37 	.globl _B_6
                             38 	.globl _B_7
                             39 	.globl _P2IF
                             40 	.globl _UTX0IF
                             41 	.globl _UTX1IF
                             42 	.globl _P1IF
                             43 	.globl _WDTIF
                             44 	.globl _ACC_0
                             45 	.globl _ACC_1
                             46 	.globl _ACC_2
                             47 	.globl _ACC_3
                             48 	.globl _ACC_4
                             49 	.globl _ACC_5
                             50 	.globl _ACC_6
                             51 	.globl _ACC_7
                             52 	.globl _P
                             53 	.globl _F1
                             54 	.globl _OV
                             55 	.globl _RS0
                             56 	.globl _RS1
                             57 	.globl _F0
                             58 	.globl _AC
                             59 	.globl _CY
                             60 	.globl _DMAIF
                             61 	.globl _T1IF
                             62 	.globl _T2IF
                             63 	.globl _T3IF
                             64 	.globl _T4IF
                             65 	.globl _P0IF
                             66 	.globl _STIF
                             67 	.globl _DMAIE
                             68 	.globl _T1IE
                             69 	.globl _T2IE
                             70 	.globl _T3IE
                             71 	.globl _T4IE
                             72 	.globl _P0IE
                             73 	.globl _RFERRIE
                             74 	.globl _ADCIE
                             75 	.globl _URX0IE
                             76 	.globl _URX1IE
                             77 	.globl _ENCIE
                             78 	.globl _STIE
                             79 	.globl _EA
                             80 	.globl _P2_0
                             81 	.globl _P2_1
                             82 	.globl _P2_2
                             83 	.globl _P2_3
                             84 	.globl _P2_4
                             85 	.globl _P2_5
                             86 	.globl _P2_6
                             87 	.globl _P2_7
                             88 	.globl _ENCIF_0
                             89 	.globl _ENCIF_1
                             90 	.globl _P1_0
                             91 	.globl _P1_1
                             92 	.globl _P1_2
                             93 	.globl _P1_3
                             94 	.globl _P1_4
                             95 	.globl _P1_5
                             96 	.globl _P1_6
                             97 	.globl _P1_7
                             98 	.globl _IT0
                             99 	.globl _RFERRIF
                            100 	.globl _IT1
                            101 	.globl _URX0IF
                            102 	.globl _ADCIF
                            103 	.globl _URX1IF
                            104 	.globl _P0_0
                            105 	.globl _P0_1
                            106 	.globl _P0_2
                            107 	.globl _P0_3
                            108 	.globl _P0_4
                            109 	.globl _P0_5
                            110 	.globl _P0_6
                            111 	.globl _P0_7
                            112 	.globl _WDCTL
                            113 	.globl _U1GCR
                            114 	.globl _U1UCR
                            115 	.globl _U1BAUD
                            116 	.globl _U1DBUF
                            117 	.globl _U1CSR
                            118 	.globl _U0GCR
                            119 	.globl _U0UCR
                            120 	.globl _U0BAUD
                            121 	.globl _U0DBUF
                            122 	.globl _U0CSR
                            123 	.globl _TIMIF
                            124 	.globl _T4CC1
                            125 	.globl _T4CCTL1
                            126 	.globl _T4CC0
                            127 	.globl _T4CCTL0
                            128 	.globl _T4CTL
                            129 	.globl _T4CNT
                            130 	.globl _T3CC1
                            131 	.globl _T3CCTL1
                            132 	.globl _T3CC0
                            133 	.globl _T3CCTL0
                            134 	.globl _T3CTL
                            135 	.globl _T3CNT
                            136 	.globl _T2MSEL
                            137 	.globl _T2IRQM
                            138 	.globl _T2MOVF2
                            139 	.globl _T2MOVF1
                            140 	.globl _T2MOVF0
                            141 	.globl _T2M1
                            142 	.globl _T2M0
                            143 	.globl _T2IRQF
                            144 	.globl _T2EVTCFG
                            145 	.globl _T2CTRL
                            146 	.globl _T1STAT
                            147 	.globl _T1CCTL2
                            148 	.globl _T1CCTL1
                            149 	.globl _T1CCTL0
                            150 	.globl _T1CTL
                            151 	.globl _T1CNTH
                            152 	.globl _T1CNTL
                            153 	.globl _T1CC2H
                            154 	.globl _T1CC2L
                            155 	.globl _T1CC1H
                            156 	.globl _T1CC1L
                            157 	.globl _T1CC0H
                            158 	.globl _T1CC0L
                            159 	.globl _CLKCONSTA
                            160 	.globl _CLKCONCMD
                            161 	.globl _SLEEPSTA
                            162 	.globl _SLEEPCMD
                            163 	.globl _STLOAD
                            164 	.globl _ST2
                            165 	.globl _ST1
                            166 	.globl _ST0
                            167 	.globl _RFERRF
                            168 	.globl _RFIRQF0
                            169 	.globl _RFST
                            170 	.globl _RFD
                            171 	.globl _RFIRQF1
                            172 	.globl _PSBANK
                            173 	.globl _FMAP
                            174 	.globl _MEMCTR
                            175 	.globl __XPAGE
                            176 	.globl _MPAGE
                            177 	.globl _PMUX
                            178 	.globl _P2DIR
                            179 	.globl _P1DIR
                            180 	.globl _P0DIR
                            181 	.globl _P2INP
                            182 	.globl _P1INP
                            183 	.globl _P2SEL
                            184 	.globl _P1SEL
                            185 	.globl _P0SEL
                            186 	.globl _APCFG
                            187 	.globl _PERCFG
                            188 	.globl _P0INP
                            189 	.globl _P2IEN
                            190 	.globl _P1IEN
                            191 	.globl _P0IEN
                            192 	.globl _PICTL
                            193 	.globl _P2IFG
                            194 	.globl _P1IFG
                            195 	.globl _P0IFG
                            196 	.globl _DMAREQ
                            197 	.globl _DMAARM
                            198 	.globl _DMA0CFGH
                            199 	.globl _DMA0CFGL
                            200 	.globl _DMA1CFGH
                            201 	.globl _DMA1CFGL
                            202 	.globl _DMAIRQ
                            203 	.globl _ENCCS
                            204 	.globl _ENCDO
                            205 	.globl _ENCDI
                            206 	.globl _RNDH
                            207 	.globl _RNDL
                            208 	.globl _ADCH
                            209 	.globl _ADCL
                            210 	.globl _ADCCON3
                            211 	.globl _ADCCON2
                            212 	.globl _ADCCON1
                            213 	.globl _B
                            214 	.globl _IRCON2
                            215 	.globl _ACC
                            216 	.globl _PSW
                            217 	.globl _IRCON
                            218 	.globl _IP1
                            219 	.globl _IEN1
                            220 	.globl _IP0
                            221 	.globl _IEN0
                            222 	.globl _P2
                            223 	.globl _S1CON
                            224 	.globl _IEN2
                            225 	.globl _S0CON
                            226 	.globl _DPS
                            227 	.globl _P1
                            228 	.globl _TCON
                            229 	.globl _PCON
                            230 	.globl _DPH1
                            231 	.globl _DPL1
                            232 	.globl _DPH0
                            233 	.globl _DPL0
                            234 	.globl _SP
                            235 	.globl _P0
                            236 	.globl _compower_idle_activity
                            237 	.globl _X_IEEE_ADDR
                            238 	.globl _X_INFOPAGE
                            239 	.globl _X_P2DIR
                            240 	.globl _X_P1DIR
                            241 	.globl _X_P0DIR
                            242 	.globl _X_U1GCR
                            243 	.globl _X_U1UCR
                            244 	.globl _X_U1BAUD
                            245 	.globl _X_U1DBUF
                            246 	.globl _X_U1CSR
                            247 	.globl _X_P2INP
                            248 	.globl _X_P1INP
                            249 	.globl _X_P2SEL
                            250 	.globl _X_P1SEL
                            251 	.globl _X_P0SEL
                            252 	.globl _X_APCFG
                            253 	.globl _X_PERCFG
                            254 	.globl _X_T4CC1
                            255 	.globl _X_T4CCTL1
                            256 	.globl _X_T4CC0
                            257 	.globl _X_T4CCTL0
                            258 	.globl _X_T4CTL
                            259 	.globl _X_T4CNT
                            260 	.globl _X_RFIRQF0
                            261 	.globl _X_T1CCTL2
                            262 	.globl _X_T1CCTL1
                            263 	.globl _X_T1CCTL0
                            264 	.globl _X_T1CTL
                            265 	.globl _X_T1CNTH
                            266 	.globl _X_T1CNTL
                            267 	.globl _X_RFST
                            268 	.globl _X_T1CC2H
                            269 	.globl _X_T1CC2L
                            270 	.globl _X_T1CC1H
                            271 	.globl _X_T1CC1L
                            272 	.globl _X_T1CC0H
                            273 	.globl _X_T1CC0L
                            274 	.globl _X_RFD
                            275 	.globl _X_TIMIF
                            276 	.globl _X_DMAREQ
                            277 	.globl _X_DMAARM
                            278 	.globl _X_DMA0CFGH
                            279 	.globl _X_DMA0CFGL
                            280 	.globl _X_DMA1CFGH
                            281 	.globl _X_DMA1CFGL
                            282 	.globl _X_DMAIRQ
                            283 	.globl _X_T3CC1
                            284 	.globl _X_T3CCTL1
                            285 	.globl _X_T3CC0
                            286 	.globl _X_T3CCTL0
                            287 	.globl _X_T3CTL
                            288 	.globl _X_T3CNT
                            289 	.globl _X_WDCTL
                            290 	.globl _X_MEMCTR
                            291 	.globl _X_CLKCONCMD
                            292 	.globl _X_U0GCR
                            293 	.globl _X_U0UCR
                            294 	.globl _X_T2MSEL
                            295 	.globl _X_U0BAUD
                            296 	.globl _X_U0DBUF
                            297 	.globl _X_RFERRF
                            298 	.globl _X_SLEEPCMD
                            299 	.globl _X_RNDH
                            300 	.globl _X_RNDL
                            301 	.globl _X_ADCH
                            302 	.globl _X_ADCL
                            303 	.globl _X_ADCCON3
                            304 	.globl _X_ADCCON2
                            305 	.globl _X_ADCCON1
                            306 	.globl _X_ENCCS
                            307 	.globl _X_ENCDO
                            308 	.globl _X_ENCDI
                            309 	.globl _X_T1STAT
                            310 	.globl _X_PMUX
                            311 	.globl _X_STLOAD
                            312 	.globl _X_P2IEN
                            313 	.globl _X_P0IEN
                            314 	.globl _X_T2IRQM
                            315 	.globl _X_T2MOVF2
                            316 	.globl _X_T2MOVF1
                            317 	.globl _X_T2MOVF0
                            318 	.globl _X_T2M1
                            319 	.globl _X_T2M0
                            320 	.globl _X_T2IRQF
                            321 	.globl _X_P2
                            322 	.globl _X_PSBANK
                            323 	.globl _X_FMAP
                            324 	.globl _X_CLKCONSTA
                            325 	.globl _X_SLEEPSTA
                            326 	.globl _X_T2EVTCFG
                            327 	.globl _X_ST2
                            328 	.globl _X_ST1
                            329 	.globl _X_ST0
                            330 	.globl _X_T2CTRL
                            331 	.globl _X__XPAGE
                            332 	.globl _X_MPAGE
                            333 	.globl _X_RFIRQF1
                            334 	.globl _X_P1
                            335 	.globl _X_P0INP
                            336 	.globl _X_P1IEN
                            337 	.globl _X_PICTL
                            338 	.globl _X_P2IFG
                            339 	.globl _X_P1IFG
                            340 	.globl _X_P0IFG
                            341 	.globl _X_U0CSR
                            342 	.globl _X_P0
                            343 	.globl _USBF5
                            344 	.globl _USBF4
                            345 	.globl _USBF3
                            346 	.globl _USBF2
                            347 	.globl _USBF1
                            348 	.globl _USBF0
                            349 	.globl _USBCNTH
                            350 	.globl _USBCNTL
                            351 	.globl _USBCNT0
                            352 	.globl _USBCSOH
                            353 	.globl _USBCSOL
                            354 	.globl _USBMAXO
                            355 	.globl _USBCSIH
                            356 	.globl _USBCSIL
                            357 	.globl _USBCS0
                            358 	.globl _USBMAXI
                            359 	.globl _USBCTRL
                            360 	.globl _USBINDEX
                            361 	.globl _USBFRMH
                            362 	.globl _USBFRML
                            363 	.globl _USBCIE
                            364 	.globl _USBOIE
                            365 	.globl _USBIIE
                            366 	.globl _USBCIF
                            367 	.globl _USBOIF
                            368 	.globl _USBIIF
                            369 	.globl _USBPOW
                            370 	.globl _USBADDR
                            371 	.globl _CSPT
                            372 	.globl _CSPZ
                            373 	.globl _CSPY
                            374 	.globl _CSPX
                            375 	.globl _CSPSTAT
                            376 	.globl _CSPCTRL
                            377 	.globl _CSPPROG23
                            378 	.globl _CSPPROG22
                            379 	.globl _CSPPROG21
                            380 	.globl _CSPPROG20
                            381 	.globl _CSPPROG19
                            382 	.globl _CSPPROG18
                            383 	.globl _CSPPROG17
                            384 	.globl _CSPPROG16
                            385 	.globl _CSPPROG15
                            386 	.globl _CSPPROG14
                            387 	.globl _CSPPROG13
                            388 	.globl _CSPPROG12
                            389 	.globl _CSPPROG11
                            390 	.globl _CSPPROG10
                            391 	.globl _CSPPROG9
                            392 	.globl _CSPPROG8
                            393 	.globl _CSPPROG7
                            394 	.globl _CSPPROG6
                            395 	.globl _CSPPROG5
                            396 	.globl _CSPPROG4
                            397 	.globl _CSPPROG3
                            398 	.globl _CSPPROG2
                            399 	.globl _CSPPROG1
                            400 	.globl _CSPPROG0
                            401 	.globl _RFC_OBS_CTRL2
                            402 	.globl _RFC_OBS_CTRL1
                            403 	.globl _RFC_OBS_CTRL0
                            404 	.globl _TXFILTCFG
                            405 	.globl _PTEST1
                            406 	.globl _PTEST0
                            407 	.globl _ATEST
                            408 	.globl _DACTEST2
                            409 	.globl _DACTEST1
                            410 	.globl _DACTEST0
                            411 	.globl _MDMTEST1
                            412 	.globl _MDMTEST0
                            413 	.globl _ADCTEST2
                            414 	.globl _ADCTEST1
                            415 	.globl _ADCTEST0
                            416 	.globl _AGCCTRL3
                            417 	.globl _AGCCTRL2
                            418 	.globl _AGCCTRL1
                            419 	.globl _AGCCTRL0
                            420 	.globl _FSCAL3
                            421 	.globl _FSCAL2
                            422 	.globl _FSCAL1
                            423 	.globl _FSCAL0
                            424 	.globl _FSCTRL
                            425 	.globl _RXCTRL
                            426 	.globl _FREQEST
                            427 	.globl _MDMCTRL1
                            428 	.globl _MDMCTRL0
                            429 	.globl _RFRND
                            430 	.globl _RFERRM
                            431 	.globl _RFIRQM1
                            432 	.globl _RFIRQM0
                            433 	.globl _TXLAST_PTR
                            434 	.globl _TXFIRST_PTR
                            435 	.globl _RXP1_PTR
                            436 	.globl _RXLAST_PTR
                            437 	.globl _RXFIRST_PTR
                            438 	.globl _TXFIFOCNT
                            439 	.globl _RXFIFOCNT
                            440 	.globl _RXFIRST
                            441 	.globl _RSSISTAT
                            442 	.globl _RSSI
                            443 	.globl _CCACTRL1
                            444 	.globl _CCACTRL0
                            445 	.globl _FSMCTRL
                            446 	.globl _FIFOPCTRL
                            447 	.globl _FSMSTAT1
                            448 	.globl _FSMSTAT0
                            449 	.globl _TXCTRL
                            450 	.globl _TXPOWER
                            451 	.globl _FREQCTRL
                            452 	.globl _FREQTUNE
                            453 	.globl _RXMASKCLR
                            454 	.globl _RXMASKSET
                            455 	.globl _RXENABLE
                            456 	.globl _FRMCTRL1
                            457 	.globl _FRMCTRL0
                            458 	.globl _SRCEXTEN2
                            459 	.globl _SRCEXTEN1
                            460 	.globl _SRCEXTEN0
                            461 	.globl _SRCSHORTEN2
                            462 	.globl _SRCSHORTEN1
                            463 	.globl _SRCSHORTEN0
                            464 	.globl _SRCMATCH
                            465 	.globl _FRMFILT1
                            466 	.globl _FRMFILT0
                            467 	.globl _SHORT_ADDR1
                            468 	.globl _SHORT_ADDR0
                            469 	.globl _PAN_ID1
                            470 	.globl _PAN_ID0
                            471 	.globl _EXT_ADDR7
                            472 	.globl _EXT_ADDR6
                            473 	.globl _EXT_ADDR5
                            474 	.globl _EXT_ADDR4
                            475 	.globl _EXT_ADDR3
                            476 	.globl _EXT_ADDR2
                            477 	.globl _EXT_ADDR1
                            478 	.globl _EXT_ADDR0
                            479 	.globl _SRCSHORTPENDEN2
                            480 	.globl _SRCSHORTPENDEN1
                            481 	.globl _SRCSHORTPENDEN0
                            482 	.globl _SRCEXTPENDEN2
                            483 	.globl _SRCEXTPENDEN1
                            484 	.globl _SRCEXTPENDEN0
                            485 	.globl _SRCRESINDEX
                            486 	.globl _SRCRESMASK2
                            487 	.globl _SRCRESMASK1
                            488 	.globl _SRCRESMASK0
                            489 	.globl _SRC_ADDR_TABLE
                            490 	.globl _TXFIFO
                            491 	.globl _RXFIFO
                            492 	.globl _RFCORE_RAM
                            493 	.globl _CMPCTL
                            494 	.globl _OPAMPS
                            495 	.globl _OPAMPC
                            496 	.globl _STCV2
                            497 	.globl _STCV1
                            498 	.globl _STCV0
                            499 	.globl _STCS
                            500 	.globl _STCC
                            501 	.globl _T1CC4H
                            502 	.globl _T1CC4L
                            503 	.globl _T1CC3H
                            504 	.globl _T1CC3L
                            505 	.globl _XX_T1CC2H
                            506 	.globl _XX_T1CC2L
                            507 	.globl _XX_T1CC1H
                            508 	.globl _XX_T1CC1L
                            509 	.globl _XX_T1CC0H
                            510 	.globl _XX_T1CC0L
                            511 	.globl _T1CCTL4
                            512 	.globl _T1CCTL3
                            513 	.globl _XX_T1CCTL2
                            514 	.globl _XX_T1CCTL1
                            515 	.globl _XX_T1CCTL0
                            516 	.globl _CLD
                            517 	.globl _IRCTL
                            518 	.globl _CHIPINFO1
                            519 	.globl _CHIPINFO0
                            520 	.globl _FWDATA
                            521 	.globl _FADDRH
                            522 	.globl _FADDRL
                            523 	.globl _FCTL
                            524 	.globl _IVCTRL
                            525 	.globl _BATTMON
                            526 	.globl _SRCRC
                            527 	.globl _DBGDATA
                            528 	.globl _TESTREG0
                            529 	.globl _CHIPID
                            530 	.globl _CHVER
                            531 	.globl _OBSSEL5
                            532 	.globl _OBSSEL4
                            533 	.globl _OBSSEL3
                            534 	.globl _OBSSEL2
                            535 	.globl _OBSSEL1
                            536 	.globl _OBSSEL0
                            537 	.globl _I2CIO
                            538 	.globl _I2CWC
                            539 	.globl _I2CADDR
                            540 	.globl _I2CDATA
                            541 	.globl _I2CSTAT
                            542 	.globl _I2CCFG
                            543 	.globl _OPAMPMC
                            544 	.globl _MONMUX
                            545 	.globl _compower_init
                            546 	.globl _compower_accumulate
                            547 	.globl _compower_clear
                            548 	.globl _compower_attrconv
                            549 	.globl _compower_accumulate_attrs
                            550 ;--------------------------------------------------------
                            551 ; special function registers
                            552 ;--------------------------------------------------------
                            553 	.area RSEG    (ABS,DATA)
   0000                     554 	.org 0x0000
                    0080    555 _P0	=	0x0080
                    0081    556 _SP	=	0x0081
                    0082    557 _DPL0	=	0x0082
                    0083    558 _DPH0	=	0x0083
                    0084    559 _DPL1	=	0x0084
                    0085    560 _DPH1	=	0x0085
                    0087    561 _PCON	=	0x0087
                    0088    562 _TCON	=	0x0088
                    0090    563 _P1	=	0x0090
                    0092    564 _DPS	=	0x0092
                    0098    565 _S0CON	=	0x0098
                    009A    566 _IEN2	=	0x009a
                    009B    567 _S1CON	=	0x009b
                    00A0    568 _P2	=	0x00a0
                    00A8    569 _IEN0	=	0x00a8
                    00A9    570 _IP0	=	0x00a9
                    00B8    571 _IEN1	=	0x00b8
                    00B9    572 _IP1	=	0x00b9
                    00C0    573 _IRCON	=	0x00c0
                    00D0    574 _PSW	=	0x00d0
                    00E0    575 _ACC	=	0x00e0
                    00E8    576 _IRCON2	=	0x00e8
                    00F0    577 _B	=	0x00f0
                    00B4    578 _ADCCON1	=	0x00b4
                    00B5    579 _ADCCON2	=	0x00b5
                    00B6    580 _ADCCON3	=	0x00b6
                    00BA    581 _ADCL	=	0x00ba
                    00BB    582 _ADCH	=	0x00bb
                    00BC    583 _RNDL	=	0x00bc
                    00BD    584 _RNDH	=	0x00bd
                    00B1    585 _ENCDI	=	0x00b1
                    00B2    586 _ENCDO	=	0x00b2
                    00B3    587 _ENCCS	=	0x00b3
                    00D1    588 _DMAIRQ	=	0x00d1
                    00D2    589 _DMA1CFGL	=	0x00d2
                    00D3    590 _DMA1CFGH	=	0x00d3
                    00D4    591 _DMA0CFGL	=	0x00d4
                    00D5    592 _DMA0CFGH	=	0x00d5
                    00D6    593 _DMAARM	=	0x00d6
                    00D7    594 _DMAREQ	=	0x00d7
                    0089    595 _P0IFG	=	0x0089
                    008A    596 _P1IFG	=	0x008a
                    008B    597 _P2IFG	=	0x008b
                    008C    598 _PICTL	=	0x008c
                    00AB    599 _P0IEN	=	0x00ab
                    008D    600 _P1IEN	=	0x008d
                    00AC    601 _P2IEN	=	0x00ac
                    008F    602 _P0INP	=	0x008f
                    00F1    603 _PERCFG	=	0x00f1
                    00F2    604 _APCFG	=	0x00f2
                    00F3    605 _P0SEL	=	0x00f3
                    00F4    606 _P1SEL	=	0x00f4
                    00F5    607 _P2SEL	=	0x00f5
                    00F6    608 _P1INP	=	0x00f6
                    00F7    609 _P2INP	=	0x00f7
                    00FD    610 _P0DIR	=	0x00fd
                    00FE    611 _P1DIR	=	0x00fe
                    00FF    612 _P2DIR	=	0x00ff
                    00AE    613 _PMUX	=	0x00ae
                    0093    614 _MPAGE	=	0x0093
                    0093    615 __XPAGE	=	0x0093
                    00C7    616 _MEMCTR	=	0x00c7
                    009F    617 _FMAP	=	0x009f
                    009F    618 _PSBANK	=	0x009f
                    0091    619 _RFIRQF1	=	0x0091
                    00D9    620 _RFD	=	0x00d9
                    00E1    621 _RFST	=	0x00e1
                    00E9    622 _RFIRQF0	=	0x00e9
                    00BF    623 _RFERRF	=	0x00bf
                    0095    624 _ST0	=	0x0095
                    0096    625 _ST1	=	0x0096
                    0097    626 _ST2	=	0x0097
                    00AD    627 _STLOAD	=	0x00ad
                    00BE    628 _SLEEPCMD	=	0x00be
                    009D    629 _SLEEPSTA	=	0x009d
                    00C6    630 _CLKCONCMD	=	0x00c6
                    009E    631 _CLKCONSTA	=	0x009e
                    00DA    632 _T1CC0L	=	0x00da
                    00DB    633 _T1CC0H	=	0x00db
                    00DC    634 _T1CC1L	=	0x00dc
                    00DD    635 _T1CC1H	=	0x00dd
                    00DE    636 _T1CC2L	=	0x00de
                    00DF    637 _T1CC2H	=	0x00df
                    00E2    638 _T1CNTL	=	0x00e2
                    00E3    639 _T1CNTH	=	0x00e3
                    00E4    640 _T1CTL	=	0x00e4
                    00E5    641 _T1CCTL0	=	0x00e5
                    00E6    642 _T1CCTL1	=	0x00e6
                    00E7    643 _T1CCTL2	=	0x00e7
                    00AF    644 _T1STAT	=	0x00af
                    0094    645 _T2CTRL	=	0x0094
                    009C    646 _T2EVTCFG	=	0x009c
                    00A1    647 _T2IRQF	=	0x00a1
                    00A2    648 _T2M0	=	0x00a2
                    00A3    649 _T2M1	=	0x00a3
                    00A4    650 _T2MOVF0	=	0x00a4
                    00A5    651 _T2MOVF1	=	0x00a5
                    00A6    652 _T2MOVF2	=	0x00a6
                    00A7    653 _T2IRQM	=	0x00a7
                    00C3    654 _T2MSEL	=	0x00c3
                    00CA    655 _T3CNT	=	0x00ca
                    00CB    656 _T3CTL	=	0x00cb
                    00CC    657 _T3CCTL0	=	0x00cc
                    00CD    658 _T3CC0	=	0x00cd
                    00CE    659 _T3CCTL1	=	0x00ce
                    00CF    660 _T3CC1	=	0x00cf
                    00EA    661 _T4CNT	=	0x00ea
                    00EB    662 _T4CTL	=	0x00eb
                    00EC    663 _T4CCTL0	=	0x00ec
                    00ED    664 _T4CC0	=	0x00ed
                    00EE    665 _T4CCTL1	=	0x00ee
                    00EF    666 _T4CC1	=	0x00ef
                    00D8    667 _TIMIF	=	0x00d8
                    0086    668 _U0CSR	=	0x0086
                    00C1    669 _U0DBUF	=	0x00c1
                    00C2    670 _U0BAUD	=	0x00c2
                    00C4    671 _U0UCR	=	0x00c4
                    00C5    672 _U0GCR	=	0x00c5
                    00F8    673 _U1CSR	=	0x00f8
                    00F9    674 _U1DBUF	=	0x00f9
                    00FA    675 _U1BAUD	=	0x00fa
                    00FB    676 _U1UCR	=	0x00fb
                    00FC    677 _U1GCR	=	0x00fc
                    00C9    678 _WDCTL	=	0x00c9
                            679 ;--------------------------------------------------------
                            680 ; special function bits
                            681 ;--------------------------------------------------------
                            682 	.area RSEG    (ABS,DATA)
   0000                     683 	.org 0x0000
                    0087    684 _P0_7	=	0x0087
                    0086    685 _P0_6	=	0x0086
                    0085    686 _P0_5	=	0x0085
                    0084    687 _P0_4	=	0x0084
                    0083    688 _P0_3	=	0x0083
                    0082    689 _P0_2	=	0x0082
                    0081    690 _P0_1	=	0x0081
                    0080    691 _P0_0	=	0x0080
                    008F    692 _URX1IF	=	0x008f
                    008D    693 _ADCIF	=	0x008d
                    008B    694 _URX0IF	=	0x008b
                    008A    695 _IT1	=	0x008a
                    0089    696 _RFERRIF	=	0x0089
                    0088    697 _IT0	=	0x0088
                    0097    698 _P1_7	=	0x0097
                    0096    699 _P1_6	=	0x0096
                    0095    700 _P1_5	=	0x0095
                    0094    701 _P1_4	=	0x0094
                    0093    702 _P1_3	=	0x0093
                    0092    703 _P1_2	=	0x0092
                    0091    704 _P1_1	=	0x0091
                    0090    705 _P1_0	=	0x0090
                    0099    706 _ENCIF_1	=	0x0099
                    0098    707 _ENCIF_0	=	0x0098
                    00A7    708 _P2_7	=	0x00a7
                    00A6    709 _P2_6	=	0x00a6
                    00A5    710 _P2_5	=	0x00a5
                    00A4    711 _P2_4	=	0x00a4
                    00A3    712 _P2_3	=	0x00a3
                    00A2    713 _P2_2	=	0x00a2
                    00A1    714 _P2_1	=	0x00a1
                    00A0    715 _P2_0	=	0x00a0
                    00AF    716 _EA	=	0x00af
                    00AD    717 _STIE	=	0x00ad
                    00AC    718 _ENCIE	=	0x00ac
                    00AB    719 _URX1IE	=	0x00ab
                    00AA    720 _URX0IE	=	0x00aa
                    00A9    721 _ADCIE	=	0x00a9
                    00A8    722 _RFERRIE	=	0x00a8
                    00BD    723 _P0IE	=	0x00bd
                    00BC    724 _T4IE	=	0x00bc
                    00BB    725 _T3IE	=	0x00bb
                    00BA    726 _T2IE	=	0x00ba
                    00B9    727 _T1IE	=	0x00b9
                    00B8    728 _DMAIE	=	0x00b8
                    00C7    729 _STIF	=	0x00c7
                    00C5    730 _P0IF	=	0x00c5
                    00C4    731 _T4IF	=	0x00c4
                    00C3    732 _T3IF	=	0x00c3
                    00C2    733 _T2IF	=	0x00c2
                    00C1    734 _T1IF	=	0x00c1
                    00C0    735 _DMAIF	=	0x00c0
                    00D7    736 _CY	=	0x00d7
                    00D6    737 _AC	=	0x00d6
                    00D5    738 _F0	=	0x00d5
                    00D4    739 _RS1	=	0x00d4
                    00D3    740 _RS0	=	0x00d3
                    00D2    741 _OV	=	0x00d2
                    00D1    742 _F1	=	0x00d1
                    00D0    743 _P	=	0x00d0
                    00E7    744 _ACC_7	=	0x00e7
                    00E6    745 _ACC_6	=	0x00e6
                    00E5    746 _ACC_5	=	0x00e5
                    00E4    747 _ACC_4	=	0x00e4
                    00E3    748 _ACC_3	=	0x00e3
                    00E2    749 _ACC_2	=	0x00e2
                    00E1    750 _ACC_1	=	0x00e1
                    00E0    751 _ACC_0	=	0x00e0
                    00EC    752 _WDTIF	=	0x00ec
                    00EB    753 _P1IF	=	0x00eb
                    00EA    754 _UTX1IF	=	0x00ea
                    00E9    755 _UTX0IF	=	0x00e9
                    00E8    756 _P2IF	=	0x00e8
                    00F7    757 _B_7	=	0x00f7
                    00F6    758 _B_6	=	0x00f6
                    00F5    759 _B_5	=	0x00f5
                    00F4    760 _B_4	=	0x00f4
                    00F3    761 _B_3	=	0x00f3
                    00F2    762 _B_2	=	0x00f2
                    00F1    763 _B_1	=	0x00f1
                    00F0    764 _B_0	=	0x00f0
                    00DE    765 _OVFIM	=	0x00de
                    00DD    766 _T4CH1IF	=	0x00dd
                    00DC    767 _T4CH0IF	=	0x00dc
                    00DB    768 _T4OVFIF	=	0x00db
                    00DA    769 _T3CH1IF	=	0x00da
                    00D9    770 _T3CH0IF	=	0x00d9
                    00D8    771 _T3OVFIF	=	0x00d8
                    00FF    772 _MODE	=	0x00ff
                    00FE    773 _RE	=	0x00fe
                    00FD    774 _SLAVE	=	0x00fd
                    00FC    775 _FE	=	0x00fc
                    00FB    776 _ERR	=	0x00fb
                    00FA    777 _RX_BYTE	=	0x00fa
                    00F9    778 _TX_BYTE	=	0x00f9
                    00F8    779 _ACTIVE	=	0x00f8
                            780 ;--------------------------------------------------------
                            781 ; overlayable register banks
                            782 ;--------------------------------------------------------
                            783 	.area REG_BANK_0	(REL,OVR,DATA)
   0000                     784 	.ds 8
                            785 ;--------------------------------------------------------
                            786 ; internal ram data
                            787 ;--------------------------------------------------------
                            788 	.area DSEG    (DATA)
                            789 ;--------------------------------------------------------
                            790 ; overlayable items in internal ram 
                            791 ;--------------------------------------------------------
                            792 	.area OSEG    (OVR,DATA)
                            793 ;--------------------------------------------------------
                            794 ; indirectly addressable internal ram data
                            795 ;--------------------------------------------------------
                            796 	.area ISEG    (DATA)
                            797 ;--------------------------------------------------------
                            798 ; absolute internal ram data
                            799 ;--------------------------------------------------------
                            800 	.area IABS    (ABS,DATA)
                            801 	.area IABS    (ABS,DATA)
                            802 ;--------------------------------------------------------
                            803 ; bit data
                            804 ;--------------------------------------------------------
                            805 	.area BSEG    (BIT)
                            806 ;--------------------------------------------------------
                            807 ; paged external ram data
                            808 ;--------------------------------------------------------
                            809 	.area PSEG    (PAG,XDATA)
                            810 ;--------------------------------------------------------
                            811 ; external ram data
                            812 ;--------------------------------------------------------
                            813 	.area XSEG    (XDATA)
                    61A6    814 _MONMUX	=	0x61a6
                    61A6    815 _OPAMPMC	=	0x61a6
                    6230    816 _I2CCFG	=	0x6230
                    6231    817 _I2CSTAT	=	0x6231
                    6232    818 _I2CDATA	=	0x6232
                    6233    819 _I2CADDR	=	0x6233
                    6234    820 _I2CWC	=	0x6234
                    6235    821 _I2CIO	=	0x6235
                    6243    822 _OBSSEL0	=	0x6243
                    6244    823 _OBSSEL1	=	0x6244
                    6245    824 _OBSSEL2	=	0x6245
                    6246    825 _OBSSEL3	=	0x6246
                    6247    826 _OBSSEL4	=	0x6247
                    6248    827 _OBSSEL5	=	0x6248
                    6249    828 _CHVER	=	0x6249
                    624A    829 _CHIPID	=	0x624a
                    624B    830 _TESTREG0	=	0x624b
                    6260    831 _DBGDATA	=	0x6260
                    6262    832 _SRCRC	=	0x6262
                    6264    833 _BATTMON	=	0x6264
                    6265    834 _IVCTRL	=	0x6265
                    6270    835 _FCTL	=	0x6270
                    6271    836 _FADDRL	=	0x6271
                    6272    837 _FADDRH	=	0x6272
                    6273    838 _FWDATA	=	0x6273
                    6276    839 _CHIPINFO0	=	0x6276
                    6277    840 _CHIPINFO1	=	0x6277
                    6281    841 _IRCTL	=	0x6281
                    6290    842 _CLD	=	0x6290
                    62A0    843 _XX_T1CCTL0	=	0x62a0
                    62A1    844 _XX_T1CCTL1	=	0x62a1
                    62A2    845 _XX_T1CCTL2	=	0x62a2
                    62A3    846 _T1CCTL3	=	0x62a3
                    62A4    847 _T1CCTL4	=	0x62a4
                    62A6    848 _XX_T1CC0L	=	0x62a6
                    62A7    849 _XX_T1CC0H	=	0x62a7
                    62A8    850 _XX_T1CC1L	=	0x62a8
                    62A9    851 _XX_T1CC1H	=	0x62a9
                    62AA    852 _XX_T1CC2L	=	0x62aa
                    62AB    853 _XX_T1CC2H	=	0x62ab
                    62AC    854 _T1CC3L	=	0x62ac
                    62AD    855 _T1CC3H	=	0x62ad
                    62AE    856 _T1CC4L	=	0x62ae
                    62AF    857 _T1CC4H	=	0x62af
                    62B0    858 _STCC	=	0x62b0
                    62B1    859 _STCS	=	0x62b1
                    62B2    860 _STCV0	=	0x62b2
                    62B3    861 _STCV1	=	0x62b3
                    62B4    862 _STCV2	=	0x62b4
                    62C0    863 _OPAMPC	=	0x62c0
                    62C1    864 _OPAMPS	=	0x62c1
                    62D0    865 _CMPCTL	=	0x62d0
                    6000    866 _RFCORE_RAM	=	0x6000
                    6000    867 _RXFIFO	=	0x6000
                    6080    868 _TXFIFO	=	0x6080
                    6100    869 _SRC_ADDR_TABLE	=	0x6100
                    6160    870 _SRCRESMASK0	=	0x6160
                    6161    871 _SRCRESMASK1	=	0x6161
                    6162    872 _SRCRESMASK2	=	0x6162
                    6163    873 _SRCRESINDEX	=	0x6163
                    6164    874 _SRCEXTPENDEN0	=	0x6164
                    6165    875 _SRCEXTPENDEN1	=	0x6165
                    6166    876 _SRCEXTPENDEN2	=	0x6166
                    6167    877 _SRCSHORTPENDEN0	=	0x6167
                    6168    878 _SRCSHORTPENDEN1	=	0x6168
                    6169    879 _SRCSHORTPENDEN2	=	0x6169
                    616A    880 _EXT_ADDR0	=	0x616a
                    616B    881 _EXT_ADDR1	=	0x616b
                    616C    882 _EXT_ADDR2	=	0x616c
                    616D    883 _EXT_ADDR3	=	0x616d
                    616E    884 _EXT_ADDR4	=	0x616e
                    616F    885 _EXT_ADDR5	=	0x616f
                    6170    886 _EXT_ADDR6	=	0x6170
                    6171    887 _EXT_ADDR7	=	0x6171
                    6172    888 _PAN_ID0	=	0x6172
                    6173    889 _PAN_ID1	=	0x6173
                    6174    890 _SHORT_ADDR0	=	0x6174
                    6175    891 _SHORT_ADDR1	=	0x6175
                    6180    892 _FRMFILT0	=	0x6180
                    6181    893 _FRMFILT1	=	0x6181
                    6182    894 _SRCMATCH	=	0x6182
                    6183    895 _SRCSHORTEN0	=	0x6183
                    6184    896 _SRCSHORTEN1	=	0x6184
                    6185    897 _SRCSHORTEN2	=	0x6185
                    6186    898 _SRCEXTEN0	=	0x6186
                    6187    899 _SRCEXTEN1	=	0x6187
                    6188    900 _SRCEXTEN2	=	0x6188
                    6189    901 _FRMCTRL0	=	0x6189
                    618A    902 _FRMCTRL1	=	0x618a
                    618B    903 _RXENABLE	=	0x618b
                    618C    904 _RXMASKSET	=	0x618c
                    618D    905 _RXMASKCLR	=	0x618d
                    618E    906 _FREQTUNE	=	0x618e
                    618F    907 _FREQCTRL	=	0x618f
                    6190    908 _TXPOWER	=	0x6190
                    6191    909 _TXCTRL	=	0x6191
                    6192    910 _FSMSTAT0	=	0x6192
                    6193    911 _FSMSTAT1	=	0x6193
                    6194    912 _FIFOPCTRL	=	0x6194
                    6195    913 _FSMCTRL	=	0x6195
                    6196    914 _CCACTRL0	=	0x6196
                    6197    915 _CCACTRL1	=	0x6197
                    6198    916 _RSSI	=	0x6198
                    6199    917 _RSSISTAT	=	0x6199
                    619A    918 _RXFIRST	=	0x619a
                    619B    919 _RXFIFOCNT	=	0x619b
                    619C    920 _TXFIFOCNT	=	0x619c
                    619D    921 _RXFIRST_PTR	=	0x619d
                    619E    922 _RXLAST_PTR	=	0x619e
                    619F    923 _RXP1_PTR	=	0x619f
                    61A1    924 _TXFIRST_PTR	=	0x61a1
                    61A2    925 _TXLAST_PTR	=	0x61a2
                    61A3    926 _RFIRQM0	=	0x61a3
                    61A4    927 _RFIRQM1	=	0x61a4
                    61A5    928 _RFERRM	=	0x61a5
                    61A7    929 _RFRND	=	0x61a7
                    61A8    930 _MDMCTRL0	=	0x61a8
                    61A9    931 _MDMCTRL1	=	0x61a9
                    61AA    932 _FREQEST	=	0x61aa
                    61AB    933 _RXCTRL	=	0x61ab
                    61AC    934 _FSCTRL	=	0x61ac
                    61AD    935 _FSCAL0	=	0x61ad
                    61AE    936 _FSCAL1	=	0x61ae
                    61AF    937 _FSCAL2	=	0x61af
                    61B0    938 _FSCAL3	=	0x61b0
                    61B1    939 _AGCCTRL0	=	0x61b1
                    61B2    940 _AGCCTRL1	=	0x61b2
                    61B3    941 _AGCCTRL2	=	0x61b3
                    61B4    942 _AGCCTRL3	=	0x61b4
                    61B5    943 _ADCTEST0	=	0x61b5
                    61B6    944 _ADCTEST1	=	0x61b6
                    61B7    945 _ADCTEST2	=	0x61b7
                    61B8    946 _MDMTEST0	=	0x61b8
                    61B9    947 _MDMTEST1	=	0x61b9
                    61BA    948 _DACTEST0	=	0x61ba
                    61BB    949 _DACTEST1	=	0x61bb
                    61BC    950 _DACTEST2	=	0x61bc
                    61BD    951 _ATEST	=	0x61bd
                    61BE    952 _PTEST0	=	0x61be
                    61BF    953 _PTEST1	=	0x61bf
                    61FA    954 _TXFILTCFG	=	0x61fa
                    61EB    955 _RFC_OBS_CTRL0	=	0x61eb
                    61EC    956 _RFC_OBS_CTRL1	=	0x61ec
                    61ED    957 _RFC_OBS_CTRL2	=	0x61ed
                    61C0    958 _CSPPROG0	=	0x61c0
                    61C1    959 _CSPPROG1	=	0x61c1
                    61C2    960 _CSPPROG2	=	0x61c2
                    61C3    961 _CSPPROG3	=	0x61c3
                    61C4    962 _CSPPROG4	=	0x61c4
                    61C5    963 _CSPPROG5	=	0x61c5
                    61C6    964 _CSPPROG6	=	0x61c6
                    61C7    965 _CSPPROG7	=	0x61c7
                    61C8    966 _CSPPROG8	=	0x61c8
                    61C9    967 _CSPPROG9	=	0x61c9
                    61CA    968 _CSPPROG10	=	0x61ca
                    61CB    969 _CSPPROG11	=	0x61cb
                    61CC    970 _CSPPROG12	=	0x61cc
                    61CD    971 _CSPPROG13	=	0x61cd
                    61CE    972 _CSPPROG14	=	0x61ce
                    61CF    973 _CSPPROG15	=	0x61cf
                    61D0    974 _CSPPROG16	=	0x61d0
                    61D1    975 _CSPPROG17	=	0x61d1
                    61D2    976 _CSPPROG18	=	0x61d2
                    61D3    977 _CSPPROG19	=	0x61d3
                    61D4    978 _CSPPROG20	=	0x61d4
                    61D5    979 _CSPPROG21	=	0x61d5
                    61D6    980 _CSPPROG22	=	0x61d6
                    61D7    981 _CSPPROG23	=	0x61d7
                    61E0    982 _CSPCTRL	=	0x61e0
                    61E1    983 _CSPSTAT	=	0x61e1
                    61E2    984 _CSPX	=	0x61e2
                    61E3    985 _CSPY	=	0x61e3
                    61E4    986 _CSPZ	=	0x61e4
                    61E5    987 _CSPT	=	0x61e5
                    6200    988 _USBADDR	=	0x6200
                    6201    989 _USBPOW	=	0x6201
                    6202    990 _USBIIF	=	0x6202
                    6204    991 _USBOIF	=	0x6204
                    6206    992 _USBCIF	=	0x6206
                    6207    993 _USBIIE	=	0x6207
                    6209    994 _USBOIE	=	0x6209
                    620B    995 _USBCIE	=	0x620b
                    620C    996 _USBFRML	=	0x620c
                    620D    997 _USBFRMH	=	0x620d
                    620E    998 _USBINDEX	=	0x620e
                    620F    999 _USBCTRL	=	0x620f
                    6210   1000 _USBMAXI	=	0x6210
                    6211   1001 _USBCS0	=	0x6211
                    6211   1002 _USBCSIL	=	0x6211
                    6212   1003 _USBCSIH	=	0x6212
                    6213   1004 _USBMAXO	=	0x6213
                    6214   1005 _USBCSOL	=	0x6214
                    6215   1006 _USBCSOH	=	0x6215
                    6216   1007 _USBCNT0	=	0x6216
                    6216   1008 _USBCNTL	=	0x6216
                    6217   1009 _USBCNTH	=	0x6217
                    6220   1010 _USBF0	=	0x6220
                    6222   1011 _USBF1	=	0x6222
                    6224   1012 _USBF2	=	0x6224
                    6226   1013 _USBF3	=	0x6226
                    6228   1014 _USBF4	=	0x6228
                    622A   1015 _USBF5	=	0x622a
                    7080   1016 _X_P0	=	0x7080
                    7086   1017 _X_U0CSR	=	0x7086
                    7089   1018 _X_P0IFG	=	0x7089
                    708A   1019 _X_P1IFG	=	0x708a
                    708B   1020 _X_P2IFG	=	0x708b
                    708C   1021 _X_PICTL	=	0x708c
                    708D   1022 _X_P1IEN	=	0x708d
                    708F   1023 _X_P0INP	=	0x708f
                    7090   1024 _X_P1	=	0x7090
                    7091   1025 _X_RFIRQF1	=	0x7091
                    7093   1026 _X_MPAGE	=	0x7093
                    7093   1027 _X__XPAGE	=	0x7093
                    7094   1028 _X_T2CTRL	=	0x7094
                    7095   1029 _X_ST0	=	0x7095
                    7096   1030 _X_ST1	=	0x7096
                    7097   1031 _X_ST2	=	0x7097
                    709C   1032 _X_T2EVTCFG	=	0x709c
                    709D   1033 _X_SLEEPSTA	=	0x709d
                    709E   1034 _X_CLKCONSTA	=	0x709e
                    709F   1035 _X_FMAP	=	0x709f
                    709F   1036 _X_PSBANK	=	0x709f
                    70A0   1037 _X_P2	=	0x70a0
                    70A1   1038 _X_T2IRQF	=	0x70a1
                    70A2   1039 _X_T2M0	=	0x70a2
                    70A3   1040 _X_T2M1	=	0x70a3
                    70A4   1041 _X_T2MOVF0	=	0x70a4
                    70A5   1042 _X_T2MOVF1	=	0x70a5
                    70A6   1043 _X_T2MOVF2	=	0x70a6
                    70A7   1044 _X_T2IRQM	=	0x70a7
                    70AB   1045 _X_P0IEN	=	0x70ab
                    70AC   1046 _X_P2IEN	=	0x70ac
                    70AD   1047 _X_STLOAD	=	0x70ad
                    70AE   1048 _X_PMUX	=	0x70ae
                    70AF   1049 _X_T1STAT	=	0x70af
                    70B1   1050 _X_ENCDI	=	0x70b1
                    70B2   1051 _X_ENCDO	=	0x70b2
                    70B3   1052 _X_ENCCS	=	0x70b3
                    70B4   1053 _X_ADCCON1	=	0x70b4
                    70B5   1054 _X_ADCCON2	=	0x70b5
                    70B6   1055 _X_ADCCON3	=	0x70b6
                    70BA   1056 _X_ADCL	=	0x70ba
                    70BB   1057 _X_ADCH	=	0x70bb
                    70BC   1058 _X_RNDL	=	0x70bc
                    70BD   1059 _X_RNDH	=	0x70bd
                    70BE   1060 _X_SLEEPCMD	=	0x70be
                    70BF   1061 _X_RFERRF	=	0x70bf
                    70C1   1062 _X_U0DBUF	=	0x70c1
                    70C2   1063 _X_U0BAUD	=	0x70c2
                    70C3   1064 _X_T2MSEL	=	0x70c3
                    70C4   1065 _X_U0UCR	=	0x70c4
                    70C5   1066 _X_U0GCR	=	0x70c5
                    70C6   1067 _X_CLKCONCMD	=	0x70c6
                    70C7   1068 _X_MEMCTR	=	0x70c7
                    70C9   1069 _X_WDCTL	=	0x70c9
                    70CA   1070 _X_T3CNT	=	0x70ca
                    70CB   1071 _X_T3CTL	=	0x70cb
                    70CC   1072 _X_T3CCTL0	=	0x70cc
                    70CD   1073 _X_T3CC0	=	0x70cd
                    70CE   1074 _X_T3CCTL1	=	0x70ce
                    70CF   1075 _X_T3CC1	=	0x70cf
                    70D1   1076 _X_DMAIRQ	=	0x70d1
                    70D2   1077 _X_DMA1CFGL	=	0x70d2
                    70D3   1078 _X_DMA1CFGH	=	0x70d3
                    70D4   1079 _X_DMA0CFGL	=	0x70d4
                    70D5   1080 _X_DMA0CFGH	=	0x70d5
                    70D6   1081 _X_DMAARM	=	0x70d6
                    70D7   1082 _X_DMAREQ	=	0x70d7
                    70D8   1083 _X_TIMIF	=	0x70d8
                    70D9   1084 _X_RFD	=	0x70d9
                    70DA   1085 _X_T1CC0L	=	0x70da
                    70DB   1086 _X_T1CC0H	=	0x70db
                    70DC   1087 _X_T1CC1L	=	0x70dc
                    70DD   1088 _X_T1CC1H	=	0x70dd
                    70DE   1089 _X_T1CC2L	=	0x70de
                    70DF   1090 _X_T1CC2H	=	0x70df
                    70E1   1091 _X_RFST	=	0x70e1
                    70E2   1092 _X_T1CNTL	=	0x70e2
                    70E3   1093 _X_T1CNTH	=	0x70e3
                    70E4   1094 _X_T1CTL	=	0x70e4
                    70E5   1095 _X_T1CCTL0	=	0x70e5
                    70E6   1096 _X_T1CCTL1	=	0x70e6
                    70E7   1097 _X_T1CCTL2	=	0x70e7
                    70E9   1098 _X_RFIRQF0	=	0x70e9
                    70EA   1099 _X_T4CNT	=	0x70ea
                    70EB   1100 _X_T4CTL	=	0x70eb
                    70EC   1101 _X_T4CCTL0	=	0x70ec
                    70ED   1102 _X_T4CC0	=	0x70ed
                    70EE   1103 _X_T4CCTL1	=	0x70ee
                    70EF   1104 _X_T4CC1	=	0x70ef
                    70F1   1105 _X_PERCFG	=	0x70f1
                    70F2   1106 _X_APCFG	=	0x70f2
                    70F3   1107 _X_P0SEL	=	0x70f3
                    70F4   1108 _X_P1SEL	=	0x70f4
                    70F5   1109 _X_P2SEL	=	0x70f5
                    70F6   1110 _X_P1INP	=	0x70f6
                    70F7   1111 _X_P2INP	=	0x70f7
                    70F8   1112 _X_U1CSR	=	0x70f8
                    70F9   1113 _X_U1DBUF	=	0x70f9
                    70FA   1114 _X_U1BAUD	=	0x70fa
                    70FB   1115 _X_U1UCR	=	0x70fb
                    70FC   1116 _X_U1GCR	=	0x70fc
                    70FD   1117 _X_P0DIR	=	0x70fd
                    70FE   1118 _X_P1DIR	=	0x70fe
                    70FF   1119 _X_P2DIR	=	0x70ff
                    7800   1120 _X_INFOPAGE	=	0x7800
                    780C   1121 _X_IEEE_ADDR	=	0x780c
   0000                    1122 _compower_idle_activity::
   0000                    1123 	.ds 8
   0008                    1124 _compower_accumulate_last_listen_1_1:
   0008                    1125 	.ds 4
   000C                    1126 _compower_accumulate_last_transmit_1_1:
   000C                    1127 	.ds 4
                           1128 ;--------------------------------------------------------
                           1129 ; absolute external ram data
                           1130 ;--------------------------------------------------------
                           1131 	.area XABS    (ABS,XDATA)
                           1132 ;--------------------------------------------------------
                           1133 ; external initialized ram data
                           1134 ;--------------------------------------------------------
                           1135 	.area XISEG   (XDATA)
                           1136 	.area HOME    (CODE)
                           1137 	.area GSINIT0 (CODE)
                           1138 	.area GSINIT1 (CODE)
                           1139 	.area GSINIT2 (CODE)
                           1140 	.area GSINIT3 (CODE)
                           1141 	.area GSINIT4 (CODE)
                           1142 	.area GSINIT5 (CODE)
                           1143 	.area GSINIT  (CODE)
                           1144 	.area GSFINAL (CODE)
                           1145 	.area CSEG    (CODE)
                           1146 ;--------------------------------------------------------
                           1147 ; global & static initialisations
                           1148 ;--------------------------------------------------------
                           1149 	.area HOME    (CODE)
                           1150 	.area GSINIT  (CODE)
                           1151 	.area GSFINAL (CODE)
                           1152 	.area GSINIT  (CODE)
                           1153 ;--------------------------------------------------------
                           1154 ; Home
                           1155 ;--------------------------------------------------------
                           1156 	.area HOME    (CODE)
                           1157 	.area HOME    (CODE)
                           1158 ;--------------------------------------------------------
                           1159 ; code
                           1160 ;--------------------------------------------------------
                           1161 	.area BANK1   (CODE)
                           1162 ;------------------------------------------------------------
                           1163 ;Allocation info for local variables in function 'compower_init'
                           1164 ;------------------------------------------------------------
                           1165 ;	../../../contiki-sensinode//core/sys/compower.c:54: compower_init(void)
                           1166 ;	-----------------------------------------
                           1167 ;	 function compower_init
                           1168 ;	-----------------------------------------
   0000                    1169 _compower_init:
                    0007   1170 	ar7 = 0x07
                    0006   1171 	ar6 = 0x06
                    0005   1172 	ar5 = 0x05
                    0004   1173 	ar4 = 0x04
                    0003   1174 	ar3 = 0x03
                    0002   1175 	ar2 = 0x02
                    0001   1176 	ar1 = 0x01
                    0000   1177 	ar0 = 0x00
                           1178 ;	../../../contiki-sensinode//core/sys/compower.c:56: compower_clear(&compower_idle_activity);
   0000 90s00r00           1179 	mov	dptr,#_compower_idle_activity
   0003 75 F0 00           1180 	mov	b,#0x00
   0006 78rB7              1181 	mov	r0,#_compower_clear
   0008 79s01              1182 	mov	r1,#(_compower_clear >> 8)
   000A 7As00              1183 	mov	r2,#(_compower_clear >> 16)
   000C 12s00r00           1184 	lcall	__sdcc_banked_call
   000F 02s00r00           1185 	ljmp	__sdcc_banked_ret
                           1186 ;------------------------------------------------------------
                           1187 ;Allocation info for local variables in function 'compower_accumulate'
                           1188 ;------------------------------------------------------------
                           1189 ;e                         Allocated to stack - sp -18
                           1190 ;listen                    Allocated to stack - sp -15
                           1191 ;transmit                  Allocated to stack - sp -11
                           1192 ;sloc0                     Allocated to stack - sp -7
                           1193 ;sloc1                     Allocated to stack - sp -3
                           1194 ;last_listen               Allocated with name '_compower_accumulate_last_listen_1_1'
                           1195 ;last_transmit             Allocated with name '_compower_accumulate_last_transmit_1_1'
                           1196 ;------------------------------------------------------------
                           1197 ;	../../../contiki-sensinode//core/sys/compower.c:60: compower_accumulate(struct compower_activity *e)
                           1198 ;	-----------------------------------------
                           1199 ;	 function compower_accumulate
                           1200 ;	-----------------------------------------
   0012                    1201 _compower_accumulate:
   0012 C0 82              1202 	push	dpl
   0014 C0 83              1203 	push	dph
   0016 C0 F0              1204 	push	b
   0018 E5 81              1205 	mov	a,sp
   001A 24 10              1206 	add	a,#0x10
   001C F5 81              1207 	mov	sp,a
                           1208 ;	../../../contiki-sensinode//core/sys/compower.c:65: energest_flush();
   001E 78r00              1209 	mov	r0,#_energest_flush
   0020 79s00              1210 	mov	r1,#(_energest_flush >> 8)
   0022 7As00              1211 	mov	r2,#(_energest_flush >> 16)
   0024 12s00r00           1212 	lcall	__sdcc_banked_call
                           1213 ;	../../../contiki-sensinode//core/sys/compower.c:67: listen = energest_type_time(ENERGEST_TYPE_LISTEN);
   0027 90 00 07           1214 	mov	dptr,#0x0007
   002A 78r00              1215 	mov	r0,#_energest_type_time
   002C 79s00              1216 	mov	r1,#(_energest_type_time >> 8)
   002E 7As00              1217 	mov	r2,#(_energest_type_time >> 16)
   0030 12s00r00           1218 	lcall	__sdcc_banked_call
   0033 AF 82              1219 	mov	r7,dpl
   0035 AE 83              1220 	mov	r6,dph
   0037 AD F0              1221 	mov	r5,b
   0039 FC                 1222 	mov	r4,a
   003A E5 81              1223 	mov	a,sp
   003C 24 F1              1224 	add	a,#0xf1
   003E F8                 1225 	mov	r0,a
   003F A6 07              1226 	mov	@r0,ar7
   0041 08                 1227 	inc	r0
   0042 A6 06              1228 	mov	@r0,ar6
   0044 08                 1229 	inc	r0
   0045 A6 05              1230 	mov	@r0,ar5
   0047 08                 1231 	inc	r0
   0048 A6 04              1232 	mov	@r0,ar4
                           1233 ;	../../../contiki-sensinode//core/sys/compower.c:68: e->listen += listen - last_listen;
   004A E5 81              1234 	mov	a,sp
   004C 24 EE              1235 	add	a,#0xee
   004E F8                 1236 	mov	r0,a
   004F 86 82              1237 	mov	dpl,@r0
   0051 08                 1238 	inc	r0
   0052 86 83              1239 	mov	dph,@r0
   0054 08                 1240 	inc	r0
   0055 86 F0              1241 	mov	b,@r0
   0057 E5 81              1242 	mov	a,sp
   0059 24 F9              1243 	add	a,#0xf9
   005B F9                 1244 	mov	r1,a
   005C 12s00r00           1245 	lcall	__gptrget
   005F F7                 1246 	mov	@r1,a
   0060 A3                 1247 	inc	dptr
   0061 12s00r00           1248 	lcall	__gptrget
   0064 09                 1249 	inc	r1
   0065 F7                 1250 	mov	@r1,a
   0066 A3                 1251 	inc	dptr
   0067 12s00r00           1252 	lcall	__gptrget
   006A 09                 1253 	inc	r1
   006B F7                 1254 	mov	@r1,a
   006C A3                 1255 	inc	dptr
   006D 12s00r00           1256 	lcall	__gptrget
   0070 09                 1257 	inc	r1
   0071 F7                 1258 	mov	@r1,a
   0072 90s00r08           1259 	mov	dptr,#_compower_accumulate_last_listen_1_1
   0075 E0                 1260 	movx	a,@dptr
   0076 FC                 1261 	mov	r4,a
   0077 A3                 1262 	inc	dptr
   0078 E0                 1263 	movx	a,@dptr
   0079 FD                 1264 	mov	r5,a
   007A A3                 1265 	inc	dptr
   007B E0                 1266 	movx	a,@dptr
   007C FE                 1267 	mov	r6,a
   007D A3                 1268 	inc	dptr
   007E E0                 1269 	movx	a,@dptr
   007F FF                 1270 	mov	r7,a
   0080 E5 81              1271 	mov	a,sp
   0082 24 F1              1272 	add	a,#0xf1
   0084 F8                 1273 	mov	r0,a
   0085 E6                 1274 	mov	a,@r0
   0086 C3                 1275 	clr	c
   0087 9C                 1276 	subb	a,r4
   0088 FC                 1277 	mov	r4,a
   0089 08                 1278 	inc	r0
   008A E6                 1279 	mov	a,@r0
   008B 9D                 1280 	subb	a,r5
   008C FD                 1281 	mov	r5,a
   008D 08                 1282 	inc	r0
   008E E6                 1283 	mov	a,@r0
   008F 9E                 1284 	subb	a,r6
   0090 FE                 1285 	mov	r6,a
   0091 08                 1286 	inc	r0
   0092 E6                 1287 	mov	a,@r0
   0093 9F                 1288 	subb	a,r7
   0094 FF                 1289 	mov	r7,a
   0095 E5 81              1290 	mov	a,sp
   0097 24 F9              1291 	add	a,#0xf9
   0099 F8                 1292 	mov	r0,a
   009A EC                 1293 	mov	a,r4
   009B 26                 1294 	add	a,@r0
   009C FC                 1295 	mov	r4,a
   009D ED                 1296 	mov	a,r5
   009E 08                 1297 	inc	r0
   009F 36                 1298 	addc	a,@r0
   00A0 FD                 1299 	mov	r5,a
   00A1 EE                 1300 	mov	a,r6
   00A2 08                 1301 	inc	r0
   00A3 36                 1302 	addc	a,@r0
   00A4 FE                 1303 	mov	r6,a
   00A5 EF                 1304 	mov	a,r7
   00A6 08                 1305 	inc	r0
   00A7 36                 1306 	addc	a,@r0
   00A8 FF                 1307 	mov	r7,a
   00A9 E5 81              1308 	mov	a,sp
   00AB 24 EE              1309 	add	a,#0xee
   00AD F8                 1310 	mov	r0,a
   00AE 86 82              1311 	mov	dpl,@r0
   00B0 08                 1312 	inc	r0
   00B1 86 83              1313 	mov	dph,@r0
   00B3 08                 1314 	inc	r0
   00B4 86 F0              1315 	mov	b,@r0
   00B6 EC                 1316 	mov	a,r4
   00B7 12s00r00           1317 	lcall	__gptrput
   00BA A3                 1318 	inc	dptr
   00BB ED                 1319 	mov	a,r5
   00BC 12s00r00           1320 	lcall	__gptrput
   00BF A3                 1321 	inc	dptr
   00C0 EE                 1322 	mov	a,r6
   00C1 12s00r00           1323 	lcall	__gptrput
   00C4 A3                 1324 	inc	dptr
   00C5 EF                 1325 	mov	a,r7
   00C6 12s00r00           1326 	lcall	__gptrput
                           1327 ;	../../../contiki-sensinode//core/sys/compower.c:69: last_listen = listen;
   00C9 E5 81              1328 	mov	a,sp
   00CB 24 F1              1329 	add	a,#0xf1
   00CD F8                 1330 	mov	r0,a
   00CE 90s00r08           1331 	mov	dptr,#_compower_accumulate_last_listen_1_1
   00D1 E6                 1332 	mov	a,@r0
   00D2 F0                 1333 	movx	@dptr,a
   00D3 08                 1334 	inc	r0
   00D4 A3                 1335 	inc	dptr
   00D5 E6                 1336 	mov	a,@r0
   00D6 F0                 1337 	movx	@dptr,a
   00D7 08                 1338 	inc	r0
   00D8 A3                 1339 	inc	dptr
   00D9 E6                 1340 	mov	a,@r0
   00DA F0                 1341 	movx	@dptr,a
   00DB 08                 1342 	inc	r0
   00DC A3                 1343 	inc	dptr
   00DD E6                 1344 	mov	a,@r0
   00DE F0                 1345 	movx	@dptr,a
                           1346 ;	../../../contiki-sensinode//core/sys/compower.c:71: transmit = energest_type_time(ENERGEST_TYPE_TRANSMIT);
   00DF 90 00 06           1347 	mov	dptr,#0x0006
   00E2 78r00              1348 	mov	r0,#_energest_type_time
   00E4 79s00              1349 	mov	r1,#(_energest_type_time >> 8)
   00E6 7As00              1350 	mov	r2,#(_energest_type_time >> 16)
   00E8 12s00r00           1351 	lcall	__sdcc_banked_call
   00EB AC 82              1352 	mov	r4,dpl
   00ED AD 83              1353 	mov	r5,dph
   00EF AE F0              1354 	mov	r6,b
   00F1 FF                 1355 	mov	r7,a
   00F2 E5 81              1356 	mov	a,sp
   00F4 24 F5              1357 	add	a,#0xf5
   00F6 F8                 1358 	mov	r0,a
   00F7 A6 04              1359 	mov	@r0,ar4
   00F9 08                 1360 	inc	r0
   00FA A6 05              1361 	mov	@r0,ar5
   00FC 08                 1362 	inc	r0
   00FD A6 06              1363 	mov	@r0,ar6
   00FF 08                 1364 	inc	r0
   0100 A6 07              1365 	mov	@r0,ar7
                           1366 ;	../../../contiki-sensinode//core/sys/compower.c:72: e->transmit += transmit - last_transmit;
   0102 E5 81              1367 	mov	a,sp
   0104 24 EE              1368 	add	a,#0xee
   0106 F8                 1369 	mov	r0,a
   0107 E5 81              1370 	mov	a,sp
   0109 24 F9              1371 	add	a,#0xf9
   010B F9                 1372 	mov	r1,a
   010C 74 04              1373 	mov	a,#0x04
   010E 26                 1374 	add	a,@r0
   010F F7                 1375 	mov	@r1,a
   0110 E4                 1376 	clr	a
   0111 08                 1377 	inc	r0
   0112 36                 1378 	addc	a,@r0
   0113 09                 1379 	inc	r1
   0114 F7                 1380 	mov	@r1,a
   0115 08                 1381 	inc	r0
   0116 09                 1382 	inc	r1
   0117 E6                 1383 	mov	a,@r0
   0118 F7                 1384 	mov	@r1,a
   0119 E5 81              1385 	mov	a,sp
   011B 24 F9              1386 	add	a,#0xf9
   011D F8                 1387 	mov	r0,a
   011E 86 82              1388 	mov	dpl,@r0
   0120 08                 1389 	inc	r0
   0121 86 83              1390 	mov	dph,@r0
   0123 08                 1391 	inc	r0
   0124 86 F0              1392 	mov	b,@r0
   0126 E5 81              1393 	mov	a,sp
   0128 24 FD              1394 	add	a,#0xfd
   012A F9                 1395 	mov	r1,a
   012B 12s00r00           1396 	lcall	__gptrget
   012E F7                 1397 	mov	@r1,a
   012F A3                 1398 	inc	dptr
   0130 12s00r00           1399 	lcall	__gptrget
   0133 09                 1400 	inc	r1
   0134 F7                 1401 	mov	@r1,a
   0135 A3                 1402 	inc	dptr
   0136 12s00r00           1403 	lcall	__gptrget
   0139 09                 1404 	inc	r1
   013A F7                 1405 	mov	@r1,a
   013B A3                 1406 	inc	dptr
   013C 12s00r00           1407 	lcall	__gptrget
   013F 09                 1408 	inc	r1
   0140 F7                 1409 	mov	@r1,a
   0141 90s00r0C           1410 	mov	dptr,#_compower_accumulate_last_transmit_1_1
   0144 E0                 1411 	movx	a,@dptr
   0145 FA                 1412 	mov	r2,a
   0146 A3                 1413 	inc	dptr
   0147 E0                 1414 	movx	a,@dptr
   0148 FB                 1415 	mov	r3,a
   0149 A3                 1416 	inc	dptr
   014A E0                 1417 	movx	a,@dptr
   014B FE                 1418 	mov	r6,a
   014C A3                 1419 	inc	dptr
   014D E0                 1420 	movx	a,@dptr
   014E FF                 1421 	mov	r7,a
   014F E5 81              1422 	mov	a,sp
   0151 24 F5              1423 	add	a,#0xf5
   0153 F8                 1424 	mov	r0,a
   0154 E6                 1425 	mov	a,@r0
   0155 C3                 1426 	clr	c
   0156 9A                 1427 	subb	a,r2
   0157 FA                 1428 	mov	r2,a
   0158 08                 1429 	inc	r0
   0159 E6                 1430 	mov	a,@r0
   015A 9B                 1431 	subb	a,r3
   015B FB                 1432 	mov	r3,a
   015C 08                 1433 	inc	r0
   015D E6                 1434 	mov	a,@r0
   015E 9E                 1435 	subb	a,r6
   015F FE                 1436 	mov	r6,a
   0160 08                 1437 	inc	r0
   0161 E6                 1438 	mov	a,@r0
   0162 9F                 1439 	subb	a,r7
   0163 FF                 1440 	mov	r7,a
   0164 E5 81              1441 	mov	a,sp
   0166 24 FD              1442 	add	a,#0xfd
   0168 F8                 1443 	mov	r0,a
   0169 EA                 1444 	mov	a,r2
   016A 26                 1445 	add	a,@r0
   016B FA                 1446 	mov	r2,a
   016C EB                 1447 	mov	a,r3
   016D 08                 1448 	inc	r0
   016E 36                 1449 	addc	a,@r0
   016F FB                 1450 	mov	r3,a
   0170 EE                 1451 	mov	a,r6
   0171 08                 1452 	inc	r0
   0172 36                 1453 	addc	a,@r0
   0173 FE                 1454 	mov	r6,a
   0174 EF                 1455 	mov	a,r7
   0175 08                 1456 	inc	r0
   0176 36                 1457 	addc	a,@r0
   0177 FF                 1458 	mov	r7,a
   0178 E5 81              1459 	mov	a,sp
   017A 24 F9              1460 	add	a,#0xf9
   017C F8                 1461 	mov	r0,a
   017D 86 82              1462 	mov	dpl,@r0
   017F 08                 1463 	inc	r0
   0180 86 83              1464 	mov	dph,@r0
   0182 08                 1465 	inc	r0
   0183 86 F0              1466 	mov	b,@r0
   0185 EA                 1467 	mov	a,r2
   0186 12s00r00           1468 	lcall	__gptrput
   0189 A3                 1469 	inc	dptr
   018A EB                 1470 	mov	a,r3
   018B 12s00r00           1471 	lcall	__gptrput
   018E A3                 1472 	inc	dptr
   018F EE                 1473 	mov	a,r6
   0190 12s00r00           1474 	lcall	__gptrput
   0193 A3                 1475 	inc	dptr
   0194 EF                 1476 	mov	a,r7
   0195 12s00r00           1477 	lcall	__gptrput
                           1478 ;	../../../contiki-sensinode//core/sys/compower.c:73: last_transmit = transmit;
   0198 E5 81              1479 	mov	a,sp
   019A 24 F5              1480 	add	a,#0xf5
   019C F8                 1481 	mov	r0,a
   019D 90s00r0C           1482 	mov	dptr,#_compower_accumulate_last_transmit_1_1
   01A0 E6                 1483 	mov	a,@r0
   01A1 F0                 1484 	movx	@dptr,a
   01A2 08                 1485 	inc	r0
   01A3 A3                 1486 	inc	dptr
   01A4 E6                 1487 	mov	a,@r0
   01A5 F0                 1488 	movx	@dptr,a
   01A6 08                 1489 	inc	r0
   01A7 A3                 1490 	inc	dptr
   01A8 E6                 1491 	mov	a,@r0
   01A9 F0                 1492 	movx	@dptr,a
   01AA 08                 1493 	inc	r0
   01AB A3                 1494 	inc	dptr
   01AC E6                 1495 	mov	a,@r0
   01AD F0                 1496 	movx	@dptr,a
   01AE E5 81              1497 	mov	a,sp
   01B0 24 ED              1498 	add	a,#0xED
   01B2 F5 81              1499 	mov	sp,a
   01B4 02s00r00           1500 	ljmp	__sdcc_banked_ret
                           1501 ;------------------------------------------------------------
                           1502 ;Allocation info for local variables in function 'compower_clear'
                           1503 ;------------------------------------------------------------
                           1504 ;e                         Allocated to registers r5 r6 r7 
                           1505 ;------------------------------------------------------------
                           1506 ;	../../../contiki-sensinode//core/sys/compower.c:77: compower_clear(struct compower_activity *e)
                           1507 ;	-----------------------------------------
                           1508 ;	 function compower_clear
                           1509 ;	-----------------------------------------
   01B7                    1510 _compower_clear:
   01B7 AD 82              1511 	mov	r5,dpl
   01B9 AE 83              1512 	mov	r6,dph
   01BB AF F0              1513 	mov	r7,b
                           1514 ;	../../../contiki-sensinode//core/sys/compower.c:79: e->listen = e->transmit = 0;
   01BD 74 04              1515 	mov	a,#0x04
   01BF 2D                 1516 	add	a,r5
   01C0 FA                 1517 	mov	r2,a
   01C1 E4                 1518 	clr	a
   01C2 3E                 1519 	addc	a,r6
   01C3 FB                 1520 	mov	r3,a
   01C4 8F 04              1521 	mov	ar4,r7
   01C6 8A 82              1522 	mov	dpl,r2
   01C8 8B 83              1523 	mov	dph,r3
   01CA 8C F0              1524 	mov	b,r4
   01CC E4                 1525 	clr	a
   01CD 12s00r00           1526 	lcall	__gptrput
   01D0 A3                 1527 	inc	dptr
   01D1 E4                 1528 	clr	a
   01D2 12s00r00           1529 	lcall	__gptrput
   01D5 A3                 1530 	inc	dptr
   01D6 E4                 1531 	clr	a
   01D7 12s00r00           1532 	lcall	__gptrput
   01DA A3                 1533 	inc	dptr
   01DB E4                 1534 	clr	a
   01DC 12s00r00           1535 	lcall	__gptrput
   01DF 8D 82              1536 	mov	dpl,r5
   01E1 8E 83              1537 	mov	dph,r6
   01E3 8F F0              1538 	mov	b,r7
   01E5 E4                 1539 	clr	a
   01E6 12s00r00           1540 	lcall	__gptrput
   01E9 A3                 1541 	inc	dptr
   01EA E4                 1542 	clr	a
   01EB 12s00r00           1543 	lcall	__gptrput
   01EE A3                 1544 	inc	dptr
   01EF E4                 1545 	clr	a
   01F0 12s00r00           1546 	lcall	__gptrput
   01F3 A3                 1547 	inc	dptr
   01F4 E4                 1548 	clr	a
   01F5 12s00r00           1549 	lcall	__gptrput
   01F8 02s00r00           1550 	ljmp	__sdcc_banked_ret
                           1551 ;------------------------------------------------------------
                           1552 ;Allocation info for local variables in function 'compower_attrconv'
                           1553 ;------------------------------------------------------------
                           1554 ;e                         Allocated to stack - sp -10
                           1555 ;sloc0                     Allocated to stack - sp -7
                           1556 ;sloc1                     Allocated to stack - sp -3
                           1557 ;------------------------------------------------------------
                           1558 ;	../../../contiki-sensinode//core/sys/compower.c:83: compower_attrconv(struct compower_activity *e)
                           1559 ;	-----------------------------------------
                           1560 ;	 function compower_attrconv
                           1561 ;	-----------------------------------------
   01FB                    1562 _compower_attrconv:
   01FB C0 82              1563 	push	dpl
   01FD C0 83              1564 	push	dph
   01FF C0 F0              1565 	push	b
   0201 E5 81              1566 	mov	a,sp
   0203 24 08              1567 	add	a,#0x08
   0205 F5 81              1568 	mov	sp,a
                           1569 ;	../../../contiki-sensinode//core/sys/compower.c:86: packetbuf_attr(PACKETBUF_ATTR_LISTEN_TIME) + e->listen);
   0207 75 82 07           1570 	mov	dpl,#0x07
   020A 78r00              1571 	mov	r0,#_packetbuf_attr
   020C 79s00              1572 	mov	r1,#(_packetbuf_attr >> 8)
   020E 7As00              1573 	mov	r2,#(_packetbuf_attr >> 16)
   0210 12s00r00           1574 	lcall	__sdcc_banked_call
   0213 AB 82              1575 	mov	r3,dpl
   0215 AC 83              1576 	mov	r4,dph
   0217 E5 81              1577 	mov	a,sp
   0219 24 F6              1578 	add	a,#0xf6
   021B F8                 1579 	mov	r0,a
   021C 86 82              1580 	mov	dpl,@r0
   021E 08                 1581 	inc	r0
   021F 86 83              1582 	mov	dph,@r0
   0221 08                 1583 	inc	r0
   0222 86 F0              1584 	mov	b,@r0
   0224 E5 81              1585 	mov	a,sp
   0226 24 F9              1586 	add	a,#0xf9
   0228 F9                 1587 	mov	r1,a
   0229 12s00r00           1588 	lcall	__gptrget
   022C F7                 1589 	mov	@r1,a
   022D A3                 1590 	inc	dptr
   022E 12s00r00           1591 	lcall	__gptrget
   0231 09                 1592 	inc	r1
   0232 F7                 1593 	mov	@r1,a
   0233 A3                 1594 	inc	dptr
   0234 12s00r00           1595 	lcall	__gptrget
   0237 09                 1596 	inc	r1
   0238 F7                 1597 	mov	@r1,a
   0239 A3                 1598 	inc	dptr
   023A 12s00r00           1599 	lcall	__gptrget
   023D 09                 1600 	inc	r1
   023E F7                 1601 	mov	@r1,a
   023F E4                 1602 	clr	a
   0240 FE                 1603 	mov	r6,a
   0241 FD                 1604 	mov	r5,a
   0242 E5 81              1605 	mov	a,sp
   0244 24 F9              1606 	add	a,#0xf9
   0246 F8                 1607 	mov	r0,a
   0247 E6                 1608 	mov	a,@r0
   0248 2B                 1609 	add	a,r3
   0249 FB                 1610 	mov	r3,a
   024A 08                 1611 	inc	r0
   024B E6                 1612 	mov	a,@r0
   024C 3C                 1613 	addc	a,r4
   024D FC                 1614 	mov	r4,a
   024E 08                 1615 	inc	r0
   024F E6                 1616 	mov	a,@r0
   0250 3E                 1617 	addc	a,r6
   0251 08                 1618 	inc	r0
   0252 E6                 1619 	mov	a,@r0
   0253 3D                 1620 	addc	a,r5
                           1621 ;	../../../contiki-sensinode//core/sys/compower.c:85: packetbuf_set_attr(PACKETBUF_ATTR_LISTEN_TIME,
   0254 C0 03              1622 	push	ar3
   0256 C0 04              1623 	push	ar4
   0258 75 82 07           1624 	mov	dpl,#0x07
   025B 78r00              1625 	mov	r0,#_packetbuf_set_attr
   025D 79s00              1626 	mov	r1,#(_packetbuf_set_attr >> 8)
   025F 7As00              1627 	mov	r2,#(_packetbuf_set_attr >> 16)
   0261 12s00r00           1628 	lcall	__sdcc_banked_call
   0264 15 81              1629 	dec	sp
   0266 15 81              1630 	dec	sp
                           1631 ;	../../../contiki-sensinode//core/sys/compower.c:88: packetbuf_attr(PACKETBUF_ATTR_TRANSMIT_TIME) + e->transmit);
   0268 75 82 08           1632 	mov	dpl,#0x08
   026B 78r00              1633 	mov	r0,#_packetbuf_attr
   026D 79s00              1634 	mov	r1,#(_packetbuf_attr >> 8)
   026F 7As00              1635 	mov	r2,#(_packetbuf_attr >> 16)
   0271 12s00r00           1636 	lcall	__sdcc_banked_call
   0274 AF 82              1637 	mov	r7,dpl
   0276 AE 83              1638 	mov	r6,dph
   0278 E5 81              1639 	mov	a,sp
   027A 24 F6              1640 	add	a,#0xf6
   027C F8                 1641 	mov	r0,a
   027D 74 04              1642 	mov	a,#0x04
   027F 26                 1643 	add	a,@r0
   0280 FA                 1644 	mov	r2,a
   0281 E4                 1645 	clr	a
   0282 08                 1646 	inc	r0
   0283 36                 1647 	addc	a,@r0
   0284 FB                 1648 	mov	r3,a
   0285 08                 1649 	inc	r0
   0286 86 04              1650 	mov	ar4,@r0
   0288 8A 82              1651 	mov	dpl,r2
   028A 8B 83              1652 	mov	dph,r3
   028C 8C F0              1653 	mov	b,r4
   028E E5 81              1654 	mov	a,sp
   0290 24 FD              1655 	add	a,#0xfd
   0292 F8                 1656 	mov	r0,a
   0293 12s00r00           1657 	lcall	__gptrget
   0296 F6                 1658 	mov	@r0,a
   0297 A3                 1659 	inc	dptr
   0298 12s00r00           1660 	lcall	__gptrget
   029B 08                 1661 	inc	r0
   029C F6                 1662 	mov	@r0,a
   029D A3                 1663 	inc	dptr
   029E 12s00r00           1664 	lcall	__gptrget
   02A1 08                 1665 	inc	r0
   02A2 F6                 1666 	mov	@r0,a
   02A3 A3                 1667 	inc	dptr
   02A4 12s00r00           1668 	lcall	__gptrget
   02A7 08                 1669 	inc	r0
   02A8 F6                 1670 	mov	@r0,a
   02A9 8F 03              1671 	mov	ar3,r7
   02AB 8E 04              1672 	mov	ar4,r6
   02AD E4                 1673 	clr	a
   02AE FD                 1674 	mov	r5,a
   02AF FE                 1675 	mov	r6,a
   02B0 E5 81              1676 	mov	a,sp
   02B2 24 FD              1677 	add	a,#0xfd
   02B4 F8                 1678 	mov	r0,a
   02B5 E6                 1679 	mov	a,@r0
   02B6 2B                 1680 	add	a,r3
   02B7 FB                 1681 	mov	r3,a
   02B8 08                 1682 	inc	r0
   02B9 E6                 1683 	mov	a,@r0
   02BA 3C                 1684 	addc	a,r4
   02BB FC                 1685 	mov	r4,a
   02BC 08                 1686 	inc	r0
   02BD E6                 1687 	mov	a,@r0
   02BE 3D                 1688 	addc	a,r5
   02BF 08                 1689 	inc	r0
   02C0 E6                 1690 	mov	a,@r0
   02C1 3E                 1691 	addc	a,r6
                           1692 ;	../../../contiki-sensinode//core/sys/compower.c:87: packetbuf_set_attr(PACKETBUF_ATTR_TRANSMIT_TIME,
   02C2 C0 03              1693 	push	ar3
   02C4 C0 04              1694 	push	ar4
   02C6 75 82 08           1695 	mov	dpl,#0x08
   02C9 78r00              1696 	mov	r0,#_packetbuf_set_attr
   02CB 79s00              1697 	mov	r1,#(_packetbuf_set_attr >> 8)
   02CD 7As00              1698 	mov	r2,#(_packetbuf_set_attr >> 16)
   02CF 12s00r00           1699 	lcall	__sdcc_banked_call
   02D2 15 81              1700 	dec	sp
   02D4 15 81              1701 	dec	sp
   02D6 E5 81              1702 	mov	a,sp
   02D8 24 F5              1703 	add	a,#0xF5
   02DA F5 81              1704 	mov	sp,a
   02DC 02s00r00           1705 	ljmp	__sdcc_banked_ret
                           1706 ;------------------------------------------------------------
                           1707 ;Allocation info for local variables in function 'compower_accumulate_attrs'
                           1708 ;------------------------------------------------------------
                           1709 ;e                         Allocated to stack - sp -10
                           1710 ;sloc0                     Allocated to stack - sp -7
                           1711 ;sloc1                     Allocated to stack - sp -3
                           1712 ;sloc2                     Allocated to stack - sp -3
                           1713 ;------------------------------------------------------------
                           1714 ;	../../../contiki-sensinode//core/sys/compower.c:92: compower_accumulate_attrs(struct compower_activity *e)
                           1715 ;	-----------------------------------------
                           1716 ;	 function compower_accumulate_attrs
                           1717 ;	-----------------------------------------
   02DF                    1718 _compower_accumulate_attrs:
   02DF C0 82              1719 	push	dpl
   02E1 C0 83              1720 	push	dph
   02E3 C0 F0              1721 	push	b
   02E5 E5 81              1722 	mov	a,sp
   02E7 24 08              1723 	add	a,#0x08
                           1724 ;	../../../contiki-sensinode//core/sys/compower.c:94: e->listen += packetbuf_attr(PACKETBUF_ATTR_LISTEN_TIME);
   02E9 F5 81              1725 	mov	sp,a
   02EB 24 F6              1726 	add	a,#0xf6
   02ED F8                 1727 	mov	r0,a
   02EE 86 82              1728 	mov	dpl,@r0
   02F0 08                 1729 	inc	r0
   02F1 86 83              1730 	mov	dph,@r0
   02F3 08                 1731 	inc	r0
   02F4 86 F0              1732 	mov	b,@r0
   02F6 E5 81              1733 	mov	a,sp
   02F8 24 F9              1734 	add	a,#0xf9
   02FA F9                 1735 	mov	r1,a
   02FB 12s00r00           1736 	lcall	__gptrget
   02FE F7                 1737 	mov	@r1,a
   02FF A3                 1738 	inc	dptr
   0300 12s00r00           1739 	lcall	__gptrget
   0303 09                 1740 	inc	r1
   0304 F7                 1741 	mov	@r1,a
   0305 A3                 1742 	inc	dptr
   0306 12s00r00           1743 	lcall	__gptrget
   0309 09                 1744 	inc	r1
   030A F7                 1745 	mov	@r1,a
   030B A3                 1746 	inc	dptr
   030C 12s00r00           1747 	lcall	__gptrget
   030F 09                 1748 	inc	r1
   0310 F7                 1749 	mov	@r1,a
   0311 75 82 07           1750 	mov	dpl,#0x07
   0314 78r00              1751 	mov	r0,#_packetbuf_attr
   0316 79s00              1752 	mov	r1,#(_packetbuf_attr >> 8)
   0318 7As00              1753 	mov	r2,#(_packetbuf_attr >> 16)
   031A 12s00r00           1754 	lcall	__sdcc_banked_call
   031D AF 82              1755 	mov	r7,dpl
   031F AE 83              1756 	mov	r6,dph
   0321 8F 03              1757 	mov	ar3,r7
   0323 8E 04              1758 	mov	ar4,r6
   0325 E4                 1759 	clr	a
   0326 FD                 1760 	mov	r5,a
   0327 FE                 1761 	mov	r6,a
   0328 E5 81              1762 	mov	a,sp
   032A 24 F9              1763 	add	a,#0xf9
   032C F8                 1764 	mov	r0,a
   032D EB                 1765 	mov	a,r3
   032E 26                 1766 	add	a,@r0
   032F FB                 1767 	mov	r3,a
   0330 EC                 1768 	mov	a,r4
   0331 08                 1769 	inc	r0
   0332 36                 1770 	addc	a,@r0
   0333 FC                 1771 	mov	r4,a
   0334 ED                 1772 	mov	a,r5
   0335 08                 1773 	inc	r0
   0336 36                 1774 	addc	a,@r0
   0337 FD                 1775 	mov	r5,a
   0338 EE                 1776 	mov	a,r6
   0339 08                 1777 	inc	r0
   033A 36                 1778 	addc	a,@r0
   033B FE                 1779 	mov	r6,a
   033C E5 81              1780 	mov	a,sp
   033E 24 F6              1781 	add	a,#0xf6
   0340 F8                 1782 	mov	r0,a
   0341 86 82              1783 	mov	dpl,@r0
   0343 08                 1784 	inc	r0
   0344 86 83              1785 	mov	dph,@r0
   0346 08                 1786 	inc	r0
   0347 86 F0              1787 	mov	b,@r0
   0349 EB                 1788 	mov	a,r3
   034A 12s00r00           1789 	lcall	__gptrput
   034D A3                 1790 	inc	dptr
   034E EC                 1791 	mov	a,r4
   034F 12s00r00           1792 	lcall	__gptrput
   0352 A3                 1793 	inc	dptr
   0353 ED                 1794 	mov	a,r5
   0354 12s00r00           1795 	lcall	__gptrput
   0357 A3                 1796 	inc	dptr
   0358 EE                 1797 	mov	a,r6
   0359 12s00r00           1798 	lcall	__gptrput
                           1799 ;	../../../contiki-sensinode//core/sys/compower.c:95: e->transmit += packetbuf_attr(PACKETBUF_ATTR_TRANSMIT_TIME);
   035C E5 81              1800 	mov	a,sp
   035E 24 F6              1801 	add	a,#0xf6
   0360 F8                 1802 	mov	r0,a
   0361 E5 81              1803 	mov	a,sp
   0363 24 F9              1804 	add	a,#0xf9
   0365 F9                 1805 	mov	r1,a
   0366 74 04              1806 	mov	a,#0x04
   0368 26                 1807 	add	a,@r0
   0369 F7                 1808 	mov	@r1,a
   036A E4                 1809 	clr	a
   036B 08                 1810 	inc	r0
   036C 36                 1811 	addc	a,@r0
   036D 09                 1812 	inc	r1
   036E F7                 1813 	mov	@r1,a
   036F 08                 1814 	inc	r0
   0370 09                 1815 	inc	r1
   0371 E6                 1816 	mov	a,@r0
   0372 F7                 1817 	mov	@r1,a
   0373 E5 81              1818 	mov	a,sp
   0375 24 F9              1819 	add	a,#0xf9
   0377 F8                 1820 	mov	r0,a
   0378 86 82              1821 	mov	dpl,@r0
   037A 08                 1822 	inc	r0
   037B 86 83              1823 	mov	dph,@r0
   037D 08                 1824 	inc	r0
   037E 86 F0              1825 	mov	b,@r0
   0380 E5 81              1826 	mov	a,sp
   0382 24 FD              1827 	add	a,#0xfd
   0384 F9                 1828 	mov	r1,a
   0385 12s00r00           1829 	lcall	__gptrget
   0388 F7                 1830 	mov	@r1,a
   0389 A3                 1831 	inc	dptr
   038A 12s00r00           1832 	lcall	__gptrget
   038D 09                 1833 	inc	r1
   038E F7                 1834 	mov	@r1,a
   038F A3                 1835 	inc	dptr
   0390 12s00r00           1836 	lcall	__gptrget
   0393 09                 1837 	inc	r1
   0394 F7                 1838 	mov	@r1,a
   0395 A3                 1839 	inc	dptr
   0396 12s00r00           1840 	lcall	__gptrget
   0399 09                 1841 	inc	r1
   039A F7                 1842 	mov	@r1,a
   039B 75 82 08           1843 	mov	dpl,#0x08
   039E 78r00              1844 	mov	r0,#_packetbuf_attr
   03A0 79s00              1845 	mov	r1,#(_packetbuf_attr >> 8)
   03A2 7As00              1846 	mov	r2,#(_packetbuf_attr >> 16)
   03A4 12s00r00           1847 	lcall	__sdcc_banked_call
   03A7 AC 82              1848 	mov	r4,dpl
   03A9 AE 83              1849 	mov	r6,dph
   03AB E4                 1850 	clr	a
   03AC FD                 1851 	mov	r5,a
   03AD FB                 1852 	mov	r3,a
   03AE E5 81              1853 	mov	a,sp
   03B0 24 FD              1854 	add	a,#0xfd
   03B2 F8                 1855 	mov	r0,a
   03B3 EC                 1856 	mov	a,r4
   03B4 26                 1857 	add	a,@r0
   03B5 FC                 1858 	mov	r4,a
   03B6 EE                 1859 	mov	a,r6
   03B7 08                 1860 	inc	r0
   03B8 36                 1861 	addc	a,@r0
   03B9 FE                 1862 	mov	r6,a
   03BA ED                 1863 	mov	a,r5
   03BB 08                 1864 	inc	r0
   03BC 36                 1865 	addc	a,@r0
   03BD FD                 1866 	mov	r5,a
   03BE EB                 1867 	mov	a,r3
   03BF 08                 1868 	inc	r0
   03C0 36                 1869 	addc	a,@r0
   03C1 FB                 1870 	mov	r3,a
   03C2 E5 81              1871 	mov	a,sp
   03C4 24 F9              1872 	add	a,#0xf9
   03C6 F8                 1873 	mov	r0,a
   03C7 86 82              1874 	mov	dpl,@r0
   03C9 08                 1875 	inc	r0
   03CA 86 83              1876 	mov	dph,@r0
   03CC 08                 1877 	inc	r0
   03CD 86 F0              1878 	mov	b,@r0
   03CF EC                 1879 	mov	a,r4
   03D0 12s00r00           1880 	lcall	__gptrput
   03D3 A3                 1881 	inc	dptr
   03D4 EE                 1882 	mov	a,r6
   03D5 12s00r00           1883 	lcall	__gptrput
   03D8 A3                 1884 	inc	dptr
   03D9 ED                 1885 	mov	a,r5
   03DA 12s00r00           1886 	lcall	__gptrput
   03DD A3                 1887 	inc	dptr
   03DE EB                 1888 	mov	a,r3
   03DF 12s00r00           1889 	lcall	__gptrput
   03E2 E5 81              1890 	mov	a,sp
   03E4 24 F5              1891 	add	a,#0xF5
   03E6 F5 81              1892 	mov	sp,a
   03E8 02s00r00           1893 	ljmp	__sdcc_banked_ret
                           1894 	.area CSEG    (CODE)
                           1895 	.area CONST   (CODE)
                           1896 	.area XINIT   (CODE)
                           1897 	.area CABS    (ABS,CODE)
