                              1 ;--------------------------------------------------------
                              2 ; File Created by SDCC : free open source ANSI-C Compiler
                              3 ; Version 3.1.1 #7100 (Oct 29 2014) (Linux)
                              4 ; This file was generated Wed Dec  2 18:11:03 2015
                              5 ;--------------------------------------------------------
                              6 	.module debug
                              7 	.optsdcc -mmcs51 --model-huge
                              8 	
                              9 ;--------------------------------------------------------
                             10 ; Public variables in this module
                             11 ;--------------------------------------------------------
                             12 	.globl _putchar
                             13 	.globl _ACTIVE
                             14 	.globl _TX_BYTE
                             15 	.globl _RX_BYTE
                             16 	.globl _ERR
                             17 	.globl _FE
                             18 	.globl _SLAVE
                             19 	.globl _RE
                             20 	.globl _MODE
                             21 	.globl _T3OVFIF
                             22 	.globl _T3CH0IF
                             23 	.globl _T3CH1IF
                             24 	.globl _T4OVFIF
                             25 	.globl _T4CH0IF
                             26 	.globl _T4CH1IF
                             27 	.globl _OVFIM
                             28 	.globl _B_0
                             29 	.globl _B_1
                             30 	.globl _B_2
                             31 	.globl _B_3
                             32 	.globl _B_4
                             33 	.globl _B_5
                             34 	.globl _B_6
                             35 	.globl _B_7
                             36 	.globl _P2IF
                             37 	.globl _UTX0IF
                             38 	.globl _UTX1IF
                             39 	.globl _P1IF
                             40 	.globl _WDTIF
                             41 	.globl _ACC_0
                             42 	.globl _ACC_1
                             43 	.globl _ACC_2
                             44 	.globl _ACC_3
                             45 	.globl _ACC_4
                             46 	.globl _ACC_5
                             47 	.globl _ACC_6
                             48 	.globl _ACC_7
                             49 	.globl _P
                             50 	.globl _F1
                             51 	.globl _OV
                             52 	.globl _RS0
                             53 	.globl _RS1
                             54 	.globl _F0
                             55 	.globl _AC
                             56 	.globl _CY
                             57 	.globl _DMAIF
                             58 	.globl _T1IF
                             59 	.globl _T2IF
                             60 	.globl _T3IF
                             61 	.globl _T4IF
                             62 	.globl _P0IF
                             63 	.globl _STIF
                             64 	.globl _DMAIE
                             65 	.globl _T1IE
                             66 	.globl _T2IE
                             67 	.globl _T3IE
                             68 	.globl _T4IE
                             69 	.globl _P0IE
                             70 	.globl _RFERRIE
                             71 	.globl _ADCIE
                             72 	.globl _URX0IE
                             73 	.globl _URX1IE
                             74 	.globl _ENCIE
                             75 	.globl _STIE
                             76 	.globl _EA
                             77 	.globl _P2_0
                             78 	.globl _P2_1
                             79 	.globl _P2_2
                             80 	.globl _P2_3
                             81 	.globl _P2_4
                             82 	.globl _P2_5
                             83 	.globl _P2_6
                             84 	.globl _P2_7
                             85 	.globl _ENCIF_0
                             86 	.globl _ENCIF_1
                             87 	.globl _P1_0
                             88 	.globl _P1_1
                             89 	.globl _P1_2
                             90 	.globl _P1_3
                             91 	.globl _P1_4
                             92 	.globl _P1_5
                             93 	.globl _P1_6
                             94 	.globl _P1_7
                             95 	.globl _IT0
                             96 	.globl _RFERRIF
                             97 	.globl _IT1
                             98 	.globl _URX0IF
                             99 	.globl _ADCIF
                            100 	.globl _URX1IF
                            101 	.globl _P0_0
                            102 	.globl _P0_1
                            103 	.globl _P0_2
                            104 	.globl _P0_3
                            105 	.globl _P0_4
                            106 	.globl _P0_5
                            107 	.globl _P0_6
                            108 	.globl _P0_7
                            109 	.globl _WDCTL
                            110 	.globl _U1GCR
                            111 	.globl _U1UCR
                            112 	.globl _U1BAUD
                            113 	.globl _U1DBUF
                            114 	.globl _U1CSR
                            115 	.globl _U0GCR
                            116 	.globl _U0UCR
                            117 	.globl _U0BAUD
                            118 	.globl _U0DBUF
                            119 	.globl _U0CSR
                            120 	.globl _TIMIF
                            121 	.globl _T4CC1
                            122 	.globl _T4CCTL1
                            123 	.globl _T4CC0
                            124 	.globl _T4CCTL0
                            125 	.globl _T4CTL
                            126 	.globl _T4CNT
                            127 	.globl _T3CC1
                            128 	.globl _T3CCTL1
                            129 	.globl _T3CC0
                            130 	.globl _T3CCTL0
                            131 	.globl _T3CTL
                            132 	.globl _T3CNT
                            133 	.globl _T2MSEL
                            134 	.globl _T2IRQM
                            135 	.globl _T2MOVF2
                            136 	.globl _T2MOVF1
                            137 	.globl _T2MOVF0
                            138 	.globl _T2M1
                            139 	.globl _T2M0
                            140 	.globl _T2IRQF
                            141 	.globl _T2EVTCFG
                            142 	.globl _T2CTRL
                            143 	.globl _T1STAT
                            144 	.globl _T1CCTL2
                            145 	.globl _T1CCTL1
                            146 	.globl _T1CCTL0
                            147 	.globl _T1CTL
                            148 	.globl _T1CNTH
                            149 	.globl _T1CNTL
                            150 	.globl _T1CC2H
                            151 	.globl _T1CC2L
                            152 	.globl _T1CC1H
                            153 	.globl _T1CC1L
                            154 	.globl _T1CC0H
                            155 	.globl _T1CC0L
                            156 	.globl _CLKCONSTA
                            157 	.globl _CLKCONCMD
                            158 	.globl _SLEEPSTA
                            159 	.globl _SLEEPCMD
                            160 	.globl _STLOAD
                            161 	.globl _ST2
                            162 	.globl _ST1
                            163 	.globl _ST0
                            164 	.globl _RFERRF
                            165 	.globl _RFIRQF0
                            166 	.globl _RFST
                            167 	.globl _RFD
                            168 	.globl _RFIRQF1
                            169 	.globl _PSBANK
                            170 	.globl _FMAP
                            171 	.globl _MEMCTR
                            172 	.globl __XPAGE
                            173 	.globl _MPAGE
                            174 	.globl _PMUX
                            175 	.globl _P2DIR
                            176 	.globl _P1DIR
                            177 	.globl _P0DIR
                            178 	.globl _P2INP
                            179 	.globl _P1INP
                            180 	.globl _P2SEL
                            181 	.globl _P1SEL
                            182 	.globl _P0SEL
                            183 	.globl _APCFG
                            184 	.globl _PERCFG
                            185 	.globl _P0INP
                            186 	.globl _P2IEN
                            187 	.globl _P1IEN
                            188 	.globl _P0IEN
                            189 	.globl _PICTL
                            190 	.globl _P2IFG
                            191 	.globl _P1IFG
                            192 	.globl _P0IFG
                            193 	.globl _DMAREQ
                            194 	.globl _DMAARM
                            195 	.globl _DMA0CFGH
                            196 	.globl _DMA0CFGL
                            197 	.globl _DMA1CFGH
                            198 	.globl _DMA1CFGL
                            199 	.globl _DMAIRQ
                            200 	.globl _ENCCS
                            201 	.globl _ENCDO
                            202 	.globl _ENCDI
                            203 	.globl _RNDH
                            204 	.globl _RNDL
                            205 	.globl _ADCH
                            206 	.globl _ADCL
                            207 	.globl _ADCCON3
                            208 	.globl _ADCCON2
                            209 	.globl _ADCCON1
                            210 	.globl _B
                            211 	.globl _IRCON2
                            212 	.globl _ACC
                            213 	.globl _PSW
                            214 	.globl _IRCON
                            215 	.globl _IP1
                            216 	.globl _IEN1
                            217 	.globl _IP0
                            218 	.globl _IEN0
                            219 	.globl _P2
                            220 	.globl _S1CON
                            221 	.globl _IEN2
                            222 	.globl _S0CON
                            223 	.globl _DPS
                            224 	.globl _P1
                            225 	.globl _TCON
                            226 	.globl _PCON
                            227 	.globl _DPH1
                            228 	.globl _DPL1
                            229 	.globl _DPH0
                            230 	.globl _DPL0
                            231 	.globl _SP
                            232 	.globl _P0
                            233 	.globl _X_IEEE_ADDR
                            234 	.globl _X_INFOPAGE
                            235 	.globl _X_P2DIR
                            236 	.globl _X_P1DIR
                            237 	.globl _X_P0DIR
                            238 	.globl _X_U1GCR
                            239 	.globl _X_U1UCR
                            240 	.globl _X_U1BAUD
                            241 	.globl _X_U1DBUF
                            242 	.globl _X_U1CSR
                            243 	.globl _X_P2INP
                            244 	.globl _X_P1INP
                            245 	.globl _X_P2SEL
                            246 	.globl _X_P1SEL
                            247 	.globl _X_P0SEL
                            248 	.globl _X_APCFG
                            249 	.globl _X_PERCFG
                            250 	.globl _X_T4CC1
                            251 	.globl _X_T4CCTL1
                            252 	.globl _X_T4CC0
                            253 	.globl _X_T4CCTL0
                            254 	.globl _X_T4CTL
                            255 	.globl _X_T4CNT
                            256 	.globl _X_RFIRQF0
                            257 	.globl _X_T1CCTL2
                            258 	.globl _X_T1CCTL1
                            259 	.globl _X_T1CCTL0
                            260 	.globl _X_T1CTL
                            261 	.globl _X_T1CNTH
                            262 	.globl _X_T1CNTL
                            263 	.globl _X_RFST
                            264 	.globl _X_T1CC2H
                            265 	.globl _X_T1CC2L
                            266 	.globl _X_T1CC1H
                            267 	.globl _X_T1CC1L
                            268 	.globl _X_T1CC0H
                            269 	.globl _X_T1CC0L
                            270 	.globl _X_RFD
                            271 	.globl _X_TIMIF
                            272 	.globl _X_DMAREQ
                            273 	.globl _X_DMAARM
                            274 	.globl _X_DMA0CFGH
                            275 	.globl _X_DMA0CFGL
                            276 	.globl _X_DMA1CFGH
                            277 	.globl _X_DMA1CFGL
                            278 	.globl _X_DMAIRQ
                            279 	.globl _X_T3CC1
                            280 	.globl _X_T3CCTL1
                            281 	.globl _X_T3CC0
                            282 	.globl _X_T3CCTL0
                            283 	.globl _X_T3CTL
                            284 	.globl _X_T3CNT
                            285 	.globl _X_WDCTL
                            286 	.globl _X_MEMCTR
                            287 	.globl _X_CLKCONCMD
                            288 	.globl _X_U0GCR
                            289 	.globl _X_U0UCR
                            290 	.globl _X_T2MSEL
                            291 	.globl _X_U0BAUD
                            292 	.globl _X_U0DBUF
                            293 	.globl _X_RFERRF
                            294 	.globl _X_SLEEPCMD
                            295 	.globl _X_RNDH
                            296 	.globl _X_RNDL
                            297 	.globl _X_ADCH
                            298 	.globl _X_ADCL
                            299 	.globl _X_ADCCON3
                            300 	.globl _X_ADCCON2
                            301 	.globl _X_ADCCON1
                            302 	.globl _X_ENCCS
                            303 	.globl _X_ENCDO
                            304 	.globl _X_ENCDI
                            305 	.globl _X_T1STAT
                            306 	.globl _X_PMUX
                            307 	.globl _X_STLOAD
                            308 	.globl _X_P2IEN
                            309 	.globl _X_P0IEN
                            310 	.globl _X_T2IRQM
                            311 	.globl _X_T2MOVF2
                            312 	.globl _X_T2MOVF1
                            313 	.globl _X_T2MOVF0
                            314 	.globl _X_T2M1
                            315 	.globl _X_T2M0
                            316 	.globl _X_T2IRQF
                            317 	.globl _X_P2
                            318 	.globl _X_PSBANK
                            319 	.globl _X_FMAP
                            320 	.globl _X_CLKCONSTA
                            321 	.globl _X_SLEEPSTA
                            322 	.globl _X_T2EVTCFG
                            323 	.globl _X_ST2
                            324 	.globl _X_ST1
                            325 	.globl _X_ST0
                            326 	.globl _X_T2CTRL
                            327 	.globl _X__XPAGE
                            328 	.globl _X_MPAGE
                            329 	.globl _X_RFIRQF1
                            330 	.globl _X_P1
                            331 	.globl _X_P0INP
                            332 	.globl _X_P1IEN
                            333 	.globl _X_PICTL
                            334 	.globl _X_P2IFG
                            335 	.globl _X_P1IFG
                            336 	.globl _X_P0IFG
                            337 	.globl _X_U0CSR
                            338 	.globl _X_P0
                            339 	.globl _USBF5
                            340 	.globl _USBF4
                            341 	.globl _USBF3
                            342 	.globl _USBF2
                            343 	.globl _USBF1
                            344 	.globl _USBF0
                            345 	.globl _USBCNTH
                            346 	.globl _USBCNTL
                            347 	.globl _USBCNT0
                            348 	.globl _USBCSOH
                            349 	.globl _USBCSOL
                            350 	.globl _USBMAXO
                            351 	.globl _USBCSIH
                            352 	.globl _USBCSIL
                            353 	.globl _USBCS0
                            354 	.globl _USBMAXI
                            355 	.globl _USBCTRL
                            356 	.globl _USBINDEX
                            357 	.globl _USBFRMH
                            358 	.globl _USBFRML
                            359 	.globl _USBCIE
                            360 	.globl _USBOIE
                            361 	.globl _USBIIE
                            362 	.globl _USBCIF
                            363 	.globl _USBOIF
                            364 	.globl _USBIIF
                            365 	.globl _USBPOW
                            366 	.globl _USBADDR
                            367 	.globl _CSPT
                            368 	.globl _CSPZ
                            369 	.globl _CSPY
                            370 	.globl _CSPX
                            371 	.globl _CSPSTAT
                            372 	.globl _CSPCTRL
                            373 	.globl _CSPPROG23
                            374 	.globl _CSPPROG22
                            375 	.globl _CSPPROG21
                            376 	.globl _CSPPROG20
                            377 	.globl _CSPPROG19
                            378 	.globl _CSPPROG18
                            379 	.globl _CSPPROG17
                            380 	.globl _CSPPROG16
                            381 	.globl _CSPPROG15
                            382 	.globl _CSPPROG14
                            383 	.globl _CSPPROG13
                            384 	.globl _CSPPROG12
                            385 	.globl _CSPPROG11
                            386 	.globl _CSPPROG10
                            387 	.globl _CSPPROG9
                            388 	.globl _CSPPROG8
                            389 	.globl _CSPPROG7
                            390 	.globl _CSPPROG6
                            391 	.globl _CSPPROG5
                            392 	.globl _CSPPROG4
                            393 	.globl _CSPPROG3
                            394 	.globl _CSPPROG2
                            395 	.globl _CSPPROG1
                            396 	.globl _CSPPROG0
                            397 	.globl _RFC_OBS_CTRL2
                            398 	.globl _RFC_OBS_CTRL1
                            399 	.globl _RFC_OBS_CTRL0
                            400 	.globl _TXFILTCFG
                            401 	.globl _PTEST1
                            402 	.globl _PTEST0
                            403 	.globl _ATEST
                            404 	.globl _DACTEST2
                            405 	.globl _DACTEST1
                            406 	.globl _DACTEST0
                            407 	.globl _MDMTEST1
                            408 	.globl _MDMTEST0
                            409 	.globl _ADCTEST2
                            410 	.globl _ADCTEST1
                            411 	.globl _ADCTEST0
                            412 	.globl _AGCCTRL3
                            413 	.globl _AGCCTRL2
                            414 	.globl _AGCCTRL1
                            415 	.globl _AGCCTRL0
                            416 	.globl _FSCAL3
                            417 	.globl _FSCAL2
                            418 	.globl _FSCAL1
                            419 	.globl _FSCAL0
                            420 	.globl _FSCTRL
                            421 	.globl _RXCTRL
                            422 	.globl _FREQEST
                            423 	.globl _MDMCTRL1
                            424 	.globl _MDMCTRL0
                            425 	.globl _RFRND
                            426 	.globl _RFERRM
                            427 	.globl _RFIRQM1
                            428 	.globl _RFIRQM0
                            429 	.globl _TXLAST_PTR
                            430 	.globl _TXFIRST_PTR
                            431 	.globl _RXP1_PTR
                            432 	.globl _RXLAST_PTR
                            433 	.globl _RXFIRST_PTR
                            434 	.globl _TXFIFOCNT
                            435 	.globl _RXFIFOCNT
                            436 	.globl _RXFIRST
                            437 	.globl _RSSISTAT
                            438 	.globl _RSSI
                            439 	.globl _CCACTRL1
                            440 	.globl _CCACTRL0
                            441 	.globl _FSMCTRL
                            442 	.globl _FIFOPCTRL
                            443 	.globl _FSMSTAT1
                            444 	.globl _FSMSTAT0
                            445 	.globl _TXCTRL
                            446 	.globl _TXPOWER
                            447 	.globl _FREQCTRL
                            448 	.globl _FREQTUNE
                            449 	.globl _RXMASKCLR
                            450 	.globl _RXMASKSET
                            451 	.globl _RXENABLE
                            452 	.globl _FRMCTRL1
                            453 	.globl _FRMCTRL0
                            454 	.globl _SRCEXTEN2
                            455 	.globl _SRCEXTEN1
                            456 	.globl _SRCEXTEN0
                            457 	.globl _SRCSHORTEN2
                            458 	.globl _SRCSHORTEN1
                            459 	.globl _SRCSHORTEN0
                            460 	.globl _SRCMATCH
                            461 	.globl _FRMFILT1
                            462 	.globl _FRMFILT0
                            463 	.globl _SHORT_ADDR1
                            464 	.globl _SHORT_ADDR0
                            465 	.globl _PAN_ID1
                            466 	.globl _PAN_ID0
                            467 	.globl _EXT_ADDR7
                            468 	.globl _EXT_ADDR6
                            469 	.globl _EXT_ADDR5
                            470 	.globl _EXT_ADDR4
                            471 	.globl _EXT_ADDR3
                            472 	.globl _EXT_ADDR2
                            473 	.globl _EXT_ADDR1
                            474 	.globl _EXT_ADDR0
                            475 	.globl _SRCSHORTPENDEN2
                            476 	.globl _SRCSHORTPENDEN1
                            477 	.globl _SRCSHORTPENDEN0
                            478 	.globl _SRCEXTPENDEN2
                            479 	.globl _SRCEXTPENDEN1
                            480 	.globl _SRCEXTPENDEN0
                            481 	.globl _SRCRESINDEX
                            482 	.globl _SRCRESMASK2
                            483 	.globl _SRCRESMASK1
                            484 	.globl _SRCRESMASK0
                            485 	.globl _SRC_ADDR_TABLE
                            486 	.globl _TXFIFO
                            487 	.globl _RXFIFO
                            488 	.globl _RFCORE_RAM
                            489 	.globl _CMPCTL
                            490 	.globl _OPAMPS
                            491 	.globl _OPAMPC
                            492 	.globl _STCV2
                            493 	.globl _STCV1
                            494 	.globl _STCV0
                            495 	.globl _STCS
                            496 	.globl _STCC
                            497 	.globl _T1CC4H
                            498 	.globl _T1CC4L
                            499 	.globl _T1CC3H
                            500 	.globl _T1CC3L
                            501 	.globl _XX_T1CC2H
                            502 	.globl _XX_T1CC2L
                            503 	.globl _XX_T1CC1H
                            504 	.globl _XX_T1CC1L
                            505 	.globl _XX_T1CC0H
                            506 	.globl _XX_T1CC0L
                            507 	.globl _T1CCTL4
                            508 	.globl _T1CCTL3
                            509 	.globl _XX_T1CCTL2
                            510 	.globl _XX_T1CCTL1
                            511 	.globl _XX_T1CCTL0
                            512 	.globl _CLD
                            513 	.globl _IRCTL
                            514 	.globl _CHIPINFO1
                            515 	.globl _CHIPINFO0
                            516 	.globl _FWDATA
                            517 	.globl _FADDRH
                            518 	.globl _FADDRL
                            519 	.globl _FCTL
                            520 	.globl _IVCTRL
                            521 	.globl _BATTMON
                            522 	.globl _SRCRC
                            523 	.globl _DBGDATA
                            524 	.globl _TESTREG0
                            525 	.globl _CHIPID
                            526 	.globl _CHVER
                            527 	.globl _OBSSEL5
                            528 	.globl _OBSSEL4
                            529 	.globl _OBSSEL3
                            530 	.globl _OBSSEL2
                            531 	.globl _OBSSEL1
                            532 	.globl _OBSSEL0
                            533 	.globl _I2CIO
                            534 	.globl _I2CWC
                            535 	.globl _I2CADDR
                            536 	.globl _I2CDATA
                            537 	.globl _I2CSTAT
                            538 	.globl _I2CCFG
                            539 	.globl _OPAMPMC
                            540 	.globl _MONMUX
                            541 	.globl _putstring
                            542 	.globl _puthex
                            543 	.globl _putbin
                            544 	.globl _putdec
                            545 ;--------------------------------------------------------
                            546 ; special function registers
                            547 ;--------------------------------------------------------
                            548 	.area RSEG    (ABS,DATA)
   0000                     549 	.org 0x0000
                    0080    550 _P0	=	0x0080
                    0081    551 _SP	=	0x0081
                    0082    552 _DPL0	=	0x0082
                    0083    553 _DPH0	=	0x0083
                    0084    554 _DPL1	=	0x0084
                    0085    555 _DPH1	=	0x0085
                    0087    556 _PCON	=	0x0087
                    0088    557 _TCON	=	0x0088
                    0090    558 _P1	=	0x0090
                    0092    559 _DPS	=	0x0092
                    0098    560 _S0CON	=	0x0098
                    009A    561 _IEN2	=	0x009a
                    009B    562 _S1CON	=	0x009b
                    00A0    563 _P2	=	0x00a0
                    00A8    564 _IEN0	=	0x00a8
                    00A9    565 _IP0	=	0x00a9
                    00B8    566 _IEN1	=	0x00b8
                    00B9    567 _IP1	=	0x00b9
                    00C0    568 _IRCON	=	0x00c0
                    00D0    569 _PSW	=	0x00d0
                    00E0    570 _ACC	=	0x00e0
                    00E8    571 _IRCON2	=	0x00e8
                    00F0    572 _B	=	0x00f0
                    00B4    573 _ADCCON1	=	0x00b4
                    00B5    574 _ADCCON2	=	0x00b5
                    00B6    575 _ADCCON3	=	0x00b6
                    00BA    576 _ADCL	=	0x00ba
                    00BB    577 _ADCH	=	0x00bb
                    00BC    578 _RNDL	=	0x00bc
                    00BD    579 _RNDH	=	0x00bd
                    00B1    580 _ENCDI	=	0x00b1
                    00B2    581 _ENCDO	=	0x00b2
                    00B3    582 _ENCCS	=	0x00b3
                    00D1    583 _DMAIRQ	=	0x00d1
                    00D2    584 _DMA1CFGL	=	0x00d2
                    00D3    585 _DMA1CFGH	=	0x00d3
                    00D4    586 _DMA0CFGL	=	0x00d4
                    00D5    587 _DMA0CFGH	=	0x00d5
                    00D6    588 _DMAARM	=	0x00d6
                    00D7    589 _DMAREQ	=	0x00d7
                    0089    590 _P0IFG	=	0x0089
                    008A    591 _P1IFG	=	0x008a
                    008B    592 _P2IFG	=	0x008b
                    008C    593 _PICTL	=	0x008c
                    00AB    594 _P0IEN	=	0x00ab
                    008D    595 _P1IEN	=	0x008d
                    00AC    596 _P2IEN	=	0x00ac
                    008F    597 _P0INP	=	0x008f
                    00F1    598 _PERCFG	=	0x00f1
                    00F2    599 _APCFG	=	0x00f2
                    00F3    600 _P0SEL	=	0x00f3
                    00F4    601 _P1SEL	=	0x00f4
                    00F5    602 _P2SEL	=	0x00f5
                    00F6    603 _P1INP	=	0x00f6
                    00F7    604 _P2INP	=	0x00f7
                    00FD    605 _P0DIR	=	0x00fd
                    00FE    606 _P1DIR	=	0x00fe
                    00FF    607 _P2DIR	=	0x00ff
                    00AE    608 _PMUX	=	0x00ae
                    0093    609 _MPAGE	=	0x0093
                    0093    610 __XPAGE	=	0x0093
                    00C7    611 _MEMCTR	=	0x00c7
                    009F    612 _FMAP	=	0x009f
                    009F    613 _PSBANK	=	0x009f
                    0091    614 _RFIRQF1	=	0x0091
                    00D9    615 _RFD	=	0x00d9
                    00E1    616 _RFST	=	0x00e1
                    00E9    617 _RFIRQF0	=	0x00e9
                    00BF    618 _RFERRF	=	0x00bf
                    0095    619 _ST0	=	0x0095
                    0096    620 _ST1	=	0x0096
                    0097    621 _ST2	=	0x0097
                    00AD    622 _STLOAD	=	0x00ad
                    00BE    623 _SLEEPCMD	=	0x00be
                    009D    624 _SLEEPSTA	=	0x009d
                    00C6    625 _CLKCONCMD	=	0x00c6
                    009E    626 _CLKCONSTA	=	0x009e
                    00DA    627 _T1CC0L	=	0x00da
                    00DB    628 _T1CC0H	=	0x00db
                    00DC    629 _T1CC1L	=	0x00dc
                    00DD    630 _T1CC1H	=	0x00dd
                    00DE    631 _T1CC2L	=	0x00de
                    00DF    632 _T1CC2H	=	0x00df
                    00E2    633 _T1CNTL	=	0x00e2
                    00E3    634 _T1CNTH	=	0x00e3
                    00E4    635 _T1CTL	=	0x00e4
                    00E5    636 _T1CCTL0	=	0x00e5
                    00E6    637 _T1CCTL1	=	0x00e6
                    00E7    638 _T1CCTL2	=	0x00e7
                    00AF    639 _T1STAT	=	0x00af
                    0094    640 _T2CTRL	=	0x0094
                    009C    641 _T2EVTCFG	=	0x009c
                    00A1    642 _T2IRQF	=	0x00a1
                    00A2    643 _T2M0	=	0x00a2
                    00A3    644 _T2M1	=	0x00a3
                    00A4    645 _T2MOVF0	=	0x00a4
                    00A5    646 _T2MOVF1	=	0x00a5
                    00A6    647 _T2MOVF2	=	0x00a6
                    00A7    648 _T2IRQM	=	0x00a7
                    00C3    649 _T2MSEL	=	0x00c3
                    00CA    650 _T3CNT	=	0x00ca
                    00CB    651 _T3CTL	=	0x00cb
                    00CC    652 _T3CCTL0	=	0x00cc
                    00CD    653 _T3CC0	=	0x00cd
                    00CE    654 _T3CCTL1	=	0x00ce
                    00CF    655 _T3CC1	=	0x00cf
                    00EA    656 _T4CNT	=	0x00ea
                    00EB    657 _T4CTL	=	0x00eb
                    00EC    658 _T4CCTL0	=	0x00ec
                    00ED    659 _T4CC0	=	0x00ed
                    00EE    660 _T4CCTL1	=	0x00ee
                    00EF    661 _T4CC1	=	0x00ef
                    00D8    662 _TIMIF	=	0x00d8
                    0086    663 _U0CSR	=	0x0086
                    00C1    664 _U0DBUF	=	0x00c1
                    00C2    665 _U0BAUD	=	0x00c2
                    00C4    666 _U0UCR	=	0x00c4
                    00C5    667 _U0GCR	=	0x00c5
                    00F8    668 _U1CSR	=	0x00f8
                    00F9    669 _U1DBUF	=	0x00f9
                    00FA    670 _U1BAUD	=	0x00fa
                    00FB    671 _U1UCR	=	0x00fb
                    00FC    672 _U1GCR	=	0x00fc
                    00C9    673 _WDCTL	=	0x00c9
                            674 ;--------------------------------------------------------
                            675 ; special function bits
                            676 ;--------------------------------------------------------
                            677 	.area RSEG    (ABS,DATA)
   0000                     678 	.org 0x0000
                    0087    679 _P0_7	=	0x0087
                    0086    680 _P0_6	=	0x0086
                    0085    681 _P0_5	=	0x0085
                    0084    682 _P0_4	=	0x0084
                    0083    683 _P0_3	=	0x0083
                    0082    684 _P0_2	=	0x0082
                    0081    685 _P0_1	=	0x0081
                    0080    686 _P0_0	=	0x0080
                    008F    687 _URX1IF	=	0x008f
                    008D    688 _ADCIF	=	0x008d
                    008B    689 _URX0IF	=	0x008b
                    008A    690 _IT1	=	0x008a
                    0089    691 _RFERRIF	=	0x0089
                    0088    692 _IT0	=	0x0088
                    0097    693 _P1_7	=	0x0097
                    0096    694 _P1_6	=	0x0096
                    0095    695 _P1_5	=	0x0095
                    0094    696 _P1_4	=	0x0094
                    0093    697 _P1_3	=	0x0093
                    0092    698 _P1_2	=	0x0092
                    0091    699 _P1_1	=	0x0091
                    0090    700 _P1_0	=	0x0090
                    0099    701 _ENCIF_1	=	0x0099
                    0098    702 _ENCIF_0	=	0x0098
                    00A7    703 _P2_7	=	0x00a7
                    00A6    704 _P2_6	=	0x00a6
                    00A5    705 _P2_5	=	0x00a5
                    00A4    706 _P2_4	=	0x00a4
                    00A3    707 _P2_3	=	0x00a3
                    00A2    708 _P2_2	=	0x00a2
                    00A1    709 _P2_1	=	0x00a1
                    00A0    710 _P2_0	=	0x00a0
                    00AF    711 _EA	=	0x00af
                    00AD    712 _STIE	=	0x00ad
                    00AC    713 _ENCIE	=	0x00ac
                    00AB    714 _URX1IE	=	0x00ab
                    00AA    715 _URX0IE	=	0x00aa
                    00A9    716 _ADCIE	=	0x00a9
                    00A8    717 _RFERRIE	=	0x00a8
                    00BD    718 _P0IE	=	0x00bd
                    00BC    719 _T4IE	=	0x00bc
                    00BB    720 _T3IE	=	0x00bb
                    00BA    721 _T2IE	=	0x00ba
                    00B9    722 _T1IE	=	0x00b9
                    00B8    723 _DMAIE	=	0x00b8
                    00C7    724 _STIF	=	0x00c7
                    00C5    725 _P0IF	=	0x00c5
                    00C4    726 _T4IF	=	0x00c4
                    00C3    727 _T3IF	=	0x00c3
                    00C2    728 _T2IF	=	0x00c2
                    00C1    729 _T1IF	=	0x00c1
                    00C0    730 _DMAIF	=	0x00c0
                    00D7    731 _CY	=	0x00d7
                    00D6    732 _AC	=	0x00d6
                    00D5    733 _F0	=	0x00d5
                    00D4    734 _RS1	=	0x00d4
                    00D3    735 _RS0	=	0x00d3
                    00D2    736 _OV	=	0x00d2
                    00D1    737 _F1	=	0x00d1
                    00D0    738 _P	=	0x00d0
                    00E7    739 _ACC_7	=	0x00e7
                    00E6    740 _ACC_6	=	0x00e6
                    00E5    741 _ACC_5	=	0x00e5
                    00E4    742 _ACC_4	=	0x00e4
                    00E3    743 _ACC_3	=	0x00e3
                    00E2    744 _ACC_2	=	0x00e2
                    00E1    745 _ACC_1	=	0x00e1
                    00E0    746 _ACC_0	=	0x00e0
                    00EC    747 _WDTIF	=	0x00ec
                    00EB    748 _P1IF	=	0x00eb
                    00EA    749 _UTX1IF	=	0x00ea
                    00E9    750 _UTX0IF	=	0x00e9
                    00E8    751 _P2IF	=	0x00e8
                    00F7    752 _B_7	=	0x00f7
                    00F6    753 _B_6	=	0x00f6
                    00F5    754 _B_5	=	0x00f5
                    00F4    755 _B_4	=	0x00f4
                    00F3    756 _B_3	=	0x00f3
                    00F2    757 _B_2	=	0x00f2
                    00F1    758 _B_1	=	0x00f1
                    00F0    759 _B_0	=	0x00f0
                    00DE    760 _OVFIM	=	0x00de
                    00DD    761 _T4CH1IF	=	0x00dd
                    00DC    762 _T4CH0IF	=	0x00dc
                    00DB    763 _T4OVFIF	=	0x00db
                    00DA    764 _T3CH1IF	=	0x00da
                    00D9    765 _T3CH0IF	=	0x00d9
                    00D8    766 _T3OVFIF	=	0x00d8
                    00FF    767 _MODE	=	0x00ff
                    00FE    768 _RE	=	0x00fe
                    00FD    769 _SLAVE	=	0x00fd
                    00FC    770 _FE	=	0x00fc
                    00FB    771 _ERR	=	0x00fb
                    00FA    772 _RX_BYTE	=	0x00fa
                    00F9    773 _TX_BYTE	=	0x00f9
                    00F8    774 _ACTIVE	=	0x00f8
                            775 ;--------------------------------------------------------
                            776 ; overlayable register banks
                            777 ;--------------------------------------------------------
                            778 	.area REG_BANK_0	(REL,OVR,DATA)
   0000                     779 	.ds 8
                            780 ;--------------------------------------------------------
                            781 ; internal ram data
                            782 ;--------------------------------------------------------
                            783 	.area DSEG    (DATA)
                            784 ;--------------------------------------------------------
                            785 ; overlayable items in internal ram 
                            786 ;--------------------------------------------------------
                            787 	.area OSEG    (OVR,DATA)
                            788 ;--------------------------------------------------------
                            789 ; indirectly addressable internal ram data
                            790 ;--------------------------------------------------------
                            791 	.area ISEG    (DATA)
                            792 ;--------------------------------------------------------
                            793 ; absolute internal ram data
                            794 ;--------------------------------------------------------
                            795 	.area IABS    (ABS,DATA)
                            796 	.area IABS    (ABS,DATA)
                            797 ;--------------------------------------------------------
                            798 ; bit data
                            799 ;--------------------------------------------------------
                            800 	.area BSEG    (BIT)
                            801 ;--------------------------------------------------------
                            802 ; paged external ram data
                            803 ;--------------------------------------------------------
                            804 	.area PSEG    (PAG,XDATA)
                            805 ;--------------------------------------------------------
                            806 ; external ram data
                            807 ;--------------------------------------------------------
                            808 	.area XSEG    (XDATA)
                    61A6    809 _MONMUX	=	0x61a6
                    61A6    810 _OPAMPMC	=	0x61a6
                    6230    811 _I2CCFG	=	0x6230
                    6231    812 _I2CSTAT	=	0x6231
                    6232    813 _I2CDATA	=	0x6232
                    6233    814 _I2CADDR	=	0x6233
                    6234    815 _I2CWC	=	0x6234
                    6235    816 _I2CIO	=	0x6235
                    6243    817 _OBSSEL0	=	0x6243
                    6244    818 _OBSSEL1	=	0x6244
                    6245    819 _OBSSEL2	=	0x6245
                    6246    820 _OBSSEL3	=	0x6246
                    6247    821 _OBSSEL4	=	0x6247
                    6248    822 _OBSSEL5	=	0x6248
                    6249    823 _CHVER	=	0x6249
                    624A    824 _CHIPID	=	0x624a
                    624B    825 _TESTREG0	=	0x624b
                    6260    826 _DBGDATA	=	0x6260
                    6262    827 _SRCRC	=	0x6262
                    6264    828 _BATTMON	=	0x6264
                    6265    829 _IVCTRL	=	0x6265
                    6270    830 _FCTL	=	0x6270
                    6271    831 _FADDRL	=	0x6271
                    6272    832 _FADDRH	=	0x6272
                    6273    833 _FWDATA	=	0x6273
                    6276    834 _CHIPINFO0	=	0x6276
                    6277    835 _CHIPINFO1	=	0x6277
                    6281    836 _IRCTL	=	0x6281
                    6290    837 _CLD	=	0x6290
                    62A0    838 _XX_T1CCTL0	=	0x62a0
                    62A1    839 _XX_T1CCTL1	=	0x62a1
                    62A2    840 _XX_T1CCTL2	=	0x62a2
                    62A3    841 _T1CCTL3	=	0x62a3
                    62A4    842 _T1CCTL4	=	0x62a4
                    62A6    843 _XX_T1CC0L	=	0x62a6
                    62A7    844 _XX_T1CC0H	=	0x62a7
                    62A8    845 _XX_T1CC1L	=	0x62a8
                    62A9    846 _XX_T1CC1H	=	0x62a9
                    62AA    847 _XX_T1CC2L	=	0x62aa
                    62AB    848 _XX_T1CC2H	=	0x62ab
                    62AC    849 _T1CC3L	=	0x62ac
                    62AD    850 _T1CC3H	=	0x62ad
                    62AE    851 _T1CC4L	=	0x62ae
                    62AF    852 _T1CC4H	=	0x62af
                    62B0    853 _STCC	=	0x62b0
                    62B1    854 _STCS	=	0x62b1
                    62B2    855 _STCV0	=	0x62b2
                    62B3    856 _STCV1	=	0x62b3
                    62B4    857 _STCV2	=	0x62b4
                    62C0    858 _OPAMPC	=	0x62c0
                    62C1    859 _OPAMPS	=	0x62c1
                    62D0    860 _CMPCTL	=	0x62d0
                    6000    861 _RFCORE_RAM	=	0x6000
                    6000    862 _RXFIFO	=	0x6000
                    6080    863 _TXFIFO	=	0x6080
                    6100    864 _SRC_ADDR_TABLE	=	0x6100
                    6160    865 _SRCRESMASK0	=	0x6160
                    6161    866 _SRCRESMASK1	=	0x6161
                    6162    867 _SRCRESMASK2	=	0x6162
                    6163    868 _SRCRESINDEX	=	0x6163
                    6164    869 _SRCEXTPENDEN0	=	0x6164
                    6165    870 _SRCEXTPENDEN1	=	0x6165
                    6166    871 _SRCEXTPENDEN2	=	0x6166
                    6167    872 _SRCSHORTPENDEN0	=	0x6167
                    6168    873 _SRCSHORTPENDEN1	=	0x6168
                    6169    874 _SRCSHORTPENDEN2	=	0x6169
                    616A    875 _EXT_ADDR0	=	0x616a
                    616B    876 _EXT_ADDR1	=	0x616b
                    616C    877 _EXT_ADDR2	=	0x616c
                    616D    878 _EXT_ADDR3	=	0x616d
                    616E    879 _EXT_ADDR4	=	0x616e
                    616F    880 _EXT_ADDR5	=	0x616f
                    6170    881 _EXT_ADDR6	=	0x6170
                    6171    882 _EXT_ADDR7	=	0x6171
                    6172    883 _PAN_ID0	=	0x6172
                    6173    884 _PAN_ID1	=	0x6173
                    6174    885 _SHORT_ADDR0	=	0x6174
                    6175    886 _SHORT_ADDR1	=	0x6175
                    6180    887 _FRMFILT0	=	0x6180
                    6181    888 _FRMFILT1	=	0x6181
                    6182    889 _SRCMATCH	=	0x6182
                    6183    890 _SRCSHORTEN0	=	0x6183
                    6184    891 _SRCSHORTEN1	=	0x6184
                    6185    892 _SRCSHORTEN2	=	0x6185
                    6186    893 _SRCEXTEN0	=	0x6186
                    6187    894 _SRCEXTEN1	=	0x6187
                    6188    895 _SRCEXTEN2	=	0x6188
                    6189    896 _FRMCTRL0	=	0x6189
                    618A    897 _FRMCTRL1	=	0x618a
                    618B    898 _RXENABLE	=	0x618b
                    618C    899 _RXMASKSET	=	0x618c
                    618D    900 _RXMASKCLR	=	0x618d
                    618E    901 _FREQTUNE	=	0x618e
                    618F    902 _FREQCTRL	=	0x618f
                    6190    903 _TXPOWER	=	0x6190
                    6191    904 _TXCTRL	=	0x6191
                    6192    905 _FSMSTAT0	=	0x6192
                    6193    906 _FSMSTAT1	=	0x6193
                    6194    907 _FIFOPCTRL	=	0x6194
                    6195    908 _FSMCTRL	=	0x6195
                    6196    909 _CCACTRL0	=	0x6196
                    6197    910 _CCACTRL1	=	0x6197
                    6198    911 _RSSI	=	0x6198
                    6199    912 _RSSISTAT	=	0x6199
                    619A    913 _RXFIRST	=	0x619a
                    619B    914 _RXFIFOCNT	=	0x619b
                    619C    915 _TXFIFOCNT	=	0x619c
                    619D    916 _RXFIRST_PTR	=	0x619d
                    619E    917 _RXLAST_PTR	=	0x619e
                    619F    918 _RXP1_PTR	=	0x619f
                    61A1    919 _TXFIRST_PTR	=	0x61a1
                    61A2    920 _TXLAST_PTR	=	0x61a2
                    61A3    921 _RFIRQM0	=	0x61a3
                    61A4    922 _RFIRQM1	=	0x61a4
                    61A5    923 _RFERRM	=	0x61a5
                    61A7    924 _RFRND	=	0x61a7
                    61A8    925 _MDMCTRL0	=	0x61a8
                    61A9    926 _MDMCTRL1	=	0x61a9
                    61AA    927 _FREQEST	=	0x61aa
                    61AB    928 _RXCTRL	=	0x61ab
                    61AC    929 _FSCTRL	=	0x61ac
                    61AD    930 _FSCAL0	=	0x61ad
                    61AE    931 _FSCAL1	=	0x61ae
                    61AF    932 _FSCAL2	=	0x61af
                    61B0    933 _FSCAL3	=	0x61b0
                    61B1    934 _AGCCTRL0	=	0x61b1
                    61B2    935 _AGCCTRL1	=	0x61b2
                    61B3    936 _AGCCTRL2	=	0x61b3
                    61B4    937 _AGCCTRL3	=	0x61b4
                    61B5    938 _ADCTEST0	=	0x61b5
                    61B6    939 _ADCTEST1	=	0x61b6
                    61B7    940 _ADCTEST2	=	0x61b7
                    61B8    941 _MDMTEST0	=	0x61b8
                    61B9    942 _MDMTEST1	=	0x61b9
                    61BA    943 _DACTEST0	=	0x61ba
                    61BB    944 _DACTEST1	=	0x61bb
                    61BC    945 _DACTEST2	=	0x61bc
                    61BD    946 _ATEST	=	0x61bd
                    61BE    947 _PTEST0	=	0x61be
                    61BF    948 _PTEST1	=	0x61bf
                    61FA    949 _TXFILTCFG	=	0x61fa
                    61EB    950 _RFC_OBS_CTRL0	=	0x61eb
                    61EC    951 _RFC_OBS_CTRL1	=	0x61ec
                    61ED    952 _RFC_OBS_CTRL2	=	0x61ed
                    61C0    953 _CSPPROG0	=	0x61c0
                    61C1    954 _CSPPROG1	=	0x61c1
                    61C2    955 _CSPPROG2	=	0x61c2
                    61C3    956 _CSPPROG3	=	0x61c3
                    61C4    957 _CSPPROG4	=	0x61c4
                    61C5    958 _CSPPROG5	=	0x61c5
                    61C6    959 _CSPPROG6	=	0x61c6
                    61C7    960 _CSPPROG7	=	0x61c7
                    61C8    961 _CSPPROG8	=	0x61c8
                    61C9    962 _CSPPROG9	=	0x61c9
                    61CA    963 _CSPPROG10	=	0x61ca
                    61CB    964 _CSPPROG11	=	0x61cb
                    61CC    965 _CSPPROG12	=	0x61cc
                    61CD    966 _CSPPROG13	=	0x61cd
                    61CE    967 _CSPPROG14	=	0x61ce
                    61CF    968 _CSPPROG15	=	0x61cf
                    61D0    969 _CSPPROG16	=	0x61d0
                    61D1    970 _CSPPROG17	=	0x61d1
                    61D2    971 _CSPPROG18	=	0x61d2
                    61D3    972 _CSPPROG19	=	0x61d3
                    61D4    973 _CSPPROG20	=	0x61d4
                    61D5    974 _CSPPROG21	=	0x61d5
                    61D6    975 _CSPPROG22	=	0x61d6
                    61D7    976 _CSPPROG23	=	0x61d7
                    61E0    977 _CSPCTRL	=	0x61e0
                    61E1    978 _CSPSTAT	=	0x61e1
                    61E2    979 _CSPX	=	0x61e2
                    61E3    980 _CSPY	=	0x61e3
                    61E4    981 _CSPZ	=	0x61e4
                    61E5    982 _CSPT	=	0x61e5
                    6200    983 _USBADDR	=	0x6200
                    6201    984 _USBPOW	=	0x6201
                    6202    985 _USBIIF	=	0x6202
                    6204    986 _USBOIF	=	0x6204
                    6206    987 _USBCIF	=	0x6206
                    6207    988 _USBIIE	=	0x6207
                    6209    989 _USBOIE	=	0x6209
                    620B    990 _USBCIE	=	0x620b
                    620C    991 _USBFRML	=	0x620c
                    620D    992 _USBFRMH	=	0x620d
                    620E    993 _USBINDEX	=	0x620e
                    620F    994 _USBCTRL	=	0x620f
                    6210    995 _USBMAXI	=	0x6210
                    6211    996 _USBCS0	=	0x6211
                    6211    997 _USBCSIL	=	0x6211
                    6212    998 _USBCSIH	=	0x6212
                    6213    999 _USBMAXO	=	0x6213
                    6214   1000 _USBCSOL	=	0x6214
                    6215   1001 _USBCSOH	=	0x6215
                    6216   1002 _USBCNT0	=	0x6216
                    6216   1003 _USBCNTL	=	0x6216
                    6217   1004 _USBCNTH	=	0x6217
                    6220   1005 _USBF0	=	0x6220
                    6222   1006 _USBF1	=	0x6222
                    6224   1007 _USBF2	=	0x6224
                    6226   1008 _USBF3	=	0x6226
                    6228   1009 _USBF4	=	0x6228
                    622A   1010 _USBF5	=	0x622a
                    7080   1011 _X_P0	=	0x7080
                    7086   1012 _X_U0CSR	=	0x7086
                    7089   1013 _X_P0IFG	=	0x7089
                    708A   1014 _X_P1IFG	=	0x708a
                    708B   1015 _X_P2IFG	=	0x708b
                    708C   1016 _X_PICTL	=	0x708c
                    708D   1017 _X_P1IEN	=	0x708d
                    708F   1018 _X_P0INP	=	0x708f
                    7090   1019 _X_P1	=	0x7090
                    7091   1020 _X_RFIRQF1	=	0x7091
                    7093   1021 _X_MPAGE	=	0x7093
                    7093   1022 _X__XPAGE	=	0x7093
                    7094   1023 _X_T2CTRL	=	0x7094
                    7095   1024 _X_ST0	=	0x7095
                    7096   1025 _X_ST1	=	0x7096
                    7097   1026 _X_ST2	=	0x7097
                    709C   1027 _X_T2EVTCFG	=	0x709c
                    709D   1028 _X_SLEEPSTA	=	0x709d
                    709E   1029 _X_CLKCONSTA	=	0x709e
                    709F   1030 _X_FMAP	=	0x709f
                    709F   1031 _X_PSBANK	=	0x709f
                    70A0   1032 _X_P2	=	0x70a0
                    70A1   1033 _X_T2IRQF	=	0x70a1
                    70A2   1034 _X_T2M0	=	0x70a2
                    70A3   1035 _X_T2M1	=	0x70a3
                    70A4   1036 _X_T2MOVF0	=	0x70a4
                    70A5   1037 _X_T2MOVF1	=	0x70a5
                    70A6   1038 _X_T2MOVF2	=	0x70a6
                    70A7   1039 _X_T2IRQM	=	0x70a7
                    70AB   1040 _X_P0IEN	=	0x70ab
                    70AC   1041 _X_P2IEN	=	0x70ac
                    70AD   1042 _X_STLOAD	=	0x70ad
                    70AE   1043 _X_PMUX	=	0x70ae
                    70AF   1044 _X_T1STAT	=	0x70af
                    70B1   1045 _X_ENCDI	=	0x70b1
                    70B2   1046 _X_ENCDO	=	0x70b2
                    70B3   1047 _X_ENCCS	=	0x70b3
                    70B4   1048 _X_ADCCON1	=	0x70b4
                    70B5   1049 _X_ADCCON2	=	0x70b5
                    70B6   1050 _X_ADCCON3	=	0x70b6
                    70BA   1051 _X_ADCL	=	0x70ba
                    70BB   1052 _X_ADCH	=	0x70bb
                    70BC   1053 _X_RNDL	=	0x70bc
                    70BD   1054 _X_RNDH	=	0x70bd
                    70BE   1055 _X_SLEEPCMD	=	0x70be
                    70BF   1056 _X_RFERRF	=	0x70bf
                    70C1   1057 _X_U0DBUF	=	0x70c1
                    70C2   1058 _X_U0BAUD	=	0x70c2
                    70C3   1059 _X_T2MSEL	=	0x70c3
                    70C4   1060 _X_U0UCR	=	0x70c4
                    70C5   1061 _X_U0GCR	=	0x70c5
                    70C6   1062 _X_CLKCONCMD	=	0x70c6
                    70C7   1063 _X_MEMCTR	=	0x70c7
                    70C9   1064 _X_WDCTL	=	0x70c9
                    70CA   1065 _X_T3CNT	=	0x70ca
                    70CB   1066 _X_T3CTL	=	0x70cb
                    70CC   1067 _X_T3CCTL0	=	0x70cc
                    70CD   1068 _X_T3CC0	=	0x70cd
                    70CE   1069 _X_T3CCTL1	=	0x70ce
                    70CF   1070 _X_T3CC1	=	0x70cf
                    70D1   1071 _X_DMAIRQ	=	0x70d1
                    70D2   1072 _X_DMA1CFGL	=	0x70d2
                    70D3   1073 _X_DMA1CFGH	=	0x70d3
                    70D4   1074 _X_DMA0CFGL	=	0x70d4
                    70D5   1075 _X_DMA0CFGH	=	0x70d5
                    70D6   1076 _X_DMAARM	=	0x70d6
                    70D7   1077 _X_DMAREQ	=	0x70d7
                    70D8   1078 _X_TIMIF	=	0x70d8
                    70D9   1079 _X_RFD	=	0x70d9
                    70DA   1080 _X_T1CC0L	=	0x70da
                    70DB   1081 _X_T1CC0H	=	0x70db
                    70DC   1082 _X_T1CC1L	=	0x70dc
                    70DD   1083 _X_T1CC1H	=	0x70dd
                    70DE   1084 _X_T1CC2L	=	0x70de
                    70DF   1085 _X_T1CC2H	=	0x70df
                    70E1   1086 _X_RFST	=	0x70e1
                    70E2   1087 _X_T1CNTL	=	0x70e2
                    70E3   1088 _X_T1CNTH	=	0x70e3
                    70E4   1089 _X_T1CTL	=	0x70e4
                    70E5   1090 _X_T1CCTL0	=	0x70e5
                    70E6   1091 _X_T1CCTL1	=	0x70e6
                    70E7   1092 _X_T1CCTL2	=	0x70e7
                    70E9   1093 _X_RFIRQF0	=	0x70e9
                    70EA   1094 _X_T4CNT	=	0x70ea
                    70EB   1095 _X_T4CTL	=	0x70eb
                    70EC   1096 _X_T4CCTL0	=	0x70ec
                    70ED   1097 _X_T4CC0	=	0x70ed
                    70EE   1098 _X_T4CCTL1	=	0x70ee
                    70EF   1099 _X_T4CC1	=	0x70ef
                    70F1   1100 _X_PERCFG	=	0x70f1
                    70F2   1101 _X_APCFG	=	0x70f2
                    70F3   1102 _X_P0SEL	=	0x70f3
                    70F4   1103 _X_P1SEL	=	0x70f4
                    70F5   1104 _X_P2SEL	=	0x70f5
                    70F6   1105 _X_P1INP	=	0x70f6
                    70F7   1106 _X_P2INP	=	0x70f7
                    70F8   1107 _X_U1CSR	=	0x70f8
                    70F9   1108 _X_U1DBUF	=	0x70f9
                    70FA   1109 _X_U1BAUD	=	0x70fa
                    70FB   1110 _X_U1UCR	=	0x70fb
                    70FC   1111 _X_U1GCR	=	0x70fc
                    70FD   1112 _X_P0DIR	=	0x70fd
                    70FE   1113 _X_P1DIR	=	0x70fe
                    70FF   1114 _X_P2DIR	=	0x70ff
                    7800   1115 _X_INFOPAGE	=	0x7800
                    780C   1116 _X_IEEE_ADDR	=	0x780c
                           1117 ;--------------------------------------------------------
                           1118 ; absolute external ram data
                           1119 ;--------------------------------------------------------
                           1120 	.area XABS    (ABS,XDATA)
                           1121 ;--------------------------------------------------------
                           1122 ; external initialized ram data
                           1123 ;--------------------------------------------------------
                           1124 	.area XISEG   (XDATA)
                           1125 	.area HOME    (CODE)
                           1126 	.area GSINIT0 (CODE)
                           1127 	.area GSINIT1 (CODE)
                           1128 	.area GSINIT2 (CODE)
                           1129 	.area GSINIT3 (CODE)
                           1130 	.area GSINIT4 (CODE)
                           1131 	.area GSINIT5 (CODE)
                           1132 	.area GSINIT  (CODE)
                           1133 	.area GSFINAL (CODE)
                           1134 	.area CSEG    (CODE)
                           1135 ;--------------------------------------------------------
                           1136 ; global & static initialisations
                           1137 ;--------------------------------------------------------
                           1138 	.area HOME    (CODE)
                           1139 	.area GSINIT  (CODE)
                           1140 	.area GSFINAL (CODE)
                           1141 	.area GSINIT  (CODE)
                           1142 ;--------------------------------------------------------
                           1143 ; Home
                           1144 ;--------------------------------------------------------
                           1145 	.area HOME    (CODE)
                           1146 	.area HOME    (CODE)
                           1147 ;--------------------------------------------------------
                           1148 ; code
                           1149 ;--------------------------------------------------------
                           1150 	.area BANK1   (CODE)
                           1151 ;------------------------------------------------------------
                           1152 ;Allocation info for local variables in function 'putstring'
                           1153 ;------------------------------------------------------------
                           1154 ;s                         Allocated to registers 
                           1155 ;------------------------------------------------------------
                           1156 ;	../../../contiki-sensinode//platform/cc2530dk/./debug.c:19: putstring(char *s)
                           1157 ;	-----------------------------------------
                           1158 ;	 function putstring
                           1159 ;	-----------------------------------------
   0000                    1160 _putstring:
                    0007   1161 	ar7 = 0x07
                    0006   1162 	ar6 = 0x06
                    0005   1163 	ar5 = 0x05
                    0004   1164 	ar4 = 0x04
                    0003   1165 	ar3 = 0x03
                    0002   1166 	ar2 = 0x02
                    0001   1167 	ar1 = 0x01
                    0000   1168 	ar0 = 0x00
   0000 AD 82              1169 	mov	r5,dpl
   0002 AE 83              1170 	mov	r6,dph
   0004 AF F0              1171 	mov	r7,b
                           1172 ;	../../../contiki-sensinode//platform/cc2530dk/./debug.c:21: while(*s) {
   0006                    1173 00101$:
   0006 8D 82              1174 	mov	dpl,r5
   0008 8E 83              1175 	mov	dph,r6
   000A 8F F0              1176 	mov	b,r7
   000C 12s00r00           1177 	lcall	__gptrget
   000F FC                 1178 	mov	r4,a
   0010 60 1E              1179 	jz	00104$
                           1180 ;	../../../contiki-sensinode//platform/cc2530dk/./debug.c:22: putchar(*s++);
   0012 0D                 1181 	inc	r5
   0013 BD 00 01           1182 	cjne	r5,#0x00,00112$
   0016 0E                 1183 	inc	r6
   0017                    1184 00112$:
   0017 8C 82              1185 	mov	dpl,r4
   0019 C0 07              1186 	push	ar7
   001B C0 06              1187 	push	ar6
   001D C0 05              1188 	push	ar5
   001F 78r00              1189 	mov	r0,#_putchar
   0021 79s00              1190 	mov	r1,#(_putchar >> 8)
   0023 7As00              1191 	mov	r2,#(_putchar >> 16)
   0025 12s00r00           1192 	lcall	__sdcc_banked_call
   0028 D0 05              1193 	pop	ar5
   002A D0 06              1194 	pop	ar6
   002C D0 07              1195 	pop	ar7
   002E 80 D6              1196 	sjmp	00101$
   0030                    1197 00104$:
   0030 02s00r00           1198 	ljmp	__sdcc_banked_ret
                           1199 ;------------------------------------------------------------
                           1200 ;Allocation info for local variables in function 'puthex'
                           1201 ;------------------------------------------------------------
                           1202 ;c                         Allocated to registers r7 
                           1203 ;------------------------------------------------------------
                           1204 ;	../../../contiki-sensinode//platform/cc2530dk/./debug.c:27: puthex(uint8_t c)
                           1205 ;	-----------------------------------------
                           1206 ;	 function puthex
                           1207 ;	-----------------------------------------
   0033                    1208 _puthex:
                           1209 ;	../../../contiki-sensinode//platform/cc2530dk/./debug.c:29: putchar(hexconv[c >> 4]);
   0033 E5 82              1210 	mov	a,dpl
   0035 FF                 1211 	mov	r7,a
   0036 C4                 1212 	swap	a
   0037 54 0F              1213 	anl	a,#0x0F
   0039 90s00r00           1214 	mov	dptr,#_hexconv
   003C 93                 1215 	movc	a,@a+dptr
   003D F5 82              1216 	mov	dpl,a
   003F C0 07              1217 	push	ar7
   0041 78r00              1218 	mov	r0,#_putchar
   0043 79s00              1219 	mov	r1,#(_putchar >> 8)
   0045 7As00              1220 	mov	r2,#(_putchar >> 16)
   0047 12s00r00           1221 	lcall	__sdcc_banked_call
   004A D0 07              1222 	pop	ar7
                           1223 ;	../../../contiki-sensinode//platform/cc2530dk/./debug.c:30: putchar(hexconv[c & 0x0f]);
   004C 74 0F              1224 	mov	a,#0x0F
   004E 5F                 1225 	anl	a,r7
   004F 90s00r00           1226 	mov	dptr,#_hexconv
   0052 93                 1227 	movc	a,@a+dptr
   0053 F5 82              1228 	mov	dpl,a
   0055 78r00              1229 	mov	r0,#_putchar
   0057 79s00              1230 	mov	r1,#(_putchar >> 8)
   0059 7As00              1231 	mov	r2,#(_putchar >> 16)
   005B 12s00r00           1232 	lcall	__sdcc_banked_call
   005E 02s00r00           1233 	ljmp	__sdcc_banked_ret
                           1234 ;------------------------------------------------------------
                           1235 ;Allocation info for local variables in function 'putbin'
                           1236 ;------------------------------------------------------------
                           1237 ;c                         Allocated to registers r7 
                           1238 ;i                         Allocated to registers r6 
                           1239 ;------------------------------------------------------------
                           1240 ;	../../../contiki-sensinode//platform/cc2530dk/./debug.c:34: putbin(uint8_t c)
                           1241 ;	-----------------------------------------
                           1242 ;	 function putbin
                           1243 ;	-----------------------------------------
   0061                    1244 _putbin:
   0061 AF 82              1245 	mov	r7,dpl
                           1246 ;	../../../contiki-sensinode//platform/cc2530dk/./debug.c:36: unsigned char i = 0x80;
   0063 7E 80              1247 	mov	r6,#0x80
                           1248 ;	../../../contiki-sensinode//platform/cc2530dk/./debug.c:37: while(i) {
   0065                    1249 00101$:
   0065 EE                 1250 	mov	a,r6
   0066 60 2B              1251 	jz	00104$
                           1252 ;	../../../contiki-sensinode//platform/cc2530dk/./debug.c:38: putchar(binconv[(c & i) != 0]);
   0068 EE                 1253 	mov	a,r6
   0069 5F                 1254 	anl	a,r7
   006A FD                 1255 	mov	r5,a
   006B E4                 1256 	clr	a
   006C BD 00 01           1257 	cjne	r5,#0x00,00111$
   006F 04                 1258 	inc	a
   0070                    1259 00111$:
   0070 FD                 1260 	mov	r5,a
   0071 B4 01 00           1261 	cjne	a,#0x01,00113$
   0074                    1262 00113$:
   0074 E4                 1263 	clr	a
   0075 33                 1264 	rlc	a
   0076 90s00r11           1265 	mov	dptr,#_binconv
   0079 93                 1266 	movc	a,@a+dptr
   007A F5 82              1267 	mov	dpl,a
   007C C0 07              1268 	push	ar7
   007E C0 06              1269 	push	ar6
   0080 78r00              1270 	mov	r0,#_putchar
   0082 79s00              1271 	mov	r1,#(_putchar >> 8)
   0084 7As00              1272 	mov	r2,#(_putchar >> 16)
   0086 12s00r00           1273 	lcall	__sdcc_banked_call
   0089 D0 06              1274 	pop	ar6
   008B D0 07              1275 	pop	ar7
                           1276 ;	../../../contiki-sensinode//platform/cc2530dk/./debug.c:39: i >>= 1;
   008D EE                 1277 	mov	a,r6
   008E C3                 1278 	clr	c
   008F 13                 1279 	rrc	a
   0090 FE                 1280 	mov	r6,a
   0091 80 D2              1281 	sjmp	00101$
   0093                    1282 00104$:
   0093 02s00r00           1283 	ljmp	__sdcc_banked_ret
                           1284 ;------------------------------------------------------------
                           1285 ;Allocation info for local variables in function 'putdec'
                           1286 ;------------------------------------------------------------
                           1287 ;c                         Allocated to registers r7 
                           1288 ;div                       Allocated to registers r5 
                           1289 ;hassent                   Allocated to registers r6 
                           1290 ;disp                      Allocated to registers r4 
                           1291 ;------------------------------------------------------------
                           1292 ;	../../../contiki-sensinode//platform/cc2530dk/./debug.c:44: putdec(uint8_t c)
                           1293 ;	-----------------------------------------
                           1294 ;	 function putdec
                           1295 ;	-----------------------------------------
   0096                    1296 _putdec:
   0096 AF 82              1297 	mov	r7,dpl
                           1298 ;	../../../contiki-sensinode//platform/cc2530dk/./debug.c:47: uint8_t hassent = 0;
   0098 7E 00              1299 	mov	r6,#0x00
                           1300 ;	../../../contiki-sensinode//platform/cc2530dk/./debug.c:48: for(div = 100; div > 0; div /= 10) {
   009A 7D 64              1301 	mov	r5,#0x64
   009C                    1302 00105$:
   009C ED                 1303 	mov	a,r5
   009D 60 04              1304 	jz	00111$
   009F 7C 01              1305 	mov	r4,#0x01
   00A1 80 02              1306 	sjmp	00112$
   00A3                    1307 00111$:
   00A3 7C 00              1308 	mov	r4,#0x00
   00A5                    1309 00112$:
   00A5 EC                 1310 	mov	a,r4
   00A6 60 38              1311 	jz	00109$
                           1312 ;	../../../contiki-sensinode//platform/cc2530dk/./debug.c:49: uint8_t disp = c / div;
   00A8 8D F0              1313 	mov	b,r5
   00AA EF                 1314 	mov	a,r7
   00AB 84                 1315 	div	ab
   00AC FC                 1316 	mov	r4,a
                           1317 ;	../../../contiki-sensinode//platform/cc2530dk/./debug.c:50: c %= div;
   00AD 8D F0              1318 	mov	b,r5
   00AF EF                 1319 	mov	a,r7
   00B0 84                 1320 	div	ab
   00B1 AF F0              1321 	mov	r7,b
                           1322 ;	../../../contiki-sensinode//platform/cc2530dk/./debug.c:51: if((disp != 0) || (hassent) || (div == 1)) {
   00B3 EC                 1323 	mov	a,r4
   00B4 70 06              1324 	jnz	00101$
   00B6 EE                 1325 	mov	a,r6
   00B7 70 03              1326 	jnz	00101$
   00B9 BD 01 1C           1327 	cjne	r5,#0x01,00107$
   00BC                    1328 00101$:
                           1329 ;	../../../contiki-sensinode//platform/cc2530dk/./debug.c:52: hassent = 1;
   00BC 7E 01              1330 	mov	r6,#0x01
                           1331 ;	../../../contiki-sensinode//platform/cc2530dk/./debug.c:53: putchar('0' + disp);
   00BE 74 30              1332 	mov	a,#0x30
   00C0 2C                 1333 	add	a,r4
   00C1 F5 82              1334 	mov	dpl,a
   00C3 C0 07              1335 	push	ar7
   00C5 C0 06              1336 	push	ar6
   00C7 C0 05              1337 	push	ar5
   00C9 78r00              1338 	mov	r0,#_putchar
   00CB 79s00              1339 	mov	r1,#(_putchar >> 8)
   00CD 7As00              1340 	mov	r2,#(_putchar >> 16)
   00CF 12s00r00           1341 	lcall	__sdcc_banked_call
   00D2 D0 05              1342 	pop	ar5
   00D4 D0 06              1343 	pop	ar6
   00D6 D0 07              1344 	pop	ar7
   00D8                    1345 00107$:
                           1346 ;	../../../contiki-sensinode//platform/cc2530dk/./debug.c:48: for(div = 100; div > 0; div /= 10) {
   00D8 75 F0 0A           1347 	mov	b,#0x0A
   00DB ED                 1348 	mov	a,r5
   00DC 84                 1349 	div	ab
   00DD FD                 1350 	mov	r5,a
   00DE 80 BC              1351 	sjmp	00105$
   00E0                    1352 00109$:
   00E0 02s00r00           1353 	ljmp	__sdcc_banked_ret
                           1354 	.area CSEG    (CODE)
                           1355 	.area CONST   (CODE)
   0000                    1356 _hexconv:
   0000 30 31 32 33 34 35  1357 	.ascii "0123456789abcdef"
        36 37 38 39 61 62
        63 64 65 66
   0010 00                 1358 	.db 0x00
   0011                    1359 _binconv:
   0011 30 31              1360 	.ascii "01"
   0013 00                 1361 	.db 0x00
                           1362 	.area XINIT   (CODE)
                           1363 	.area CABS    (ABS,CODE)
