                              1 ;--------------------------------------------------------
                              2 ; File Created by SDCC : free open source ANSI-C Compiler
                              3 ; Version 3.1.1 #7100 (Oct 29 2014) (Linux)
                              4 ; This file was generated Wed Dec  2 18:34:56 2015
                              5 ;--------------------------------------------------------
                              6 	.module device_fsdata
                              7 	.optsdcc -mmcs51 --model-huge
                              8 	
                              9 ;--------------------------------------------------------
                             10 ; Public variables in this module
                             11 ;--------------------------------------------------------
                             12 	.globl _file_EN_PWD
                             13 	.globl _file_PWD
                             14 	.globl _data_EN_PWD
                             15 	.globl _data_PWD
                             16 ;--------------------------------------------------------
                             17 ; special function registers
                             18 ;--------------------------------------------------------
                             19 	.area RSEG    (ABS,DATA)
   0000                      20 	.org 0x0000
                             21 ;--------------------------------------------------------
                             22 ; special function bits
                             23 ;--------------------------------------------------------
                             24 	.area RSEG    (ABS,DATA)
   0000                      25 	.org 0x0000
                             26 ;--------------------------------------------------------
                             27 ; overlayable register banks
                             28 ;--------------------------------------------------------
                             29 	.area REG_BANK_0	(REL,OVR,DATA)
   0000                      30 	.ds 8
                             31 ;--------------------------------------------------------
                             32 ; internal ram data
                             33 ;--------------------------------------------------------
                             34 	.area DSEG    (DATA)
                             35 ;--------------------------------------------------------
                             36 ; overlayable items in internal ram 
                             37 ;--------------------------------------------------------
                             38 	.area OSEG    (OVR,DATA)
                             39 ;--------------------------------------------------------
                             40 ; indirectly addressable internal ram data
                             41 ;--------------------------------------------------------
                             42 	.area ISEG    (DATA)
                             43 ;--------------------------------------------------------
                             44 ; absolute internal ram data
                             45 ;--------------------------------------------------------
                             46 	.area IABS    (ABS,DATA)
                             47 	.area IABS    (ABS,DATA)
                             48 ;--------------------------------------------------------
                             49 ; bit data
                             50 ;--------------------------------------------------------
                             51 	.area BSEG    (BIT)
                             52 ;--------------------------------------------------------
                             53 ; paged external ram data
                             54 ;--------------------------------------------------------
                             55 	.area PSEG    (PAG,XDATA)
                             56 ;--------------------------------------------------------
                             57 ; external ram data
                             58 ;--------------------------------------------------------
                             59 	.area XSEG    (XDATA)
                             60 ;--------------------------------------------------------
                             61 ; absolute external ram data
                             62 ;--------------------------------------------------------
                             63 	.area XABS    (ABS,XDATA)
                             64 ;--------------------------------------------------------
                             65 ; external initialized ram data
                             66 ;--------------------------------------------------------
                             67 	.area XISEG   (XDATA)
                             68 	.area HOME    (CODE)
                             69 	.area GSINIT0 (CODE)
                             70 	.area GSINIT1 (CODE)
                             71 	.area GSINIT2 (CODE)
                             72 	.area GSINIT3 (CODE)
                             73 	.area GSINIT4 (CODE)
                             74 	.area GSINIT5 (CODE)
                             75 	.area GSINIT  (CODE)
                             76 	.area GSFINAL (CODE)
                             77 	.area CSEG    (CODE)
                             78 ;--------------------------------------------------------
                             79 ; global & static initialisations
                             80 ;--------------------------------------------------------
                             81 	.area HOME    (CODE)
                             82 	.area GSINIT  (CODE)
                             83 	.area GSFINAL (CODE)
                             84 	.area GSINIT  (CODE)
                             85 ;--------------------------------------------------------
                             86 ; Home
                             87 ;--------------------------------------------------------
                             88 	.area HOME    (CODE)
                             89 	.area HOME    (CODE)
                             90 ;--------------------------------------------------------
                             91 ; code
                             92 ;--------------------------------------------------------
                             93 	.area BANK1   (CODE)
                             94 	.area CSEG    (CODE)
                             95 	.area CONST   (CODE)
   0000                      96 _data_PWD:
   0000 2F                   97 	.db #0x2F	;  47
   0001 50                   98 	.db #0x50	;  80	'P'
   0002 57                   99 	.db #0x57	;  87	'W'
   0003 44                  100 	.db #0x44	;  68	'D'
   0004 00                  101 	.db #0x00	;  0
   0005 12                  102 	.db #0x12	;  18
   0006 34                  103 	.db #0x34	;  52	'4'
   0007 56                  104 	.db #0x56	;  86	'V'
   0008 78                  105 	.db #0x78	;  120	'x'
   0009 90                  106 	.db #0x90	; -112
   000A AB                  107 	.db #0xAB	; -85
   000B CD                  108 	.db #0xCD	; -51
   000C EF                  109 	.db #0xEF	; -17
   000D FE                  110 	.db #0xFE	; -2
   000E DC                  111 	.db #0xDC	; -36
   000F BA                  112 	.db #0xBA	; -70
   0010 09                  113 	.db #0x09	;  9
   0011 87                  114 	.db #0x87	; -121
   0012 65                  115 	.db #0x65	;  101	'e'
   0013 43                  116 	.db #0x43	;  67	'C'
   0014 21                  117 	.db #0x21	;  33
   0015                     118 _data_EN_PWD:
   0015 2F                  119 	.db #0x2F	;  47
   0016 45                  120 	.db #0x45	;  69	'E'
   0017 4E                  121 	.db #0x4E	;  78	'N'
   0018 5F                  122 	.db #0x5F	;  95
   0019 50                  123 	.db #0x50	;  80	'P'
   001A 57                  124 	.db #0x57	;  87	'W'
   001B 44                  125 	.db #0x44	;  68	'D'
   001C 00                  126 	.db #0x00	;  0
   001D 25                  127 	.db #0x25	;  37
   001E CF                  128 	.db #0xCF	; -49
   001F 22                  129 	.db #0x22	;  34
   0020 80                  130 	.db #0x80	; -128
   0021 A3                  131 	.db #0xA3	; -93
   0022 C0                  132 	.db #0xC0	; -64
   0023 2B                  133 	.db #0x2B	;  43
   0024 CE                  134 	.db #0xCE	; -50
   0025 94                  135 	.db #0x94	; -108
   0026 B2                  136 	.db #0xB2	; -78
   0027 03                  137 	.db #0x03	;  3
   0028 23                  138 	.db #0x23	;  35
   0029 B2                  139 	.db #0xB2	; -78
   002A 59                  140 	.db #0x59	;  89	'Y'
   002B 04                  141 	.db #0x04	;  4
   002C 72                  142 	.db #0x72	;  114	'r'
   002D 38                  143 	.db #0x38	;  56	'8'
   002E B5                  144 	.db #0xB5	; -75
   002F 6F                  145 	.db #0x6F	;  111	'o'
   0030 E5                  146 	.db #0xE5	; -27
   0031 13                  147 	.db #0x13	;  19
   0032 68                  148 	.db #0x68	;  104	'h'
   0033 E9                  149 	.db #0xE9	; -23
   0034 02                  150 	.db #0x02	;  2
   0035 C8                  151 	.db #0xC8	; -56
   0036 D8                  152 	.db #0xD8	; -40
   0037 78                  153 	.db #0x78	;  120	'x'
   0038 3F                  154 	.db #0x3F	;  63
   0039 8E                  155 	.db #0x8E	; -114
   003A 89                  156 	.db #0x89	; -119
   003B D3                  157 	.db #0xD3	; -45
   003C 41                  158 	.db #0x41	;  65	'A'
   003D A3                  159 	.db #0xA3	; -93
   003E 8C                  160 	.db #0x8C	; -116
   003F 2D                  161 	.db #0x2D	;  45
   0040 87                  162 	.db #0x87	; -121
   0041 BC                  163 	.db #0xBC	; -68
   0042 5D                  164 	.db #0x5D	;  93
   0043 D6                  165 	.db #0xD6	; -42
   0044 D8                  166 	.db #0xD8	; -40
   0045 A0                  167 	.db #0xA0	; -96
   0046 06                  168 	.db #0x06	;  6
   0047 3D                  169 	.db #0x3D	;  61
   0048 4B                  170 	.db #0x4B	;  75	'K'
   0049 FF                  171 	.db #0xFF	; -1
   004A 17                  172 	.db #0x17	;  23
   004B CF                  173 	.db #0xCF	; -49
   004C AD                  174 	.db #0xAD	; -83
   004D 3F                  175 	.db #0x3F	;  63
   004E FC                  176 	.db #0xFC	; -4
   004F FE                  177 	.db #0xFE	; -2
   0050 ED                  178 	.db #0xED	; -19
   0051 96                  179 	.db #0x96	; -106
   0052 29                  180 	.db #0x29	;  41
   0053 AE                  181 	.db #0xAE	; -82
   0054 78                  182 	.db #0x78	;  120	'x'
   0055 89                  183 	.db #0x89	; -119
   0056 B7                  184 	.db #0xB7	; -73
   0057 8F                  185 	.db #0x8F	; -113
   0058 5E                  186 	.db #0x5E	;  94
   0059 5B                  187 	.db #0x5B	;  91
   005A BE                  188 	.db #0xBE	; -66
   005B 18                  189 	.db #0x18	;  24
   005C 91                  190 	.db #0x91	; -111
   005D 9A                  191 	.db #0x9A	; -102
   005E F5                  192 	.db #0xF5	; -11
   005F 88                  193 	.db #0x88	; -120
   0060 B5                  194 	.db #0xB5	; -75
   0061 B7                  195 	.db #0xB7	; -73
   0062 36                  196 	.db #0x36	;  54	'6'
   0063 24                  197 	.db #0x24	;  36
   0064 A0                  198 	.db #0xA0	; -96
   0065 48                  199 	.db #0x48	;  72	'H'
   0066 D1                  200 	.db #0xD1	; -47
   0067 FC                  201 	.db #0xFC	; -4
   0068 32                  202 	.db #0x32	;  50	'2'
   0069 D6                  203 	.db #0xD6	; -42
   006A AA                  204 	.db #0xAA	; -86
   006B DF                  205 	.db #0xDF	; -33
   006C 02                  206 	.db #0x02	;  2
   006D 88                  207 	.db #0x88	; -120
   006E 04                  208 	.db #0x04	;  4
   006F E6                  209 	.db #0xE6	; -26
   0070 05                  210 	.db #0x05	;  5
   0071 57                  211 	.db #0x57	;  87	'W'
   0072 58                  212 	.db #0x58	;  88	'X'
   0073 82                  213 	.db #0x82	; -126
   0074 BB                  214 	.db #0xBB	; -69
   0075 2D                  215 	.db #0x2D	;  45
   0076 F1                  216 	.db #0xF1	; -15
   0077 B0                  217 	.db #0xB0	; -80
   0078 D7                  218 	.db #0xD7	; -41
   0079 22                  219 	.db #0x22	;  34
   007A 4D                  220 	.db #0x4D	;  77	'M'
   007B 78                  221 	.db #0x78	;  120	'x'
   007C 15                  222 	.db #0x15	;  21
   007D 61                  223 	.db #0x61	;  97	'a'
   007E 39                  224 	.db #0x39	;  57	'9'
   007F 77                  225 	.db #0x77	;  119	'w'
   0080 3E                  226 	.db #0x3E	;  62
   0081 4E                  227 	.db #0x4E	;  78	'N'
   0082 EF                  228 	.db #0xEF	; -17
   0083 79                  229 	.db #0x79	;  121	'y'
   0084 3E                  230 	.db #0x3E	;  62
   0085 B9                  231 	.db #0xB9	; -71
   0086 59                  232 	.db #0x59	;  89	'Y'
   0087 55                  233 	.db #0x55	;  85	'U'
   0088 AD                  234 	.db #0xAD	; -83
   0089 0F                  235 	.db #0x0F	;  15
   008A 33                  236 	.db #0x33	;  51	'3'
   008B 7D                  237 	.db #0x7D	;  125
   008C 17                  238 	.db #0x17	;  23
   008D 0E                  239 	.db #0x0E	;  14
   008E D1                  240 	.db #0xD1	; -47
   008F C5                  241 	.db #0xC5	; -59
   0090 21                  242 	.db #0x21	;  33
   0091 F7                  243 	.db #0xF7	; -9
   0092 D6                  244 	.db #0xD6	; -42
   0093 EE                  245 	.db #0xEE	; -18
   0094 15                  246 	.db #0x15	;  21
   0095 3E                  247 	.db #0x3E	;  62
   0096 A4                  248 	.db #0xA4	; -92
   0097 7D                  249 	.db #0x7D	;  125
   0098 E7                  250 	.db #0xE7	; -25
   0099 1D                  251 	.db #0x1D	;  29
   009A 03                  252 	.db #0x03	;  3
   009B 44                  253 	.db #0x44	;  68	'D'
   009C B8                  254 	.db #0xB8	; -72
   009D 92                  255 	.db #0x92	; -110
   009E 4C                  256 	.db #0x4C	;  76	'L'
   009F EC                  257 	.db #0xEC	; -20
   00A0 10                  258 	.db #0x10	;  16
   00A1 B1                  259 	.db #0xB1	; -79
   00A2 39                  260 	.db #0x39	;  57	'9'
   00A3 16                  261 	.db #0x16	;  22
   00A4 54                  262 	.db #0x54	;  84	'T'
   00A5 AB                  263 	.db #0xAB	; -85
   00A6 48                  264 	.db #0x48	;  72	'H'
   00A7 AC                  265 	.db #0xAC	; -84
   00A8 24                  266 	.db #0x24	;  36
   00A9 36                  267 	.db #0x36	;  54	'6'
   00AA CC                  268 	.db #0xCC	; -52
   00AB 57                  269 	.db #0x57	;  87	'W'
   00AC 9A                  270 	.db #0x9A	; -102
   00AD 48                  271 	.db #0x48	;  72	'H'
   00AE 40                  272 	.db #0x40	;  64
   00AF 30                  273 	.db #0x30	;  48	'0'
   00B0 E5                  274 	.db #0xE5	; -27
   00B1 B3                  275 	.db #0xB3	; -77
   00B2 FC                  276 	.db #0xFC	; -4
   00B3 4F                  277 	.db #0x4F	;  79	'O'
   00B4 24                  278 	.db #0x24	;  36
   00B5 66                  279 	.db #0x66	;  102	'f'
   00B6 BD                  280 	.db #0xBD	; -67
   00B7 A8                  281 	.db #0xA8	; -88
   00B8 81                  282 	.db #0x81	; -127
   00B9 18                  283 	.db #0x18	;  24
   00BA B1                  284 	.db #0xB1	; -79
   00BB CE                  285 	.db #0xCE	; -50
   00BC 74                  286 	.db #0x74	;  116	't'
   00BD F2                  287 	.db #0xF2	; -14
   00BE 94                  288 	.db #0x94	; -108
   00BF B6                  289 	.db #0xB6	; -74
   00C0 3B                  290 	.db #0x3B	;  59
   00C1 8A                  291 	.db #0x8A	; -118
   00C2 CC                  292 	.db #0xCC	; -52
   00C3 EF                  293 	.db #0xEF	; -17
   00C4 CD                  294 	.db #0xCD	; -51
   00C5 4D                  295 	.db #0x4D	;  77	'M'
   00C6 8D                  296 	.db #0x8D	; -115
   00C7 51                  297 	.db #0x51	;  81	'Q'
   00C8 7E                  298 	.db #0x7E	;  126
   00C9 10                  299 	.db #0x10	;  16
   00CA 3B                  300 	.db #0x3B	;  59
   00CB 76                  301 	.db #0x76	;  118	'v'
   00CC 3B                  302 	.db #0x3B	;  59
   00CD 76                  303 	.db #0x76	;  118	'v'
   00CE EB                  304 	.db #0xEB	; -21
   00CF 1A                  305 	.db #0x1A	;  26
   00D0 2A                  306 	.db #0x2A	;  42
   00D1 09                  307 	.db #0x09	;  9
   00D2 98                  308 	.db #0x98	; -104
   00D3 07                  309 	.db #0x07	;  7
   00D4 1A                  310 	.db #0x1A	;  26
   00D5 15                  311 	.db #0x15	;  21
   00D6 BD                  312 	.db #0xBD	; -67
   00D7 80                  313 	.db #0x80	; -128
   00D8 AE                  314 	.db #0xAE	; -82
   00D9 4A                  315 	.db #0x4A	;  74	'J'
   00DA 0F                  316 	.db #0x0F	;  15
   00DB 73                  317 	.db #0x73	;  115	's'
   00DC 0C                  318 	.db #0x0C	;  12
   00DD A6                  319 	.db #0xA6	; -90
   00DE 37                  320 	.db #0x37	;  55	'7'
   00DF A2                  321 	.db #0xA2	; -94
   00E0 02                  322 	.db #0x02	;  2
   00E1 07                  323 	.db #0x07	;  7
   00E2 45                  324 	.db #0x45	;  69	'E'
   00E3 17                  325 	.db #0x17	;  23
   00E4 50                  326 	.db #0x50	;  80	'P'
   00E5 E6                  327 	.db #0xE6	; -26
   00E6 A1                  328 	.db #0xA1	; -95
   00E7 72                  329 	.db #0x72	;  114	'r'
   00E8 57                  330 	.db #0x57	;  87	'W'
   00E9 E2                  331 	.db #0xE2	; -30
   00EA 94                  332 	.db #0x94	; -108
   00EB BA                  333 	.db #0xBA	; -70
   00EC C1                  334 	.db #0xC1	; -63
   00ED FF                  335 	.db #0xFF	; -1
   00EE F9                  336 	.db #0xF9	; -7
   00EF 89                  337 	.db #0x89	; -119
   00F0 E7                  338 	.db #0xE7	; -25
   00F1 EC                  339 	.db #0xEC	; -20
   00F2 63                  340 	.db #0x63	;  99	'c'
   00F3 F0                  341 	.db #0xF0	; -16
   00F4 AC                  342 	.db #0xAC	; -84
   00F5 43                  343 	.db #0x43	;  67	'C'
   00F6 22                  344 	.db #0x22	;  34
   00F7 E9                  345 	.db #0xE9	; -23
   00F8 4E                  346 	.db #0x4E	;  78	'N'
   00F9 60                  347 	.db #0x60	;  96
   00FA 8B                  348 	.db #0x8B	; -117
   00FB 82                  349 	.db #0x82	; -126
   00FC 73                  350 	.db #0x73	;  115	's'
   00FD 46                  351 	.db #0x46	;  70	'F'
   00FE 59                  352 	.db #0x59	;  89	'Y'
   00FF EB                  353 	.db #0xEB	; -21
   0100 B6                  354 	.db #0xB6	; -74
   0101 49                  355 	.db #0x49	;  73	'I'
   0102 0D                  356 	.db #0x0D	;  13
   0103 F7                  357 	.db #0xF7	; -9
   0104 98                  358 	.db #0x98	; -104
   0105 10                  359 	.db #0x10	;  16
   0106 DF                  360 	.db #0xDF	; -33
   0107 B9                  361 	.db #0xB9	; -71
   0108 32                  362 	.db #0x32	;  50	'2'
   0109 34                  363 	.db #0x34	;  52	'4'
   010A 81                  364 	.db #0x81	; -127
   010B C7                  365 	.db #0xC7	; -57
   010C F2                  366 	.db #0xF2	; -14
   010D 2D                  367 	.db #0x2D	;  45
   010E CA                  368 	.db #0xCA	; -54
   010F A8                  369 	.db #0xA8	; -88
   0110 77                  370 	.db #0x77	;  119	'w'
   0111 0D                  371 	.db #0x0D	;  13
   0112 3E                  372 	.db #0x3E	;  62
   0113 F8                  373 	.db #0xF8	; -8
   0114 0C                  374 	.db #0x0C	;  12
   0115 7F                  375 	.db #0x7F	;  127
   0116 ED                  376 	.db #0xED	; -19
   0117 3C                  377 	.db #0x3C	;  60
   0118 1B                  378 	.db #0x1B	;  27
   0119 6D                  379 	.db #0x6D	;  109	'm'
   011A 54                  380 	.db #0x54	;  84	'T'
   011B 5E                  381 	.db #0x5E	;  94
   011C 7C                  382 	.db #0x7C	;  124
   011D                     383 _file_PWD:
                            384 ; generic printIvalPtr
   011D 00 00 00            385 	.byte #0x00,#0x00,#0x00
   0120r00s00 80            386 	.byte _data_PWD,(_data_PWD >> 8),#0x80
   0123r05s00 80            387 	.byte (_data_PWD + 5),((_data_PWD + 5) >> 8),#0x80
   0126 10 00               388 	.byte #0x10,#0x00	;  16
   0128                     389 _file_EN_PWD:
   0128r1Ds01 80            390 	.byte _file_PWD,(_file_PWD >> 8),#0x80
   012Br15s00 80            391 	.byte _data_EN_PWD,(_data_EN_PWD >> 8),#0x80
   012Er1Ds00 80            392 	.byte (_data_EN_PWD + 8),((_data_EN_PWD + 8) >> 8),#0x80
   0131 00 01               393 	.byte #0x00,#0x01	;  256
                            394 	.area XINIT   (CODE)
                            395 	.area CABS    (ABS,CODE)
