                              1 ;--------------------------------------------------------
                              2 ; File Created by SDCC : free open source ANSI-C Compiler
                              3 ; Version 3.1.1 #7100 (Oct 29 2014) (Linux)
                              4 ; This file was generated Thu Dec  3 12:33:02 2015
                              5 ;--------------------------------------------------------
                              6 	.module device_profile
                              7 	.optsdcc -mmcs51 --model-huge
                              8 	
                              9 ;--------------------------------------------------------
                             10 ; Public variables in this module
                             11 ;--------------------------------------------------------
                             12 	.globl _get_temperature
                             13 	.globl _device_insert_object
                             14 	.globl _device_init
                             15 	.globl _object_instance_insert_resource
                             16 	.globl _object_instance_init
                             17 	.globl _resource_instance_init
                             18 	.globl _printf
                             19 	.globl _strncpy
                             20 	.globl _ACTIVE
                             21 	.globl _TX_BYTE
                             22 	.globl _RX_BYTE
                             23 	.globl _ERR
                             24 	.globl _FE
                             25 	.globl _SLAVE
                             26 	.globl _RE
                             27 	.globl _MODE
                             28 	.globl _T3OVFIF
                             29 	.globl _T3CH0IF
                             30 	.globl _T3CH1IF
                             31 	.globl _T4OVFIF
                             32 	.globl _T4CH0IF
                             33 	.globl _T4CH1IF
                             34 	.globl _OVFIM
                             35 	.globl _B_0
                             36 	.globl _B_1
                             37 	.globl _B_2
                             38 	.globl _B_3
                             39 	.globl _B_4
                             40 	.globl _B_5
                             41 	.globl _B_6
                             42 	.globl _B_7
                             43 	.globl _P2IF
                             44 	.globl _UTX0IF
                             45 	.globl _UTX1IF
                             46 	.globl _P1IF
                             47 	.globl _WDTIF
                             48 	.globl _ACC_0
                             49 	.globl _ACC_1
                             50 	.globl _ACC_2
                             51 	.globl _ACC_3
                             52 	.globl _ACC_4
                             53 	.globl _ACC_5
                             54 	.globl _ACC_6
                             55 	.globl _ACC_7
                             56 	.globl _P
                             57 	.globl _F1
                             58 	.globl _OV
                             59 	.globl _RS0
                             60 	.globl _RS1
                             61 	.globl _F0
                             62 	.globl _AC
                             63 	.globl _CY
                             64 	.globl _DMAIF
                             65 	.globl _T1IF
                             66 	.globl _T2IF
                             67 	.globl _T3IF
                             68 	.globl _T4IF
                             69 	.globl _P0IF
                             70 	.globl _STIF
                             71 	.globl _DMAIE
                             72 	.globl _T1IE
                             73 	.globl _T2IE
                             74 	.globl _T3IE
                             75 	.globl _T4IE
                             76 	.globl _P0IE
                             77 	.globl _RFERRIE
                             78 	.globl _ADCIE
                             79 	.globl _URX0IE
                             80 	.globl _URX1IE
                             81 	.globl _ENCIE
                             82 	.globl _STIE
                             83 	.globl _EA
                             84 	.globl _P2_0
                             85 	.globl _P2_1
                             86 	.globl _P2_2
                             87 	.globl _P2_3
                             88 	.globl _P2_4
                             89 	.globl _P2_5
                             90 	.globl _P2_6
                             91 	.globl _P2_7
                             92 	.globl _ENCIF_0
                             93 	.globl _ENCIF_1
                             94 	.globl _P1_0
                             95 	.globl _P1_1
                             96 	.globl _P1_2
                             97 	.globl _P1_3
                             98 	.globl _P1_4
                             99 	.globl _P1_5
                            100 	.globl _P1_6
                            101 	.globl _P1_7
                            102 	.globl _IT0
                            103 	.globl _RFERRIF
                            104 	.globl _IT1
                            105 	.globl _URX0IF
                            106 	.globl _ADCIF
                            107 	.globl _URX1IF
                            108 	.globl _P0_0
                            109 	.globl _P0_1
                            110 	.globl _P0_2
                            111 	.globl _P0_3
                            112 	.globl _P0_4
                            113 	.globl _P0_5
                            114 	.globl _P0_6
                            115 	.globl _P0_7
                            116 	.globl _WDCTL
                            117 	.globl _U1GCR
                            118 	.globl _U1UCR
                            119 	.globl _U1BAUD
                            120 	.globl _U1DBUF
                            121 	.globl _U1CSR
                            122 	.globl _U0GCR
                            123 	.globl _U0UCR
                            124 	.globl _U0BAUD
                            125 	.globl _U0DBUF
                            126 	.globl _U0CSR
                            127 	.globl _TIMIF
                            128 	.globl _T4CC1
                            129 	.globl _T4CCTL1
                            130 	.globl _T4CC0
                            131 	.globl _T4CCTL0
                            132 	.globl _T4CTL
                            133 	.globl _T4CNT
                            134 	.globl _T3CC1
                            135 	.globl _T3CCTL1
                            136 	.globl _T3CC0
                            137 	.globl _T3CCTL0
                            138 	.globl _T3CTL
                            139 	.globl _T3CNT
                            140 	.globl _T2MSEL
                            141 	.globl _T2IRQM
                            142 	.globl _T2MOVF2
                            143 	.globl _T2MOVF1
                            144 	.globl _T2MOVF0
                            145 	.globl _T2M1
                            146 	.globl _T2M0
                            147 	.globl _T2IRQF
                            148 	.globl _T2EVTCFG
                            149 	.globl _T2CTRL
                            150 	.globl _T1STAT
                            151 	.globl _T1CCTL2
                            152 	.globl _T1CCTL1
                            153 	.globl _T1CCTL0
                            154 	.globl _T1CTL
                            155 	.globl _T1CNTH
                            156 	.globl _T1CNTL
                            157 	.globl _T1CC2H
                            158 	.globl _T1CC2L
                            159 	.globl _T1CC1H
                            160 	.globl _T1CC1L
                            161 	.globl _T1CC0H
                            162 	.globl _T1CC0L
                            163 	.globl _CLKCONSTA
                            164 	.globl _CLKCONCMD
                            165 	.globl _SLEEPSTA
                            166 	.globl _SLEEPCMD
                            167 	.globl _STLOAD
                            168 	.globl _ST2
                            169 	.globl _ST1
                            170 	.globl _ST0
                            171 	.globl _RFERRF
                            172 	.globl _RFIRQF0
                            173 	.globl _RFST
                            174 	.globl _RFD
                            175 	.globl _RFIRQF1
                            176 	.globl _PSBANK
                            177 	.globl _FMAP
                            178 	.globl _MEMCTR
                            179 	.globl __XPAGE
                            180 	.globl _MPAGE
                            181 	.globl _PMUX
                            182 	.globl _P2DIR
                            183 	.globl _P1DIR
                            184 	.globl _P0DIR
                            185 	.globl _P2INP
                            186 	.globl _P1INP
                            187 	.globl _P2SEL
                            188 	.globl _P1SEL
                            189 	.globl _P0SEL
                            190 	.globl _APCFG
                            191 	.globl _PERCFG
                            192 	.globl _P0INP
                            193 	.globl _P2IEN
                            194 	.globl _P1IEN
                            195 	.globl _P0IEN
                            196 	.globl _PICTL
                            197 	.globl _P2IFG
                            198 	.globl _P1IFG
                            199 	.globl _P0IFG
                            200 	.globl _DMAREQ
                            201 	.globl _DMAARM
                            202 	.globl _DMA0CFGH
                            203 	.globl _DMA0CFGL
                            204 	.globl _DMA1CFGH
                            205 	.globl _DMA1CFGL
                            206 	.globl _DMAIRQ
                            207 	.globl _ENCCS
                            208 	.globl _ENCDO
                            209 	.globl _ENCDI
                            210 	.globl _RNDH
                            211 	.globl _RNDL
                            212 	.globl _ADCH
                            213 	.globl _ADCL
                            214 	.globl _ADCCON3
                            215 	.globl _ADCCON2
                            216 	.globl _ADCCON1
                            217 	.globl _B
                            218 	.globl _IRCON2
                            219 	.globl _ACC
                            220 	.globl _PSW
                            221 	.globl _IRCON
                            222 	.globl _IP1
                            223 	.globl _IEN1
                            224 	.globl _IP0
                            225 	.globl _IEN0
                            226 	.globl _P2
                            227 	.globl _S1CON
                            228 	.globl _IEN2
                            229 	.globl _S0CON
                            230 	.globl _DPS
                            231 	.globl _P1
                            232 	.globl _TCON
                            233 	.globl _PCON
                            234 	.globl _DPH1
                            235 	.globl _DPL1
                            236 	.globl _DPH0
                            237 	.globl _DPL0
                            238 	.globl _SP
                            239 	.globl _P0
                            240 	.globl _g_resource_units
                            241 	.globl _g_resource_sensor_value
                            242 	.globl _g_object_temp
                            243 	.globl _g_resource_name
                            244 	.globl _g_object_devinfo
                            245 	.globl _X_IEEE_ADDR
                            246 	.globl _X_INFOPAGE
                            247 	.globl _X_P2DIR
                            248 	.globl _X_P1DIR
                            249 	.globl _X_P0DIR
                            250 	.globl _X_U1GCR
                            251 	.globl _X_U1UCR
                            252 	.globl _X_U1BAUD
                            253 	.globl _X_U1DBUF
                            254 	.globl _X_U1CSR
                            255 	.globl _X_P2INP
                            256 	.globl _X_P1INP
                            257 	.globl _X_P2SEL
                            258 	.globl _X_P1SEL
                            259 	.globl _X_P0SEL
                            260 	.globl _X_APCFG
                            261 	.globl _X_PERCFG
                            262 	.globl _X_T4CC1
                            263 	.globl _X_T4CCTL1
                            264 	.globl _X_T4CC0
                            265 	.globl _X_T4CCTL0
                            266 	.globl _X_T4CTL
                            267 	.globl _X_T4CNT
                            268 	.globl _X_RFIRQF0
                            269 	.globl _X_T1CCTL2
                            270 	.globl _X_T1CCTL1
                            271 	.globl _X_T1CCTL0
                            272 	.globl _X_T1CTL
                            273 	.globl _X_T1CNTH
                            274 	.globl _X_T1CNTL
                            275 	.globl _X_RFST
                            276 	.globl _X_T1CC2H
                            277 	.globl _X_T1CC2L
                            278 	.globl _X_T1CC1H
                            279 	.globl _X_T1CC1L
                            280 	.globl _X_T1CC0H
                            281 	.globl _X_T1CC0L
                            282 	.globl _X_RFD
                            283 	.globl _X_TIMIF
                            284 	.globl _X_DMAREQ
                            285 	.globl _X_DMAARM
                            286 	.globl _X_DMA0CFGH
                            287 	.globl _X_DMA0CFGL
                            288 	.globl _X_DMA1CFGH
                            289 	.globl _X_DMA1CFGL
                            290 	.globl _X_DMAIRQ
                            291 	.globl _X_T3CC1
                            292 	.globl _X_T3CCTL1
                            293 	.globl _X_T3CC0
                            294 	.globl _X_T3CCTL0
                            295 	.globl _X_T3CTL
                            296 	.globl _X_T3CNT
                            297 	.globl _X_WDCTL
                            298 	.globl _X_MEMCTR
                            299 	.globl _X_CLKCONCMD
                            300 	.globl _X_U0GCR
                            301 	.globl _X_U0UCR
                            302 	.globl _X_T2MSEL
                            303 	.globl _X_U0BAUD
                            304 	.globl _X_U0DBUF
                            305 	.globl _X_RFERRF
                            306 	.globl _X_SLEEPCMD
                            307 	.globl _X_RNDH
                            308 	.globl _X_RNDL
                            309 	.globl _X_ADCH
                            310 	.globl _X_ADCL
                            311 	.globl _X_ADCCON3
                            312 	.globl _X_ADCCON2
                            313 	.globl _X_ADCCON1
                            314 	.globl _X_ENCCS
                            315 	.globl _X_ENCDO
                            316 	.globl _X_ENCDI
                            317 	.globl _X_T1STAT
                            318 	.globl _X_PMUX
                            319 	.globl _X_STLOAD
                            320 	.globl _X_P2IEN
                            321 	.globl _X_P0IEN
                            322 	.globl _X_T2IRQM
                            323 	.globl _X_T2MOVF2
                            324 	.globl _X_T2MOVF1
                            325 	.globl _X_T2MOVF0
                            326 	.globl _X_T2M1
                            327 	.globl _X_T2M0
                            328 	.globl _X_T2IRQF
                            329 	.globl _X_P2
                            330 	.globl _X_PSBANK
                            331 	.globl _X_FMAP
                            332 	.globl _X_CLKCONSTA
                            333 	.globl _X_SLEEPSTA
                            334 	.globl _X_T2EVTCFG
                            335 	.globl _X_ST2
                            336 	.globl _X_ST1
                            337 	.globl _X_ST0
                            338 	.globl _X_T2CTRL
                            339 	.globl _X__XPAGE
                            340 	.globl _X_MPAGE
                            341 	.globl _X_RFIRQF1
                            342 	.globl _X_P1
                            343 	.globl _X_P0INP
                            344 	.globl _X_P1IEN
                            345 	.globl _X_PICTL
                            346 	.globl _X_P2IFG
                            347 	.globl _X_P1IFG
                            348 	.globl _X_P0IFG
                            349 	.globl _X_U0CSR
                            350 	.globl _X_P0
                            351 	.globl _USBF5
                            352 	.globl _USBF4
                            353 	.globl _USBF3
                            354 	.globl _USBF2
                            355 	.globl _USBF1
                            356 	.globl _USBF0
                            357 	.globl _USBCNTH
                            358 	.globl _USBCNTL
                            359 	.globl _USBCNT0
                            360 	.globl _USBCSOH
                            361 	.globl _USBCSOL
                            362 	.globl _USBMAXO
                            363 	.globl _USBCSIH
                            364 	.globl _USBCSIL
                            365 	.globl _USBCS0
                            366 	.globl _USBMAXI
                            367 	.globl _USBCTRL
                            368 	.globl _USBINDEX
                            369 	.globl _USBFRMH
                            370 	.globl _USBFRML
                            371 	.globl _USBCIE
                            372 	.globl _USBOIE
                            373 	.globl _USBIIE
                            374 	.globl _USBCIF
                            375 	.globl _USBOIF
                            376 	.globl _USBIIF
                            377 	.globl _USBPOW
                            378 	.globl _USBADDR
                            379 	.globl _CSPT
                            380 	.globl _CSPZ
                            381 	.globl _CSPY
                            382 	.globl _CSPX
                            383 	.globl _CSPSTAT
                            384 	.globl _CSPCTRL
                            385 	.globl _CSPPROG23
                            386 	.globl _CSPPROG22
                            387 	.globl _CSPPROG21
                            388 	.globl _CSPPROG20
                            389 	.globl _CSPPROG19
                            390 	.globl _CSPPROG18
                            391 	.globl _CSPPROG17
                            392 	.globl _CSPPROG16
                            393 	.globl _CSPPROG15
                            394 	.globl _CSPPROG14
                            395 	.globl _CSPPROG13
                            396 	.globl _CSPPROG12
                            397 	.globl _CSPPROG11
                            398 	.globl _CSPPROG10
                            399 	.globl _CSPPROG9
                            400 	.globl _CSPPROG8
                            401 	.globl _CSPPROG7
                            402 	.globl _CSPPROG6
                            403 	.globl _CSPPROG5
                            404 	.globl _CSPPROG4
                            405 	.globl _CSPPROG3
                            406 	.globl _CSPPROG2
                            407 	.globl _CSPPROG1
                            408 	.globl _CSPPROG0
                            409 	.globl _RFC_OBS_CTRL2
                            410 	.globl _RFC_OBS_CTRL1
                            411 	.globl _RFC_OBS_CTRL0
                            412 	.globl _TXFILTCFG
                            413 	.globl _PTEST1
                            414 	.globl _PTEST0
                            415 	.globl _ATEST
                            416 	.globl _DACTEST2
                            417 	.globl _DACTEST1
                            418 	.globl _DACTEST0
                            419 	.globl _MDMTEST1
                            420 	.globl _MDMTEST0
                            421 	.globl _ADCTEST2
                            422 	.globl _ADCTEST1
                            423 	.globl _ADCTEST0
                            424 	.globl _AGCCTRL3
                            425 	.globl _AGCCTRL2
                            426 	.globl _AGCCTRL1
                            427 	.globl _AGCCTRL0
                            428 	.globl _FSCAL3
                            429 	.globl _FSCAL2
                            430 	.globl _FSCAL1
                            431 	.globl _FSCAL0
                            432 	.globl _FSCTRL
                            433 	.globl _RXCTRL
                            434 	.globl _FREQEST
                            435 	.globl _MDMCTRL1
                            436 	.globl _MDMCTRL0
                            437 	.globl _RFRND
                            438 	.globl _RFERRM
                            439 	.globl _RFIRQM1
                            440 	.globl _RFIRQM0
                            441 	.globl _TXLAST_PTR
                            442 	.globl _TXFIRST_PTR
                            443 	.globl _RXP1_PTR
                            444 	.globl _RXLAST_PTR
                            445 	.globl _RXFIRST_PTR
                            446 	.globl _TXFIFOCNT
                            447 	.globl _RXFIFOCNT
                            448 	.globl _RXFIRST
                            449 	.globl _RSSISTAT
                            450 	.globl _RSSI
                            451 	.globl _CCACTRL1
                            452 	.globl _CCACTRL0
                            453 	.globl _FSMCTRL
                            454 	.globl _FIFOPCTRL
                            455 	.globl _FSMSTAT1
                            456 	.globl _FSMSTAT0
                            457 	.globl _TXCTRL
                            458 	.globl _TXPOWER
                            459 	.globl _FREQCTRL
                            460 	.globl _FREQTUNE
                            461 	.globl _RXMASKCLR
                            462 	.globl _RXMASKSET
                            463 	.globl _RXENABLE
                            464 	.globl _FRMCTRL1
                            465 	.globl _FRMCTRL0
                            466 	.globl _SRCEXTEN2
                            467 	.globl _SRCEXTEN1
                            468 	.globl _SRCEXTEN0
                            469 	.globl _SRCSHORTEN2
                            470 	.globl _SRCSHORTEN1
                            471 	.globl _SRCSHORTEN0
                            472 	.globl _SRCMATCH
                            473 	.globl _FRMFILT1
                            474 	.globl _FRMFILT0
                            475 	.globl _SHORT_ADDR1
                            476 	.globl _SHORT_ADDR0
                            477 	.globl _PAN_ID1
                            478 	.globl _PAN_ID0
                            479 	.globl _EXT_ADDR7
                            480 	.globl _EXT_ADDR6
                            481 	.globl _EXT_ADDR5
                            482 	.globl _EXT_ADDR4
                            483 	.globl _EXT_ADDR3
                            484 	.globl _EXT_ADDR2
                            485 	.globl _EXT_ADDR1
                            486 	.globl _EXT_ADDR0
                            487 	.globl _SRCSHORTPENDEN2
                            488 	.globl _SRCSHORTPENDEN1
                            489 	.globl _SRCSHORTPENDEN0
                            490 	.globl _SRCEXTPENDEN2
                            491 	.globl _SRCEXTPENDEN1
                            492 	.globl _SRCEXTPENDEN0
                            493 	.globl _SRCRESINDEX
                            494 	.globl _SRCRESMASK2
                            495 	.globl _SRCRESMASK1
                            496 	.globl _SRCRESMASK0
                            497 	.globl _SRC_ADDR_TABLE
                            498 	.globl _TXFIFO
                            499 	.globl _RXFIFO
                            500 	.globl _RFCORE_RAM
                            501 	.globl _CMPCTL
                            502 	.globl _OPAMPS
                            503 	.globl _OPAMPC
                            504 	.globl _STCV2
                            505 	.globl _STCV1
                            506 	.globl _STCV0
                            507 	.globl _STCS
                            508 	.globl _STCC
                            509 	.globl _T1CC4H
                            510 	.globl _T1CC4L
                            511 	.globl _T1CC3H
                            512 	.globl _T1CC3L
                            513 	.globl _XX_T1CC2H
                            514 	.globl _XX_T1CC2L
                            515 	.globl _XX_T1CC1H
                            516 	.globl _XX_T1CC1L
                            517 	.globl _XX_T1CC0H
                            518 	.globl _XX_T1CC0L
                            519 	.globl _T1CCTL4
                            520 	.globl _T1CCTL3
                            521 	.globl _XX_T1CCTL2
                            522 	.globl _XX_T1CCTL1
                            523 	.globl _XX_T1CCTL0
                            524 	.globl _CLD
                            525 	.globl _IRCTL
                            526 	.globl _CHIPINFO1
                            527 	.globl _CHIPINFO0
                            528 	.globl _FWDATA
                            529 	.globl _FADDRH
                            530 	.globl _FADDRL
                            531 	.globl _FCTL
                            532 	.globl _IVCTRL
                            533 	.globl _BATTMON
                            534 	.globl _SRCRC
                            535 	.globl _DBGDATA
                            536 	.globl _TESTREG0
                            537 	.globl _CHIPID
                            538 	.globl _CHVER
                            539 	.globl _OBSSEL5
                            540 	.globl _OBSSEL4
                            541 	.globl _OBSSEL3
                            542 	.globl _OBSSEL2
                            543 	.globl _OBSSEL1
                            544 	.globl _OBSSEL0
                            545 	.globl _I2CIO
                            546 	.globl _I2CWC
                            547 	.globl _I2CADDR
                            548 	.globl _I2CDATA
                            549 	.globl _I2CSTAT
                            550 	.globl _I2CCFG
                            551 	.globl _OPAMPMC
                            552 	.globl _MONMUX
                            553 	.globl _create_device
                            554 ;--------------------------------------------------------
                            555 ; special function registers
                            556 ;--------------------------------------------------------
                            557 	.area RSEG    (ABS,DATA)
   0000                     558 	.org 0x0000
                    0080    559 _P0	=	0x0080
                    0081    560 _SP	=	0x0081
                    0082    561 _DPL0	=	0x0082
                    0083    562 _DPH0	=	0x0083
                    0084    563 _DPL1	=	0x0084
                    0085    564 _DPH1	=	0x0085
                    0087    565 _PCON	=	0x0087
                    0088    566 _TCON	=	0x0088
                    0090    567 _P1	=	0x0090
                    0092    568 _DPS	=	0x0092
                    0098    569 _S0CON	=	0x0098
                    009A    570 _IEN2	=	0x009a
                    009B    571 _S1CON	=	0x009b
                    00A0    572 _P2	=	0x00a0
                    00A8    573 _IEN0	=	0x00a8
                    00A9    574 _IP0	=	0x00a9
                    00B8    575 _IEN1	=	0x00b8
                    00B9    576 _IP1	=	0x00b9
                    00C0    577 _IRCON	=	0x00c0
                    00D0    578 _PSW	=	0x00d0
                    00E0    579 _ACC	=	0x00e0
                    00E8    580 _IRCON2	=	0x00e8
                    00F0    581 _B	=	0x00f0
                    00B4    582 _ADCCON1	=	0x00b4
                    00B5    583 _ADCCON2	=	0x00b5
                    00B6    584 _ADCCON3	=	0x00b6
                    00BA    585 _ADCL	=	0x00ba
                    00BB    586 _ADCH	=	0x00bb
                    00BC    587 _RNDL	=	0x00bc
                    00BD    588 _RNDH	=	0x00bd
                    00B1    589 _ENCDI	=	0x00b1
                    00B2    590 _ENCDO	=	0x00b2
                    00B3    591 _ENCCS	=	0x00b3
                    00D1    592 _DMAIRQ	=	0x00d1
                    00D2    593 _DMA1CFGL	=	0x00d2
                    00D3    594 _DMA1CFGH	=	0x00d3
                    00D4    595 _DMA0CFGL	=	0x00d4
                    00D5    596 _DMA0CFGH	=	0x00d5
                    00D6    597 _DMAARM	=	0x00d6
                    00D7    598 _DMAREQ	=	0x00d7
                    0089    599 _P0IFG	=	0x0089
                    008A    600 _P1IFG	=	0x008a
                    008B    601 _P2IFG	=	0x008b
                    008C    602 _PICTL	=	0x008c
                    00AB    603 _P0IEN	=	0x00ab
                    008D    604 _P1IEN	=	0x008d
                    00AC    605 _P2IEN	=	0x00ac
                    008F    606 _P0INP	=	0x008f
                    00F1    607 _PERCFG	=	0x00f1
                    00F2    608 _APCFG	=	0x00f2
                    00F3    609 _P0SEL	=	0x00f3
                    00F4    610 _P1SEL	=	0x00f4
                    00F5    611 _P2SEL	=	0x00f5
                    00F6    612 _P1INP	=	0x00f6
                    00F7    613 _P2INP	=	0x00f7
                    00FD    614 _P0DIR	=	0x00fd
                    00FE    615 _P1DIR	=	0x00fe
                    00FF    616 _P2DIR	=	0x00ff
                    00AE    617 _PMUX	=	0x00ae
                    0093    618 _MPAGE	=	0x0093
                    0093    619 __XPAGE	=	0x0093
                    00C7    620 _MEMCTR	=	0x00c7
                    009F    621 _FMAP	=	0x009f
                    009F    622 _PSBANK	=	0x009f
                    0091    623 _RFIRQF1	=	0x0091
                    00D9    624 _RFD	=	0x00d9
                    00E1    625 _RFST	=	0x00e1
                    00E9    626 _RFIRQF0	=	0x00e9
                    00BF    627 _RFERRF	=	0x00bf
                    0095    628 _ST0	=	0x0095
                    0096    629 _ST1	=	0x0096
                    0097    630 _ST2	=	0x0097
                    00AD    631 _STLOAD	=	0x00ad
                    00BE    632 _SLEEPCMD	=	0x00be
                    009D    633 _SLEEPSTA	=	0x009d
                    00C6    634 _CLKCONCMD	=	0x00c6
                    009E    635 _CLKCONSTA	=	0x009e
                    00DA    636 _T1CC0L	=	0x00da
                    00DB    637 _T1CC0H	=	0x00db
                    00DC    638 _T1CC1L	=	0x00dc
                    00DD    639 _T1CC1H	=	0x00dd
                    00DE    640 _T1CC2L	=	0x00de
                    00DF    641 _T1CC2H	=	0x00df
                    00E2    642 _T1CNTL	=	0x00e2
                    00E3    643 _T1CNTH	=	0x00e3
                    00E4    644 _T1CTL	=	0x00e4
                    00E5    645 _T1CCTL0	=	0x00e5
                    00E6    646 _T1CCTL1	=	0x00e6
                    00E7    647 _T1CCTL2	=	0x00e7
                    00AF    648 _T1STAT	=	0x00af
                    0094    649 _T2CTRL	=	0x0094
                    009C    650 _T2EVTCFG	=	0x009c
                    00A1    651 _T2IRQF	=	0x00a1
                    00A2    652 _T2M0	=	0x00a2
                    00A3    653 _T2M1	=	0x00a3
                    00A4    654 _T2MOVF0	=	0x00a4
                    00A5    655 _T2MOVF1	=	0x00a5
                    00A6    656 _T2MOVF2	=	0x00a6
                    00A7    657 _T2IRQM	=	0x00a7
                    00C3    658 _T2MSEL	=	0x00c3
                    00CA    659 _T3CNT	=	0x00ca
                    00CB    660 _T3CTL	=	0x00cb
                    00CC    661 _T3CCTL0	=	0x00cc
                    00CD    662 _T3CC0	=	0x00cd
                    00CE    663 _T3CCTL1	=	0x00ce
                    00CF    664 _T3CC1	=	0x00cf
                    00EA    665 _T4CNT	=	0x00ea
                    00EB    666 _T4CTL	=	0x00eb
                    00EC    667 _T4CCTL0	=	0x00ec
                    00ED    668 _T4CC0	=	0x00ed
                    00EE    669 _T4CCTL1	=	0x00ee
                    00EF    670 _T4CC1	=	0x00ef
                    00D8    671 _TIMIF	=	0x00d8
                    0086    672 _U0CSR	=	0x0086
                    00C1    673 _U0DBUF	=	0x00c1
                    00C2    674 _U0BAUD	=	0x00c2
                    00C4    675 _U0UCR	=	0x00c4
                    00C5    676 _U0GCR	=	0x00c5
                    00F8    677 _U1CSR	=	0x00f8
                    00F9    678 _U1DBUF	=	0x00f9
                    00FA    679 _U1BAUD	=	0x00fa
                    00FB    680 _U1UCR	=	0x00fb
                    00FC    681 _U1GCR	=	0x00fc
                    00C9    682 _WDCTL	=	0x00c9
                            683 ;--------------------------------------------------------
                            684 ; special function bits
                            685 ;--------------------------------------------------------
                            686 	.area RSEG    (ABS,DATA)
   0000                     687 	.org 0x0000
                    0087    688 _P0_7	=	0x0087
                    0086    689 _P0_6	=	0x0086
                    0085    690 _P0_5	=	0x0085
                    0084    691 _P0_4	=	0x0084
                    0083    692 _P0_3	=	0x0083
                    0082    693 _P0_2	=	0x0082
                    0081    694 _P0_1	=	0x0081
                    0080    695 _P0_0	=	0x0080
                    008F    696 _URX1IF	=	0x008f
                    008D    697 _ADCIF	=	0x008d
                    008B    698 _URX0IF	=	0x008b
                    008A    699 _IT1	=	0x008a
                    0089    700 _RFERRIF	=	0x0089
                    0088    701 _IT0	=	0x0088
                    0097    702 _P1_7	=	0x0097
                    0096    703 _P1_6	=	0x0096
                    0095    704 _P1_5	=	0x0095
                    0094    705 _P1_4	=	0x0094
                    0093    706 _P1_3	=	0x0093
                    0092    707 _P1_2	=	0x0092
                    0091    708 _P1_1	=	0x0091
                    0090    709 _P1_0	=	0x0090
                    0099    710 _ENCIF_1	=	0x0099
                    0098    711 _ENCIF_0	=	0x0098
                    00A7    712 _P2_7	=	0x00a7
                    00A6    713 _P2_6	=	0x00a6
                    00A5    714 _P2_5	=	0x00a5
                    00A4    715 _P2_4	=	0x00a4
                    00A3    716 _P2_3	=	0x00a3
                    00A2    717 _P2_2	=	0x00a2
                    00A1    718 _P2_1	=	0x00a1
                    00A0    719 _P2_0	=	0x00a0
                    00AF    720 _EA	=	0x00af
                    00AD    721 _STIE	=	0x00ad
                    00AC    722 _ENCIE	=	0x00ac
                    00AB    723 _URX1IE	=	0x00ab
                    00AA    724 _URX0IE	=	0x00aa
                    00A9    725 _ADCIE	=	0x00a9
                    00A8    726 _RFERRIE	=	0x00a8
                    00BD    727 _P0IE	=	0x00bd
                    00BC    728 _T4IE	=	0x00bc
                    00BB    729 _T3IE	=	0x00bb
                    00BA    730 _T2IE	=	0x00ba
                    00B9    731 _T1IE	=	0x00b9
                    00B8    732 _DMAIE	=	0x00b8
                    00C7    733 _STIF	=	0x00c7
                    00C5    734 _P0IF	=	0x00c5
                    00C4    735 _T4IF	=	0x00c4
                    00C3    736 _T3IF	=	0x00c3
                    00C2    737 _T2IF	=	0x00c2
                    00C1    738 _T1IF	=	0x00c1
                    00C0    739 _DMAIF	=	0x00c0
                    00D7    740 _CY	=	0x00d7
                    00D6    741 _AC	=	0x00d6
                    00D5    742 _F0	=	0x00d5
                    00D4    743 _RS1	=	0x00d4
                    00D3    744 _RS0	=	0x00d3
                    00D2    745 _OV	=	0x00d2
                    00D1    746 _F1	=	0x00d1
                    00D0    747 _P	=	0x00d0
                    00E7    748 _ACC_7	=	0x00e7
                    00E6    749 _ACC_6	=	0x00e6
                    00E5    750 _ACC_5	=	0x00e5
                    00E4    751 _ACC_4	=	0x00e4
                    00E3    752 _ACC_3	=	0x00e3
                    00E2    753 _ACC_2	=	0x00e2
                    00E1    754 _ACC_1	=	0x00e1
                    00E0    755 _ACC_0	=	0x00e0
                    00EC    756 _WDTIF	=	0x00ec
                    00EB    757 _P1IF	=	0x00eb
                    00EA    758 _UTX1IF	=	0x00ea
                    00E9    759 _UTX0IF	=	0x00e9
                    00E8    760 _P2IF	=	0x00e8
                    00F7    761 _B_7	=	0x00f7
                    00F6    762 _B_6	=	0x00f6
                    00F5    763 _B_5	=	0x00f5
                    00F4    764 _B_4	=	0x00f4
                    00F3    765 _B_3	=	0x00f3
                    00F2    766 _B_2	=	0x00f2
                    00F1    767 _B_1	=	0x00f1
                    00F0    768 _B_0	=	0x00f0
                    00DE    769 _OVFIM	=	0x00de
                    00DD    770 _T4CH1IF	=	0x00dd
                    00DC    771 _T4CH0IF	=	0x00dc
                    00DB    772 _T4OVFIF	=	0x00db
                    00DA    773 _T3CH1IF	=	0x00da
                    00D9    774 _T3CH0IF	=	0x00d9
                    00D8    775 _T3OVFIF	=	0x00d8
                    00FF    776 _MODE	=	0x00ff
                    00FE    777 _RE	=	0x00fe
                    00FD    778 _SLAVE	=	0x00fd
                    00FC    779 _FE	=	0x00fc
                    00FB    780 _ERR	=	0x00fb
                    00FA    781 _RX_BYTE	=	0x00fa
                    00F9    782 _TX_BYTE	=	0x00f9
                    00F8    783 _ACTIVE	=	0x00f8
                            784 ;--------------------------------------------------------
                            785 ; overlayable register banks
                            786 ;--------------------------------------------------------
                            787 	.area REG_BANK_0	(REL,OVR,DATA)
   0000                     788 	.ds 8
                            789 ;--------------------------------------------------------
                            790 ; internal ram data
                            791 ;--------------------------------------------------------
                            792 	.area DSEG    (DATA)
                            793 ;--------------------------------------------------------
                            794 ; overlayable items in internal ram 
                            795 ;--------------------------------------------------------
                            796 	.area OSEG    (OVR,DATA)
                            797 ;--------------------------------------------------------
                            798 ; indirectly addressable internal ram data
                            799 ;--------------------------------------------------------
                            800 	.area ISEG    (DATA)
                            801 ;--------------------------------------------------------
                            802 ; absolute internal ram data
                            803 ;--------------------------------------------------------
                            804 	.area IABS    (ABS,DATA)
                            805 	.area IABS    (ABS,DATA)
                            806 ;--------------------------------------------------------
                            807 ; bit data
                            808 ;--------------------------------------------------------
                            809 	.area BSEG    (BIT)
                            810 ;--------------------------------------------------------
                            811 ; paged external ram data
                            812 ;--------------------------------------------------------
                            813 	.area PSEG    (PAG,XDATA)
                            814 ;--------------------------------------------------------
                            815 ; external ram data
                            816 ;--------------------------------------------------------
                            817 	.area XSEG    (XDATA)
                    61A6    818 _MONMUX	=	0x61a6
                    61A6    819 _OPAMPMC	=	0x61a6
                    6230    820 _I2CCFG	=	0x6230
                    6231    821 _I2CSTAT	=	0x6231
                    6232    822 _I2CDATA	=	0x6232
                    6233    823 _I2CADDR	=	0x6233
                    6234    824 _I2CWC	=	0x6234
                    6235    825 _I2CIO	=	0x6235
                    6243    826 _OBSSEL0	=	0x6243
                    6244    827 _OBSSEL1	=	0x6244
                    6245    828 _OBSSEL2	=	0x6245
                    6246    829 _OBSSEL3	=	0x6246
                    6247    830 _OBSSEL4	=	0x6247
                    6248    831 _OBSSEL5	=	0x6248
                    6249    832 _CHVER	=	0x6249
                    624A    833 _CHIPID	=	0x624a
                    624B    834 _TESTREG0	=	0x624b
                    6260    835 _DBGDATA	=	0x6260
                    6262    836 _SRCRC	=	0x6262
                    6264    837 _BATTMON	=	0x6264
                    6265    838 _IVCTRL	=	0x6265
                    6270    839 _FCTL	=	0x6270
                    6271    840 _FADDRL	=	0x6271
                    6272    841 _FADDRH	=	0x6272
                    6273    842 _FWDATA	=	0x6273
                    6276    843 _CHIPINFO0	=	0x6276
                    6277    844 _CHIPINFO1	=	0x6277
                    6281    845 _IRCTL	=	0x6281
                    6290    846 _CLD	=	0x6290
                    62A0    847 _XX_T1CCTL0	=	0x62a0
                    62A1    848 _XX_T1CCTL1	=	0x62a1
                    62A2    849 _XX_T1CCTL2	=	0x62a2
                    62A3    850 _T1CCTL3	=	0x62a3
                    62A4    851 _T1CCTL4	=	0x62a4
                    62A6    852 _XX_T1CC0L	=	0x62a6
                    62A7    853 _XX_T1CC0H	=	0x62a7
                    62A8    854 _XX_T1CC1L	=	0x62a8
                    62A9    855 _XX_T1CC1H	=	0x62a9
                    62AA    856 _XX_T1CC2L	=	0x62aa
                    62AB    857 _XX_T1CC2H	=	0x62ab
                    62AC    858 _T1CC3L	=	0x62ac
                    62AD    859 _T1CC3H	=	0x62ad
                    62AE    860 _T1CC4L	=	0x62ae
                    62AF    861 _T1CC4H	=	0x62af
                    62B0    862 _STCC	=	0x62b0
                    62B1    863 _STCS	=	0x62b1
                    62B2    864 _STCV0	=	0x62b2
                    62B3    865 _STCV1	=	0x62b3
                    62B4    866 _STCV2	=	0x62b4
                    62C0    867 _OPAMPC	=	0x62c0
                    62C1    868 _OPAMPS	=	0x62c1
                    62D0    869 _CMPCTL	=	0x62d0
                    6000    870 _RFCORE_RAM	=	0x6000
                    6000    871 _RXFIFO	=	0x6000
                    6080    872 _TXFIFO	=	0x6080
                    6100    873 _SRC_ADDR_TABLE	=	0x6100
                    6160    874 _SRCRESMASK0	=	0x6160
                    6161    875 _SRCRESMASK1	=	0x6161
                    6162    876 _SRCRESMASK2	=	0x6162
                    6163    877 _SRCRESINDEX	=	0x6163
                    6164    878 _SRCEXTPENDEN0	=	0x6164
                    6165    879 _SRCEXTPENDEN1	=	0x6165
                    6166    880 _SRCEXTPENDEN2	=	0x6166
                    6167    881 _SRCSHORTPENDEN0	=	0x6167
                    6168    882 _SRCSHORTPENDEN1	=	0x6168
                    6169    883 _SRCSHORTPENDEN2	=	0x6169
                    616A    884 _EXT_ADDR0	=	0x616a
                    616B    885 _EXT_ADDR1	=	0x616b
                    616C    886 _EXT_ADDR2	=	0x616c
                    616D    887 _EXT_ADDR3	=	0x616d
                    616E    888 _EXT_ADDR4	=	0x616e
                    616F    889 _EXT_ADDR5	=	0x616f
                    6170    890 _EXT_ADDR6	=	0x6170
                    6171    891 _EXT_ADDR7	=	0x6171
                    6172    892 _PAN_ID0	=	0x6172
                    6173    893 _PAN_ID1	=	0x6173
                    6174    894 _SHORT_ADDR0	=	0x6174
                    6175    895 _SHORT_ADDR1	=	0x6175
                    6180    896 _FRMFILT0	=	0x6180
                    6181    897 _FRMFILT1	=	0x6181
                    6182    898 _SRCMATCH	=	0x6182
                    6183    899 _SRCSHORTEN0	=	0x6183
                    6184    900 _SRCSHORTEN1	=	0x6184
                    6185    901 _SRCSHORTEN2	=	0x6185
                    6186    902 _SRCEXTEN0	=	0x6186
                    6187    903 _SRCEXTEN1	=	0x6187
                    6188    904 _SRCEXTEN2	=	0x6188
                    6189    905 _FRMCTRL0	=	0x6189
                    618A    906 _FRMCTRL1	=	0x618a
                    618B    907 _RXENABLE	=	0x618b
                    618C    908 _RXMASKSET	=	0x618c
                    618D    909 _RXMASKCLR	=	0x618d
                    618E    910 _FREQTUNE	=	0x618e
                    618F    911 _FREQCTRL	=	0x618f
                    6190    912 _TXPOWER	=	0x6190
                    6191    913 _TXCTRL	=	0x6191
                    6192    914 _FSMSTAT0	=	0x6192
                    6193    915 _FSMSTAT1	=	0x6193
                    6194    916 _FIFOPCTRL	=	0x6194
                    6195    917 _FSMCTRL	=	0x6195
                    6196    918 _CCACTRL0	=	0x6196
                    6197    919 _CCACTRL1	=	0x6197
                    6198    920 _RSSI	=	0x6198
                    6199    921 _RSSISTAT	=	0x6199
                    619A    922 _RXFIRST	=	0x619a
                    619B    923 _RXFIFOCNT	=	0x619b
                    619C    924 _TXFIFOCNT	=	0x619c
                    619D    925 _RXFIRST_PTR	=	0x619d
                    619E    926 _RXLAST_PTR	=	0x619e
                    619F    927 _RXP1_PTR	=	0x619f
                    61A1    928 _TXFIRST_PTR	=	0x61a1
                    61A2    929 _TXLAST_PTR	=	0x61a2
                    61A3    930 _RFIRQM0	=	0x61a3
                    61A4    931 _RFIRQM1	=	0x61a4
                    61A5    932 _RFERRM	=	0x61a5
                    61A7    933 _RFRND	=	0x61a7
                    61A8    934 _MDMCTRL0	=	0x61a8
                    61A9    935 _MDMCTRL1	=	0x61a9
                    61AA    936 _FREQEST	=	0x61aa
                    61AB    937 _RXCTRL	=	0x61ab
                    61AC    938 _FSCTRL	=	0x61ac
                    61AD    939 _FSCAL0	=	0x61ad
                    61AE    940 _FSCAL1	=	0x61ae
                    61AF    941 _FSCAL2	=	0x61af
                    61B0    942 _FSCAL3	=	0x61b0
                    61B1    943 _AGCCTRL0	=	0x61b1
                    61B2    944 _AGCCTRL1	=	0x61b2
                    61B3    945 _AGCCTRL2	=	0x61b3
                    61B4    946 _AGCCTRL3	=	0x61b4
                    61B5    947 _ADCTEST0	=	0x61b5
                    61B6    948 _ADCTEST1	=	0x61b6
                    61B7    949 _ADCTEST2	=	0x61b7
                    61B8    950 _MDMTEST0	=	0x61b8
                    61B9    951 _MDMTEST1	=	0x61b9
                    61BA    952 _DACTEST0	=	0x61ba
                    61BB    953 _DACTEST1	=	0x61bb
                    61BC    954 _DACTEST2	=	0x61bc
                    61BD    955 _ATEST	=	0x61bd
                    61BE    956 _PTEST0	=	0x61be
                    61BF    957 _PTEST1	=	0x61bf
                    61FA    958 _TXFILTCFG	=	0x61fa
                    61EB    959 _RFC_OBS_CTRL0	=	0x61eb
                    61EC    960 _RFC_OBS_CTRL1	=	0x61ec
                    61ED    961 _RFC_OBS_CTRL2	=	0x61ed
                    61C0    962 _CSPPROG0	=	0x61c0
                    61C1    963 _CSPPROG1	=	0x61c1
                    61C2    964 _CSPPROG2	=	0x61c2
                    61C3    965 _CSPPROG3	=	0x61c3
                    61C4    966 _CSPPROG4	=	0x61c4
                    61C5    967 _CSPPROG5	=	0x61c5
                    61C6    968 _CSPPROG6	=	0x61c6
                    61C7    969 _CSPPROG7	=	0x61c7
                    61C8    970 _CSPPROG8	=	0x61c8
                    61C9    971 _CSPPROG9	=	0x61c9
                    61CA    972 _CSPPROG10	=	0x61ca
                    61CB    973 _CSPPROG11	=	0x61cb
                    61CC    974 _CSPPROG12	=	0x61cc
                    61CD    975 _CSPPROG13	=	0x61cd
                    61CE    976 _CSPPROG14	=	0x61ce
                    61CF    977 _CSPPROG15	=	0x61cf
                    61D0    978 _CSPPROG16	=	0x61d0
                    61D1    979 _CSPPROG17	=	0x61d1
                    61D2    980 _CSPPROG18	=	0x61d2
                    61D3    981 _CSPPROG19	=	0x61d3
                    61D4    982 _CSPPROG20	=	0x61d4
                    61D5    983 _CSPPROG21	=	0x61d5
                    61D6    984 _CSPPROG22	=	0x61d6
                    61D7    985 _CSPPROG23	=	0x61d7
                    61E0    986 _CSPCTRL	=	0x61e0
                    61E1    987 _CSPSTAT	=	0x61e1
                    61E2    988 _CSPX	=	0x61e2
                    61E3    989 _CSPY	=	0x61e3
                    61E4    990 _CSPZ	=	0x61e4
                    61E5    991 _CSPT	=	0x61e5
                    6200    992 _USBADDR	=	0x6200
                    6201    993 _USBPOW	=	0x6201
                    6202    994 _USBIIF	=	0x6202
                    6204    995 _USBOIF	=	0x6204
                    6206    996 _USBCIF	=	0x6206
                    6207    997 _USBIIE	=	0x6207
                    6209    998 _USBOIE	=	0x6209
                    620B    999 _USBCIE	=	0x620b
                    620C   1000 _USBFRML	=	0x620c
                    620D   1001 _USBFRMH	=	0x620d
                    620E   1002 _USBINDEX	=	0x620e
                    620F   1003 _USBCTRL	=	0x620f
                    6210   1004 _USBMAXI	=	0x6210
                    6211   1005 _USBCS0	=	0x6211
                    6211   1006 _USBCSIL	=	0x6211
                    6212   1007 _USBCSIH	=	0x6212
                    6213   1008 _USBMAXO	=	0x6213
                    6214   1009 _USBCSOL	=	0x6214
                    6215   1010 _USBCSOH	=	0x6215
                    6216   1011 _USBCNT0	=	0x6216
                    6216   1012 _USBCNTL	=	0x6216
                    6217   1013 _USBCNTH	=	0x6217
                    6220   1014 _USBF0	=	0x6220
                    6222   1015 _USBF1	=	0x6222
                    6224   1016 _USBF2	=	0x6224
                    6226   1017 _USBF3	=	0x6226
                    6228   1018 _USBF4	=	0x6228
                    622A   1019 _USBF5	=	0x622a
                    7080   1020 _X_P0	=	0x7080
                    7086   1021 _X_U0CSR	=	0x7086
                    7089   1022 _X_P0IFG	=	0x7089
                    708A   1023 _X_P1IFG	=	0x708a
                    708B   1024 _X_P2IFG	=	0x708b
                    708C   1025 _X_PICTL	=	0x708c
                    708D   1026 _X_P1IEN	=	0x708d
                    708F   1027 _X_P0INP	=	0x708f
                    7090   1028 _X_P1	=	0x7090
                    7091   1029 _X_RFIRQF1	=	0x7091
                    7093   1030 _X_MPAGE	=	0x7093
                    7093   1031 _X__XPAGE	=	0x7093
                    7094   1032 _X_T2CTRL	=	0x7094
                    7095   1033 _X_ST0	=	0x7095
                    7096   1034 _X_ST1	=	0x7096
                    7097   1035 _X_ST2	=	0x7097
                    709C   1036 _X_T2EVTCFG	=	0x709c
                    709D   1037 _X_SLEEPSTA	=	0x709d
                    709E   1038 _X_CLKCONSTA	=	0x709e
                    709F   1039 _X_FMAP	=	0x709f
                    709F   1040 _X_PSBANK	=	0x709f
                    70A0   1041 _X_P2	=	0x70a0
                    70A1   1042 _X_T2IRQF	=	0x70a1
                    70A2   1043 _X_T2M0	=	0x70a2
                    70A3   1044 _X_T2M1	=	0x70a3
                    70A4   1045 _X_T2MOVF0	=	0x70a4
                    70A5   1046 _X_T2MOVF1	=	0x70a5
                    70A6   1047 _X_T2MOVF2	=	0x70a6
                    70A7   1048 _X_T2IRQM	=	0x70a7
                    70AB   1049 _X_P0IEN	=	0x70ab
                    70AC   1050 _X_P2IEN	=	0x70ac
                    70AD   1051 _X_STLOAD	=	0x70ad
                    70AE   1052 _X_PMUX	=	0x70ae
                    70AF   1053 _X_T1STAT	=	0x70af
                    70B1   1054 _X_ENCDI	=	0x70b1
                    70B2   1055 _X_ENCDO	=	0x70b2
                    70B3   1056 _X_ENCCS	=	0x70b3
                    70B4   1057 _X_ADCCON1	=	0x70b4
                    70B5   1058 _X_ADCCON2	=	0x70b5
                    70B6   1059 _X_ADCCON3	=	0x70b6
                    70BA   1060 _X_ADCL	=	0x70ba
                    70BB   1061 _X_ADCH	=	0x70bb
                    70BC   1062 _X_RNDL	=	0x70bc
                    70BD   1063 _X_RNDH	=	0x70bd
                    70BE   1064 _X_SLEEPCMD	=	0x70be
                    70BF   1065 _X_RFERRF	=	0x70bf
                    70C1   1066 _X_U0DBUF	=	0x70c1
                    70C2   1067 _X_U0BAUD	=	0x70c2
                    70C3   1068 _X_T2MSEL	=	0x70c3
                    70C4   1069 _X_U0UCR	=	0x70c4
                    70C5   1070 _X_U0GCR	=	0x70c5
                    70C6   1071 _X_CLKCONCMD	=	0x70c6
                    70C7   1072 _X_MEMCTR	=	0x70c7
                    70C9   1073 _X_WDCTL	=	0x70c9
                    70CA   1074 _X_T3CNT	=	0x70ca
                    70CB   1075 _X_T3CTL	=	0x70cb
                    70CC   1076 _X_T3CCTL0	=	0x70cc
                    70CD   1077 _X_T3CC0	=	0x70cd
                    70CE   1078 _X_T3CCTL1	=	0x70ce
                    70CF   1079 _X_T3CC1	=	0x70cf
                    70D1   1080 _X_DMAIRQ	=	0x70d1
                    70D2   1081 _X_DMA1CFGL	=	0x70d2
                    70D3   1082 _X_DMA1CFGH	=	0x70d3
                    70D4   1083 _X_DMA0CFGL	=	0x70d4
                    70D5   1084 _X_DMA0CFGH	=	0x70d5
                    70D6   1085 _X_DMAARM	=	0x70d6
                    70D7   1086 _X_DMAREQ	=	0x70d7
                    70D8   1087 _X_TIMIF	=	0x70d8
                    70D9   1088 _X_RFD	=	0x70d9
                    70DA   1089 _X_T1CC0L	=	0x70da
                    70DB   1090 _X_T1CC0H	=	0x70db
                    70DC   1091 _X_T1CC1L	=	0x70dc
                    70DD   1092 _X_T1CC1H	=	0x70dd
                    70DE   1093 _X_T1CC2L	=	0x70de
                    70DF   1094 _X_T1CC2H	=	0x70df
                    70E1   1095 _X_RFST	=	0x70e1
                    70E2   1096 _X_T1CNTL	=	0x70e2
                    70E3   1097 _X_T1CNTH	=	0x70e3
                    70E4   1098 _X_T1CTL	=	0x70e4
                    70E5   1099 _X_T1CCTL0	=	0x70e5
                    70E6   1100 _X_T1CCTL1	=	0x70e6
                    70E7   1101 _X_T1CCTL2	=	0x70e7
                    70E9   1102 _X_RFIRQF0	=	0x70e9
                    70EA   1103 _X_T4CNT	=	0x70ea
                    70EB   1104 _X_T4CTL	=	0x70eb
                    70EC   1105 _X_T4CCTL0	=	0x70ec
                    70ED   1106 _X_T4CC0	=	0x70ed
                    70EE   1107 _X_T4CCTL1	=	0x70ee
                    70EF   1108 _X_T4CC1	=	0x70ef
                    70F1   1109 _X_PERCFG	=	0x70f1
                    70F2   1110 _X_APCFG	=	0x70f2
                    70F3   1111 _X_P0SEL	=	0x70f3
                    70F4   1112 _X_P1SEL	=	0x70f4
                    70F5   1113 _X_P2SEL	=	0x70f5
                    70F6   1114 _X_P1INP	=	0x70f6
                    70F7   1115 _X_P2INP	=	0x70f7
                    70F8   1116 _X_U1CSR	=	0x70f8
                    70F9   1117 _X_U1DBUF	=	0x70f9
                    70FA   1118 _X_U1BAUD	=	0x70fa
                    70FB   1119 _X_U1UCR	=	0x70fb
                    70FC   1120 _X_U1GCR	=	0x70fc
                    70FD   1121 _X_P0DIR	=	0x70fd
                    70FE   1122 _X_P1DIR	=	0x70fe
                    70FF   1123 _X_P2DIR	=	0x70ff
                    7800   1124 _X_INFOPAGE	=	0x7800
                    780C   1125 _X_IEEE_ADDR	=	0x780c
   0000                    1126 _g_object_devinfo::
   0000                    1127 	.ds 22
   0016                    1128 _g_resource_name::
   0016                    1129 	.ds 23
   002D                    1130 _g_object_temp::
   002D                    1131 	.ds 22
   0043                    1132 _g_resource_sensor_value::
   0043                    1133 	.ds 23
   005A                    1134 _g_resource_units::
   005A                    1135 	.ds 23
                           1136 ;--------------------------------------------------------
                           1137 ; absolute external ram data
                           1138 ;--------------------------------------------------------
                           1139 	.area XABS    (ABS,XDATA)
                           1140 ;--------------------------------------------------------
                           1141 ; external initialized ram data
                           1142 ;--------------------------------------------------------
                           1143 	.area XISEG   (XDATA)
                           1144 	.area HOME    (CODE)
                           1145 	.area GSINIT0 (CODE)
                           1146 	.area GSINIT1 (CODE)
                           1147 	.area GSINIT2 (CODE)
                           1148 	.area GSINIT3 (CODE)
                           1149 	.area GSINIT4 (CODE)
                           1150 	.area GSINIT5 (CODE)
                           1151 	.area GSINIT  (CODE)
                           1152 	.area GSFINAL (CODE)
                           1153 	.area CSEG    (CODE)
                           1154 ;--------------------------------------------------------
                           1155 ; global & static initialisations
                           1156 ;--------------------------------------------------------
                           1157 	.area HOME    (CODE)
                           1158 	.area GSINIT  (CODE)
                           1159 	.area GSFINAL (CODE)
                           1160 	.area GSINIT  (CODE)
                           1161 ;--------------------------------------------------------
                           1162 ; Home
                           1163 ;--------------------------------------------------------
                           1164 	.area HOME    (CODE)
                           1165 	.area HOME    (CODE)
                           1166 ;--------------------------------------------------------
                           1167 ; code
                           1168 ;--------------------------------------------------------
                           1169 	.area BANK1   (CODE)
                           1170 ;------------------------------------------------------------
                           1171 ;Allocation info for local variables in function 'create_device'
                           1172 ;------------------------------------------------------------
                           1173 ;retval                    Allocated to registers r6 r7 
                           1174 ;res_instance              Allocated to registers r2 r3 r4 
                           1175 ;obj_instance              Allocated to stack - sp -20
                           1176 ;value                     Allocated to stack - sp -17
                           1177 ;device_id                 Allocated to stack - sp -9
                           1178 ;sloc0                     Allocated to stack - sp -1
                           1179 ;------------------------------------------------------------
                           1180 ;	device_profile.c:19: bool create_device()
                           1181 ;	-----------------------------------------
                           1182 ;	 function create_device
                           1183 ;	-----------------------------------------
   0000                    1184 _create_device:
                    0007   1185 	ar7 = 0x07
                    0006   1186 	ar6 = 0x06
                    0005   1187 	ar5 = 0x05
                    0004   1188 	ar4 = 0x04
                    0003   1189 	ar3 = 0x03
                    0002   1190 	ar2 = 0x02
                    0001   1191 	ar1 = 0x01
                    0000   1192 	ar0 = 0x00
   0000 E5 81              1193 	mov	a,sp
   0002 24 15              1194 	add	a,#0x15
                           1195 ;	device_profile.c:25: uint8_t device_id[] = {1,2,3,4,
   0004 F5 81              1196 	mov	sp,a
   0006 24 F7              1197 	add	a,#0xF7
   0008 F9                 1198 	mov	r1,a
   0009 77 01              1199 	mov	@r1,#0x01
   000B E9                 1200 	mov	a,r1
   000C 04                 1201 	inc	a
   000D F8                 1202 	mov	r0,a
   000E 74 02              1203 	mov	a,#0x02
   0010 F6                 1204 	mov	@r0,a
   0011 29                 1205 	add	a,r1
   0012 F8                 1206 	mov	r0,a
   0013 74 03              1207 	mov	a,#0x03
   0015 F6                 1208 	mov	@r0,a
   0016 29                 1209 	add	a,r1
   0017 F8                 1210 	mov	r0,a
   0018 74 04              1211 	mov	a,#0x04
   001A F6                 1212 	mov	@r0,a
   001B 29                 1213 	add	a,r1
   001C F8                 1214 	mov	r0,a
   001D 74 05              1215 	mov	a,#0x05
   001F F6                 1216 	mov	@r0,a
   0020 29                 1217 	add	a,r1
   0021 F8                 1218 	mov	r0,a
   0022 74 06              1219 	mov	a,#0x06
   0024 F6                 1220 	mov	@r0,a
   0025 29                 1221 	add	a,r1
   0026 F8                 1222 	mov	r0,a
   0027 74 07              1223 	mov	a,#0x07
   0029 F6                 1224 	mov	@r0,a
   002A 29                 1225 	add	a,r1
   002B F8                 1226 	mov	r0,a
   002C 76 08              1227 	mov	@r0,#0x08
                           1228 ;	device_profile.c:28: retval = device_init(device_id);
   002E 89 07              1229 	mov	ar7,r1
   0030 7E 00              1230 	mov	r6,#0x00
   0032 7D 40              1231 	mov	r5,#0x40
   0034 8F 82              1232 	mov	dpl,r7
   0036 8E 83              1233 	mov	dph,r6
   0038 8D F0              1234 	mov	b,r5
   003A 78r00              1235 	mov	r0,#_device_init
   003C 79s00              1236 	mov	r1,#(_device_init >> 8)
   003E 7As00              1237 	mov	r2,#(_device_init >> 16)
   0040 12s00r00           1238 	lcall	__sdcc_banked_call
   0043 AE 82              1239 	mov	r6,dpl
   0045 AF 83              1240 	mov	r7,dph
                           1241 ;	device_profile.c:29: if (retval == FAIL) {
   0047 EE                 1242 	mov	a,r6
   0048 4F                 1243 	orl	a,r7
   0049 70 1F              1244 	jnz	00102$
                           1245 ;	device_profile.c:30: PRINTF("device init fail\n");
   004B 74r00              1246 	mov	a,#__str_0
   004D C0 E0              1247 	push	acc
   004F 74s00              1248 	mov	a,#(__str_0 >> 8)
   0051 C0 E0              1249 	push	acc
   0053 74 80              1250 	mov	a,#0x80
   0055 C0 E0              1251 	push	acc
   0057 78r00              1252 	mov	r0,#_printf
   0059 79s00              1253 	mov	r1,#(_printf >> 8)
   005B 7As00              1254 	mov	r2,#(_printf >> 16)
   005D 12s00r00           1255 	lcall	__sdcc_banked_call
   0060 15 81              1256 	dec	sp
   0062 15 81              1257 	dec	sp
   0064 15 81              1258 	dec	sp
                           1259 ;	device_profile.c:31: return false;
   0066 C3                 1260 	clr	c
   0067 02s03r4B           1261 	ljmp	00119$
   006A                    1262 00102$:
                           1263 ;	device_profile.c:35: obj_instance = &g_object_devinfo;
   006A E5 81              1264 	mov	a,sp
   006C 24 EC              1265 	add	a,#0xec
   006E F8                 1266 	mov	r0,a
   006F 76r00              1267 	mov	@r0,#_g_object_devinfo
   0071 08                 1268 	inc	r0
   0072 76s00              1269 	mov	@r0,#(_g_object_devinfo >> 8)
   0074 08                 1270 	inc	r0
   0075 76 00              1271 	mov	@r0,#0x00
                           1272 ;	device_profile.c:37: object_instance_init(obj_instance, "DevInfo", 3100);
   0077 74 1C              1273 	mov	a,#0x1C
   0079 C0 E0              1274 	push	acc
   007B 74 0C              1275 	mov	a,#0x0C
   007D C0 E0              1276 	push	acc
   007F 74r12              1277 	mov	a,#__str_1
   0081 C0 E0              1278 	push	acc
   0083 74s00              1279 	mov	a,#(__str_1 >> 8)
   0085 C0 E0              1280 	push	acc
   0087 74 80              1281 	mov	a,#0x80
   0089 C0 E0              1282 	push	acc
   008B E5 81              1283 	mov	a,sp
   008D 24 E7              1284 	add	a,#0xe7
   008F F8                 1285 	mov	r0,a
   0090 86 82              1286 	mov	dpl,@r0
   0092 08                 1287 	inc	r0
   0093 86 83              1288 	mov	dph,@r0
   0095 08                 1289 	inc	r0
   0096 86 F0              1290 	mov	b,@r0
   0098 78r00              1291 	mov	r0,#_object_instance_init
   009A 79s00              1292 	mov	r1,#(_object_instance_init >> 8)
   009C 7As00              1293 	mov	r2,#(_object_instance_init >> 16)
   009E 12s00r00           1294 	lcall	__sdcc_banked_call
   00A1 E5 81              1295 	mov	a,sp
   00A3 24 FB              1296 	add	a,#0xfb
                           1297 ;	device_profile.c:39: if (!device_insert_object(obj_instance)) {
   00A5 F5 81              1298 	mov	sp,a
   00A7 24 EC              1299 	add	a,#0xec
   00A9 F8                 1300 	mov	r0,a
   00AA 86 82              1301 	mov	dpl,@r0
   00AC 08                 1302 	inc	r0
   00AD 86 83              1303 	mov	dph,@r0
   00AF 08                 1304 	inc	r0
   00B0 86 F0              1305 	mov	b,@r0
   00B2 78r00              1306 	mov	r0,#_device_insert_object
   00B4 79s00              1307 	mov	r1,#(_device_insert_object >> 8)
   00B6 7As00              1308 	mov	r2,#(_device_insert_object >> 16)
   00B8 12s00r00           1309 	lcall	__sdcc_banked_call
   00BB E5 82              1310 	mov	a,dpl
   00BD 85 83 F0           1311 	mov	b,dph
   00C0 45 F0              1312 	orl	a,b
   00C2 70 04              1313 	jnz	00104$
                           1314 ;	device_profile.c:40: return false;
   00C4 C3                 1315 	clr	c
   00C5 02s03r4B           1316 	ljmp	00119$
   00C8                    1317 00104$:
                           1318 ;	device_profile.c:43: strncpy(value.string_value, "Temp Sensor", MAX_RES_STR_VALUE_LEN);
   00C8 E5 81              1319 	mov	a,sp
   00CA 24 EF              1320 	add	a,#0xEF
   00CC FC                 1321 	mov	r4,a
   00CD 7B 00              1322 	mov	r3,#0x00
   00CF 7A 40              1323 	mov	r2,#0x40
   00D1 74 08              1324 	mov	a,#0x08
   00D3 C0 E0              1325 	push	acc
   00D5 E4                 1326 	clr	a
   00D6 C0 E0              1327 	push	acc
   00D8 74r1A              1328 	mov	a,#__str_2
   00DA C0 E0              1329 	push	acc
   00DC 74s00              1330 	mov	a,#(__str_2 >> 8)
   00DE C0 E0              1331 	push	acc
   00E0 74 80              1332 	mov	a,#0x80
   00E2 C0 E0              1333 	push	acc
   00E4 8C 82              1334 	mov	dpl,r4
   00E6 8B 83              1335 	mov	dph,r3
   00E8 8A F0              1336 	mov	b,r2
   00EA 78r00              1337 	mov	r0,#_strncpy
   00EC 79s00              1338 	mov	r1,#(_strncpy >> 8)
   00EE 7As00              1339 	mov	r2,#(_strncpy >> 16)
   00F0 12s00r00           1340 	lcall	__sdcc_banked_call
   00F3 E5 81              1341 	mov	a,sp
   00F5 24 FB              1342 	add	a,#0xfb
   00F7 F5 81              1343 	mov	sp,a
                           1344 ;	device_profile.c:45: res_instance = &g_resource_name;
   00F9 7Ar16              1345 	mov	r2,#_g_resource_name
   00FB 7Bs00              1346 	mov	r3,#(_g_resource_name >> 8)
   00FD 7C 00              1347 	mov	r4,#0x00
                           1348 ;	device_profile.c:48: &value, NULL, NULL)) {
   00FF E5 81              1349 	mov	a,sp
   0101 24 EF              1350 	add	a,#0xEF
   0103 FF                 1351 	mov	r7,a
   0104 7E 00              1352 	mov	r6,#0x00
   0106 7D 40              1353 	mov	r5,#0x40
                           1354 ;	device_profile.c:47: if (!resource_instance_init(res_instance, 5105, 
   0108 C0 04              1355 	push	ar4
   010A C0 03              1356 	push	ar3
   010C C0 02              1357 	push	ar2
   010E E4                 1358 	clr	a
   010F C0 E0              1359 	push	acc
   0111 C0 E0              1360 	push	acc
   0113 74 80              1361 	mov	a,#0x80
   0115 C0 E0              1362 	push	acc
   0117 E4                 1363 	clr	a
   0118 C0 E0              1364 	push	acc
   011A C0 E0              1365 	push	acc
   011C 74 80              1366 	mov	a,#0x80
   011E C0 E0              1367 	push	acc
   0120 C0 07              1368 	push	ar7
   0122 C0 06              1369 	push	ar6
   0124 C0 05              1370 	push	ar5
   0126 74 F1              1371 	mov	a,#0xF1
   0128 C0 E0              1372 	push	acc
   012A 74 13              1373 	mov	a,#0x13
   012C C0 E0              1374 	push	acc
   012E 8A 82              1375 	mov	dpl,r2
   0130 8B 83              1376 	mov	dph,r3
   0132 8C F0              1377 	mov	b,r4
   0134 78r00              1378 	mov	r0,#_resource_instance_init
   0136 79s00              1379 	mov	r1,#(_resource_instance_init >> 8)
   0138 7As00              1380 	mov	r2,#(_resource_instance_init >> 16)
   013A 12s00r00           1381 	lcall	__sdcc_banked_call
   013D AE 82              1382 	mov	r6,dpl
   013F AF 83              1383 	mov	r7,dph
   0141 E5 81              1384 	mov	a,sp
   0143 24 F5              1385 	add	a,#0xf5
   0145 F5 81              1386 	mov	sp,a
   0147 D0 02              1387 	pop	ar2
   0149 D0 03              1388 	pop	ar3
   014B D0 04              1389 	pop	ar4
   014D EE                 1390 	mov	a,r6
   014E 4F                 1391 	orl	a,r7
   014F 70 04              1392 	jnz	00106$
                           1393 ;	device_profile.c:49: return false;
   0151 C3                 1394 	clr	c
   0152 02s03r4B           1395 	ljmp	00119$
   0155                    1396 00106$:
                           1397 ;	device_profile.c:52: if (!object_instance_insert_resource(obj_instance, res_instance)) {
   0155 C0 02              1398 	push	ar2
   0157 C0 03              1399 	push	ar3
   0159 C0 04              1400 	push	ar4
   015B E5 81              1401 	mov	a,sp
   015D 24 E9              1402 	add	a,#0xe9
   015F F8                 1403 	mov	r0,a
   0160 86 82              1404 	mov	dpl,@r0
   0162 08                 1405 	inc	r0
   0163 86 83              1406 	mov	dph,@r0
   0165 08                 1407 	inc	r0
   0166 86 F0              1408 	mov	b,@r0
   0168 78r00              1409 	mov	r0,#_object_instance_insert_resource
   016A 79s00              1410 	mov	r1,#(_object_instance_insert_resource >> 8)
   016C 7As00              1411 	mov	r2,#(_object_instance_insert_resource >> 16)
   016E 12s00r00           1412 	lcall	__sdcc_banked_call
   0171 C8                 1413 	xch	a,r0
   0172 E5 81              1414 	mov	a,sp
   0174 24 FC              1415 	add	a,#0xfc
   0176 C8                 1416 	xch	a,r0
   0177 A6 82              1417 	mov	@r0,dpl
   0179 08                 1418 	inc	r0
   017A A6 83              1419 	mov	@r0,dph
   017C 15 81              1420 	dec	sp
   017E 15 81              1421 	dec	sp
   0180 15 81              1422 	dec	sp
   0182 A8 81              1423 	mov	r0,sp
   0184 18                 1424 	dec	r0
   0185 E6                 1425 	mov	a,@r0
   0186 08                 1426 	inc	r0
   0187 46                 1427 	orl	a,@r0
   0188 70 04              1428 	jnz	00108$
                           1429 ;	device_profile.c:53: return false;
   018A C3                 1430 	clr	c
   018B 02s03r4B           1431 	ljmp	00119$
   018E                    1432 00108$:
                           1433 ;	device_profile.c:57: obj_instance = &g_object_temp;
   018E E5 81              1434 	mov	a,sp
   0190 24 EC              1435 	add	a,#0xec
   0192 F8                 1436 	mov	r0,a
   0193 76r2D              1437 	mov	@r0,#_g_object_temp
   0195 08                 1438 	inc	r0
   0196 76s00              1439 	mov	@r0,#(_g_object_temp >> 8)
   0198 08                 1440 	inc	r0
   0199 76 00              1441 	mov	@r0,#0x00
                           1442 ;	device_profile.c:59: object_instance_init(obj_instance, "Temp", 3303);
   019B 74 E7              1443 	mov	a,#0xE7
   019D C0 E0              1444 	push	acc
   019F 74 0C              1445 	mov	a,#0x0C
   01A1 C0 E0              1446 	push	acc
   01A3 74r26              1447 	mov	a,#__str_3
   01A5 C0 E0              1448 	push	acc
   01A7 74s00              1449 	mov	a,#(__str_3 >> 8)
   01A9 C0 E0              1450 	push	acc
   01AB 74 80              1451 	mov	a,#0x80
   01AD C0 E0              1452 	push	acc
   01AF E5 81              1453 	mov	a,sp
   01B1 24 E7              1454 	add	a,#0xe7
   01B3 F8                 1455 	mov	r0,a
   01B4 86 82              1456 	mov	dpl,@r0
   01B6 08                 1457 	inc	r0
   01B7 86 83              1458 	mov	dph,@r0
   01B9 08                 1459 	inc	r0
   01BA 86 F0              1460 	mov	b,@r0
   01BC 78r00              1461 	mov	r0,#_object_instance_init
   01BE 79s00              1462 	mov	r1,#(_object_instance_init >> 8)
   01C0 7As00              1463 	mov	r2,#(_object_instance_init >> 16)
   01C2 12s00r00           1464 	lcall	__sdcc_banked_call
   01C5 E5 81              1465 	mov	a,sp
   01C7 24 FB              1466 	add	a,#0xfb
                           1467 ;	device_profile.c:61: if (!device_insert_object(obj_instance)) {
   01C9 F5 81              1468 	mov	sp,a
   01CB 24 EC              1469 	add	a,#0xec
   01CD F8                 1470 	mov	r0,a
   01CE 86 82              1471 	mov	dpl,@r0
   01D0 08                 1472 	inc	r0
   01D1 86 83              1473 	mov	dph,@r0
   01D3 08                 1474 	inc	r0
   01D4 86 F0              1475 	mov	b,@r0
   01D6 78r00              1476 	mov	r0,#_device_insert_object
   01D8 79s00              1477 	mov	r1,#(_device_insert_object >> 8)
   01DA 7As00              1478 	mov	r2,#(_device_insert_object >> 16)
   01DC 12s00r00           1479 	lcall	__sdcc_banked_call
   01DF E5 82              1480 	mov	a,dpl
   01E1 85 83 F0           1481 	mov	b,dph
   01E4 45 F0              1482 	orl	a,b
   01E6 70 04              1483 	jnz	00110$
                           1484 ;	device_profile.c:62: return false;
   01E8 C3                 1485 	clr	c
   01E9 02s03r4B           1486 	ljmp	00119$
   01EC                    1487 00110$:
                           1488 ;	device_profile.c:65: get_temperature(&value);
   01EC E5 81              1489 	mov	a,sp
   01EE 24 EF              1490 	add	a,#0xEF
   01F0 FF                 1491 	mov	r7,a
   01F1 7E 00              1492 	mov	r6,#0x00
   01F3 7D 40              1493 	mov	r5,#0x40
   01F5 8F 82              1494 	mov	dpl,r7
   01F7 8E 83              1495 	mov	dph,r6
   01F9 8D F0              1496 	mov	b,r5
   01FB 78r00              1497 	mov	r0,#_get_temperature
   01FD 79s00              1498 	mov	r1,#(_get_temperature >> 8)
   01FF 7As00              1499 	mov	r2,#(_get_temperature >> 16)
   0201 12s00r00           1500 	lcall	__sdcc_banked_call
                           1501 ;	device_profile.c:67: res_instance = &g_resource_sensor_value;
   0204 7Ar43              1502 	mov	r2,#_g_resource_sensor_value
   0206 7Bs00              1503 	mov	r3,#(_g_resource_sensor_value >> 8)
   0208 7C 00              1504 	mov	r4,#0x00
                           1505 ;	device_profile.c:70: &value, get_temperature, NULL)) {
   020A E5 81              1506 	mov	a,sp
   020C 24 EF              1507 	add	a,#0xEF
   020E FF                 1508 	mov	r7,a
   020F 7E 00              1509 	mov	r6,#0x00
   0211 7D 40              1510 	mov	r5,#0x40
                           1511 ;	device_profile.c:69: if (!resource_instance_init(res_instance, 5700, 
   0213 C0 04              1512 	push	ar4
   0215 C0 03              1513 	push	ar3
   0217 C0 02              1514 	push	ar2
   0219 E4                 1515 	clr	a
   021A C0 E0              1516 	push	acc
   021C C0 E0              1517 	push	acc
   021E 74 80              1518 	mov	a,#0x80
   0220 C0 E0              1519 	push	acc
   0222 74r00              1520 	mov	a,#_get_temperature
   0224 C0 E0              1521 	push	acc
   0226 74s00              1522 	mov	a,#(_get_temperature >> 8)
   0228 C0 E0              1523 	push	acc
   022A 74s00              1524 	mov	a,#(_get_temperature >> 16)
   022C C0 E0              1525 	push	acc
   022E C0 07              1526 	push	ar7
   0230 C0 06              1527 	push	ar6
   0232 C0 05              1528 	push	ar5
   0234 74 44              1529 	mov	a,#0x44
   0236 C0 E0              1530 	push	acc
   0238 74 16              1531 	mov	a,#0x16
   023A C0 E0              1532 	push	acc
   023C 8A 82              1533 	mov	dpl,r2
   023E 8B 83              1534 	mov	dph,r3
   0240 8C F0              1535 	mov	b,r4
   0242 78r00              1536 	mov	r0,#_resource_instance_init
   0244 79s00              1537 	mov	r1,#(_resource_instance_init >> 8)
   0246 7As00              1538 	mov	r2,#(_resource_instance_init >> 16)
   0248 12s00r00           1539 	lcall	__sdcc_banked_call
   024B AE 82              1540 	mov	r6,dpl
   024D AF 83              1541 	mov	r7,dph
   024F E5 81              1542 	mov	a,sp
   0251 24 F5              1543 	add	a,#0xf5
   0253 F5 81              1544 	mov	sp,a
   0255 D0 02              1545 	pop	ar2
   0257 D0 03              1546 	pop	ar3
   0259 D0 04              1547 	pop	ar4
   025B EE                 1548 	mov	a,r6
   025C 4F                 1549 	orl	a,r7
   025D 70 04              1550 	jnz	00112$
                           1551 ;	device_profile.c:71: return false;
   025F C3                 1552 	clr	c
   0260 02s03r4B           1553 	ljmp	00119$
   0263                    1554 00112$:
                           1555 ;	device_profile.c:74: if (!object_instance_insert_resource(obj_instance, res_instance)) {
   0263 C0 02              1556 	push	ar2
   0265 C0 03              1557 	push	ar3
   0267 C0 04              1558 	push	ar4
   0269 E5 81              1559 	mov	a,sp
   026B 24 E9              1560 	add	a,#0xe9
   026D F8                 1561 	mov	r0,a
   026E 86 82              1562 	mov	dpl,@r0
   0270 08                 1563 	inc	r0
   0271 86 83              1564 	mov	dph,@r0
   0273 08                 1565 	inc	r0
   0274 86 F0              1566 	mov	b,@r0
   0276 78r00              1567 	mov	r0,#_object_instance_insert_resource
   0278 79s00              1568 	mov	r1,#(_object_instance_insert_resource >> 8)
   027A 7As00              1569 	mov	r2,#(_object_instance_insert_resource >> 16)
   027C 12s00r00           1570 	lcall	__sdcc_banked_call
   027F AE 82              1571 	mov	r6,dpl
   0281 AF 83              1572 	mov	r7,dph
   0283 15 81              1573 	dec	sp
   0285 15 81              1574 	dec	sp
   0287 15 81              1575 	dec	sp
   0289 EE                 1576 	mov	a,r6
   028A 4F                 1577 	orl	a,r7
   028B 70 04              1578 	jnz	00114$
                           1579 ;	device_profile.c:75: return false;
   028D C3                 1580 	clr	c
   028E 02s03r4B           1581 	ljmp	00119$
   0291                    1582 00114$:
                           1583 ;	device_profile.c:78: strncpy(value.string_value, "C", MAX_RES_STR_VALUE_LEN);
   0291 E5 81              1584 	mov	a,sp
   0293 24 EF              1585 	add	a,#0xEF
   0295 FF                 1586 	mov	r7,a
   0296 7E 00              1587 	mov	r6,#0x00
   0298 7D 40              1588 	mov	r5,#0x40
   029A 74 08              1589 	mov	a,#0x08
   029C C0 E0              1590 	push	acc
   029E E4                 1591 	clr	a
   029F C0 E0              1592 	push	acc
   02A1 74r2B              1593 	mov	a,#__str_4
   02A3 C0 E0              1594 	push	acc
   02A5 74s00              1595 	mov	a,#(__str_4 >> 8)
   02A7 C0 E0              1596 	push	acc
   02A9 74 80              1597 	mov	a,#0x80
   02AB C0 E0              1598 	push	acc
   02AD 8F 82              1599 	mov	dpl,r7
   02AF 8E 83              1600 	mov	dph,r6
   02B1 8D F0              1601 	mov	b,r5
   02B3 78r00              1602 	mov	r0,#_strncpy
   02B5 79s00              1603 	mov	r1,#(_strncpy >> 8)
   02B7 7As00              1604 	mov	r2,#(_strncpy >> 16)
   02B9 12s00r00           1605 	lcall	__sdcc_banked_call
   02BC E5 81              1606 	mov	a,sp
   02BE 24 FB              1607 	add	a,#0xfb
   02C0 F5 81              1608 	mov	sp,a
                           1609 ;	device_profile.c:80: res_instance = &g_resource_units;
   02C2 7Ar5A              1610 	mov	r2,#_g_resource_units
   02C4 7Bs00              1611 	mov	r3,#(_g_resource_units >> 8)
   02C6 7C 00              1612 	mov	r4,#0x00
                           1613 ;	device_profile.c:83: &value, NULL, NULL)) {
   02C8 E5 81              1614 	mov	a,sp
   02CA 24 EF              1615 	add	a,#0xEF
   02CC FF                 1616 	mov	r7,a
   02CD 7E 00              1617 	mov	r6,#0x00
   02CF 7D 40              1618 	mov	r5,#0x40
                           1619 ;	device_profile.c:82: if (!resource_instance_init(res_instance, 5701, 
   02D1 C0 04              1620 	push	ar4
   02D3 C0 03              1621 	push	ar3
   02D5 C0 02              1622 	push	ar2
   02D7 E4                 1623 	clr	a
   02D8 C0 E0              1624 	push	acc
   02DA C0 E0              1625 	push	acc
   02DC 74 80              1626 	mov	a,#0x80
   02DE C0 E0              1627 	push	acc
   02E0 E4                 1628 	clr	a
   02E1 C0 E0              1629 	push	acc
   02E3 C0 E0              1630 	push	acc
   02E5 74 80              1631 	mov	a,#0x80
   02E7 C0 E0              1632 	push	acc
   02E9 C0 07              1633 	push	ar7
   02EB C0 06              1634 	push	ar6
   02ED C0 05              1635 	push	ar5
   02EF 74 45              1636 	mov	a,#0x45
   02F1 C0 E0              1637 	push	acc
   02F3 74 16              1638 	mov	a,#0x16
   02F5 C0 E0              1639 	push	acc
   02F7 8A 82              1640 	mov	dpl,r2
   02F9 8B 83              1641 	mov	dph,r3
   02FB 8C F0              1642 	mov	b,r4
   02FD 78r00              1643 	mov	r0,#_resource_instance_init
   02FF 79s00              1644 	mov	r1,#(_resource_instance_init >> 8)
   0301 7As00              1645 	mov	r2,#(_resource_instance_init >> 16)
   0303 12s00r00           1646 	lcall	__sdcc_banked_call
   0306 AE 82              1647 	mov	r6,dpl
   0308 AF 83              1648 	mov	r7,dph
   030A E5 81              1649 	mov	a,sp
   030C 24 F5              1650 	add	a,#0xf5
   030E F5 81              1651 	mov	sp,a
   0310 D0 02              1652 	pop	ar2
   0312 D0 03              1653 	pop	ar3
   0314 D0 04              1654 	pop	ar4
   0316 EE                 1655 	mov	a,r6
   0317 4F                 1656 	orl	a,r7
   0318 70 03              1657 	jnz	00116$
                           1658 ;	device_profile.c:84: return false;
   031A C3                 1659 	clr	c
   031B 80 2E              1660 	sjmp	00119$
   031D                    1661 00116$:
                           1662 ;	device_profile.c:87: if (!object_instance_insert_resource(obj_instance, res_instance)) {
   031D C0 02              1663 	push	ar2
   031F C0 03              1664 	push	ar3
   0321 C0 04              1665 	push	ar4
   0323 E5 81              1666 	mov	a,sp
   0325 24 E9              1667 	add	a,#0xe9
   0327 F8                 1668 	mov	r0,a
   0328 86 82              1669 	mov	dpl,@r0
   032A 08                 1670 	inc	r0
   032B 86 83              1671 	mov	dph,@r0
   032D 08                 1672 	inc	r0
   032E 86 F0              1673 	mov	b,@r0
   0330 78r00              1674 	mov	r0,#_object_instance_insert_resource
   0332 79s00              1675 	mov	r1,#(_object_instance_insert_resource >> 8)
   0334 7As00              1676 	mov	r2,#(_object_instance_insert_resource >> 16)
   0336 12s00r00           1677 	lcall	__sdcc_banked_call
   0339 AE 82              1678 	mov	r6,dpl
   033B AF 83              1679 	mov	r7,dph
   033D 15 81              1680 	dec	sp
   033F 15 81              1681 	dec	sp
   0341 15 81              1682 	dec	sp
   0343 EE                 1683 	mov	a,r6
   0344 4F                 1684 	orl	a,r7
   0345 70 03              1685 	jnz	00118$
                           1686 ;	device_profile.c:88: return false;
   0347 C3                 1687 	clr	c
   0348 80 01              1688 	sjmp	00119$
   034A                    1689 00118$:
                           1690 ;	device_profile.c:91: return true;
   034A D3                 1691 	setb	c
   034B                    1692 00119$:
   034B A8 D0              1693 	mov	r0,psw
   034D E5 81              1694 	mov	a,sp
   034F 24 EB              1695 	add	a,#0xEB
   0351 F5 81              1696 	mov	sp,a
   0353 88 D0              1697 	mov	psw,r0
   0355 02s00r00           1698 	ljmp	__sdcc_banked_ret
                           1699 	.area CSEG    (CODE)
                           1700 	.area CONST   (CODE)
   0000                    1701 __str_0:
   0000 64 65 76 69 63 65  1702 	.ascii "device init fail"
        20 69 6E 69 74 20
        66 61 69 6C
   0010 0A                 1703 	.db 0x0A
   0011 00                 1704 	.db 0x00
   0012                    1705 __str_1:
   0012 44 65 76 49 6E 66  1706 	.ascii "DevInfo"
        6F
   0019 00                 1707 	.db 0x00
   001A                    1708 __str_2:
   001A 54 65 6D 70 20 53  1709 	.ascii "Temp Sensor"
        65 6E 73 6F 72
   0025 00                 1710 	.db 0x00
   0026                    1711 __str_3:
   0026 54 65 6D 70        1712 	.ascii "Temp"
   002A 00                 1713 	.db 0x00
   002B                    1714 __str_4:
   002B 43                 1715 	.ascii "C"
   002C 00                 1716 	.db 0x00
                           1717 	.area XINIT   (CODE)
                           1718 	.area CABS    (ABS,CODE)
