                              1 ;--------------------------------------------------------
                              2 ; File Created by SDCC : free open source ANSI-C Compiler
                              3 ; Version 3.1.1 #7100 (Oct 29 2014) (Linux)
                              4 ; This file was generated Wed Dec  2 18:11:02 2015
                              5 ;--------------------------------------------------------
                              6 	.module leds
                              7 	.optsdcc -mmcs51 --model-huge
                              8 	
                              9 ;--------------------------------------------------------
                             10 ; Public variables in this module
                             11 ;--------------------------------------------------------
                             12 	.globl _clock_delay_usec
                             13 	.globl _leds_arch_set
                             14 	.globl _leds_arch_get
                             15 	.globl _leds_arch_init
                             16 	.globl _ACTIVE
                             17 	.globl _TX_BYTE
                             18 	.globl _RX_BYTE
                             19 	.globl _ERR
                             20 	.globl _FE
                             21 	.globl _SLAVE
                             22 	.globl _RE
                             23 	.globl _MODE
                             24 	.globl _T3OVFIF
                             25 	.globl _T3CH0IF
                             26 	.globl _T3CH1IF
                             27 	.globl _T4OVFIF
                             28 	.globl _T4CH0IF
                             29 	.globl _T4CH1IF
                             30 	.globl _OVFIM
                             31 	.globl _B_0
                             32 	.globl _B_1
                             33 	.globl _B_2
                             34 	.globl _B_3
                             35 	.globl _B_4
                             36 	.globl _B_5
                             37 	.globl _B_6
                             38 	.globl _B_7
                             39 	.globl _P2IF
                             40 	.globl _UTX0IF
                             41 	.globl _UTX1IF
                             42 	.globl _P1IF
                             43 	.globl _WDTIF
                             44 	.globl _ACC_0
                             45 	.globl _ACC_1
                             46 	.globl _ACC_2
                             47 	.globl _ACC_3
                             48 	.globl _ACC_4
                             49 	.globl _ACC_5
                             50 	.globl _ACC_6
                             51 	.globl _ACC_7
                             52 	.globl _P
                             53 	.globl _F1
                             54 	.globl _OV
                             55 	.globl _RS0
                             56 	.globl _RS1
                             57 	.globl _F0
                             58 	.globl _AC
                             59 	.globl _CY
                             60 	.globl _DMAIF
                             61 	.globl _T1IF
                             62 	.globl _T2IF
                             63 	.globl _T3IF
                             64 	.globl _T4IF
                             65 	.globl _P0IF
                             66 	.globl _STIF
                             67 	.globl _DMAIE
                             68 	.globl _T1IE
                             69 	.globl _T2IE
                             70 	.globl _T3IE
                             71 	.globl _T4IE
                             72 	.globl _P0IE
                             73 	.globl _RFERRIE
                             74 	.globl _ADCIE
                             75 	.globl _URX0IE
                             76 	.globl _URX1IE
                             77 	.globl _ENCIE
                             78 	.globl _STIE
                             79 	.globl _EA
                             80 	.globl _P2_0
                             81 	.globl _P2_1
                             82 	.globl _P2_2
                             83 	.globl _P2_3
                             84 	.globl _P2_4
                             85 	.globl _P2_5
                             86 	.globl _P2_6
                             87 	.globl _P2_7
                             88 	.globl _ENCIF_0
                             89 	.globl _ENCIF_1
                             90 	.globl _P1_0
                             91 	.globl _P1_1
                             92 	.globl _P1_2
                             93 	.globl _P1_3
                             94 	.globl _P1_4
                             95 	.globl _P1_5
                             96 	.globl _P1_6
                             97 	.globl _P1_7
                             98 	.globl _IT0
                             99 	.globl _RFERRIF
                            100 	.globl _IT1
                            101 	.globl _URX0IF
                            102 	.globl _ADCIF
                            103 	.globl _URX1IF
                            104 	.globl _P0_0
                            105 	.globl _P0_1
                            106 	.globl _P0_2
                            107 	.globl _P0_3
                            108 	.globl _P0_4
                            109 	.globl _P0_5
                            110 	.globl _P0_6
                            111 	.globl _P0_7
                            112 	.globl _WDCTL
                            113 	.globl _U1GCR
                            114 	.globl _U1UCR
                            115 	.globl _U1BAUD
                            116 	.globl _U1DBUF
                            117 	.globl _U1CSR
                            118 	.globl _U0GCR
                            119 	.globl _U0UCR
                            120 	.globl _U0BAUD
                            121 	.globl _U0DBUF
                            122 	.globl _U0CSR
                            123 	.globl _TIMIF
                            124 	.globl _T4CC1
                            125 	.globl _T4CCTL1
                            126 	.globl _T4CC0
                            127 	.globl _T4CCTL0
                            128 	.globl _T4CTL
                            129 	.globl _T4CNT
                            130 	.globl _T3CC1
                            131 	.globl _T3CCTL1
                            132 	.globl _T3CC0
                            133 	.globl _T3CCTL0
                            134 	.globl _T3CTL
                            135 	.globl _T3CNT
                            136 	.globl _T2MSEL
                            137 	.globl _T2IRQM
                            138 	.globl _T2MOVF2
                            139 	.globl _T2MOVF1
                            140 	.globl _T2MOVF0
                            141 	.globl _T2M1
                            142 	.globl _T2M0
                            143 	.globl _T2IRQF
                            144 	.globl _T2EVTCFG
                            145 	.globl _T2CTRL
                            146 	.globl _T1STAT
                            147 	.globl _T1CCTL2
                            148 	.globl _T1CCTL1
                            149 	.globl _T1CCTL0
                            150 	.globl _T1CTL
                            151 	.globl _T1CNTH
                            152 	.globl _T1CNTL
                            153 	.globl _T1CC2H
                            154 	.globl _T1CC2L
                            155 	.globl _T1CC1H
                            156 	.globl _T1CC1L
                            157 	.globl _T1CC0H
                            158 	.globl _T1CC0L
                            159 	.globl _CLKCONSTA
                            160 	.globl _CLKCONCMD
                            161 	.globl _SLEEPSTA
                            162 	.globl _SLEEPCMD
                            163 	.globl _STLOAD
                            164 	.globl _ST2
                            165 	.globl _ST1
                            166 	.globl _ST0
                            167 	.globl _RFERRF
                            168 	.globl _RFIRQF0
                            169 	.globl _RFST
                            170 	.globl _RFD
                            171 	.globl _RFIRQF1
                            172 	.globl _PSBANK
                            173 	.globl _FMAP
                            174 	.globl _MEMCTR
                            175 	.globl __XPAGE
                            176 	.globl _MPAGE
                            177 	.globl _PMUX
                            178 	.globl _P2DIR
                            179 	.globl _P1DIR
                            180 	.globl _P0DIR
                            181 	.globl _P2INP
                            182 	.globl _P1INP
                            183 	.globl _P2SEL
                            184 	.globl _P1SEL
                            185 	.globl _P0SEL
                            186 	.globl _APCFG
                            187 	.globl _PERCFG
                            188 	.globl _P0INP
                            189 	.globl _P2IEN
                            190 	.globl _P1IEN
                            191 	.globl _P0IEN
                            192 	.globl _PICTL
                            193 	.globl _P2IFG
                            194 	.globl _P1IFG
                            195 	.globl _P0IFG
                            196 	.globl _DMAREQ
                            197 	.globl _DMAARM
                            198 	.globl _DMA0CFGH
                            199 	.globl _DMA0CFGL
                            200 	.globl _DMA1CFGH
                            201 	.globl _DMA1CFGL
                            202 	.globl _DMAIRQ
                            203 	.globl _ENCCS
                            204 	.globl _ENCDO
                            205 	.globl _ENCDI
                            206 	.globl _RNDH
                            207 	.globl _RNDL
                            208 	.globl _ADCH
                            209 	.globl _ADCL
                            210 	.globl _ADCCON3
                            211 	.globl _ADCCON2
                            212 	.globl _ADCCON1
                            213 	.globl _B
                            214 	.globl _IRCON2
                            215 	.globl _ACC
                            216 	.globl _PSW
                            217 	.globl _IRCON
                            218 	.globl _IP1
                            219 	.globl _IEN1
                            220 	.globl _IP0
                            221 	.globl _IEN0
                            222 	.globl _P2
                            223 	.globl _S1CON
                            224 	.globl _IEN2
                            225 	.globl _S0CON
                            226 	.globl _DPS
                            227 	.globl _P1
                            228 	.globl _TCON
                            229 	.globl _PCON
                            230 	.globl _DPH1
                            231 	.globl _DPL1
                            232 	.globl _DPH0
                            233 	.globl _DPL0
                            234 	.globl _SP
                            235 	.globl _P0
                            236 	.globl _X_IEEE_ADDR
                            237 	.globl _X_INFOPAGE
                            238 	.globl _X_P2DIR
                            239 	.globl _X_P1DIR
                            240 	.globl _X_P0DIR
                            241 	.globl _X_U1GCR
                            242 	.globl _X_U1UCR
                            243 	.globl _X_U1BAUD
                            244 	.globl _X_U1DBUF
                            245 	.globl _X_U1CSR
                            246 	.globl _X_P2INP
                            247 	.globl _X_P1INP
                            248 	.globl _X_P2SEL
                            249 	.globl _X_P1SEL
                            250 	.globl _X_P0SEL
                            251 	.globl _X_APCFG
                            252 	.globl _X_PERCFG
                            253 	.globl _X_T4CC1
                            254 	.globl _X_T4CCTL1
                            255 	.globl _X_T4CC0
                            256 	.globl _X_T4CCTL0
                            257 	.globl _X_T4CTL
                            258 	.globl _X_T4CNT
                            259 	.globl _X_RFIRQF0
                            260 	.globl _X_T1CCTL2
                            261 	.globl _X_T1CCTL1
                            262 	.globl _X_T1CCTL0
                            263 	.globl _X_T1CTL
                            264 	.globl _X_T1CNTH
                            265 	.globl _X_T1CNTL
                            266 	.globl _X_RFST
                            267 	.globl _X_T1CC2H
                            268 	.globl _X_T1CC2L
                            269 	.globl _X_T1CC1H
                            270 	.globl _X_T1CC1L
                            271 	.globl _X_T1CC0H
                            272 	.globl _X_T1CC0L
                            273 	.globl _X_RFD
                            274 	.globl _X_TIMIF
                            275 	.globl _X_DMAREQ
                            276 	.globl _X_DMAARM
                            277 	.globl _X_DMA0CFGH
                            278 	.globl _X_DMA0CFGL
                            279 	.globl _X_DMA1CFGH
                            280 	.globl _X_DMA1CFGL
                            281 	.globl _X_DMAIRQ
                            282 	.globl _X_T3CC1
                            283 	.globl _X_T3CCTL1
                            284 	.globl _X_T3CC0
                            285 	.globl _X_T3CCTL0
                            286 	.globl _X_T3CTL
                            287 	.globl _X_T3CNT
                            288 	.globl _X_WDCTL
                            289 	.globl _X_MEMCTR
                            290 	.globl _X_CLKCONCMD
                            291 	.globl _X_U0GCR
                            292 	.globl _X_U0UCR
                            293 	.globl _X_T2MSEL
                            294 	.globl _X_U0BAUD
                            295 	.globl _X_U0DBUF
                            296 	.globl _X_RFERRF
                            297 	.globl _X_SLEEPCMD
                            298 	.globl _X_RNDH
                            299 	.globl _X_RNDL
                            300 	.globl _X_ADCH
                            301 	.globl _X_ADCL
                            302 	.globl _X_ADCCON3
                            303 	.globl _X_ADCCON2
                            304 	.globl _X_ADCCON1
                            305 	.globl _X_ENCCS
                            306 	.globl _X_ENCDO
                            307 	.globl _X_ENCDI
                            308 	.globl _X_T1STAT
                            309 	.globl _X_PMUX
                            310 	.globl _X_STLOAD
                            311 	.globl _X_P2IEN
                            312 	.globl _X_P0IEN
                            313 	.globl _X_T2IRQM
                            314 	.globl _X_T2MOVF2
                            315 	.globl _X_T2MOVF1
                            316 	.globl _X_T2MOVF0
                            317 	.globl _X_T2M1
                            318 	.globl _X_T2M0
                            319 	.globl _X_T2IRQF
                            320 	.globl _X_P2
                            321 	.globl _X_PSBANK
                            322 	.globl _X_FMAP
                            323 	.globl _X_CLKCONSTA
                            324 	.globl _X_SLEEPSTA
                            325 	.globl _X_T2EVTCFG
                            326 	.globl _X_ST2
                            327 	.globl _X_ST1
                            328 	.globl _X_ST0
                            329 	.globl _X_T2CTRL
                            330 	.globl _X__XPAGE
                            331 	.globl _X_MPAGE
                            332 	.globl _X_RFIRQF1
                            333 	.globl _X_P1
                            334 	.globl _X_P0INP
                            335 	.globl _X_P1IEN
                            336 	.globl _X_PICTL
                            337 	.globl _X_P2IFG
                            338 	.globl _X_P1IFG
                            339 	.globl _X_P0IFG
                            340 	.globl _X_U0CSR
                            341 	.globl _X_P0
                            342 	.globl _USBF5
                            343 	.globl _USBF4
                            344 	.globl _USBF3
                            345 	.globl _USBF2
                            346 	.globl _USBF1
                            347 	.globl _USBF0
                            348 	.globl _USBCNTH
                            349 	.globl _USBCNTL
                            350 	.globl _USBCNT0
                            351 	.globl _USBCSOH
                            352 	.globl _USBCSOL
                            353 	.globl _USBMAXO
                            354 	.globl _USBCSIH
                            355 	.globl _USBCSIL
                            356 	.globl _USBCS0
                            357 	.globl _USBMAXI
                            358 	.globl _USBCTRL
                            359 	.globl _USBINDEX
                            360 	.globl _USBFRMH
                            361 	.globl _USBFRML
                            362 	.globl _USBCIE
                            363 	.globl _USBOIE
                            364 	.globl _USBIIE
                            365 	.globl _USBCIF
                            366 	.globl _USBOIF
                            367 	.globl _USBIIF
                            368 	.globl _USBPOW
                            369 	.globl _USBADDR
                            370 	.globl _CSPT
                            371 	.globl _CSPZ
                            372 	.globl _CSPY
                            373 	.globl _CSPX
                            374 	.globl _CSPSTAT
                            375 	.globl _CSPCTRL
                            376 	.globl _CSPPROG23
                            377 	.globl _CSPPROG22
                            378 	.globl _CSPPROG21
                            379 	.globl _CSPPROG20
                            380 	.globl _CSPPROG19
                            381 	.globl _CSPPROG18
                            382 	.globl _CSPPROG17
                            383 	.globl _CSPPROG16
                            384 	.globl _CSPPROG15
                            385 	.globl _CSPPROG14
                            386 	.globl _CSPPROG13
                            387 	.globl _CSPPROG12
                            388 	.globl _CSPPROG11
                            389 	.globl _CSPPROG10
                            390 	.globl _CSPPROG9
                            391 	.globl _CSPPROG8
                            392 	.globl _CSPPROG7
                            393 	.globl _CSPPROG6
                            394 	.globl _CSPPROG5
                            395 	.globl _CSPPROG4
                            396 	.globl _CSPPROG3
                            397 	.globl _CSPPROG2
                            398 	.globl _CSPPROG1
                            399 	.globl _CSPPROG0
                            400 	.globl _RFC_OBS_CTRL2
                            401 	.globl _RFC_OBS_CTRL1
                            402 	.globl _RFC_OBS_CTRL0
                            403 	.globl _TXFILTCFG
                            404 	.globl _PTEST1
                            405 	.globl _PTEST0
                            406 	.globl _ATEST
                            407 	.globl _DACTEST2
                            408 	.globl _DACTEST1
                            409 	.globl _DACTEST0
                            410 	.globl _MDMTEST1
                            411 	.globl _MDMTEST0
                            412 	.globl _ADCTEST2
                            413 	.globl _ADCTEST1
                            414 	.globl _ADCTEST0
                            415 	.globl _AGCCTRL3
                            416 	.globl _AGCCTRL2
                            417 	.globl _AGCCTRL1
                            418 	.globl _AGCCTRL0
                            419 	.globl _FSCAL3
                            420 	.globl _FSCAL2
                            421 	.globl _FSCAL1
                            422 	.globl _FSCAL0
                            423 	.globl _FSCTRL
                            424 	.globl _RXCTRL
                            425 	.globl _FREQEST
                            426 	.globl _MDMCTRL1
                            427 	.globl _MDMCTRL0
                            428 	.globl _RFRND
                            429 	.globl _RFERRM
                            430 	.globl _RFIRQM1
                            431 	.globl _RFIRQM0
                            432 	.globl _TXLAST_PTR
                            433 	.globl _TXFIRST_PTR
                            434 	.globl _RXP1_PTR
                            435 	.globl _RXLAST_PTR
                            436 	.globl _RXFIRST_PTR
                            437 	.globl _TXFIFOCNT
                            438 	.globl _RXFIFOCNT
                            439 	.globl _RXFIRST
                            440 	.globl _RSSISTAT
                            441 	.globl _RSSI
                            442 	.globl _CCACTRL1
                            443 	.globl _CCACTRL0
                            444 	.globl _FSMCTRL
                            445 	.globl _FIFOPCTRL
                            446 	.globl _FSMSTAT1
                            447 	.globl _FSMSTAT0
                            448 	.globl _TXCTRL
                            449 	.globl _TXPOWER
                            450 	.globl _FREQCTRL
                            451 	.globl _FREQTUNE
                            452 	.globl _RXMASKCLR
                            453 	.globl _RXMASKSET
                            454 	.globl _RXENABLE
                            455 	.globl _FRMCTRL1
                            456 	.globl _FRMCTRL0
                            457 	.globl _SRCEXTEN2
                            458 	.globl _SRCEXTEN1
                            459 	.globl _SRCEXTEN0
                            460 	.globl _SRCSHORTEN2
                            461 	.globl _SRCSHORTEN1
                            462 	.globl _SRCSHORTEN0
                            463 	.globl _SRCMATCH
                            464 	.globl _FRMFILT1
                            465 	.globl _FRMFILT0
                            466 	.globl _SHORT_ADDR1
                            467 	.globl _SHORT_ADDR0
                            468 	.globl _PAN_ID1
                            469 	.globl _PAN_ID0
                            470 	.globl _EXT_ADDR7
                            471 	.globl _EXT_ADDR6
                            472 	.globl _EXT_ADDR5
                            473 	.globl _EXT_ADDR4
                            474 	.globl _EXT_ADDR3
                            475 	.globl _EXT_ADDR2
                            476 	.globl _EXT_ADDR1
                            477 	.globl _EXT_ADDR0
                            478 	.globl _SRCSHORTPENDEN2
                            479 	.globl _SRCSHORTPENDEN1
                            480 	.globl _SRCSHORTPENDEN0
                            481 	.globl _SRCEXTPENDEN2
                            482 	.globl _SRCEXTPENDEN1
                            483 	.globl _SRCEXTPENDEN0
                            484 	.globl _SRCRESINDEX
                            485 	.globl _SRCRESMASK2
                            486 	.globl _SRCRESMASK1
                            487 	.globl _SRCRESMASK0
                            488 	.globl _SRC_ADDR_TABLE
                            489 	.globl _TXFIFO
                            490 	.globl _RXFIFO
                            491 	.globl _RFCORE_RAM
                            492 	.globl _CMPCTL
                            493 	.globl _OPAMPS
                            494 	.globl _OPAMPC
                            495 	.globl _STCV2
                            496 	.globl _STCV1
                            497 	.globl _STCV0
                            498 	.globl _STCS
                            499 	.globl _STCC
                            500 	.globl _T1CC4H
                            501 	.globl _T1CC4L
                            502 	.globl _T1CC3H
                            503 	.globl _T1CC3L
                            504 	.globl _XX_T1CC2H
                            505 	.globl _XX_T1CC2L
                            506 	.globl _XX_T1CC1H
                            507 	.globl _XX_T1CC1L
                            508 	.globl _XX_T1CC0H
                            509 	.globl _XX_T1CC0L
                            510 	.globl _T1CCTL4
                            511 	.globl _T1CCTL3
                            512 	.globl _XX_T1CCTL2
                            513 	.globl _XX_T1CCTL1
                            514 	.globl _XX_T1CCTL0
                            515 	.globl _CLD
                            516 	.globl _IRCTL
                            517 	.globl _CHIPINFO1
                            518 	.globl _CHIPINFO0
                            519 	.globl _FWDATA
                            520 	.globl _FADDRH
                            521 	.globl _FADDRL
                            522 	.globl _FCTL
                            523 	.globl _IVCTRL
                            524 	.globl _BATTMON
                            525 	.globl _SRCRC
                            526 	.globl _DBGDATA
                            527 	.globl _TESTREG0
                            528 	.globl _CHIPID
                            529 	.globl _CHVER
                            530 	.globl _OBSSEL5
                            531 	.globl _OBSSEL4
                            532 	.globl _OBSSEL3
                            533 	.globl _OBSSEL2
                            534 	.globl _OBSSEL1
                            535 	.globl _OBSSEL0
                            536 	.globl _I2CIO
                            537 	.globl _I2CWC
                            538 	.globl _I2CADDR
                            539 	.globl _I2CDATA
                            540 	.globl _I2CSTAT
                            541 	.globl _I2CCFG
                            542 	.globl _OPAMPMC
                            543 	.globl _MONMUX
                            544 	.globl _leds_init
                            545 	.globl _leds_blink
                            546 	.globl _leds_get
                            547 	.globl _leds_on
                            548 	.globl _leds_off
                            549 	.globl _leds_toggle
                            550 	.globl _leds_invert
                            551 ;--------------------------------------------------------
                            552 ; special function registers
                            553 ;--------------------------------------------------------
                            554 	.area RSEG    (ABS,DATA)
   0000                     555 	.org 0x0000
                    0080    556 _P0	=	0x0080
                    0081    557 _SP	=	0x0081
                    0082    558 _DPL0	=	0x0082
                    0083    559 _DPH0	=	0x0083
                    0084    560 _DPL1	=	0x0084
                    0085    561 _DPH1	=	0x0085
                    0087    562 _PCON	=	0x0087
                    0088    563 _TCON	=	0x0088
                    0090    564 _P1	=	0x0090
                    0092    565 _DPS	=	0x0092
                    0098    566 _S0CON	=	0x0098
                    009A    567 _IEN2	=	0x009a
                    009B    568 _S1CON	=	0x009b
                    00A0    569 _P2	=	0x00a0
                    00A8    570 _IEN0	=	0x00a8
                    00A9    571 _IP0	=	0x00a9
                    00B8    572 _IEN1	=	0x00b8
                    00B9    573 _IP1	=	0x00b9
                    00C0    574 _IRCON	=	0x00c0
                    00D0    575 _PSW	=	0x00d0
                    00E0    576 _ACC	=	0x00e0
                    00E8    577 _IRCON2	=	0x00e8
                    00F0    578 _B	=	0x00f0
                    00B4    579 _ADCCON1	=	0x00b4
                    00B5    580 _ADCCON2	=	0x00b5
                    00B6    581 _ADCCON3	=	0x00b6
                    00BA    582 _ADCL	=	0x00ba
                    00BB    583 _ADCH	=	0x00bb
                    00BC    584 _RNDL	=	0x00bc
                    00BD    585 _RNDH	=	0x00bd
                    00B1    586 _ENCDI	=	0x00b1
                    00B2    587 _ENCDO	=	0x00b2
                    00B3    588 _ENCCS	=	0x00b3
                    00D1    589 _DMAIRQ	=	0x00d1
                    00D2    590 _DMA1CFGL	=	0x00d2
                    00D3    591 _DMA1CFGH	=	0x00d3
                    00D4    592 _DMA0CFGL	=	0x00d4
                    00D5    593 _DMA0CFGH	=	0x00d5
                    00D6    594 _DMAARM	=	0x00d6
                    00D7    595 _DMAREQ	=	0x00d7
                    0089    596 _P0IFG	=	0x0089
                    008A    597 _P1IFG	=	0x008a
                    008B    598 _P2IFG	=	0x008b
                    008C    599 _PICTL	=	0x008c
                    00AB    600 _P0IEN	=	0x00ab
                    008D    601 _P1IEN	=	0x008d
                    00AC    602 _P2IEN	=	0x00ac
                    008F    603 _P0INP	=	0x008f
                    00F1    604 _PERCFG	=	0x00f1
                    00F2    605 _APCFG	=	0x00f2
                    00F3    606 _P0SEL	=	0x00f3
                    00F4    607 _P1SEL	=	0x00f4
                    00F5    608 _P2SEL	=	0x00f5
                    00F6    609 _P1INP	=	0x00f6
                    00F7    610 _P2INP	=	0x00f7
                    00FD    611 _P0DIR	=	0x00fd
                    00FE    612 _P1DIR	=	0x00fe
                    00FF    613 _P2DIR	=	0x00ff
                    00AE    614 _PMUX	=	0x00ae
                    0093    615 _MPAGE	=	0x0093
                    0093    616 __XPAGE	=	0x0093
                    00C7    617 _MEMCTR	=	0x00c7
                    009F    618 _FMAP	=	0x009f
                    009F    619 _PSBANK	=	0x009f
                    0091    620 _RFIRQF1	=	0x0091
                    00D9    621 _RFD	=	0x00d9
                    00E1    622 _RFST	=	0x00e1
                    00E9    623 _RFIRQF0	=	0x00e9
                    00BF    624 _RFERRF	=	0x00bf
                    0095    625 _ST0	=	0x0095
                    0096    626 _ST1	=	0x0096
                    0097    627 _ST2	=	0x0097
                    00AD    628 _STLOAD	=	0x00ad
                    00BE    629 _SLEEPCMD	=	0x00be
                    009D    630 _SLEEPSTA	=	0x009d
                    00C6    631 _CLKCONCMD	=	0x00c6
                    009E    632 _CLKCONSTA	=	0x009e
                    00DA    633 _T1CC0L	=	0x00da
                    00DB    634 _T1CC0H	=	0x00db
                    00DC    635 _T1CC1L	=	0x00dc
                    00DD    636 _T1CC1H	=	0x00dd
                    00DE    637 _T1CC2L	=	0x00de
                    00DF    638 _T1CC2H	=	0x00df
                    00E2    639 _T1CNTL	=	0x00e2
                    00E3    640 _T1CNTH	=	0x00e3
                    00E4    641 _T1CTL	=	0x00e4
                    00E5    642 _T1CCTL0	=	0x00e5
                    00E6    643 _T1CCTL1	=	0x00e6
                    00E7    644 _T1CCTL2	=	0x00e7
                    00AF    645 _T1STAT	=	0x00af
                    0094    646 _T2CTRL	=	0x0094
                    009C    647 _T2EVTCFG	=	0x009c
                    00A1    648 _T2IRQF	=	0x00a1
                    00A2    649 _T2M0	=	0x00a2
                    00A3    650 _T2M1	=	0x00a3
                    00A4    651 _T2MOVF0	=	0x00a4
                    00A5    652 _T2MOVF1	=	0x00a5
                    00A6    653 _T2MOVF2	=	0x00a6
                    00A7    654 _T2IRQM	=	0x00a7
                    00C3    655 _T2MSEL	=	0x00c3
                    00CA    656 _T3CNT	=	0x00ca
                    00CB    657 _T3CTL	=	0x00cb
                    00CC    658 _T3CCTL0	=	0x00cc
                    00CD    659 _T3CC0	=	0x00cd
                    00CE    660 _T3CCTL1	=	0x00ce
                    00CF    661 _T3CC1	=	0x00cf
                    00EA    662 _T4CNT	=	0x00ea
                    00EB    663 _T4CTL	=	0x00eb
                    00EC    664 _T4CCTL0	=	0x00ec
                    00ED    665 _T4CC0	=	0x00ed
                    00EE    666 _T4CCTL1	=	0x00ee
                    00EF    667 _T4CC1	=	0x00ef
                    00D8    668 _TIMIF	=	0x00d8
                    0086    669 _U0CSR	=	0x0086
                    00C1    670 _U0DBUF	=	0x00c1
                    00C2    671 _U0BAUD	=	0x00c2
                    00C4    672 _U0UCR	=	0x00c4
                    00C5    673 _U0GCR	=	0x00c5
                    00F8    674 _U1CSR	=	0x00f8
                    00F9    675 _U1DBUF	=	0x00f9
                    00FA    676 _U1BAUD	=	0x00fa
                    00FB    677 _U1UCR	=	0x00fb
                    00FC    678 _U1GCR	=	0x00fc
                    00C9    679 _WDCTL	=	0x00c9
                            680 ;--------------------------------------------------------
                            681 ; special function bits
                            682 ;--------------------------------------------------------
                            683 	.area RSEG    (ABS,DATA)
   0000                     684 	.org 0x0000
                    0087    685 _P0_7	=	0x0087
                    0086    686 _P0_6	=	0x0086
                    0085    687 _P0_5	=	0x0085
                    0084    688 _P0_4	=	0x0084
                    0083    689 _P0_3	=	0x0083
                    0082    690 _P0_2	=	0x0082
                    0081    691 _P0_1	=	0x0081
                    0080    692 _P0_0	=	0x0080
                    008F    693 _URX1IF	=	0x008f
                    008D    694 _ADCIF	=	0x008d
                    008B    695 _URX0IF	=	0x008b
                    008A    696 _IT1	=	0x008a
                    0089    697 _RFERRIF	=	0x0089
                    0088    698 _IT0	=	0x0088
                    0097    699 _P1_7	=	0x0097
                    0096    700 _P1_6	=	0x0096
                    0095    701 _P1_5	=	0x0095
                    0094    702 _P1_4	=	0x0094
                    0093    703 _P1_3	=	0x0093
                    0092    704 _P1_2	=	0x0092
                    0091    705 _P1_1	=	0x0091
                    0090    706 _P1_0	=	0x0090
                    0099    707 _ENCIF_1	=	0x0099
                    0098    708 _ENCIF_0	=	0x0098
                    00A7    709 _P2_7	=	0x00a7
                    00A6    710 _P2_6	=	0x00a6
                    00A5    711 _P2_5	=	0x00a5
                    00A4    712 _P2_4	=	0x00a4
                    00A3    713 _P2_3	=	0x00a3
                    00A2    714 _P2_2	=	0x00a2
                    00A1    715 _P2_1	=	0x00a1
                    00A0    716 _P2_0	=	0x00a0
                    00AF    717 _EA	=	0x00af
                    00AD    718 _STIE	=	0x00ad
                    00AC    719 _ENCIE	=	0x00ac
                    00AB    720 _URX1IE	=	0x00ab
                    00AA    721 _URX0IE	=	0x00aa
                    00A9    722 _ADCIE	=	0x00a9
                    00A8    723 _RFERRIE	=	0x00a8
                    00BD    724 _P0IE	=	0x00bd
                    00BC    725 _T4IE	=	0x00bc
                    00BB    726 _T3IE	=	0x00bb
                    00BA    727 _T2IE	=	0x00ba
                    00B9    728 _T1IE	=	0x00b9
                    00B8    729 _DMAIE	=	0x00b8
                    00C7    730 _STIF	=	0x00c7
                    00C5    731 _P0IF	=	0x00c5
                    00C4    732 _T4IF	=	0x00c4
                    00C3    733 _T3IF	=	0x00c3
                    00C2    734 _T2IF	=	0x00c2
                    00C1    735 _T1IF	=	0x00c1
                    00C0    736 _DMAIF	=	0x00c0
                    00D7    737 _CY	=	0x00d7
                    00D6    738 _AC	=	0x00d6
                    00D5    739 _F0	=	0x00d5
                    00D4    740 _RS1	=	0x00d4
                    00D3    741 _RS0	=	0x00d3
                    00D2    742 _OV	=	0x00d2
                    00D1    743 _F1	=	0x00d1
                    00D0    744 _P	=	0x00d0
                    00E7    745 _ACC_7	=	0x00e7
                    00E6    746 _ACC_6	=	0x00e6
                    00E5    747 _ACC_5	=	0x00e5
                    00E4    748 _ACC_4	=	0x00e4
                    00E3    749 _ACC_3	=	0x00e3
                    00E2    750 _ACC_2	=	0x00e2
                    00E1    751 _ACC_1	=	0x00e1
                    00E0    752 _ACC_0	=	0x00e0
                    00EC    753 _WDTIF	=	0x00ec
                    00EB    754 _P1IF	=	0x00eb
                    00EA    755 _UTX1IF	=	0x00ea
                    00E9    756 _UTX0IF	=	0x00e9
                    00E8    757 _P2IF	=	0x00e8
                    00F7    758 _B_7	=	0x00f7
                    00F6    759 _B_6	=	0x00f6
                    00F5    760 _B_5	=	0x00f5
                    00F4    761 _B_4	=	0x00f4
                    00F3    762 _B_3	=	0x00f3
                    00F2    763 _B_2	=	0x00f2
                    00F1    764 _B_1	=	0x00f1
                    00F0    765 _B_0	=	0x00f0
                    00DE    766 _OVFIM	=	0x00de
                    00DD    767 _T4CH1IF	=	0x00dd
                    00DC    768 _T4CH0IF	=	0x00dc
                    00DB    769 _T4OVFIF	=	0x00db
                    00DA    770 _T3CH1IF	=	0x00da
                    00D9    771 _T3CH0IF	=	0x00d9
                    00D8    772 _T3OVFIF	=	0x00d8
                    00FF    773 _MODE	=	0x00ff
                    00FE    774 _RE	=	0x00fe
                    00FD    775 _SLAVE	=	0x00fd
                    00FC    776 _FE	=	0x00fc
                    00FB    777 _ERR	=	0x00fb
                    00FA    778 _RX_BYTE	=	0x00fa
                    00F9    779 _TX_BYTE	=	0x00f9
                    00F8    780 _ACTIVE	=	0x00f8
                            781 ;--------------------------------------------------------
                            782 ; overlayable register banks
                            783 ;--------------------------------------------------------
                            784 	.area REG_BANK_0	(REL,OVR,DATA)
   0000                     785 	.ds 8
                            786 ;--------------------------------------------------------
                            787 ; internal ram data
                            788 ;--------------------------------------------------------
                            789 	.area DSEG    (DATA)
                            790 ;--------------------------------------------------------
                            791 ; overlayable items in internal ram 
                            792 ;--------------------------------------------------------
                            793 	.area OSEG    (OVR,DATA)
                            794 ;--------------------------------------------------------
                            795 ; indirectly addressable internal ram data
                            796 ;--------------------------------------------------------
                            797 	.area ISEG    (DATA)
                            798 ;--------------------------------------------------------
                            799 ; absolute internal ram data
                            800 ;--------------------------------------------------------
                            801 	.area IABS    (ABS,DATA)
                            802 	.area IABS    (ABS,DATA)
                            803 ;--------------------------------------------------------
                            804 ; bit data
                            805 ;--------------------------------------------------------
                            806 	.area BSEG    (BIT)
                            807 ;--------------------------------------------------------
                            808 ; paged external ram data
                            809 ;--------------------------------------------------------
                            810 	.area PSEG    (PAG,XDATA)
                            811 ;--------------------------------------------------------
                            812 ; external ram data
                            813 ;--------------------------------------------------------
                            814 	.area XSEG    (XDATA)
                    61A6    815 _MONMUX	=	0x61a6
                    61A6    816 _OPAMPMC	=	0x61a6
                    6230    817 _I2CCFG	=	0x6230
                    6231    818 _I2CSTAT	=	0x6231
                    6232    819 _I2CDATA	=	0x6232
                    6233    820 _I2CADDR	=	0x6233
                    6234    821 _I2CWC	=	0x6234
                    6235    822 _I2CIO	=	0x6235
                    6243    823 _OBSSEL0	=	0x6243
                    6244    824 _OBSSEL1	=	0x6244
                    6245    825 _OBSSEL2	=	0x6245
                    6246    826 _OBSSEL3	=	0x6246
                    6247    827 _OBSSEL4	=	0x6247
                    6248    828 _OBSSEL5	=	0x6248
                    6249    829 _CHVER	=	0x6249
                    624A    830 _CHIPID	=	0x624a
                    624B    831 _TESTREG0	=	0x624b
                    6260    832 _DBGDATA	=	0x6260
                    6262    833 _SRCRC	=	0x6262
                    6264    834 _BATTMON	=	0x6264
                    6265    835 _IVCTRL	=	0x6265
                    6270    836 _FCTL	=	0x6270
                    6271    837 _FADDRL	=	0x6271
                    6272    838 _FADDRH	=	0x6272
                    6273    839 _FWDATA	=	0x6273
                    6276    840 _CHIPINFO0	=	0x6276
                    6277    841 _CHIPINFO1	=	0x6277
                    6281    842 _IRCTL	=	0x6281
                    6290    843 _CLD	=	0x6290
                    62A0    844 _XX_T1CCTL0	=	0x62a0
                    62A1    845 _XX_T1CCTL1	=	0x62a1
                    62A2    846 _XX_T1CCTL2	=	0x62a2
                    62A3    847 _T1CCTL3	=	0x62a3
                    62A4    848 _T1CCTL4	=	0x62a4
                    62A6    849 _XX_T1CC0L	=	0x62a6
                    62A7    850 _XX_T1CC0H	=	0x62a7
                    62A8    851 _XX_T1CC1L	=	0x62a8
                    62A9    852 _XX_T1CC1H	=	0x62a9
                    62AA    853 _XX_T1CC2L	=	0x62aa
                    62AB    854 _XX_T1CC2H	=	0x62ab
                    62AC    855 _T1CC3L	=	0x62ac
                    62AD    856 _T1CC3H	=	0x62ad
                    62AE    857 _T1CC4L	=	0x62ae
                    62AF    858 _T1CC4H	=	0x62af
                    62B0    859 _STCC	=	0x62b0
                    62B1    860 _STCS	=	0x62b1
                    62B2    861 _STCV0	=	0x62b2
                    62B3    862 _STCV1	=	0x62b3
                    62B4    863 _STCV2	=	0x62b4
                    62C0    864 _OPAMPC	=	0x62c0
                    62C1    865 _OPAMPS	=	0x62c1
                    62D0    866 _CMPCTL	=	0x62d0
                    6000    867 _RFCORE_RAM	=	0x6000
                    6000    868 _RXFIFO	=	0x6000
                    6080    869 _TXFIFO	=	0x6080
                    6100    870 _SRC_ADDR_TABLE	=	0x6100
                    6160    871 _SRCRESMASK0	=	0x6160
                    6161    872 _SRCRESMASK1	=	0x6161
                    6162    873 _SRCRESMASK2	=	0x6162
                    6163    874 _SRCRESINDEX	=	0x6163
                    6164    875 _SRCEXTPENDEN0	=	0x6164
                    6165    876 _SRCEXTPENDEN1	=	0x6165
                    6166    877 _SRCEXTPENDEN2	=	0x6166
                    6167    878 _SRCSHORTPENDEN0	=	0x6167
                    6168    879 _SRCSHORTPENDEN1	=	0x6168
                    6169    880 _SRCSHORTPENDEN2	=	0x6169
                    616A    881 _EXT_ADDR0	=	0x616a
                    616B    882 _EXT_ADDR1	=	0x616b
                    616C    883 _EXT_ADDR2	=	0x616c
                    616D    884 _EXT_ADDR3	=	0x616d
                    616E    885 _EXT_ADDR4	=	0x616e
                    616F    886 _EXT_ADDR5	=	0x616f
                    6170    887 _EXT_ADDR6	=	0x6170
                    6171    888 _EXT_ADDR7	=	0x6171
                    6172    889 _PAN_ID0	=	0x6172
                    6173    890 _PAN_ID1	=	0x6173
                    6174    891 _SHORT_ADDR0	=	0x6174
                    6175    892 _SHORT_ADDR1	=	0x6175
                    6180    893 _FRMFILT0	=	0x6180
                    6181    894 _FRMFILT1	=	0x6181
                    6182    895 _SRCMATCH	=	0x6182
                    6183    896 _SRCSHORTEN0	=	0x6183
                    6184    897 _SRCSHORTEN1	=	0x6184
                    6185    898 _SRCSHORTEN2	=	0x6185
                    6186    899 _SRCEXTEN0	=	0x6186
                    6187    900 _SRCEXTEN1	=	0x6187
                    6188    901 _SRCEXTEN2	=	0x6188
                    6189    902 _FRMCTRL0	=	0x6189
                    618A    903 _FRMCTRL1	=	0x618a
                    618B    904 _RXENABLE	=	0x618b
                    618C    905 _RXMASKSET	=	0x618c
                    618D    906 _RXMASKCLR	=	0x618d
                    618E    907 _FREQTUNE	=	0x618e
                    618F    908 _FREQCTRL	=	0x618f
                    6190    909 _TXPOWER	=	0x6190
                    6191    910 _TXCTRL	=	0x6191
                    6192    911 _FSMSTAT0	=	0x6192
                    6193    912 _FSMSTAT1	=	0x6193
                    6194    913 _FIFOPCTRL	=	0x6194
                    6195    914 _FSMCTRL	=	0x6195
                    6196    915 _CCACTRL0	=	0x6196
                    6197    916 _CCACTRL1	=	0x6197
                    6198    917 _RSSI	=	0x6198
                    6199    918 _RSSISTAT	=	0x6199
                    619A    919 _RXFIRST	=	0x619a
                    619B    920 _RXFIFOCNT	=	0x619b
                    619C    921 _TXFIFOCNT	=	0x619c
                    619D    922 _RXFIRST_PTR	=	0x619d
                    619E    923 _RXLAST_PTR	=	0x619e
                    619F    924 _RXP1_PTR	=	0x619f
                    61A1    925 _TXFIRST_PTR	=	0x61a1
                    61A2    926 _TXLAST_PTR	=	0x61a2
                    61A3    927 _RFIRQM0	=	0x61a3
                    61A4    928 _RFIRQM1	=	0x61a4
                    61A5    929 _RFERRM	=	0x61a5
                    61A7    930 _RFRND	=	0x61a7
                    61A8    931 _MDMCTRL0	=	0x61a8
                    61A9    932 _MDMCTRL1	=	0x61a9
                    61AA    933 _FREQEST	=	0x61aa
                    61AB    934 _RXCTRL	=	0x61ab
                    61AC    935 _FSCTRL	=	0x61ac
                    61AD    936 _FSCAL0	=	0x61ad
                    61AE    937 _FSCAL1	=	0x61ae
                    61AF    938 _FSCAL2	=	0x61af
                    61B0    939 _FSCAL3	=	0x61b0
                    61B1    940 _AGCCTRL0	=	0x61b1
                    61B2    941 _AGCCTRL1	=	0x61b2
                    61B3    942 _AGCCTRL2	=	0x61b3
                    61B4    943 _AGCCTRL3	=	0x61b4
                    61B5    944 _ADCTEST0	=	0x61b5
                    61B6    945 _ADCTEST1	=	0x61b6
                    61B7    946 _ADCTEST2	=	0x61b7
                    61B8    947 _MDMTEST0	=	0x61b8
                    61B9    948 _MDMTEST1	=	0x61b9
                    61BA    949 _DACTEST0	=	0x61ba
                    61BB    950 _DACTEST1	=	0x61bb
                    61BC    951 _DACTEST2	=	0x61bc
                    61BD    952 _ATEST	=	0x61bd
                    61BE    953 _PTEST0	=	0x61be
                    61BF    954 _PTEST1	=	0x61bf
                    61FA    955 _TXFILTCFG	=	0x61fa
                    61EB    956 _RFC_OBS_CTRL0	=	0x61eb
                    61EC    957 _RFC_OBS_CTRL1	=	0x61ec
                    61ED    958 _RFC_OBS_CTRL2	=	0x61ed
                    61C0    959 _CSPPROG0	=	0x61c0
                    61C1    960 _CSPPROG1	=	0x61c1
                    61C2    961 _CSPPROG2	=	0x61c2
                    61C3    962 _CSPPROG3	=	0x61c3
                    61C4    963 _CSPPROG4	=	0x61c4
                    61C5    964 _CSPPROG5	=	0x61c5
                    61C6    965 _CSPPROG6	=	0x61c6
                    61C7    966 _CSPPROG7	=	0x61c7
                    61C8    967 _CSPPROG8	=	0x61c8
                    61C9    968 _CSPPROG9	=	0x61c9
                    61CA    969 _CSPPROG10	=	0x61ca
                    61CB    970 _CSPPROG11	=	0x61cb
                    61CC    971 _CSPPROG12	=	0x61cc
                    61CD    972 _CSPPROG13	=	0x61cd
                    61CE    973 _CSPPROG14	=	0x61ce
                    61CF    974 _CSPPROG15	=	0x61cf
                    61D0    975 _CSPPROG16	=	0x61d0
                    61D1    976 _CSPPROG17	=	0x61d1
                    61D2    977 _CSPPROG18	=	0x61d2
                    61D3    978 _CSPPROG19	=	0x61d3
                    61D4    979 _CSPPROG20	=	0x61d4
                    61D5    980 _CSPPROG21	=	0x61d5
                    61D6    981 _CSPPROG22	=	0x61d6
                    61D7    982 _CSPPROG23	=	0x61d7
                    61E0    983 _CSPCTRL	=	0x61e0
                    61E1    984 _CSPSTAT	=	0x61e1
                    61E2    985 _CSPX	=	0x61e2
                    61E3    986 _CSPY	=	0x61e3
                    61E4    987 _CSPZ	=	0x61e4
                    61E5    988 _CSPT	=	0x61e5
                    6200    989 _USBADDR	=	0x6200
                    6201    990 _USBPOW	=	0x6201
                    6202    991 _USBIIF	=	0x6202
                    6204    992 _USBOIF	=	0x6204
                    6206    993 _USBCIF	=	0x6206
                    6207    994 _USBIIE	=	0x6207
                    6209    995 _USBOIE	=	0x6209
                    620B    996 _USBCIE	=	0x620b
                    620C    997 _USBFRML	=	0x620c
                    620D    998 _USBFRMH	=	0x620d
                    620E    999 _USBINDEX	=	0x620e
                    620F   1000 _USBCTRL	=	0x620f
                    6210   1001 _USBMAXI	=	0x6210
                    6211   1002 _USBCS0	=	0x6211
                    6211   1003 _USBCSIL	=	0x6211
                    6212   1004 _USBCSIH	=	0x6212
                    6213   1005 _USBMAXO	=	0x6213
                    6214   1006 _USBCSOL	=	0x6214
                    6215   1007 _USBCSOH	=	0x6215
                    6216   1008 _USBCNT0	=	0x6216
                    6216   1009 _USBCNTL	=	0x6216
                    6217   1010 _USBCNTH	=	0x6217
                    6220   1011 _USBF0	=	0x6220
                    6222   1012 _USBF1	=	0x6222
                    6224   1013 _USBF2	=	0x6224
                    6226   1014 _USBF3	=	0x6226
                    6228   1015 _USBF4	=	0x6228
                    622A   1016 _USBF5	=	0x622a
                    7080   1017 _X_P0	=	0x7080
                    7086   1018 _X_U0CSR	=	0x7086
                    7089   1019 _X_P0IFG	=	0x7089
                    708A   1020 _X_P1IFG	=	0x708a
                    708B   1021 _X_P2IFG	=	0x708b
                    708C   1022 _X_PICTL	=	0x708c
                    708D   1023 _X_P1IEN	=	0x708d
                    708F   1024 _X_P0INP	=	0x708f
                    7090   1025 _X_P1	=	0x7090
                    7091   1026 _X_RFIRQF1	=	0x7091
                    7093   1027 _X_MPAGE	=	0x7093
                    7093   1028 _X__XPAGE	=	0x7093
                    7094   1029 _X_T2CTRL	=	0x7094
                    7095   1030 _X_ST0	=	0x7095
                    7096   1031 _X_ST1	=	0x7096
                    7097   1032 _X_ST2	=	0x7097
                    709C   1033 _X_T2EVTCFG	=	0x709c
                    709D   1034 _X_SLEEPSTA	=	0x709d
                    709E   1035 _X_CLKCONSTA	=	0x709e
                    709F   1036 _X_FMAP	=	0x709f
                    709F   1037 _X_PSBANK	=	0x709f
                    70A0   1038 _X_P2	=	0x70a0
                    70A1   1039 _X_T2IRQF	=	0x70a1
                    70A2   1040 _X_T2M0	=	0x70a2
                    70A3   1041 _X_T2M1	=	0x70a3
                    70A4   1042 _X_T2MOVF0	=	0x70a4
                    70A5   1043 _X_T2MOVF1	=	0x70a5
                    70A6   1044 _X_T2MOVF2	=	0x70a6
                    70A7   1045 _X_T2IRQM	=	0x70a7
                    70AB   1046 _X_P0IEN	=	0x70ab
                    70AC   1047 _X_P2IEN	=	0x70ac
                    70AD   1048 _X_STLOAD	=	0x70ad
                    70AE   1049 _X_PMUX	=	0x70ae
                    70AF   1050 _X_T1STAT	=	0x70af
                    70B1   1051 _X_ENCDI	=	0x70b1
                    70B2   1052 _X_ENCDO	=	0x70b2
                    70B3   1053 _X_ENCCS	=	0x70b3
                    70B4   1054 _X_ADCCON1	=	0x70b4
                    70B5   1055 _X_ADCCON2	=	0x70b5
                    70B6   1056 _X_ADCCON3	=	0x70b6
                    70BA   1057 _X_ADCL	=	0x70ba
                    70BB   1058 _X_ADCH	=	0x70bb
                    70BC   1059 _X_RNDL	=	0x70bc
                    70BD   1060 _X_RNDH	=	0x70bd
                    70BE   1061 _X_SLEEPCMD	=	0x70be
                    70BF   1062 _X_RFERRF	=	0x70bf
                    70C1   1063 _X_U0DBUF	=	0x70c1
                    70C2   1064 _X_U0BAUD	=	0x70c2
                    70C3   1065 _X_T2MSEL	=	0x70c3
                    70C4   1066 _X_U0UCR	=	0x70c4
                    70C5   1067 _X_U0GCR	=	0x70c5
                    70C6   1068 _X_CLKCONCMD	=	0x70c6
                    70C7   1069 _X_MEMCTR	=	0x70c7
                    70C9   1070 _X_WDCTL	=	0x70c9
                    70CA   1071 _X_T3CNT	=	0x70ca
                    70CB   1072 _X_T3CTL	=	0x70cb
                    70CC   1073 _X_T3CCTL0	=	0x70cc
                    70CD   1074 _X_T3CC0	=	0x70cd
                    70CE   1075 _X_T3CCTL1	=	0x70ce
                    70CF   1076 _X_T3CC1	=	0x70cf
                    70D1   1077 _X_DMAIRQ	=	0x70d1
                    70D2   1078 _X_DMA1CFGL	=	0x70d2
                    70D3   1079 _X_DMA1CFGH	=	0x70d3
                    70D4   1080 _X_DMA0CFGL	=	0x70d4
                    70D5   1081 _X_DMA0CFGH	=	0x70d5
                    70D6   1082 _X_DMAARM	=	0x70d6
                    70D7   1083 _X_DMAREQ	=	0x70d7
                    70D8   1084 _X_TIMIF	=	0x70d8
                    70D9   1085 _X_RFD	=	0x70d9
                    70DA   1086 _X_T1CC0L	=	0x70da
                    70DB   1087 _X_T1CC0H	=	0x70db
                    70DC   1088 _X_T1CC1L	=	0x70dc
                    70DD   1089 _X_T1CC1H	=	0x70dd
                    70DE   1090 _X_T1CC2L	=	0x70de
                    70DF   1091 _X_T1CC2H	=	0x70df
                    70E1   1092 _X_RFST	=	0x70e1
                    70E2   1093 _X_T1CNTL	=	0x70e2
                    70E3   1094 _X_T1CNTH	=	0x70e3
                    70E4   1095 _X_T1CTL	=	0x70e4
                    70E5   1096 _X_T1CCTL0	=	0x70e5
                    70E6   1097 _X_T1CCTL1	=	0x70e6
                    70E7   1098 _X_T1CCTL2	=	0x70e7
                    70E9   1099 _X_RFIRQF0	=	0x70e9
                    70EA   1100 _X_T4CNT	=	0x70ea
                    70EB   1101 _X_T4CTL	=	0x70eb
                    70EC   1102 _X_T4CCTL0	=	0x70ec
                    70ED   1103 _X_T4CC0	=	0x70ed
                    70EE   1104 _X_T4CCTL1	=	0x70ee
                    70EF   1105 _X_T4CC1	=	0x70ef
                    70F1   1106 _X_PERCFG	=	0x70f1
                    70F2   1107 _X_APCFG	=	0x70f2
                    70F3   1108 _X_P0SEL	=	0x70f3
                    70F4   1109 _X_P1SEL	=	0x70f4
                    70F5   1110 _X_P2SEL	=	0x70f5
                    70F6   1111 _X_P1INP	=	0x70f6
                    70F7   1112 _X_P2INP	=	0x70f7
                    70F8   1113 _X_U1CSR	=	0x70f8
                    70F9   1114 _X_U1DBUF	=	0x70f9
                    70FA   1115 _X_U1BAUD	=	0x70fa
                    70FB   1116 _X_U1UCR	=	0x70fb
                    70FC   1117 _X_U1GCR	=	0x70fc
                    70FD   1118 _X_P0DIR	=	0x70fd
                    70FE   1119 _X_P1DIR	=	0x70fe
                    70FF   1120 _X_P2DIR	=	0x70ff
                    7800   1121 _X_INFOPAGE	=	0x7800
                    780C   1122 _X_IEEE_ADDR	=	0x780c
   0000                    1123 _leds:
   0000                    1124 	.ds 1
   0001                    1125 _invert:
   0001                    1126 	.ds 1
                           1127 ;--------------------------------------------------------
                           1128 ; absolute external ram data
                           1129 ;--------------------------------------------------------
                           1130 	.area XABS    (ABS,XDATA)
                           1131 ;--------------------------------------------------------
                           1132 ; external initialized ram data
                           1133 ;--------------------------------------------------------
                           1134 	.area XISEG   (XDATA)
                           1135 	.area HOME    (CODE)
                           1136 	.area GSINIT0 (CODE)
                           1137 	.area GSINIT1 (CODE)
                           1138 	.area GSINIT2 (CODE)
                           1139 	.area GSINIT3 (CODE)
                           1140 	.area GSINIT4 (CODE)
                           1141 	.area GSINIT5 (CODE)
                           1142 	.area GSINIT  (CODE)
                           1143 	.area GSFINAL (CODE)
                           1144 	.area CSEG    (CODE)
                           1145 ;--------------------------------------------------------
                           1146 ; global & static initialisations
                           1147 ;--------------------------------------------------------
                           1148 	.area HOME    (CODE)
                           1149 	.area GSINIT  (CODE)
                           1150 	.area GSFINAL (CODE)
                           1151 	.area GSINIT  (CODE)
                           1152 ;--------------------------------------------------------
                           1153 ; Home
                           1154 ;--------------------------------------------------------
                           1155 	.area HOME    (CODE)
                           1156 	.area HOME    (CODE)
                           1157 ;--------------------------------------------------------
                           1158 ; code
                           1159 ;--------------------------------------------------------
                           1160 	.area BANK1   (CODE)
                           1161 ;------------------------------------------------------------
                           1162 ;Allocation info for local variables in function 'show_leds'
                           1163 ;------------------------------------------------------------
                           1164 ;changed                   Allocated to registers 
                           1165 ;------------------------------------------------------------
                           1166 ;	../../../contiki-sensinode//core/dev/leds.c:40: show_leds(unsigned char changed)
                           1167 ;	-----------------------------------------
                           1168 ;	 function show_leds
                           1169 ;	-----------------------------------------
   0000                    1170 _show_leds:
                    0007   1171 	ar7 = 0x07
                    0006   1172 	ar6 = 0x06
                    0005   1173 	ar5 = 0x05
                    0004   1174 	ar4 = 0x04
                    0003   1175 	ar3 = 0x03
                    0002   1176 	ar2 = 0x02
                    0001   1177 	ar1 = 0x01
                    0000   1178 	ar0 = 0x00
                           1179 ;	../../../contiki-sensinode//core/dev/leds.c:64: leds_arch_set(leds ^ invert);
   0000 90s00r01           1180 	mov	dptr,#_invert
   0003 E0                 1181 	movx	a,@dptr
   0004 FF                 1182 	mov	r7,a
   0005 90s00r00           1183 	mov	dptr,#_leds
   0008 E0                 1184 	movx	a,@dptr
   0009 62 07              1185 	xrl	ar7,a
   000B 8F 82              1186 	mov	dpl,r7
   000D 78r00              1187 	mov	r0,#_leds_arch_set
   000F 79s00              1188 	mov	r1,#(_leds_arch_set >> 8)
   0011 7As00              1189 	mov	r2,#(_leds_arch_set >> 16)
   0013 12s00r00           1190 	lcall	__sdcc_banked_call
   0016 02s00r00           1191 	ljmp	__sdcc_banked_ret
                           1192 ;------------------------------------------------------------
                           1193 ;Allocation info for local variables in function 'leds_init'
                           1194 ;------------------------------------------------------------
                           1195 ;	../../../contiki-sensinode//core/dev/leds.c:68: leds_init(void)
                           1196 ;	-----------------------------------------
                           1197 ;	 function leds_init
                           1198 ;	-----------------------------------------
   0019                    1199 _leds_init:
                           1200 ;	../../../contiki-sensinode//core/dev/leds.c:70: leds_arch_init();
   0019 78r00              1201 	mov	r0,#_leds_arch_init
   001B 79s00              1202 	mov	r1,#(_leds_arch_init >> 8)
   001D 7As00              1203 	mov	r2,#(_leds_arch_init >> 16)
   001F 12s00r00           1204 	lcall	__sdcc_banked_call
                           1205 ;	../../../contiki-sensinode//core/dev/leds.c:71: leds = invert = 0;
   0022 90s00r01           1206 	mov	dptr,#_invert
   0025 E4                 1207 	clr	a
   0026 F0                 1208 	movx	@dptr,a
   0027 90s00r00           1209 	mov	dptr,#_leds
   002A F0                 1210 	movx	@dptr,a
   002B 02s00r00           1211 	ljmp	__sdcc_banked_ret
                           1212 ;------------------------------------------------------------
                           1213 ;Allocation info for local variables in function 'leds_blink'
                           1214 ;------------------------------------------------------------
                           1215 ;inv                       Allocated to registers r7 
                           1216 ;------------------------------------------------------------
                           1217 ;	../../../contiki-sensinode//core/dev/leds.c:75: leds_blink(void)
                           1218 ;	-----------------------------------------
                           1219 ;	 function leds_blink
                           1220 ;	-----------------------------------------
   002E                    1221 _leds_blink:
                           1222 ;	../../../contiki-sensinode//core/dev/leds.c:79: inv = ~(leds ^ invert);
   002E 90s00r01           1223 	mov	dptr,#_invert
   0031 E0                 1224 	movx	a,@dptr
   0032 FF                 1225 	mov	r7,a
   0033 90s00r00           1226 	mov	dptr,#_leds
   0036 E0                 1227 	movx	a,@dptr
   0037 62 07              1228 	xrl	ar7,a
   0039 EF                 1229 	mov	a,r7
   003A F4                 1230 	cpl	a
                           1231 ;	../../../contiki-sensinode//core/dev/leds.c:80: leds_invert(inv);
   003B FF                 1232 	mov	r7,a
   003C F5 82              1233 	mov	dpl,a
   003E C0 07              1234 	push	ar7
   0040 78rBE              1235 	mov	r0,#_leds_invert
   0042 79s00              1236 	mov	r1,#(_leds_invert >> 8)
   0044 7As00              1237 	mov	r2,#(_leds_invert >> 16)
   0046 12s00r00           1238 	lcall	__sdcc_banked_call
                           1239 ;	../../../contiki-sensinode//core/dev/leds.c:82: clock_delay(400);
   0049 90 01 90           1240 	mov	dptr,#0x0190
   004C 78r00              1241 	mov	r0,#_clock_delay_usec
   004E 79s00              1242 	mov	r1,#(_clock_delay_usec >> 8)
   0050 7As00              1243 	mov	r2,#(_clock_delay_usec >> 16)
   0052 12s00r00           1244 	lcall	__sdcc_banked_call
   0055 D0 07              1245 	pop	ar7
                           1246 ;	../../../contiki-sensinode//core/dev/leds.c:84: leds_invert(inv);
   0057 8F 82              1247 	mov	dpl,r7
   0059 78rBE              1248 	mov	r0,#_leds_invert
   005B 79s00              1249 	mov	r1,#(_leds_invert >> 8)
   005D 7As00              1250 	mov	r2,#(_leds_invert >> 16)
   005F 12s00r00           1251 	lcall	__sdcc_banked_call
   0062 02s00r00           1252 	ljmp	__sdcc_banked_ret
                           1253 ;------------------------------------------------------------
                           1254 ;Allocation info for local variables in function 'leds_get'
                           1255 ;------------------------------------------------------------
                           1256 ;	../../../contiki-sensinode//core/dev/leds.c:88: leds_get(void) {
                           1257 ;	-----------------------------------------
                           1258 ;	 function leds_get
                           1259 ;	-----------------------------------------
   0065                    1260 _leds_get:
                           1261 ;	../../../contiki-sensinode//core/dev/leds.c:89: return leds_arch_get();
   0065 78r00              1262 	mov	r0,#_leds_arch_get
   0067 79s00              1263 	mov	r1,#(_leds_arch_get >> 8)
   0069 7As00              1264 	mov	r2,#(_leds_arch_get >> 16)
   006B 12s00r00           1265 	lcall	__sdcc_banked_call
   006E AF 82              1266 	mov  r7,dpl
   0070 02s00r00           1267 	ljmp	__sdcc_banked_ret
                           1268 ;------------------------------------------------------------
                           1269 ;Allocation info for local variables in function 'leds_on'
                           1270 ;------------------------------------------------------------
                           1271 ;ledv                      Allocated to registers r7 
                           1272 ;changed                   Allocated to registers r5 
                           1273 ;------------------------------------------------------------
                           1274 ;	../../../contiki-sensinode//core/dev/leds.c:93: leds_on(unsigned char ledv)
                           1275 ;	-----------------------------------------
                           1276 ;	 function leds_on
                           1277 ;	-----------------------------------------
   0073                    1278 _leds_on:
   0073 AF 82              1279 	mov	r7,dpl
                           1280 ;	../../../contiki-sensinode//core/dev/leds.c:96: changed = (~leds) & ledv;
   0075 90s00r00           1281 	mov	dptr,#_leds
   0078 E0                 1282 	movx	a,@dptr
   0079 FE                 1283 	mov	r6,a
   007A F4                 1284 	cpl	a
   007B FD                 1285 	mov	r5,a
   007C EF                 1286 	mov	a,r7
   007D 52 05              1287 	anl	ar5,a
                           1288 ;	../../../contiki-sensinode//core/dev/leds.c:97: leds |= ledv;
   007F 90s00r00           1289 	mov	dptr,#_leds
   0082 EF                 1290 	mov	a,r7
   0083 4E                 1291 	orl	a,r6
   0084 F0                 1292 	movx	@dptr,a
                           1293 ;	../../../contiki-sensinode//core/dev/leds.c:98: show_leds(changed);
   0085 8D 82              1294 	mov	dpl,r5
   0087 78r00              1295 	mov	r0,#_show_leds
   0089 79s00              1296 	mov	r1,#(_show_leds >> 8)
   008B 7As00              1297 	mov	r2,#(_show_leds >> 16)
   008D 12s00r00           1298 	lcall	__sdcc_banked_call
   0090 02s00r00           1299 	ljmp	__sdcc_banked_ret
                           1300 ;------------------------------------------------------------
                           1301 ;Allocation info for local variables in function 'leds_off'
                           1302 ;------------------------------------------------------------
                           1303 ;ledv                      Allocated to registers r7 
                           1304 ;changed                   Allocated to registers r5 
                           1305 ;------------------------------------------------------------
                           1306 ;	../../../contiki-sensinode//core/dev/leds.c:102: leds_off(unsigned char ledv)
                           1307 ;	-----------------------------------------
                           1308 ;	 function leds_off
                           1309 ;	-----------------------------------------
   0093                    1310 _leds_off:
   0093 AF 82              1311 	mov	r7,dpl
                           1312 ;	../../../contiki-sensinode//core/dev/leds.c:105: changed = leds & ledv;
   0095 90s00r00           1313 	mov	dptr,#_leds
   0098 E0                 1314 	movx	a,@dptr
   0099 FE                 1315 	mov	r6,a
   009A EF                 1316 	mov	a,r7
   009B 5E                 1317 	anl	a,r6
   009C FD                 1318 	mov	r5,a
                           1319 ;	../../../contiki-sensinode//core/dev/leds.c:106: leds &= ~ledv;
   009D EF                 1320 	mov	a,r7
   009E F4                 1321 	cpl	a
   009F 90s00r00           1322 	mov	dptr,#_leds
   00A2 5E                 1323 	anl	a,r6
   00A3 F0                 1324 	movx	@dptr,a
                           1325 ;	../../../contiki-sensinode//core/dev/leds.c:107: show_leds(changed);
   00A4 8D 82              1326 	mov	dpl,r5
   00A6 78r00              1327 	mov	r0,#_show_leds
   00A8 79s00              1328 	mov	r1,#(_show_leds >> 8)
   00AA 7As00              1329 	mov	r2,#(_show_leds >> 16)
   00AC 12s00r00           1330 	lcall	__sdcc_banked_call
   00AF 02s00r00           1331 	ljmp	__sdcc_banked_ret
                           1332 ;------------------------------------------------------------
                           1333 ;Allocation info for local variables in function 'leds_toggle'
                           1334 ;------------------------------------------------------------
                           1335 ;ledv                      Allocated to registers r7 
                           1336 ;------------------------------------------------------------
                           1337 ;	../../../contiki-sensinode//core/dev/leds.c:111: leds_toggle(unsigned char ledv)
                           1338 ;	-----------------------------------------
                           1339 ;	 function leds_toggle
                           1340 ;	-----------------------------------------
   00B2                    1341 _leds_toggle:
                           1342 ;	../../../contiki-sensinode//core/dev/leds.c:113: leds_invert(ledv);
   00B2 78rBE              1343 	mov	r0,#_leds_invert
   00B4 79s00              1344 	mov	r1,#(_leds_invert >> 8)
   00B6 7As00              1345 	mov	r2,#(_leds_invert >> 16)
   00B8 12s00r00           1346 	lcall	__sdcc_banked_call
   00BB 02s00r00           1347 	ljmp	__sdcc_banked_ret
                           1348 ;------------------------------------------------------------
                           1349 ;Allocation info for local variables in function 'leds_invert'
                           1350 ;------------------------------------------------------------
                           1351 ;ledv                      Allocated to registers r7 
                           1352 ;------------------------------------------------------------
                           1353 ;	../../../contiki-sensinode//core/dev/leds.c:118: leds_invert(unsigned char ledv) {
                           1354 ;	-----------------------------------------
                           1355 ;	 function leds_invert
                           1356 ;	-----------------------------------------
   00BE                    1357 _leds_invert:
   00BE AF 82              1358 	mov	r7,dpl
                           1359 ;	../../../contiki-sensinode//core/dev/leds.c:119: invert = invert ^ ledv;
   00C0 90s00r01           1360 	mov	dptr,#_invert
   00C3 E0                 1361 	movx	a,@dptr
   00C4 6F                 1362 	xrl	a,r7
   00C5 F0                 1363 	movx	@dptr,a
                           1364 ;	../../../contiki-sensinode//core/dev/leds.c:120: show_leds(ledv);
   00C6 8F 82              1365 	mov	dpl,r7
   00C8 78r00              1366 	mov	r0,#_show_leds
   00CA 79s00              1367 	mov	r1,#(_show_leds >> 8)
   00CC 7As00              1368 	mov	r2,#(_show_leds >> 16)
   00CE 12s00r00           1369 	lcall	__sdcc_banked_call
   00D1 02s00r00           1370 	ljmp	__sdcc_banked_ret
                           1371 	.area CSEG    (CODE)
                           1372 	.area CONST   (CODE)
                           1373 	.area XINIT   (CODE)
                           1374 	.area CABS    (ABS,CODE)
