                              1 ;--------------------------------------------------------
                              2 ; File Created by SDCC : free open source ANSI-C Compiler
                              3 ; Version 3.1.1 #7100 (Oct 29 2014) (Linux)
                              4 ; This file was generated Wed Dec  2 18:10:56 2015
                              5 ;--------------------------------------------------------
                              6 	.module memb
                              7 	.optsdcc -mmcs51 --model-huge
                              8 	
                              9 ;--------------------------------------------------------
                             10 ; Public variables in this module
                             11 ;--------------------------------------------------------
                             12 	.globl _memset
                             13 	.globl _ACTIVE
                             14 	.globl _TX_BYTE
                             15 	.globl _RX_BYTE
                             16 	.globl _ERR
                             17 	.globl _FE
                             18 	.globl _SLAVE
                             19 	.globl _RE
                             20 	.globl _MODE
                             21 	.globl _T3OVFIF
                             22 	.globl _T3CH0IF
                             23 	.globl _T3CH1IF
                             24 	.globl _T4OVFIF
                             25 	.globl _T4CH0IF
                             26 	.globl _T4CH1IF
                             27 	.globl _OVFIM
                             28 	.globl _B_0
                             29 	.globl _B_1
                             30 	.globl _B_2
                             31 	.globl _B_3
                             32 	.globl _B_4
                             33 	.globl _B_5
                             34 	.globl _B_6
                             35 	.globl _B_7
                             36 	.globl _P2IF
                             37 	.globl _UTX0IF
                             38 	.globl _UTX1IF
                             39 	.globl _P1IF
                             40 	.globl _WDTIF
                             41 	.globl _ACC_0
                             42 	.globl _ACC_1
                             43 	.globl _ACC_2
                             44 	.globl _ACC_3
                             45 	.globl _ACC_4
                             46 	.globl _ACC_5
                             47 	.globl _ACC_6
                             48 	.globl _ACC_7
                             49 	.globl _P
                             50 	.globl _F1
                             51 	.globl _OV
                             52 	.globl _RS0
                             53 	.globl _RS1
                             54 	.globl _F0
                             55 	.globl _AC
                             56 	.globl _CY
                             57 	.globl _DMAIF
                             58 	.globl _T1IF
                             59 	.globl _T2IF
                             60 	.globl _T3IF
                             61 	.globl _T4IF
                             62 	.globl _P0IF
                             63 	.globl _STIF
                             64 	.globl _DMAIE
                             65 	.globl _T1IE
                             66 	.globl _T2IE
                             67 	.globl _T3IE
                             68 	.globl _T4IE
                             69 	.globl _P0IE
                             70 	.globl _RFERRIE
                             71 	.globl _ADCIE
                             72 	.globl _URX0IE
                             73 	.globl _URX1IE
                             74 	.globl _ENCIE
                             75 	.globl _STIE
                             76 	.globl _EA
                             77 	.globl _P2_0
                             78 	.globl _P2_1
                             79 	.globl _P2_2
                             80 	.globl _P2_3
                             81 	.globl _P2_4
                             82 	.globl _P2_5
                             83 	.globl _P2_6
                             84 	.globl _P2_7
                             85 	.globl _ENCIF_0
                             86 	.globl _ENCIF_1
                             87 	.globl _P1_0
                             88 	.globl _P1_1
                             89 	.globl _P1_2
                             90 	.globl _P1_3
                             91 	.globl _P1_4
                             92 	.globl _P1_5
                             93 	.globl _P1_6
                             94 	.globl _P1_7
                             95 	.globl _IT0
                             96 	.globl _RFERRIF
                             97 	.globl _IT1
                             98 	.globl _URX0IF
                             99 	.globl _ADCIF
                            100 	.globl _URX1IF
                            101 	.globl _P0_0
                            102 	.globl _P0_1
                            103 	.globl _P0_2
                            104 	.globl _P0_3
                            105 	.globl _P0_4
                            106 	.globl _P0_5
                            107 	.globl _P0_6
                            108 	.globl _P0_7
                            109 	.globl _WDCTL
                            110 	.globl _U1GCR
                            111 	.globl _U1UCR
                            112 	.globl _U1BAUD
                            113 	.globl _U1DBUF
                            114 	.globl _U1CSR
                            115 	.globl _U0GCR
                            116 	.globl _U0UCR
                            117 	.globl _U0BAUD
                            118 	.globl _U0DBUF
                            119 	.globl _U0CSR
                            120 	.globl _TIMIF
                            121 	.globl _T4CC1
                            122 	.globl _T4CCTL1
                            123 	.globl _T4CC0
                            124 	.globl _T4CCTL0
                            125 	.globl _T4CTL
                            126 	.globl _T4CNT
                            127 	.globl _T3CC1
                            128 	.globl _T3CCTL1
                            129 	.globl _T3CC0
                            130 	.globl _T3CCTL0
                            131 	.globl _T3CTL
                            132 	.globl _T3CNT
                            133 	.globl _T2MSEL
                            134 	.globl _T2IRQM
                            135 	.globl _T2MOVF2
                            136 	.globl _T2MOVF1
                            137 	.globl _T2MOVF0
                            138 	.globl _T2M1
                            139 	.globl _T2M0
                            140 	.globl _T2IRQF
                            141 	.globl _T2EVTCFG
                            142 	.globl _T2CTRL
                            143 	.globl _T1STAT
                            144 	.globl _T1CCTL2
                            145 	.globl _T1CCTL1
                            146 	.globl _T1CCTL0
                            147 	.globl _T1CTL
                            148 	.globl _T1CNTH
                            149 	.globl _T1CNTL
                            150 	.globl _T1CC2H
                            151 	.globl _T1CC2L
                            152 	.globl _T1CC1H
                            153 	.globl _T1CC1L
                            154 	.globl _T1CC0H
                            155 	.globl _T1CC0L
                            156 	.globl _CLKCONSTA
                            157 	.globl _CLKCONCMD
                            158 	.globl _SLEEPSTA
                            159 	.globl _SLEEPCMD
                            160 	.globl _STLOAD
                            161 	.globl _ST2
                            162 	.globl _ST1
                            163 	.globl _ST0
                            164 	.globl _RFERRF
                            165 	.globl _RFIRQF0
                            166 	.globl _RFST
                            167 	.globl _RFD
                            168 	.globl _RFIRQF1
                            169 	.globl _PSBANK
                            170 	.globl _FMAP
                            171 	.globl _MEMCTR
                            172 	.globl __XPAGE
                            173 	.globl _MPAGE
                            174 	.globl _PMUX
                            175 	.globl _P2DIR
                            176 	.globl _P1DIR
                            177 	.globl _P0DIR
                            178 	.globl _P2INP
                            179 	.globl _P1INP
                            180 	.globl _P2SEL
                            181 	.globl _P1SEL
                            182 	.globl _P0SEL
                            183 	.globl _APCFG
                            184 	.globl _PERCFG
                            185 	.globl _P0INP
                            186 	.globl _P2IEN
                            187 	.globl _P1IEN
                            188 	.globl _P0IEN
                            189 	.globl _PICTL
                            190 	.globl _P2IFG
                            191 	.globl _P1IFG
                            192 	.globl _P0IFG
                            193 	.globl _DMAREQ
                            194 	.globl _DMAARM
                            195 	.globl _DMA0CFGH
                            196 	.globl _DMA0CFGL
                            197 	.globl _DMA1CFGH
                            198 	.globl _DMA1CFGL
                            199 	.globl _DMAIRQ
                            200 	.globl _ENCCS
                            201 	.globl _ENCDO
                            202 	.globl _ENCDI
                            203 	.globl _RNDH
                            204 	.globl _RNDL
                            205 	.globl _ADCH
                            206 	.globl _ADCL
                            207 	.globl _ADCCON3
                            208 	.globl _ADCCON2
                            209 	.globl _ADCCON1
                            210 	.globl _B
                            211 	.globl _IRCON2
                            212 	.globl _ACC
                            213 	.globl _PSW
                            214 	.globl _IRCON
                            215 	.globl _IP1
                            216 	.globl _IEN1
                            217 	.globl _IP0
                            218 	.globl _IEN0
                            219 	.globl _P2
                            220 	.globl _S1CON
                            221 	.globl _IEN2
                            222 	.globl _S0CON
                            223 	.globl _DPS
                            224 	.globl _P1
                            225 	.globl _TCON
                            226 	.globl _PCON
                            227 	.globl _DPH1
                            228 	.globl _DPL1
                            229 	.globl _DPH0
                            230 	.globl _DPL0
                            231 	.globl _SP
                            232 	.globl _P0
                            233 	.globl _X_IEEE_ADDR
                            234 	.globl _X_INFOPAGE
                            235 	.globl _X_P2DIR
                            236 	.globl _X_P1DIR
                            237 	.globl _X_P0DIR
                            238 	.globl _X_U1GCR
                            239 	.globl _X_U1UCR
                            240 	.globl _X_U1BAUD
                            241 	.globl _X_U1DBUF
                            242 	.globl _X_U1CSR
                            243 	.globl _X_P2INP
                            244 	.globl _X_P1INP
                            245 	.globl _X_P2SEL
                            246 	.globl _X_P1SEL
                            247 	.globl _X_P0SEL
                            248 	.globl _X_APCFG
                            249 	.globl _X_PERCFG
                            250 	.globl _X_T4CC1
                            251 	.globl _X_T4CCTL1
                            252 	.globl _X_T4CC0
                            253 	.globl _X_T4CCTL0
                            254 	.globl _X_T4CTL
                            255 	.globl _X_T4CNT
                            256 	.globl _X_RFIRQF0
                            257 	.globl _X_T1CCTL2
                            258 	.globl _X_T1CCTL1
                            259 	.globl _X_T1CCTL0
                            260 	.globl _X_T1CTL
                            261 	.globl _X_T1CNTH
                            262 	.globl _X_T1CNTL
                            263 	.globl _X_RFST
                            264 	.globl _X_T1CC2H
                            265 	.globl _X_T1CC2L
                            266 	.globl _X_T1CC1H
                            267 	.globl _X_T1CC1L
                            268 	.globl _X_T1CC0H
                            269 	.globl _X_T1CC0L
                            270 	.globl _X_RFD
                            271 	.globl _X_TIMIF
                            272 	.globl _X_DMAREQ
                            273 	.globl _X_DMAARM
                            274 	.globl _X_DMA0CFGH
                            275 	.globl _X_DMA0CFGL
                            276 	.globl _X_DMA1CFGH
                            277 	.globl _X_DMA1CFGL
                            278 	.globl _X_DMAIRQ
                            279 	.globl _X_T3CC1
                            280 	.globl _X_T3CCTL1
                            281 	.globl _X_T3CC0
                            282 	.globl _X_T3CCTL0
                            283 	.globl _X_T3CTL
                            284 	.globl _X_T3CNT
                            285 	.globl _X_WDCTL
                            286 	.globl _X_MEMCTR
                            287 	.globl _X_CLKCONCMD
                            288 	.globl _X_U0GCR
                            289 	.globl _X_U0UCR
                            290 	.globl _X_T2MSEL
                            291 	.globl _X_U0BAUD
                            292 	.globl _X_U0DBUF
                            293 	.globl _X_RFERRF
                            294 	.globl _X_SLEEPCMD
                            295 	.globl _X_RNDH
                            296 	.globl _X_RNDL
                            297 	.globl _X_ADCH
                            298 	.globl _X_ADCL
                            299 	.globl _X_ADCCON3
                            300 	.globl _X_ADCCON2
                            301 	.globl _X_ADCCON1
                            302 	.globl _X_ENCCS
                            303 	.globl _X_ENCDO
                            304 	.globl _X_ENCDI
                            305 	.globl _X_T1STAT
                            306 	.globl _X_PMUX
                            307 	.globl _X_STLOAD
                            308 	.globl _X_P2IEN
                            309 	.globl _X_P0IEN
                            310 	.globl _X_T2IRQM
                            311 	.globl _X_T2MOVF2
                            312 	.globl _X_T2MOVF1
                            313 	.globl _X_T2MOVF0
                            314 	.globl _X_T2M1
                            315 	.globl _X_T2M0
                            316 	.globl _X_T2IRQF
                            317 	.globl _X_P2
                            318 	.globl _X_PSBANK
                            319 	.globl _X_FMAP
                            320 	.globl _X_CLKCONSTA
                            321 	.globl _X_SLEEPSTA
                            322 	.globl _X_T2EVTCFG
                            323 	.globl _X_ST2
                            324 	.globl _X_ST1
                            325 	.globl _X_ST0
                            326 	.globl _X_T2CTRL
                            327 	.globl _X__XPAGE
                            328 	.globl _X_MPAGE
                            329 	.globl _X_RFIRQF1
                            330 	.globl _X_P1
                            331 	.globl _X_P0INP
                            332 	.globl _X_P1IEN
                            333 	.globl _X_PICTL
                            334 	.globl _X_P2IFG
                            335 	.globl _X_P1IFG
                            336 	.globl _X_P0IFG
                            337 	.globl _X_U0CSR
                            338 	.globl _X_P0
                            339 	.globl _USBF5
                            340 	.globl _USBF4
                            341 	.globl _USBF3
                            342 	.globl _USBF2
                            343 	.globl _USBF1
                            344 	.globl _USBF0
                            345 	.globl _USBCNTH
                            346 	.globl _USBCNTL
                            347 	.globl _USBCNT0
                            348 	.globl _USBCSOH
                            349 	.globl _USBCSOL
                            350 	.globl _USBMAXO
                            351 	.globl _USBCSIH
                            352 	.globl _USBCSIL
                            353 	.globl _USBCS0
                            354 	.globl _USBMAXI
                            355 	.globl _USBCTRL
                            356 	.globl _USBINDEX
                            357 	.globl _USBFRMH
                            358 	.globl _USBFRML
                            359 	.globl _USBCIE
                            360 	.globl _USBOIE
                            361 	.globl _USBIIE
                            362 	.globl _USBCIF
                            363 	.globl _USBOIF
                            364 	.globl _USBIIF
                            365 	.globl _USBPOW
                            366 	.globl _USBADDR
                            367 	.globl _CSPT
                            368 	.globl _CSPZ
                            369 	.globl _CSPY
                            370 	.globl _CSPX
                            371 	.globl _CSPSTAT
                            372 	.globl _CSPCTRL
                            373 	.globl _CSPPROG23
                            374 	.globl _CSPPROG22
                            375 	.globl _CSPPROG21
                            376 	.globl _CSPPROG20
                            377 	.globl _CSPPROG19
                            378 	.globl _CSPPROG18
                            379 	.globl _CSPPROG17
                            380 	.globl _CSPPROG16
                            381 	.globl _CSPPROG15
                            382 	.globl _CSPPROG14
                            383 	.globl _CSPPROG13
                            384 	.globl _CSPPROG12
                            385 	.globl _CSPPROG11
                            386 	.globl _CSPPROG10
                            387 	.globl _CSPPROG9
                            388 	.globl _CSPPROG8
                            389 	.globl _CSPPROG7
                            390 	.globl _CSPPROG6
                            391 	.globl _CSPPROG5
                            392 	.globl _CSPPROG4
                            393 	.globl _CSPPROG3
                            394 	.globl _CSPPROG2
                            395 	.globl _CSPPROG1
                            396 	.globl _CSPPROG0
                            397 	.globl _RFC_OBS_CTRL2
                            398 	.globl _RFC_OBS_CTRL1
                            399 	.globl _RFC_OBS_CTRL0
                            400 	.globl _TXFILTCFG
                            401 	.globl _PTEST1
                            402 	.globl _PTEST0
                            403 	.globl _ATEST
                            404 	.globl _DACTEST2
                            405 	.globl _DACTEST1
                            406 	.globl _DACTEST0
                            407 	.globl _MDMTEST1
                            408 	.globl _MDMTEST0
                            409 	.globl _ADCTEST2
                            410 	.globl _ADCTEST1
                            411 	.globl _ADCTEST0
                            412 	.globl _AGCCTRL3
                            413 	.globl _AGCCTRL2
                            414 	.globl _AGCCTRL1
                            415 	.globl _AGCCTRL0
                            416 	.globl _FSCAL3
                            417 	.globl _FSCAL2
                            418 	.globl _FSCAL1
                            419 	.globl _FSCAL0
                            420 	.globl _FSCTRL
                            421 	.globl _RXCTRL
                            422 	.globl _FREQEST
                            423 	.globl _MDMCTRL1
                            424 	.globl _MDMCTRL0
                            425 	.globl _RFRND
                            426 	.globl _RFERRM
                            427 	.globl _RFIRQM1
                            428 	.globl _RFIRQM0
                            429 	.globl _TXLAST_PTR
                            430 	.globl _TXFIRST_PTR
                            431 	.globl _RXP1_PTR
                            432 	.globl _RXLAST_PTR
                            433 	.globl _RXFIRST_PTR
                            434 	.globl _TXFIFOCNT
                            435 	.globl _RXFIFOCNT
                            436 	.globl _RXFIRST
                            437 	.globl _RSSISTAT
                            438 	.globl _RSSI
                            439 	.globl _CCACTRL1
                            440 	.globl _CCACTRL0
                            441 	.globl _FSMCTRL
                            442 	.globl _FIFOPCTRL
                            443 	.globl _FSMSTAT1
                            444 	.globl _FSMSTAT0
                            445 	.globl _TXCTRL
                            446 	.globl _TXPOWER
                            447 	.globl _FREQCTRL
                            448 	.globl _FREQTUNE
                            449 	.globl _RXMASKCLR
                            450 	.globl _RXMASKSET
                            451 	.globl _RXENABLE
                            452 	.globl _FRMCTRL1
                            453 	.globl _FRMCTRL0
                            454 	.globl _SRCEXTEN2
                            455 	.globl _SRCEXTEN1
                            456 	.globl _SRCEXTEN0
                            457 	.globl _SRCSHORTEN2
                            458 	.globl _SRCSHORTEN1
                            459 	.globl _SRCSHORTEN0
                            460 	.globl _SRCMATCH
                            461 	.globl _FRMFILT1
                            462 	.globl _FRMFILT0
                            463 	.globl _SHORT_ADDR1
                            464 	.globl _SHORT_ADDR0
                            465 	.globl _PAN_ID1
                            466 	.globl _PAN_ID0
                            467 	.globl _EXT_ADDR7
                            468 	.globl _EXT_ADDR6
                            469 	.globl _EXT_ADDR5
                            470 	.globl _EXT_ADDR4
                            471 	.globl _EXT_ADDR3
                            472 	.globl _EXT_ADDR2
                            473 	.globl _EXT_ADDR1
                            474 	.globl _EXT_ADDR0
                            475 	.globl _SRCSHORTPENDEN2
                            476 	.globl _SRCSHORTPENDEN1
                            477 	.globl _SRCSHORTPENDEN0
                            478 	.globl _SRCEXTPENDEN2
                            479 	.globl _SRCEXTPENDEN1
                            480 	.globl _SRCEXTPENDEN0
                            481 	.globl _SRCRESINDEX
                            482 	.globl _SRCRESMASK2
                            483 	.globl _SRCRESMASK1
                            484 	.globl _SRCRESMASK0
                            485 	.globl _SRC_ADDR_TABLE
                            486 	.globl _TXFIFO
                            487 	.globl _RXFIFO
                            488 	.globl _RFCORE_RAM
                            489 	.globl _CMPCTL
                            490 	.globl _OPAMPS
                            491 	.globl _OPAMPC
                            492 	.globl _STCV2
                            493 	.globl _STCV1
                            494 	.globl _STCV0
                            495 	.globl _STCS
                            496 	.globl _STCC
                            497 	.globl _T1CC4H
                            498 	.globl _T1CC4L
                            499 	.globl _T1CC3H
                            500 	.globl _T1CC3L
                            501 	.globl _XX_T1CC2H
                            502 	.globl _XX_T1CC2L
                            503 	.globl _XX_T1CC1H
                            504 	.globl _XX_T1CC1L
                            505 	.globl _XX_T1CC0H
                            506 	.globl _XX_T1CC0L
                            507 	.globl _T1CCTL4
                            508 	.globl _T1CCTL3
                            509 	.globl _XX_T1CCTL2
                            510 	.globl _XX_T1CCTL1
                            511 	.globl _XX_T1CCTL0
                            512 	.globl _CLD
                            513 	.globl _IRCTL
                            514 	.globl _CHIPINFO1
                            515 	.globl _CHIPINFO0
                            516 	.globl _FWDATA
                            517 	.globl _FADDRH
                            518 	.globl _FADDRL
                            519 	.globl _FCTL
                            520 	.globl _IVCTRL
                            521 	.globl _BATTMON
                            522 	.globl _SRCRC
                            523 	.globl _DBGDATA
                            524 	.globl _TESTREG0
                            525 	.globl _CHIPID
                            526 	.globl _CHVER
                            527 	.globl _OBSSEL5
                            528 	.globl _OBSSEL4
                            529 	.globl _OBSSEL3
                            530 	.globl _OBSSEL2
                            531 	.globl _OBSSEL1
                            532 	.globl _OBSSEL0
                            533 	.globl _I2CIO
                            534 	.globl _I2CWC
                            535 	.globl _I2CADDR
                            536 	.globl _I2CDATA
                            537 	.globl _I2CSTAT
                            538 	.globl _I2CCFG
                            539 	.globl _OPAMPMC
                            540 	.globl _MONMUX
                            541 	.globl _memb_init
                            542 	.globl _memb_alloc
                            543 	.globl _memb_free
                            544 	.globl _memb_inmemb
                            545 ;--------------------------------------------------------
                            546 ; special function registers
                            547 ;--------------------------------------------------------
                            548 	.area RSEG    (ABS,DATA)
   0000                     549 	.org 0x0000
                    0080    550 _P0	=	0x0080
                    0081    551 _SP	=	0x0081
                    0082    552 _DPL0	=	0x0082
                    0083    553 _DPH0	=	0x0083
                    0084    554 _DPL1	=	0x0084
                    0085    555 _DPH1	=	0x0085
                    0087    556 _PCON	=	0x0087
                    0088    557 _TCON	=	0x0088
                    0090    558 _P1	=	0x0090
                    0092    559 _DPS	=	0x0092
                    0098    560 _S0CON	=	0x0098
                    009A    561 _IEN2	=	0x009a
                    009B    562 _S1CON	=	0x009b
                    00A0    563 _P2	=	0x00a0
                    00A8    564 _IEN0	=	0x00a8
                    00A9    565 _IP0	=	0x00a9
                    00B8    566 _IEN1	=	0x00b8
                    00B9    567 _IP1	=	0x00b9
                    00C0    568 _IRCON	=	0x00c0
                    00D0    569 _PSW	=	0x00d0
                    00E0    570 _ACC	=	0x00e0
                    00E8    571 _IRCON2	=	0x00e8
                    00F0    572 _B	=	0x00f0
                    00B4    573 _ADCCON1	=	0x00b4
                    00B5    574 _ADCCON2	=	0x00b5
                    00B6    575 _ADCCON3	=	0x00b6
                    00BA    576 _ADCL	=	0x00ba
                    00BB    577 _ADCH	=	0x00bb
                    00BC    578 _RNDL	=	0x00bc
                    00BD    579 _RNDH	=	0x00bd
                    00B1    580 _ENCDI	=	0x00b1
                    00B2    581 _ENCDO	=	0x00b2
                    00B3    582 _ENCCS	=	0x00b3
                    00D1    583 _DMAIRQ	=	0x00d1
                    00D2    584 _DMA1CFGL	=	0x00d2
                    00D3    585 _DMA1CFGH	=	0x00d3
                    00D4    586 _DMA0CFGL	=	0x00d4
                    00D5    587 _DMA0CFGH	=	0x00d5
                    00D6    588 _DMAARM	=	0x00d6
                    00D7    589 _DMAREQ	=	0x00d7
                    0089    590 _P0IFG	=	0x0089
                    008A    591 _P1IFG	=	0x008a
                    008B    592 _P2IFG	=	0x008b
                    008C    593 _PICTL	=	0x008c
                    00AB    594 _P0IEN	=	0x00ab
                    008D    595 _P1IEN	=	0x008d
                    00AC    596 _P2IEN	=	0x00ac
                    008F    597 _P0INP	=	0x008f
                    00F1    598 _PERCFG	=	0x00f1
                    00F2    599 _APCFG	=	0x00f2
                    00F3    600 _P0SEL	=	0x00f3
                    00F4    601 _P1SEL	=	0x00f4
                    00F5    602 _P2SEL	=	0x00f5
                    00F6    603 _P1INP	=	0x00f6
                    00F7    604 _P2INP	=	0x00f7
                    00FD    605 _P0DIR	=	0x00fd
                    00FE    606 _P1DIR	=	0x00fe
                    00FF    607 _P2DIR	=	0x00ff
                    00AE    608 _PMUX	=	0x00ae
                    0093    609 _MPAGE	=	0x0093
                    0093    610 __XPAGE	=	0x0093
                    00C7    611 _MEMCTR	=	0x00c7
                    009F    612 _FMAP	=	0x009f
                    009F    613 _PSBANK	=	0x009f
                    0091    614 _RFIRQF1	=	0x0091
                    00D9    615 _RFD	=	0x00d9
                    00E1    616 _RFST	=	0x00e1
                    00E9    617 _RFIRQF0	=	0x00e9
                    00BF    618 _RFERRF	=	0x00bf
                    0095    619 _ST0	=	0x0095
                    0096    620 _ST1	=	0x0096
                    0097    621 _ST2	=	0x0097
                    00AD    622 _STLOAD	=	0x00ad
                    00BE    623 _SLEEPCMD	=	0x00be
                    009D    624 _SLEEPSTA	=	0x009d
                    00C6    625 _CLKCONCMD	=	0x00c6
                    009E    626 _CLKCONSTA	=	0x009e
                    00DA    627 _T1CC0L	=	0x00da
                    00DB    628 _T1CC0H	=	0x00db
                    00DC    629 _T1CC1L	=	0x00dc
                    00DD    630 _T1CC1H	=	0x00dd
                    00DE    631 _T1CC2L	=	0x00de
                    00DF    632 _T1CC2H	=	0x00df
                    00E2    633 _T1CNTL	=	0x00e2
                    00E3    634 _T1CNTH	=	0x00e3
                    00E4    635 _T1CTL	=	0x00e4
                    00E5    636 _T1CCTL0	=	0x00e5
                    00E6    637 _T1CCTL1	=	0x00e6
                    00E7    638 _T1CCTL2	=	0x00e7
                    00AF    639 _T1STAT	=	0x00af
                    0094    640 _T2CTRL	=	0x0094
                    009C    641 _T2EVTCFG	=	0x009c
                    00A1    642 _T2IRQF	=	0x00a1
                    00A2    643 _T2M0	=	0x00a2
                    00A3    644 _T2M1	=	0x00a3
                    00A4    645 _T2MOVF0	=	0x00a4
                    00A5    646 _T2MOVF1	=	0x00a5
                    00A6    647 _T2MOVF2	=	0x00a6
                    00A7    648 _T2IRQM	=	0x00a7
                    00C3    649 _T2MSEL	=	0x00c3
                    00CA    650 _T3CNT	=	0x00ca
                    00CB    651 _T3CTL	=	0x00cb
                    00CC    652 _T3CCTL0	=	0x00cc
                    00CD    653 _T3CC0	=	0x00cd
                    00CE    654 _T3CCTL1	=	0x00ce
                    00CF    655 _T3CC1	=	0x00cf
                    00EA    656 _T4CNT	=	0x00ea
                    00EB    657 _T4CTL	=	0x00eb
                    00EC    658 _T4CCTL0	=	0x00ec
                    00ED    659 _T4CC0	=	0x00ed
                    00EE    660 _T4CCTL1	=	0x00ee
                    00EF    661 _T4CC1	=	0x00ef
                    00D8    662 _TIMIF	=	0x00d8
                    0086    663 _U0CSR	=	0x0086
                    00C1    664 _U0DBUF	=	0x00c1
                    00C2    665 _U0BAUD	=	0x00c2
                    00C4    666 _U0UCR	=	0x00c4
                    00C5    667 _U0GCR	=	0x00c5
                    00F8    668 _U1CSR	=	0x00f8
                    00F9    669 _U1DBUF	=	0x00f9
                    00FA    670 _U1BAUD	=	0x00fa
                    00FB    671 _U1UCR	=	0x00fb
                    00FC    672 _U1GCR	=	0x00fc
                    00C9    673 _WDCTL	=	0x00c9
                            674 ;--------------------------------------------------------
                            675 ; special function bits
                            676 ;--------------------------------------------------------
                            677 	.area RSEG    (ABS,DATA)
   0000                     678 	.org 0x0000
                    0087    679 _P0_7	=	0x0087
                    0086    680 _P0_6	=	0x0086
                    0085    681 _P0_5	=	0x0085
                    0084    682 _P0_4	=	0x0084
                    0083    683 _P0_3	=	0x0083
                    0082    684 _P0_2	=	0x0082
                    0081    685 _P0_1	=	0x0081
                    0080    686 _P0_0	=	0x0080
                    008F    687 _URX1IF	=	0x008f
                    008D    688 _ADCIF	=	0x008d
                    008B    689 _URX0IF	=	0x008b
                    008A    690 _IT1	=	0x008a
                    0089    691 _RFERRIF	=	0x0089
                    0088    692 _IT0	=	0x0088
                    0097    693 _P1_7	=	0x0097
                    0096    694 _P1_6	=	0x0096
                    0095    695 _P1_5	=	0x0095
                    0094    696 _P1_4	=	0x0094
                    0093    697 _P1_3	=	0x0093
                    0092    698 _P1_2	=	0x0092
                    0091    699 _P1_1	=	0x0091
                    0090    700 _P1_0	=	0x0090
                    0099    701 _ENCIF_1	=	0x0099
                    0098    702 _ENCIF_0	=	0x0098
                    00A7    703 _P2_7	=	0x00a7
                    00A6    704 _P2_6	=	0x00a6
                    00A5    705 _P2_5	=	0x00a5
                    00A4    706 _P2_4	=	0x00a4
                    00A3    707 _P2_3	=	0x00a3
                    00A2    708 _P2_2	=	0x00a2
                    00A1    709 _P2_1	=	0x00a1
                    00A0    710 _P2_0	=	0x00a0
                    00AF    711 _EA	=	0x00af
                    00AD    712 _STIE	=	0x00ad
                    00AC    713 _ENCIE	=	0x00ac
                    00AB    714 _URX1IE	=	0x00ab
                    00AA    715 _URX0IE	=	0x00aa
                    00A9    716 _ADCIE	=	0x00a9
                    00A8    717 _RFERRIE	=	0x00a8
                    00BD    718 _P0IE	=	0x00bd
                    00BC    719 _T4IE	=	0x00bc
                    00BB    720 _T3IE	=	0x00bb
                    00BA    721 _T2IE	=	0x00ba
                    00B9    722 _T1IE	=	0x00b9
                    00B8    723 _DMAIE	=	0x00b8
                    00C7    724 _STIF	=	0x00c7
                    00C5    725 _P0IF	=	0x00c5
                    00C4    726 _T4IF	=	0x00c4
                    00C3    727 _T3IF	=	0x00c3
                    00C2    728 _T2IF	=	0x00c2
                    00C1    729 _T1IF	=	0x00c1
                    00C0    730 _DMAIF	=	0x00c0
                    00D7    731 _CY	=	0x00d7
                    00D6    732 _AC	=	0x00d6
                    00D5    733 _F0	=	0x00d5
                    00D4    734 _RS1	=	0x00d4
                    00D3    735 _RS0	=	0x00d3
                    00D2    736 _OV	=	0x00d2
                    00D1    737 _F1	=	0x00d1
                    00D0    738 _P	=	0x00d0
                    00E7    739 _ACC_7	=	0x00e7
                    00E6    740 _ACC_6	=	0x00e6
                    00E5    741 _ACC_5	=	0x00e5
                    00E4    742 _ACC_4	=	0x00e4
                    00E3    743 _ACC_3	=	0x00e3
                    00E2    744 _ACC_2	=	0x00e2
                    00E1    745 _ACC_1	=	0x00e1
                    00E0    746 _ACC_0	=	0x00e0
                    00EC    747 _WDTIF	=	0x00ec
                    00EB    748 _P1IF	=	0x00eb
                    00EA    749 _UTX1IF	=	0x00ea
                    00E9    750 _UTX0IF	=	0x00e9
                    00E8    751 _P2IF	=	0x00e8
                    00F7    752 _B_7	=	0x00f7
                    00F6    753 _B_6	=	0x00f6
                    00F5    754 _B_5	=	0x00f5
                    00F4    755 _B_4	=	0x00f4
                    00F3    756 _B_3	=	0x00f3
                    00F2    757 _B_2	=	0x00f2
                    00F1    758 _B_1	=	0x00f1
                    00F0    759 _B_0	=	0x00f0
                    00DE    760 _OVFIM	=	0x00de
                    00DD    761 _T4CH1IF	=	0x00dd
                    00DC    762 _T4CH0IF	=	0x00dc
                    00DB    763 _T4OVFIF	=	0x00db
                    00DA    764 _T3CH1IF	=	0x00da
                    00D9    765 _T3CH0IF	=	0x00d9
                    00D8    766 _T3OVFIF	=	0x00d8
                    00FF    767 _MODE	=	0x00ff
                    00FE    768 _RE	=	0x00fe
                    00FD    769 _SLAVE	=	0x00fd
                    00FC    770 _FE	=	0x00fc
                    00FB    771 _ERR	=	0x00fb
                    00FA    772 _RX_BYTE	=	0x00fa
                    00F9    773 _TX_BYTE	=	0x00f9
                    00F8    774 _ACTIVE	=	0x00f8
                            775 ;--------------------------------------------------------
                            776 ; overlayable register banks
                            777 ;--------------------------------------------------------
                            778 	.area REG_BANK_0	(REL,OVR,DATA)
   0000                     779 	.ds 8
                            780 ;--------------------------------------------------------
                            781 ; internal ram data
                            782 ;--------------------------------------------------------
                            783 	.area DSEG    (DATA)
                            784 ;--------------------------------------------------------
                            785 ; overlayable items in internal ram 
                            786 ;--------------------------------------------------------
                            787 	.area OSEG    (OVR,DATA)
                            788 ;--------------------------------------------------------
                            789 ; indirectly addressable internal ram data
                            790 ;--------------------------------------------------------
                            791 	.area ISEG    (DATA)
                            792 ;--------------------------------------------------------
                            793 ; absolute internal ram data
                            794 ;--------------------------------------------------------
                            795 	.area IABS    (ABS,DATA)
                            796 	.area IABS    (ABS,DATA)
                            797 ;--------------------------------------------------------
                            798 ; bit data
                            799 ;--------------------------------------------------------
                            800 	.area BSEG    (BIT)
                            801 ;--------------------------------------------------------
                            802 ; paged external ram data
                            803 ;--------------------------------------------------------
                            804 	.area PSEG    (PAG,XDATA)
                            805 ;--------------------------------------------------------
                            806 ; external ram data
                            807 ;--------------------------------------------------------
                            808 	.area XSEG    (XDATA)
                    61A6    809 _MONMUX	=	0x61a6
                    61A6    810 _OPAMPMC	=	0x61a6
                    6230    811 _I2CCFG	=	0x6230
                    6231    812 _I2CSTAT	=	0x6231
                    6232    813 _I2CDATA	=	0x6232
                    6233    814 _I2CADDR	=	0x6233
                    6234    815 _I2CWC	=	0x6234
                    6235    816 _I2CIO	=	0x6235
                    6243    817 _OBSSEL0	=	0x6243
                    6244    818 _OBSSEL1	=	0x6244
                    6245    819 _OBSSEL2	=	0x6245
                    6246    820 _OBSSEL3	=	0x6246
                    6247    821 _OBSSEL4	=	0x6247
                    6248    822 _OBSSEL5	=	0x6248
                    6249    823 _CHVER	=	0x6249
                    624A    824 _CHIPID	=	0x624a
                    624B    825 _TESTREG0	=	0x624b
                    6260    826 _DBGDATA	=	0x6260
                    6262    827 _SRCRC	=	0x6262
                    6264    828 _BATTMON	=	0x6264
                    6265    829 _IVCTRL	=	0x6265
                    6270    830 _FCTL	=	0x6270
                    6271    831 _FADDRL	=	0x6271
                    6272    832 _FADDRH	=	0x6272
                    6273    833 _FWDATA	=	0x6273
                    6276    834 _CHIPINFO0	=	0x6276
                    6277    835 _CHIPINFO1	=	0x6277
                    6281    836 _IRCTL	=	0x6281
                    6290    837 _CLD	=	0x6290
                    62A0    838 _XX_T1CCTL0	=	0x62a0
                    62A1    839 _XX_T1CCTL1	=	0x62a1
                    62A2    840 _XX_T1CCTL2	=	0x62a2
                    62A3    841 _T1CCTL3	=	0x62a3
                    62A4    842 _T1CCTL4	=	0x62a4
                    62A6    843 _XX_T1CC0L	=	0x62a6
                    62A7    844 _XX_T1CC0H	=	0x62a7
                    62A8    845 _XX_T1CC1L	=	0x62a8
                    62A9    846 _XX_T1CC1H	=	0x62a9
                    62AA    847 _XX_T1CC2L	=	0x62aa
                    62AB    848 _XX_T1CC2H	=	0x62ab
                    62AC    849 _T1CC3L	=	0x62ac
                    62AD    850 _T1CC3H	=	0x62ad
                    62AE    851 _T1CC4L	=	0x62ae
                    62AF    852 _T1CC4H	=	0x62af
                    62B0    853 _STCC	=	0x62b0
                    62B1    854 _STCS	=	0x62b1
                    62B2    855 _STCV0	=	0x62b2
                    62B3    856 _STCV1	=	0x62b3
                    62B4    857 _STCV2	=	0x62b4
                    62C0    858 _OPAMPC	=	0x62c0
                    62C1    859 _OPAMPS	=	0x62c1
                    62D0    860 _CMPCTL	=	0x62d0
                    6000    861 _RFCORE_RAM	=	0x6000
                    6000    862 _RXFIFO	=	0x6000
                    6080    863 _TXFIFO	=	0x6080
                    6100    864 _SRC_ADDR_TABLE	=	0x6100
                    6160    865 _SRCRESMASK0	=	0x6160
                    6161    866 _SRCRESMASK1	=	0x6161
                    6162    867 _SRCRESMASK2	=	0x6162
                    6163    868 _SRCRESINDEX	=	0x6163
                    6164    869 _SRCEXTPENDEN0	=	0x6164
                    6165    870 _SRCEXTPENDEN1	=	0x6165
                    6166    871 _SRCEXTPENDEN2	=	0x6166
                    6167    872 _SRCSHORTPENDEN0	=	0x6167
                    6168    873 _SRCSHORTPENDEN1	=	0x6168
                    6169    874 _SRCSHORTPENDEN2	=	0x6169
                    616A    875 _EXT_ADDR0	=	0x616a
                    616B    876 _EXT_ADDR1	=	0x616b
                    616C    877 _EXT_ADDR2	=	0x616c
                    616D    878 _EXT_ADDR3	=	0x616d
                    616E    879 _EXT_ADDR4	=	0x616e
                    616F    880 _EXT_ADDR5	=	0x616f
                    6170    881 _EXT_ADDR6	=	0x6170
                    6171    882 _EXT_ADDR7	=	0x6171
                    6172    883 _PAN_ID0	=	0x6172
                    6173    884 _PAN_ID1	=	0x6173
                    6174    885 _SHORT_ADDR0	=	0x6174
                    6175    886 _SHORT_ADDR1	=	0x6175
                    6180    887 _FRMFILT0	=	0x6180
                    6181    888 _FRMFILT1	=	0x6181
                    6182    889 _SRCMATCH	=	0x6182
                    6183    890 _SRCSHORTEN0	=	0x6183
                    6184    891 _SRCSHORTEN1	=	0x6184
                    6185    892 _SRCSHORTEN2	=	0x6185
                    6186    893 _SRCEXTEN0	=	0x6186
                    6187    894 _SRCEXTEN1	=	0x6187
                    6188    895 _SRCEXTEN2	=	0x6188
                    6189    896 _FRMCTRL0	=	0x6189
                    618A    897 _FRMCTRL1	=	0x618a
                    618B    898 _RXENABLE	=	0x618b
                    618C    899 _RXMASKSET	=	0x618c
                    618D    900 _RXMASKCLR	=	0x618d
                    618E    901 _FREQTUNE	=	0x618e
                    618F    902 _FREQCTRL	=	0x618f
                    6190    903 _TXPOWER	=	0x6190
                    6191    904 _TXCTRL	=	0x6191
                    6192    905 _FSMSTAT0	=	0x6192
                    6193    906 _FSMSTAT1	=	0x6193
                    6194    907 _FIFOPCTRL	=	0x6194
                    6195    908 _FSMCTRL	=	0x6195
                    6196    909 _CCACTRL0	=	0x6196
                    6197    910 _CCACTRL1	=	0x6197
                    6198    911 _RSSI	=	0x6198
                    6199    912 _RSSISTAT	=	0x6199
                    619A    913 _RXFIRST	=	0x619a
                    619B    914 _RXFIFOCNT	=	0x619b
                    619C    915 _TXFIFOCNT	=	0x619c
                    619D    916 _RXFIRST_PTR	=	0x619d
                    619E    917 _RXLAST_PTR	=	0x619e
                    619F    918 _RXP1_PTR	=	0x619f
                    61A1    919 _TXFIRST_PTR	=	0x61a1
                    61A2    920 _TXLAST_PTR	=	0x61a2
                    61A3    921 _RFIRQM0	=	0x61a3
                    61A4    922 _RFIRQM1	=	0x61a4
                    61A5    923 _RFERRM	=	0x61a5
                    61A7    924 _RFRND	=	0x61a7
                    61A8    925 _MDMCTRL0	=	0x61a8
                    61A9    926 _MDMCTRL1	=	0x61a9
                    61AA    927 _FREQEST	=	0x61aa
                    61AB    928 _RXCTRL	=	0x61ab
                    61AC    929 _FSCTRL	=	0x61ac
                    61AD    930 _FSCAL0	=	0x61ad
                    61AE    931 _FSCAL1	=	0x61ae
                    61AF    932 _FSCAL2	=	0x61af
                    61B0    933 _FSCAL3	=	0x61b0
                    61B1    934 _AGCCTRL0	=	0x61b1
                    61B2    935 _AGCCTRL1	=	0x61b2
                    61B3    936 _AGCCTRL2	=	0x61b3
                    61B4    937 _AGCCTRL3	=	0x61b4
                    61B5    938 _ADCTEST0	=	0x61b5
                    61B6    939 _ADCTEST1	=	0x61b6
                    61B7    940 _ADCTEST2	=	0x61b7
                    61B8    941 _MDMTEST0	=	0x61b8
                    61B9    942 _MDMTEST1	=	0x61b9
                    61BA    943 _DACTEST0	=	0x61ba
                    61BB    944 _DACTEST1	=	0x61bb
                    61BC    945 _DACTEST2	=	0x61bc
                    61BD    946 _ATEST	=	0x61bd
                    61BE    947 _PTEST0	=	0x61be
                    61BF    948 _PTEST1	=	0x61bf
                    61FA    949 _TXFILTCFG	=	0x61fa
                    61EB    950 _RFC_OBS_CTRL0	=	0x61eb
                    61EC    951 _RFC_OBS_CTRL1	=	0x61ec
                    61ED    952 _RFC_OBS_CTRL2	=	0x61ed
                    61C0    953 _CSPPROG0	=	0x61c0
                    61C1    954 _CSPPROG1	=	0x61c1
                    61C2    955 _CSPPROG2	=	0x61c2
                    61C3    956 _CSPPROG3	=	0x61c3
                    61C4    957 _CSPPROG4	=	0x61c4
                    61C5    958 _CSPPROG5	=	0x61c5
                    61C6    959 _CSPPROG6	=	0x61c6
                    61C7    960 _CSPPROG7	=	0x61c7
                    61C8    961 _CSPPROG8	=	0x61c8
                    61C9    962 _CSPPROG9	=	0x61c9
                    61CA    963 _CSPPROG10	=	0x61ca
                    61CB    964 _CSPPROG11	=	0x61cb
                    61CC    965 _CSPPROG12	=	0x61cc
                    61CD    966 _CSPPROG13	=	0x61cd
                    61CE    967 _CSPPROG14	=	0x61ce
                    61CF    968 _CSPPROG15	=	0x61cf
                    61D0    969 _CSPPROG16	=	0x61d0
                    61D1    970 _CSPPROG17	=	0x61d1
                    61D2    971 _CSPPROG18	=	0x61d2
                    61D3    972 _CSPPROG19	=	0x61d3
                    61D4    973 _CSPPROG20	=	0x61d4
                    61D5    974 _CSPPROG21	=	0x61d5
                    61D6    975 _CSPPROG22	=	0x61d6
                    61D7    976 _CSPPROG23	=	0x61d7
                    61E0    977 _CSPCTRL	=	0x61e0
                    61E1    978 _CSPSTAT	=	0x61e1
                    61E2    979 _CSPX	=	0x61e2
                    61E3    980 _CSPY	=	0x61e3
                    61E4    981 _CSPZ	=	0x61e4
                    61E5    982 _CSPT	=	0x61e5
                    6200    983 _USBADDR	=	0x6200
                    6201    984 _USBPOW	=	0x6201
                    6202    985 _USBIIF	=	0x6202
                    6204    986 _USBOIF	=	0x6204
                    6206    987 _USBCIF	=	0x6206
                    6207    988 _USBIIE	=	0x6207
                    6209    989 _USBOIE	=	0x6209
                    620B    990 _USBCIE	=	0x620b
                    620C    991 _USBFRML	=	0x620c
                    620D    992 _USBFRMH	=	0x620d
                    620E    993 _USBINDEX	=	0x620e
                    620F    994 _USBCTRL	=	0x620f
                    6210    995 _USBMAXI	=	0x6210
                    6211    996 _USBCS0	=	0x6211
                    6211    997 _USBCSIL	=	0x6211
                    6212    998 _USBCSIH	=	0x6212
                    6213    999 _USBMAXO	=	0x6213
                    6214   1000 _USBCSOL	=	0x6214
                    6215   1001 _USBCSOH	=	0x6215
                    6216   1002 _USBCNT0	=	0x6216
                    6216   1003 _USBCNTL	=	0x6216
                    6217   1004 _USBCNTH	=	0x6217
                    6220   1005 _USBF0	=	0x6220
                    6222   1006 _USBF1	=	0x6222
                    6224   1007 _USBF2	=	0x6224
                    6226   1008 _USBF3	=	0x6226
                    6228   1009 _USBF4	=	0x6228
                    622A   1010 _USBF5	=	0x622a
                    7080   1011 _X_P0	=	0x7080
                    7086   1012 _X_U0CSR	=	0x7086
                    7089   1013 _X_P0IFG	=	0x7089
                    708A   1014 _X_P1IFG	=	0x708a
                    708B   1015 _X_P2IFG	=	0x708b
                    708C   1016 _X_PICTL	=	0x708c
                    708D   1017 _X_P1IEN	=	0x708d
                    708F   1018 _X_P0INP	=	0x708f
                    7090   1019 _X_P1	=	0x7090
                    7091   1020 _X_RFIRQF1	=	0x7091
                    7093   1021 _X_MPAGE	=	0x7093
                    7093   1022 _X__XPAGE	=	0x7093
                    7094   1023 _X_T2CTRL	=	0x7094
                    7095   1024 _X_ST0	=	0x7095
                    7096   1025 _X_ST1	=	0x7096
                    7097   1026 _X_ST2	=	0x7097
                    709C   1027 _X_T2EVTCFG	=	0x709c
                    709D   1028 _X_SLEEPSTA	=	0x709d
                    709E   1029 _X_CLKCONSTA	=	0x709e
                    709F   1030 _X_FMAP	=	0x709f
                    709F   1031 _X_PSBANK	=	0x709f
                    70A0   1032 _X_P2	=	0x70a0
                    70A1   1033 _X_T2IRQF	=	0x70a1
                    70A2   1034 _X_T2M0	=	0x70a2
                    70A3   1035 _X_T2M1	=	0x70a3
                    70A4   1036 _X_T2MOVF0	=	0x70a4
                    70A5   1037 _X_T2MOVF1	=	0x70a5
                    70A6   1038 _X_T2MOVF2	=	0x70a6
                    70A7   1039 _X_T2IRQM	=	0x70a7
                    70AB   1040 _X_P0IEN	=	0x70ab
                    70AC   1041 _X_P2IEN	=	0x70ac
                    70AD   1042 _X_STLOAD	=	0x70ad
                    70AE   1043 _X_PMUX	=	0x70ae
                    70AF   1044 _X_T1STAT	=	0x70af
                    70B1   1045 _X_ENCDI	=	0x70b1
                    70B2   1046 _X_ENCDO	=	0x70b2
                    70B3   1047 _X_ENCCS	=	0x70b3
                    70B4   1048 _X_ADCCON1	=	0x70b4
                    70B5   1049 _X_ADCCON2	=	0x70b5
                    70B6   1050 _X_ADCCON3	=	0x70b6
                    70BA   1051 _X_ADCL	=	0x70ba
                    70BB   1052 _X_ADCH	=	0x70bb
                    70BC   1053 _X_RNDL	=	0x70bc
                    70BD   1054 _X_RNDH	=	0x70bd
                    70BE   1055 _X_SLEEPCMD	=	0x70be
                    70BF   1056 _X_RFERRF	=	0x70bf
                    70C1   1057 _X_U0DBUF	=	0x70c1
                    70C2   1058 _X_U0BAUD	=	0x70c2
                    70C3   1059 _X_T2MSEL	=	0x70c3
                    70C4   1060 _X_U0UCR	=	0x70c4
                    70C5   1061 _X_U0GCR	=	0x70c5
                    70C6   1062 _X_CLKCONCMD	=	0x70c6
                    70C7   1063 _X_MEMCTR	=	0x70c7
                    70C9   1064 _X_WDCTL	=	0x70c9
                    70CA   1065 _X_T3CNT	=	0x70ca
                    70CB   1066 _X_T3CTL	=	0x70cb
                    70CC   1067 _X_T3CCTL0	=	0x70cc
                    70CD   1068 _X_T3CC0	=	0x70cd
                    70CE   1069 _X_T3CCTL1	=	0x70ce
                    70CF   1070 _X_T3CC1	=	0x70cf
                    70D1   1071 _X_DMAIRQ	=	0x70d1
                    70D2   1072 _X_DMA1CFGL	=	0x70d2
                    70D3   1073 _X_DMA1CFGH	=	0x70d3
                    70D4   1074 _X_DMA0CFGL	=	0x70d4
                    70D5   1075 _X_DMA0CFGH	=	0x70d5
                    70D6   1076 _X_DMAARM	=	0x70d6
                    70D7   1077 _X_DMAREQ	=	0x70d7
                    70D8   1078 _X_TIMIF	=	0x70d8
                    70D9   1079 _X_RFD	=	0x70d9
                    70DA   1080 _X_T1CC0L	=	0x70da
                    70DB   1081 _X_T1CC0H	=	0x70db
                    70DC   1082 _X_T1CC1L	=	0x70dc
                    70DD   1083 _X_T1CC1H	=	0x70dd
                    70DE   1084 _X_T1CC2L	=	0x70de
                    70DF   1085 _X_T1CC2H	=	0x70df
                    70E1   1086 _X_RFST	=	0x70e1
                    70E2   1087 _X_T1CNTL	=	0x70e2
                    70E3   1088 _X_T1CNTH	=	0x70e3
                    70E4   1089 _X_T1CTL	=	0x70e4
                    70E5   1090 _X_T1CCTL0	=	0x70e5
                    70E6   1091 _X_T1CCTL1	=	0x70e6
                    70E7   1092 _X_T1CCTL2	=	0x70e7
                    70E9   1093 _X_RFIRQF0	=	0x70e9
                    70EA   1094 _X_T4CNT	=	0x70ea
                    70EB   1095 _X_T4CTL	=	0x70eb
                    70EC   1096 _X_T4CCTL0	=	0x70ec
                    70ED   1097 _X_T4CC0	=	0x70ed
                    70EE   1098 _X_T4CCTL1	=	0x70ee
                    70EF   1099 _X_T4CC1	=	0x70ef
                    70F1   1100 _X_PERCFG	=	0x70f1
                    70F2   1101 _X_APCFG	=	0x70f2
                    70F3   1102 _X_P0SEL	=	0x70f3
                    70F4   1103 _X_P1SEL	=	0x70f4
                    70F5   1104 _X_P2SEL	=	0x70f5
                    70F6   1105 _X_P1INP	=	0x70f6
                    70F7   1106 _X_P2INP	=	0x70f7
                    70F8   1107 _X_U1CSR	=	0x70f8
                    70F9   1108 _X_U1DBUF	=	0x70f9
                    70FA   1109 _X_U1BAUD	=	0x70fa
                    70FB   1110 _X_U1UCR	=	0x70fb
                    70FC   1111 _X_U1GCR	=	0x70fc
                    70FD   1112 _X_P0DIR	=	0x70fd
                    70FE   1113 _X_P1DIR	=	0x70fe
                    70FF   1114 _X_P2DIR	=	0x70ff
                    7800   1115 _X_INFOPAGE	=	0x7800
                    780C   1116 _X_IEEE_ADDR	=	0x780c
                           1117 ;--------------------------------------------------------
                           1118 ; absolute external ram data
                           1119 ;--------------------------------------------------------
                           1120 	.area XABS    (ABS,XDATA)
                           1121 ;--------------------------------------------------------
                           1122 ; external initialized ram data
                           1123 ;--------------------------------------------------------
                           1124 	.area XISEG   (XDATA)
                           1125 	.area HOME    (CODE)
                           1126 	.area GSINIT0 (CODE)
                           1127 	.area GSINIT1 (CODE)
                           1128 	.area GSINIT2 (CODE)
                           1129 	.area GSINIT3 (CODE)
                           1130 	.area GSINIT4 (CODE)
                           1131 	.area GSINIT5 (CODE)
                           1132 	.area GSINIT  (CODE)
                           1133 	.area GSFINAL (CODE)
                           1134 	.area CSEG    (CODE)
                           1135 ;--------------------------------------------------------
                           1136 ; global & static initialisations
                           1137 ;--------------------------------------------------------
                           1138 	.area HOME    (CODE)
                           1139 	.area GSINIT  (CODE)
                           1140 	.area GSFINAL (CODE)
                           1141 	.area GSINIT  (CODE)
                           1142 ;--------------------------------------------------------
                           1143 ; Home
                           1144 ;--------------------------------------------------------
                           1145 	.area HOME    (CODE)
                           1146 	.area HOME    (CODE)
                           1147 ;--------------------------------------------------------
                           1148 ; code
                           1149 ;--------------------------------------------------------
                           1150 	.area BANK1   (CODE)
                           1151 ;------------------------------------------------------------
                           1152 ;Allocation info for local variables in function 'memb_init'
                           1153 ;------------------------------------------------------------
                           1154 ;m                         Allocated to stack - sp -4
                           1155 ;sloc0                     Allocated to stack - sp -1
                           1156 ;------------------------------------------------------------
                           1157 ;	../../../contiki-sensinode//core/lib/memb.c:52: memb_init(struct memb *m)
                           1158 ;	-----------------------------------------
                           1159 ;	 function memb_init
                           1160 ;	-----------------------------------------
   0000                    1161 _memb_init:
                    0007   1162 	ar7 = 0x07
                    0006   1163 	ar6 = 0x06
                    0005   1164 	ar5 = 0x05
                    0004   1165 	ar4 = 0x04
                    0003   1166 	ar3 = 0x03
                    0002   1167 	ar2 = 0x02
                    0001   1168 	ar1 = 0x01
                    0000   1169 	ar0 = 0x00
   0000 C0 82              1170 	push	dpl
   0002 C0 83              1171 	push	dph
   0004 C0 F0              1172 	push	b
   0006 05 81              1173 	inc	sp
   0008 05 81              1174 	inc	sp
                           1175 ;	../../../contiki-sensinode//core/lib/memb.c:54: memset(m->count, 0, m->num);
   000A E5 81              1176 	mov	a,sp
   000C 24 FC              1177 	add	a,#0xfc
   000E F8                 1178 	mov	r0,a
   000F 74 02              1179 	mov	a,#0x02
   0011 26                 1180 	add	a,@r0
   0012 FA                 1181 	mov	r2,a
   0013 E4                 1182 	clr	a
   0014 08                 1183 	inc	r0
   0015 36                 1184 	addc	a,@r0
   0016 FB                 1185 	mov	r3,a
   0017 08                 1186 	inc	r0
   0018 86 04              1187 	mov	ar4,@r0
   001A 8A 82              1188 	mov	dpl,r2
   001C 8B 83              1189 	mov	dph,r3
   001E 8C F0              1190 	mov	b,r4
   0020 A8 81              1191 	mov	r0,sp
   0022 18                 1192 	dec	r0
   0023 12s00r00           1193 	lcall	__gptrget
   0026 F6                 1194 	mov	@r0,a
   0027 A3                 1195 	inc	dptr
   0028 12s00r00           1196 	lcall	__gptrget
   002B 08                 1197 	inc	r0
   002C F6                 1198 	mov	@r0,a
   002D E5 81              1199 	mov	a,sp
   002F 24 FC              1200 	add	a,#0xfc
   0031 F8                 1201 	mov	r0,a
   0032 74 04              1202 	mov	a,#0x04
   0034 26                 1203 	add	a,@r0
   0035 FD                 1204 	mov	r5,a
   0036 E4                 1205 	clr	a
   0037 08                 1206 	inc	r0
   0038 36                 1207 	addc	a,@r0
   0039 FE                 1208 	mov	r6,a
   003A 08                 1209 	inc	r0
   003B 86 07              1210 	mov	ar7,@r0
   003D 8D 82              1211 	mov	dpl,r5
   003F 8E 83              1212 	mov	dph,r6
   0041 8F F0              1213 	mov	b,r7
   0043 12s00r00           1214 	lcall	__gptrget
   0046 FD                 1215 	mov	r5,a
   0047 A3                 1216 	inc	dptr
   0048 12s00r00           1217 	lcall	__gptrget
   004B FE                 1218 	mov	r6,a
   004C A3                 1219 	inc	dptr
   004D 12s00r00           1220 	lcall	__gptrget
   0050 FF                 1221 	mov	r7,a
   0051 C0 04              1222 	push	ar4
   0053 C0 03              1223 	push	ar3
   0055 C0 02              1224 	push	ar2
   0057 E5 81              1225 	mov	a,sp
   0059 24 FC              1226 	add	a,#0xfc
   005B F8                 1227 	mov	r0,a
   005C E6                 1228 	mov	a,@r0
   005D C0 E0              1229 	push	acc
   005F 08                 1230 	inc	r0
   0060 E6                 1231 	mov	a,@r0
   0061 C0 E0              1232 	push	acc
   0063 E4                 1233 	clr	a
   0064 C0 E0              1234 	push	acc
   0066 8D 82              1235 	mov	dpl,r5
   0068 8E 83              1236 	mov	dph,r6
   006A 8F F0              1237 	mov	b,r7
   006C 78r00              1238 	mov	r0,#_memset
   006E 79s00              1239 	mov	r1,#(_memset >> 8)
   0070 7As00              1240 	mov	r2,#(_memset >> 16)
   0072 12s00r00           1241 	lcall	__sdcc_banked_call
   0075 15 81              1242 	dec	sp
   0077 15 81              1243 	dec	sp
   0079 15 81              1244 	dec	sp
   007B D0 02              1245 	pop	ar2
   007D D0 03              1246 	pop	ar3
   007F D0 04              1247 	pop	ar4
                           1248 ;	../../../contiki-sensinode//core/lib/memb.c:55: memset(m->mem, 0, m->size * m->num);
   0081 E5 81              1249 	mov	a,sp
   0083 24 FC              1250 	add	a,#0xfc
   0085 F8                 1251 	mov	r0,a
   0086 86 82              1252 	mov	dpl,@r0
   0088 08                 1253 	inc	r0
   0089 86 83              1254 	mov	dph,@r0
   008B 08                 1255 	inc	r0
   008C 86 F0              1256 	mov	b,@r0
   008E 12s00r00           1257 	lcall	__gptrget
   0091 FE                 1258 	mov	r6,a
   0092 A3                 1259 	inc	dptr
   0093 12s00r00           1260 	lcall	__gptrget
   0096 FF                 1261 	mov	r7,a
   0097 8A 82              1262 	mov	dpl,r2
   0099 8B 83              1263 	mov	dph,r3
   009B 8C F0              1264 	mov	b,r4
   009D 12s00r00           1265 	lcall	__gptrget
   00A0 FA                 1266 	mov	r2,a
   00A1 A3                 1267 	inc	dptr
   00A2 12s00r00           1268 	lcall	__gptrget
   00A5 FB                 1269 	mov	r3,a
   00A6 C0 02              1270 	push	ar2
   00A8 C0 03              1271 	push	ar3
   00AA 8E 82              1272 	mov	dpl,r6
   00AC 8F 83              1273 	mov	dph,r7
   00AE 12s00r00           1274 	lcall	__mulint
   00B1 AE 82              1275 	mov	r6,dpl
   00B3 AF 83              1276 	mov	r7,dph
   00B5 15 81              1277 	dec	sp
   00B7 15 81              1278 	dec	sp
   00B9 E5 81              1279 	mov	a,sp
   00BB 24 FC              1280 	add	a,#0xfc
   00BD F8                 1281 	mov	r0,a
   00BE 74 07              1282 	mov	a,#0x07
   00C0 26                 1283 	add	a,@r0
   00C1 FB                 1284 	mov	r3,a
   00C2 E4                 1285 	clr	a
   00C3 08                 1286 	inc	r0
   00C4 36                 1287 	addc	a,@r0
   00C5 FC                 1288 	mov	r4,a
   00C6 08                 1289 	inc	r0
   00C7 86 05              1290 	mov	ar5,@r0
   00C9 8B 82              1291 	mov	dpl,r3
   00CB 8C 83              1292 	mov	dph,r4
   00CD 8D F0              1293 	mov	b,r5
   00CF 12s00r00           1294 	lcall	__gptrget
   00D2 FB                 1295 	mov	r3,a
   00D3 A3                 1296 	inc	dptr
   00D4 12s00r00           1297 	lcall	__gptrget
   00D7 FC                 1298 	mov	r4,a
   00D8 A3                 1299 	inc	dptr
   00D9 12s00r00           1300 	lcall	__gptrget
   00DC FD                 1301 	mov	r5,a
   00DD C0 06              1302 	push	ar6
   00DF C0 07              1303 	push	ar7
   00E1 E4                 1304 	clr	a
   00E2 C0 E0              1305 	push	acc
   00E4 8B 82              1306 	mov	dpl,r3
   00E6 8C 83              1307 	mov	dph,r4
   00E8 8D F0              1308 	mov	b,r5
   00EA 78r00              1309 	mov	r0,#_memset
   00EC 79s00              1310 	mov	r1,#(_memset >> 8)
   00EE 7As00              1311 	mov	r2,#(_memset >> 16)
   00F0 12s00r00           1312 	lcall	__sdcc_banked_call
   00F3 15 81              1313 	dec	sp
   00F5 15 81              1314 	dec	sp
   00F7 15 81              1315 	dec	sp
   00F9 E5 81              1316 	mov	a,sp
   00FB 24 FB              1317 	add	a,#0xFB
   00FD F5 81              1318 	mov	sp,a
   00FF 02s00r00           1319 	ljmp	__sdcc_banked_ret
                           1320 ;------------------------------------------------------------
                           1321 ;Allocation info for local variables in function 'memb_alloc'
                           1322 ;------------------------------------------------------------
                           1323 ;m                         Allocated to stack - sp -9
                           1324 ;i                         Allocated to stack - sp -6
                           1325 ;sloc0                     Allocated to stack - sp -4
                           1326 ;sloc1                     Allocated to stack - sp -2
                           1327 ;sloc2                     Allocated to stack - sp +1
                           1328 ;------------------------------------------------------------
                           1329 ;	../../../contiki-sensinode//core/lib/memb.c:59: memb_alloc(struct memb *m)
                           1330 ;	-----------------------------------------
                           1331 ;	 function memb_alloc
                           1332 ;	-----------------------------------------
   0102                    1333 _memb_alloc:
   0102 C0 82              1334 	push	dpl
   0104 C0 83              1335 	push	dph
   0106 C0 F0              1336 	push	b
   0108 E5 81              1337 	mov	a,sp
   010A 24 07              1338 	add	a,#0x07
                           1339 ;	../../../contiki-sensinode//core/lib/memb.c:63: for(i = 0; i < m->num; ++i) {
   010C F5 81              1340 	mov	sp,a
   010E 24 F7              1341 	add	a,#0xf7
   0110 F8                 1342 	mov	r0,a
   0111 74 02              1343 	mov	a,#0x02
   0113 26                 1344 	add	a,@r0
   0114 FA                 1345 	mov	r2,a
   0115 E4                 1346 	clr	a
   0116 08                 1347 	inc	r0
   0117 36                 1348 	addc	a,@r0
   0118 FB                 1349 	mov	r3,a
   0119 08                 1350 	inc	r0
   011A 86 04              1351 	mov	ar4,@r0
   011C E5 81              1352 	mov	a,sp
   011E 24 FA              1353 	add	a,#0xfa
   0120 F8                 1354 	mov	r0,a
   0121 E4                 1355 	clr	a
   0122 F6                 1356 	mov	@r0,a
   0123 08                 1357 	inc	r0
   0124 F6                 1358 	mov	@r0,a
   0125                    1359 00103$:
   0125 8A 82              1360 	mov	dpl,r2
   0127 8B 83              1361 	mov	dph,r3
   0129 8C F0              1362 	mov	b,r4
   012B 12s00r00           1363 	lcall	__gptrget
   012E FE                 1364 	mov	r6,a
   012F A3                 1365 	inc	dptr
   0130 12s00r00           1366 	lcall	__gptrget
   0133 FF                 1367 	mov	r7,a
   0134 E5 81              1368 	mov	a,sp
   0136 24 FA              1369 	add	a,#0xfa
   0138 F8                 1370 	mov	r0,a
   0139 E5 81              1371 	mov	a,sp
   013B 24 FC              1372 	add	a,#0xfc
   013D F9                 1373 	mov	r1,a
   013E E6                 1374 	mov	a,@r0
   013F F7                 1375 	mov	@r1,a
   0140 08                 1376 	inc	r0
   0141 09                 1377 	inc	r1
   0142 E6                 1378 	mov	a,@r0
   0143 F7                 1379 	mov	@r1,a
   0144 E5 81              1380 	mov	a,sp
   0146 24 FC              1381 	add	a,#0xfc
   0148 F8                 1382 	mov	r0,a
   0149 C3                 1383 	clr	c
   014A E6                 1384 	mov	a,@r0
   014B 9E                 1385 	subb	a,r6
   014C 08                 1386 	inc	r0
   014D E6                 1387 	mov	a,@r0
   014E 9F                 1388 	subb	a,r7
   014F 40 03              1389 	jc	00115$
   0151 02s02r44           1390 	ljmp	00106$
   0154                    1391 00115$:
                           1392 ;	../../../contiki-sensinode//core/lib/memb.c:64: if(m->count[i] == 0) {
   0154 C0 02              1393 	push	ar2
   0156 C0 03              1394 	push	ar3
   0158 C0 04              1395 	push	ar4
   015A E5 81              1396 	mov	a,sp
   015C 24 F4              1397 	add	a,#0xf4
   015E F8                 1398 	mov	r0,a
   015F 74 04              1399 	mov	a,#0x04
   0161 26                 1400 	add	a,@r0
   0162 FA                 1401 	mov	r2,a
   0163 E4                 1402 	clr	a
   0164 08                 1403 	inc	r0
   0165 36                 1404 	addc	a,@r0
   0166 FB                 1405 	mov	r3,a
   0167 08                 1406 	inc	r0
   0168 86 04              1407 	mov	ar4,@r0
   016A 8A 82              1408 	mov	dpl,r2
   016C 8B 83              1409 	mov	dph,r3
   016E 8C F0              1410 	mov	b,r4
   0170 12s00r00           1411 	lcall	__gptrget
   0173 FA                 1412 	mov	r2,a
   0174 A3                 1413 	inc	dptr
   0175 12s00r00           1414 	lcall	__gptrget
   0178 FB                 1415 	mov	r3,a
   0179 A3                 1416 	inc	dptr
   017A 12s00r00           1417 	lcall	__gptrget
   017D FC                 1418 	mov	r4,a
   017E E5 81              1419 	mov	a,sp
   0180 24 F7              1420 	add	a,#0xf7
   0182 F8                 1421 	mov	r0,a
   0183 E5 81              1422 	mov	a,sp
   0185 24 FB              1423 	add	a,#0xfb
   0187 F9                 1424 	mov	r1,a
   0188 E6                 1425 	mov	a,@r0
   0189 2A                 1426 	add	a,r2
   018A F7                 1427 	mov	@r1,a
   018B 08                 1428 	inc	r0
   018C E6                 1429 	mov	a,@r0
   018D 3B                 1430 	addc	a,r3
   018E 09                 1431 	inc	r1
   018F F7                 1432 	mov	@r1,a
   0190 09                 1433 	inc	r1
   0191 A7 04              1434 	mov	@r1,ar4
   0193 E5 81              1435 	mov	a,sp
   0195 24 FB              1436 	add	a,#0xfb
   0197 F8                 1437 	mov	r0,a
   0198 86 82              1438 	mov	dpl,@r0
   019A 08                 1439 	inc	r0
   019B 86 83              1440 	mov	dph,@r0
   019D 08                 1441 	inc	r0
   019E 86 F0              1442 	mov	b,@r0
   01A0 12s00r00           1443 	lcall	__gptrget
   01A3 FF                 1444 	mov	r7,a
   01A4 D0 04              1445 	pop	ar4
   01A6 D0 03              1446 	pop	ar3
   01A8 D0 02              1447 	pop	ar2
   01AA EF                 1448 	mov	a,r7
   01AB 60 03              1449 	jz	00116$
   01AD 02s02r36           1450 	ljmp	00105$
   01B0                    1451 00116$:
                           1452 ;	../../../contiki-sensinode//core/lib/memb.c:68: ++(m->count[i]);
   01B0 0F                 1453 	inc	r7
   01B1 A8 81              1454 	mov	r0,sp
   01B3 18                 1455 	dec	r0
   01B4 18                 1456 	dec	r0
   01B5 86 82              1457 	mov	dpl,@r0
   01B7 08                 1458 	inc	r0
   01B8 86 83              1459 	mov	dph,@r0
   01BA 08                 1460 	inc	r0
   01BB 86 F0              1461 	mov	b,@r0
   01BD EF                 1462 	mov	a,r7
   01BE 12s00r00           1463 	lcall	__gptrput
                           1464 ;	../../../contiki-sensinode//core/lib/memb.c:69: return (void *)((char *)m->mem + (i * m->size));
   01C1 E5 81              1465 	mov	a,sp
   01C3 24 F7              1466 	add	a,#0xf7
   01C5 F8                 1467 	mov	r0,a
   01C6 74 07              1468 	mov	a,#0x07
   01C8 26                 1469 	add	a,@r0
   01C9 FD                 1470 	mov	r5,a
   01CA E4                 1471 	clr	a
   01CB 08                 1472 	inc	r0
   01CC 36                 1473 	addc	a,@r0
   01CD FE                 1474 	mov	r6,a
   01CE 08                 1475 	inc	r0
   01CF 86 07              1476 	mov	ar7,@r0
   01D1 8D 82              1477 	mov	dpl,r5
   01D3 8E 83              1478 	mov	dph,r6
   01D5 8F F0              1479 	mov	b,r7
   01D7 12s00r00           1480 	lcall	__gptrget
   01DA FD                 1481 	mov	r5,a
   01DB A3                 1482 	inc	dptr
   01DC 12s00r00           1483 	lcall	__gptrget
   01DF FE                 1484 	mov	r6,a
   01E0 A3                 1485 	inc	dptr
   01E1 12s00r00           1486 	lcall	__gptrget
   01E4 FF                 1487 	mov	r7,a
   01E5 A8 81              1488 	mov	r0,sp
   01E7 18                 1489 	dec	r0
   01E8 18                 1490 	dec	r0
   01E9 A6 05              1491 	mov	@r0,ar5
   01EB 08                 1492 	inc	r0
   01EC A6 06              1493 	mov	@r0,ar6
   01EE 08                 1494 	inc	r0
   01EF A6 07              1495 	mov	@r0,ar7
   01F1 E5 81              1496 	mov	a,sp
   01F3 24 F7              1497 	add	a,#0xf7
   01F5 F8                 1498 	mov	r0,a
   01F6 86 82              1499 	mov	dpl,@r0
   01F8 08                 1500 	inc	r0
   01F9 86 83              1501 	mov	dph,@r0
   01FB 08                 1502 	inc	r0
   01FC 86 F0              1503 	mov	b,@r0
   01FE 12s00r00           1504 	lcall	__gptrget
   0201 FE                 1505 	mov	r6,a
   0202 A3                 1506 	inc	dptr
   0203 12s00r00           1507 	lcall	__gptrget
   0206 FF                 1508 	mov	r7,a
   0207 C0 06              1509 	push	ar6
   0209 C0 07              1510 	push	ar7
   020B E5 81              1511 	mov	a,sp
   020D 24 FA              1512 	add	a,#0xfa
   020F F8                 1513 	mov	r0,a
   0210 86 82              1514 	mov	dpl,@r0
   0212 08                 1515 	inc	r0
   0213 86 83              1516 	mov	dph,@r0
   0215 12s00r00           1517 	lcall	__mulint
   0218 AE 82              1518 	mov	r6,dpl
   021A AF 83              1519 	mov	r7,dph
   021C 15 81              1520 	dec	sp
   021E 15 81              1521 	dec	sp
   0220 A8 81              1522 	mov	r0,sp
   0222 18                 1523 	dec	r0
   0223 18                 1524 	dec	r0
   0224 EE                 1525 	mov	a,r6
   0225 26                 1526 	add	a,@r0
   0226 FE                 1527 	mov	r6,a
   0227 EF                 1528 	mov	a,r7
   0228 08                 1529 	inc	r0
   0229 36                 1530 	addc	a,@r0
   022A FF                 1531 	mov	r7,a
   022B 08                 1532 	inc	r0
   022C 86 05              1533 	mov	ar5,@r0
   022E 8E 82              1534 	mov	dpl,r6
   0230 8F 83              1535 	mov	dph,r7
   0232 8D F0              1536 	mov	b,r5
   0234 80 14              1537 	sjmp	00107$
   0236                    1538 00105$:
                           1539 ;	../../../contiki-sensinode//core/lib/memb.c:63: for(i = 0; i < m->num; ++i) {
   0236 E5 81              1540 	mov	a,sp
   0238 24 FA              1541 	add	a,#0xfa
   023A F8                 1542 	mov	r0,a
   023B 06                 1543 	inc	@r0
   023C B6 00 02           1544 	cjne	@r0,#0x00,00117$
   023F 08                 1545 	inc	r0
   0240 06                 1546 	inc	@r0
   0241                    1547 00117$:
   0241 02s01r25           1548 	ljmp	00103$
   0244                    1549 00106$:
                           1550 ;	../../../contiki-sensinode//core/lib/memb.c:75: return NULL;
   0244 90 00 00           1551 	mov	dptr,#0x0000
   0247 75 F0 00           1552 	mov	b,#0x00
   024A                    1553 00107$:
   024A E5 81              1554 	mov	a,sp
   024C 24 F6              1555 	add	a,#0xF6
   024E F5 81              1556 	mov	sp,a
   0250 02s00r00           1557 	ljmp	__sdcc_banked_ret
                           1558 ;------------------------------------------------------------
                           1559 ;Allocation info for local variables in function 'memb_free'
                           1560 ;------------------------------------------------------------
                           1561 ;ptr                       Allocated to stack - sp -16
                           1562 ;m                         Allocated to stack - sp -10
                           1563 ;i                         Allocated to stack - sp -1
                           1564 ;ptr2                      Allocated to stack - sp -7
                           1565 ;sloc0                     Allocated to stack - sp -4
                           1566 ;sloc1                     Allocated to stack - sp -1
                           1567 ;------------------------------------------------------------
                           1568 ;	../../../contiki-sensinode//core/lib/memb.c:79: memb_free(struct memb *m, void *ptr)
                           1569 ;	-----------------------------------------
                           1570 ;	 function memb_free
                           1571 ;	-----------------------------------------
   0253                    1572 _memb_free:
   0253 C0 82              1573 	push	dpl
   0255 C0 83              1574 	push	dph
   0257 C0 F0              1575 	push	b
   0259 E5 81              1576 	mov	a,sp
   025B 24 08              1577 	add	a,#0x08
                           1578 ;	../../../contiki-sensinode//core/lib/memb.c:86: ptr2 = (char *)m->mem;
   025D F5 81              1579 	mov	sp,a
   025F 24 F6              1580 	add	a,#0xf6
   0261 F8                 1581 	mov	r0,a
   0262 74 07              1582 	mov	a,#0x07
   0264 26                 1583 	add	a,@r0
   0265 FA                 1584 	mov	r2,a
   0266 E4                 1585 	clr	a
   0267 08                 1586 	inc	r0
   0268 36                 1587 	addc	a,@r0
   0269 FB                 1588 	mov	r3,a
   026A 08                 1589 	inc	r0
   026B 86 04              1590 	mov	ar4,@r0
   026D 8A 82              1591 	mov	dpl,r2
   026F 8B 83              1592 	mov	dph,r3
   0271 8C F0              1593 	mov	b,r4
   0273 12s00r00           1594 	lcall	__gptrget
   0276 FA                 1595 	mov	r2,a
   0277 A3                 1596 	inc	dptr
   0278 12s00r00           1597 	lcall	__gptrget
   027B FB                 1598 	mov	r3,a
   027C A3                 1599 	inc	dptr
   027D 12s00r00           1600 	lcall	__gptrget
   0280 FC                 1601 	mov	r4,a
   0281 E5 81              1602 	mov	a,sp
   0283 24 F9              1603 	add	a,#0xf9
   0285 F8                 1604 	mov	r0,a
   0286 A6 02              1605 	mov	@r0,ar2
   0288 08                 1606 	inc	r0
   0289 A6 03              1607 	mov	@r0,ar3
   028B 08                 1608 	inc	r0
   028C A6 04              1609 	mov	@r0,ar4
                           1610 ;	../../../contiki-sensinode//core/lib/memb.c:87: for(i = 0; i < m->num; ++i) {
   028E A8 81              1611 	mov	r0,sp
   0290 18                 1612 	dec	r0
   0291 E4                 1613 	clr	a
   0292 F6                 1614 	mov	@r0,a
   0293 08                 1615 	inc	r0
   0294 F6                 1616 	mov	@r0,a
   0295 E5 81              1617 	mov	a,sp
   0297 24 F6              1618 	add	a,#0xf6
   0299 F8                 1619 	mov	r0,a
   029A E5 81              1620 	mov	a,sp
   029C 24 FC              1621 	add	a,#0xfc
   029E F9                 1622 	mov	r1,a
   029F 74 02              1623 	mov	a,#0x02
   02A1 26                 1624 	add	a,@r0
   02A2 F7                 1625 	mov	@r1,a
   02A3 E4                 1626 	clr	a
   02A4 08                 1627 	inc	r0
   02A5 36                 1628 	addc	a,@r0
   02A6 09                 1629 	inc	r1
   02A7 F7                 1630 	mov	@r1,a
   02A8 08                 1631 	inc	r0
   02A9 09                 1632 	inc	r1
   02AA E6                 1633 	mov	a,@r0
   02AB F7                 1634 	mov	@r1,a
   02AC 7A 00              1635 	mov	r2,#0x00
   02AE 7F 00              1636 	mov	r7,#0x00
   02B0                    1637 00105$:
   02B0 E5 81              1638 	mov	a,sp
   02B2 24 FC              1639 	add	a,#0xfc
   02B4 F8                 1640 	mov	r0,a
   02B5 86 82              1641 	mov	dpl,@r0
   02B7 08                 1642 	inc	r0
   02B8 86 83              1643 	mov	dph,@r0
   02BA 08                 1644 	inc	r0
   02BB 86 F0              1645 	mov	b,@r0
   02BD 12s00r00           1646 	lcall	__gptrget
   02C0 FD                 1647 	mov	r5,a
   02C1 A3                 1648 	inc	dptr
   02C2 12s00r00           1649 	lcall	__gptrget
   02C5 FE                 1650 	mov	r6,a
   02C6 8A 03              1651 	mov	ar3,r2
   02C8 8F 04              1652 	mov	ar4,r7
   02CA C3                 1653 	clr	c
   02CB EB                 1654 	mov	a,r3
   02CC 9D                 1655 	subb	a,r5
   02CD EC                 1656 	mov	a,r4
   02CE 9E                 1657 	subb	a,r6
   02CF 40 03              1658 	jc	00119$
   02D1 02s03r91           1659 	ljmp	00108$
   02D4                    1660 00119$:
                           1661 ;	../../../contiki-sensinode//core/lib/memb.c:89: if(ptr2 == (char *)ptr) {
   02D4 E5 81              1662 	mov	a,sp
   02D6 24 F0              1663 	add	a,#0xf0
   02D8 F8                 1664 	mov	r0,a
   02D9 86 04              1665 	mov	ar4,@r0
   02DB 08                 1666 	inc	r0
   02DC 86 05              1667 	mov	ar5,@r0
   02DE 08                 1668 	inc	r0
   02DF 86 06              1669 	mov	ar6,@r0
   02E1 E5 81              1670 	mov	a,sp
   02E3 24 F9              1671 	add	a,#0xf9
   02E5 F8                 1672 	mov	r0,a
   02E6 C0 04              1673 	push	ar4
   02E8 C0 05              1674 	push	ar5
   02EA C0 06              1675 	push	ar6
   02EC 86 82              1676 	mov	dpl,@r0
   02EE 08                 1677 	inc	r0
   02EF 86 83              1678 	mov	dph,@r0
   02F1 08                 1679 	inc	r0
   02F2 86 F0              1680 	mov	b,@r0
   02F4 12s00r00           1681 	lcall	___gptr_cmp
   02F7 15 81              1682 	dec	sp
   02F9 15 81              1683 	dec	sp
   02FB 15 81              1684 	dec	sp
   02FD 60 02              1685 	jz	00121$
   02FF 80 5E              1686 	sjmp	00104$
   0301                    1687 00121$:
                           1688 ;	../../../contiki-sensinode//core/lib/memb.c:92: if(m->count[i] > 0) {
   0301 E5 81              1689 	mov	a,sp
   0303 24 F6              1690 	add	a,#0xf6
   0305 F8                 1691 	mov	r0,a
   0306 74 04              1692 	mov	a,#0x04
   0308 26                 1693 	add	a,@r0
   0309 FC                 1694 	mov	r4,a
   030A E4                 1695 	clr	a
   030B 08                 1696 	inc	r0
   030C 36                 1697 	addc	a,@r0
   030D FD                 1698 	mov	r5,a
   030E 08                 1699 	inc	r0
   030F 86 06              1700 	mov	ar6,@r0
   0311 8C 82              1701 	mov	dpl,r4
   0313 8D 83              1702 	mov	dph,r5
   0315 8E F0              1703 	mov	b,r6
   0317 12s00r00           1704 	lcall	__gptrget
   031A FC                 1705 	mov	r4,a
   031B A3                 1706 	inc	dptr
   031C 12s00r00           1707 	lcall	__gptrget
   031F FD                 1708 	mov	r5,a
   0320 A3                 1709 	inc	dptr
   0321 12s00r00           1710 	lcall	__gptrget
   0324 FE                 1711 	mov	r6,a
   0325 A8 81              1712 	mov	r0,sp
   0327 18                 1713 	dec	r0
   0328 E6                 1714 	mov	a,@r0
   0329 2C                 1715 	add	a,r4
   032A FC                 1716 	mov	r4,a
   032B 08                 1717 	inc	r0
   032C E6                 1718 	mov	a,@r0
   032D 3D                 1719 	addc	a,r5
   032E FD                 1720 	mov	r5,a
   032F 8C 82              1721 	mov	dpl,r4
   0331 8D 83              1722 	mov	dph,r5
   0333 8E F0              1723 	mov	b,r6
   0335 12s00r00           1724 	lcall	__gptrget
   0338 FB                 1725 	mov	r3,a
   0339 C3                 1726 	clr	c
   033A E4                 1727 	clr	a
   033B 64 80              1728 	xrl	a,#0x80
   033D 8B F0              1729 	mov	b,r3
   033F 63 F0 80           1730 	xrl	b,#0x80
   0342 95 F0              1731 	subb	a,b
   0344 50 0B              1732 	jnc	00102$
                           1733 ;	../../../contiki-sensinode//core/lib/memb.c:94: --(m->count[i]);
   0346 1B                 1734 	dec	r3
   0347 8C 82              1735 	mov	dpl,r4
   0349 8D 83              1736 	mov	dph,r5
   034B 8E F0              1737 	mov	b,r6
   034D EB                 1738 	mov	a,r3
   034E 12s00r00           1739 	lcall	__gptrput
   0351                    1740 00102$:
                           1741 ;	../../../contiki-sensinode//core/lib/memb.c:96: return m->count[i];
   0351 8C 82              1742 	mov	dpl,r4
   0353 8D 83              1743 	mov	dph,r5
   0355 8E F0              1744 	mov	b,r6
   0357 12s00r00           1745 	lcall	__gptrget
   035A FC                 1746 	mov	r4,a
   035B F5 82              1747 	mov	dpl,a
   035D 80 35              1748 	sjmp	00109$
   035F                    1749 00104$:
                           1750 ;	../../../contiki-sensinode//core/lib/memb.c:98: ptr2 += m->size;
   035F E5 81              1751 	mov	a,sp
   0361 24 F6              1752 	add	a,#0xf6
   0363 F8                 1753 	mov	r0,a
   0364 86 82              1754 	mov	dpl,@r0
   0366 08                 1755 	inc	r0
   0367 86 83              1756 	mov	dph,@r0
   0369 08                 1757 	inc	r0
   036A 86 F0              1758 	mov	b,@r0
   036C 12s00r00           1759 	lcall	__gptrget
   036F FD                 1760 	mov	r5,a
   0370 A3                 1761 	inc	dptr
   0371 12s00r00           1762 	lcall	__gptrget
   0374 FE                 1763 	mov	r6,a
   0375 E5 81              1764 	mov	a,sp
   0377 24 F9              1765 	add	a,#0xf9
   0379 F8                 1766 	mov	r0,a
   037A ED                 1767 	mov	a,r5
   037B 26                 1768 	add	a,@r0
   037C F6                 1769 	mov	@r0,a
   037D EE                 1770 	mov	a,r6
   037E 08                 1771 	inc	r0
   037F 36                 1772 	addc	a,@r0
   0380 F6                 1773 	mov	@r0,a
                           1774 ;	../../../contiki-sensinode//core/lib/memb.c:87: for(i = 0; i < m->num; ++i) {
   0381 0A                 1775 	inc	r2
   0382 BA 00 01           1776 	cjne	r2,#0x00,00123$
   0385 0F                 1777 	inc	r7
   0386                    1778 00123$:
   0386 A8 81              1779 	mov	r0,sp
   0388 18                 1780 	dec	r0
   0389 A6 02              1781 	mov	@r0,ar2
   038B 08                 1782 	inc	r0
   038C A6 07              1783 	mov	@r0,ar7
   038E 02s02rB0           1784 	ljmp	00105$
   0391                    1785 00108$:
                           1786 ;	../../../contiki-sensinode//core/lib/memb.c:100: return -1;
   0391 75 82 FF           1787 	mov	dpl,#0xFF
   0394                    1788 00109$:
   0394 E5 81              1789 	mov	a,sp
   0396 24 F5              1790 	add	a,#0xF5
   0398 F5 81              1791 	mov	sp,a
   039A 02s00r00           1792 	ljmp	__sdcc_banked_ret
                           1793 ;------------------------------------------------------------
                           1794 ;Allocation info for local variables in function 'memb_inmemb'
                           1795 ;------------------------------------------------------------
                           1796 ;ptr                       Allocated to stack - sp -13
                           1797 ;m                         Allocated to stack - sp -7
                           1798 ;sloc0                     Allocated to stack - sp -4
                           1799 ;sloc1                     Allocated to stack - sp -1
                           1800 ;------------------------------------------------------------
                           1801 ;	../../../contiki-sensinode//core/lib/memb.c:104: memb_inmemb(struct memb *m, void *ptr)
                           1802 ;	-----------------------------------------
                           1803 ;	 function memb_inmemb
                           1804 ;	-----------------------------------------
   039D                    1805 _memb_inmemb:
   039D C0 82              1806 	push	dpl
   039F C0 83              1807 	push	dph
   03A1 C0 F0              1808 	push	b
   03A3 E5 81              1809 	mov	a,sp
   03A5 24 05              1810 	add	a,#0x05
                           1811 ;	../../../contiki-sensinode//core/lib/memb.c:106: return (char *)ptr >= (char *)m->mem &&
   03A7 F5 81              1812 	mov	sp,a
   03A9 24 F3              1813 	add	a,#0xf3
   03AB F8                 1814 	mov	r0,a
   03AC 86 02              1815 	mov	ar2,@r0
   03AE 08                 1816 	inc	r0
   03AF 86 03              1817 	mov	ar3,@r0
   03B1 08                 1818 	inc	r0
   03B2 86 04              1819 	mov	ar4,@r0
   03B4 E5 81              1820 	mov	a,sp
   03B6 24 F9              1821 	add	a,#0xf9
   03B8 F8                 1822 	mov	r0,a
   03B9 74 07              1823 	mov	a,#0x07
   03BB 26                 1824 	add	a,@r0
   03BC FD                 1825 	mov	r5,a
   03BD E4                 1826 	clr	a
   03BE 08                 1827 	inc	r0
   03BF 36                 1828 	addc	a,@r0
   03C0 FE                 1829 	mov	r6,a
   03C1 08                 1830 	inc	r0
   03C2 86 07              1831 	mov	ar7,@r0
   03C4 8D 82              1832 	mov	dpl,r5
   03C6 8E 83              1833 	mov	dph,r6
   03C8 8F F0              1834 	mov	b,r7
   03CA E5 81              1835 	mov	a,sp
   03CC 24 FC              1836 	add	a,#0xfc
   03CE F8                 1837 	mov	r0,a
   03CF 12s00r00           1838 	lcall	__gptrget
   03D2 F6                 1839 	mov	@r0,a
   03D3 A3                 1840 	inc	dptr
   03D4 12s00r00           1841 	lcall	__gptrget
   03D7 08                 1842 	inc	r0
   03D8 F6                 1843 	mov	@r0,a
   03D9 A3                 1844 	inc	dptr
   03DA 12s00r00           1845 	lcall	__gptrget
   03DD 08                 1846 	inc	r0
   03DE F6                 1847 	mov	@r0,a
   03DF E5 81              1848 	mov	a,sp
   03E1 24 FC              1849 	add	a,#0xfc
   03E3 F8                 1850 	mov	r0,a
   03E4 86 05              1851 	mov	ar5,@r0
   03E6 08                 1852 	inc	r0
   03E7 86 06              1853 	mov	ar6,@r0
   03E9 08                 1854 	inc	r0
   03EA 86 07              1855 	mov	ar7,@r0
   03EC C0 05              1856 	push	ar5
   03EE C0 06              1857 	push	ar6
   03F0 C0 07              1858 	push	ar7
   03F2 8A 82              1859 	mov	dpl,r2
   03F4 8B 83              1860 	mov	dph,r3
   03F6 8C F0              1861 	mov	b,r4
   03F8 12s00r00           1862 	lcall	___gptr_cmp
   03FB 15 81              1863 	dec	sp
   03FD 15 81              1864 	dec	sp
   03FF 15 81              1865 	dec	sp
   0401 B3                 1866 	cpl	c
   0402 E4                 1867 	clr	a
   0403 33                 1868 	rlc	a
   0404 FD                 1869 	mov	r5,a
   0405 70 03              1870 	jnz	00109$
   0407 02s04rA8           1871 	ljmp	00103$
   040A                    1872 00109$:
                           1873 ;	../../../contiki-sensinode//core/lib/memb.c:107: (char *)ptr < (char *)m->mem + (m->num * m->size);
   040A E5 81              1874 	mov	a,sp
   040C 24 FC              1875 	add	a,#0xfc
   040E F8                 1876 	mov	r0,a
   040F 86 05              1877 	mov	ar5,@r0
   0411 08                 1878 	inc	r0
   0412 86 06              1879 	mov	ar6,@r0
   0414 08                 1880 	inc	r0
   0415 86 07              1881 	mov	ar7,@r0
   0417 E5 81              1882 	mov	a,sp
   0419 24 FC              1883 	add	a,#0xfc
   041B F8                 1884 	mov	r0,a
   041C A6 05              1885 	mov	@r0,ar5
   041E 08                 1886 	inc	r0
   041F A6 06              1887 	mov	@r0,ar6
   0421 08                 1888 	inc	r0
   0422 A6 07              1889 	mov	@r0,ar7
   0424 E5 81              1890 	mov	a,sp
   0426 24 F9              1891 	add	a,#0xf9
   0428 F8                 1892 	mov	r0,a
   0429 74 02              1893 	mov	a,#0x02
   042B 26                 1894 	add	a,@r0
   042C FD                 1895 	mov	r5,a
   042D E4                 1896 	clr	a
   042E 08                 1897 	inc	r0
   042F 36                 1898 	addc	a,@r0
   0430 FE                 1899 	mov	r6,a
   0431 08                 1900 	inc	r0
   0432 86 07              1901 	mov	ar7,@r0
   0434 8D 82              1902 	mov	dpl,r5
   0436 8E 83              1903 	mov	dph,r6
   0438 8F F0              1904 	mov	b,r7
   043A A8 81              1905 	mov	r0,sp
   043C 18                 1906 	dec	r0
   043D 12s00r00           1907 	lcall	__gptrget
   0440 F6                 1908 	mov	@r0,a
   0441 A3                 1909 	inc	dptr
   0442 12s00r00           1910 	lcall	__gptrget
   0445 08                 1911 	inc	r0
   0446 F6                 1912 	mov	@r0,a
   0447 E5 81              1913 	mov	a,sp
   0449 24 F9              1914 	add	a,#0xf9
   044B F8                 1915 	mov	r0,a
   044C 86 82              1916 	mov	dpl,@r0
   044E 08                 1917 	inc	r0
   044F 86 83              1918 	mov	dph,@r0
   0451 08                 1919 	inc	r0
   0452 86 F0              1920 	mov	b,@r0
   0454 12s00r00           1921 	lcall	__gptrget
   0457 FE                 1922 	mov	r6,a
   0458 A3                 1923 	inc	dptr
   0459 12s00r00           1924 	lcall	__gptrget
   045C FF                 1925 	mov	r7,a
   045D C0 04              1926 	push	ar4
   045F C0 03              1927 	push	ar3
   0461 C0 02              1928 	push	ar2
   0463 C0 06              1929 	push	ar6
   0465 C0 07              1930 	push	ar7
   0467 E5 81              1931 	mov	a,sp
   0469 24 FA              1932 	add	a,#0xfa
   046B F8                 1933 	mov	r0,a
   046C 86 82              1934 	mov	dpl,@r0
   046E 08                 1935 	inc	r0
   046F 86 83              1936 	mov	dph,@r0
   0471 12s00r00           1937 	lcall	__mulint
   0474 AE 82              1938 	mov	r6,dpl
   0476 AF 83              1939 	mov	r7,dph
   0478 15 81              1940 	dec	sp
   047A 15 81              1941 	dec	sp
   047C D0 02              1942 	pop	ar2
   047E D0 03              1943 	pop	ar3
   0480 D0 04              1944 	pop	ar4
   0482 E5 81              1945 	mov	a,sp
   0484 24 FC              1946 	add	a,#0xfc
   0486 F8                 1947 	mov	r0,a
   0487 EE                 1948 	mov	a,r6
   0488 26                 1949 	add	a,@r0
   0489 FE                 1950 	mov	r6,a
   048A EF                 1951 	mov	a,r7
   048B 08                 1952 	inc	r0
   048C 36                 1953 	addc	a,@r0
   048D FF                 1954 	mov	r7,a
   048E 08                 1955 	inc	r0
   048F 86 05              1956 	mov	ar5,@r0
   0491 C0 06              1957 	push	ar6
   0493 C0 07              1958 	push	ar7
   0495 C0 05              1959 	push	ar5
   0497 8A 82              1960 	mov	dpl,r2
   0499 8B 83              1961 	mov	dph,r3
   049B 8C F0              1962 	mov	b,r4
   049D 12s00r00           1963 	lcall	___gptr_cmp
   04A0 15 81              1964 	dec	sp
   04A2 15 81              1965 	dec	sp
   04A4 15 81              1966 	dec	sp
   04A6 40 04              1967 	jc	00104$
   04A8                    1968 00103$:
   04A8 7F 00              1969 	mov	r7,#0x00
   04AA 80 02              1970 	sjmp	00105$
   04AC                    1971 00104$:
   04AC 7F 01              1972 	mov	r7,#0x01
   04AE                    1973 00105$:
   04AE EF                 1974 	mov	a,r7
   04AF 33                 1975 	rlc	a
   04B0 95 E0              1976 	subb	a,acc
   04B2 FE                 1977 	mov	r6,a
   04B3 8F 82              1978 	mov	dpl,r7
   04B5 8E 83              1979 	mov	dph,r6
   04B7 E5 81              1980 	mov	a,sp
   04B9 24 F8              1981 	add	a,#0xF8
   04BB F5 81              1982 	mov	sp,a
   04BD 02s00r00           1983 	ljmp	__sdcc_banked_ret
                           1984 	.area CSEG    (CODE)
                           1985 	.area CONST   (CODE)
                           1986 	.area XINIT   (CODE)
                           1987 	.area CABS    (ABS,CODE)
