                              1 ;--------------------------------------------------------
                              2 ; File Created by SDCC : free open source ANSI-C Compiler
                              3 ; Version 3.1.1 #7100 (Oct 29 2014) (Linux)
                              4 ; This file was generated Wed Dec  2 18:11:02 2015
                              5 ;--------------------------------------------------------
                              6 	.module neighbor_info
                              7 	.optsdcc -mmcs51 --model-huge
                              8 	
                              9 ;--------------------------------------------------------
                             10 ; Public variables in this module
                             11 ;--------------------------------------------------------
                             12 	.globl _neighbor_attr_set_data
                             13 	.globl _neighbor_attr_get_data
                             14 	.globl _neighbor_attr_add_neighbor
                             15 	.globl _neighbor_attr_has_neighbor
                             16 	.globl _neighbor_attr_register
                             17 	.globl _packetbuf_addr
                             18 	.globl _clock_seconds
                             19 	.globl _rimeaddr_cmp
                             20 	.globl _ACTIVE
                             21 	.globl _TX_BYTE
                             22 	.globl _RX_BYTE
                             23 	.globl _ERR
                             24 	.globl _FE
                             25 	.globl _SLAVE
                             26 	.globl _RE
                             27 	.globl _MODE
                             28 	.globl _T3OVFIF
                             29 	.globl _T3CH0IF
                             30 	.globl _T3CH1IF
                             31 	.globl _T4OVFIF
                             32 	.globl _T4CH0IF
                             33 	.globl _T4CH1IF
                             34 	.globl _OVFIM
                             35 	.globl _B_0
                             36 	.globl _B_1
                             37 	.globl _B_2
                             38 	.globl _B_3
                             39 	.globl _B_4
                             40 	.globl _B_5
                             41 	.globl _B_6
                             42 	.globl _B_7
                             43 	.globl _P2IF
                             44 	.globl _UTX0IF
                             45 	.globl _UTX1IF
                             46 	.globl _P1IF
                             47 	.globl _WDTIF
                             48 	.globl _ACC_0
                             49 	.globl _ACC_1
                             50 	.globl _ACC_2
                             51 	.globl _ACC_3
                             52 	.globl _ACC_4
                             53 	.globl _ACC_5
                             54 	.globl _ACC_6
                             55 	.globl _ACC_7
                             56 	.globl _P
                             57 	.globl _F1
                             58 	.globl _OV
                             59 	.globl _RS0
                             60 	.globl _RS1
                             61 	.globl _F0
                             62 	.globl _AC
                             63 	.globl _CY
                             64 	.globl _DMAIF
                             65 	.globl _T1IF
                             66 	.globl _T2IF
                             67 	.globl _T3IF
                             68 	.globl _T4IF
                             69 	.globl _P0IF
                             70 	.globl _STIF
                             71 	.globl _DMAIE
                             72 	.globl _T1IE
                             73 	.globl _T2IE
                             74 	.globl _T3IE
                             75 	.globl _T4IE
                             76 	.globl _P0IE
                             77 	.globl _RFERRIE
                             78 	.globl _ADCIE
                             79 	.globl _URX0IE
                             80 	.globl _URX1IE
                             81 	.globl _ENCIE
                             82 	.globl _STIE
                             83 	.globl _EA
                             84 	.globl _P2_0
                             85 	.globl _P2_1
                             86 	.globl _P2_2
                             87 	.globl _P2_3
                             88 	.globl _P2_4
                             89 	.globl _P2_5
                             90 	.globl _P2_6
                             91 	.globl _P2_7
                             92 	.globl _ENCIF_0
                             93 	.globl _ENCIF_1
                             94 	.globl _P1_0
                             95 	.globl _P1_1
                             96 	.globl _P1_2
                             97 	.globl _P1_3
                             98 	.globl _P1_4
                             99 	.globl _P1_5
                            100 	.globl _P1_6
                            101 	.globl _P1_7
                            102 	.globl _IT0
                            103 	.globl _RFERRIF
                            104 	.globl _IT1
                            105 	.globl _URX0IF
                            106 	.globl _ADCIF
                            107 	.globl _URX1IF
                            108 	.globl _P0_0
                            109 	.globl _P0_1
                            110 	.globl _P0_2
                            111 	.globl _P0_3
                            112 	.globl _P0_4
                            113 	.globl _P0_5
                            114 	.globl _P0_6
                            115 	.globl _P0_7
                            116 	.globl _WDCTL
                            117 	.globl _U1GCR
                            118 	.globl _U1UCR
                            119 	.globl _U1BAUD
                            120 	.globl _U1DBUF
                            121 	.globl _U1CSR
                            122 	.globl _U0GCR
                            123 	.globl _U0UCR
                            124 	.globl _U0BAUD
                            125 	.globl _U0DBUF
                            126 	.globl _U0CSR
                            127 	.globl _TIMIF
                            128 	.globl _T4CC1
                            129 	.globl _T4CCTL1
                            130 	.globl _T4CC0
                            131 	.globl _T4CCTL0
                            132 	.globl _T4CTL
                            133 	.globl _T4CNT
                            134 	.globl _T3CC1
                            135 	.globl _T3CCTL1
                            136 	.globl _T3CC0
                            137 	.globl _T3CCTL0
                            138 	.globl _T3CTL
                            139 	.globl _T3CNT
                            140 	.globl _T2MSEL
                            141 	.globl _T2IRQM
                            142 	.globl _T2MOVF2
                            143 	.globl _T2MOVF1
                            144 	.globl _T2MOVF0
                            145 	.globl _T2M1
                            146 	.globl _T2M0
                            147 	.globl _T2IRQF
                            148 	.globl _T2EVTCFG
                            149 	.globl _T2CTRL
                            150 	.globl _T1STAT
                            151 	.globl _T1CCTL2
                            152 	.globl _T1CCTL1
                            153 	.globl _T1CCTL0
                            154 	.globl _T1CTL
                            155 	.globl _T1CNTH
                            156 	.globl _T1CNTL
                            157 	.globl _T1CC2H
                            158 	.globl _T1CC2L
                            159 	.globl _T1CC1H
                            160 	.globl _T1CC1L
                            161 	.globl _T1CC0H
                            162 	.globl _T1CC0L
                            163 	.globl _CLKCONSTA
                            164 	.globl _CLKCONCMD
                            165 	.globl _SLEEPSTA
                            166 	.globl _SLEEPCMD
                            167 	.globl _STLOAD
                            168 	.globl _ST2
                            169 	.globl _ST1
                            170 	.globl _ST0
                            171 	.globl _RFERRF
                            172 	.globl _RFIRQF0
                            173 	.globl _RFST
                            174 	.globl _RFD
                            175 	.globl _RFIRQF1
                            176 	.globl _PSBANK
                            177 	.globl _FMAP
                            178 	.globl _MEMCTR
                            179 	.globl __XPAGE
                            180 	.globl _MPAGE
                            181 	.globl _PMUX
                            182 	.globl _P2DIR
                            183 	.globl _P1DIR
                            184 	.globl _P0DIR
                            185 	.globl _P2INP
                            186 	.globl _P1INP
                            187 	.globl _P2SEL
                            188 	.globl _P1SEL
                            189 	.globl _P0SEL
                            190 	.globl _APCFG
                            191 	.globl _PERCFG
                            192 	.globl _P0INP
                            193 	.globl _P2IEN
                            194 	.globl _P1IEN
                            195 	.globl _P0IEN
                            196 	.globl _PICTL
                            197 	.globl _P2IFG
                            198 	.globl _P1IFG
                            199 	.globl _P0IFG
                            200 	.globl _DMAREQ
                            201 	.globl _DMAARM
                            202 	.globl _DMA0CFGH
                            203 	.globl _DMA0CFGL
                            204 	.globl _DMA1CFGH
                            205 	.globl _DMA1CFGL
                            206 	.globl _DMAIRQ
                            207 	.globl _ENCCS
                            208 	.globl _ENCDO
                            209 	.globl _ENCDI
                            210 	.globl _RNDH
                            211 	.globl _RNDL
                            212 	.globl _ADCH
                            213 	.globl _ADCL
                            214 	.globl _ADCCON3
                            215 	.globl _ADCCON2
                            216 	.globl _ADCCON1
                            217 	.globl _B
                            218 	.globl _IRCON2
                            219 	.globl _ACC
                            220 	.globl _PSW
                            221 	.globl _IRCON
                            222 	.globl _IP1
                            223 	.globl _IEN1
                            224 	.globl _IP0
                            225 	.globl _IEN0
                            226 	.globl _P2
                            227 	.globl _S1CON
                            228 	.globl _IEN2
                            229 	.globl _S0CON
                            230 	.globl _DPS
                            231 	.globl _P1
                            232 	.globl _TCON
                            233 	.globl _PCON
                            234 	.globl _DPH1
                            235 	.globl _DPL1
                            236 	.globl _DPH0
                            237 	.globl _DPL0
                            238 	.globl _SP
                            239 	.globl _P0
                            240 	.globl _attr_timestamp
                            241 	.globl _attr_etx
                            242 	.globl _X_IEEE_ADDR
                            243 	.globl _X_INFOPAGE
                            244 	.globl _X_P2DIR
                            245 	.globl _X_P1DIR
                            246 	.globl _X_P0DIR
                            247 	.globl _X_U1GCR
                            248 	.globl _X_U1UCR
                            249 	.globl _X_U1BAUD
                            250 	.globl _X_U1DBUF
                            251 	.globl _X_U1CSR
                            252 	.globl _X_P2INP
                            253 	.globl _X_P1INP
                            254 	.globl _X_P2SEL
                            255 	.globl _X_P1SEL
                            256 	.globl _X_P0SEL
                            257 	.globl _X_APCFG
                            258 	.globl _X_PERCFG
                            259 	.globl _X_T4CC1
                            260 	.globl _X_T4CCTL1
                            261 	.globl _X_T4CC0
                            262 	.globl _X_T4CCTL0
                            263 	.globl _X_T4CTL
                            264 	.globl _X_T4CNT
                            265 	.globl _X_RFIRQF0
                            266 	.globl _X_T1CCTL2
                            267 	.globl _X_T1CCTL1
                            268 	.globl _X_T1CCTL0
                            269 	.globl _X_T1CTL
                            270 	.globl _X_T1CNTH
                            271 	.globl _X_T1CNTL
                            272 	.globl _X_RFST
                            273 	.globl _X_T1CC2H
                            274 	.globl _X_T1CC2L
                            275 	.globl _X_T1CC1H
                            276 	.globl _X_T1CC1L
                            277 	.globl _X_T1CC0H
                            278 	.globl _X_T1CC0L
                            279 	.globl _X_RFD
                            280 	.globl _X_TIMIF
                            281 	.globl _X_DMAREQ
                            282 	.globl _X_DMAARM
                            283 	.globl _X_DMA0CFGH
                            284 	.globl _X_DMA0CFGL
                            285 	.globl _X_DMA1CFGH
                            286 	.globl _X_DMA1CFGL
                            287 	.globl _X_DMAIRQ
                            288 	.globl _X_T3CC1
                            289 	.globl _X_T3CCTL1
                            290 	.globl _X_T3CC0
                            291 	.globl _X_T3CCTL0
                            292 	.globl _X_T3CTL
                            293 	.globl _X_T3CNT
                            294 	.globl _X_WDCTL
                            295 	.globl _X_MEMCTR
                            296 	.globl _X_CLKCONCMD
                            297 	.globl _X_U0GCR
                            298 	.globl _X_U0UCR
                            299 	.globl _X_T2MSEL
                            300 	.globl _X_U0BAUD
                            301 	.globl _X_U0DBUF
                            302 	.globl _X_RFERRF
                            303 	.globl _X_SLEEPCMD
                            304 	.globl _X_RNDH
                            305 	.globl _X_RNDL
                            306 	.globl _X_ADCH
                            307 	.globl _X_ADCL
                            308 	.globl _X_ADCCON3
                            309 	.globl _X_ADCCON2
                            310 	.globl _X_ADCCON1
                            311 	.globl _X_ENCCS
                            312 	.globl _X_ENCDO
                            313 	.globl _X_ENCDI
                            314 	.globl _X_T1STAT
                            315 	.globl _X_PMUX
                            316 	.globl _X_STLOAD
                            317 	.globl _X_P2IEN
                            318 	.globl _X_P0IEN
                            319 	.globl _X_T2IRQM
                            320 	.globl _X_T2MOVF2
                            321 	.globl _X_T2MOVF1
                            322 	.globl _X_T2MOVF0
                            323 	.globl _X_T2M1
                            324 	.globl _X_T2M0
                            325 	.globl _X_T2IRQF
                            326 	.globl _X_P2
                            327 	.globl _X_PSBANK
                            328 	.globl _X_FMAP
                            329 	.globl _X_CLKCONSTA
                            330 	.globl _X_SLEEPSTA
                            331 	.globl _X_T2EVTCFG
                            332 	.globl _X_ST2
                            333 	.globl _X_ST1
                            334 	.globl _X_ST0
                            335 	.globl _X_T2CTRL
                            336 	.globl _X__XPAGE
                            337 	.globl _X_MPAGE
                            338 	.globl _X_RFIRQF1
                            339 	.globl _X_P1
                            340 	.globl _X_P0INP
                            341 	.globl _X_P1IEN
                            342 	.globl _X_PICTL
                            343 	.globl _X_P2IFG
                            344 	.globl _X_P1IFG
                            345 	.globl _X_P0IFG
                            346 	.globl _X_U0CSR
                            347 	.globl _X_P0
                            348 	.globl _USBF5
                            349 	.globl _USBF4
                            350 	.globl _USBF3
                            351 	.globl _USBF2
                            352 	.globl _USBF1
                            353 	.globl _USBF0
                            354 	.globl _USBCNTH
                            355 	.globl _USBCNTL
                            356 	.globl _USBCNT0
                            357 	.globl _USBCSOH
                            358 	.globl _USBCSOL
                            359 	.globl _USBMAXO
                            360 	.globl _USBCSIH
                            361 	.globl _USBCSIL
                            362 	.globl _USBCS0
                            363 	.globl _USBMAXI
                            364 	.globl _USBCTRL
                            365 	.globl _USBINDEX
                            366 	.globl _USBFRMH
                            367 	.globl _USBFRML
                            368 	.globl _USBCIE
                            369 	.globl _USBOIE
                            370 	.globl _USBIIE
                            371 	.globl _USBCIF
                            372 	.globl _USBOIF
                            373 	.globl _USBIIF
                            374 	.globl _USBPOW
                            375 	.globl _USBADDR
                            376 	.globl _CSPT
                            377 	.globl _CSPZ
                            378 	.globl _CSPY
                            379 	.globl _CSPX
                            380 	.globl _CSPSTAT
                            381 	.globl _CSPCTRL
                            382 	.globl _CSPPROG23
                            383 	.globl _CSPPROG22
                            384 	.globl _CSPPROG21
                            385 	.globl _CSPPROG20
                            386 	.globl _CSPPROG19
                            387 	.globl _CSPPROG18
                            388 	.globl _CSPPROG17
                            389 	.globl _CSPPROG16
                            390 	.globl _CSPPROG15
                            391 	.globl _CSPPROG14
                            392 	.globl _CSPPROG13
                            393 	.globl _CSPPROG12
                            394 	.globl _CSPPROG11
                            395 	.globl _CSPPROG10
                            396 	.globl _CSPPROG9
                            397 	.globl _CSPPROG8
                            398 	.globl _CSPPROG7
                            399 	.globl _CSPPROG6
                            400 	.globl _CSPPROG5
                            401 	.globl _CSPPROG4
                            402 	.globl _CSPPROG3
                            403 	.globl _CSPPROG2
                            404 	.globl _CSPPROG1
                            405 	.globl _CSPPROG0
                            406 	.globl _RFC_OBS_CTRL2
                            407 	.globl _RFC_OBS_CTRL1
                            408 	.globl _RFC_OBS_CTRL0
                            409 	.globl _TXFILTCFG
                            410 	.globl _PTEST1
                            411 	.globl _PTEST0
                            412 	.globl _ATEST
                            413 	.globl _DACTEST2
                            414 	.globl _DACTEST1
                            415 	.globl _DACTEST0
                            416 	.globl _MDMTEST1
                            417 	.globl _MDMTEST0
                            418 	.globl _ADCTEST2
                            419 	.globl _ADCTEST1
                            420 	.globl _ADCTEST0
                            421 	.globl _AGCCTRL3
                            422 	.globl _AGCCTRL2
                            423 	.globl _AGCCTRL1
                            424 	.globl _AGCCTRL0
                            425 	.globl _FSCAL3
                            426 	.globl _FSCAL2
                            427 	.globl _FSCAL1
                            428 	.globl _FSCAL0
                            429 	.globl _FSCTRL
                            430 	.globl _RXCTRL
                            431 	.globl _FREQEST
                            432 	.globl _MDMCTRL1
                            433 	.globl _MDMCTRL0
                            434 	.globl _RFRND
                            435 	.globl _RFERRM
                            436 	.globl _RFIRQM1
                            437 	.globl _RFIRQM0
                            438 	.globl _TXLAST_PTR
                            439 	.globl _TXFIRST_PTR
                            440 	.globl _RXP1_PTR
                            441 	.globl _RXLAST_PTR
                            442 	.globl _RXFIRST_PTR
                            443 	.globl _TXFIFOCNT
                            444 	.globl _RXFIFOCNT
                            445 	.globl _RXFIRST
                            446 	.globl _RSSISTAT
                            447 	.globl _RSSI
                            448 	.globl _CCACTRL1
                            449 	.globl _CCACTRL0
                            450 	.globl _FSMCTRL
                            451 	.globl _FIFOPCTRL
                            452 	.globl _FSMSTAT1
                            453 	.globl _FSMSTAT0
                            454 	.globl _TXCTRL
                            455 	.globl _TXPOWER
                            456 	.globl _FREQCTRL
                            457 	.globl _FREQTUNE
                            458 	.globl _RXMASKCLR
                            459 	.globl _RXMASKSET
                            460 	.globl _RXENABLE
                            461 	.globl _FRMCTRL1
                            462 	.globl _FRMCTRL0
                            463 	.globl _SRCEXTEN2
                            464 	.globl _SRCEXTEN1
                            465 	.globl _SRCEXTEN0
                            466 	.globl _SRCSHORTEN2
                            467 	.globl _SRCSHORTEN1
                            468 	.globl _SRCSHORTEN0
                            469 	.globl _SRCMATCH
                            470 	.globl _FRMFILT1
                            471 	.globl _FRMFILT0
                            472 	.globl _SHORT_ADDR1
                            473 	.globl _SHORT_ADDR0
                            474 	.globl _PAN_ID1
                            475 	.globl _PAN_ID0
                            476 	.globl _EXT_ADDR7
                            477 	.globl _EXT_ADDR6
                            478 	.globl _EXT_ADDR5
                            479 	.globl _EXT_ADDR4
                            480 	.globl _EXT_ADDR3
                            481 	.globl _EXT_ADDR2
                            482 	.globl _EXT_ADDR1
                            483 	.globl _EXT_ADDR0
                            484 	.globl _SRCSHORTPENDEN2
                            485 	.globl _SRCSHORTPENDEN1
                            486 	.globl _SRCSHORTPENDEN0
                            487 	.globl _SRCEXTPENDEN2
                            488 	.globl _SRCEXTPENDEN1
                            489 	.globl _SRCEXTPENDEN0
                            490 	.globl _SRCRESINDEX
                            491 	.globl _SRCRESMASK2
                            492 	.globl _SRCRESMASK1
                            493 	.globl _SRCRESMASK0
                            494 	.globl _SRC_ADDR_TABLE
                            495 	.globl _TXFIFO
                            496 	.globl _RXFIFO
                            497 	.globl _RFCORE_RAM
                            498 	.globl _CMPCTL
                            499 	.globl _OPAMPS
                            500 	.globl _OPAMPC
                            501 	.globl _STCV2
                            502 	.globl _STCV1
                            503 	.globl _STCV0
                            504 	.globl _STCS
                            505 	.globl _STCC
                            506 	.globl _T1CC4H
                            507 	.globl _T1CC4L
                            508 	.globl _T1CC3H
                            509 	.globl _T1CC3L
                            510 	.globl _XX_T1CC2H
                            511 	.globl _XX_T1CC2L
                            512 	.globl _XX_T1CC1H
                            513 	.globl _XX_T1CC1L
                            514 	.globl _XX_T1CC0H
                            515 	.globl _XX_T1CC0L
                            516 	.globl _T1CCTL4
                            517 	.globl _T1CCTL3
                            518 	.globl _XX_T1CCTL2
                            519 	.globl _XX_T1CCTL1
                            520 	.globl _XX_T1CCTL0
                            521 	.globl _CLD
                            522 	.globl _IRCTL
                            523 	.globl _CHIPINFO1
                            524 	.globl _CHIPINFO0
                            525 	.globl _FWDATA
                            526 	.globl _FADDRH
                            527 	.globl _FADDRL
                            528 	.globl _FCTL
                            529 	.globl _IVCTRL
                            530 	.globl _BATTMON
                            531 	.globl _SRCRC
                            532 	.globl _DBGDATA
                            533 	.globl _TESTREG0
                            534 	.globl _CHIPID
                            535 	.globl _CHVER
                            536 	.globl _OBSSEL5
                            537 	.globl _OBSSEL4
                            538 	.globl _OBSSEL3
                            539 	.globl _OBSSEL2
                            540 	.globl _OBSSEL1
                            541 	.globl _OBSSEL0
                            542 	.globl _I2CIO
                            543 	.globl _I2CWC
                            544 	.globl _I2CADDR
                            545 	.globl _I2CDATA
                            546 	.globl _I2CSTAT
                            547 	.globl _I2CCFG
                            548 	.globl _OPAMPMC
                            549 	.globl _MONMUX
                            550 	.globl _neighbor_info_packet_sent
                            551 	.globl _neighbor_info_packet_received
                            552 	.globl _neighbor_info_subscribe
                            553 	.globl _neighbor_info_get_metric
                            554 ;--------------------------------------------------------
                            555 ; special function registers
                            556 ;--------------------------------------------------------
                            557 	.area RSEG    (ABS,DATA)
   0000                     558 	.org 0x0000
                    0080    559 _P0	=	0x0080
                    0081    560 _SP	=	0x0081
                    0082    561 _DPL0	=	0x0082
                    0083    562 _DPH0	=	0x0083
                    0084    563 _DPL1	=	0x0084
                    0085    564 _DPH1	=	0x0085
                    0087    565 _PCON	=	0x0087
                    0088    566 _TCON	=	0x0088
                    0090    567 _P1	=	0x0090
                    0092    568 _DPS	=	0x0092
                    0098    569 _S0CON	=	0x0098
                    009A    570 _IEN2	=	0x009a
                    009B    571 _S1CON	=	0x009b
                    00A0    572 _P2	=	0x00a0
                    00A8    573 _IEN0	=	0x00a8
                    00A9    574 _IP0	=	0x00a9
                    00B8    575 _IEN1	=	0x00b8
                    00B9    576 _IP1	=	0x00b9
                    00C0    577 _IRCON	=	0x00c0
                    00D0    578 _PSW	=	0x00d0
                    00E0    579 _ACC	=	0x00e0
                    00E8    580 _IRCON2	=	0x00e8
                    00F0    581 _B	=	0x00f0
                    00B4    582 _ADCCON1	=	0x00b4
                    00B5    583 _ADCCON2	=	0x00b5
                    00B6    584 _ADCCON3	=	0x00b6
                    00BA    585 _ADCL	=	0x00ba
                    00BB    586 _ADCH	=	0x00bb
                    00BC    587 _RNDL	=	0x00bc
                    00BD    588 _RNDH	=	0x00bd
                    00B1    589 _ENCDI	=	0x00b1
                    00B2    590 _ENCDO	=	0x00b2
                    00B3    591 _ENCCS	=	0x00b3
                    00D1    592 _DMAIRQ	=	0x00d1
                    00D2    593 _DMA1CFGL	=	0x00d2
                    00D3    594 _DMA1CFGH	=	0x00d3
                    00D4    595 _DMA0CFGL	=	0x00d4
                    00D5    596 _DMA0CFGH	=	0x00d5
                    00D6    597 _DMAARM	=	0x00d6
                    00D7    598 _DMAREQ	=	0x00d7
                    0089    599 _P0IFG	=	0x0089
                    008A    600 _P1IFG	=	0x008a
                    008B    601 _P2IFG	=	0x008b
                    008C    602 _PICTL	=	0x008c
                    00AB    603 _P0IEN	=	0x00ab
                    008D    604 _P1IEN	=	0x008d
                    00AC    605 _P2IEN	=	0x00ac
                    008F    606 _P0INP	=	0x008f
                    00F1    607 _PERCFG	=	0x00f1
                    00F2    608 _APCFG	=	0x00f2
                    00F3    609 _P0SEL	=	0x00f3
                    00F4    610 _P1SEL	=	0x00f4
                    00F5    611 _P2SEL	=	0x00f5
                    00F6    612 _P1INP	=	0x00f6
                    00F7    613 _P2INP	=	0x00f7
                    00FD    614 _P0DIR	=	0x00fd
                    00FE    615 _P1DIR	=	0x00fe
                    00FF    616 _P2DIR	=	0x00ff
                    00AE    617 _PMUX	=	0x00ae
                    0093    618 _MPAGE	=	0x0093
                    0093    619 __XPAGE	=	0x0093
                    00C7    620 _MEMCTR	=	0x00c7
                    009F    621 _FMAP	=	0x009f
                    009F    622 _PSBANK	=	0x009f
                    0091    623 _RFIRQF1	=	0x0091
                    00D9    624 _RFD	=	0x00d9
                    00E1    625 _RFST	=	0x00e1
                    00E9    626 _RFIRQF0	=	0x00e9
                    00BF    627 _RFERRF	=	0x00bf
                    0095    628 _ST0	=	0x0095
                    0096    629 _ST1	=	0x0096
                    0097    630 _ST2	=	0x0097
                    00AD    631 _STLOAD	=	0x00ad
                    00BE    632 _SLEEPCMD	=	0x00be
                    009D    633 _SLEEPSTA	=	0x009d
                    00C6    634 _CLKCONCMD	=	0x00c6
                    009E    635 _CLKCONSTA	=	0x009e
                    00DA    636 _T1CC0L	=	0x00da
                    00DB    637 _T1CC0H	=	0x00db
                    00DC    638 _T1CC1L	=	0x00dc
                    00DD    639 _T1CC1H	=	0x00dd
                    00DE    640 _T1CC2L	=	0x00de
                    00DF    641 _T1CC2H	=	0x00df
                    00E2    642 _T1CNTL	=	0x00e2
                    00E3    643 _T1CNTH	=	0x00e3
                    00E4    644 _T1CTL	=	0x00e4
                    00E5    645 _T1CCTL0	=	0x00e5
                    00E6    646 _T1CCTL1	=	0x00e6
                    00E7    647 _T1CCTL2	=	0x00e7
                    00AF    648 _T1STAT	=	0x00af
                    0094    649 _T2CTRL	=	0x0094
                    009C    650 _T2EVTCFG	=	0x009c
                    00A1    651 _T2IRQF	=	0x00a1
                    00A2    652 _T2M0	=	0x00a2
                    00A3    653 _T2M1	=	0x00a3
                    00A4    654 _T2MOVF0	=	0x00a4
                    00A5    655 _T2MOVF1	=	0x00a5
                    00A6    656 _T2MOVF2	=	0x00a6
                    00A7    657 _T2IRQM	=	0x00a7
                    00C3    658 _T2MSEL	=	0x00c3
                    00CA    659 _T3CNT	=	0x00ca
                    00CB    660 _T3CTL	=	0x00cb
                    00CC    661 _T3CCTL0	=	0x00cc
                    00CD    662 _T3CC0	=	0x00cd
                    00CE    663 _T3CCTL1	=	0x00ce
                    00CF    664 _T3CC1	=	0x00cf
                    00EA    665 _T4CNT	=	0x00ea
                    00EB    666 _T4CTL	=	0x00eb
                    00EC    667 _T4CCTL0	=	0x00ec
                    00ED    668 _T4CC0	=	0x00ed
                    00EE    669 _T4CCTL1	=	0x00ee
                    00EF    670 _T4CC1	=	0x00ef
                    00D8    671 _TIMIF	=	0x00d8
                    0086    672 _U0CSR	=	0x0086
                    00C1    673 _U0DBUF	=	0x00c1
                    00C2    674 _U0BAUD	=	0x00c2
                    00C4    675 _U0UCR	=	0x00c4
                    00C5    676 _U0GCR	=	0x00c5
                    00F8    677 _U1CSR	=	0x00f8
                    00F9    678 _U1DBUF	=	0x00f9
                    00FA    679 _U1BAUD	=	0x00fa
                    00FB    680 _U1UCR	=	0x00fb
                    00FC    681 _U1GCR	=	0x00fc
                    00C9    682 _WDCTL	=	0x00c9
                            683 ;--------------------------------------------------------
                            684 ; special function bits
                            685 ;--------------------------------------------------------
                            686 	.area RSEG    (ABS,DATA)
   0000                     687 	.org 0x0000
                    0087    688 _P0_7	=	0x0087
                    0086    689 _P0_6	=	0x0086
                    0085    690 _P0_5	=	0x0085
                    0084    691 _P0_4	=	0x0084
                    0083    692 _P0_3	=	0x0083
                    0082    693 _P0_2	=	0x0082
                    0081    694 _P0_1	=	0x0081
                    0080    695 _P0_0	=	0x0080
                    008F    696 _URX1IF	=	0x008f
                    008D    697 _ADCIF	=	0x008d
                    008B    698 _URX0IF	=	0x008b
                    008A    699 _IT1	=	0x008a
                    0089    700 _RFERRIF	=	0x0089
                    0088    701 _IT0	=	0x0088
                    0097    702 _P1_7	=	0x0097
                    0096    703 _P1_6	=	0x0096
                    0095    704 _P1_5	=	0x0095
                    0094    705 _P1_4	=	0x0094
                    0093    706 _P1_3	=	0x0093
                    0092    707 _P1_2	=	0x0092
                    0091    708 _P1_1	=	0x0091
                    0090    709 _P1_0	=	0x0090
                    0099    710 _ENCIF_1	=	0x0099
                    0098    711 _ENCIF_0	=	0x0098
                    00A7    712 _P2_7	=	0x00a7
                    00A6    713 _P2_6	=	0x00a6
                    00A5    714 _P2_5	=	0x00a5
                    00A4    715 _P2_4	=	0x00a4
                    00A3    716 _P2_3	=	0x00a3
                    00A2    717 _P2_2	=	0x00a2
                    00A1    718 _P2_1	=	0x00a1
                    00A0    719 _P2_0	=	0x00a0
                    00AF    720 _EA	=	0x00af
                    00AD    721 _STIE	=	0x00ad
                    00AC    722 _ENCIE	=	0x00ac
                    00AB    723 _URX1IE	=	0x00ab
                    00AA    724 _URX0IE	=	0x00aa
                    00A9    725 _ADCIE	=	0x00a9
                    00A8    726 _RFERRIE	=	0x00a8
                    00BD    727 _P0IE	=	0x00bd
                    00BC    728 _T4IE	=	0x00bc
                    00BB    729 _T3IE	=	0x00bb
                    00BA    730 _T2IE	=	0x00ba
                    00B9    731 _T1IE	=	0x00b9
                    00B8    732 _DMAIE	=	0x00b8
                    00C7    733 _STIF	=	0x00c7
                    00C5    734 _P0IF	=	0x00c5
                    00C4    735 _T4IF	=	0x00c4
                    00C3    736 _T3IF	=	0x00c3
                    00C2    737 _T2IF	=	0x00c2
                    00C1    738 _T1IF	=	0x00c1
                    00C0    739 _DMAIF	=	0x00c0
                    00D7    740 _CY	=	0x00d7
                    00D6    741 _AC	=	0x00d6
                    00D5    742 _F0	=	0x00d5
                    00D4    743 _RS1	=	0x00d4
                    00D3    744 _RS0	=	0x00d3
                    00D2    745 _OV	=	0x00d2
                    00D1    746 _F1	=	0x00d1
                    00D0    747 _P	=	0x00d0
                    00E7    748 _ACC_7	=	0x00e7
                    00E6    749 _ACC_6	=	0x00e6
                    00E5    750 _ACC_5	=	0x00e5
                    00E4    751 _ACC_4	=	0x00e4
                    00E3    752 _ACC_3	=	0x00e3
                    00E2    753 _ACC_2	=	0x00e2
                    00E1    754 _ACC_1	=	0x00e1
                    00E0    755 _ACC_0	=	0x00e0
                    00EC    756 _WDTIF	=	0x00ec
                    00EB    757 _P1IF	=	0x00eb
                    00EA    758 _UTX1IF	=	0x00ea
                    00E9    759 _UTX0IF	=	0x00e9
                    00E8    760 _P2IF	=	0x00e8
                    00F7    761 _B_7	=	0x00f7
                    00F6    762 _B_6	=	0x00f6
                    00F5    763 _B_5	=	0x00f5
                    00F4    764 _B_4	=	0x00f4
                    00F3    765 _B_3	=	0x00f3
                    00F2    766 _B_2	=	0x00f2
                    00F1    767 _B_1	=	0x00f1
                    00F0    768 _B_0	=	0x00f0
                    00DE    769 _OVFIM	=	0x00de
                    00DD    770 _T4CH1IF	=	0x00dd
                    00DC    771 _T4CH0IF	=	0x00dc
                    00DB    772 _T4OVFIF	=	0x00db
                    00DA    773 _T3CH1IF	=	0x00da
                    00D9    774 _T3CH0IF	=	0x00d9
                    00D8    775 _T3OVFIF	=	0x00d8
                    00FF    776 _MODE	=	0x00ff
                    00FE    777 _RE	=	0x00fe
                    00FD    778 _SLAVE	=	0x00fd
                    00FC    779 _FE	=	0x00fc
                    00FB    780 _ERR	=	0x00fb
                    00FA    781 _RX_BYTE	=	0x00fa
                    00F9    782 _TX_BYTE	=	0x00f9
                    00F8    783 _ACTIVE	=	0x00f8
                            784 ;--------------------------------------------------------
                            785 ; overlayable register banks
                            786 ;--------------------------------------------------------
                            787 	.area REG_BANK_0	(REL,OVR,DATA)
   0000                     788 	.ds 8
                            789 ;--------------------------------------------------------
                            790 ; internal ram data
                            791 ;--------------------------------------------------------
                            792 	.area DSEG    (DATA)
                            793 ;--------------------------------------------------------
                            794 ; overlayable items in internal ram 
                            795 ;--------------------------------------------------------
                            796 	.area OSEG    (OVR,DATA)
                            797 ;--------------------------------------------------------
                            798 ; indirectly addressable internal ram data
                            799 ;--------------------------------------------------------
                            800 	.area ISEG    (DATA)
                            801 ;--------------------------------------------------------
                            802 ; absolute internal ram data
                            803 ;--------------------------------------------------------
                            804 	.area IABS    (ABS,DATA)
                            805 	.area IABS    (ABS,DATA)
                            806 ;--------------------------------------------------------
                            807 ; bit data
                            808 ;--------------------------------------------------------
                            809 	.area BSEG    (BIT)
                            810 ;--------------------------------------------------------
                            811 ; paged external ram data
                            812 ;--------------------------------------------------------
                            813 	.area PSEG    (PAG,XDATA)
                            814 ;--------------------------------------------------------
                            815 ; external ram data
                            816 ;--------------------------------------------------------
                            817 	.area XSEG    (XDATA)
                    61A6    818 _MONMUX	=	0x61a6
                    61A6    819 _OPAMPMC	=	0x61a6
                    6230    820 _I2CCFG	=	0x6230
                    6231    821 _I2CSTAT	=	0x6231
                    6232    822 _I2CDATA	=	0x6232
                    6233    823 _I2CADDR	=	0x6233
                    6234    824 _I2CWC	=	0x6234
                    6235    825 _I2CIO	=	0x6235
                    6243    826 _OBSSEL0	=	0x6243
                    6244    827 _OBSSEL1	=	0x6244
                    6245    828 _OBSSEL2	=	0x6245
                    6246    829 _OBSSEL3	=	0x6246
                    6247    830 _OBSSEL4	=	0x6247
                    6248    831 _OBSSEL5	=	0x6248
                    6249    832 _CHVER	=	0x6249
                    624A    833 _CHIPID	=	0x624a
                    624B    834 _TESTREG0	=	0x624b
                    6260    835 _DBGDATA	=	0x6260
                    6262    836 _SRCRC	=	0x6262
                    6264    837 _BATTMON	=	0x6264
                    6265    838 _IVCTRL	=	0x6265
                    6270    839 _FCTL	=	0x6270
                    6271    840 _FADDRL	=	0x6271
                    6272    841 _FADDRH	=	0x6272
                    6273    842 _FWDATA	=	0x6273
                    6276    843 _CHIPINFO0	=	0x6276
                    6277    844 _CHIPINFO1	=	0x6277
                    6281    845 _IRCTL	=	0x6281
                    6290    846 _CLD	=	0x6290
                    62A0    847 _XX_T1CCTL0	=	0x62a0
                    62A1    848 _XX_T1CCTL1	=	0x62a1
                    62A2    849 _XX_T1CCTL2	=	0x62a2
                    62A3    850 _T1CCTL3	=	0x62a3
                    62A4    851 _T1CCTL4	=	0x62a4
                    62A6    852 _XX_T1CC0L	=	0x62a6
                    62A7    853 _XX_T1CC0H	=	0x62a7
                    62A8    854 _XX_T1CC1L	=	0x62a8
                    62A9    855 _XX_T1CC1H	=	0x62a9
                    62AA    856 _XX_T1CC2L	=	0x62aa
                    62AB    857 _XX_T1CC2H	=	0x62ab
                    62AC    858 _T1CC3L	=	0x62ac
                    62AD    859 _T1CC3H	=	0x62ad
                    62AE    860 _T1CC4L	=	0x62ae
                    62AF    861 _T1CC4H	=	0x62af
                    62B0    862 _STCC	=	0x62b0
                    62B1    863 _STCS	=	0x62b1
                    62B2    864 _STCV0	=	0x62b2
                    62B3    865 _STCV1	=	0x62b3
                    62B4    866 _STCV2	=	0x62b4
                    62C0    867 _OPAMPC	=	0x62c0
                    62C1    868 _OPAMPS	=	0x62c1
                    62D0    869 _CMPCTL	=	0x62d0
                    6000    870 _RFCORE_RAM	=	0x6000
                    6000    871 _RXFIFO	=	0x6000
                    6080    872 _TXFIFO	=	0x6080
                    6100    873 _SRC_ADDR_TABLE	=	0x6100
                    6160    874 _SRCRESMASK0	=	0x6160
                    6161    875 _SRCRESMASK1	=	0x6161
                    6162    876 _SRCRESMASK2	=	0x6162
                    6163    877 _SRCRESINDEX	=	0x6163
                    6164    878 _SRCEXTPENDEN0	=	0x6164
                    6165    879 _SRCEXTPENDEN1	=	0x6165
                    6166    880 _SRCEXTPENDEN2	=	0x6166
                    6167    881 _SRCSHORTPENDEN0	=	0x6167
                    6168    882 _SRCSHORTPENDEN1	=	0x6168
                    6169    883 _SRCSHORTPENDEN2	=	0x6169
                    616A    884 _EXT_ADDR0	=	0x616a
                    616B    885 _EXT_ADDR1	=	0x616b
                    616C    886 _EXT_ADDR2	=	0x616c
                    616D    887 _EXT_ADDR3	=	0x616d
                    616E    888 _EXT_ADDR4	=	0x616e
                    616F    889 _EXT_ADDR5	=	0x616f
                    6170    890 _EXT_ADDR6	=	0x6170
                    6171    891 _EXT_ADDR7	=	0x6171
                    6172    892 _PAN_ID0	=	0x6172
                    6173    893 _PAN_ID1	=	0x6173
                    6174    894 _SHORT_ADDR0	=	0x6174
                    6175    895 _SHORT_ADDR1	=	0x6175
                    6180    896 _FRMFILT0	=	0x6180
                    6181    897 _FRMFILT1	=	0x6181
                    6182    898 _SRCMATCH	=	0x6182
                    6183    899 _SRCSHORTEN0	=	0x6183
                    6184    900 _SRCSHORTEN1	=	0x6184
                    6185    901 _SRCSHORTEN2	=	0x6185
                    6186    902 _SRCEXTEN0	=	0x6186
                    6187    903 _SRCEXTEN1	=	0x6187
                    6188    904 _SRCEXTEN2	=	0x6188
                    6189    905 _FRMCTRL0	=	0x6189
                    618A    906 _FRMCTRL1	=	0x618a
                    618B    907 _RXENABLE	=	0x618b
                    618C    908 _RXMASKSET	=	0x618c
                    618D    909 _RXMASKCLR	=	0x618d
                    618E    910 _FREQTUNE	=	0x618e
                    618F    911 _FREQCTRL	=	0x618f
                    6190    912 _TXPOWER	=	0x6190
                    6191    913 _TXCTRL	=	0x6191
                    6192    914 _FSMSTAT0	=	0x6192
                    6193    915 _FSMSTAT1	=	0x6193
                    6194    916 _FIFOPCTRL	=	0x6194
                    6195    917 _FSMCTRL	=	0x6195
                    6196    918 _CCACTRL0	=	0x6196
                    6197    919 _CCACTRL1	=	0x6197
                    6198    920 _RSSI	=	0x6198
                    6199    921 _RSSISTAT	=	0x6199
                    619A    922 _RXFIRST	=	0x619a
                    619B    923 _RXFIFOCNT	=	0x619b
                    619C    924 _TXFIFOCNT	=	0x619c
                    619D    925 _RXFIRST_PTR	=	0x619d
                    619E    926 _RXLAST_PTR	=	0x619e
                    619F    927 _RXP1_PTR	=	0x619f
                    61A1    928 _TXFIRST_PTR	=	0x61a1
                    61A2    929 _TXLAST_PTR	=	0x61a2
                    61A3    930 _RFIRQM0	=	0x61a3
                    61A4    931 _RFIRQM1	=	0x61a4
                    61A5    932 _RFERRM	=	0x61a5
                    61A7    933 _RFRND	=	0x61a7
                    61A8    934 _MDMCTRL0	=	0x61a8
                    61A9    935 _MDMCTRL1	=	0x61a9
                    61AA    936 _FREQEST	=	0x61aa
                    61AB    937 _RXCTRL	=	0x61ab
                    61AC    938 _FSCTRL	=	0x61ac
                    61AD    939 _FSCAL0	=	0x61ad
                    61AE    940 _FSCAL1	=	0x61ae
                    61AF    941 _FSCAL2	=	0x61af
                    61B0    942 _FSCAL3	=	0x61b0
                    61B1    943 _AGCCTRL0	=	0x61b1
                    61B2    944 _AGCCTRL1	=	0x61b2
                    61B3    945 _AGCCTRL2	=	0x61b3
                    61B4    946 _AGCCTRL3	=	0x61b4
                    61B5    947 _ADCTEST0	=	0x61b5
                    61B6    948 _ADCTEST1	=	0x61b6
                    61B7    949 _ADCTEST2	=	0x61b7
                    61B8    950 _MDMTEST0	=	0x61b8
                    61B9    951 _MDMTEST1	=	0x61b9
                    61BA    952 _DACTEST0	=	0x61ba
                    61BB    953 _DACTEST1	=	0x61bb
                    61BC    954 _DACTEST2	=	0x61bc
                    61BD    955 _ATEST	=	0x61bd
                    61BE    956 _PTEST0	=	0x61be
                    61BF    957 _PTEST1	=	0x61bf
                    61FA    958 _TXFILTCFG	=	0x61fa
                    61EB    959 _RFC_OBS_CTRL0	=	0x61eb
                    61EC    960 _RFC_OBS_CTRL1	=	0x61ec
                    61ED    961 _RFC_OBS_CTRL2	=	0x61ed
                    61C0    962 _CSPPROG0	=	0x61c0
                    61C1    963 _CSPPROG1	=	0x61c1
                    61C2    964 _CSPPROG2	=	0x61c2
                    61C3    965 _CSPPROG3	=	0x61c3
                    61C4    966 _CSPPROG4	=	0x61c4
                    61C5    967 _CSPPROG5	=	0x61c5
                    61C6    968 _CSPPROG6	=	0x61c6
                    61C7    969 _CSPPROG7	=	0x61c7
                    61C8    970 _CSPPROG8	=	0x61c8
                    61C9    971 _CSPPROG9	=	0x61c9
                    61CA    972 _CSPPROG10	=	0x61ca
                    61CB    973 _CSPPROG11	=	0x61cb
                    61CC    974 _CSPPROG12	=	0x61cc
                    61CD    975 _CSPPROG13	=	0x61cd
                    61CE    976 _CSPPROG14	=	0x61ce
                    61CF    977 _CSPPROG15	=	0x61cf
                    61D0    978 _CSPPROG16	=	0x61d0
                    61D1    979 _CSPPROG17	=	0x61d1
                    61D2    980 _CSPPROG18	=	0x61d2
                    61D3    981 _CSPPROG19	=	0x61d3
                    61D4    982 _CSPPROG20	=	0x61d4
                    61D5    983 _CSPPROG21	=	0x61d5
                    61D6    984 _CSPPROG22	=	0x61d6
                    61D7    985 _CSPPROG23	=	0x61d7
                    61E0    986 _CSPCTRL	=	0x61e0
                    61E1    987 _CSPSTAT	=	0x61e1
                    61E2    988 _CSPX	=	0x61e2
                    61E3    989 _CSPY	=	0x61e3
                    61E4    990 _CSPZ	=	0x61e4
                    61E5    991 _CSPT	=	0x61e5
                    6200    992 _USBADDR	=	0x6200
                    6201    993 _USBPOW	=	0x6201
                    6202    994 _USBIIF	=	0x6202
                    6204    995 _USBOIF	=	0x6204
                    6206    996 _USBCIF	=	0x6206
                    6207    997 _USBIIE	=	0x6207
                    6209    998 _USBOIE	=	0x6209
                    620B    999 _USBCIE	=	0x620b
                    620C   1000 _USBFRML	=	0x620c
                    620D   1001 _USBFRMH	=	0x620d
                    620E   1002 _USBINDEX	=	0x620e
                    620F   1003 _USBCTRL	=	0x620f
                    6210   1004 _USBMAXI	=	0x6210
                    6211   1005 _USBCS0	=	0x6211
                    6211   1006 _USBCSIL	=	0x6211
                    6212   1007 _USBCSIH	=	0x6212
                    6213   1008 _USBMAXO	=	0x6213
                    6214   1009 _USBCSOL	=	0x6214
                    6215   1010 _USBCSOH	=	0x6215
                    6216   1011 _USBCNT0	=	0x6216
                    6216   1012 _USBCNTL	=	0x6216
                    6217   1013 _USBCNTH	=	0x6217
                    6220   1014 _USBF0	=	0x6220
                    6222   1015 _USBF1	=	0x6222
                    6224   1016 _USBF2	=	0x6224
                    6226   1017 _USBF3	=	0x6226
                    6228   1018 _USBF4	=	0x6228
                    622A   1019 _USBF5	=	0x622a
                    7080   1020 _X_P0	=	0x7080
                    7086   1021 _X_U0CSR	=	0x7086
                    7089   1022 _X_P0IFG	=	0x7089
                    708A   1023 _X_P1IFG	=	0x708a
                    708B   1024 _X_P2IFG	=	0x708b
                    708C   1025 _X_PICTL	=	0x708c
                    708D   1026 _X_P1IEN	=	0x708d
                    708F   1027 _X_P0INP	=	0x708f
                    7090   1028 _X_P1	=	0x7090
                    7091   1029 _X_RFIRQF1	=	0x7091
                    7093   1030 _X_MPAGE	=	0x7093
                    7093   1031 _X__XPAGE	=	0x7093
                    7094   1032 _X_T2CTRL	=	0x7094
                    7095   1033 _X_ST0	=	0x7095
                    7096   1034 _X_ST1	=	0x7096
                    7097   1035 _X_ST2	=	0x7097
                    709C   1036 _X_T2EVTCFG	=	0x709c
                    709D   1037 _X_SLEEPSTA	=	0x709d
                    709E   1038 _X_CLKCONSTA	=	0x709e
                    709F   1039 _X_FMAP	=	0x709f
                    709F   1040 _X_PSBANK	=	0x709f
                    70A0   1041 _X_P2	=	0x70a0
                    70A1   1042 _X_T2IRQF	=	0x70a1
                    70A2   1043 _X_T2M0	=	0x70a2
                    70A3   1044 _X_T2M1	=	0x70a3
                    70A4   1045 _X_T2MOVF0	=	0x70a4
                    70A5   1046 _X_T2MOVF1	=	0x70a5
                    70A6   1047 _X_T2MOVF2	=	0x70a6
                    70A7   1048 _X_T2IRQM	=	0x70a7
                    70AB   1049 _X_P0IEN	=	0x70ab
                    70AC   1050 _X_P2IEN	=	0x70ac
                    70AD   1051 _X_STLOAD	=	0x70ad
                    70AE   1052 _X_PMUX	=	0x70ae
                    70AF   1053 _X_T1STAT	=	0x70af
                    70B1   1054 _X_ENCDI	=	0x70b1
                    70B2   1055 _X_ENCDO	=	0x70b2
                    70B3   1056 _X_ENCCS	=	0x70b3
                    70B4   1057 _X_ADCCON1	=	0x70b4
                    70B5   1058 _X_ADCCON2	=	0x70b5
                    70B6   1059 _X_ADCCON3	=	0x70b6
                    70BA   1060 _X_ADCL	=	0x70ba
                    70BB   1061 _X_ADCH	=	0x70bb
                    70BC   1062 _X_RNDL	=	0x70bc
                    70BD   1063 _X_RNDH	=	0x70bd
                    70BE   1064 _X_SLEEPCMD	=	0x70be
                    70BF   1065 _X_RFERRF	=	0x70bf
                    70C1   1066 _X_U0DBUF	=	0x70c1
                    70C2   1067 _X_U0BAUD	=	0x70c2
                    70C3   1068 _X_T2MSEL	=	0x70c3
                    70C4   1069 _X_U0UCR	=	0x70c4
                    70C5   1070 _X_U0GCR	=	0x70c5
                    70C6   1071 _X_CLKCONCMD	=	0x70c6
                    70C7   1072 _X_MEMCTR	=	0x70c7
                    70C9   1073 _X_WDCTL	=	0x70c9
                    70CA   1074 _X_T3CNT	=	0x70ca
                    70CB   1075 _X_T3CTL	=	0x70cb
                    70CC   1076 _X_T3CCTL0	=	0x70cc
                    70CD   1077 _X_T3CC0	=	0x70cd
                    70CE   1078 _X_T3CCTL1	=	0x70ce
                    70CF   1079 _X_T3CC1	=	0x70cf
                    70D1   1080 _X_DMAIRQ	=	0x70d1
                    70D2   1081 _X_DMA1CFGL	=	0x70d2
                    70D3   1082 _X_DMA1CFGH	=	0x70d3
                    70D4   1083 _X_DMA0CFGL	=	0x70d4
                    70D5   1084 _X_DMA0CFGH	=	0x70d5
                    70D6   1085 _X_DMAARM	=	0x70d6
                    70D7   1086 _X_DMAREQ	=	0x70d7
                    70D8   1087 _X_TIMIF	=	0x70d8
                    70D9   1088 _X_RFD	=	0x70d9
                    70DA   1089 _X_T1CC0L	=	0x70da
                    70DB   1090 _X_T1CC0H	=	0x70db
                    70DC   1091 _X_T1CC1L	=	0x70dc
                    70DD   1092 _X_T1CC1H	=	0x70dd
                    70DE   1093 _X_T1CC2L	=	0x70de
                    70DF   1094 _X_T1CC2H	=	0x70df
                    70E1   1095 _X_RFST	=	0x70e1
                    70E2   1096 _X_T1CNTL	=	0x70e2
                    70E3   1097 _X_T1CNTH	=	0x70e3
                    70E4   1098 _X_T1CTL	=	0x70e4
                    70E5   1099 _X_T1CCTL0	=	0x70e5
                    70E6   1100 _X_T1CCTL1	=	0x70e6
                    70E7   1101 _X_T1CCTL2	=	0x70e7
                    70E9   1102 _X_RFIRQF0	=	0x70e9
                    70EA   1103 _X_T4CNT	=	0x70ea
                    70EB   1104 _X_T4CTL	=	0x70eb
                    70EC   1105 _X_T4CCTL0	=	0x70ec
                    70ED   1106 _X_T4CC0	=	0x70ed
                    70EE   1107 _X_T4CCTL1	=	0x70ee
                    70EF   1108 _X_T4CC1	=	0x70ef
                    70F1   1109 _X_PERCFG	=	0x70f1
                    70F2   1110 _X_APCFG	=	0x70f2
                    70F3   1111 _X_P0SEL	=	0x70f3
                    70F4   1112 _X_P1SEL	=	0x70f4
                    70F5   1113 _X_P2SEL	=	0x70f5
                    70F6   1114 _X_P1INP	=	0x70f6
                    70F7   1115 _X_P2INP	=	0x70f7
                    70F8   1116 _X_U1CSR	=	0x70f8
                    70F9   1117 _X_U1DBUF	=	0x70f9
                    70FA   1118 _X_U1BAUD	=	0x70fa
                    70FB   1119 _X_U1UCR	=	0x70fb
                    70FC   1120 _X_U1GCR	=	0x70fc
                    70FD   1121 _X_P0DIR	=	0x70fd
                    70FE   1122 _X_P1DIR	=	0x70fe
                    70FF   1123 _X_P2DIR	=	0x70ff
                    7800   1124 _X_INFOPAGE	=	0x7800
                    780C   1125 _X_IEEE_ADDR	=	0x780c
   0000                    1126 __attr_etx_mem:
   0000                    1127 	.ds 12
   000C                    1128 __attr_timestamp_mem:
   000C                    1129 	.ds 48
   003C                    1130 _subscriber_callback:
   003C                    1131 	.ds 3
   003F                    1132 _update_metric_metricp_1_1:
   003F                    1133 	.ds 3
   0042                    1134 _update_metric_recorded_metric_1_1:
   0042                    1135 	.ds 1
   0043                    1136 _update_metric_new_metric_1_1:
   0043                    1137 	.ds 1
   0044                    1138 _neighbor_info_packet_sent_dest_1_1:
   0044                    1139 	.ds 3
   0047                    1140 _neighbor_info_packet_sent_packet_metric_1_1:
   0047                    1141 	.ds 1
                           1142 ;--------------------------------------------------------
                           1143 ; absolute external ram data
                           1144 ;--------------------------------------------------------
                           1145 	.area XABS    (ABS,XDATA)
                           1146 ;--------------------------------------------------------
                           1147 ; external initialized ram data
                           1148 ;--------------------------------------------------------
                           1149 	.area XISEG   (XDATA)
   0000                    1150 _attr_etx::
   0000                    1151 	.ds 11
   000B                    1152 _attr_timestamp::
   000B                    1153 	.ds 11
                           1154 	.area HOME    (CODE)
                           1155 	.area GSINIT0 (CODE)
                           1156 	.area GSINIT1 (CODE)
                           1157 	.area GSINIT2 (CODE)
                           1158 	.area GSINIT3 (CODE)
                           1159 	.area GSINIT4 (CODE)
                           1160 	.area GSINIT5 (CODE)
                           1161 	.area GSINIT  (CODE)
                           1162 	.area GSFINAL (CODE)
                           1163 	.area CSEG    (CODE)
                           1164 ;--------------------------------------------------------
                           1165 ; global & static initialisations
                           1166 ;--------------------------------------------------------
                           1167 	.area HOME    (CODE)
                           1168 	.area GSINIT  (CODE)
                           1169 	.area GSFINAL (CODE)
                           1170 	.area GSINIT  (CODE)
                           1171 ;--------------------------------------------------------
                           1172 ; Home
                           1173 ;--------------------------------------------------------
                           1174 	.area HOME    (CODE)
                           1175 	.area HOME    (CODE)
                           1176 ;--------------------------------------------------------
                           1177 ; code
                           1178 ;--------------------------------------------------------
                           1179 	.area BANK1   (CODE)
                           1180 ;------------------------------------------------------------
                           1181 ;Allocation info for local variables in function 'update_metric'
                           1182 ;------------------------------------------------------------
                           1183 ;packet_metric             Allocated to stack - sp -13
                           1184 ;dest                      Allocated to stack - sp -8
                           1185 ;time                      Allocated to stack - sp -5
                           1186 ;first_update              Allocated to stack - sp -1
                           1187 ;metricp                   Allocated with name '_update_metric_metricp_1_1'
                           1188 ;recorded_metric           Allocated with name '_update_metric_recorded_metric_1_1'
                           1189 ;new_metric                Allocated with name '_update_metric_new_metric_1_1'
                           1190 ;------------------------------------------------------------
                           1191 ;	../../../contiki-sensinode//core/net/neighbor-info.c:58: update_metric(const rimeaddr_t *dest, int packet_metric)
                           1192 ;	-----------------------------------------
                           1193 ;	 function update_metric
                           1194 ;	-----------------------------------------
   0000                    1195 _update_metric:
                    0007   1196 	ar7 = 0x07
                    0006   1197 	ar6 = 0x06
                    0005   1198 	ar5 = 0x05
                    0004   1199 	ar4 = 0x04
                    0003   1200 	ar3 = 0x03
                    0002   1201 	ar2 = 0x02
                    0001   1202 	ar1 = 0x01
                    0000   1203 	ar0 = 0x00
   0000 C0 82              1204 	push	dpl
   0002 C0 83              1205 	push	dph
   0004 C0 F0              1206 	push	b
   0006 E5 81              1207 	mov	a,sp
   0008 24 06              1208 	add	a,#0x06
   000A F5 81              1209 	mov	sp,a
                           1210 ;	../../../contiki-sensinode//core/net/neighbor-info.c:64: int first_update = 0;
   000C A8 81              1211 	mov	r0,sp
   000E 18                 1212 	dec	r0
   000F E4                 1213 	clr	a
   0010 F6                 1214 	mov	@r0,a
   0011 08                 1215 	inc	r0
   0012 F6                 1216 	mov	@r0,a
                           1217 ;	../../../contiki-sensinode//core/net/neighbor-info.c:66: metricp = (link_metric_t *)neighbor_attr_get_data(&attr_etx, dest);
   0013 E5 81              1218 	mov	a,sp
   0015 24 F8              1219 	add	a,#0xf8
   0017 F8                 1220 	mov	r0,a
   0018 E6                 1221 	mov	a,@r0
   0019 C0 E0              1222 	push	acc
   001B 08                 1223 	inc	r0
   001C E6                 1224 	mov	a,@r0
   001D C0 E0              1225 	push	acc
   001F 08                 1226 	inc	r0
   0020 E6                 1227 	mov	a,@r0
   0021 C0 E0              1228 	push	acc
   0023 90s00r00           1229 	mov	dptr,#_attr_etx
   0026 75 F0 00           1230 	mov	b,#0x00
   0029 78r00              1231 	mov	r0,#_neighbor_attr_get_data
   002B 79s00              1232 	mov	r1,#(_neighbor_attr_get_data >> 8)
   002D 7As00              1233 	mov	r2,#(_neighbor_attr_get_data >> 16)
   002F 12s00r00           1234 	lcall	__sdcc_banked_call
   0032 AA 82              1235 	mov	r2,dpl
   0034 AB 83              1236 	mov	r3,dph
   0036 AC F0              1237 	mov	r4,b
   0038 15 81              1238 	dec	sp
   003A 15 81              1239 	dec	sp
   003C 15 81              1240 	dec	sp
   003E 90s00r3F           1241 	mov	dptr,#_update_metric_metricp_1_1
   0041 EA                 1242 	mov	a,r2
   0042 F0                 1243 	movx	@dptr,a
   0043 A3                 1244 	inc	dptr
   0044 EB                 1245 	mov	a,r3
   0045 F0                 1246 	movx	@dptr,a
   0046 A3                 1247 	inc	dptr
   0047 EC                 1248 	mov	a,r4
   0048 F0                 1249 	movx	@dptr,a
                           1250 ;	../../../contiki-sensinode//core/net/neighbor-info.c:67: packet_metric = NEIGHBOR_INFO_ETX2FIX(packet_metric);
   0049 E5 81              1251 	mov	a,sp
   004B 24 F3              1252 	add	a,#0xf3
   004D F8                 1253 	mov	r0,a
   004E 08                 1254 	inc	r0
   004F E6                 1255 	mov	a,@r0
   0050 18                 1256 	dec	r0
   0051 C4                 1257 	swap	a
   0052 54 F0              1258 	anl	a,#0xF0
   0054 C6                 1259 	xch	a,@r0
   0055 C4                 1260 	swap	a
   0056 C6                 1261 	xch	a,@r0
   0057 66                 1262 	xrl	a,@r0
   0058 C6                 1263 	xch	a,@r0
   0059 54 F0              1264 	anl	a,#0xF0
   005B C6                 1265 	xch	a,@r0
   005C 66                 1266 	xrl	a,@r0
   005D 08                 1267 	inc	r0
   005E F6                 1268 	mov	@r0,a
                           1269 ;	../../../contiki-sensinode//core/net/neighbor-info.c:68: if(metricp == NULL || *metricp == 0) {
   005F EA                 1270 	mov	a,r2
   0060 4B                 1271 	orl	a,r3
   0061 60 0C              1272 	jz	00101$
   0063 8A 82              1273 	mov	dpl,r2
   0065 8B 83              1274 	mov	dph,r3
   0067 8C F0              1275 	mov	b,r4
   0069 12s00r00           1276 	lcall	__gptrget
   006C FC                 1277 	mov	r4,a
   006D 70 1A              1278 	jnz	00102$
   006F                    1279 00101$:
                           1280 ;	../../../contiki-sensinode//core/net/neighbor-info.c:69: recorded_metric = NEIGHBOR_INFO_ETX2FIX(ETX_LIMIT);
   006F 90s00r42           1281 	mov	dptr,#_update_metric_recorded_metric_1_1
   0072 74 F0              1282 	mov	a,#0xF0
   0074 F0                 1283 	movx	@dptr,a
                           1284 ;	../../../contiki-sensinode//core/net/neighbor-info.c:70: new_metric = packet_metric;
   0075 E5 81              1285 	mov	a,sp
   0077 24 F3              1286 	add	a,#0xf3
   0079 F8                 1287 	mov	r0,a
   007A 90s00r43           1288 	mov	dptr,#_update_metric_new_metric_1_1
   007D E6                 1289 	mov	a,@r0
   007E F0                 1290 	movx	@dptr,a
                           1291 ;	../../../contiki-sensinode//core/net/neighbor-info.c:71: first_update = 1;
   007F A8 81              1292 	mov	r0,sp
   0081 18                 1293 	dec	r0
   0082 76 01              1294 	mov	@r0,#0x01
   0084 08                 1295 	inc	r0
   0085 76 00              1296 	mov	@r0,#0x00
   0087 80 5E              1297 	sjmp	00103$
   0089                    1298 00102$:
                           1299 ;	../../../contiki-sensinode//core/net/neighbor-info.c:73: recorded_metric = *metricp;
   0089 90s00r42           1300 	mov	dptr,#_update_metric_recorded_metric_1_1
   008C EC                 1301 	mov	a,r4
   008D F0                 1302 	movx	@dptr,a
                           1303 ;	../../../contiki-sensinode//core/net/neighbor-info.c:75: new_metric = ((uint16_t)recorded_metric * ETX_ALPHA +
   008E 7B 00              1304 	mov	r3,#0x00
   0090 C0 04              1305 	push	ar4
   0092 C0 03              1306 	push	ar3
                           1307 ;	../../../contiki-sensinode//core/net/neighbor-info.c:76: (uint16_t)packet_metric * (ETX_SCALE - ETX_ALPHA)) / ETX_SCALE;
   0094 90 00 5A           1308 	mov	dptr,#0x005A
   0097 12s00r00           1309 	lcall	__mulint
   009A AB 82              1310 	mov	r3,dpl
   009C AC 83              1311 	mov	r4,dph
   009E 15 81              1312 	dec	sp
   00A0 15 81              1313 	dec	sp
   00A2 E5 81              1314 	mov	a,sp
   00A4 24 F3              1315 	add	a,#0xf3
   00A6 F8                 1316 	mov	r0,a
   00A7 86 02              1317 	mov	ar2,@r0
   00A9 08                 1318 	inc	r0
   00AA 86 07              1319 	mov	ar7,@r0
   00AC C0 04              1320 	push	ar4
   00AE C0 03              1321 	push	ar3
   00B0 C0 02              1322 	push	ar2
   00B2 C0 07              1323 	push	ar7
   00B4 90 00 0A           1324 	mov	dptr,#0x000A
   00B7 12s00r00           1325 	lcall	__mulint
   00BA AE 82              1326 	mov	r6,dpl
   00BC AF 83              1327 	mov	r7,dph
   00BE 15 81              1328 	dec	sp
   00C0 15 81              1329 	dec	sp
   00C2 D0 03              1330 	pop	ar3
   00C4 D0 04              1331 	pop	ar4
   00C6 EE                 1332 	mov	a,r6
   00C7 2B                 1333 	add	a,r3
   00C8 FB                 1334 	mov	r3,a
   00C9 EF                 1335 	mov	a,r7
   00CA 3C                 1336 	addc	a,r4
   00CB FC                 1337 	mov	r4,a
   00CC 74 64              1338 	mov	a,#0x64
   00CE C0 E0              1339 	push	acc
   00D0 E4                 1340 	clr	a
   00D1 C0 E0              1341 	push	acc
   00D3 8B 82              1342 	mov	dpl,r3
   00D5 8C 83              1343 	mov	dph,r4
   00D7 12s00r00           1344 	lcall	__divuint
   00DA AE 82              1345 	mov	r6,dpl
   00DC AF 83              1346 	mov	r7,dph
   00DE 15 81              1347 	dec	sp
   00E0 15 81              1348 	dec	sp
   00E2 90s00r43           1349 	mov	dptr,#_update_metric_new_metric_1_1
   00E5 EE                 1350 	mov	a,r6
   00E6 F0                 1351 	movx	@dptr,a
                           1352 ;	../../../contiki-sensinode//core/net/neighbor-info.c:90: subscriber_callback(dest, 1, new_metric);
                           1353 ;	../../../contiki-sensinode//core/net/neighbor-info.c:76: (uint16_t)packet_metric * (ETX_SCALE - ETX_ALPHA)) / ETX_SCALE;
   00E7                    1354 00103$:
                           1355 ;	../../../contiki-sensinode//core/net/neighbor-info.c:85: if(neighbor_attr_has_neighbor(dest)) {
   00E7 E5 81              1356 	mov	a,sp
   00E9 24 F8              1357 	add	a,#0xf8
   00EB F8                 1358 	mov	r0,a
   00EC 86 82              1359 	mov	dpl,@r0
   00EE 08                 1360 	inc	r0
   00EF 86 83              1361 	mov	dph,@r0
   00F1 08                 1362 	inc	r0
   00F2 86 F0              1363 	mov	b,@r0
   00F4 78r00              1364 	mov	r0,#_neighbor_attr_has_neighbor
   00F6 79s00              1365 	mov	r1,#(_neighbor_attr_has_neighbor >> 8)
   00F8 7As00              1366 	mov	r2,#(_neighbor_attr_has_neighbor >> 16)
   00FA 12s00r00           1367 	lcall	__sdcc_banked_call
   00FD E5 82              1368 	mov	a,dpl
   00FF 85 83 F0           1369 	mov	b,dph
   0102 45 F0              1370 	orl	a,b
   0104 70 03              1371 	jnz	00123$
   0106 02s01rEE           1372 	ljmp	00111$
   0109                    1373 00123$:
                           1374 ;	../../../contiki-sensinode//core/net/neighbor-info.c:86: time = clock_seconds();
   0109 78r00              1375 	mov	r0,#_clock_seconds
   010B 79s00              1376 	mov	r1,#(_clock_seconds >> 8)
   010D 7As00              1377 	mov	r2,#(_clock_seconds >> 16)
   010F 12s00r00           1378 	lcall	__sdcc_banked_call
   0112 AA 82              1379 	mov	r2,dpl
   0114 AB 83              1380 	mov	r3,dph
   0116 AC F0              1381 	mov	r4,b
   0118 FF                 1382 	mov	r7,a
   0119 E5 81              1383 	mov	a,sp
   011B 24 FB              1384 	add	a,#0xfb
   011D F8                 1385 	mov	r0,a
   011E A6 02              1386 	mov	@r0,ar2
   0120 08                 1387 	inc	r0
   0121 A6 03              1388 	mov	@r0,ar3
   0123 08                 1389 	inc	r0
   0124 A6 04              1390 	mov	@r0,ar4
   0126 08                 1391 	inc	r0
   0127 A6 07              1392 	mov	@r0,ar7
                           1393 ;	../../../contiki-sensinode//core/net/neighbor-info.c:87: neighbor_attr_set_data(&attr_etx, dest, &new_metric);
   0129 74r43              1394 	mov	a,#_update_metric_new_metric_1_1
   012B C0 E0              1395 	push	acc
   012D 74s00              1396 	mov	a,#(_update_metric_new_metric_1_1 >> 8)
   012F C0 E0              1397 	push	acc
   0131 E4                 1398 	clr	a
   0132 C0 E0              1399 	push	acc
   0134 E5 81              1400 	mov	a,sp
   0136 24 F5              1401 	add	a,#0xf5
   0138 F8                 1402 	mov	r0,a
   0139 E6                 1403 	mov	a,@r0
   013A C0 E0              1404 	push	acc
   013C 08                 1405 	inc	r0
   013D E6                 1406 	mov	a,@r0
   013E C0 E0              1407 	push	acc
   0140 08                 1408 	inc	r0
   0141 E6                 1409 	mov	a,@r0
   0142 C0 E0              1410 	push	acc
   0144 90s00r00           1411 	mov	dptr,#_attr_etx
   0147 75 F0 00           1412 	mov	b,#0x00
   014A 78r00              1413 	mov	r0,#_neighbor_attr_set_data
   014C 79s00              1414 	mov	r1,#(_neighbor_attr_set_data >> 8)
   014E 7As00              1415 	mov	r2,#(_neighbor_attr_set_data >> 16)
   0150 12s00r00           1416 	lcall	__sdcc_banked_call
   0153 E5 81              1417 	mov	a,sp
   0155 24 FA              1418 	add	a,#0xfa
                           1419 ;	../../../contiki-sensinode//core/net/neighbor-info.c:88: neighbor_attr_set_data(&attr_timestamp, dest, &time);
   0157 F5 81              1420 	mov	sp,a
   0159 24 FB              1421 	add	a,#0xFB
   015B FF                 1422 	mov	r7,a
   015C 7E 00              1423 	mov	r6,#0x00
   015E 7D 40              1424 	mov	r5,#0x40
   0160 C0 07              1425 	push	ar7
   0162 C0 06              1426 	push	ar6
   0164 C0 05              1427 	push	ar5
   0166 E5 81              1428 	mov	a,sp
   0168 24 F5              1429 	add	a,#0xf5
   016A F8                 1430 	mov	r0,a
   016B E6                 1431 	mov	a,@r0
   016C C0 E0              1432 	push	acc
   016E 08                 1433 	inc	r0
   016F E6                 1434 	mov	a,@r0
   0170 C0 E0              1435 	push	acc
   0172 08                 1436 	inc	r0
   0173 E6                 1437 	mov	a,@r0
   0174 C0 E0              1438 	push	acc
   0176 90s00r0B           1439 	mov	dptr,#_attr_timestamp
   0179 75 F0 00           1440 	mov	b,#0x00
   017C 78r00              1441 	mov	r0,#_neighbor_attr_set_data
   017E 79s00              1442 	mov	r1,#(_neighbor_attr_set_data >> 8)
   0180 7As00              1443 	mov	r2,#(_neighbor_attr_set_data >> 16)
   0182 12s00r00           1444 	lcall	__sdcc_banked_call
   0185 E5 81              1445 	mov	a,sp
   0187 24 FA              1446 	add	a,#0xfa
   0189 F5 81              1447 	mov	sp,a
                           1448 ;	../../../contiki-sensinode//core/net/neighbor-info.c:89: if((first_update || new_metric != recorded_metric) && subscriber_callback != NULL) {
   018B A8 81              1449 	mov	r0,sp
   018D 18                 1450 	dec	r0
   018E E6                 1451 	mov	a,@r0
   018F 08                 1452 	inc	r0
   0190 46                 1453 	orl	a,@r0
   0191 70 10              1454 	jnz	00108$
   0193 90s00r43           1455 	mov	dptr,#_update_metric_new_metric_1_1
   0196 E0                 1456 	movx	a,@dptr
   0197 FF                 1457 	mov	r7,a
   0198 90s00r42           1458 	mov	dptr,#_update_metric_recorded_metric_1_1
   019B E0                 1459 	movx	a,@dptr
   019C FE                 1460 	mov	r6,a
   019D EF                 1461 	mov	a,r7
   019E B5 06 02           1462 	cjne	a,ar6,00125$
   01A1 80 4B              1463 	sjmp	00111$
   01A3                    1464 00125$:
   01A3                    1465 00108$:
   01A3 90s00r3C           1466 	mov	dptr,#_subscriber_callback
   01A6 E0                 1467 	movx	a,@dptr
   01A7 FD                 1468 	mov	r5,a
   01A8 A3                 1469 	inc	dptr
   01A9 E0                 1470 	movx	a,@dptr
   01AA FE                 1471 	mov	r6,a
   01AB A3                 1472 	inc	dptr
   01AC E0                 1473 	movx	a,@dptr
   01AD FF                 1474 	mov	r7,a
   01AE ED                 1475 	mov	a,r5
   01AF 4E                 1476 	orl	a,r6
   01B0 60 3C              1477 	jz	00111$
                           1478 ;	../../../contiki-sensinode//core/net/neighbor-info.c:90: subscriber_callback(dest, 1, new_metric);
   01B2 90s00r43           1479 	mov	dptr,#_update_metric_new_metric_1_1
   01B5 E0                 1480 	movx	a,@dptr
   01B6 FF                 1481 	mov	r7,a
   01B7 7E 00              1482 	mov	r6,#0x00
   01B9 C0 07              1483 	push	ar7
   01BB C0 06              1484 	push	ar6
   01BD 74 01              1485 	mov	a,#0x01
   01BF C0 E0              1486 	push	acc
   01C1 E4                 1487 	clr	a
   01C2 C0 E0              1488 	push	acc
   01C4 90s00r3C           1489 	mov	dptr,#_subscriber_callback
   01C7 E0                 1490 	movx	a,@dptr
   01C8 C0 E0              1491 	push	acc
   01CA A3                 1492 	inc	dptr
   01CB E0                 1493 	movx	a,@dptr
   01CC C0 E0              1494 	push	acc
   01CE A3                 1495 	inc	dptr
   01CF E0                 1496 	movx	a,@dptr
   01D0 C0 E0              1497 	push	acc
   01D2 E5 81              1498 	mov	a,sp
   01D4 24 F1              1499 	add	a,#0xf1
   01D6 F8                 1500 	mov	r0,a
   01D7 86 82              1501 	mov	dpl,@r0
   01D9 08                 1502 	inc	r0
   01DA 86 83              1503 	mov	dph,@r0
   01DC 08                 1504 	inc	r0
   01DD 86 F0              1505 	mov	b,@r0
   01DF D0 02              1506 	pop	ar2
   01E1 D0 01              1507 	pop	ar1
   01E3 D0 00              1508 	pop	ar0
   01E5 12s00r00           1509 	lcall	__sdcc_banked_call
   01E8 E5 81              1510 	mov	a,sp
   01EA 24 FC              1511 	add	a,#0xfc
   01EC F5 81              1512 	mov	sp,a
   01EE                    1513 00111$:
   01EE E5 81              1514 	mov	a,sp
   01F0 24 F7              1515 	add	a,#0xF7
   01F2 F5 81              1516 	mov	sp,a
   01F4 02s00r00           1517 	ljmp	__sdcc_banked_ret
                           1518 ;------------------------------------------------------------
                           1519 ;Allocation info for local variables in function 'neighbor_info_packet_sent'
                           1520 ;------------------------------------------------------------
                           1521 ;numtx                     Allocated to stack - sp -4
                           1522 ;status                    Allocated to registers r6 r7 
                           1523 ;dest                      Allocated with name '_neighbor_info_packet_sent_dest_1_1'
                           1524 ;packet_metric             Allocated with name '_neighbor_info_packet_sent_packet_metric_1_1'
                           1525 ;------------------------------------------------------------
                           1526 ;	../../../contiki-sensinode//core/net/neighbor-info.c:115: neighbor_info_packet_sent(int status, int numtx)
                           1527 ;	-----------------------------------------
                           1528 ;	 function neighbor_info_packet_sent
                           1529 ;	-----------------------------------------
   01F7                    1530 _neighbor_info_packet_sent:
   01F7 AE 82              1531 	mov	r6,dpl
   01F9 AF 83              1532 	mov	r7,dph
                           1533 ;	../../../contiki-sensinode//core/net/neighbor-info.c:123: dest = packetbuf_addr(PACKETBUF_ADDR_RECEIVER);
   01FB 75 82 19           1534 	mov	dpl,#0x19
   01FE C0 07              1535 	push	ar7
   0200 C0 06              1536 	push	ar6
   0202 78r00              1537 	mov	r0,#_packetbuf_addr
   0204 79s00              1538 	mov	r1,#(_packetbuf_addr >> 8)
   0206 7As00              1539 	mov	r2,#(_packetbuf_addr >> 16)
   0208 12s00r00           1540 	lcall	__sdcc_banked_call
   020B AB 82              1541 	mov	r3,dpl
   020D AC 83              1542 	mov	r4,dph
   020F AD F0              1543 	mov	r5,b
   0211 90s00r44           1544 	mov	dptr,#_neighbor_info_packet_sent_dest_1_1
   0214 EB                 1545 	mov	a,r3
   0215 F0                 1546 	movx	@dptr,a
   0216 A3                 1547 	inc	dptr
   0217 EC                 1548 	mov	a,r4
   0218 F0                 1549 	movx	@dptr,a
   0219 A3                 1550 	inc	dptr
   021A ED                 1551 	mov	a,r5
   021B F0                 1552 	movx	@dptr,a
                           1553 ;	../../../contiki-sensinode//core/net/neighbor-info.c:124: if(rimeaddr_cmp(dest, &rimeaddr_null)) {
   021C 74r00              1554 	mov	a,#_rimeaddr_null
   021E C0 E0              1555 	push	acc
   0220 74s00              1556 	mov	a,#(_rimeaddr_null >> 8)
   0222 C0 E0              1557 	push	acc
   0224 74 80              1558 	mov	a,#0x80
   0226 C0 E0              1559 	push	acc
   0228 8B 82              1560 	mov	dpl,r3
   022A 8C 83              1561 	mov	dph,r4
   022C 8D F0              1562 	mov	b,r5
   022E 78r00              1563 	mov	r0,#_rimeaddr_cmp
   0230 79s00              1564 	mov	r1,#(_rimeaddr_cmp >> 8)
   0232 7As00              1565 	mov	r2,#(_rimeaddr_cmp >> 16)
   0234 12s00r00           1566 	lcall	__sdcc_banked_call
   0237 AC 82              1567 	mov	r4,dpl
   0239 AD 83              1568 	mov	r5,dph
   023B 15 81              1569 	dec	sp
   023D 15 81              1570 	dec	sp
   023F 15 81              1571 	dec	sp
   0241 D0 06              1572 	pop	ar6
   0243 D0 07              1573 	pop	ar7
   0245 EC                 1574 	mov	a,r4
   0246 4D                 1575 	orl	a,r5
                           1576 ;	../../../contiki-sensinode//core/net/neighbor-info.c:125: return;
   0247 70 69              1577 	jnz	00107$
                           1578 ;	../../../contiki-sensinode//core/net/neighbor-info.c:128: packet_metric = numtx;
   0249 E5 81              1579 	mov	a,sp
   024B 24 FC              1580 	add	a,#0xfc
   024D F8                 1581 	mov	r0,a
   024E 90s00r47           1582 	mov	dptr,#_neighbor_info_packet_sent_packet_metric_1_1
   0251 E6                 1583 	mov	a,@r0
   0252 F0                 1584 	movx	@dptr,a
                           1585 ;	../../../contiki-sensinode//core/net/neighbor-info.c:134: switch(status) {
   0253 BE 00 05           1586 	cjne	r6,#0x00,00116$
   0256 BF 00 02           1587 	cjne	r7,#0x00,00116$
   0259 80 08              1588 	sjmp	00103$
   025B                    1589 00116$:
                           1590 ;	../../../contiki-sensinode//core/net/neighbor-info.c:135: case MAC_TX_OK:
   025B BE 02 29           1591 	cjne	r6,#0x02,00105$
   025E BF 00 26           1592 	cjne	r7,#0x00,00105$
   0261 80 1C              1593 	sjmp	00104$
   0263                    1594 00103$:
                           1595 ;	../../../contiki-sensinode//core/net/neighbor-info.c:136: add_neighbor(dest);
   0263 90s00r44           1596 	mov	dptr,#_neighbor_info_packet_sent_dest_1_1
   0266 E0                 1597 	movx	a,@dptr
   0267 FD                 1598 	mov	r5,a
   0268 A3                 1599 	inc	dptr
   0269 E0                 1600 	movx	a,@dptr
   026A FE                 1601 	mov	r6,a
   026B A3                 1602 	inc	dptr
   026C E0                 1603 	movx	a,@dptr
   026D FF                 1604 	mov	r7,a
   026E 8D 82              1605 	mov	dpl,r5
   0270 8E 83              1606 	mov	dph,r6
   0272 8F F0              1607 	mov	b,r7
   0274 78r00              1608 	mov	r0,#_neighbor_attr_add_neighbor
   0276 79s00              1609 	mov	r1,#(_neighbor_attr_add_neighbor >> 8)
   0278 7As00              1610 	mov	r2,#(_neighbor_attr_add_neighbor >> 16)
   027A 12s00r00           1611 	lcall	__sdcc_banked_call
                           1612 ;	../../../contiki-sensinode//core/net/neighbor-info.c:148: break;
                           1613 ;	../../../contiki-sensinode//core/net/neighbor-info.c:149: case MAC_TX_NOACK:
   027D 80 0A              1614 	sjmp	00106$
   027F                    1615 00104$:
                           1616 ;	../../../contiki-sensinode//core/net/neighbor-info.c:150: packet_metric = ETX_NOACK_PENALTY;
   027F 90s00r47           1617 	mov	dptr,#_neighbor_info_packet_sent_packet_metric_1_1
   0282 74 0F              1618 	mov	a,#0x0F
   0284 F0                 1619 	movx	@dptr,a
                           1620 ;	../../../contiki-sensinode//core/net/neighbor-info.c:151: break;
                           1621 ;	../../../contiki-sensinode//core/net/neighbor-info.c:152: default:
   0285 80 02              1622 	sjmp	00106$
   0287                    1623 00105$:
                           1624 ;	../../../contiki-sensinode//core/net/neighbor-info.c:155: return;
                           1625 ;	../../../contiki-sensinode//core/net/neighbor-info.c:156: }
   0287 80 29              1626 	sjmp	00107$
   0289                    1627 00106$:
                           1628 ;	../../../contiki-sensinode//core/net/neighbor-info.c:158: update_metric(dest, packet_metric);
   0289 90s00r47           1629 	mov	dptr,#_neighbor_info_packet_sent_packet_metric_1_1
   028C E0                 1630 	movx	a,@dptr
   028D FF                 1631 	mov	r7,a
   028E 7E 00              1632 	mov	r6,#0x00
   0290 90s00r44           1633 	mov	dptr,#_neighbor_info_packet_sent_dest_1_1
   0293 E0                 1634 	movx	a,@dptr
   0294 FB                 1635 	mov	r3,a
   0295 A3                 1636 	inc	dptr
   0296 E0                 1637 	movx	a,@dptr
   0297 FC                 1638 	mov	r4,a
   0298 A3                 1639 	inc	dptr
   0299 E0                 1640 	movx	a,@dptr
   029A FD                 1641 	mov	r5,a
   029B C0 07              1642 	push	ar7
   029D C0 06              1643 	push	ar6
   029F 8B 82              1644 	mov	dpl,r3
   02A1 8C 83              1645 	mov	dph,r4
   02A3 8D F0              1646 	mov	b,r5
   02A5 78r00              1647 	mov	r0,#_update_metric
   02A7 79s00              1648 	mov	r1,#(_update_metric >> 8)
   02A9 7As00              1649 	mov	r2,#(_update_metric >> 16)
   02AB 12s00r00           1650 	lcall	__sdcc_banked_call
   02AE 15 81              1651 	dec	sp
   02B0 15 81              1652 	dec	sp
   02B2                    1653 00107$:
   02B2 02s00r00           1654 	ljmp	__sdcc_banked_ret
                           1655 ;------------------------------------------------------------
                           1656 ;Allocation info for local variables in function 'neighbor_info_packet_received'
                           1657 ;------------------------------------------------------------
                           1658 ;src                       Allocated to registers r5 r6 r7 
                           1659 ;------------------------------------------------------------
                           1660 ;	../../../contiki-sensinode//core/net/neighbor-info.c:162: neighbor_info_packet_received(void)
                           1661 ;	-----------------------------------------
                           1662 ;	 function neighbor_info_packet_received
                           1663 ;	-----------------------------------------
   02B5                    1664 _neighbor_info_packet_received:
                           1665 ;	../../../contiki-sensinode//core/net/neighbor-info.c:166: src = packetbuf_addr(PACKETBUF_ADDR_SENDER);
   02B5 75 82 18           1666 	mov	dpl,#0x18
   02B8 78r00              1667 	mov	r0,#_packetbuf_addr
   02BA 79s00              1668 	mov	r1,#(_packetbuf_addr >> 8)
   02BC 7As00              1669 	mov	r2,#(_packetbuf_addr >> 16)
   02BE 12s00r00           1670 	lcall	__sdcc_banked_call
   02C1 AD 82              1671 	mov	r5,dpl
   02C3 AE 83              1672 	mov	r6,dph
   02C5 AF F0              1673 	mov	r7,b
                           1674 ;	../../../contiki-sensinode//core/net/neighbor-info.c:167: if(rimeaddr_cmp(src, &rimeaddr_null)) {
   02C7 C0 07              1675 	push	ar7
   02C9 C0 06              1676 	push	ar6
   02CB C0 05              1677 	push	ar5
   02CD 74r00              1678 	mov	a,#_rimeaddr_null
   02CF C0 E0              1679 	push	acc
   02D1 74s00              1680 	mov	a,#(_rimeaddr_null >> 8)
   02D3 C0 E0              1681 	push	acc
   02D5 74 80              1682 	mov	a,#0x80
   02D7 C0 E0              1683 	push	acc
   02D9 8D 82              1684 	mov	dpl,r5
   02DB 8E 83              1685 	mov	dph,r6
   02DD 8F F0              1686 	mov	b,r7
   02DF 78r00              1687 	mov	r0,#_rimeaddr_cmp
   02E1 79s00              1688 	mov	r1,#(_rimeaddr_cmp >> 8)
   02E3 7As00              1689 	mov	r2,#(_rimeaddr_cmp >> 16)
   02E5 12s00r00           1690 	lcall	__sdcc_banked_call
   02E8 AB 82              1691 	mov	r3,dpl
   02EA AC 83              1692 	mov	r4,dph
   02EC 15 81              1693 	dec	sp
   02EE 15 81              1694 	dec	sp
   02F0 15 81              1695 	dec	sp
   02F2 D0 05              1696 	pop	ar5
   02F4 D0 06              1697 	pop	ar6
   02F6 D0 07              1698 	pop	ar7
   02F8 EB                 1699 	mov	a,r3
   02F9 4C                 1700 	orl	a,r4
   02FA 60 02              1701 	jz	00102$
                           1702 ;	../../../contiki-sensinode//core/net/neighbor-info.c:168: return;
   02FC 80 0F              1703 	sjmp	00103$
   02FE                    1704 00102$:
                           1705 ;	../../../contiki-sensinode//core/net/neighbor-info.c:174: add_neighbor(src);
   02FE 8D 82              1706 	mov	dpl,r5
   0300 8E 83              1707 	mov	dph,r6
   0302 8F F0              1708 	mov	b,r7
   0304 78r00              1709 	mov	r0,#_neighbor_attr_add_neighbor
   0306 79s00              1710 	mov	r1,#(_neighbor_attr_add_neighbor >> 8)
   0308 7As00              1711 	mov	r2,#(_neighbor_attr_add_neighbor >> 16)
   030A 12s00r00           1712 	lcall	__sdcc_banked_call
   030D                    1713 00103$:
   030D 02s00r00           1714 	ljmp	__sdcc_banked_ret
                           1715 ;------------------------------------------------------------
                           1716 ;Allocation info for local variables in function 'neighbor_info_subscribe'
                           1717 ;------------------------------------------------------------
                           1718 ;s                         Allocated to registers r5 r6 r7 
                           1719 ;------------------------------------------------------------
                           1720 ;	../../../contiki-sensinode//core/net/neighbor-info.c:178: neighbor_info_subscribe(neighbor_info_subscriber_t s)
                           1721 ;	-----------------------------------------
                           1722 ;	 function neighbor_info_subscribe
                           1723 ;	-----------------------------------------
   0310                    1724 _neighbor_info_subscribe:
   0310 AD 82              1725 	mov	r5,dpl
   0312 AE 83              1726 	mov	r6,dph
   0314 AF F0              1727 	mov	r7,b
                           1728 ;	../../../contiki-sensinode//core/net/neighbor-info.c:180: if(subscriber_callback == NULL) {
   0316 90s00r3C           1729 	mov	dptr,#_subscriber_callback
   0319 E0                 1730 	movx	a,@dptr
   031A FA                 1731 	mov	r2,a
   031B A3                 1732 	inc	dptr
   031C E0                 1733 	movx	a,@dptr
   031D FB                 1734 	mov	r3,a
   031E A3                 1735 	inc	dptr
   031F E0                 1736 	movx	a,@dptr
   0320 FC                 1737 	mov	r4,a
   0321 EA                 1738 	mov	a,r2
   0322 4B                 1739 	orl	a,r3
                           1740 ;	../../../contiki-sensinode//core/net/neighbor-info.c:181: neighbor_attr_register(&attr_etx);
   0323 70 39              1741 	jnz	00102$
   0325 90s00r00           1742 	mov	dptr,#_attr_etx
   0328 F5 F0              1743 	mov	b,a
   032A C0 07              1744 	push	ar7
   032C C0 06              1745 	push	ar6
   032E C0 05              1746 	push	ar5
   0330 78r00              1747 	mov	r0,#_neighbor_attr_register
   0332 79s00              1748 	mov	r1,#(_neighbor_attr_register >> 8)
   0334 7As00              1749 	mov	r2,#(_neighbor_attr_register >> 16)
   0336 12s00r00           1750 	lcall	__sdcc_banked_call
                           1751 ;	../../../contiki-sensinode//core/net/neighbor-info.c:182: neighbor_attr_register(&attr_timestamp);
   0339 90s00r0B           1752 	mov	dptr,#_attr_timestamp
   033C 75 F0 00           1753 	mov	b,#0x00
   033F 78r00              1754 	mov	r0,#_neighbor_attr_register
   0341 79s00              1755 	mov	r1,#(_neighbor_attr_register >> 8)
   0343 7As00              1756 	mov	r2,#(_neighbor_attr_register >> 16)
   0345 12s00r00           1757 	lcall	__sdcc_banked_call
   0348 D0 05              1758 	pop	ar5
   034A D0 06              1759 	pop	ar6
   034C D0 07              1760 	pop	ar7
                           1761 ;	../../../contiki-sensinode//core/net/neighbor-info.c:183: subscriber_callback = s;
   034E 90s00r3C           1762 	mov	dptr,#_subscriber_callback
   0351 ED                 1763 	mov	a,r5
   0352 F0                 1764 	movx	@dptr,a
   0353 A3                 1765 	inc	dptr
   0354 EE                 1766 	mov	a,r6
   0355 F0                 1767 	movx	@dptr,a
   0356 A3                 1768 	inc	dptr
   0357 EF                 1769 	mov	a,r7
   0358 F0                 1770 	movx	@dptr,a
                           1771 ;	../../../contiki-sensinode//core/net/neighbor-info.c:184: return 1;
   0359 90 00 01           1772 	mov	dptr,#0x0001
   035C 80 03              1773 	sjmp	00103$
   035E                    1774 00102$:
                           1775 ;	../../../contiki-sensinode//core/net/neighbor-info.c:187: return 0;
   035E 90 00 00           1776 	mov	dptr,#0x0000
   0361                    1777 00103$:
   0361 02s00r00           1778 	ljmp	__sdcc_banked_ret
                           1779 ;------------------------------------------------------------
                           1780 ;Allocation info for local variables in function 'neighbor_info_get_metric'
                           1781 ;------------------------------------------------------------
                           1782 ;addr                      Allocated to registers r5 r6 r7 
                           1783 ;metricp                   Allocated to registers r5 r6 r7 
                           1784 ;------------------------------------------------------------
                           1785 ;	../../../contiki-sensinode//core/net/neighbor-info.c:191: neighbor_info_get_metric(const rimeaddr_t *addr)
                           1786 ;	-----------------------------------------
                           1787 ;	 function neighbor_info_get_metric
                           1788 ;	-----------------------------------------
   0364                    1789 _neighbor_info_get_metric:
   0364 AD 82              1790 	mov	r5,dpl
   0366 AE 83              1791 	mov	r6,dph
   0368 AF F0              1792 	mov	r7,b
                           1793 ;	../../../contiki-sensinode//core/net/neighbor-info.c:195: metricp = (link_metric_t *)neighbor_attr_get_data(&attr_etx, addr);
   036A C0 05              1794 	push	ar5
   036C C0 06              1795 	push	ar6
   036E C0 07              1796 	push	ar7
   0370 90s00r00           1797 	mov	dptr,#_attr_etx
   0373 75 F0 00           1798 	mov	b,#0x00
   0376 78r00              1799 	mov	r0,#_neighbor_attr_get_data
   0378 79s00              1800 	mov	r1,#(_neighbor_attr_get_data >> 8)
   037A 7As00              1801 	mov	r2,#(_neighbor_attr_get_data >> 16)
   037C 12s00r00           1802 	lcall	__sdcc_banked_call
   037F AD 82              1803 	mov	r5,dpl
   0381 AE 83              1804 	mov	r6,dph
   0383 AF F0              1805 	mov	r7,b
   0385 15 81              1806 	dec	sp
   0387 15 81              1807 	dec	sp
   0389 15 81              1808 	dec	sp
                           1809 ;	../../../contiki-sensinode//core/net/neighbor-info.c:196: return metricp == NULL ? ETX_LIMIT : *metricp;
   038B ED                 1810 	mov	a,r5
   038C 4E                 1811 	orl	a,r6
   038D B4 01 00           1812 	cjne	a,#0x01,00107$
   0390                    1813 00107$:
   0390 E4                 1814 	clr	a
   0391 33                 1815 	rlc	a
   0392 FC                 1816 	mov	r4,a
   0393 60 04              1817 	jz	00103$
   0395 7C 0F              1818 	mov	r4,#0x0F
   0397 80 0A              1819 	sjmp	00104$
   0399                    1820 00103$:
   0399 8D 82              1821 	mov	dpl,r5
   039B 8E 83              1822 	mov	dph,r6
   039D 8F F0              1823 	mov	b,r7
   039F 12s00r00           1824 	lcall	__gptrget
   03A2 FC                 1825 	mov	r4,a
   03A3                    1826 00104$:
   03A3 8C 82              1827 	mov	dpl,r4
   03A5 02s00r00           1828 	ljmp	__sdcc_banked_ret
                           1829 	.area CSEG    (CODE)
                           1830 	.area CONST   (CODE)
                           1831 	.area XINIT   (CODE)
   0000                    1832 __xinit__attr_etx:
                           1833 ; generic printIvalPtr
   0000 00 00 00           1834 	.byte #0x00,#0x00,#0x00
   0003 01 00              1835 	.byte #0x01,#0x00	; 1
                           1836 ; generic printIvalPtr
   0005 00 00 00           1837 	.byte #0x00,#0x00,#0x00
   0008r00s00 00           1838 	.byte __attr_etx_mem,(__attr_etx_mem >> 8),#0x00
   000B                    1839 __xinit__attr_timestamp:
                           1840 ; generic printIvalPtr
   000B 00 00 00           1841 	.byte #0x00,#0x00,#0x00
   000E 04 00              1842 	.byte #0x04,#0x00	; 4
                           1843 ; generic printIvalPtr
   0010 00 00 00           1844 	.byte #0x00,#0x00,#0x00
   0013r0Cs00 00           1845 	.byte __attr_timestamp_mem,(__attr_timestamp_mem >> 8),#0x00
                           1846 	.area CABS    (ABS,CODE)
