                              1 ;--------------------------------------------------------
                              2 ; File Created by SDCC : free open source ANSI-C Compiler
                              3 ; Version 3.1.1 #7100 (Oct 29 2014) (Linux)
                              4 ; This file was generated Wed Dec  2 18:10:57 2015
                              5 ;--------------------------------------------------------
                              6 	.module netstack
                              7 	.optsdcc -mmcs51 --model-huge
                              8 	
                              9 ;--------------------------------------------------------
                             10 ; Public variables in this module
                             11 ;--------------------------------------------------------
                             12 	.globl _netstack_init
                             13 ;--------------------------------------------------------
                             14 ; special function registers
                             15 ;--------------------------------------------------------
                             16 	.area RSEG    (ABS,DATA)
   0000                      17 	.org 0x0000
                             18 ;--------------------------------------------------------
                             19 ; special function bits
                             20 ;--------------------------------------------------------
                             21 	.area RSEG    (ABS,DATA)
   0000                      22 	.org 0x0000
                             23 ;--------------------------------------------------------
                             24 ; overlayable register banks
                             25 ;--------------------------------------------------------
                             26 	.area REG_BANK_0	(REL,OVR,DATA)
   0000                      27 	.ds 8
                             28 ;--------------------------------------------------------
                             29 ; internal ram data
                             30 ;--------------------------------------------------------
                             31 	.area DSEG    (DATA)
                             32 ;--------------------------------------------------------
                             33 ; overlayable items in internal ram 
                             34 ;--------------------------------------------------------
                             35 	.area OSEG    (OVR,DATA)
                             36 ;--------------------------------------------------------
                             37 ; indirectly addressable internal ram data
                             38 ;--------------------------------------------------------
                             39 	.area ISEG    (DATA)
                             40 ;--------------------------------------------------------
                             41 ; absolute internal ram data
                             42 ;--------------------------------------------------------
                             43 	.area IABS    (ABS,DATA)
                             44 	.area IABS    (ABS,DATA)
                             45 ;--------------------------------------------------------
                             46 ; bit data
                             47 ;--------------------------------------------------------
                             48 	.area BSEG    (BIT)
                             49 ;--------------------------------------------------------
                             50 ; paged external ram data
                             51 ;--------------------------------------------------------
                             52 	.area PSEG    (PAG,XDATA)
                             53 ;--------------------------------------------------------
                             54 ; external ram data
                             55 ;--------------------------------------------------------
                             56 	.area XSEG    (XDATA)
                             57 ;--------------------------------------------------------
                             58 ; absolute external ram data
                             59 ;--------------------------------------------------------
                             60 	.area XABS    (ABS,XDATA)
                             61 ;--------------------------------------------------------
                             62 ; external initialized ram data
                             63 ;--------------------------------------------------------
                             64 	.area XISEG   (XDATA)
                             65 	.area HOME    (CODE)
                             66 	.area GSINIT0 (CODE)
                             67 	.area GSINIT1 (CODE)
                             68 	.area GSINIT2 (CODE)
                             69 	.area GSINIT3 (CODE)
                             70 	.area GSINIT4 (CODE)
                             71 	.area GSINIT5 (CODE)
                             72 	.area GSINIT  (CODE)
                             73 	.area GSFINAL (CODE)
                             74 	.area CSEG    (CODE)
                             75 ;--------------------------------------------------------
                             76 ; global & static initialisations
                             77 ;--------------------------------------------------------
                             78 	.area HOME    (CODE)
                             79 	.area GSINIT  (CODE)
                             80 	.area GSFINAL (CODE)
                             81 	.area GSINIT  (CODE)
                             82 ;--------------------------------------------------------
                             83 ; Home
                             84 ;--------------------------------------------------------
                             85 	.area HOME    (CODE)
                             86 	.area HOME    (CODE)
                             87 ;--------------------------------------------------------
                             88 ; code
                             89 ;--------------------------------------------------------
                             90 	.area BANK1   (CODE)
                             91 ;------------------------------------------------------------
                             92 ;Allocation info for local variables in function 'netstack_init'
                             93 ;------------------------------------------------------------
                             94 ;	../../../contiki-sensinode//core/net/netstack.c:43: netstack_init(void)
                             95 ;	-----------------------------------------
                             96 ;	 function netstack_init
                             97 ;	-----------------------------------------
   0000                      98 _netstack_init:
                    0007     99 	ar7 = 0x07
                    0006    100 	ar6 = 0x06
                    0005    101 	ar5 = 0x05
                    0004    102 	ar4 = 0x04
                    0003    103 	ar3 = 0x03
                    0002    104 	ar2 = 0x02
                    0001    105 	ar1 = 0x01
                    0000    106 	ar0 = 0x00
                            107 ;	../../../contiki-sensinode//core/net/netstack.c:45: NETSTACK_RADIO.init();
   0000 90s00r00            108 	mov	dptr,#_cc2530_rf_driver
   0003 E4                  109 	clr	a
   0004 93                  110 	movc	a,@a+dptr
   0005 FD                  111 	mov	r5,a
   0006 A3                  112 	inc	dptr
   0007 E4                  113 	clr	a
   0008 93                  114 	movc	a,@a+dptr
   0009 FE                  115 	mov	r6,a
   000A A3                  116 	inc	dptr
   000B E4                  117 	clr	a
   000C 93                  118 	movc	a,@a+dptr
   000D FF                  119 	mov	r7,a
   000E C0 07               120 	push	ar7
   0010 C0 06               121 	push	ar6
   0012 C0 05               122 	push	ar5
   0014 C0 05               123 	push	ar5
   0016 C0 06               124 	push	ar6
   0018 C0 07               125 	push	ar7
   001A D0 02               126 	pop	ar2
   001C D0 01               127 	pop	ar1
   001E D0 00               128 	pop	ar0
   0020 12s00r00            129 	lcall	__sdcc_banked_call
   0023 D0 05               130 	pop	ar5
   0025 D0 06               131 	pop	ar6
   0027 D0 07               132 	pop	ar7
                            133 ;	../../../contiki-sensinode//core/net/netstack.c:46: NETSTACK_RDC.init();
   0029 90s00r03            134 	mov	dptr,#(_nullrdc_driver + 0x0003)
   002C E4                  135 	clr	a
   002D 93                  136 	movc	a,@a+dptr
   002E FD                  137 	mov	r5,a
   002F A3                  138 	inc	dptr
   0030 E4                  139 	clr	a
   0031 93                  140 	movc	a,@a+dptr
   0032 FE                  141 	mov	r6,a
   0033 A3                  142 	inc	dptr
   0034 E4                  143 	clr	a
   0035 93                  144 	movc	a,@a+dptr
   0036 FF                  145 	mov	r7,a
   0037 C0 07               146 	push	ar7
   0039 C0 06               147 	push	ar6
   003B C0 05               148 	push	ar5
   003D C0 05               149 	push	ar5
   003F C0 06               150 	push	ar6
   0041 C0 07               151 	push	ar7
   0043 D0 02               152 	pop	ar2
   0045 D0 01               153 	pop	ar1
   0047 D0 00               154 	pop	ar0
   0049 12s00r00            155 	lcall	__sdcc_banked_call
   004C D0 05               156 	pop	ar5
   004E D0 06               157 	pop	ar6
   0050 D0 07               158 	pop	ar7
                            159 ;	../../../contiki-sensinode//core/net/netstack.c:47: NETSTACK_MAC.init();
   0052 90s00r03            160 	mov	dptr,#(_csma_driver + 0x0003)
   0055 E4                  161 	clr	a
   0056 93                  162 	movc	a,@a+dptr
   0057 FD                  163 	mov	r5,a
   0058 A3                  164 	inc	dptr
   0059 E4                  165 	clr	a
   005A 93                  166 	movc	a,@a+dptr
   005B FE                  167 	mov	r6,a
   005C A3                  168 	inc	dptr
   005D E4                  169 	clr	a
   005E 93                  170 	movc	a,@a+dptr
   005F FF                  171 	mov	r7,a
   0060 C0 07               172 	push	ar7
   0062 C0 06               173 	push	ar6
   0064 C0 05               174 	push	ar5
   0066 C0 05               175 	push	ar5
   0068 C0 06               176 	push	ar6
   006A C0 07               177 	push	ar7
   006C D0 02               178 	pop	ar2
   006E D0 01               179 	pop	ar1
   0070 D0 00               180 	pop	ar0
   0072 12s00r00            181 	lcall	__sdcc_banked_call
   0075 D0 05               182 	pop	ar5
   0077 D0 06               183 	pop	ar6
   0079 D0 07               184 	pop	ar7
                            185 ;	../../../contiki-sensinode//core/net/netstack.c:48: NETSTACK_NETWORK.init();
   007B 90s00r03            186 	mov	dptr,#(_sicslowpan_driver + 0x0003)
   007E E4                  187 	clr	a
   007F 93                  188 	movc	a,@a+dptr
   0080 FD                  189 	mov	r5,a
   0081 A3                  190 	inc	dptr
   0082 E4                  191 	clr	a
   0083 93                  192 	movc	a,@a+dptr
   0084 FE                  193 	mov	r6,a
   0085 A3                  194 	inc	dptr
   0086 E4                  195 	clr	a
   0087 93                  196 	movc	a,@a+dptr
   0088 FF                  197 	mov	r7,a
   0089 C0 07               198 	push	ar7
   008B C0 06               199 	push	ar6
   008D C0 05               200 	push	ar5
   008F C0 05               201 	push	ar5
   0091 C0 06               202 	push	ar6
   0093 C0 07               203 	push	ar7
   0095 D0 02               204 	pop	ar2
   0097 D0 01               205 	pop	ar1
   0099 D0 00               206 	pop	ar0
   009B 12s00r00            207 	lcall	__sdcc_banked_call
   009E D0 05               208 	pop	ar5
   00A0 D0 06               209 	pop	ar6
   00A2 D0 07               210 	pop	ar7
   00A4 02s00r00            211 	ljmp	__sdcc_banked_ret
                            212 	.area CSEG    (CODE)
                            213 	.area CONST   (CODE)
                            214 	.area XINIT   (CODE)
                            215 	.area CABS    (ABS,CODE)
