                              1 ;--------------------------------------------------------
                              2 ; File Created by SDCC : free open source ANSI-C Compiler
                              3 ; Version 3.1.1 #7100 (Oct 29 2014) (Linux)
                              4 ; This file was generated Wed Dec  2 18:10:51 2015
                              5 ;--------------------------------------------------------
                              6 	.module nullrdc_noframer
                              7 	.optsdcc -mmcs51 --model-huge
                              8 	
                              9 ;--------------------------------------------------------
                             10 ; Public variables in this module
                             11 ;--------------------------------------------------------
                             12 	.globl _nullrdc_noframer_driver
                             13 	.globl _queuebuf_to_packetbuf
                             14 	.globl _packetbuf_totlen
                             15 	.globl _packetbuf_hdrptr
                             16 ;--------------------------------------------------------
                             17 ; special function registers
                             18 ;--------------------------------------------------------
                             19 	.area RSEG    (ABS,DATA)
   0000                      20 	.org 0x0000
                             21 ;--------------------------------------------------------
                             22 ; special function bits
                             23 ;--------------------------------------------------------
                             24 	.area RSEG    (ABS,DATA)
   0000                      25 	.org 0x0000
                             26 ;--------------------------------------------------------
                             27 ; overlayable register banks
                             28 ;--------------------------------------------------------
                             29 	.area REG_BANK_0	(REL,OVR,DATA)
   0000                      30 	.ds 8
                             31 ;--------------------------------------------------------
                             32 ; internal ram data
                             33 ;--------------------------------------------------------
                             34 	.area DSEG    (DATA)
                             35 ;--------------------------------------------------------
                             36 ; overlayable items in internal ram 
                             37 ;--------------------------------------------------------
                             38 	.area OSEG    (OVR,DATA)
                             39 ;--------------------------------------------------------
                             40 ; indirectly addressable internal ram data
                             41 ;--------------------------------------------------------
                             42 	.area ISEG    (DATA)
                             43 ;--------------------------------------------------------
                             44 ; absolute internal ram data
                             45 ;--------------------------------------------------------
                             46 	.area IABS    (ABS,DATA)
                             47 	.area IABS    (ABS,DATA)
                             48 ;--------------------------------------------------------
                             49 ; bit data
                             50 ;--------------------------------------------------------
                             51 	.area BSEG    (BIT)
                             52 ;--------------------------------------------------------
                             53 ; paged external ram data
                             54 ;--------------------------------------------------------
                             55 	.area PSEG    (PAG,XDATA)
                             56 ;--------------------------------------------------------
                             57 ; external ram data
                             58 ;--------------------------------------------------------
                             59 	.area XSEG    (XDATA)
                             60 ;--------------------------------------------------------
                             61 ; absolute external ram data
                             62 ;--------------------------------------------------------
                             63 	.area XABS    (ABS,XDATA)
                             64 ;--------------------------------------------------------
                             65 ; external initialized ram data
                             66 ;--------------------------------------------------------
                             67 	.area XISEG   (XDATA)
                             68 	.area HOME    (CODE)
                             69 	.area GSINIT0 (CODE)
                             70 	.area GSINIT1 (CODE)
                             71 	.area GSINIT2 (CODE)
                             72 	.area GSINIT3 (CODE)
                             73 	.area GSINIT4 (CODE)
                             74 	.area GSINIT5 (CODE)
                             75 	.area GSINIT  (CODE)
                             76 	.area GSFINAL (CODE)
                             77 	.area CSEG    (CODE)
                             78 ;--------------------------------------------------------
                             79 ; global & static initialisations
                             80 ;--------------------------------------------------------
                             81 	.area HOME    (CODE)
                             82 	.area GSINIT  (CODE)
                             83 	.area GSFINAL (CODE)
                             84 	.area GSINIT  (CODE)
                             85 ;--------------------------------------------------------
                             86 ; Home
                             87 ;--------------------------------------------------------
                             88 	.area HOME    (CODE)
                             89 	.area HOME    (CODE)
                             90 ;--------------------------------------------------------
                             91 ; code
                             92 ;--------------------------------------------------------
                             93 	.area BANK1   (CODE)
                             94 ;------------------------------------------------------------
                             95 ;Allocation info for local variables in function 'send_packet'
                             96 ;------------------------------------------------------------
                             97 ;ptr                       Allocated to stack - sp -10
                             98 ;sent                      Allocated to stack - sp -4
                             99 ;ret                       Allocated to registers r6 r7 
                            100 ;sloc0                     Allocated to stack - sp -1
                            101 ;------------------------------------------------------------
                            102 ;	../../../contiki-sensinode//core/net/mac/nullrdc-noframer.c:48: send_packet(mac_callback_t sent, void *ptr)
                            103 ;	-----------------------------------------
                            104 ;	 function send_packet
                            105 ;	-----------------------------------------
   0000                     106 _send_packet:
                    0007    107 	ar7 = 0x07
                    0006    108 	ar6 = 0x06
                    0005    109 	ar5 = 0x05
                    0004    110 	ar4 = 0x04
                    0003    111 	ar3 = 0x03
                    0002    112 	ar2 = 0x02
                    0001    113 	ar1 = 0x01
                    0000    114 	ar0 = 0x00
   0000 C0 82               115 	push	dpl
   0002 C0 83               116 	push	dph
   0004 C0 F0               117 	push	b
   0006 05 81               118 	inc	sp
   0008 05 81               119 	inc	sp
                            120 ;	../../../contiki-sensinode//core/net/mac/nullrdc-noframer.c:51: if(NETSTACK_RADIO.send(packetbuf_hdrptr(), packetbuf_totlen()) == RADIO_TX_OK) {
   000A 90s00r09            121 	mov	dptr,#(_cc2530_rf_driver + 0x0009)
   000D E4                  122 	clr	a
   000E 93                  123 	movc	a,@a+dptr
   000F FA                  124 	mov	r2,a
   0010 A3                  125 	inc	dptr
   0011 E4                  126 	clr	a
   0012 93                  127 	movc	a,@a+dptr
   0013 FB                  128 	mov	r3,a
   0014 A3                  129 	inc	dptr
   0015 E4                  130 	clr	a
   0016 93                  131 	movc	a,@a+dptr
   0017 FC                  132 	mov	r4,a
   0018 C0 04               133 	push	ar4
   001A C0 03               134 	push	ar3
   001C C0 02               135 	push	ar2
   001E 78r00               136 	mov	r0,#_packetbuf_totlen
   0020 79s00               137 	mov	r1,#(_packetbuf_totlen >> 8)
   0022 7As00               138 	mov	r2,#(_packetbuf_totlen >> 16)
   0024 12s00r00            139 	lcall	__sdcc_banked_call
   0027 C8                  140 	xch	a,r0
   0028 E5 81               141 	mov	a,sp
   002A 24 FC               142 	add	a,#0xfc
   002C C8                  143 	xch	a,r0
   002D A6 82               144 	mov	@r0,dpl
   002F 08                  145 	inc	r0
   0030 A6 83               146 	mov	@r0,dph
   0032 78r00               147 	mov	r0,#_packetbuf_hdrptr
   0034 79s00               148 	mov	r1,#(_packetbuf_hdrptr >> 8)
   0036 7As00               149 	mov	r2,#(_packetbuf_hdrptr >> 16)
   0038 12s00r00            150 	lcall	__sdcc_banked_call
   003B AD 82               151 	mov	r5,dpl
   003D AE 83               152 	mov	r6,dph
   003F AF F0               153 	mov	r7,b
   0041 D0 02               154 	pop	ar2
   0043 D0 03               155 	pop	ar3
   0045 D0 04               156 	pop	ar4
   0047 C0 04               157 	push	ar4
   0049 A8 81               158 	mov	r0,sp
   004B 18                  159 	dec	r0
   004C 18                  160 	dec	r0
   004D E6                  161 	mov	a,@r0
   004E C0 E0               162 	push	acc
   0050 08                  163 	inc	r0
   0051 E6                  164 	mov	a,@r0
   0052 C0 E0               165 	push	acc
   0054 C0 02               166 	push	ar2
   0056 C0 03               167 	push	ar3
   0058 C0 04               168 	push	ar4
   005A 8D 82               169 	mov	dpl,r5
   005C 8E 83               170 	mov	dph,r6
   005E 8F F0               171 	mov	b,r7
   0060 D0 02               172 	pop	ar2
   0062 D0 01               173 	pop	ar1
   0064 D0 00               174 	pop	ar0
   0066 12s00r00            175 	lcall	__sdcc_banked_call
   0069 AA 82               176 	mov	r2,dpl
   006B AB 83               177 	mov	r3,dph
   006D 15 81               178 	dec	sp
   006F 15 81               179 	dec	sp
   0071 D0 04               180 	pop	ar4
   0073 EA                  181 	mov	a,r2
   0074 4B                  182 	orl	a,r3
                            183 ;	../../../contiki-sensinode//core/net/mac/nullrdc-noframer.c:52: ret = MAC_TX_OK;
   0075 70 04               184 	jnz	00102$
   0077 FE                  185 	mov	r6,a
   0078 FF                  186 	mov	r7,a
   0079 80 04               187 	sjmp	00106$
   007B                     188 00102$:
                            189 ;	../../../contiki-sensinode//core/net/mac/nullrdc-noframer.c:54: ret =  MAC_TX_ERR;
   007B 7E 04               190 	mov	r6,#0x04
   007D 7F 00               191 	mov	r7,#0x00
                            192 ;	../../../contiki-sensinode//core/net/mac/nullrdc-noframer.c:56: mac_call_sent_callback(sent, ptr, ret, 1);
   007F                     193 00106$:
   007F E5 81               194 	mov	a,sp
   0081 24 FC               195 	add	a,#0xfc
   0083 F8                  196 	mov	r0,a
   0084 E6                  197 	mov	a,@r0
   0085 08                  198 	inc	r0
   0086 46                  199 	orl	a,@r0
   0087 60 37               200 	jz	00109$
   0089 74 01               201 	mov	a,#0x01
   008B C0 E0               202 	push	acc
   008D E4                  203 	clr	a
   008E C0 E0               204 	push	acc
   0090 C0 06               205 	push	ar6
   0092 C0 07               206 	push	ar7
   0094 E5 81               207 	mov	a,sp
   0096 24 F8               208 	add	a,#0xf8
   0098 F8                  209 	mov	r0,a
   0099 E6                  210 	mov	a,@r0
   009A C0 E0               211 	push	acc
   009C 08                  212 	inc	r0
   009D E6                  213 	mov	a,@r0
   009E C0 E0               214 	push	acc
   00A0 08                  215 	inc	r0
   00A1 E6                  216 	mov	a,@r0
   00A2 C0 E0               217 	push	acc
   00A4 E5 81               218 	mov	a,sp
   00A6 24 EF               219 	add	a,#0xef
   00A8 F8                  220 	mov	r0,a
   00A9 86 82               221 	mov	dpl,@r0
   00AB 08                  222 	inc	r0
   00AC 86 83               223 	mov	dph,@r0
   00AE 08                  224 	inc	r0
   00AF 86 F0               225 	mov	b,@r0
   00B1 D0 02               226 	pop	ar2
   00B3 D0 01               227 	pop	ar1
   00B5 D0 00               228 	pop	ar0
   00B7 12s00r00            229 	lcall	__sdcc_banked_call
   00BA E5 81               230 	mov	a,sp
   00BC 24 FC               231 	add	a,#0xfc
   00BE F5 81               232 	mov	sp,a
   00C0                     233 00109$:
   00C0 E5 81               234 	mov	a,sp
   00C2 24 FB               235 	add	a,#0xFB
   00C4 F5 81               236 	mov	sp,a
   00C6 02s00r00            237 	ljmp	__sdcc_banked_ret
                            238 ;------------------------------------------------------------
                            239 ;Allocation info for local variables in function 'send_list'
                            240 ;------------------------------------------------------------
                            241 ;ptr                       Allocated to stack - sp -5
                            242 ;buf_list                  Allocated to stack - sp -8
                            243 ;sent                      Allocated to registers r5 r6 r7 
                            244 ;------------------------------------------------------------
                            245 ;	../../../contiki-sensinode//core/net/mac/nullrdc-noframer.c:60: send_list(mac_callback_t sent, void *ptr, struct rdc_buf_list *buf_list)
                            246 ;	-----------------------------------------
                            247 ;	 function send_list
                            248 ;	-----------------------------------------
   00C9                     249 _send_list:
   00C9 AD 82               250 	mov	r5,dpl
   00CB AE 83               251 	mov	r6,dph
   00CD AF F0               252 	mov	r7,b
                            253 ;	../../../contiki-sensinode//core/net/mac/nullrdc-noframer.c:62: if(buf_list != NULL) {
   00CF E5 81               254 	mov	a,sp
   00D1 24 F8               255 	add	a,#0xf8
   00D3 F8                  256 	mov	r0,a
   00D4 E6                  257 	mov	a,@r0
   00D5 08                  258 	inc	r0
   00D6 46                  259 	orl	a,@r0
   00D7 60 68               260 	jz	00103$
                            261 ;	../../../contiki-sensinode//core/net/mac/nullrdc-noframer.c:63: queuebuf_to_packetbuf(buf_list->buf);
   00D9 E5 81               262 	mov	a,sp
   00DB 24 F8               263 	add	a,#0xf8
   00DD F8                  264 	mov	r0,a
   00DE 86 02               265 	mov	ar2,@r0
   00E0 08                  266 	inc	r0
   00E1 86 03               267 	mov	ar3,@r0
   00E3 08                  268 	inc	r0
   00E4 86 04               269 	mov	ar4,@r0
   00E6 74 03               270 	mov	a,#0x03
   00E8 2A                  271 	add	a,r2
   00E9 FA                  272 	mov	r2,a
   00EA E4                  273 	clr	a
   00EB 3B                  274 	addc	a,r3
   00EC FB                  275 	mov	r3,a
   00ED 8A 82               276 	mov	dpl,r2
   00EF 8B 83               277 	mov	dph,r3
   00F1 8C F0               278 	mov	b,r4
   00F3 12s00r00            279 	lcall	__gptrget
   00F6 FA                  280 	mov	r2,a
   00F7 A3                  281 	inc	dptr
   00F8 12s00r00            282 	lcall	__gptrget
   00FB FB                  283 	mov	r3,a
   00FC A3                  284 	inc	dptr
   00FD 12s00r00            285 	lcall	__gptrget
   0100 FC                  286 	mov	r4,a
   0101 8A 82               287 	mov	dpl,r2
   0103 8B 83               288 	mov	dph,r3
   0105 8C F0               289 	mov	b,r4
   0107 C0 07               290 	push	ar7
   0109 C0 06               291 	push	ar6
   010B C0 05               292 	push	ar5
   010D 78r00               293 	mov	r0,#_queuebuf_to_packetbuf
   010F 79s00               294 	mov	r1,#(_queuebuf_to_packetbuf >> 8)
   0111 7As00               295 	mov	r2,#(_queuebuf_to_packetbuf >> 16)
   0113 12s00r00            296 	lcall	__sdcc_banked_call
   0116 D0 05               297 	pop	ar5
   0118 D0 06               298 	pop	ar6
   011A D0 07               299 	pop	ar7
                            300 ;	../../../contiki-sensinode//core/net/mac/nullrdc-noframer.c:64: send_packet(sent, ptr);
   011C E5 81               301 	mov	a,sp
   011E 24 FB               302 	add	a,#0xfb
   0120 F8                  303 	mov	r0,a
   0121 E6                  304 	mov	a,@r0
   0122 C0 E0               305 	push	acc
   0124 08                  306 	inc	r0
   0125 E6                  307 	mov	a,@r0
   0126 C0 E0               308 	push	acc
   0128 08                  309 	inc	r0
   0129 E6                  310 	mov	a,@r0
   012A C0 E0               311 	push	acc
   012C 8D 82               312 	mov	dpl,r5
   012E 8E 83               313 	mov	dph,r6
   0130 8F F0               314 	mov	b,r7
   0132 78r00               315 	mov	r0,#_send_packet
   0134 79s00               316 	mov	r1,#(_send_packet >> 8)
   0136 7As00               317 	mov	r2,#(_send_packet >> 16)
   0138 12s00r00            318 	lcall	__sdcc_banked_call
   013B 15 81               319 	dec	sp
   013D 15 81               320 	dec	sp
   013F 15 81               321 	dec	sp
   0141                     322 00103$:
   0141 02s00r00            323 	ljmp	__sdcc_banked_ret
                            324 ;------------------------------------------------------------
                            325 ;Allocation info for local variables in function 'packet_input'
                            326 ;------------------------------------------------------------
                            327 ;	../../../contiki-sensinode//core/net/mac/nullrdc-noframer.c:69: packet_input(void)
                            328 ;	-----------------------------------------
                            329 ;	 function packet_input
                            330 ;	-----------------------------------------
   0144                     331 _packet_input:
                            332 ;	../../../contiki-sensinode//core/net/mac/nullrdc-noframer.c:71: NETSTACK_MAC.input();
   0144 90s00r09            333 	mov	dptr,#(_csma_driver + 0x0009)
   0147 E4                  334 	clr	a
   0148 93                  335 	movc	a,@a+dptr
   0149 FD                  336 	mov	r5,a
   014A A3                  337 	inc	dptr
   014B E4                  338 	clr	a
   014C 93                  339 	movc	a,@a+dptr
   014D FE                  340 	mov	r6,a
   014E A3                  341 	inc	dptr
   014F E4                  342 	clr	a
   0150 93                  343 	movc	a,@a+dptr
   0151 FF                  344 	mov	r7,a
   0152 C0 07               345 	push	ar7
   0154 C0 06               346 	push	ar6
   0156 C0 05               347 	push	ar5
   0158 C0 05               348 	push	ar5
   015A C0 06               349 	push	ar6
   015C C0 07               350 	push	ar7
   015E D0 02               351 	pop	ar2
   0160 D0 01               352 	pop	ar1
   0162 D0 00               353 	pop	ar0
   0164 12s00r00            354 	lcall	__sdcc_banked_call
   0167 D0 05               355 	pop	ar5
   0169 D0 06               356 	pop	ar6
   016B D0 07               357 	pop	ar7
   016D 02s00r00            358 	ljmp	__sdcc_banked_ret
                            359 ;------------------------------------------------------------
                            360 ;Allocation info for local variables in function 'on'
                            361 ;------------------------------------------------------------
                            362 ;	../../../contiki-sensinode//core/net/mac/nullrdc-noframer.c:75: on(void)
                            363 ;	-----------------------------------------
                            364 ;	 function on
                            365 ;	-----------------------------------------
   0170                     366 _on:
                            367 ;	../../../contiki-sensinode//core/net/mac/nullrdc-noframer.c:77: return NETSTACK_RADIO.on();
   0170 90s00r18            368 	mov	dptr,#(_cc2530_rf_driver + 0x0018)
   0173 E4                  369 	clr	a
   0174 93                  370 	movc	a,@a+dptr
   0175 FD                  371 	mov	r5,a
   0176 A3                  372 	inc	dptr
   0177 E4                  373 	clr	a
   0178 93                  374 	movc	a,@a+dptr
   0179 FE                  375 	mov	r6,a
   017A A3                  376 	inc	dptr
   017B E4                  377 	clr	a
   017C 93                  378 	movc	a,@a+dptr
   017D FF                  379 	mov	r7,a
   017E C0 07               380 	push	ar7
   0180 C0 05               381 	push	ar5
   0182 C0 06               382 	push	ar6
   0184 C0 07               383 	push	ar7
   0186 D0 02               384 	pop	ar2
   0188 D0 01               385 	pop	ar1
   018A D0 00               386 	pop	ar0
   018C 12s00r00            387 	lcall	__sdcc_banked_call
   018F AD 82               388 	mov	r5,dpl
   0191 AE 83               389 	mov	r6,dph
   0193 D0 07               390 	pop	ar7
   0195 8D 82               391 	mov	dpl,r5
   0197 8E 83               392 	mov	dph,r6
   0199 02s00r00            393 	ljmp	__sdcc_banked_ret
                            394 ;------------------------------------------------------------
                            395 ;Allocation info for local variables in function 'off'
                            396 ;------------------------------------------------------------
                            397 ;keep_radio_on             Allocated to registers r6 r7 
                            398 ;------------------------------------------------------------
                            399 ;	../../../contiki-sensinode//core/net/mac/nullrdc-noframer.c:81: off(int keep_radio_on)
                            400 ;	-----------------------------------------
                            401 ;	 function off
                            402 ;	-----------------------------------------
   019C                     403 _off:
   019C AE 82               404 	mov	r6,dpl
   019E AF 83               405 	mov	r7,dph
                            406 ;	../../../contiki-sensinode//core/net/mac/nullrdc-noframer.c:83: if(keep_radio_on) {
   01A0 EE                  407 	mov	a,r6
   01A1 4F                  408 	orl	a,r7
   01A2 60 2B               409 	jz	00102$
                            410 ;	../../../contiki-sensinode//core/net/mac/nullrdc-noframer.c:84: return NETSTACK_RADIO.on();
   01A4 90s00r18            411 	mov	dptr,#(_cc2530_rf_driver + 0x0018)
   01A7 E4                  412 	clr	a
   01A8 93                  413 	movc	a,@a+dptr
   01A9 FD                  414 	mov	r5,a
   01AA A3                  415 	inc	dptr
   01AB E4                  416 	clr	a
   01AC 93                  417 	movc	a,@a+dptr
   01AD FE                  418 	mov	r6,a
   01AE A3                  419 	inc	dptr
   01AF E4                  420 	clr	a
   01B0 93                  421 	movc	a,@a+dptr
   01B1 FF                  422 	mov	r7,a
   01B2 C0 07               423 	push	ar7
   01B4 C0 05               424 	push	ar5
   01B6 C0 06               425 	push	ar6
   01B8 C0 07               426 	push	ar7
   01BA D0 02               427 	pop	ar2
   01BC D0 01               428 	pop	ar1
   01BE D0 00               429 	pop	ar0
   01C0 12s00r00            430 	lcall	__sdcc_banked_call
   01C3 AD 82               431 	mov	r5,dpl
   01C5 AE 83               432 	mov	r6,dph
   01C7 D0 07               433 	pop	ar7
   01C9 8D 82               434 	mov	dpl,r5
   01CB 8E 83               435 	mov	dph,r6
   01CD 80 29               436 	sjmp	00104$
   01CF                     437 00102$:
                            438 ;	../../../contiki-sensinode//core/net/mac/nullrdc-noframer.c:86: return NETSTACK_RADIO.off();
   01CF 90s00r1B            439 	mov	dptr,#(_cc2530_rf_driver + 0x001b)
   01D2 E4                  440 	clr	a
   01D3 93                  441 	movc	a,@a+dptr
   01D4 FD                  442 	mov	r5,a
   01D5 A3                  443 	inc	dptr
   01D6 E4                  444 	clr	a
   01D7 93                  445 	movc	a,@a+dptr
   01D8 FE                  446 	mov	r6,a
   01D9 A3                  447 	inc	dptr
   01DA E4                  448 	clr	a
   01DB 93                  449 	movc	a,@a+dptr
   01DC FF                  450 	mov	r7,a
   01DD C0 07               451 	push	ar7
   01DF C0 05               452 	push	ar5
   01E1 C0 06               453 	push	ar6
   01E3 C0 07               454 	push	ar7
   01E5 D0 02               455 	pop	ar2
   01E7 D0 01               456 	pop	ar1
   01E9 D0 00               457 	pop	ar0
   01EB 12s00r00            458 	lcall	__sdcc_banked_call
   01EE AD 82               459 	mov	r5,dpl
   01F0 AE 83               460 	mov	r6,dph
   01F2 D0 07               461 	pop	ar7
   01F4 8D 82               462 	mov	dpl,r5
   01F6 8E 83               463 	mov	dph,r6
   01F8                     464 00104$:
   01F8 02s00r00            465 	ljmp	__sdcc_banked_ret
                            466 ;------------------------------------------------------------
                            467 ;Allocation info for local variables in function 'channel_check_interval'
                            468 ;------------------------------------------------------------
                            469 ;	../../../contiki-sensinode//core/net/mac/nullrdc-noframer.c:91: channel_check_interval(void)
                            470 ;	-----------------------------------------
                            471 ;	 function channel_check_interval
                            472 ;	-----------------------------------------
   01FB                     473 _channel_check_interval:
                            474 ;	../../../contiki-sensinode//core/net/mac/nullrdc-noframer.c:93: return 0;
   01FB 90 00 00            475 	mov	dptr,#0x0000
   01FE 02s00r00            476 	ljmp	__sdcc_banked_ret
                            477 ;------------------------------------------------------------
                            478 ;Allocation info for local variables in function 'init'
                            479 ;------------------------------------------------------------
                            480 ;	../../../contiki-sensinode//core/net/mac/nullrdc-noframer.c:97: init(void)
                            481 ;	-----------------------------------------
                            482 ;	 function init
                            483 ;	-----------------------------------------
   0201                     484 _init:
                            485 ;	../../../contiki-sensinode//core/net/mac/nullrdc-noframer.c:99: on();
   0201 78r70               486 	mov	r0,#_on
   0203 79s01               487 	mov	r1,#(_on >> 8)
   0205 7As00               488 	mov	r2,#(_on >> 16)
   0207 12s00r00            489 	lcall	__sdcc_banked_call
   020A 02s00r00            490 	ljmp	__sdcc_banked_ret
                            491 	.area CSEG    (CODE)
                            492 	.area CONST   (CODE)
   0000                     493 _nullrdc_noframer_driver:
   0000r18s00 80            494 	.byte _str_0,(_str_0 >> 8),#0x80
   0003r01s02s00            495 	.byte _init,(_init >> 8),(_init >> 16)
   0006r00s00s00            496 	.byte _send_packet,(_send_packet >> 8),(_send_packet >> 16)
   0009rC9s00s00            497 	.byte _send_list,(_send_list >> 8),(_send_list >> 16)
   000Cr44s01s00            498 	.byte _packet_input,(_packet_input >> 8),(_packet_input >> 16)
   000Fr70s01s00            499 	.byte _on,(_on >> 8),(_on >> 16)
   0012r9Cs01s00            500 	.byte _off,(_off >> 8),(_off >> 16)
   0015rFBs01s00            501 	.byte _channel_check_interval,(_channel_check_interval >> 8),(_channel_check_interval >> 16)
   0018                     502 _str_0:
   0018 6E 75 6C 6C 72 64   503 	.ascii "nullrdc-noframer"
        63 2D 6E 6F 66 72
        61 6D 65 72
   0028 00                  504 	.db 0x00
                            505 	.area XINIT   (CODE)
                            506 	.area CABS    (ABS,CODE)
