                              1 ;--------------------------------------------------------
                              2 ; File Created by SDCC : free open source ANSI-C Compiler
                              3 ; Version 3.1.1 #7100 (Oct 29 2014) (Linux)
                              4 ; This file was generated Wed Dec  2 18:11:04 2015
                              5 ;--------------------------------------------------------
                              6 	.module port2_intr
                              7 	.optsdcc -mmcs51 --model-huge
                              8 	
                              9 ;--------------------------------------------------------
                             10 ; Public variables in this module
                             11 ;--------------------------------------------------------
                             12 	.globl _port_2_isr
                             13 	.globl _ACTIVE
                             14 	.globl _TX_BYTE
                             15 	.globl _RX_BYTE
                             16 	.globl _ERR
                             17 	.globl _FE
                             18 	.globl _SLAVE
                             19 	.globl _RE
                             20 	.globl _MODE
                             21 	.globl _T3OVFIF
                             22 	.globl _T3CH0IF
                             23 	.globl _T3CH1IF
                             24 	.globl _T4OVFIF
                             25 	.globl _T4CH0IF
                             26 	.globl _T4CH1IF
                             27 	.globl _OVFIM
                             28 	.globl _B_0
                             29 	.globl _B_1
                             30 	.globl _B_2
                             31 	.globl _B_3
                             32 	.globl _B_4
                             33 	.globl _B_5
                             34 	.globl _B_6
                             35 	.globl _B_7
                             36 	.globl _P2IF
                             37 	.globl _UTX0IF
                             38 	.globl _UTX1IF
                             39 	.globl _P1IF
                             40 	.globl _WDTIF
                             41 	.globl _ACC_0
                             42 	.globl _ACC_1
                             43 	.globl _ACC_2
                             44 	.globl _ACC_3
                             45 	.globl _ACC_4
                             46 	.globl _ACC_5
                             47 	.globl _ACC_6
                             48 	.globl _ACC_7
                             49 	.globl _P
                             50 	.globl _F1
                             51 	.globl _OV
                             52 	.globl _RS0
                             53 	.globl _RS1
                             54 	.globl _F0
                             55 	.globl _AC
                             56 	.globl _CY
                             57 	.globl _DMAIF
                             58 	.globl _T1IF
                             59 	.globl _T2IF
                             60 	.globl _T3IF
                             61 	.globl _T4IF
                             62 	.globl _P0IF
                             63 	.globl _STIF
                             64 	.globl _DMAIE
                             65 	.globl _T1IE
                             66 	.globl _T2IE
                             67 	.globl _T3IE
                             68 	.globl _T4IE
                             69 	.globl _P0IE
                             70 	.globl _RFERRIE
                             71 	.globl _ADCIE
                             72 	.globl _URX0IE
                             73 	.globl _URX1IE
                             74 	.globl _ENCIE
                             75 	.globl _STIE
                             76 	.globl _EA
                             77 	.globl _P2_0
                             78 	.globl _P2_1
                             79 	.globl _P2_2
                             80 	.globl _P2_3
                             81 	.globl _P2_4
                             82 	.globl _P2_5
                             83 	.globl _P2_6
                             84 	.globl _P2_7
                             85 	.globl _ENCIF_0
                             86 	.globl _ENCIF_1
                             87 	.globl _P1_0
                             88 	.globl _P1_1
                             89 	.globl _P1_2
                             90 	.globl _P1_3
                             91 	.globl _P1_4
                             92 	.globl _P1_5
                             93 	.globl _P1_6
                             94 	.globl _P1_7
                             95 	.globl _IT0
                             96 	.globl _RFERRIF
                             97 	.globl _IT1
                             98 	.globl _URX0IF
                             99 	.globl _ADCIF
                            100 	.globl _URX1IF
                            101 	.globl _P0_0
                            102 	.globl _P0_1
                            103 	.globl _P0_2
                            104 	.globl _P0_3
                            105 	.globl _P0_4
                            106 	.globl _P0_5
                            107 	.globl _P0_6
                            108 	.globl _P0_7
                            109 	.globl _WDCTL
                            110 	.globl _U1GCR
                            111 	.globl _U1UCR
                            112 	.globl _U1BAUD
                            113 	.globl _U1DBUF
                            114 	.globl _U1CSR
                            115 	.globl _U0GCR
                            116 	.globl _U0UCR
                            117 	.globl _U0BAUD
                            118 	.globl _U0DBUF
                            119 	.globl _U0CSR
                            120 	.globl _TIMIF
                            121 	.globl _T4CC1
                            122 	.globl _T4CCTL1
                            123 	.globl _T4CC0
                            124 	.globl _T4CCTL0
                            125 	.globl _T4CTL
                            126 	.globl _T4CNT
                            127 	.globl _T3CC1
                            128 	.globl _T3CCTL1
                            129 	.globl _T3CC0
                            130 	.globl _T3CCTL0
                            131 	.globl _T3CTL
                            132 	.globl _T3CNT
                            133 	.globl _T2MSEL
                            134 	.globl _T2IRQM
                            135 	.globl _T2MOVF2
                            136 	.globl _T2MOVF1
                            137 	.globl _T2MOVF0
                            138 	.globl _T2M1
                            139 	.globl _T2M0
                            140 	.globl _T2IRQF
                            141 	.globl _T2EVTCFG
                            142 	.globl _T2CTRL
                            143 	.globl _T1STAT
                            144 	.globl _T1CCTL2
                            145 	.globl _T1CCTL1
                            146 	.globl _T1CCTL0
                            147 	.globl _T1CTL
                            148 	.globl _T1CNTH
                            149 	.globl _T1CNTL
                            150 	.globl _T1CC2H
                            151 	.globl _T1CC2L
                            152 	.globl _T1CC1H
                            153 	.globl _T1CC1L
                            154 	.globl _T1CC0H
                            155 	.globl _T1CC0L
                            156 	.globl _CLKCONSTA
                            157 	.globl _CLKCONCMD
                            158 	.globl _SLEEPSTA
                            159 	.globl _SLEEPCMD
                            160 	.globl _STLOAD
                            161 	.globl _ST2
                            162 	.globl _ST1
                            163 	.globl _ST0
                            164 	.globl _RFERRF
                            165 	.globl _RFIRQF0
                            166 	.globl _RFST
                            167 	.globl _RFD
                            168 	.globl _RFIRQF1
                            169 	.globl _PSBANK
                            170 	.globl _FMAP
                            171 	.globl _MEMCTR
                            172 	.globl __XPAGE
                            173 	.globl _MPAGE
                            174 	.globl _PMUX
                            175 	.globl _P2DIR
                            176 	.globl _P1DIR
                            177 	.globl _P0DIR
                            178 	.globl _P2INP
                            179 	.globl _P1INP
                            180 	.globl _P2SEL
                            181 	.globl _P1SEL
                            182 	.globl _P0SEL
                            183 	.globl _APCFG
                            184 	.globl _PERCFG
                            185 	.globl _P0INP
                            186 	.globl _P2IEN
                            187 	.globl _P1IEN
                            188 	.globl _P0IEN
                            189 	.globl _PICTL
                            190 	.globl _P2IFG
                            191 	.globl _P1IFG
                            192 	.globl _P0IFG
                            193 	.globl _DMAREQ
                            194 	.globl _DMAARM
                            195 	.globl _DMA0CFGH
                            196 	.globl _DMA0CFGL
                            197 	.globl _DMA1CFGH
                            198 	.globl _DMA1CFGL
                            199 	.globl _DMAIRQ
                            200 	.globl _ENCCS
                            201 	.globl _ENCDO
                            202 	.globl _ENCDI
                            203 	.globl _RNDH
                            204 	.globl _RNDL
                            205 	.globl _ADCH
                            206 	.globl _ADCL
                            207 	.globl _ADCCON3
                            208 	.globl _ADCCON2
                            209 	.globl _ADCCON1
                            210 	.globl _B
                            211 	.globl _IRCON2
                            212 	.globl _ACC
                            213 	.globl _PSW
                            214 	.globl _IRCON
                            215 	.globl _IP1
                            216 	.globl _IEN1
                            217 	.globl _IP0
                            218 	.globl _IEN0
                            219 	.globl _P2
                            220 	.globl _S1CON
                            221 	.globl _IEN2
                            222 	.globl _S0CON
                            223 	.globl _DPS
                            224 	.globl _P1
                            225 	.globl _TCON
                            226 	.globl _PCON
                            227 	.globl _DPH1
                            228 	.globl _DPL1
                            229 	.globl _DPH0
                            230 	.globl _DPL0
                            231 	.globl _SP
                            232 	.globl _P0
                            233 	.globl _X_IEEE_ADDR
                            234 	.globl _X_INFOPAGE
                            235 	.globl _X_P2DIR
                            236 	.globl _X_P1DIR
                            237 	.globl _X_P0DIR
                            238 	.globl _X_U1GCR
                            239 	.globl _X_U1UCR
                            240 	.globl _X_U1BAUD
                            241 	.globl _X_U1DBUF
                            242 	.globl _X_U1CSR
                            243 	.globl _X_P2INP
                            244 	.globl _X_P1INP
                            245 	.globl _X_P2SEL
                            246 	.globl _X_P1SEL
                            247 	.globl _X_P0SEL
                            248 	.globl _X_APCFG
                            249 	.globl _X_PERCFG
                            250 	.globl _X_T4CC1
                            251 	.globl _X_T4CCTL1
                            252 	.globl _X_T4CC0
                            253 	.globl _X_T4CCTL0
                            254 	.globl _X_T4CTL
                            255 	.globl _X_T4CNT
                            256 	.globl _X_RFIRQF0
                            257 	.globl _X_T1CCTL2
                            258 	.globl _X_T1CCTL1
                            259 	.globl _X_T1CCTL0
                            260 	.globl _X_T1CTL
                            261 	.globl _X_T1CNTH
                            262 	.globl _X_T1CNTL
                            263 	.globl _X_RFST
                            264 	.globl _X_T1CC2H
                            265 	.globl _X_T1CC2L
                            266 	.globl _X_T1CC1H
                            267 	.globl _X_T1CC1L
                            268 	.globl _X_T1CC0H
                            269 	.globl _X_T1CC0L
                            270 	.globl _X_RFD
                            271 	.globl _X_TIMIF
                            272 	.globl _X_DMAREQ
                            273 	.globl _X_DMAARM
                            274 	.globl _X_DMA0CFGH
                            275 	.globl _X_DMA0CFGL
                            276 	.globl _X_DMA1CFGH
                            277 	.globl _X_DMA1CFGL
                            278 	.globl _X_DMAIRQ
                            279 	.globl _X_T3CC1
                            280 	.globl _X_T3CCTL1
                            281 	.globl _X_T3CC0
                            282 	.globl _X_T3CCTL0
                            283 	.globl _X_T3CTL
                            284 	.globl _X_T3CNT
                            285 	.globl _X_WDCTL
                            286 	.globl _X_MEMCTR
                            287 	.globl _X_CLKCONCMD
                            288 	.globl _X_U0GCR
                            289 	.globl _X_U0UCR
                            290 	.globl _X_T2MSEL
                            291 	.globl _X_U0BAUD
                            292 	.globl _X_U0DBUF
                            293 	.globl _X_RFERRF
                            294 	.globl _X_SLEEPCMD
                            295 	.globl _X_RNDH
                            296 	.globl _X_RNDL
                            297 	.globl _X_ADCH
                            298 	.globl _X_ADCL
                            299 	.globl _X_ADCCON3
                            300 	.globl _X_ADCCON2
                            301 	.globl _X_ADCCON1
                            302 	.globl _X_ENCCS
                            303 	.globl _X_ENCDO
                            304 	.globl _X_ENCDI
                            305 	.globl _X_T1STAT
                            306 	.globl _X_PMUX
                            307 	.globl _X_STLOAD
                            308 	.globl _X_P2IEN
                            309 	.globl _X_P0IEN
                            310 	.globl _X_T2IRQM
                            311 	.globl _X_T2MOVF2
                            312 	.globl _X_T2MOVF1
                            313 	.globl _X_T2MOVF0
                            314 	.globl _X_T2M1
                            315 	.globl _X_T2M0
                            316 	.globl _X_T2IRQF
                            317 	.globl _X_P2
                            318 	.globl _X_PSBANK
                            319 	.globl _X_FMAP
                            320 	.globl _X_CLKCONSTA
                            321 	.globl _X_SLEEPSTA
                            322 	.globl _X_T2EVTCFG
                            323 	.globl _X_ST2
                            324 	.globl _X_ST1
                            325 	.globl _X_ST0
                            326 	.globl _X_T2CTRL
                            327 	.globl _X__XPAGE
                            328 	.globl _X_MPAGE
                            329 	.globl _X_RFIRQF1
                            330 	.globl _X_P1
                            331 	.globl _X_P0INP
                            332 	.globl _X_P1IEN
                            333 	.globl _X_PICTL
                            334 	.globl _X_P2IFG
                            335 	.globl _X_P1IFG
                            336 	.globl _X_P0IFG
                            337 	.globl _X_U0CSR
                            338 	.globl _X_P0
                            339 	.globl _USBF5
                            340 	.globl _USBF4
                            341 	.globl _USBF3
                            342 	.globl _USBF2
                            343 	.globl _USBF1
                            344 	.globl _USBF0
                            345 	.globl _USBCNTH
                            346 	.globl _USBCNTL
                            347 	.globl _USBCNT0
                            348 	.globl _USBCSOH
                            349 	.globl _USBCSOL
                            350 	.globl _USBMAXO
                            351 	.globl _USBCSIH
                            352 	.globl _USBCSIL
                            353 	.globl _USBCS0
                            354 	.globl _USBMAXI
                            355 	.globl _USBCTRL
                            356 	.globl _USBINDEX
                            357 	.globl _USBFRMH
                            358 	.globl _USBFRML
                            359 	.globl _USBCIE
                            360 	.globl _USBOIE
                            361 	.globl _USBIIE
                            362 	.globl _USBCIF
                            363 	.globl _USBOIF
                            364 	.globl _USBIIF
                            365 	.globl _USBPOW
                            366 	.globl _USBADDR
                            367 	.globl _CSPT
                            368 	.globl _CSPZ
                            369 	.globl _CSPY
                            370 	.globl _CSPX
                            371 	.globl _CSPSTAT
                            372 	.globl _CSPCTRL
                            373 	.globl _CSPPROG23
                            374 	.globl _CSPPROG22
                            375 	.globl _CSPPROG21
                            376 	.globl _CSPPROG20
                            377 	.globl _CSPPROG19
                            378 	.globl _CSPPROG18
                            379 	.globl _CSPPROG17
                            380 	.globl _CSPPROG16
                            381 	.globl _CSPPROG15
                            382 	.globl _CSPPROG14
                            383 	.globl _CSPPROG13
                            384 	.globl _CSPPROG12
                            385 	.globl _CSPPROG11
                            386 	.globl _CSPPROG10
                            387 	.globl _CSPPROG9
                            388 	.globl _CSPPROG8
                            389 	.globl _CSPPROG7
                            390 	.globl _CSPPROG6
                            391 	.globl _CSPPROG5
                            392 	.globl _CSPPROG4
                            393 	.globl _CSPPROG3
                            394 	.globl _CSPPROG2
                            395 	.globl _CSPPROG1
                            396 	.globl _CSPPROG0
                            397 	.globl _RFC_OBS_CTRL2
                            398 	.globl _RFC_OBS_CTRL1
                            399 	.globl _RFC_OBS_CTRL0
                            400 	.globl _TXFILTCFG
                            401 	.globl _PTEST1
                            402 	.globl _PTEST0
                            403 	.globl _ATEST
                            404 	.globl _DACTEST2
                            405 	.globl _DACTEST1
                            406 	.globl _DACTEST0
                            407 	.globl _MDMTEST1
                            408 	.globl _MDMTEST0
                            409 	.globl _ADCTEST2
                            410 	.globl _ADCTEST1
                            411 	.globl _ADCTEST0
                            412 	.globl _AGCCTRL3
                            413 	.globl _AGCCTRL2
                            414 	.globl _AGCCTRL1
                            415 	.globl _AGCCTRL0
                            416 	.globl _FSCAL3
                            417 	.globl _FSCAL2
                            418 	.globl _FSCAL1
                            419 	.globl _FSCAL0
                            420 	.globl _FSCTRL
                            421 	.globl _RXCTRL
                            422 	.globl _FREQEST
                            423 	.globl _MDMCTRL1
                            424 	.globl _MDMCTRL0
                            425 	.globl _RFRND
                            426 	.globl _RFERRM
                            427 	.globl _RFIRQM1
                            428 	.globl _RFIRQM0
                            429 	.globl _TXLAST_PTR
                            430 	.globl _TXFIRST_PTR
                            431 	.globl _RXP1_PTR
                            432 	.globl _RXLAST_PTR
                            433 	.globl _RXFIRST_PTR
                            434 	.globl _TXFIFOCNT
                            435 	.globl _RXFIFOCNT
                            436 	.globl _RXFIRST
                            437 	.globl _RSSISTAT
                            438 	.globl _RSSI
                            439 	.globl _CCACTRL1
                            440 	.globl _CCACTRL0
                            441 	.globl _FSMCTRL
                            442 	.globl _FIFOPCTRL
                            443 	.globl _FSMSTAT1
                            444 	.globl _FSMSTAT0
                            445 	.globl _TXCTRL
                            446 	.globl _TXPOWER
                            447 	.globl _FREQCTRL
                            448 	.globl _FREQTUNE
                            449 	.globl _RXMASKCLR
                            450 	.globl _RXMASKSET
                            451 	.globl _RXENABLE
                            452 	.globl _FRMCTRL1
                            453 	.globl _FRMCTRL0
                            454 	.globl _SRCEXTEN2
                            455 	.globl _SRCEXTEN1
                            456 	.globl _SRCEXTEN0
                            457 	.globl _SRCSHORTEN2
                            458 	.globl _SRCSHORTEN1
                            459 	.globl _SRCSHORTEN0
                            460 	.globl _SRCMATCH
                            461 	.globl _FRMFILT1
                            462 	.globl _FRMFILT0
                            463 	.globl _SHORT_ADDR1
                            464 	.globl _SHORT_ADDR0
                            465 	.globl _PAN_ID1
                            466 	.globl _PAN_ID0
                            467 	.globl _EXT_ADDR7
                            468 	.globl _EXT_ADDR6
                            469 	.globl _EXT_ADDR5
                            470 	.globl _EXT_ADDR4
                            471 	.globl _EXT_ADDR3
                            472 	.globl _EXT_ADDR2
                            473 	.globl _EXT_ADDR1
                            474 	.globl _EXT_ADDR0
                            475 	.globl _SRCSHORTPENDEN2
                            476 	.globl _SRCSHORTPENDEN1
                            477 	.globl _SRCSHORTPENDEN0
                            478 	.globl _SRCEXTPENDEN2
                            479 	.globl _SRCEXTPENDEN1
                            480 	.globl _SRCEXTPENDEN0
                            481 	.globl _SRCRESINDEX
                            482 	.globl _SRCRESMASK2
                            483 	.globl _SRCRESMASK1
                            484 	.globl _SRCRESMASK0
                            485 	.globl _SRC_ADDR_TABLE
                            486 	.globl _TXFIFO
                            487 	.globl _RXFIFO
                            488 	.globl _RFCORE_RAM
                            489 	.globl _CMPCTL
                            490 	.globl _OPAMPS
                            491 	.globl _OPAMPC
                            492 	.globl _STCV2
                            493 	.globl _STCV1
                            494 	.globl _STCV0
                            495 	.globl _STCS
                            496 	.globl _STCC
                            497 	.globl _T1CC4H
                            498 	.globl _T1CC4L
                            499 	.globl _T1CC3H
                            500 	.globl _T1CC3L
                            501 	.globl _XX_T1CC2H
                            502 	.globl _XX_T1CC2L
                            503 	.globl _XX_T1CC1H
                            504 	.globl _XX_T1CC1L
                            505 	.globl _XX_T1CC0H
                            506 	.globl _XX_T1CC0L
                            507 	.globl _T1CCTL4
                            508 	.globl _T1CCTL3
                            509 	.globl _XX_T1CCTL2
                            510 	.globl _XX_T1CCTL1
                            511 	.globl _XX_T1CCTL0
                            512 	.globl _CLD
                            513 	.globl _IRCTL
                            514 	.globl _CHIPINFO1
                            515 	.globl _CHIPINFO0
                            516 	.globl _FWDATA
                            517 	.globl _FADDRH
                            518 	.globl _FADDRL
                            519 	.globl _FCTL
                            520 	.globl _IVCTRL
                            521 	.globl _BATTMON
                            522 	.globl _SRCRC
                            523 	.globl _DBGDATA
                            524 	.globl _TESTREG0
                            525 	.globl _CHIPID
                            526 	.globl _CHVER
                            527 	.globl _OBSSEL5
                            528 	.globl _OBSSEL4
                            529 	.globl _OBSSEL3
                            530 	.globl _OBSSEL2
                            531 	.globl _OBSSEL1
                            532 	.globl _OBSSEL0
                            533 	.globl _I2CIO
                            534 	.globl _I2CWC
                            535 	.globl _I2CADDR
                            536 	.globl _I2CDATA
                            537 	.globl _I2CSTAT
                            538 	.globl _I2CCFG
                            539 	.globl _OPAMPMC
                            540 	.globl _MONMUX
                            541 ;--------------------------------------------------------
                            542 ; special function registers
                            543 ;--------------------------------------------------------
                            544 	.area RSEG    (ABS,DATA)
   0000                     545 	.org 0x0000
                    0080    546 _P0	=	0x0080
                    0081    547 _SP	=	0x0081
                    0082    548 _DPL0	=	0x0082
                    0083    549 _DPH0	=	0x0083
                    0084    550 _DPL1	=	0x0084
                    0085    551 _DPH1	=	0x0085
                    0087    552 _PCON	=	0x0087
                    0088    553 _TCON	=	0x0088
                    0090    554 _P1	=	0x0090
                    0092    555 _DPS	=	0x0092
                    0098    556 _S0CON	=	0x0098
                    009A    557 _IEN2	=	0x009a
                    009B    558 _S1CON	=	0x009b
                    00A0    559 _P2	=	0x00a0
                    00A8    560 _IEN0	=	0x00a8
                    00A9    561 _IP0	=	0x00a9
                    00B8    562 _IEN1	=	0x00b8
                    00B9    563 _IP1	=	0x00b9
                    00C0    564 _IRCON	=	0x00c0
                    00D0    565 _PSW	=	0x00d0
                    00E0    566 _ACC	=	0x00e0
                    00E8    567 _IRCON2	=	0x00e8
                    00F0    568 _B	=	0x00f0
                    00B4    569 _ADCCON1	=	0x00b4
                    00B5    570 _ADCCON2	=	0x00b5
                    00B6    571 _ADCCON3	=	0x00b6
                    00BA    572 _ADCL	=	0x00ba
                    00BB    573 _ADCH	=	0x00bb
                    00BC    574 _RNDL	=	0x00bc
                    00BD    575 _RNDH	=	0x00bd
                    00B1    576 _ENCDI	=	0x00b1
                    00B2    577 _ENCDO	=	0x00b2
                    00B3    578 _ENCCS	=	0x00b3
                    00D1    579 _DMAIRQ	=	0x00d1
                    00D2    580 _DMA1CFGL	=	0x00d2
                    00D3    581 _DMA1CFGH	=	0x00d3
                    00D4    582 _DMA0CFGL	=	0x00d4
                    00D5    583 _DMA0CFGH	=	0x00d5
                    00D6    584 _DMAARM	=	0x00d6
                    00D7    585 _DMAREQ	=	0x00d7
                    0089    586 _P0IFG	=	0x0089
                    008A    587 _P1IFG	=	0x008a
                    008B    588 _P2IFG	=	0x008b
                    008C    589 _PICTL	=	0x008c
                    00AB    590 _P0IEN	=	0x00ab
                    008D    591 _P1IEN	=	0x008d
                    00AC    592 _P2IEN	=	0x00ac
                    008F    593 _P0INP	=	0x008f
                    00F1    594 _PERCFG	=	0x00f1
                    00F2    595 _APCFG	=	0x00f2
                    00F3    596 _P0SEL	=	0x00f3
                    00F4    597 _P1SEL	=	0x00f4
                    00F5    598 _P2SEL	=	0x00f5
                    00F6    599 _P1INP	=	0x00f6
                    00F7    600 _P2INP	=	0x00f7
                    00FD    601 _P0DIR	=	0x00fd
                    00FE    602 _P1DIR	=	0x00fe
                    00FF    603 _P2DIR	=	0x00ff
                    00AE    604 _PMUX	=	0x00ae
                    0093    605 _MPAGE	=	0x0093
                    0093    606 __XPAGE	=	0x0093
                    00C7    607 _MEMCTR	=	0x00c7
                    009F    608 _FMAP	=	0x009f
                    009F    609 _PSBANK	=	0x009f
                    0091    610 _RFIRQF1	=	0x0091
                    00D9    611 _RFD	=	0x00d9
                    00E1    612 _RFST	=	0x00e1
                    00E9    613 _RFIRQF0	=	0x00e9
                    00BF    614 _RFERRF	=	0x00bf
                    0095    615 _ST0	=	0x0095
                    0096    616 _ST1	=	0x0096
                    0097    617 _ST2	=	0x0097
                    00AD    618 _STLOAD	=	0x00ad
                    00BE    619 _SLEEPCMD	=	0x00be
                    009D    620 _SLEEPSTA	=	0x009d
                    00C6    621 _CLKCONCMD	=	0x00c6
                    009E    622 _CLKCONSTA	=	0x009e
                    00DA    623 _T1CC0L	=	0x00da
                    00DB    624 _T1CC0H	=	0x00db
                    00DC    625 _T1CC1L	=	0x00dc
                    00DD    626 _T1CC1H	=	0x00dd
                    00DE    627 _T1CC2L	=	0x00de
                    00DF    628 _T1CC2H	=	0x00df
                    00E2    629 _T1CNTL	=	0x00e2
                    00E3    630 _T1CNTH	=	0x00e3
                    00E4    631 _T1CTL	=	0x00e4
                    00E5    632 _T1CCTL0	=	0x00e5
                    00E6    633 _T1CCTL1	=	0x00e6
                    00E7    634 _T1CCTL2	=	0x00e7
                    00AF    635 _T1STAT	=	0x00af
                    0094    636 _T2CTRL	=	0x0094
                    009C    637 _T2EVTCFG	=	0x009c
                    00A1    638 _T2IRQF	=	0x00a1
                    00A2    639 _T2M0	=	0x00a2
                    00A3    640 _T2M1	=	0x00a3
                    00A4    641 _T2MOVF0	=	0x00a4
                    00A5    642 _T2MOVF1	=	0x00a5
                    00A6    643 _T2MOVF2	=	0x00a6
                    00A7    644 _T2IRQM	=	0x00a7
                    00C3    645 _T2MSEL	=	0x00c3
                    00CA    646 _T3CNT	=	0x00ca
                    00CB    647 _T3CTL	=	0x00cb
                    00CC    648 _T3CCTL0	=	0x00cc
                    00CD    649 _T3CC0	=	0x00cd
                    00CE    650 _T3CCTL1	=	0x00ce
                    00CF    651 _T3CC1	=	0x00cf
                    00EA    652 _T4CNT	=	0x00ea
                    00EB    653 _T4CTL	=	0x00eb
                    00EC    654 _T4CCTL0	=	0x00ec
                    00ED    655 _T4CC0	=	0x00ed
                    00EE    656 _T4CCTL1	=	0x00ee
                    00EF    657 _T4CC1	=	0x00ef
                    00D8    658 _TIMIF	=	0x00d8
                    0086    659 _U0CSR	=	0x0086
                    00C1    660 _U0DBUF	=	0x00c1
                    00C2    661 _U0BAUD	=	0x00c2
                    00C4    662 _U0UCR	=	0x00c4
                    00C5    663 _U0GCR	=	0x00c5
                    00F8    664 _U1CSR	=	0x00f8
                    00F9    665 _U1DBUF	=	0x00f9
                    00FA    666 _U1BAUD	=	0x00fa
                    00FB    667 _U1UCR	=	0x00fb
                    00FC    668 _U1GCR	=	0x00fc
                    00C9    669 _WDCTL	=	0x00c9
                            670 ;--------------------------------------------------------
                            671 ; special function bits
                            672 ;--------------------------------------------------------
                            673 	.area RSEG    (ABS,DATA)
   0000                     674 	.org 0x0000
                    0087    675 _P0_7	=	0x0087
                    0086    676 _P0_6	=	0x0086
                    0085    677 _P0_5	=	0x0085
                    0084    678 _P0_4	=	0x0084
                    0083    679 _P0_3	=	0x0083
                    0082    680 _P0_2	=	0x0082
                    0081    681 _P0_1	=	0x0081
                    0080    682 _P0_0	=	0x0080
                    008F    683 _URX1IF	=	0x008f
                    008D    684 _ADCIF	=	0x008d
                    008B    685 _URX0IF	=	0x008b
                    008A    686 _IT1	=	0x008a
                    0089    687 _RFERRIF	=	0x0089
                    0088    688 _IT0	=	0x0088
                    0097    689 _P1_7	=	0x0097
                    0096    690 _P1_6	=	0x0096
                    0095    691 _P1_5	=	0x0095
                    0094    692 _P1_4	=	0x0094
                    0093    693 _P1_3	=	0x0093
                    0092    694 _P1_2	=	0x0092
                    0091    695 _P1_1	=	0x0091
                    0090    696 _P1_0	=	0x0090
                    0099    697 _ENCIF_1	=	0x0099
                    0098    698 _ENCIF_0	=	0x0098
                    00A7    699 _P2_7	=	0x00a7
                    00A6    700 _P2_6	=	0x00a6
                    00A5    701 _P2_5	=	0x00a5
                    00A4    702 _P2_4	=	0x00a4
                    00A3    703 _P2_3	=	0x00a3
                    00A2    704 _P2_2	=	0x00a2
                    00A1    705 _P2_1	=	0x00a1
                    00A0    706 _P2_0	=	0x00a0
                    00AF    707 _EA	=	0x00af
                    00AD    708 _STIE	=	0x00ad
                    00AC    709 _ENCIE	=	0x00ac
                    00AB    710 _URX1IE	=	0x00ab
                    00AA    711 _URX0IE	=	0x00aa
                    00A9    712 _ADCIE	=	0x00a9
                    00A8    713 _RFERRIE	=	0x00a8
                    00BD    714 _P0IE	=	0x00bd
                    00BC    715 _T4IE	=	0x00bc
                    00BB    716 _T3IE	=	0x00bb
                    00BA    717 _T2IE	=	0x00ba
                    00B9    718 _T1IE	=	0x00b9
                    00B8    719 _DMAIE	=	0x00b8
                    00C7    720 _STIF	=	0x00c7
                    00C5    721 _P0IF	=	0x00c5
                    00C4    722 _T4IF	=	0x00c4
                    00C3    723 _T3IF	=	0x00c3
                    00C2    724 _T2IF	=	0x00c2
                    00C1    725 _T1IF	=	0x00c1
                    00C0    726 _DMAIF	=	0x00c0
                    00D7    727 _CY	=	0x00d7
                    00D6    728 _AC	=	0x00d6
                    00D5    729 _F0	=	0x00d5
                    00D4    730 _RS1	=	0x00d4
                    00D3    731 _RS0	=	0x00d3
                    00D2    732 _OV	=	0x00d2
                    00D1    733 _F1	=	0x00d1
                    00D0    734 _P	=	0x00d0
                    00E7    735 _ACC_7	=	0x00e7
                    00E6    736 _ACC_6	=	0x00e6
                    00E5    737 _ACC_5	=	0x00e5
                    00E4    738 _ACC_4	=	0x00e4
                    00E3    739 _ACC_3	=	0x00e3
                    00E2    740 _ACC_2	=	0x00e2
                    00E1    741 _ACC_1	=	0x00e1
                    00E0    742 _ACC_0	=	0x00e0
                    00EC    743 _WDTIF	=	0x00ec
                    00EB    744 _P1IF	=	0x00eb
                    00EA    745 _UTX1IF	=	0x00ea
                    00E9    746 _UTX0IF	=	0x00e9
                    00E8    747 _P2IF	=	0x00e8
                    00F7    748 _B_7	=	0x00f7
                    00F6    749 _B_6	=	0x00f6
                    00F5    750 _B_5	=	0x00f5
                    00F4    751 _B_4	=	0x00f4
                    00F3    752 _B_3	=	0x00f3
                    00F2    753 _B_2	=	0x00f2
                    00F1    754 _B_1	=	0x00f1
                    00F0    755 _B_0	=	0x00f0
                    00DE    756 _OVFIM	=	0x00de
                    00DD    757 _T4CH1IF	=	0x00dd
                    00DC    758 _T4CH0IF	=	0x00dc
                    00DB    759 _T4OVFIF	=	0x00db
                    00DA    760 _T3CH1IF	=	0x00da
                    00D9    761 _T3CH0IF	=	0x00d9
                    00D8    762 _T3OVFIF	=	0x00d8
                    00FF    763 _MODE	=	0x00ff
                    00FE    764 _RE	=	0x00fe
                    00FD    765 _SLAVE	=	0x00fd
                    00FC    766 _FE	=	0x00fc
                    00FB    767 _ERR	=	0x00fb
                    00FA    768 _RX_BYTE	=	0x00fa
                    00F9    769 _TX_BYTE	=	0x00f9
                    00F8    770 _ACTIVE	=	0x00f8
                            771 ;--------------------------------------------------------
                            772 ; overlayable register banks
                            773 ;--------------------------------------------------------
                            774 	.area REG_BANK_0	(REL,OVR,DATA)
   0000                     775 	.ds 8
                            776 ;--------------------------------------------------------
                            777 ; overlayable bit register bank
                            778 ;--------------------------------------------------------
                            779 	.area BIT_BANK	(REL,OVR,DATA)
   0000                     780 bits:
   0000                     781 	.ds 1
                    8000    782 	b0 = bits[0]
                    8100    783 	b1 = bits[1]
                    8200    784 	b2 = bits[2]
                    8300    785 	b3 = bits[3]
                    8400    786 	b4 = bits[4]
                    8500    787 	b5 = bits[5]
                    8600    788 	b6 = bits[6]
                    8700    789 	b7 = bits[7]
                            790 ;--------------------------------------------------------
                            791 ; internal ram data
                            792 ;--------------------------------------------------------
                            793 	.area DSEG    (DATA)
                            794 ;--------------------------------------------------------
                            795 ; overlayable items in internal ram 
                            796 ;--------------------------------------------------------
                            797 	.area OSEG    (OVR,DATA)
                            798 ;--------------------------------------------------------
                            799 ; indirectly addressable internal ram data
                            800 ;--------------------------------------------------------
                            801 	.area ISEG    (DATA)
                            802 ;--------------------------------------------------------
                            803 ; absolute internal ram data
                            804 ;--------------------------------------------------------
                            805 	.area IABS    (ABS,DATA)
                            806 	.area IABS    (ABS,DATA)
                            807 ;--------------------------------------------------------
                            808 ; bit data
                            809 ;--------------------------------------------------------
                            810 	.area BSEG    (BIT)
                            811 ;--------------------------------------------------------
                            812 ; paged external ram data
                            813 ;--------------------------------------------------------
                            814 	.area PSEG    (PAG,XDATA)
                            815 ;--------------------------------------------------------
                            816 ; external ram data
                            817 ;--------------------------------------------------------
                            818 	.area XSEG    (XDATA)
                    61A6    819 _MONMUX	=	0x61a6
                    61A6    820 _OPAMPMC	=	0x61a6
                    6230    821 _I2CCFG	=	0x6230
                    6231    822 _I2CSTAT	=	0x6231
                    6232    823 _I2CDATA	=	0x6232
                    6233    824 _I2CADDR	=	0x6233
                    6234    825 _I2CWC	=	0x6234
                    6235    826 _I2CIO	=	0x6235
                    6243    827 _OBSSEL0	=	0x6243
                    6244    828 _OBSSEL1	=	0x6244
                    6245    829 _OBSSEL2	=	0x6245
                    6246    830 _OBSSEL3	=	0x6246
                    6247    831 _OBSSEL4	=	0x6247
                    6248    832 _OBSSEL5	=	0x6248
                    6249    833 _CHVER	=	0x6249
                    624A    834 _CHIPID	=	0x624a
                    624B    835 _TESTREG0	=	0x624b
                    6260    836 _DBGDATA	=	0x6260
                    6262    837 _SRCRC	=	0x6262
                    6264    838 _BATTMON	=	0x6264
                    6265    839 _IVCTRL	=	0x6265
                    6270    840 _FCTL	=	0x6270
                    6271    841 _FADDRL	=	0x6271
                    6272    842 _FADDRH	=	0x6272
                    6273    843 _FWDATA	=	0x6273
                    6276    844 _CHIPINFO0	=	0x6276
                    6277    845 _CHIPINFO1	=	0x6277
                    6281    846 _IRCTL	=	0x6281
                    6290    847 _CLD	=	0x6290
                    62A0    848 _XX_T1CCTL0	=	0x62a0
                    62A1    849 _XX_T1CCTL1	=	0x62a1
                    62A2    850 _XX_T1CCTL2	=	0x62a2
                    62A3    851 _T1CCTL3	=	0x62a3
                    62A4    852 _T1CCTL4	=	0x62a4
                    62A6    853 _XX_T1CC0L	=	0x62a6
                    62A7    854 _XX_T1CC0H	=	0x62a7
                    62A8    855 _XX_T1CC1L	=	0x62a8
                    62A9    856 _XX_T1CC1H	=	0x62a9
                    62AA    857 _XX_T1CC2L	=	0x62aa
                    62AB    858 _XX_T1CC2H	=	0x62ab
                    62AC    859 _T1CC3L	=	0x62ac
                    62AD    860 _T1CC3H	=	0x62ad
                    62AE    861 _T1CC4L	=	0x62ae
                    62AF    862 _T1CC4H	=	0x62af
                    62B0    863 _STCC	=	0x62b0
                    62B1    864 _STCS	=	0x62b1
                    62B2    865 _STCV0	=	0x62b2
                    62B3    866 _STCV1	=	0x62b3
                    62B4    867 _STCV2	=	0x62b4
                    62C0    868 _OPAMPC	=	0x62c0
                    62C1    869 _OPAMPS	=	0x62c1
                    62D0    870 _CMPCTL	=	0x62d0
                    6000    871 _RFCORE_RAM	=	0x6000
                    6000    872 _RXFIFO	=	0x6000
                    6080    873 _TXFIFO	=	0x6080
                    6100    874 _SRC_ADDR_TABLE	=	0x6100
                    6160    875 _SRCRESMASK0	=	0x6160
                    6161    876 _SRCRESMASK1	=	0x6161
                    6162    877 _SRCRESMASK2	=	0x6162
                    6163    878 _SRCRESINDEX	=	0x6163
                    6164    879 _SRCEXTPENDEN0	=	0x6164
                    6165    880 _SRCEXTPENDEN1	=	0x6165
                    6166    881 _SRCEXTPENDEN2	=	0x6166
                    6167    882 _SRCSHORTPENDEN0	=	0x6167
                    6168    883 _SRCSHORTPENDEN1	=	0x6168
                    6169    884 _SRCSHORTPENDEN2	=	0x6169
                    616A    885 _EXT_ADDR0	=	0x616a
                    616B    886 _EXT_ADDR1	=	0x616b
                    616C    887 _EXT_ADDR2	=	0x616c
                    616D    888 _EXT_ADDR3	=	0x616d
                    616E    889 _EXT_ADDR4	=	0x616e
                    616F    890 _EXT_ADDR5	=	0x616f
                    6170    891 _EXT_ADDR6	=	0x6170
                    6171    892 _EXT_ADDR7	=	0x6171
                    6172    893 _PAN_ID0	=	0x6172
                    6173    894 _PAN_ID1	=	0x6173
                    6174    895 _SHORT_ADDR0	=	0x6174
                    6175    896 _SHORT_ADDR1	=	0x6175
                    6180    897 _FRMFILT0	=	0x6180
                    6181    898 _FRMFILT1	=	0x6181
                    6182    899 _SRCMATCH	=	0x6182
                    6183    900 _SRCSHORTEN0	=	0x6183
                    6184    901 _SRCSHORTEN1	=	0x6184
                    6185    902 _SRCSHORTEN2	=	0x6185
                    6186    903 _SRCEXTEN0	=	0x6186
                    6187    904 _SRCEXTEN1	=	0x6187
                    6188    905 _SRCEXTEN2	=	0x6188
                    6189    906 _FRMCTRL0	=	0x6189
                    618A    907 _FRMCTRL1	=	0x618a
                    618B    908 _RXENABLE	=	0x618b
                    618C    909 _RXMASKSET	=	0x618c
                    618D    910 _RXMASKCLR	=	0x618d
                    618E    911 _FREQTUNE	=	0x618e
                    618F    912 _FREQCTRL	=	0x618f
                    6190    913 _TXPOWER	=	0x6190
                    6191    914 _TXCTRL	=	0x6191
                    6192    915 _FSMSTAT0	=	0x6192
                    6193    916 _FSMSTAT1	=	0x6193
                    6194    917 _FIFOPCTRL	=	0x6194
                    6195    918 _FSMCTRL	=	0x6195
                    6196    919 _CCACTRL0	=	0x6196
                    6197    920 _CCACTRL1	=	0x6197
                    6198    921 _RSSI	=	0x6198
                    6199    922 _RSSISTAT	=	0x6199
                    619A    923 _RXFIRST	=	0x619a
                    619B    924 _RXFIFOCNT	=	0x619b
                    619C    925 _TXFIFOCNT	=	0x619c
                    619D    926 _RXFIRST_PTR	=	0x619d
                    619E    927 _RXLAST_PTR	=	0x619e
                    619F    928 _RXP1_PTR	=	0x619f
                    61A1    929 _TXFIRST_PTR	=	0x61a1
                    61A2    930 _TXLAST_PTR	=	0x61a2
                    61A3    931 _RFIRQM0	=	0x61a3
                    61A4    932 _RFIRQM1	=	0x61a4
                    61A5    933 _RFERRM	=	0x61a5
                    61A7    934 _RFRND	=	0x61a7
                    61A8    935 _MDMCTRL0	=	0x61a8
                    61A9    936 _MDMCTRL1	=	0x61a9
                    61AA    937 _FREQEST	=	0x61aa
                    61AB    938 _RXCTRL	=	0x61ab
                    61AC    939 _FSCTRL	=	0x61ac
                    61AD    940 _FSCAL0	=	0x61ad
                    61AE    941 _FSCAL1	=	0x61ae
                    61AF    942 _FSCAL2	=	0x61af
                    61B0    943 _FSCAL3	=	0x61b0
                    61B1    944 _AGCCTRL0	=	0x61b1
                    61B2    945 _AGCCTRL1	=	0x61b2
                    61B3    946 _AGCCTRL2	=	0x61b3
                    61B4    947 _AGCCTRL3	=	0x61b4
                    61B5    948 _ADCTEST0	=	0x61b5
                    61B6    949 _ADCTEST1	=	0x61b6
                    61B7    950 _ADCTEST2	=	0x61b7
                    61B8    951 _MDMTEST0	=	0x61b8
                    61B9    952 _MDMTEST1	=	0x61b9
                    61BA    953 _DACTEST0	=	0x61ba
                    61BB    954 _DACTEST1	=	0x61bb
                    61BC    955 _DACTEST2	=	0x61bc
                    61BD    956 _ATEST	=	0x61bd
                    61BE    957 _PTEST0	=	0x61be
                    61BF    958 _PTEST1	=	0x61bf
                    61FA    959 _TXFILTCFG	=	0x61fa
                    61EB    960 _RFC_OBS_CTRL0	=	0x61eb
                    61EC    961 _RFC_OBS_CTRL1	=	0x61ec
                    61ED    962 _RFC_OBS_CTRL2	=	0x61ed
                    61C0    963 _CSPPROG0	=	0x61c0
                    61C1    964 _CSPPROG1	=	0x61c1
                    61C2    965 _CSPPROG2	=	0x61c2
                    61C3    966 _CSPPROG3	=	0x61c3
                    61C4    967 _CSPPROG4	=	0x61c4
                    61C5    968 _CSPPROG5	=	0x61c5
                    61C6    969 _CSPPROG6	=	0x61c6
                    61C7    970 _CSPPROG7	=	0x61c7
                    61C8    971 _CSPPROG8	=	0x61c8
                    61C9    972 _CSPPROG9	=	0x61c9
                    61CA    973 _CSPPROG10	=	0x61ca
                    61CB    974 _CSPPROG11	=	0x61cb
                    61CC    975 _CSPPROG12	=	0x61cc
                    61CD    976 _CSPPROG13	=	0x61cd
                    61CE    977 _CSPPROG14	=	0x61ce
                    61CF    978 _CSPPROG15	=	0x61cf
                    61D0    979 _CSPPROG16	=	0x61d0
                    61D1    980 _CSPPROG17	=	0x61d1
                    61D2    981 _CSPPROG18	=	0x61d2
                    61D3    982 _CSPPROG19	=	0x61d3
                    61D4    983 _CSPPROG20	=	0x61d4
                    61D5    984 _CSPPROG21	=	0x61d5
                    61D6    985 _CSPPROG22	=	0x61d6
                    61D7    986 _CSPPROG23	=	0x61d7
                    61E0    987 _CSPCTRL	=	0x61e0
                    61E1    988 _CSPSTAT	=	0x61e1
                    61E2    989 _CSPX	=	0x61e2
                    61E3    990 _CSPY	=	0x61e3
                    61E4    991 _CSPZ	=	0x61e4
                    61E5    992 _CSPT	=	0x61e5
                    6200    993 _USBADDR	=	0x6200
                    6201    994 _USBPOW	=	0x6201
                    6202    995 _USBIIF	=	0x6202
                    6204    996 _USBOIF	=	0x6204
                    6206    997 _USBCIF	=	0x6206
                    6207    998 _USBIIE	=	0x6207
                    6209    999 _USBOIE	=	0x6209
                    620B   1000 _USBCIE	=	0x620b
                    620C   1001 _USBFRML	=	0x620c
                    620D   1002 _USBFRMH	=	0x620d
                    620E   1003 _USBINDEX	=	0x620e
                    620F   1004 _USBCTRL	=	0x620f
                    6210   1005 _USBMAXI	=	0x6210
                    6211   1006 _USBCS0	=	0x6211
                    6211   1007 _USBCSIL	=	0x6211
                    6212   1008 _USBCSIH	=	0x6212
                    6213   1009 _USBMAXO	=	0x6213
                    6214   1010 _USBCSOL	=	0x6214
                    6215   1011 _USBCSOH	=	0x6215
                    6216   1012 _USBCNT0	=	0x6216
                    6216   1013 _USBCNTL	=	0x6216
                    6217   1014 _USBCNTH	=	0x6217
                    6220   1015 _USBF0	=	0x6220
                    6222   1016 _USBF1	=	0x6222
                    6224   1017 _USBF2	=	0x6224
                    6226   1018 _USBF3	=	0x6226
                    6228   1019 _USBF4	=	0x6228
                    622A   1020 _USBF5	=	0x622a
                    7080   1021 _X_P0	=	0x7080
                    7086   1022 _X_U0CSR	=	0x7086
                    7089   1023 _X_P0IFG	=	0x7089
                    708A   1024 _X_P1IFG	=	0x708a
                    708B   1025 _X_P2IFG	=	0x708b
                    708C   1026 _X_PICTL	=	0x708c
                    708D   1027 _X_P1IEN	=	0x708d
                    708F   1028 _X_P0INP	=	0x708f
                    7090   1029 _X_P1	=	0x7090
                    7091   1030 _X_RFIRQF1	=	0x7091
                    7093   1031 _X_MPAGE	=	0x7093
                    7093   1032 _X__XPAGE	=	0x7093
                    7094   1033 _X_T2CTRL	=	0x7094
                    7095   1034 _X_ST0	=	0x7095
                    7096   1035 _X_ST1	=	0x7096
                    7097   1036 _X_ST2	=	0x7097
                    709C   1037 _X_T2EVTCFG	=	0x709c
                    709D   1038 _X_SLEEPSTA	=	0x709d
                    709E   1039 _X_CLKCONSTA	=	0x709e
                    709F   1040 _X_FMAP	=	0x709f
                    709F   1041 _X_PSBANK	=	0x709f
                    70A0   1042 _X_P2	=	0x70a0
                    70A1   1043 _X_T2IRQF	=	0x70a1
                    70A2   1044 _X_T2M0	=	0x70a2
                    70A3   1045 _X_T2M1	=	0x70a3
                    70A4   1046 _X_T2MOVF0	=	0x70a4
                    70A5   1047 _X_T2MOVF1	=	0x70a5
                    70A6   1048 _X_T2MOVF2	=	0x70a6
                    70A7   1049 _X_T2IRQM	=	0x70a7
                    70AB   1050 _X_P0IEN	=	0x70ab
                    70AC   1051 _X_P2IEN	=	0x70ac
                    70AD   1052 _X_STLOAD	=	0x70ad
                    70AE   1053 _X_PMUX	=	0x70ae
                    70AF   1054 _X_T1STAT	=	0x70af
                    70B1   1055 _X_ENCDI	=	0x70b1
                    70B2   1056 _X_ENCDO	=	0x70b2
                    70B3   1057 _X_ENCCS	=	0x70b3
                    70B4   1058 _X_ADCCON1	=	0x70b4
                    70B5   1059 _X_ADCCON2	=	0x70b5
                    70B6   1060 _X_ADCCON3	=	0x70b6
                    70BA   1061 _X_ADCL	=	0x70ba
                    70BB   1062 _X_ADCH	=	0x70bb
                    70BC   1063 _X_RNDL	=	0x70bc
                    70BD   1064 _X_RNDH	=	0x70bd
                    70BE   1065 _X_SLEEPCMD	=	0x70be
                    70BF   1066 _X_RFERRF	=	0x70bf
                    70C1   1067 _X_U0DBUF	=	0x70c1
                    70C2   1068 _X_U0BAUD	=	0x70c2
                    70C3   1069 _X_T2MSEL	=	0x70c3
                    70C4   1070 _X_U0UCR	=	0x70c4
                    70C5   1071 _X_U0GCR	=	0x70c5
                    70C6   1072 _X_CLKCONCMD	=	0x70c6
                    70C7   1073 _X_MEMCTR	=	0x70c7
                    70C9   1074 _X_WDCTL	=	0x70c9
                    70CA   1075 _X_T3CNT	=	0x70ca
                    70CB   1076 _X_T3CTL	=	0x70cb
                    70CC   1077 _X_T3CCTL0	=	0x70cc
                    70CD   1078 _X_T3CC0	=	0x70cd
                    70CE   1079 _X_T3CCTL1	=	0x70ce
                    70CF   1080 _X_T3CC1	=	0x70cf
                    70D1   1081 _X_DMAIRQ	=	0x70d1
                    70D2   1082 _X_DMA1CFGL	=	0x70d2
                    70D3   1083 _X_DMA1CFGH	=	0x70d3
                    70D4   1084 _X_DMA0CFGL	=	0x70d4
                    70D5   1085 _X_DMA0CFGH	=	0x70d5
                    70D6   1086 _X_DMAARM	=	0x70d6
                    70D7   1087 _X_DMAREQ	=	0x70d7
                    70D8   1088 _X_TIMIF	=	0x70d8
                    70D9   1089 _X_RFD	=	0x70d9
                    70DA   1090 _X_T1CC0L	=	0x70da
                    70DB   1091 _X_T1CC0H	=	0x70db
                    70DC   1092 _X_T1CC1L	=	0x70dc
                    70DD   1093 _X_T1CC1H	=	0x70dd
                    70DE   1094 _X_T1CC2L	=	0x70de
                    70DF   1095 _X_T1CC2H	=	0x70df
                    70E1   1096 _X_RFST	=	0x70e1
                    70E2   1097 _X_T1CNTL	=	0x70e2
                    70E3   1098 _X_T1CNTH	=	0x70e3
                    70E4   1099 _X_T1CTL	=	0x70e4
                    70E5   1100 _X_T1CCTL0	=	0x70e5
                    70E6   1101 _X_T1CCTL1	=	0x70e6
                    70E7   1102 _X_T1CCTL2	=	0x70e7
                    70E9   1103 _X_RFIRQF0	=	0x70e9
                    70EA   1104 _X_T4CNT	=	0x70ea
                    70EB   1105 _X_T4CTL	=	0x70eb
                    70EC   1106 _X_T4CCTL0	=	0x70ec
                    70ED   1107 _X_T4CC0	=	0x70ed
                    70EE   1108 _X_T4CCTL1	=	0x70ee
                    70EF   1109 _X_T4CC1	=	0x70ef
                    70F1   1110 _X_PERCFG	=	0x70f1
                    70F2   1111 _X_APCFG	=	0x70f2
                    70F3   1112 _X_P0SEL	=	0x70f3
                    70F4   1113 _X_P1SEL	=	0x70f4
                    70F5   1114 _X_P2SEL	=	0x70f5
                    70F6   1115 _X_P1INP	=	0x70f6
                    70F7   1116 _X_P2INP	=	0x70f7
                    70F8   1117 _X_U1CSR	=	0x70f8
                    70F9   1118 _X_U1DBUF	=	0x70f9
                    70FA   1119 _X_U1BAUD	=	0x70fa
                    70FB   1120 _X_U1UCR	=	0x70fb
                    70FC   1121 _X_U1GCR	=	0x70fc
                    70FD   1122 _X_P0DIR	=	0x70fd
                    70FE   1123 _X_P1DIR	=	0x70fe
                    70FF   1124 _X_P2DIR	=	0x70ff
                    7800   1125 _X_INFOPAGE	=	0x7800
                    780C   1126 _X_IEEE_ADDR	=	0x780c
                           1127 ;--------------------------------------------------------
                           1128 ; absolute external ram data
                           1129 ;--------------------------------------------------------
                           1130 	.area XABS    (ABS,XDATA)
                           1131 ;--------------------------------------------------------
                           1132 ; external initialized ram data
                           1133 ;--------------------------------------------------------
                           1134 	.area XISEG   (XDATA)
                           1135 	.area HOME    (CODE)
                           1136 	.area GSINIT0 (CODE)
                           1137 	.area GSINIT1 (CODE)
                           1138 	.area GSINIT2 (CODE)
                           1139 	.area GSINIT3 (CODE)
                           1140 	.area GSINIT4 (CODE)
                           1141 	.area GSINIT5 (CODE)
                           1142 	.area GSINIT  (CODE)
                           1143 	.area GSFINAL (CODE)
                           1144 	.area CSEG    (CODE)
                           1145 ;--------------------------------------------------------
                           1146 ; global & static initialisations
                           1147 ;--------------------------------------------------------
                           1148 	.area HOME    (CODE)
                           1149 	.area GSINIT  (CODE)
                           1150 	.area GSFINAL (CODE)
                           1151 	.area GSINIT  (CODE)
                           1152 ;--------------------------------------------------------
                           1153 ; Home
                           1154 ;--------------------------------------------------------
                           1155 	.area HOME    (CODE)
                           1156 	.area HOME    (CODE)
                           1157 ;--------------------------------------------------------
                           1158 ; code
                           1159 ;--------------------------------------------------------
                           1160 	.area HOME    (CODE)
                           1161 ;------------------------------------------------------------
                           1162 ;Allocation info for local variables in function 'port_2_isr'
                           1163 ;------------------------------------------------------------
                           1164 ;h                         Allocated to registers r4 r5 r6 
                           1165 ;handled                   Allocated to stack - sp +0
                           1166 ;------------------------------------------------------------
                           1167 ;	../../../contiki-sensinode//cpu/cc253x/dev/port2-intr.c:42: port_2_isr(void) __interrupt(P2INT_VECTOR)
                           1168 ;	-----------------------------------------
                           1169 ;	 function port_2_isr
                           1170 ;	-----------------------------------------
   0000                    1171 _port_2_isr:
                    0007   1172 	ar7 = 0x07
                    0006   1173 	ar6 = 0x06
                    0005   1174 	ar5 = 0x05
                    0004   1175 	ar4 = 0x04
                    0003   1176 	ar3 = 0x03
                    0002   1177 	ar2 = 0x02
                    0001   1178 	ar1 = 0x01
                    0000   1179 	ar0 = 0x00
   0000 C0*00              1180 	push	bits
   0002 C0 E0              1181 	push	acc
   0004 C0 F0              1182 	push	b
   0006 C0 82              1183 	push	dpl
   0008 C0 83              1184 	push	dph
   000A C0 07              1185 	push	(0+7)
   000C C0 06              1186 	push	(0+6)
   000E C0 05              1187 	push	(0+5)
   0010 C0 04              1188 	push	(0+4)
   0012 C0 03              1189 	push	(0+3)
   0014 C0 02              1190 	push	(0+2)
   0016 C0 01              1191 	push	(0+1)
   0018 C0 00              1192 	push	(0+0)
   001A C0 D0              1193 	push	psw
   001C 75 D0 00           1194 	mov	psw,#0x00
   001F 05 81              1195 	inc	sp
                           1196 ;	../../../contiki-sensinode//cpu/cc253x/dev/port2-intr.c:45: uint8_t handled = 0;
   0021 A8 81              1197 	mov	r0,sp
   0023 76 00              1198 	mov	@r0,#0x00
                           1199 ;	../../../contiki-sensinode//cpu/cc253x/dev/port2-intr.c:47: for(h = handlers; h != NULL; h = h->next) {
   0025 90s00r00           1200 	mov	dptr,#_handlers
   0028 E0                 1201 	movx	a,@dptr
   0029 FC                 1202 	mov	r4,a
   002A A3                 1203 	inc	dptr
   002B E0                 1204 	movx	a,@dptr
   002C FD                 1205 	mov	r5,a
   002D A3                 1206 	inc	dptr
   002E E0                 1207 	movx	a,@dptr
   002F FE                 1208 	mov	r6,a
   0030                    1209 00103$:
   0030 E4                 1210 	clr	a
   0031 C0 E0              1211 	push	acc
   0033 E4                 1212 	clr	a
   0034 C0 E0              1213 	push	acc
   0036 E4                 1214 	clr	a
   0037 C0 E0              1215 	push	acc
   0039 8C 82              1216 	mov	dpl,r4
   003B 8D 83              1217 	mov	dph,r5
   003D 8E F0              1218 	mov	b,r6
   003F 12s00r00           1219 	lcall	___gptr_cmp
   0042 15 81              1220 	dec	sp
   0044 15 81              1221 	dec	sp
   0046 15 81              1222 	dec	sp
   0048 60 5D              1223 	jz	00106$
                           1224 ;	../../../contiki-sensinode//cpu/cc253x/dev/port2-intr.c:48: handled |= h->cb();
   004A 74 03              1225 	mov	a,#0x03
   004C 2C                 1226 	add	a,r4
   004D FA                 1227 	mov	r2,a
   004E E4                 1228 	clr	a
   004F 3D                 1229 	addc	a,r5
   0050 FB                 1230 	mov	r3,a
   0051 8E 07              1231 	mov	ar7,r6
   0053 8A 82              1232 	mov	dpl,r2
   0055 8B 83              1233 	mov	dph,r3
   0057 8F F0              1234 	mov	b,r7
   0059 12s00r00           1235 	lcall	__gptrget
   005C FA                 1236 	mov	r2,a
   005D A3                 1237 	inc	dptr
   005E 12s00r00           1238 	lcall	__gptrget
   0061 FB                 1239 	mov	r3,a
   0062 A3                 1240 	inc	dptr
   0063 12s00r00           1241 	lcall	__gptrget
   0066 FF                 1242 	mov	r7,a
   0067 C0 07              1243 	push	ar7
   0069 C0 06              1244 	push	ar6
   006B C0 05              1245 	push	ar5
   006D C0 04              1246 	push	ar4
   006F C0 03              1247 	push	ar3
   0071 C0 02              1248 	push	ar2
   0073 C0 03              1249 	push	ar3
   0075 C0 07              1250 	push	ar7
   0077 D0 02              1251 	pop	ar2
   0079 D0 01              1252 	pop	ar1
   007B D0 00              1253 	pop	ar0
   007D 12s00r00           1254 	lcall	__sdcc_banked_call
   0080 AA 82              1255 	mov	r2,dpl
   0082 D0 03              1256 	pop	ar3
   0084 D0 04              1257 	pop	ar4
   0086 D0 05              1258 	pop	ar5
   0088 D0 06              1259 	pop	ar6
   008A D0 07              1260 	pop	ar7
   008C A8 81              1261 	mov	r0,sp
   008E EA                 1262 	mov	a,r2
   008F 46                 1263 	orl	a,@r0
   0090 F6                 1264 	mov	@r0,a
                           1265 ;	../../../contiki-sensinode//cpu/cc253x/dev/port2-intr.c:47: for(h = handlers; h != NULL; h = h->next) {
   0091 8C 82              1266 	mov	dpl,r4
   0093 8D 83              1267 	mov	dph,r5
   0095 8E F0              1268 	mov	b,r6
   0097 12s00r00           1269 	lcall	__gptrget
   009A FC                 1270 	mov	r4,a
   009B A3                 1271 	inc	dptr
   009C 12s00r00           1272 	lcall	__gptrget
   009F FD                 1273 	mov	r5,a
   00A0 A3                 1274 	inc	dptr
   00A1 12s00r00           1275 	lcall	__gptrget
   00A4 FE                 1276 	mov	r6,a
   00A5 80 89              1277 	sjmp	00103$
   00A7                    1278 00106$:
                           1279 ;	../../../contiki-sensinode//cpu/cc253x/dev/port2-intr.c:51: if(handled) {
   00A7 A8 81              1280 	mov	r0,sp
   00A9 E6                 1281 	mov	a,@r0
   00AA 60 02              1282 	jz	00107$
                           1283 ;	../../../contiki-sensinode//cpu/cc253x/dev/port2-intr.c:52: P2IF = 0;
   00AC C2 E8              1284 	clr	_P2IF
   00AE                    1285 00107$:
   00AE 15 81              1286 	dec	sp
   00B0 D0 D0              1287 	pop	psw
   00B2 D0 00              1288 	pop	(0+0)
   00B4 D0 01              1289 	pop	(0+1)
   00B6 D0 02              1290 	pop	(0+2)
   00B8 D0 03              1291 	pop	(0+3)
   00BA D0 04              1292 	pop	(0+4)
   00BC D0 05              1293 	pop	(0+5)
   00BE D0 06              1294 	pop	(0+6)
   00C0 D0 07              1295 	pop	(0+7)
   00C2 D0 83              1296 	pop	dph
   00C4 D0 82              1297 	pop	dpl
   00C6 D0 F0              1298 	pop	b
   00C8 D0 E0              1299 	pop	acc
   00CA D0*00              1300 	pop	bits
   00CC 32                 1301 	reti
                           1302 	.area CSEG    (CODE)
                           1303 	.area CONST   (CODE)
                           1304 	.area XINIT   (CODE)
                           1305 	.area CABS    (ABS,CODE)
