                              1 ;--------------------------------------------------------
                              2 ; File Created by SDCC : free open source ANSI-C Compiler
                              3 ; Version 3.1.1 #7100 (Oct 29 2014) (Linux)
                              4 ; This file was generated Wed Dec  2 18:10:59 2015
                              5 ;--------------------------------------------------------
                              6 	.module resolv
                              7 	.optsdcc -mmcs51 --model-huge
                              8 	
                              9 ;--------------------------------------------------------
                             10 ; Public variables in this module
                             11 ;--------------------------------------------------------
                             12 	.globl _process_alloc_event
                             13 	.globl _ACTIVE
                             14 	.globl _TX_BYTE
                             15 	.globl _RX_BYTE
                             16 	.globl _ERR
                             17 	.globl _FE
                             18 	.globl _SLAVE
                             19 	.globl _RE
                             20 	.globl _MODE
                             21 	.globl _T3OVFIF
                             22 	.globl _T3CH0IF
                             23 	.globl _T3CH1IF
                             24 	.globl _T4OVFIF
                             25 	.globl _T4CH0IF
                             26 	.globl _T4CH1IF
                             27 	.globl _OVFIM
                             28 	.globl _B_0
                             29 	.globl _B_1
                             30 	.globl _B_2
                             31 	.globl _B_3
                             32 	.globl _B_4
                             33 	.globl _B_5
                             34 	.globl _B_6
                             35 	.globl _B_7
                             36 	.globl _P2IF
                             37 	.globl _UTX0IF
                             38 	.globl _UTX1IF
                             39 	.globl _P1IF
                             40 	.globl _WDTIF
                             41 	.globl _ACC_0
                             42 	.globl _ACC_1
                             43 	.globl _ACC_2
                             44 	.globl _ACC_3
                             45 	.globl _ACC_4
                             46 	.globl _ACC_5
                             47 	.globl _ACC_6
                             48 	.globl _ACC_7
                             49 	.globl _P
                             50 	.globl _F1
                             51 	.globl _OV
                             52 	.globl _RS0
                             53 	.globl _RS1
                             54 	.globl _F0
                             55 	.globl _AC
                             56 	.globl _CY
                             57 	.globl _DMAIF
                             58 	.globl _T1IF
                             59 	.globl _T2IF
                             60 	.globl _T3IF
                             61 	.globl _T4IF
                             62 	.globl _P0IF
                             63 	.globl _STIF
                             64 	.globl _DMAIE
                             65 	.globl _T1IE
                             66 	.globl _T2IE
                             67 	.globl _T3IE
                             68 	.globl _T4IE
                             69 	.globl _P0IE
                             70 	.globl _RFERRIE
                             71 	.globl _ADCIE
                             72 	.globl _URX0IE
                             73 	.globl _URX1IE
                             74 	.globl _ENCIE
                             75 	.globl _STIE
                             76 	.globl _EA
                             77 	.globl _P2_0
                             78 	.globl _P2_1
                             79 	.globl _P2_2
                             80 	.globl _P2_3
                             81 	.globl _P2_4
                             82 	.globl _P2_5
                             83 	.globl _P2_6
                             84 	.globl _P2_7
                             85 	.globl _ENCIF_0
                             86 	.globl _ENCIF_1
                             87 	.globl _P1_0
                             88 	.globl _P1_1
                             89 	.globl _P1_2
                             90 	.globl _P1_3
                             91 	.globl _P1_4
                             92 	.globl _P1_5
                             93 	.globl _P1_6
                             94 	.globl _P1_7
                             95 	.globl _IT0
                             96 	.globl _RFERRIF
                             97 	.globl _IT1
                             98 	.globl _URX0IF
                             99 	.globl _ADCIF
                            100 	.globl _URX1IF
                            101 	.globl _P0_0
                            102 	.globl _P0_1
                            103 	.globl _P0_2
                            104 	.globl _P0_3
                            105 	.globl _P0_4
                            106 	.globl _P0_5
                            107 	.globl _P0_6
                            108 	.globl _P0_7
                            109 	.globl _WDCTL
                            110 	.globl _U1GCR
                            111 	.globl _U1UCR
                            112 	.globl _U1BAUD
                            113 	.globl _U1DBUF
                            114 	.globl _U1CSR
                            115 	.globl _U0GCR
                            116 	.globl _U0UCR
                            117 	.globl _U0BAUD
                            118 	.globl _U0DBUF
                            119 	.globl _U0CSR
                            120 	.globl _TIMIF
                            121 	.globl _T4CC1
                            122 	.globl _T4CCTL1
                            123 	.globl _T4CC0
                            124 	.globl _T4CCTL0
                            125 	.globl _T4CTL
                            126 	.globl _T4CNT
                            127 	.globl _T3CC1
                            128 	.globl _T3CCTL1
                            129 	.globl _T3CC0
                            130 	.globl _T3CCTL0
                            131 	.globl _T3CTL
                            132 	.globl _T3CNT
                            133 	.globl _T2MSEL
                            134 	.globl _T2IRQM
                            135 	.globl _T2MOVF2
                            136 	.globl _T2MOVF1
                            137 	.globl _T2MOVF0
                            138 	.globl _T2M1
                            139 	.globl _T2M0
                            140 	.globl _T2IRQF
                            141 	.globl _T2EVTCFG
                            142 	.globl _T2CTRL
                            143 	.globl _T1STAT
                            144 	.globl _T1CCTL2
                            145 	.globl _T1CCTL1
                            146 	.globl _T1CCTL0
                            147 	.globl _T1CTL
                            148 	.globl _T1CNTH
                            149 	.globl _T1CNTL
                            150 	.globl _T1CC2H
                            151 	.globl _T1CC2L
                            152 	.globl _T1CC1H
                            153 	.globl _T1CC1L
                            154 	.globl _T1CC0H
                            155 	.globl _T1CC0L
                            156 	.globl _CLKCONSTA
                            157 	.globl _CLKCONCMD
                            158 	.globl _SLEEPSTA
                            159 	.globl _SLEEPCMD
                            160 	.globl _STLOAD
                            161 	.globl _ST2
                            162 	.globl _ST1
                            163 	.globl _ST0
                            164 	.globl _RFERRF
                            165 	.globl _RFIRQF0
                            166 	.globl _RFST
                            167 	.globl _RFD
                            168 	.globl _RFIRQF1
                            169 	.globl _PSBANK
                            170 	.globl _FMAP
                            171 	.globl _MEMCTR
                            172 	.globl __XPAGE
                            173 	.globl _MPAGE
                            174 	.globl _PMUX
                            175 	.globl _P2DIR
                            176 	.globl _P1DIR
                            177 	.globl _P0DIR
                            178 	.globl _P2INP
                            179 	.globl _P1INP
                            180 	.globl _P2SEL
                            181 	.globl _P1SEL
                            182 	.globl _P0SEL
                            183 	.globl _APCFG
                            184 	.globl _PERCFG
                            185 	.globl _P0INP
                            186 	.globl _P2IEN
                            187 	.globl _P1IEN
                            188 	.globl _P0IEN
                            189 	.globl _PICTL
                            190 	.globl _P2IFG
                            191 	.globl _P1IFG
                            192 	.globl _P0IFG
                            193 	.globl _DMAREQ
                            194 	.globl _DMAARM
                            195 	.globl _DMA0CFGH
                            196 	.globl _DMA0CFGL
                            197 	.globl _DMA1CFGH
                            198 	.globl _DMA1CFGL
                            199 	.globl _DMAIRQ
                            200 	.globl _ENCCS
                            201 	.globl _ENCDO
                            202 	.globl _ENCDI
                            203 	.globl _RNDH
                            204 	.globl _RNDL
                            205 	.globl _ADCH
                            206 	.globl _ADCL
                            207 	.globl _ADCCON3
                            208 	.globl _ADCCON2
                            209 	.globl _ADCCON1
                            210 	.globl _B
                            211 	.globl _IRCON2
                            212 	.globl _ACC
                            213 	.globl _PSW
                            214 	.globl _IRCON
                            215 	.globl _IP1
                            216 	.globl _IEN1
                            217 	.globl _IP0
                            218 	.globl _IEN0
                            219 	.globl _P2
                            220 	.globl _S1CON
                            221 	.globl _IEN2
                            222 	.globl _S0CON
                            223 	.globl _DPS
                            224 	.globl _P1
                            225 	.globl _TCON
                            226 	.globl _PCON
                            227 	.globl _DPH1
                            228 	.globl _DPL1
                            229 	.globl _DPH0
                            230 	.globl _DPL0
                            231 	.globl _SP
                            232 	.globl _P0
                            233 	.globl _resolv_process
                            234 	.globl _resolv_event_found
                            235 	.globl _X_IEEE_ADDR
                            236 	.globl _X_INFOPAGE
                            237 	.globl _X_P2DIR
                            238 	.globl _X_P1DIR
                            239 	.globl _X_P0DIR
                            240 	.globl _X_U1GCR
                            241 	.globl _X_U1UCR
                            242 	.globl _X_U1BAUD
                            243 	.globl _X_U1DBUF
                            244 	.globl _X_U1CSR
                            245 	.globl _X_P2INP
                            246 	.globl _X_P1INP
                            247 	.globl _X_P2SEL
                            248 	.globl _X_P1SEL
                            249 	.globl _X_P0SEL
                            250 	.globl _X_APCFG
                            251 	.globl _X_PERCFG
                            252 	.globl _X_T4CC1
                            253 	.globl _X_T4CCTL1
                            254 	.globl _X_T4CC0
                            255 	.globl _X_T4CCTL0
                            256 	.globl _X_T4CTL
                            257 	.globl _X_T4CNT
                            258 	.globl _X_RFIRQF0
                            259 	.globl _X_T1CCTL2
                            260 	.globl _X_T1CCTL1
                            261 	.globl _X_T1CCTL0
                            262 	.globl _X_T1CTL
                            263 	.globl _X_T1CNTH
                            264 	.globl _X_T1CNTL
                            265 	.globl _X_RFST
                            266 	.globl _X_T1CC2H
                            267 	.globl _X_T1CC2L
                            268 	.globl _X_T1CC1H
                            269 	.globl _X_T1CC1L
                            270 	.globl _X_T1CC0H
                            271 	.globl _X_T1CC0L
                            272 	.globl _X_RFD
                            273 	.globl _X_TIMIF
                            274 	.globl _X_DMAREQ
                            275 	.globl _X_DMAARM
                            276 	.globl _X_DMA0CFGH
                            277 	.globl _X_DMA0CFGL
                            278 	.globl _X_DMA1CFGH
                            279 	.globl _X_DMA1CFGL
                            280 	.globl _X_DMAIRQ
                            281 	.globl _X_T3CC1
                            282 	.globl _X_T3CCTL1
                            283 	.globl _X_T3CC0
                            284 	.globl _X_T3CCTL0
                            285 	.globl _X_T3CTL
                            286 	.globl _X_T3CNT
                            287 	.globl _X_WDCTL
                            288 	.globl _X_MEMCTR
                            289 	.globl _X_CLKCONCMD
                            290 	.globl _X_U0GCR
                            291 	.globl _X_U0UCR
                            292 	.globl _X_T2MSEL
                            293 	.globl _X_U0BAUD
                            294 	.globl _X_U0DBUF
                            295 	.globl _X_RFERRF
                            296 	.globl _X_SLEEPCMD
                            297 	.globl _X_RNDH
                            298 	.globl _X_RNDL
                            299 	.globl _X_ADCH
                            300 	.globl _X_ADCL
                            301 	.globl _X_ADCCON3
                            302 	.globl _X_ADCCON2
                            303 	.globl _X_ADCCON1
                            304 	.globl _X_ENCCS
                            305 	.globl _X_ENCDO
                            306 	.globl _X_ENCDI
                            307 	.globl _X_T1STAT
                            308 	.globl _X_PMUX
                            309 	.globl _X_STLOAD
                            310 	.globl _X_P2IEN
                            311 	.globl _X_P0IEN
                            312 	.globl _X_T2IRQM
                            313 	.globl _X_T2MOVF2
                            314 	.globl _X_T2MOVF1
                            315 	.globl _X_T2MOVF0
                            316 	.globl _X_T2M1
                            317 	.globl _X_T2M0
                            318 	.globl _X_T2IRQF
                            319 	.globl _X_P2
                            320 	.globl _X_PSBANK
                            321 	.globl _X_FMAP
                            322 	.globl _X_CLKCONSTA
                            323 	.globl _X_SLEEPSTA
                            324 	.globl _X_T2EVTCFG
                            325 	.globl _X_ST2
                            326 	.globl _X_ST1
                            327 	.globl _X_ST0
                            328 	.globl _X_T2CTRL
                            329 	.globl _X__XPAGE
                            330 	.globl _X_MPAGE
                            331 	.globl _X_RFIRQF1
                            332 	.globl _X_P1
                            333 	.globl _X_P0INP
                            334 	.globl _X_P1IEN
                            335 	.globl _X_PICTL
                            336 	.globl _X_P2IFG
                            337 	.globl _X_P1IFG
                            338 	.globl _X_P0IFG
                            339 	.globl _X_U0CSR
                            340 	.globl _X_P0
                            341 	.globl _USBF5
                            342 	.globl _USBF4
                            343 	.globl _USBF3
                            344 	.globl _USBF2
                            345 	.globl _USBF1
                            346 	.globl _USBF0
                            347 	.globl _USBCNTH
                            348 	.globl _USBCNTL
                            349 	.globl _USBCNT0
                            350 	.globl _USBCSOH
                            351 	.globl _USBCSOL
                            352 	.globl _USBMAXO
                            353 	.globl _USBCSIH
                            354 	.globl _USBCSIL
                            355 	.globl _USBCS0
                            356 	.globl _USBMAXI
                            357 	.globl _USBCTRL
                            358 	.globl _USBINDEX
                            359 	.globl _USBFRMH
                            360 	.globl _USBFRML
                            361 	.globl _USBCIE
                            362 	.globl _USBOIE
                            363 	.globl _USBIIE
                            364 	.globl _USBCIF
                            365 	.globl _USBOIF
                            366 	.globl _USBIIF
                            367 	.globl _USBPOW
                            368 	.globl _USBADDR
                            369 	.globl _CSPT
                            370 	.globl _CSPZ
                            371 	.globl _CSPY
                            372 	.globl _CSPX
                            373 	.globl _CSPSTAT
                            374 	.globl _CSPCTRL
                            375 	.globl _CSPPROG23
                            376 	.globl _CSPPROG22
                            377 	.globl _CSPPROG21
                            378 	.globl _CSPPROG20
                            379 	.globl _CSPPROG19
                            380 	.globl _CSPPROG18
                            381 	.globl _CSPPROG17
                            382 	.globl _CSPPROG16
                            383 	.globl _CSPPROG15
                            384 	.globl _CSPPROG14
                            385 	.globl _CSPPROG13
                            386 	.globl _CSPPROG12
                            387 	.globl _CSPPROG11
                            388 	.globl _CSPPROG10
                            389 	.globl _CSPPROG9
                            390 	.globl _CSPPROG8
                            391 	.globl _CSPPROG7
                            392 	.globl _CSPPROG6
                            393 	.globl _CSPPROG5
                            394 	.globl _CSPPROG4
                            395 	.globl _CSPPROG3
                            396 	.globl _CSPPROG2
                            397 	.globl _CSPPROG1
                            398 	.globl _CSPPROG0
                            399 	.globl _RFC_OBS_CTRL2
                            400 	.globl _RFC_OBS_CTRL1
                            401 	.globl _RFC_OBS_CTRL0
                            402 	.globl _TXFILTCFG
                            403 	.globl _PTEST1
                            404 	.globl _PTEST0
                            405 	.globl _ATEST
                            406 	.globl _DACTEST2
                            407 	.globl _DACTEST1
                            408 	.globl _DACTEST0
                            409 	.globl _MDMTEST1
                            410 	.globl _MDMTEST0
                            411 	.globl _ADCTEST2
                            412 	.globl _ADCTEST1
                            413 	.globl _ADCTEST0
                            414 	.globl _AGCCTRL3
                            415 	.globl _AGCCTRL2
                            416 	.globl _AGCCTRL1
                            417 	.globl _AGCCTRL0
                            418 	.globl _FSCAL3
                            419 	.globl _FSCAL2
                            420 	.globl _FSCAL1
                            421 	.globl _FSCAL0
                            422 	.globl _FSCTRL
                            423 	.globl _RXCTRL
                            424 	.globl _FREQEST
                            425 	.globl _MDMCTRL1
                            426 	.globl _MDMCTRL0
                            427 	.globl _RFRND
                            428 	.globl _RFERRM
                            429 	.globl _RFIRQM1
                            430 	.globl _RFIRQM0
                            431 	.globl _TXLAST_PTR
                            432 	.globl _TXFIRST_PTR
                            433 	.globl _RXP1_PTR
                            434 	.globl _RXLAST_PTR
                            435 	.globl _RXFIRST_PTR
                            436 	.globl _TXFIFOCNT
                            437 	.globl _RXFIFOCNT
                            438 	.globl _RXFIRST
                            439 	.globl _RSSISTAT
                            440 	.globl _RSSI
                            441 	.globl _CCACTRL1
                            442 	.globl _CCACTRL0
                            443 	.globl _FSMCTRL
                            444 	.globl _FIFOPCTRL
                            445 	.globl _FSMSTAT1
                            446 	.globl _FSMSTAT0
                            447 	.globl _TXCTRL
                            448 	.globl _TXPOWER
                            449 	.globl _FREQCTRL
                            450 	.globl _FREQTUNE
                            451 	.globl _RXMASKCLR
                            452 	.globl _RXMASKSET
                            453 	.globl _RXENABLE
                            454 	.globl _FRMCTRL1
                            455 	.globl _FRMCTRL0
                            456 	.globl _SRCEXTEN2
                            457 	.globl _SRCEXTEN1
                            458 	.globl _SRCEXTEN0
                            459 	.globl _SRCSHORTEN2
                            460 	.globl _SRCSHORTEN1
                            461 	.globl _SRCSHORTEN0
                            462 	.globl _SRCMATCH
                            463 	.globl _FRMFILT1
                            464 	.globl _FRMFILT0
                            465 	.globl _SHORT_ADDR1
                            466 	.globl _SHORT_ADDR0
                            467 	.globl _PAN_ID1
                            468 	.globl _PAN_ID0
                            469 	.globl _EXT_ADDR7
                            470 	.globl _EXT_ADDR6
                            471 	.globl _EXT_ADDR5
                            472 	.globl _EXT_ADDR4
                            473 	.globl _EXT_ADDR3
                            474 	.globl _EXT_ADDR2
                            475 	.globl _EXT_ADDR1
                            476 	.globl _EXT_ADDR0
                            477 	.globl _SRCSHORTPENDEN2
                            478 	.globl _SRCSHORTPENDEN1
                            479 	.globl _SRCSHORTPENDEN0
                            480 	.globl _SRCEXTPENDEN2
                            481 	.globl _SRCEXTPENDEN1
                            482 	.globl _SRCEXTPENDEN0
                            483 	.globl _SRCRESINDEX
                            484 	.globl _SRCRESMASK2
                            485 	.globl _SRCRESMASK1
                            486 	.globl _SRCRESMASK0
                            487 	.globl _SRC_ADDR_TABLE
                            488 	.globl _TXFIFO
                            489 	.globl _RXFIFO
                            490 	.globl _RFCORE_RAM
                            491 	.globl _CMPCTL
                            492 	.globl _OPAMPS
                            493 	.globl _OPAMPC
                            494 	.globl _STCV2
                            495 	.globl _STCV1
                            496 	.globl _STCV0
                            497 	.globl _STCS
                            498 	.globl _STCC
                            499 	.globl _T1CC4H
                            500 	.globl _T1CC4L
                            501 	.globl _T1CC3H
                            502 	.globl _T1CC3L
                            503 	.globl _XX_T1CC2H
                            504 	.globl _XX_T1CC2L
                            505 	.globl _XX_T1CC1H
                            506 	.globl _XX_T1CC1L
                            507 	.globl _XX_T1CC0H
                            508 	.globl _XX_T1CC0L
                            509 	.globl _T1CCTL4
                            510 	.globl _T1CCTL3
                            511 	.globl _XX_T1CCTL2
                            512 	.globl _XX_T1CCTL1
                            513 	.globl _XX_T1CCTL0
                            514 	.globl _CLD
                            515 	.globl _IRCTL
                            516 	.globl _CHIPINFO1
                            517 	.globl _CHIPINFO0
                            518 	.globl _FWDATA
                            519 	.globl _FADDRH
                            520 	.globl _FADDRL
                            521 	.globl _FCTL
                            522 	.globl _IVCTRL
                            523 	.globl _BATTMON
                            524 	.globl _SRCRC
                            525 	.globl _DBGDATA
                            526 	.globl _TESTREG0
                            527 	.globl _CHIPID
                            528 	.globl _CHVER
                            529 	.globl _OBSSEL5
                            530 	.globl _OBSSEL4
                            531 	.globl _OBSSEL3
                            532 	.globl _OBSSEL2
                            533 	.globl _OBSSEL1
                            534 	.globl _OBSSEL0
                            535 	.globl _I2CIO
                            536 	.globl _I2CWC
                            537 	.globl _I2CADDR
                            538 	.globl _I2CDATA
                            539 	.globl _I2CSTAT
                            540 	.globl _I2CCFG
                            541 	.globl _OPAMPMC
                            542 	.globl _MONMUX
                            543 	.globl _resolv_conf
                            544 	.globl _resolv_getserver
                            545 	.globl _resolv_lookup
                            546 	.globl _resolv_query
                            547 ;--------------------------------------------------------
                            548 ; special function registers
                            549 ;--------------------------------------------------------
                            550 	.area RSEG    (ABS,DATA)
   0000                     551 	.org 0x0000
                    0080    552 _P0	=	0x0080
                    0081    553 _SP	=	0x0081
                    0082    554 _DPL0	=	0x0082
                    0083    555 _DPH0	=	0x0083
                    0084    556 _DPL1	=	0x0084
                    0085    557 _DPH1	=	0x0085
                    0087    558 _PCON	=	0x0087
                    0088    559 _TCON	=	0x0088
                    0090    560 _P1	=	0x0090
                    0092    561 _DPS	=	0x0092
                    0098    562 _S0CON	=	0x0098
                    009A    563 _IEN2	=	0x009a
                    009B    564 _S1CON	=	0x009b
                    00A0    565 _P2	=	0x00a0
                    00A8    566 _IEN0	=	0x00a8
                    00A9    567 _IP0	=	0x00a9
                    00B8    568 _IEN1	=	0x00b8
                    00B9    569 _IP1	=	0x00b9
                    00C0    570 _IRCON	=	0x00c0
                    00D0    571 _PSW	=	0x00d0
                    00E0    572 _ACC	=	0x00e0
                    00E8    573 _IRCON2	=	0x00e8
                    00F0    574 _B	=	0x00f0
                    00B4    575 _ADCCON1	=	0x00b4
                    00B5    576 _ADCCON2	=	0x00b5
                    00B6    577 _ADCCON3	=	0x00b6
                    00BA    578 _ADCL	=	0x00ba
                    00BB    579 _ADCH	=	0x00bb
                    00BC    580 _RNDL	=	0x00bc
                    00BD    581 _RNDH	=	0x00bd
                    00B1    582 _ENCDI	=	0x00b1
                    00B2    583 _ENCDO	=	0x00b2
                    00B3    584 _ENCCS	=	0x00b3
                    00D1    585 _DMAIRQ	=	0x00d1
                    00D2    586 _DMA1CFGL	=	0x00d2
                    00D3    587 _DMA1CFGH	=	0x00d3
                    00D4    588 _DMA0CFGL	=	0x00d4
                    00D5    589 _DMA0CFGH	=	0x00d5
                    00D6    590 _DMAARM	=	0x00d6
                    00D7    591 _DMAREQ	=	0x00d7
                    0089    592 _P0IFG	=	0x0089
                    008A    593 _P1IFG	=	0x008a
                    008B    594 _P2IFG	=	0x008b
                    008C    595 _PICTL	=	0x008c
                    00AB    596 _P0IEN	=	0x00ab
                    008D    597 _P1IEN	=	0x008d
                    00AC    598 _P2IEN	=	0x00ac
                    008F    599 _P0INP	=	0x008f
                    00F1    600 _PERCFG	=	0x00f1
                    00F2    601 _APCFG	=	0x00f2
                    00F3    602 _P0SEL	=	0x00f3
                    00F4    603 _P1SEL	=	0x00f4
                    00F5    604 _P2SEL	=	0x00f5
                    00F6    605 _P1INP	=	0x00f6
                    00F7    606 _P2INP	=	0x00f7
                    00FD    607 _P0DIR	=	0x00fd
                    00FE    608 _P1DIR	=	0x00fe
                    00FF    609 _P2DIR	=	0x00ff
                    00AE    610 _PMUX	=	0x00ae
                    0093    611 _MPAGE	=	0x0093
                    0093    612 __XPAGE	=	0x0093
                    00C7    613 _MEMCTR	=	0x00c7
                    009F    614 _FMAP	=	0x009f
                    009F    615 _PSBANK	=	0x009f
                    0091    616 _RFIRQF1	=	0x0091
                    00D9    617 _RFD	=	0x00d9
                    00E1    618 _RFST	=	0x00e1
                    00E9    619 _RFIRQF0	=	0x00e9
                    00BF    620 _RFERRF	=	0x00bf
                    0095    621 _ST0	=	0x0095
                    0096    622 _ST1	=	0x0096
                    0097    623 _ST2	=	0x0097
                    00AD    624 _STLOAD	=	0x00ad
                    00BE    625 _SLEEPCMD	=	0x00be
                    009D    626 _SLEEPSTA	=	0x009d
                    00C6    627 _CLKCONCMD	=	0x00c6
                    009E    628 _CLKCONSTA	=	0x009e
                    00DA    629 _T1CC0L	=	0x00da
                    00DB    630 _T1CC0H	=	0x00db
                    00DC    631 _T1CC1L	=	0x00dc
                    00DD    632 _T1CC1H	=	0x00dd
                    00DE    633 _T1CC2L	=	0x00de
                    00DF    634 _T1CC2H	=	0x00df
                    00E2    635 _T1CNTL	=	0x00e2
                    00E3    636 _T1CNTH	=	0x00e3
                    00E4    637 _T1CTL	=	0x00e4
                    00E5    638 _T1CCTL0	=	0x00e5
                    00E6    639 _T1CCTL1	=	0x00e6
                    00E7    640 _T1CCTL2	=	0x00e7
                    00AF    641 _T1STAT	=	0x00af
                    0094    642 _T2CTRL	=	0x0094
                    009C    643 _T2EVTCFG	=	0x009c
                    00A1    644 _T2IRQF	=	0x00a1
                    00A2    645 _T2M0	=	0x00a2
                    00A3    646 _T2M1	=	0x00a3
                    00A4    647 _T2MOVF0	=	0x00a4
                    00A5    648 _T2MOVF1	=	0x00a5
                    00A6    649 _T2MOVF2	=	0x00a6
                    00A7    650 _T2IRQM	=	0x00a7
                    00C3    651 _T2MSEL	=	0x00c3
                    00CA    652 _T3CNT	=	0x00ca
                    00CB    653 _T3CTL	=	0x00cb
                    00CC    654 _T3CCTL0	=	0x00cc
                    00CD    655 _T3CC0	=	0x00cd
                    00CE    656 _T3CCTL1	=	0x00ce
                    00CF    657 _T3CC1	=	0x00cf
                    00EA    658 _T4CNT	=	0x00ea
                    00EB    659 _T4CTL	=	0x00eb
                    00EC    660 _T4CCTL0	=	0x00ec
                    00ED    661 _T4CC0	=	0x00ed
                    00EE    662 _T4CCTL1	=	0x00ee
                    00EF    663 _T4CC1	=	0x00ef
                    00D8    664 _TIMIF	=	0x00d8
                    0086    665 _U0CSR	=	0x0086
                    00C1    666 _U0DBUF	=	0x00c1
                    00C2    667 _U0BAUD	=	0x00c2
                    00C4    668 _U0UCR	=	0x00c4
                    00C5    669 _U0GCR	=	0x00c5
                    00F8    670 _U1CSR	=	0x00f8
                    00F9    671 _U1DBUF	=	0x00f9
                    00FA    672 _U1BAUD	=	0x00fa
                    00FB    673 _U1UCR	=	0x00fb
                    00FC    674 _U1GCR	=	0x00fc
                    00C9    675 _WDCTL	=	0x00c9
                            676 ;--------------------------------------------------------
                            677 ; special function bits
                            678 ;--------------------------------------------------------
                            679 	.area RSEG    (ABS,DATA)
   0000                     680 	.org 0x0000
                    0087    681 _P0_7	=	0x0087
                    0086    682 _P0_6	=	0x0086
                    0085    683 _P0_5	=	0x0085
                    0084    684 _P0_4	=	0x0084
                    0083    685 _P0_3	=	0x0083
                    0082    686 _P0_2	=	0x0082
                    0081    687 _P0_1	=	0x0081
                    0080    688 _P0_0	=	0x0080
                    008F    689 _URX1IF	=	0x008f
                    008D    690 _ADCIF	=	0x008d
                    008B    691 _URX0IF	=	0x008b
                    008A    692 _IT1	=	0x008a
                    0089    693 _RFERRIF	=	0x0089
                    0088    694 _IT0	=	0x0088
                    0097    695 _P1_7	=	0x0097
                    0096    696 _P1_6	=	0x0096
                    0095    697 _P1_5	=	0x0095
                    0094    698 _P1_4	=	0x0094
                    0093    699 _P1_3	=	0x0093
                    0092    700 _P1_2	=	0x0092
                    0091    701 _P1_1	=	0x0091
                    0090    702 _P1_0	=	0x0090
                    0099    703 _ENCIF_1	=	0x0099
                    0098    704 _ENCIF_0	=	0x0098
                    00A7    705 _P2_7	=	0x00a7
                    00A6    706 _P2_6	=	0x00a6
                    00A5    707 _P2_5	=	0x00a5
                    00A4    708 _P2_4	=	0x00a4
                    00A3    709 _P2_3	=	0x00a3
                    00A2    710 _P2_2	=	0x00a2
                    00A1    711 _P2_1	=	0x00a1
                    00A0    712 _P2_0	=	0x00a0
                    00AF    713 _EA	=	0x00af
                    00AD    714 _STIE	=	0x00ad
                    00AC    715 _ENCIE	=	0x00ac
                    00AB    716 _URX1IE	=	0x00ab
                    00AA    717 _URX0IE	=	0x00aa
                    00A9    718 _ADCIE	=	0x00a9
                    00A8    719 _RFERRIE	=	0x00a8
                    00BD    720 _P0IE	=	0x00bd
                    00BC    721 _T4IE	=	0x00bc
                    00BB    722 _T3IE	=	0x00bb
                    00BA    723 _T2IE	=	0x00ba
                    00B9    724 _T1IE	=	0x00b9
                    00B8    725 _DMAIE	=	0x00b8
                    00C7    726 _STIF	=	0x00c7
                    00C5    727 _P0IF	=	0x00c5
                    00C4    728 _T4IF	=	0x00c4
                    00C3    729 _T3IF	=	0x00c3
                    00C2    730 _T2IF	=	0x00c2
                    00C1    731 _T1IF	=	0x00c1
                    00C0    732 _DMAIF	=	0x00c0
                    00D7    733 _CY	=	0x00d7
                    00D6    734 _AC	=	0x00d6
                    00D5    735 _F0	=	0x00d5
                    00D4    736 _RS1	=	0x00d4
                    00D3    737 _RS0	=	0x00d3
                    00D2    738 _OV	=	0x00d2
                    00D1    739 _F1	=	0x00d1
                    00D0    740 _P	=	0x00d0
                    00E7    741 _ACC_7	=	0x00e7
                    00E6    742 _ACC_6	=	0x00e6
                    00E5    743 _ACC_5	=	0x00e5
                    00E4    744 _ACC_4	=	0x00e4
                    00E3    745 _ACC_3	=	0x00e3
                    00E2    746 _ACC_2	=	0x00e2
                    00E1    747 _ACC_1	=	0x00e1
                    00E0    748 _ACC_0	=	0x00e0
                    00EC    749 _WDTIF	=	0x00ec
                    00EB    750 _P1IF	=	0x00eb
                    00EA    751 _UTX1IF	=	0x00ea
                    00E9    752 _UTX0IF	=	0x00e9
                    00E8    753 _P2IF	=	0x00e8
                    00F7    754 _B_7	=	0x00f7
                    00F6    755 _B_6	=	0x00f6
                    00F5    756 _B_5	=	0x00f5
                    00F4    757 _B_4	=	0x00f4
                    00F3    758 _B_3	=	0x00f3
                    00F2    759 _B_2	=	0x00f2
                    00F1    760 _B_1	=	0x00f1
                    00F0    761 _B_0	=	0x00f0
                    00DE    762 _OVFIM	=	0x00de
                    00DD    763 _T4CH1IF	=	0x00dd
                    00DC    764 _T4CH0IF	=	0x00dc
                    00DB    765 _T4OVFIF	=	0x00db
                    00DA    766 _T3CH1IF	=	0x00da
                    00D9    767 _T3CH0IF	=	0x00d9
                    00D8    768 _T3OVFIF	=	0x00d8
                    00FF    769 _MODE	=	0x00ff
                    00FE    770 _RE	=	0x00fe
                    00FD    771 _SLAVE	=	0x00fd
                    00FC    772 _FE	=	0x00fc
                    00FB    773 _ERR	=	0x00fb
                    00FA    774 _RX_BYTE	=	0x00fa
                    00F9    775 _TX_BYTE	=	0x00f9
                    00F8    776 _ACTIVE	=	0x00f8
                            777 ;--------------------------------------------------------
                            778 ; overlayable register banks
                            779 ;--------------------------------------------------------
                            780 	.area REG_BANK_0	(REL,OVR,DATA)
   0000                     781 	.ds 8
                            782 ;--------------------------------------------------------
                            783 ; internal ram data
                            784 ;--------------------------------------------------------
                            785 	.area DSEG    (DATA)
                            786 ;--------------------------------------------------------
                            787 ; overlayable items in internal ram 
                            788 ;--------------------------------------------------------
                            789 	.area OSEG    (OVR,DATA)
                            790 ;--------------------------------------------------------
                            791 ; indirectly addressable internal ram data
                            792 ;--------------------------------------------------------
                            793 	.area ISEG    (DATA)
                            794 ;--------------------------------------------------------
                            795 ; absolute internal ram data
                            796 ;--------------------------------------------------------
                            797 	.area IABS    (ABS,DATA)
                            798 	.area IABS    (ABS,DATA)
                            799 ;--------------------------------------------------------
                            800 ; bit data
                            801 ;--------------------------------------------------------
                            802 	.area BSEG    (BIT)
                            803 ;--------------------------------------------------------
                            804 ; paged external ram data
                            805 ;--------------------------------------------------------
                            806 	.area PSEG    (PAG,XDATA)
                            807 ;--------------------------------------------------------
                            808 ; external ram data
                            809 ;--------------------------------------------------------
                            810 	.area XSEG    (XDATA)
                    61A6    811 _MONMUX	=	0x61a6
                    61A6    812 _OPAMPMC	=	0x61a6
                    6230    813 _I2CCFG	=	0x6230
                    6231    814 _I2CSTAT	=	0x6231
                    6232    815 _I2CDATA	=	0x6232
                    6233    816 _I2CADDR	=	0x6233
                    6234    817 _I2CWC	=	0x6234
                    6235    818 _I2CIO	=	0x6235
                    6243    819 _OBSSEL0	=	0x6243
                    6244    820 _OBSSEL1	=	0x6244
                    6245    821 _OBSSEL2	=	0x6245
                    6246    822 _OBSSEL3	=	0x6246
                    6247    823 _OBSSEL4	=	0x6247
                    6248    824 _OBSSEL5	=	0x6248
                    6249    825 _CHVER	=	0x6249
                    624A    826 _CHIPID	=	0x624a
                    624B    827 _TESTREG0	=	0x624b
                    6260    828 _DBGDATA	=	0x6260
                    6262    829 _SRCRC	=	0x6262
                    6264    830 _BATTMON	=	0x6264
                    6265    831 _IVCTRL	=	0x6265
                    6270    832 _FCTL	=	0x6270
                    6271    833 _FADDRL	=	0x6271
                    6272    834 _FADDRH	=	0x6272
                    6273    835 _FWDATA	=	0x6273
                    6276    836 _CHIPINFO0	=	0x6276
                    6277    837 _CHIPINFO1	=	0x6277
                    6281    838 _IRCTL	=	0x6281
                    6290    839 _CLD	=	0x6290
                    62A0    840 _XX_T1CCTL0	=	0x62a0
                    62A1    841 _XX_T1CCTL1	=	0x62a1
                    62A2    842 _XX_T1CCTL2	=	0x62a2
                    62A3    843 _T1CCTL3	=	0x62a3
                    62A4    844 _T1CCTL4	=	0x62a4
                    62A6    845 _XX_T1CC0L	=	0x62a6
                    62A7    846 _XX_T1CC0H	=	0x62a7
                    62A8    847 _XX_T1CC1L	=	0x62a8
                    62A9    848 _XX_T1CC1H	=	0x62a9
                    62AA    849 _XX_T1CC2L	=	0x62aa
                    62AB    850 _XX_T1CC2H	=	0x62ab
                    62AC    851 _T1CC3L	=	0x62ac
                    62AD    852 _T1CC3H	=	0x62ad
                    62AE    853 _T1CC4L	=	0x62ae
                    62AF    854 _T1CC4H	=	0x62af
                    62B0    855 _STCC	=	0x62b0
                    62B1    856 _STCS	=	0x62b1
                    62B2    857 _STCV0	=	0x62b2
                    62B3    858 _STCV1	=	0x62b3
                    62B4    859 _STCV2	=	0x62b4
                    62C0    860 _OPAMPC	=	0x62c0
                    62C1    861 _OPAMPS	=	0x62c1
                    62D0    862 _CMPCTL	=	0x62d0
                    6000    863 _RFCORE_RAM	=	0x6000
                    6000    864 _RXFIFO	=	0x6000
                    6080    865 _TXFIFO	=	0x6080
                    6100    866 _SRC_ADDR_TABLE	=	0x6100
                    6160    867 _SRCRESMASK0	=	0x6160
                    6161    868 _SRCRESMASK1	=	0x6161
                    6162    869 _SRCRESMASK2	=	0x6162
                    6163    870 _SRCRESINDEX	=	0x6163
                    6164    871 _SRCEXTPENDEN0	=	0x6164
                    6165    872 _SRCEXTPENDEN1	=	0x6165
                    6166    873 _SRCEXTPENDEN2	=	0x6166
                    6167    874 _SRCSHORTPENDEN0	=	0x6167
                    6168    875 _SRCSHORTPENDEN1	=	0x6168
                    6169    876 _SRCSHORTPENDEN2	=	0x6169
                    616A    877 _EXT_ADDR0	=	0x616a
                    616B    878 _EXT_ADDR1	=	0x616b
                    616C    879 _EXT_ADDR2	=	0x616c
                    616D    880 _EXT_ADDR3	=	0x616d
                    616E    881 _EXT_ADDR4	=	0x616e
                    616F    882 _EXT_ADDR5	=	0x616f
                    6170    883 _EXT_ADDR6	=	0x6170
                    6171    884 _EXT_ADDR7	=	0x6171
                    6172    885 _PAN_ID0	=	0x6172
                    6173    886 _PAN_ID1	=	0x6173
                    6174    887 _SHORT_ADDR0	=	0x6174
                    6175    888 _SHORT_ADDR1	=	0x6175
                    6180    889 _FRMFILT0	=	0x6180
                    6181    890 _FRMFILT1	=	0x6181
                    6182    891 _SRCMATCH	=	0x6182
                    6183    892 _SRCSHORTEN0	=	0x6183
                    6184    893 _SRCSHORTEN1	=	0x6184
                    6185    894 _SRCSHORTEN2	=	0x6185
                    6186    895 _SRCEXTEN0	=	0x6186
                    6187    896 _SRCEXTEN1	=	0x6187
                    6188    897 _SRCEXTEN2	=	0x6188
                    6189    898 _FRMCTRL0	=	0x6189
                    618A    899 _FRMCTRL1	=	0x618a
                    618B    900 _RXENABLE	=	0x618b
                    618C    901 _RXMASKSET	=	0x618c
                    618D    902 _RXMASKCLR	=	0x618d
                    618E    903 _FREQTUNE	=	0x618e
                    618F    904 _FREQCTRL	=	0x618f
                    6190    905 _TXPOWER	=	0x6190
                    6191    906 _TXCTRL	=	0x6191
                    6192    907 _FSMSTAT0	=	0x6192
                    6193    908 _FSMSTAT1	=	0x6193
                    6194    909 _FIFOPCTRL	=	0x6194
                    6195    910 _FSMCTRL	=	0x6195
                    6196    911 _CCACTRL0	=	0x6196
                    6197    912 _CCACTRL1	=	0x6197
                    6198    913 _RSSI	=	0x6198
                    6199    914 _RSSISTAT	=	0x6199
                    619A    915 _RXFIRST	=	0x619a
                    619B    916 _RXFIFOCNT	=	0x619b
                    619C    917 _TXFIFOCNT	=	0x619c
                    619D    918 _RXFIRST_PTR	=	0x619d
                    619E    919 _RXLAST_PTR	=	0x619e
                    619F    920 _RXP1_PTR	=	0x619f
                    61A1    921 _TXFIRST_PTR	=	0x61a1
                    61A2    922 _TXLAST_PTR	=	0x61a2
                    61A3    923 _RFIRQM0	=	0x61a3
                    61A4    924 _RFIRQM1	=	0x61a4
                    61A5    925 _RFERRM	=	0x61a5
                    61A7    926 _RFRND	=	0x61a7
                    61A8    927 _MDMCTRL0	=	0x61a8
                    61A9    928 _MDMCTRL1	=	0x61a9
                    61AA    929 _FREQEST	=	0x61aa
                    61AB    930 _RXCTRL	=	0x61ab
                    61AC    931 _FSCTRL	=	0x61ac
                    61AD    932 _FSCAL0	=	0x61ad
                    61AE    933 _FSCAL1	=	0x61ae
                    61AF    934 _FSCAL2	=	0x61af
                    61B0    935 _FSCAL3	=	0x61b0
                    61B1    936 _AGCCTRL0	=	0x61b1
                    61B2    937 _AGCCTRL1	=	0x61b2
                    61B3    938 _AGCCTRL2	=	0x61b3
                    61B4    939 _AGCCTRL3	=	0x61b4
                    61B5    940 _ADCTEST0	=	0x61b5
                    61B6    941 _ADCTEST1	=	0x61b6
                    61B7    942 _ADCTEST2	=	0x61b7
                    61B8    943 _MDMTEST0	=	0x61b8
                    61B9    944 _MDMTEST1	=	0x61b9
                    61BA    945 _DACTEST0	=	0x61ba
                    61BB    946 _DACTEST1	=	0x61bb
                    61BC    947 _DACTEST2	=	0x61bc
                    61BD    948 _ATEST	=	0x61bd
                    61BE    949 _PTEST0	=	0x61be
                    61BF    950 _PTEST1	=	0x61bf
                    61FA    951 _TXFILTCFG	=	0x61fa
                    61EB    952 _RFC_OBS_CTRL0	=	0x61eb
                    61EC    953 _RFC_OBS_CTRL1	=	0x61ec
                    61ED    954 _RFC_OBS_CTRL2	=	0x61ed
                    61C0    955 _CSPPROG0	=	0x61c0
                    61C1    956 _CSPPROG1	=	0x61c1
                    61C2    957 _CSPPROG2	=	0x61c2
                    61C3    958 _CSPPROG3	=	0x61c3
                    61C4    959 _CSPPROG4	=	0x61c4
                    61C5    960 _CSPPROG5	=	0x61c5
                    61C6    961 _CSPPROG6	=	0x61c6
                    61C7    962 _CSPPROG7	=	0x61c7
                    61C8    963 _CSPPROG8	=	0x61c8
                    61C9    964 _CSPPROG9	=	0x61c9
                    61CA    965 _CSPPROG10	=	0x61ca
                    61CB    966 _CSPPROG11	=	0x61cb
                    61CC    967 _CSPPROG12	=	0x61cc
                    61CD    968 _CSPPROG13	=	0x61cd
                    61CE    969 _CSPPROG14	=	0x61ce
                    61CF    970 _CSPPROG15	=	0x61cf
                    61D0    971 _CSPPROG16	=	0x61d0
                    61D1    972 _CSPPROG17	=	0x61d1
                    61D2    973 _CSPPROG18	=	0x61d2
                    61D3    974 _CSPPROG19	=	0x61d3
                    61D4    975 _CSPPROG20	=	0x61d4
                    61D5    976 _CSPPROG21	=	0x61d5
                    61D6    977 _CSPPROG22	=	0x61d6
                    61D7    978 _CSPPROG23	=	0x61d7
                    61E0    979 _CSPCTRL	=	0x61e0
                    61E1    980 _CSPSTAT	=	0x61e1
                    61E2    981 _CSPX	=	0x61e2
                    61E3    982 _CSPY	=	0x61e3
                    61E4    983 _CSPZ	=	0x61e4
                    61E5    984 _CSPT	=	0x61e5
                    6200    985 _USBADDR	=	0x6200
                    6201    986 _USBPOW	=	0x6201
                    6202    987 _USBIIF	=	0x6202
                    6204    988 _USBOIF	=	0x6204
                    6206    989 _USBCIF	=	0x6206
                    6207    990 _USBIIE	=	0x6207
                    6209    991 _USBOIE	=	0x6209
                    620B    992 _USBCIE	=	0x620b
                    620C    993 _USBFRML	=	0x620c
                    620D    994 _USBFRMH	=	0x620d
                    620E    995 _USBINDEX	=	0x620e
                    620F    996 _USBCTRL	=	0x620f
                    6210    997 _USBMAXI	=	0x6210
                    6211    998 _USBCS0	=	0x6211
                    6211    999 _USBCSIL	=	0x6211
                    6212   1000 _USBCSIH	=	0x6212
                    6213   1001 _USBMAXO	=	0x6213
                    6214   1002 _USBCSOL	=	0x6214
                    6215   1003 _USBCSOH	=	0x6215
                    6216   1004 _USBCNT0	=	0x6216
                    6216   1005 _USBCNTL	=	0x6216
                    6217   1006 _USBCNTH	=	0x6217
                    6220   1007 _USBF0	=	0x6220
                    6222   1008 _USBF1	=	0x6222
                    6224   1009 _USBF2	=	0x6224
                    6226   1010 _USBF3	=	0x6226
                    6228   1011 _USBF4	=	0x6228
                    622A   1012 _USBF5	=	0x622a
                    7080   1013 _X_P0	=	0x7080
                    7086   1014 _X_U0CSR	=	0x7086
                    7089   1015 _X_P0IFG	=	0x7089
                    708A   1016 _X_P1IFG	=	0x708a
                    708B   1017 _X_P2IFG	=	0x708b
                    708C   1018 _X_PICTL	=	0x708c
                    708D   1019 _X_P1IEN	=	0x708d
                    708F   1020 _X_P0INP	=	0x708f
                    7090   1021 _X_P1	=	0x7090
                    7091   1022 _X_RFIRQF1	=	0x7091
                    7093   1023 _X_MPAGE	=	0x7093
                    7093   1024 _X__XPAGE	=	0x7093
                    7094   1025 _X_T2CTRL	=	0x7094
                    7095   1026 _X_ST0	=	0x7095
                    7096   1027 _X_ST1	=	0x7096
                    7097   1028 _X_ST2	=	0x7097
                    709C   1029 _X_T2EVTCFG	=	0x709c
                    709D   1030 _X_SLEEPSTA	=	0x709d
                    709E   1031 _X_CLKCONSTA	=	0x709e
                    709F   1032 _X_FMAP	=	0x709f
                    709F   1033 _X_PSBANK	=	0x709f
                    70A0   1034 _X_P2	=	0x70a0
                    70A1   1035 _X_T2IRQF	=	0x70a1
                    70A2   1036 _X_T2M0	=	0x70a2
                    70A3   1037 _X_T2M1	=	0x70a3
                    70A4   1038 _X_T2MOVF0	=	0x70a4
                    70A5   1039 _X_T2MOVF1	=	0x70a5
                    70A6   1040 _X_T2MOVF2	=	0x70a6
                    70A7   1041 _X_T2IRQM	=	0x70a7
                    70AB   1042 _X_P0IEN	=	0x70ab
                    70AC   1043 _X_P2IEN	=	0x70ac
                    70AD   1044 _X_STLOAD	=	0x70ad
                    70AE   1045 _X_PMUX	=	0x70ae
                    70AF   1046 _X_T1STAT	=	0x70af
                    70B1   1047 _X_ENCDI	=	0x70b1
                    70B2   1048 _X_ENCDO	=	0x70b2
                    70B3   1049 _X_ENCCS	=	0x70b3
                    70B4   1050 _X_ADCCON1	=	0x70b4
                    70B5   1051 _X_ADCCON2	=	0x70b5
                    70B6   1052 _X_ADCCON3	=	0x70b6
                    70BA   1053 _X_ADCL	=	0x70ba
                    70BB   1054 _X_ADCH	=	0x70bb
                    70BC   1055 _X_RNDL	=	0x70bc
                    70BD   1056 _X_RNDH	=	0x70bd
                    70BE   1057 _X_SLEEPCMD	=	0x70be
                    70BF   1058 _X_RFERRF	=	0x70bf
                    70C1   1059 _X_U0DBUF	=	0x70c1
                    70C2   1060 _X_U0BAUD	=	0x70c2
                    70C3   1061 _X_T2MSEL	=	0x70c3
                    70C4   1062 _X_U0UCR	=	0x70c4
                    70C5   1063 _X_U0GCR	=	0x70c5
                    70C6   1064 _X_CLKCONCMD	=	0x70c6
                    70C7   1065 _X_MEMCTR	=	0x70c7
                    70C9   1066 _X_WDCTL	=	0x70c9
                    70CA   1067 _X_T3CNT	=	0x70ca
                    70CB   1068 _X_T3CTL	=	0x70cb
                    70CC   1069 _X_T3CCTL0	=	0x70cc
                    70CD   1070 _X_T3CC0	=	0x70cd
                    70CE   1071 _X_T3CCTL1	=	0x70ce
                    70CF   1072 _X_T3CC1	=	0x70cf
                    70D1   1073 _X_DMAIRQ	=	0x70d1
                    70D2   1074 _X_DMA1CFGL	=	0x70d2
                    70D3   1075 _X_DMA1CFGH	=	0x70d3
                    70D4   1076 _X_DMA0CFGL	=	0x70d4
                    70D5   1077 _X_DMA0CFGH	=	0x70d5
                    70D6   1078 _X_DMAARM	=	0x70d6
                    70D7   1079 _X_DMAREQ	=	0x70d7
                    70D8   1080 _X_TIMIF	=	0x70d8
                    70D9   1081 _X_RFD	=	0x70d9
                    70DA   1082 _X_T1CC0L	=	0x70da
                    70DB   1083 _X_T1CC0H	=	0x70db
                    70DC   1084 _X_T1CC1L	=	0x70dc
                    70DD   1085 _X_T1CC1H	=	0x70dd
                    70DE   1086 _X_T1CC2L	=	0x70de
                    70DF   1087 _X_T1CC2H	=	0x70df
                    70E1   1088 _X_RFST	=	0x70e1
                    70E2   1089 _X_T1CNTL	=	0x70e2
                    70E3   1090 _X_T1CNTH	=	0x70e3
                    70E4   1091 _X_T1CTL	=	0x70e4
                    70E5   1092 _X_T1CCTL0	=	0x70e5
                    70E6   1093 _X_T1CCTL1	=	0x70e6
                    70E7   1094 _X_T1CCTL2	=	0x70e7
                    70E9   1095 _X_RFIRQF0	=	0x70e9
                    70EA   1096 _X_T4CNT	=	0x70ea
                    70EB   1097 _X_T4CTL	=	0x70eb
                    70EC   1098 _X_T4CCTL0	=	0x70ec
                    70ED   1099 _X_T4CC0	=	0x70ed
                    70EE   1100 _X_T4CCTL1	=	0x70ee
                    70EF   1101 _X_T4CC1	=	0x70ef
                    70F1   1102 _X_PERCFG	=	0x70f1
                    70F2   1103 _X_APCFG	=	0x70f2
                    70F3   1104 _X_P0SEL	=	0x70f3
                    70F4   1105 _X_P1SEL	=	0x70f4
                    70F5   1106 _X_P2SEL	=	0x70f5
                    70F6   1107 _X_P1INP	=	0x70f6
                    70F7   1108 _X_P2INP	=	0x70f7
                    70F8   1109 _X_U1CSR	=	0x70f8
                    70F9   1110 _X_U1DBUF	=	0x70f9
                    70FA   1111 _X_U1BAUD	=	0x70fa
                    70FB   1112 _X_U1UCR	=	0x70fb
                    70FC   1113 _X_U1GCR	=	0x70fc
                    70FD   1114 _X_P0DIR	=	0x70fd
                    70FE   1115 _X_P1DIR	=	0x70fe
                    70FF   1116 _X_P2DIR	=	0x70ff
                    7800   1117 _X_INFOPAGE	=	0x7800
                    780C   1118 _X_IEEE_ADDR	=	0x780c
   0000                    1119 _resolv_event_found::
   0000                    1120 	.ds 1
                           1121 ;--------------------------------------------------------
                           1122 ; absolute external ram data
                           1123 ;--------------------------------------------------------
                           1124 	.area XABS    (ABS,XDATA)
                           1125 ;--------------------------------------------------------
                           1126 ; external initialized ram data
                           1127 ;--------------------------------------------------------
                           1128 	.area XISEG   (XDATA)
   0000                    1129 _resolv_process::
   0000                    1130 	.ds 10
                           1131 	.area HOME    (CODE)
                           1132 	.area GSINIT0 (CODE)
                           1133 	.area GSINIT1 (CODE)
                           1134 	.area GSINIT2 (CODE)
                           1135 	.area GSINIT3 (CODE)
                           1136 	.area GSINIT4 (CODE)
                           1137 	.area GSINIT5 (CODE)
                           1138 	.area GSINIT  (CODE)
                           1139 	.area GSFINAL (CODE)
                           1140 	.area CSEG    (CODE)
                           1141 ;--------------------------------------------------------
                           1142 ; global & static initialisations
                           1143 ;--------------------------------------------------------
                           1144 	.area HOME    (CODE)
                           1145 	.area GSINIT  (CODE)
                           1146 	.area GSFINAL (CODE)
                           1147 	.area GSINIT  (CODE)
                           1148 ;--------------------------------------------------------
                           1149 ; Home
                           1150 ;--------------------------------------------------------
                           1151 	.area HOME    (CODE)
                           1152 	.area HOME    (CODE)
                           1153 ;--------------------------------------------------------
                           1154 ; code
                           1155 ;--------------------------------------------------------
                           1156 	.area BANK1   (CODE)
                           1157 ;------------------------------------------------------------
                           1158 ;Allocation info for local variables in function 'resolv_conf'
                           1159 ;------------------------------------------------------------
                           1160 ;dnsserver                 Allocated to registers 
                           1161 ;------------------------------------------------------------
                           1162 ;	../../../contiki-sensinode//core/net/resolv.c:84: void resolv_conf(const uip_ipaddr_t *dnsserver) { }
                           1163 ;	-----------------------------------------
                           1164 ;	 function resolv_conf
                           1165 ;	-----------------------------------------
   0000                    1166 _resolv_conf:
                    0007   1167 	ar7 = 0x07
                    0006   1168 	ar6 = 0x06
                    0005   1169 	ar5 = 0x05
                    0004   1170 	ar4 = 0x04
                    0003   1171 	ar3 = 0x03
                    0002   1172 	ar2 = 0x02
                    0001   1173 	ar1 = 0x01
                    0000   1174 	ar0 = 0x00
   0000 02s00r00           1175 	ljmp	__sdcc_banked_ret
                           1176 ;------------------------------------------------------------
                           1177 ;Allocation info for local variables in function 'resolv_getserver'
                           1178 ;------------------------------------------------------------
                           1179 ;	../../../contiki-sensinode//core/net/resolv.c:85: uip_ipaddr_t *resolv_getserver(void) { return NULL; }
                           1180 ;	-----------------------------------------
                           1181 ;	 function resolv_getserver
                           1182 ;	-----------------------------------------
   0003                    1183 _resolv_getserver:
   0003 90 00 00           1184 	mov	dptr,#0x0000
   0006 75 F0 00           1185 	mov	b,#0x00
   0009 02s00r00           1186 	ljmp	__sdcc_banked_ret
                           1187 ;------------------------------------------------------------
                           1188 ;Allocation info for local variables in function 'resolv_lookup'
                           1189 ;------------------------------------------------------------
                           1190 ;name                      Allocated to registers 
                           1191 ;------------------------------------------------------------
                           1192 ;	../../../contiki-sensinode//core/net/resolv.c:86: uip_ipaddr_t *resolv_lookup(const char *name) { return NULL; }
                           1193 ;	-----------------------------------------
                           1194 ;	 function resolv_lookup
                           1195 ;	-----------------------------------------
   000C                    1196 _resolv_lookup:
   000C 90 00 00           1197 	mov	dptr,#0x0000
   000F 75 F0 00           1198 	mov	b,#0x00
   0012 02s00r00           1199 	ljmp	__sdcc_banked_ret
                           1200 ;------------------------------------------------------------
                           1201 ;Allocation info for local variables in function 'resolv_query'
                           1202 ;------------------------------------------------------------
                           1203 ;name                      Allocated to registers 
                           1204 ;------------------------------------------------------------
                           1205 ;	../../../contiki-sensinode//core/net/resolv.c:87: void resolv_query(const char *name) { }
                           1206 ;	-----------------------------------------
                           1207 ;	 function resolv_query
                           1208 ;	-----------------------------------------
   0015                    1209 _resolv_query:
   0015 02s00r00           1210 	ljmp	__sdcc_banked_ret
                           1211 ;------------------------------------------------------------
                           1212 ;Allocation info for local variables in function 'process_thread_resolv_process'
                           1213 ;------------------------------------------------------------
                           1214 ;ev                        Allocated to stack - sp -3
                           1215 ;data                      Allocated to stack - sp -6
                           1216 ;process_pt                Allocated to registers r5 r6 r7 
                           1217 ;PT_YIELD_FLAG             Allocated to registers 
                           1218 ;------------------------------------------------------------
                           1219 ;	../../../contiki-sensinode//core/net/resolv.c:89: PROCESS_THREAD(resolv_process, ev, data)
                           1220 ;	-----------------------------------------
                           1221 ;	 function process_thread_resolv_process
                           1222 ;	-----------------------------------------
   0018                    1223 _process_thread_resolv_process:
                           1224 ;	../../../contiki-sensinode//core/net/resolv.c:91: PROCESS_BEGIN();
   0018 AD 82              1225 	mov	r5,dpl
   001A AE 83              1226 	mov	r6,dph
   001C AF F0              1227 	mov	r7,b
   001E 12s00r00           1228 	lcall	__gptrget
   0021 FB                 1229 	mov	r3,a
   0022 A3                 1230 	inc	dptr
   0023 12s00r00           1231 	lcall	__gptrget
   0026 FC                 1232 	mov	r4,a
   0027 BB 00 1E           1233 	cjne	r3,#0x00,00102$
   002A BC 00 1B           1234 	cjne	r4,#0x00,00102$
                           1235 ;	../../../contiki-sensinode//core/net/resolv.c:92: resolv_event_found = process_alloc_event();
   002D C0 07              1236 	push	ar7
   002F C0 06              1237 	push	ar6
   0031 C0 05              1238 	push	ar5
   0033 78r00              1239 	mov	r0,#_process_alloc_event
   0035 79s00              1240 	mov	r1,#(_process_alloc_event >> 8)
   0037 7As00              1241 	mov	r2,#(_process_alloc_event >> 16)
   0039 12s00r00           1242 	lcall	__sdcc_banked_call
   003C E5 82              1243 	mov	a,dpl
   003E D0 05              1244 	pop	ar5
   0040 D0 06              1245 	pop	ar6
   0042 D0 07              1246 	pop	ar7
   0044 90s00r00           1247 	mov	dptr,#_resolv_event_found
   0047 F0                 1248 	movx	@dptr,a
                           1249 ;	../../../contiki-sensinode//core/net/resolv.c:93: PROCESS_END();
   0048                    1250 00102$:
   0048 8D 82              1251 	mov	dpl,r5
   004A 8E 83              1252 	mov	dph,r6
   004C 8F F0              1253 	mov	b,r7
   004E E4                 1254 	clr	a
   004F 12s00r00           1255 	lcall	__gptrput
   0052 A3                 1256 	inc	dptr
   0053 E4                 1257 	clr	a
   0054 12s00r00           1258 	lcall	__gptrput
   0057 75 82 03           1259 	mov	dpl,#0x03
   005A 02s00r00           1260 	ljmp	__sdcc_banked_ret
                           1261 	.area CSEG    (CODE)
                           1262 	.area CONST   (CODE)
                           1263 	.area XINIT   (CODE)
   0000                    1264 __xinit__resolv_process:
                           1265 ; generic printIvalPtr
   0000 00 00 00           1266 	.byte #0x00,#0x00,#0x00
   0003r18s00s00           1267 	.byte _process_thread_resolv_process,(_process_thread_resolv_process >> 8),(_process_thread_resolv_process >> 16)
   0006 00 00              1268 	.byte #0x00,#0x00	; 0
   0008 00                 1269 	.db #0x00	; 0
   0009 00                 1270 	.db #0x00	; 0
                           1271 	.area CABS    (ABS,CODE)
