                              1 ;--------------------------------------------------------
                              2 ; File Created by SDCC : free open source ANSI-C Compiler
                              3 ; Version 3.1.1 #7100 (Oct 29 2014) (Linux)
                              4 ; This file was generated Wed Dec  2 18:11:04 2015
                              5 ;--------------------------------------------------------
                              6 	.module rtimer_arch
                              7 	.optsdcc -mmcs51 --model-huge
                              8 	
                              9 ;--------------------------------------------------------
                             10 ; Public variables in this module
                             11 ;--------------------------------------------------------
                             12 	.globl _rtimer_run_next
                             13 	.globl _ACTIVE
                             14 	.globl _TX_BYTE
                             15 	.globl _RX_BYTE
                             16 	.globl _ERR
                             17 	.globl _FE
                             18 	.globl _SLAVE
                             19 	.globl _RE
                             20 	.globl _MODE
                             21 	.globl _T3OVFIF
                             22 	.globl _T3CH0IF
                             23 	.globl _T3CH1IF
                             24 	.globl _T4OVFIF
                             25 	.globl _T4CH0IF
                             26 	.globl _T4CH1IF
                             27 	.globl _OVFIM
                             28 	.globl _B_0
                             29 	.globl _B_1
                             30 	.globl _B_2
                             31 	.globl _B_3
                             32 	.globl _B_4
                             33 	.globl _B_5
                             34 	.globl _B_6
                             35 	.globl _B_7
                             36 	.globl _P2IF
                             37 	.globl _UTX0IF
                             38 	.globl _UTX1IF
                             39 	.globl _P1IF
                             40 	.globl _WDTIF
                             41 	.globl _ACC_0
                             42 	.globl _ACC_1
                             43 	.globl _ACC_2
                             44 	.globl _ACC_3
                             45 	.globl _ACC_4
                             46 	.globl _ACC_5
                             47 	.globl _ACC_6
                             48 	.globl _ACC_7
                             49 	.globl _P
                             50 	.globl _F1
                             51 	.globl _OV
                             52 	.globl _RS0
                             53 	.globl _RS1
                             54 	.globl _F0
                             55 	.globl _AC
                             56 	.globl _CY
                             57 	.globl _DMAIF
                             58 	.globl _T1IF
                             59 	.globl _T2IF
                             60 	.globl _T3IF
                             61 	.globl _T4IF
                             62 	.globl _P0IF
                             63 	.globl _STIF
                             64 	.globl _DMAIE
                             65 	.globl _T1IE
                             66 	.globl _T2IE
                             67 	.globl _T3IE
                             68 	.globl _T4IE
                             69 	.globl _P0IE
                             70 	.globl _RFERRIE
                             71 	.globl _ADCIE
                             72 	.globl _URX0IE
                             73 	.globl _URX1IE
                             74 	.globl _ENCIE
                             75 	.globl _STIE
                             76 	.globl _EA
                             77 	.globl _P2_0
                             78 	.globl _P2_1
                             79 	.globl _P2_2
                             80 	.globl _P2_3
                             81 	.globl _P2_4
                             82 	.globl _P2_5
                             83 	.globl _P2_6
                             84 	.globl _P2_7
                             85 	.globl _ENCIF_0
                             86 	.globl _ENCIF_1
                             87 	.globl _P1_0
                             88 	.globl _P1_1
                             89 	.globl _P1_2
                             90 	.globl _P1_3
                             91 	.globl _P1_4
                             92 	.globl _P1_5
                             93 	.globl _P1_6
                             94 	.globl _P1_7
                             95 	.globl _IT0
                             96 	.globl _RFERRIF
                             97 	.globl _IT1
                             98 	.globl _URX0IF
                             99 	.globl _ADCIF
                            100 	.globl _URX1IF
                            101 	.globl _P0_0
                            102 	.globl _P0_1
                            103 	.globl _P0_2
                            104 	.globl _P0_3
                            105 	.globl _P0_4
                            106 	.globl _P0_5
                            107 	.globl _P0_6
                            108 	.globl _P0_7
                            109 	.globl _WDCTL
                            110 	.globl _U1GCR
                            111 	.globl _U1UCR
                            112 	.globl _U1BAUD
                            113 	.globl _U1DBUF
                            114 	.globl _U1CSR
                            115 	.globl _U0GCR
                            116 	.globl _U0UCR
                            117 	.globl _U0BAUD
                            118 	.globl _U0DBUF
                            119 	.globl _U0CSR
                            120 	.globl _TIMIF
                            121 	.globl _T4CC1
                            122 	.globl _T4CCTL1
                            123 	.globl _T4CC0
                            124 	.globl _T4CCTL0
                            125 	.globl _T4CTL
                            126 	.globl _T4CNT
                            127 	.globl _T3CC1
                            128 	.globl _T3CCTL1
                            129 	.globl _T3CC0
                            130 	.globl _T3CCTL0
                            131 	.globl _T3CTL
                            132 	.globl _T3CNT
                            133 	.globl _T2MSEL
                            134 	.globl _T2IRQM
                            135 	.globl _T2MOVF2
                            136 	.globl _T2MOVF1
                            137 	.globl _T2MOVF0
                            138 	.globl _T2M1
                            139 	.globl _T2M0
                            140 	.globl _T2IRQF
                            141 	.globl _T2EVTCFG
                            142 	.globl _T2CTRL
                            143 	.globl _T1STAT
                            144 	.globl _T1CCTL2
                            145 	.globl _T1CCTL1
                            146 	.globl _T1CCTL0
                            147 	.globl _T1CTL
                            148 	.globl _T1CNTH
                            149 	.globl _T1CNTL
                            150 	.globl _T1CC2H
                            151 	.globl _T1CC2L
                            152 	.globl _T1CC1H
                            153 	.globl _T1CC1L
                            154 	.globl _T1CC0H
                            155 	.globl _T1CC0L
                            156 	.globl _CLKCONSTA
                            157 	.globl _CLKCONCMD
                            158 	.globl _SLEEPSTA
                            159 	.globl _SLEEPCMD
                            160 	.globl _STLOAD
                            161 	.globl _ST2
                            162 	.globl _ST1
                            163 	.globl _ST0
                            164 	.globl _RFERRF
                            165 	.globl _RFIRQF0
                            166 	.globl _RFST
                            167 	.globl _RFD
                            168 	.globl _RFIRQF1
                            169 	.globl _PSBANK
                            170 	.globl _FMAP
                            171 	.globl _MEMCTR
                            172 	.globl __XPAGE
                            173 	.globl _MPAGE
                            174 	.globl _PMUX
                            175 	.globl _P2DIR
                            176 	.globl _P1DIR
                            177 	.globl _P0DIR
                            178 	.globl _P2INP
                            179 	.globl _P1INP
                            180 	.globl _P2SEL
                            181 	.globl _P1SEL
                            182 	.globl _P0SEL
                            183 	.globl _APCFG
                            184 	.globl _PERCFG
                            185 	.globl _P0INP
                            186 	.globl _P2IEN
                            187 	.globl _P1IEN
                            188 	.globl _P0IEN
                            189 	.globl _PICTL
                            190 	.globl _P2IFG
                            191 	.globl _P1IFG
                            192 	.globl _P0IFG
                            193 	.globl _DMAREQ
                            194 	.globl _DMAARM
                            195 	.globl _DMA0CFGH
                            196 	.globl _DMA0CFGL
                            197 	.globl _DMA1CFGH
                            198 	.globl _DMA1CFGL
                            199 	.globl _DMAIRQ
                            200 	.globl _ENCCS
                            201 	.globl _ENCDO
                            202 	.globl _ENCDI
                            203 	.globl _RNDH
                            204 	.globl _RNDL
                            205 	.globl _ADCH
                            206 	.globl _ADCL
                            207 	.globl _ADCCON3
                            208 	.globl _ADCCON2
                            209 	.globl _ADCCON1
                            210 	.globl _B
                            211 	.globl _IRCON2
                            212 	.globl _ACC
                            213 	.globl _PSW
                            214 	.globl _IRCON
                            215 	.globl _IP1
                            216 	.globl _IEN1
                            217 	.globl _IP0
                            218 	.globl _IEN0
                            219 	.globl _P2
                            220 	.globl _S1CON
                            221 	.globl _IEN2
                            222 	.globl _S0CON
                            223 	.globl _DPS
                            224 	.globl _P1
                            225 	.globl _TCON
                            226 	.globl _PCON
                            227 	.globl _DPH1
                            228 	.globl _DPL1
                            229 	.globl _DPH0
                            230 	.globl _DPL0
                            231 	.globl _SP
                            232 	.globl _P0
                            233 	.globl _X_IEEE_ADDR
                            234 	.globl _X_INFOPAGE
                            235 	.globl _X_P2DIR
                            236 	.globl _X_P1DIR
                            237 	.globl _X_P0DIR
                            238 	.globl _X_U1GCR
                            239 	.globl _X_U1UCR
                            240 	.globl _X_U1BAUD
                            241 	.globl _X_U1DBUF
                            242 	.globl _X_U1CSR
                            243 	.globl _X_P2INP
                            244 	.globl _X_P1INP
                            245 	.globl _X_P2SEL
                            246 	.globl _X_P1SEL
                            247 	.globl _X_P0SEL
                            248 	.globl _X_APCFG
                            249 	.globl _X_PERCFG
                            250 	.globl _X_T4CC1
                            251 	.globl _X_T4CCTL1
                            252 	.globl _X_T4CC0
                            253 	.globl _X_T4CCTL0
                            254 	.globl _X_T4CTL
                            255 	.globl _X_T4CNT
                            256 	.globl _X_RFIRQF0
                            257 	.globl _X_T1CCTL2
                            258 	.globl _X_T1CCTL1
                            259 	.globl _X_T1CCTL0
                            260 	.globl _X_T1CTL
                            261 	.globl _X_T1CNTH
                            262 	.globl _X_T1CNTL
                            263 	.globl _X_RFST
                            264 	.globl _X_T1CC2H
                            265 	.globl _X_T1CC2L
                            266 	.globl _X_T1CC1H
                            267 	.globl _X_T1CC1L
                            268 	.globl _X_T1CC0H
                            269 	.globl _X_T1CC0L
                            270 	.globl _X_RFD
                            271 	.globl _X_TIMIF
                            272 	.globl _X_DMAREQ
                            273 	.globl _X_DMAARM
                            274 	.globl _X_DMA0CFGH
                            275 	.globl _X_DMA0CFGL
                            276 	.globl _X_DMA1CFGH
                            277 	.globl _X_DMA1CFGL
                            278 	.globl _X_DMAIRQ
                            279 	.globl _X_T3CC1
                            280 	.globl _X_T3CCTL1
                            281 	.globl _X_T3CC0
                            282 	.globl _X_T3CCTL0
                            283 	.globl _X_T3CTL
                            284 	.globl _X_T3CNT
                            285 	.globl _X_WDCTL
                            286 	.globl _X_MEMCTR
                            287 	.globl _X_CLKCONCMD
                            288 	.globl _X_U0GCR
                            289 	.globl _X_U0UCR
                            290 	.globl _X_T2MSEL
                            291 	.globl _X_U0BAUD
                            292 	.globl _X_U0DBUF
                            293 	.globl _X_RFERRF
                            294 	.globl _X_SLEEPCMD
                            295 	.globl _X_RNDH
                            296 	.globl _X_RNDL
                            297 	.globl _X_ADCH
                            298 	.globl _X_ADCL
                            299 	.globl _X_ADCCON3
                            300 	.globl _X_ADCCON2
                            301 	.globl _X_ADCCON1
                            302 	.globl _X_ENCCS
                            303 	.globl _X_ENCDO
                            304 	.globl _X_ENCDI
                            305 	.globl _X_T1STAT
                            306 	.globl _X_PMUX
                            307 	.globl _X_STLOAD
                            308 	.globl _X_P2IEN
                            309 	.globl _X_P0IEN
                            310 	.globl _X_T2IRQM
                            311 	.globl _X_T2MOVF2
                            312 	.globl _X_T2MOVF1
                            313 	.globl _X_T2MOVF0
                            314 	.globl _X_T2M1
                            315 	.globl _X_T2M0
                            316 	.globl _X_T2IRQF
                            317 	.globl _X_P2
                            318 	.globl _X_PSBANK
                            319 	.globl _X_FMAP
                            320 	.globl _X_CLKCONSTA
                            321 	.globl _X_SLEEPSTA
                            322 	.globl _X_T2EVTCFG
                            323 	.globl _X_ST2
                            324 	.globl _X_ST1
                            325 	.globl _X_ST0
                            326 	.globl _X_T2CTRL
                            327 	.globl _X__XPAGE
                            328 	.globl _X_MPAGE
                            329 	.globl _X_RFIRQF1
                            330 	.globl _X_P1
                            331 	.globl _X_P0INP
                            332 	.globl _X_P1IEN
                            333 	.globl _X_PICTL
                            334 	.globl _X_P2IFG
                            335 	.globl _X_P1IFG
                            336 	.globl _X_P0IFG
                            337 	.globl _X_U0CSR
                            338 	.globl _X_P0
                            339 	.globl _USBF5
                            340 	.globl _USBF4
                            341 	.globl _USBF3
                            342 	.globl _USBF2
                            343 	.globl _USBF1
                            344 	.globl _USBF0
                            345 	.globl _USBCNTH
                            346 	.globl _USBCNTL
                            347 	.globl _USBCNT0
                            348 	.globl _USBCSOH
                            349 	.globl _USBCSOL
                            350 	.globl _USBMAXO
                            351 	.globl _USBCSIH
                            352 	.globl _USBCSIL
                            353 	.globl _USBCS0
                            354 	.globl _USBMAXI
                            355 	.globl _USBCTRL
                            356 	.globl _USBINDEX
                            357 	.globl _USBFRMH
                            358 	.globl _USBFRML
                            359 	.globl _USBCIE
                            360 	.globl _USBOIE
                            361 	.globl _USBIIE
                            362 	.globl _USBCIF
                            363 	.globl _USBOIF
                            364 	.globl _USBIIF
                            365 	.globl _USBPOW
                            366 	.globl _USBADDR
                            367 	.globl _CSPT
                            368 	.globl _CSPZ
                            369 	.globl _CSPY
                            370 	.globl _CSPX
                            371 	.globl _CSPSTAT
                            372 	.globl _CSPCTRL
                            373 	.globl _CSPPROG23
                            374 	.globl _CSPPROG22
                            375 	.globl _CSPPROG21
                            376 	.globl _CSPPROG20
                            377 	.globl _CSPPROG19
                            378 	.globl _CSPPROG18
                            379 	.globl _CSPPROG17
                            380 	.globl _CSPPROG16
                            381 	.globl _CSPPROG15
                            382 	.globl _CSPPROG14
                            383 	.globl _CSPPROG13
                            384 	.globl _CSPPROG12
                            385 	.globl _CSPPROG11
                            386 	.globl _CSPPROG10
                            387 	.globl _CSPPROG9
                            388 	.globl _CSPPROG8
                            389 	.globl _CSPPROG7
                            390 	.globl _CSPPROG6
                            391 	.globl _CSPPROG5
                            392 	.globl _CSPPROG4
                            393 	.globl _CSPPROG3
                            394 	.globl _CSPPROG2
                            395 	.globl _CSPPROG1
                            396 	.globl _CSPPROG0
                            397 	.globl _RFC_OBS_CTRL2
                            398 	.globl _RFC_OBS_CTRL1
                            399 	.globl _RFC_OBS_CTRL0
                            400 	.globl _TXFILTCFG
                            401 	.globl _PTEST1
                            402 	.globl _PTEST0
                            403 	.globl _ATEST
                            404 	.globl _DACTEST2
                            405 	.globl _DACTEST1
                            406 	.globl _DACTEST0
                            407 	.globl _MDMTEST1
                            408 	.globl _MDMTEST0
                            409 	.globl _ADCTEST2
                            410 	.globl _ADCTEST1
                            411 	.globl _ADCTEST0
                            412 	.globl _AGCCTRL3
                            413 	.globl _AGCCTRL2
                            414 	.globl _AGCCTRL1
                            415 	.globl _AGCCTRL0
                            416 	.globl _FSCAL3
                            417 	.globl _FSCAL2
                            418 	.globl _FSCAL1
                            419 	.globl _FSCAL0
                            420 	.globl _FSCTRL
                            421 	.globl _RXCTRL
                            422 	.globl _FREQEST
                            423 	.globl _MDMCTRL1
                            424 	.globl _MDMCTRL0
                            425 	.globl _RFRND
                            426 	.globl _RFERRM
                            427 	.globl _RFIRQM1
                            428 	.globl _RFIRQM0
                            429 	.globl _TXLAST_PTR
                            430 	.globl _TXFIRST_PTR
                            431 	.globl _RXP1_PTR
                            432 	.globl _RXLAST_PTR
                            433 	.globl _RXFIRST_PTR
                            434 	.globl _TXFIFOCNT
                            435 	.globl _RXFIFOCNT
                            436 	.globl _RXFIRST
                            437 	.globl _RSSISTAT
                            438 	.globl _RSSI
                            439 	.globl _CCACTRL1
                            440 	.globl _CCACTRL0
                            441 	.globl _FSMCTRL
                            442 	.globl _FIFOPCTRL
                            443 	.globl _FSMSTAT1
                            444 	.globl _FSMSTAT0
                            445 	.globl _TXCTRL
                            446 	.globl _TXPOWER
                            447 	.globl _FREQCTRL
                            448 	.globl _FREQTUNE
                            449 	.globl _RXMASKCLR
                            450 	.globl _RXMASKSET
                            451 	.globl _RXENABLE
                            452 	.globl _FRMCTRL1
                            453 	.globl _FRMCTRL0
                            454 	.globl _SRCEXTEN2
                            455 	.globl _SRCEXTEN1
                            456 	.globl _SRCEXTEN0
                            457 	.globl _SRCSHORTEN2
                            458 	.globl _SRCSHORTEN1
                            459 	.globl _SRCSHORTEN0
                            460 	.globl _SRCMATCH
                            461 	.globl _FRMFILT1
                            462 	.globl _FRMFILT0
                            463 	.globl _SHORT_ADDR1
                            464 	.globl _SHORT_ADDR0
                            465 	.globl _PAN_ID1
                            466 	.globl _PAN_ID0
                            467 	.globl _EXT_ADDR7
                            468 	.globl _EXT_ADDR6
                            469 	.globl _EXT_ADDR5
                            470 	.globl _EXT_ADDR4
                            471 	.globl _EXT_ADDR3
                            472 	.globl _EXT_ADDR2
                            473 	.globl _EXT_ADDR1
                            474 	.globl _EXT_ADDR0
                            475 	.globl _SRCSHORTPENDEN2
                            476 	.globl _SRCSHORTPENDEN1
                            477 	.globl _SRCSHORTPENDEN0
                            478 	.globl _SRCEXTPENDEN2
                            479 	.globl _SRCEXTPENDEN1
                            480 	.globl _SRCEXTPENDEN0
                            481 	.globl _SRCRESINDEX
                            482 	.globl _SRCRESMASK2
                            483 	.globl _SRCRESMASK1
                            484 	.globl _SRCRESMASK0
                            485 	.globl _SRC_ADDR_TABLE
                            486 	.globl _TXFIFO
                            487 	.globl _RXFIFO
                            488 	.globl _RFCORE_RAM
                            489 	.globl _CMPCTL
                            490 	.globl _OPAMPS
                            491 	.globl _OPAMPC
                            492 	.globl _STCV2
                            493 	.globl _STCV1
                            494 	.globl _STCV0
                            495 	.globl _STCS
                            496 	.globl _STCC
                            497 	.globl _T1CC4H
                            498 	.globl _T1CC4L
                            499 	.globl _T1CC3H
                            500 	.globl _T1CC3L
                            501 	.globl _XX_T1CC2H
                            502 	.globl _XX_T1CC2L
                            503 	.globl _XX_T1CC1H
                            504 	.globl _XX_T1CC1L
                            505 	.globl _XX_T1CC0H
                            506 	.globl _XX_T1CC0L
                            507 	.globl _T1CCTL4
                            508 	.globl _T1CCTL3
                            509 	.globl _XX_T1CCTL2
                            510 	.globl _XX_T1CCTL1
                            511 	.globl _XX_T1CCTL0
                            512 	.globl _CLD
                            513 	.globl _IRCTL
                            514 	.globl _CHIPINFO1
                            515 	.globl _CHIPINFO0
                            516 	.globl _FWDATA
                            517 	.globl _FADDRH
                            518 	.globl _FADDRL
                            519 	.globl _FCTL
                            520 	.globl _IVCTRL
                            521 	.globl _BATTMON
                            522 	.globl _SRCRC
                            523 	.globl _DBGDATA
                            524 	.globl _TESTREG0
                            525 	.globl _CHIPID
                            526 	.globl _CHVER
                            527 	.globl _OBSSEL5
                            528 	.globl _OBSSEL4
                            529 	.globl _OBSSEL3
                            530 	.globl _OBSSEL2
                            531 	.globl _OBSSEL1
                            532 	.globl _OBSSEL0
                            533 	.globl _I2CIO
                            534 	.globl _I2CWC
                            535 	.globl _I2CADDR
                            536 	.globl _I2CDATA
                            537 	.globl _I2CSTAT
                            538 	.globl _I2CCFG
                            539 	.globl _OPAMPMC
                            540 	.globl _MONMUX
                            541 	.globl _rtimer_arch_init
                            542 	.globl _rtimer_arch_schedule
                            543 	.globl _rtimer_isr
                            544 ;--------------------------------------------------------
                            545 ; special function registers
                            546 ;--------------------------------------------------------
                            547 	.area RSEG    (ABS,DATA)
   0000                     548 	.org 0x0000
                    0080    549 _P0	=	0x0080
                    0081    550 _SP	=	0x0081
                    0082    551 _DPL0	=	0x0082
                    0083    552 _DPH0	=	0x0083
                    0084    553 _DPL1	=	0x0084
                    0085    554 _DPH1	=	0x0085
                    0087    555 _PCON	=	0x0087
                    0088    556 _TCON	=	0x0088
                    0090    557 _P1	=	0x0090
                    0092    558 _DPS	=	0x0092
                    0098    559 _S0CON	=	0x0098
                    009A    560 _IEN2	=	0x009a
                    009B    561 _S1CON	=	0x009b
                    00A0    562 _P2	=	0x00a0
                    00A8    563 _IEN0	=	0x00a8
                    00A9    564 _IP0	=	0x00a9
                    00B8    565 _IEN1	=	0x00b8
                    00B9    566 _IP1	=	0x00b9
                    00C0    567 _IRCON	=	0x00c0
                    00D0    568 _PSW	=	0x00d0
                    00E0    569 _ACC	=	0x00e0
                    00E8    570 _IRCON2	=	0x00e8
                    00F0    571 _B	=	0x00f0
                    00B4    572 _ADCCON1	=	0x00b4
                    00B5    573 _ADCCON2	=	0x00b5
                    00B6    574 _ADCCON3	=	0x00b6
                    00BA    575 _ADCL	=	0x00ba
                    00BB    576 _ADCH	=	0x00bb
                    00BC    577 _RNDL	=	0x00bc
                    00BD    578 _RNDH	=	0x00bd
                    00B1    579 _ENCDI	=	0x00b1
                    00B2    580 _ENCDO	=	0x00b2
                    00B3    581 _ENCCS	=	0x00b3
                    00D1    582 _DMAIRQ	=	0x00d1
                    00D2    583 _DMA1CFGL	=	0x00d2
                    00D3    584 _DMA1CFGH	=	0x00d3
                    00D4    585 _DMA0CFGL	=	0x00d4
                    00D5    586 _DMA0CFGH	=	0x00d5
                    00D6    587 _DMAARM	=	0x00d6
                    00D7    588 _DMAREQ	=	0x00d7
                    0089    589 _P0IFG	=	0x0089
                    008A    590 _P1IFG	=	0x008a
                    008B    591 _P2IFG	=	0x008b
                    008C    592 _PICTL	=	0x008c
                    00AB    593 _P0IEN	=	0x00ab
                    008D    594 _P1IEN	=	0x008d
                    00AC    595 _P2IEN	=	0x00ac
                    008F    596 _P0INP	=	0x008f
                    00F1    597 _PERCFG	=	0x00f1
                    00F2    598 _APCFG	=	0x00f2
                    00F3    599 _P0SEL	=	0x00f3
                    00F4    600 _P1SEL	=	0x00f4
                    00F5    601 _P2SEL	=	0x00f5
                    00F6    602 _P1INP	=	0x00f6
                    00F7    603 _P2INP	=	0x00f7
                    00FD    604 _P0DIR	=	0x00fd
                    00FE    605 _P1DIR	=	0x00fe
                    00FF    606 _P2DIR	=	0x00ff
                    00AE    607 _PMUX	=	0x00ae
                    0093    608 _MPAGE	=	0x0093
                    0093    609 __XPAGE	=	0x0093
                    00C7    610 _MEMCTR	=	0x00c7
                    009F    611 _FMAP	=	0x009f
                    009F    612 _PSBANK	=	0x009f
                    0091    613 _RFIRQF1	=	0x0091
                    00D9    614 _RFD	=	0x00d9
                    00E1    615 _RFST	=	0x00e1
                    00E9    616 _RFIRQF0	=	0x00e9
                    00BF    617 _RFERRF	=	0x00bf
                    0095    618 _ST0	=	0x0095
                    0096    619 _ST1	=	0x0096
                    0097    620 _ST2	=	0x0097
                    00AD    621 _STLOAD	=	0x00ad
                    00BE    622 _SLEEPCMD	=	0x00be
                    009D    623 _SLEEPSTA	=	0x009d
                    00C6    624 _CLKCONCMD	=	0x00c6
                    009E    625 _CLKCONSTA	=	0x009e
                    00DA    626 _T1CC0L	=	0x00da
                    00DB    627 _T1CC0H	=	0x00db
                    00DC    628 _T1CC1L	=	0x00dc
                    00DD    629 _T1CC1H	=	0x00dd
                    00DE    630 _T1CC2L	=	0x00de
                    00DF    631 _T1CC2H	=	0x00df
                    00E2    632 _T1CNTL	=	0x00e2
                    00E3    633 _T1CNTH	=	0x00e3
                    00E4    634 _T1CTL	=	0x00e4
                    00E5    635 _T1CCTL0	=	0x00e5
                    00E6    636 _T1CCTL1	=	0x00e6
                    00E7    637 _T1CCTL2	=	0x00e7
                    00AF    638 _T1STAT	=	0x00af
                    0094    639 _T2CTRL	=	0x0094
                    009C    640 _T2EVTCFG	=	0x009c
                    00A1    641 _T2IRQF	=	0x00a1
                    00A2    642 _T2M0	=	0x00a2
                    00A3    643 _T2M1	=	0x00a3
                    00A4    644 _T2MOVF0	=	0x00a4
                    00A5    645 _T2MOVF1	=	0x00a5
                    00A6    646 _T2MOVF2	=	0x00a6
                    00A7    647 _T2IRQM	=	0x00a7
                    00C3    648 _T2MSEL	=	0x00c3
                    00CA    649 _T3CNT	=	0x00ca
                    00CB    650 _T3CTL	=	0x00cb
                    00CC    651 _T3CCTL0	=	0x00cc
                    00CD    652 _T3CC0	=	0x00cd
                    00CE    653 _T3CCTL1	=	0x00ce
                    00CF    654 _T3CC1	=	0x00cf
                    00EA    655 _T4CNT	=	0x00ea
                    00EB    656 _T4CTL	=	0x00eb
                    00EC    657 _T4CCTL0	=	0x00ec
                    00ED    658 _T4CC0	=	0x00ed
                    00EE    659 _T4CCTL1	=	0x00ee
                    00EF    660 _T4CC1	=	0x00ef
                    00D8    661 _TIMIF	=	0x00d8
                    0086    662 _U0CSR	=	0x0086
                    00C1    663 _U0DBUF	=	0x00c1
                    00C2    664 _U0BAUD	=	0x00c2
                    00C4    665 _U0UCR	=	0x00c4
                    00C5    666 _U0GCR	=	0x00c5
                    00F8    667 _U1CSR	=	0x00f8
                    00F9    668 _U1DBUF	=	0x00f9
                    00FA    669 _U1BAUD	=	0x00fa
                    00FB    670 _U1UCR	=	0x00fb
                    00FC    671 _U1GCR	=	0x00fc
                    00C9    672 _WDCTL	=	0x00c9
                            673 ;--------------------------------------------------------
                            674 ; special function bits
                            675 ;--------------------------------------------------------
                            676 	.area RSEG    (ABS,DATA)
   0000                     677 	.org 0x0000
                    0087    678 _P0_7	=	0x0087
                    0086    679 _P0_6	=	0x0086
                    0085    680 _P0_5	=	0x0085
                    0084    681 _P0_4	=	0x0084
                    0083    682 _P0_3	=	0x0083
                    0082    683 _P0_2	=	0x0082
                    0081    684 _P0_1	=	0x0081
                    0080    685 _P0_0	=	0x0080
                    008F    686 _URX1IF	=	0x008f
                    008D    687 _ADCIF	=	0x008d
                    008B    688 _URX0IF	=	0x008b
                    008A    689 _IT1	=	0x008a
                    0089    690 _RFERRIF	=	0x0089
                    0088    691 _IT0	=	0x0088
                    0097    692 _P1_7	=	0x0097
                    0096    693 _P1_6	=	0x0096
                    0095    694 _P1_5	=	0x0095
                    0094    695 _P1_4	=	0x0094
                    0093    696 _P1_3	=	0x0093
                    0092    697 _P1_2	=	0x0092
                    0091    698 _P1_1	=	0x0091
                    0090    699 _P1_0	=	0x0090
                    0099    700 _ENCIF_1	=	0x0099
                    0098    701 _ENCIF_0	=	0x0098
                    00A7    702 _P2_7	=	0x00a7
                    00A6    703 _P2_6	=	0x00a6
                    00A5    704 _P2_5	=	0x00a5
                    00A4    705 _P2_4	=	0x00a4
                    00A3    706 _P2_3	=	0x00a3
                    00A2    707 _P2_2	=	0x00a2
                    00A1    708 _P2_1	=	0x00a1
                    00A0    709 _P2_0	=	0x00a0
                    00AF    710 _EA	=	0x00af
                    00AD    711 _STIE	=	0x00ad
                    00AC    712 _ENCIE	=	0x00ac
                    00AB    713 _URX1IE	=	0x00ab
                    00AA    714 _URX0IE	=	0x00aa
                    00A9    715 _ADCIE	=	0x00a9
                    00A8    716 _RFERRIE	=	0x00a8
                    00BD    717 _P0IE	=	0x00bd
                    00BC    718 _T4IE	=	0x00bc
                    00BB    719 _T3IE	=	0x00bb
                    00BA    720 _T2IE	=	0x00ba
                    00B9    721 _T1IE	=	0x00b9
                    00B8    722 _DMAIE	=	0x00b8
                    00C7    723 _STIF	=	0x00c7
                    00C5    724 _P0IF	=	0x00c5
                    00C4    725 _T4IF	=	0x00c4
                    00C3    726 _T3IF	=	0x00c3
                    00C2    727 _T2IF	=	0x00c2
                    00C1    728 _T1IF	=	0x00c1
                    00C0    729 _DMAIF	=	0x00c0
                    00D7    730 _CY	=	0x00d7
                    00D6    731 _AC	=	0x00d6
                    00D5    732 _F0	=	0x00d5
                    00D4    733 _RS1	=	0x00d4
                    00D3    734 _RS0	=	0x00d3
                    00D2    735 _OV	=	0x00d2
                    00D1    736 _F1	=	0x00d1
                    00D0    737 _P	=	0x00d0
                    00E7    738 _ACC_7	=	0x00e7
                    00E6    739 _ACC_6	=	0x00e6
                    00E5    740 _ACC_5	=	0x00e5
                    00E4    741 _ACC_4	=	0x00e4
                    00E3    742 _ACC_3	=	0x00e3
                    00E2    743 _ACC_2	=	0x00e2
                    00E1    744 _ACC_1	=	0x00e1
                    00E0    745 _ACC_0	=	0x00e0
                    00EC    746 _WDTIF	=	0x00ec
                    00EB    747 _P1IF	=	0x00eb
                    00EA    748 _UTX1IF	=	0x00ea
                    00E9    749 _UTX0IF	=	0x00e9
                    00E8    750 _P2IF	=	0x00e8
                    00F7    751 _B_7	=	0x00f7
                    00F6    752 _B_6	=	0x00f6
                    00F5    753 _B_5	=	0x00f5
                    00F4    754 _B_4	=	0x00f4
                    00F3    755 _B_3	=	0x00f3
                    00F2    756 _B_2	=	0x00f2
                    00F1    757 _B_1	=	0x00f1
                    00F0    758 _B_0	=	0x00f0
                    00DE    759 _OVFIM	=	0x00de
                    00DD    760 _T4CH1IF	=	0x00dd
                    00DC    761 _T4CH0IF	=	0x00dc
                    00DB    762 _T4OVFIF	=	0x00db
                    00DA    763 _T3CH1IF	=	0x00da
                    00D9    764 _T3CH0IF	=	0x00d9
                    00D8    765 _T3OVFIF	=	0x00d8
                    00FF    766 _MODE	=	0x00ff
                    00FE    767 _RE	=	0x00fe
                    00FD    768 _SLAVE	=	0x00fd
                    00FC    769 _FE	=	0x00fc
                    00FB    770 _ERR	=	0x00fb
                    00FA    771 _RX_BYTE	=	0x00fa
                    00F9    772 _TX_BYTE	=	0x00f9
                    00F8    773 _ACTIVE	=	0x00f8
                            774 ;--------------------------------------------------------
                            775 ; overlayable register banks
                            776 ;--------------------------------------------------------
                            777 	.area REG_BANK_0	(REL,OVR,DATA)
   0000                     778 	.ds 8
                            779 ;--------------------------------------------------------
                            780 ; overlayable bit register bank
                            781 ;--------------------------------------------------------
                            782 	.area BIT_BANK	(REL,OVR,DATA)
   0000                     783 bits:
   0000                     784 	.ds 1
                    8000    785 	b0 = bits[0]
                    8100    786 	b1 = bits[1]
                    8200    787 	b2 = bits[2]
                    8300    788 	b3 = bits[3]
                    8400    789 	b4 = bits[4]
                    8500    790 	b5 = bits[5]
                    8600    791 	b6 = bits[6]
                    8700    792 	b7 = bits[7]
                            793 ;--------------------------------------------------------
                            794 ; internal ram data
                            795 ;--------------------------------------------------------
                            796 	.area DSEG    (DATA)
                            797 ;--------------------------------------------------------
                            798 ; overlayable items in internal ram 
                            799 ;--------------------------------------------------------
                            800 	.area OSEG    (OVR,DATA)
                            801 ;--------------------------------------------------------
                            802 ; indirectly addressable internal ram data
                            803 ;--------------------------------------------------------
                            804 	.area ISEG    (DATA)
                            805 ;--------------------------------------------------------
                            806 ; absolute internal ram data
                            807 ;--------------------------------------------------------
                            808 	.area IABS    (ABS,DATA)
                            809 	.area IABS    (ABS,DATA)
                            810 ;--------------------------------------------------------
                            811 ; bit data
                            812 ;--------------------------------------------------------
                            813 	.area BSEG    (BIT)
                            814 ;--------------------------------------------------------
                            815 ; paged external ram data
                            816 ;--------------------------------------------------------
                            817 	.area PSEG    (PAG,XDATA)
                            818 ;--------------------------------------------------------
                            819 ; external ram data
                            820 ;--------------------------------------------------------
                            821 	.area XSEG    (XDATA)
                    61A6    822 _MONMUX	=	0x61a6
                    61A6    823 _OPAMPMC	=	0x61a6
                    6230    824 _I2CCFG	=	0x6230
                    6231    825 _I2CSTAT	=	0x6231
                    6232    826 _I2CDATA	=	0x6232
                    6233    827 _I2CADDR	=	0x6233
                    6234    828 _I2CWC	=	0x6234
                    6235    829 _I2CIO	=	0x6235
                    6243    830 _OBSSEL0	=	0x6243
                    6244    831 _OBSSEL1	=	0x6244
                    6245    832 _OBSSEL2	=	0x6245
                    6246    833 _OBSSEL3	=	0x6246
                    6247    834 _OBSSEL4	=	0x6247
                    6248    835 _OBSSEL5	=	0x6248
                    6249    836 _CHVER	=	0x6249
                    624A    837 _CHIPID	=	0x624a
                    624B    838 _TESTREG0	=	0x624b
                    6260    839 _DBGDATA	=	0x6260
                    6262    840 _SRCRC	=	0x6262
                    6264    841 _BATTMON	=	0x6264
                    6265    842 _IVCTRL	=	0x6265
                    6270    843 _FCTL	=	0x6270
                    6271    844 _FADDRL	=	0x6271
                    6272    845 _FADDRH	=	0x6272
                    6273    846 _FWDATA	=	0x6273
                    6276    847 _CHIPINFO0	=	0x6276
                    6277    848 _CHIPINFO1	=	0x6277
                    6281    849 _IRCTL	=	0x6281
                    6290    850 _CLD	=	0x6290
                    62A0    851 _XX_T1CCTL0	=	0x62a0
                    62A1    852 _XX_T1CCTL1	=	0x62a1
                    62A2    853 _XX_T1CCTL2	=	0x62a2
                    62A3    854 _T1CCTL3	=	0x62a3
                    62A4    855 _T1CCTL4	=	0x62a4
                    62A6    856 _XX_T1CC0L	=	0x62a6
                    62A7    857 _XX_T1CC0H	=	0x62a7
                    62A8    858 _XX_T1CC1L	=	0x62a8
                    62A9    859 _XX_T1CC1H	=	0x62a9
                    62AA    860 _XX_T1CC2L	=	0x62aa
                    62AB    861 _XX_T1CC2H	=	0x62ab
                    62AC    862 _T1CC3L	=	0x62ac
                    62AD    863 _T1CC3H	=	0x62ad
                    62AE    864 _T1CC4L	=	0x62ae
                    62AF    865 _T1CC4H	=	0x62af
                    62B0    866 _STCC	=	0x62b0
                    62B1    867 _STCS	=	0x62b1
                    62B2    868 _STCV0	=	0x62b2
                    62B3    869 _STCV1	=	0x62b3
                    62B4    870 _STCV2	=	0x62b4
                    62C0    871 _OPAMPC	=	0x62c0
                    62C1    872 _OPAMPS	=	0x62c1
                    62D0    873 _CMPCTL	=	0x62d0
                    6000    874 _RFCORE_RAM	=	0x6000
                    6000    875 _RXFIFO	=	0x6000
                    6080    876 _TXFIFO	=	0x6080
                    6100    877 _SRC_ADDR_TABLE	=	0x6100
                    6160    878 _SRCRESMASK0	=	0x6160
                    6161    879 _SRCRESMASK1	=	0x6161
                    6162    880 _SRCRESMASK2	=	0x6162
                    6163    881 _SRCRESINDEX	=	0x6163
                    6164    882 _SRCEXTPENDEN0	=	0x6164
                    6165    883 _SRCEXTPENDEN1	=	0x6165
                    6166    884 _SRCEXTPENDEN2	=	0x6166
                    6167    885 _SRCSHORTPENDEN0	=	0x6167
                    6168    886 _SRCSHORTPENDEN1	=	0x6168
                    6169    887 _SRCSHORTPENDEN2	=	0x6169
                    616A    888 _EXT_ADDR0	=	0x616a
                    616B    889 _EXT_ADDR1	=	0x616b
                    616C    890 _EXT_ADDR2	=	0x616c
                    616D    891 _EXT_ADDR3	=	0x616d
                    616E    892 _EXT_ADDR4	=	0x616e
                    616F    893 _EXT_ADDR5	=	0x616f
                    6170    894 _EXT_ADDR6	=	0x6170
                    6171    895 _EXT_ADDR7	=	0x6171
                    6172    896 _PAN_ID0	=	0x6172
                    6173    897 _PAN_ID1	=	0x6173
                    6174    898 _SHORT_ADDR0	=	0x6174
                    6175    899 _SHORT_ADDR1	=	0x6175
                    6180    900 _FRMFILT0	=	0x6180
                    6181    901 _FRMFILT1	=	0x6181
                    6182    902 _SRCMATCH	=	0x6182
                    6183    903 _SRCSHORTEN0	=	0x6183
                    6184    904 _SRCSHORTEN1	=	0x6184
                    6185    905 _SRCSHORTEN2	=	0x6185
                    6186    906 _SRCEXTEN0	=	0x6186
                    6187    907 _SRCEXTEN1	=	0x6187
                    6188    908 _SRCEXTEN2	=	0x6188
                    6189    909 _FRMCTRL0	=	0x6189
                    618A    910 _FRMCTRL1	=	0x618a
                    618B    911 _RXENABLE	=	0x618b
                    618C    912 _RXMASKSET	=	0x618c
                    618D    913 _RXMASKCLR	=	0x618d
                    618E    914 _FREQTUNE	=	0x618e
                    618F    915 _FREQCTRL	=	0x618f
                    6190    916 _TXPOWER	=	0x6190
                    6191    917 _TXCTRL	=	0x6191
                    6192    918 _FSMSTAT0	=	0x6192
                    6193    919 _FSMSTAT1	=	0x6193
                    6194    920 _FIFOPCTRL	=	0x6194
                    6195    921 _FSMCTRL	=	0x6195
                    6196    922 _CCACTRL0	=	0x6196
                    6197    923 _CCACTRL1	=	0x6197
                    6198    924 _RSSI	=	0x6198
                    6199    925 _RSSISTAT	=	0x6199
                    619A    926 _RXFIRST	=	0x619a
                    619B    927 _RXFIFOCNT	=	0x619b
                    619C    928 _TXFIFOCNT	=	0x619c
                    619D    929 _RXFIRST_PTR	=	0x619d
                    619E    930 _RXLAST_PTR	=	0x619e
                    619F    931 _RXP1_PTR	=	0x619f
                    61A1    932 _TXFIRST_PTR	=	0x61a1
                    61A2    933 _TXLAST_PTR	=	0x61a2
                    61A3    934 _RFIRQM0	=	0x61a3
                    61A4    935 _RFIRQM1	=	0x61a4
                    61A5    936 _RFERRM	=	0x61a5
                    61A7    937 _RFRND	=	0x61a7
                    61A8    938 _MDMCTRL0	=	0x61a8
                    61A9    939 _MDMCTRL1	=	0x61a9
                    61AA    940 _FREQEST	=	0x61aa
                    61AB    941 _RXCTRL	=	0x61ab
                    61AC    942 _FSCTRL	=	0x61ac
                    61AD    943 _FSCAL0	=	0x61ad
                    61AE    944 _FSCAL1	=	0x61ae
                    61AF    945 _FSCAL2	=	0x61af
                    61B0    946 _FSCAL3	=	0x61b0
                    61B1    947 _AGCCTRL0	=	0x61b1
                    61B2    948 _AGCCTRL1	=	0x61b2
                    61B3    949 _AGCCTRL2	=	0x61b3
                    61B4    950 _AGCCTRL3	=	0x61b4
                    61B5    951 _ADCTEST0	=	0x61b5
                    61B6    952 _ADCTEST1	=	0x61b6
                    61B7    953 _ADCTEST2	=	0x61b7
                    61B8    954 _MDMTEST0	=	0x61b8
                    61B9    955 _MDMTEST1	=	0x61b9
                    61BA    956 _DACTEST0	=	0x61ba
                    61BB    957 _DACTEST1	=	0x61bb
                    61BC    958 _DACTEST2	=	0x61bc
                    61BD    959 _ATEST	=	0x61bd
                    61BE    960 _PTEST0	=	0x61be
                    61BF    961 _PTEST1	=	0x61bf
                    61FA    962 _TXFILTCFG	=	0x61fa
                    61EB    963 _RFC_OBS_CTRL0	=	0x61eb
                    61EC    964 _RFC_OBS_CTRL1	=	0x61ec
                    61ED    965 _RFC_OBS_CTRL2	=	0x61ed
                    61C0    966 _CSPPROG0	=	0x61c0
                    61C1    967 _CSPPROG1	=	0x61c1
                    61C2    968 _CSPPROG2	=	0x61c2
                    61C3    969 _CSPPROG3	=	0x61c3
                    61C4    970 _CSPPROG4	=	0x61c4
                    61C5    971 _CSPPROG5	=	0x61c5
                    61C6    972 _CSPPROG6	=	0x61c6
                    61C7    973 _CSPPROG7	=	0x61c7
                    61C8    974 _CSPPROG8	=	0x61c8
                    61C9    975 _CSPPROG9	=	0x61c9
                    61CA    976 _CSPPROG10	=	0x61ca
                    61CB    977 _CSPPROG11	=	0x61cb
                    61CC    978 _CSPPROG12	=	0x61cc
                    61CD    979 _CSPPROG13	=	0x61cd
                    61CE    980 _CSPPROG14	=	0x61ce
                    61CF    981 _CSPPROG15	=	0x61cf
                    61D0    982 _CSPPROG16	=	0x61d0
                    61D1    983 _CSPPROG17	=	0x61d1
                    61D2    984 _CSPPROG18	=	0x61d2
                    61D3    985 _CSPPROG19	=	0x61d3
                    61D4    986 _CSPPROG20	=	0x61d4
                    61D5    987 _CSPPROG21	=	0x61d5
                    61D6    988 _CSPPROG22	=	0x61d6
                    61D7    989 _CSPPROG23	=	0x61d7
                    61E0    990 _CSPCTRL	=	0x61e0
                    61E1    991 _CSPSTAT	=	0x61e1
                    61E2    992 _CSPX	=	0x61e2
                    61E3    993 _CSPY	=	0x61e3
                    61E4    994 _CSPZ	=	0x61e4
                    61E5    995 _CSPT	=	0x61e5
                    6200    996 _USBADDR	=	0x6200
                    6201    997 _USBPOW	=	0x6201
                    6202    998 _USBIIF	=	0x6202
                    6204    999 _USBOIF	=	0x6204
                    6206   1000 _USBCIF	=	0x6206
                    6207   1001 _USBIIE	=	0x6207
                    6209   1002 _USBOIE	=	0x6209
                    620B   1003 _USBCIE	=	0x620b
                    620C   1004 _USBFRML	=	0x620c
                    620D   1005 _USBFRMH	=	0x620d
                    620E   1006 _USBINDEX	=	0x620e
                    620F   1007 _USBCTRL	=	0x620f
                    6210   1008 _USBMAXI	=	0x6210
                    6211   1009 _USBCS0	=	0x6211
                    6211   1010 _USBCSIL	=	0x6211
                    6212   1011 _USBCSIH	=	0x6212
                    6213   1012 _USBMAXO	=	0x6213
                    6214   1013 _USBCSOL	=	0x6214
                    6215   1014 _USBCSOH	=	0x6215
                    6216   1015 _USBCNT0	=	0x6216
                    6216   1016 _USBCNTL	=	0x6216
                    6217   1017 _USBCNTH	=	0x6217
                    6220   1018 _USBF0	=	0x6220
                    6222   1019 _USBF1	=	0x6222
                    6224   1020 _USBF2	=	0x6224
                    6226   1021 _USBF3	=	0x6226
                    6228   1022 _USBF4	=	0x6228
                    622A   1023 _USBF5	=	0x622a
                    7080   1024 _X_P0	=	0x7080
                    7086   1025 _X_U0CSR	=	0x7086
                    7089   1026 _X_P0IFG	=	0x7089
                    708A   1027 _X_P1IFG	=	0x708a
                    708B   1028 _X_P2IFG	=	0x708b
                    708C   1029 _X_PICTL	=	0x708c
                    708D   1030 _X_P1IEN	=	0x708d
                    708F   1031 _X_P0INP	=	0x708f
                    7090   1032 _X_P1	=	0x7090
                    7091   1033 _X_RFIRQF1	=	0x7091
                    7093   1034 _X_MPAGE	=	0x7093
                    7093   1035 _X__XPAGE	=	0x7093
                    7094   1036 _X_T2CTRL	=	0x7094
                    7095   1037 _X_ST0	=	0x7095
                    7096   1038 _X_ST1	=	0x7096
                    7097   1039 _X_ST2	=	0x7097
                    709C   1040 _X_T2EVTCFG	=	0x709c
                    709D   1041 _X_SLEEPSTA	=	0x709d
                    709E   1042 _X_CLKCONSTA	=	0x709e
                    709F   1043 _X_FMAP	=	0x709f
                    709F   1044 _X_PSBANK	=	0x709f
                    70A0   1045 _X_P2	=	0x70a0
                    70A1   1046 _X_T2IRQF	=	0x70a1
                    70A2   1047 _X_T2M0	=	0x70a2
                    70A3   1048 _X_T2M1	=	0x70a3
                    70A4   1049 _X_T2MOVF0	=	0x70a4
                    70A5   1050 _X_T2MOVF1	=	0x70a5
                    70A6   1051 _X_T2MOVF2	=	0x70a6
                    70A7   1052 _X_T2IRQM	=	0x70a7
                    70AB   1053 _X_P0IEN	=	0x70ab
                    70AC   1054 _X_P2IEN	=	0x70ac
                    70AD   1055 _X_STLOAD	=	0x70ad
                    70AE   1056 _X_PMUX	=	0x70ae
                    70AF   1057 _X_T1STAT	=	0x70af
                    70B1   1058 _X_ENCDI	=	0x70b1
                    70B2   1059 _X_ENCDO	=	0x70b2
                    70B3   1060 _X_ENCCS	=	0x70b3
                    70B4   1061 _X_ADCCON1	=	0x70b4
                    70B5   1062 _X_ADCCON2	=	0x70b5
                    70B6   1063 _X_ADCCON3	=	0x70b6
                    70BA   1064 _X_ADCL	=	0x70ba
                    70BB   1065 _X_ADCH	=	0x70bb
                    70BC   1066 _X_RNDL	=	0x70bc
                    70BD   1067 _X_RNDH	=	0x70bd
                    70BE   1068 _X_SLEEPCMD	=	0x70be
                    70BF   1069 _X_RFERRF	=	0x70bf
                    70C1   1070 _X_U0DBUF	=	0x70c1
                    70C2   1071 _X_U0BAUD	=	0x70c2
                    70C3   1072 _X_T2MSEL	=	0x70c3
                    70C4   1073 _X_U0UCR	=	0x70c4
                    70C5   1074 _X_U0GCR	=	0x70c5
                    70C6   1075 _X_CLKCONCMD	=	0x70c6
                    70C7   1076 _X_MEMCTR	=	0x70c7
                    70C9   1077 _X_WDCTL	=	0x70c9
                    70CA   1078 _X_T3CNT	=	0x70ca
                    70CB   1079 _X_T3CTL	=	0x70cb
                    70CC   1080 _X_T3CCTL0	=	0x70cc
                    70CD   1081 _X_T3CC0	=	0x70cd
                    70CE   1082 _X_T3CCTL1	=	0x70ce
                    70CF   1083 _X_T3CC1	=	0x70cf
                    70D1   1084 _X_DMAIRQ	=	0x70d1
                    70D2   1085 _X_DMA1CFGL	=	0x70d2
                    70D3   1086 _X_DMA1CFGH	=	0x70d3
                    70D4   1087 _X_DMA0CFGL	=	0x70d4
                    70D5   1088 _X_DMA0CFGH	=	0x70d5
                    70D6   1089 _X_DMAARM	=	0x70d6
                    70D7   1090 _X_DMAREQ	=	0x70d7
                    70D8   1091 _X_TIMIF	=	0x70d8
                    70D9   1092 _X_RFD	=	0x70d9
                    70DA   1093 _X_T1CC0L	=	0x70da
                    70DB   1094 _X_T1CC0H	=	0x70db
                    70DC   1095 _X_T1CC1L	=	0x70dc
                    70DD   1096 _X_T1CC1H	=	0x70dd
                    70DE   1097 _X_T1CC2L	=	0x70de
                    70DF   1098 _X_T1CC2H	=	0x70df
                    70E1   1099 _X_RFST	=	0x70e1
                    70E2   1100 _X_T1CNTL	=	0x70e2
                    70E3   1101 _X_T1CNTH	=	0x70e3
                    70E4   1102 _X_T1CTL	=	0x70e4
                    70E5   1103 _X_T1CCTL0	=	0x70e5
                    70E6   1104 _X_T1CCTL1	=	0x70e6
                    70E7   1105 _X_T1CCTL2	=	0x70e7
                    70E9   1106 _X_RFIRQF0	=	0x70e9
                    70EA   1107 _X_T4CNT	=	0x70ea
                    70EB   1108 _X_T4CTL	=	0x70eb
                    70EC   1109 _X_T4CCTL0	=	0x70ec
                    70ED   1110 _X_T4CC0	=	0x70ed
                    70EE   1111 _X_T4CCTL1	=	0x70ee
                    70EF   1112 _X_T4CC1	=	0x70ef
                    70F1   1113 _X_PERCFG	=	0x70f1
                    70F2   1114 _X_APCFG	=	0x70f2
                    70F3   1115 _X_P0SEL	=	0x70f3
                    70F4   1116 _X_P1SEL	=	0x70f4
                    70F5   1117 _X_P2SEL	=	0x70f5
                    70F6   1118 _X_P1INP	=	0x70f6
                    70F7   1119 _X_P2INP	=	0x70f7
                    70F8   1120 _X_U1CSR	=	0x70f8
                    70F9   1121 _X_U1DBUF	=	0x70f9
                    70FA   1122 _X_U1BAUD	=	0x70fa
                    70FB   1123 _X_U1UCR	=	0x70fb
                    70FC   1124 _X_U1GCR	=	0x70fc
                    70FD   1125 _X_P0DIR	=	0x70fd
                    70FE   1126 _X_P1DIR	=	0x70fe
                    70FF   1127 _X_P2DIR	=	0x70ff
                    7800   1128 _X_INFOPAGE	=	0x7800
                    780C   1129 _X_IEEE_ADDR	=	0x780c
                           1130 ;--------------------------------------------------------
                           1131 ; absolute external ram data
                           1132 ;--------------------------------------------------------
                           1133 	.area XABS    (ABS,XDATA)
                           1134 ;--------------------------------------------------------
                           1135 ; external initialized ram data
                           1136 ;--------------------------------------------------------
                           1137 	.area XISEG   (XDATA)
                           1138 	.area HOME    (CODE)
                           1139 	.area GSINIT0 (CODE)
                           1140 	.area GSINIT1 (CODE)
                           1141 	.area GSINIT2 (CODE)
                           1142 	.area GSINIT3 (CODE)
                           1143 	.area GSINIT4 (CODE)
                           1144 	.area GSINIT5 (CODE)
                           1145 	.area GSINIT  (CODE)
                           1146 	.area GSFINAL (CODE)
                           1147 	.area CSEG    (CODE)
                           1148 ;--------------------------------------------------------
                           1149 ; global & static initialisations
                           1150 ;--------------------------------------------------------
                           1151 	.area HOME    (CODE)
                           1152 	.area GSINIT  (CODE)
                           1153 	.area GSFINAL (CODE)
                           1154 	.area GSINIT  (CODE)
                           1155 ;--------------------------------------------------------
                           1156 ; Home
                           1157 ;--------------------------------------------------------
                           1158 	.area HOME    (CODE)
                           1159 	.area HOME    (CODE)
                           1160 ;--------------------------------------------------------
                           1161 ; code
                           1162 ;--------------------------------------------------------
                           1163 	.area HOME    (CODE)
                           1164 ;------------------------------------------------------------
                           1165 ;Allocation info for local variables in function 'rtimer_arch_init'
                           1166 ;------------------------------------------------------------
                           1167 ;	../../../contiki-sensinode//cpu/cc253x/./rtimer-arch.c:62: rtimer_arch_init(void)
                           1168 ;	-----------------------------------------
                           1169 ;	 function rtimer_arch_init
                           1170 ;	-----------------------------------------
   0000                    1171 _rtimer_arch_init:
                    0007   1172 	ar7 = 0x07
                    0006   1173 	ar6 = 0x06
                    0005   1174 	ar5 = 0x05
                    0004   1175 	ar4 = 0x04
                    0003   1176 	ar3 = 0x03
                    0002   1177 	ar2 = 0x02
                    0001   1178 	ar1 = 0x01
                    0000   1179 	ar0 = 0x00
                           1180 ;	../../../contiki-sensinode//cpu/cc253x/./rtimer-arch.c:70: T1CTL = (T1CTL_DIV1 | T1CTL_MODE0);
   0000 75 E4 09           1181 	mov	_T1CTL,#0x09
                           1182 ;	../../../contiki-sensinode//cpu/cc253x/./rtimer-arch.c:72: T1STAT = 0;
   0003 75 AF 00           1183 	mov	_T1STAT,#0x00
                           1184 ;	../../../contiki-sensinode//cpu/cc253x/./rtimer-arch.c:75: T1CCTL1 = T1CCTL_MODE | T1CCTL_IM;
   0006 75 E6 44           1185 	mov	_T1CCTL1,#0x44
                           1186 ;	../../../contiki-sensinode//cpu/cc253x/./rtimer-arch.c:78: OVFIM = 0;
   0009 C2 DE              1187 	clr	_OVFIM
                           1188 ;	../../../contiki-sensinode//cpu/cc253x/./rtimer-arch.c:81: T1IE = 1;
   000B D2 B9              1189 	setb	_T1IE
   000D 02s00r00           1190 	ljmp	__sdcc_banked_ret
                           1191 ;------------------------------------------------------------
                           1192 ;Allocation info for local variables in function 'rtimer_arch_schedule'
                           1193 ;------------------------------------------------------------
                           1194 ;t                         Allocated to registers r6 r7 
                           1195 ;------------------------------------------------------------
                           1196 ;	../../../contiki-sensinode//cpu/cc253x/./rtimer-arch.c:85: rtimer_arch_schedule(rtimer_clock_t t)
                           1197 ;	-----------------------------------------
                           1198 ;	 function rtimer_arch_schedule
                           1199 ;	-----------------------------------------
   0010                    1200 _rtimer_arch_schedule:
   0010 AE 82              1201 	mov	r6,dpl
   0012 AF 83              1202 	mov	r7,dph
                           1203 ;	../../../contiki-sensinode//cpu/cc253x/./rtimer-arch.c:89: RT_MODE_CAPTURE();
   0014 AD E6              1204 	mov	r5,_T1CCTL1
   0016 53 05 FB           1205 	anl	ar5,#0xFB
   0019 8D E6              1206 	mov	_T1CCTL1,r5
                           1207 ;	../../../contiki-sensinode//cpu/cc253x/./rtimer-arch.c:90: T1CC1L = (unsigned char)t;
   001B 8E DC              1208 	mov	_T1CC1L,r6
                           1209 ;	../../../contiki-sensinode//cpu/cc253x/./rtimer-arch.c:91: T1CC1H = (unsigned char)(t >> 8);
   001D 8F DD              1210 	mov	_T1CC1H,r7
                           1211 ;	../../../contiki-sensinode//cpu/cc253x/./rtimer-arch.c:92: RT_MODE_COMPARE();
   001F 43 E6 04           1212 	orl	_T1CCTL1,#0x04
                           1213 ;	../../../contiki-sensinode//cpu/cc253x/./rtimer-arch.c:95: T1STAT = 0;
   0022 75 AF 00           1214 	mov	_T1STAT,#0x00
                           1215 ;	../../../contiki-sensinode//cpu/cc253x/./rtimer-arch.c:96: T1CCTL1 |= T1CCTL_IM;
   0025 43 E6 40           1216 	orl	_T1CCTL1,#0x40
   0028 02s00r00           1217 	ljmp	__sdcc_banked_ret
                           1218 ;------------------------------------------------------------
                           1219 ;Allocation info for local variables in function 'rtimer_isr'
                           1220 ;------------------------------------------------------------
                           1221 ;	../../../contiki-sensinode//cpu/cc253x/./rtimer-arch.c:105: rtimer_isr(void) __interrupt(T1_VECTOR)
                           1222 ;	-----------------------------------------
                           1223 ;	 function rtimer_isr
                           1224 ;	-----------------------------------------
   002B                    1225 _rtimer_isr:
   002B C0*00              1226 	push	bits
   002D C0 E0              1227 	push	acc
   002F C0 F0              1228 	push	b
   0031 C0 82              1229 	push	dpl
   0033 C0 83              1230 	push	dph
   0035 C0 07              1231 	push	(0+7)
   0037 C0 06              1232 	push	(0+6)
   0039 C0 05              1233 	push	(0+5)
   003B C0 04              1234 	push	(0+4)
   003D C0 03              1235 	push	(0+3)
   003F C0 02              1236 	push	(0+2)
   0041 C0 01              1237 	push	(0+1)
   0043 C0 00              1238 	push	(0+0)
   0045 C0 D0              1239 	push	psw
   0047 75 D0 00           1240 	mov	psw,#0x00
                           1241 ;	../../../contiki-sensinode//cpu/cc253x/./rtimer-arch.c:107: T1IE = 0; /* Ignore Timer 1 Interrupts */
   004A C2 B9              1242 	clr	_T1IE
                           1243 ;	../../../contiki-sensinode//cpu/cc253x/./rtimer-arch.c:111: T1STAT &= ~T1STAT_CH1IF;
   004C AF AF              1244 	mov	r7,_T1STAT
   004E 53 07 FD           1245 	anl	ar7,#0xFD
   0051 8F AF              1246 	mov	_T1STAT,r7
                           1247 ;	../../../contiki-sensinode//cpu/cc253x/./rtimer-arch.c:112: T1CCTL1 &= ~T1CCTL_IM;
   0053 AF E6              1248 	mov	r7,_T1CCTL1
   0055 53 07 BF           1249 	anl	ar7,#0xBF
   0058 8F E6              1250 	mov	_T1CCTL1,r7
                           1251 ;	../../../contiki-sensinode//cpu/cc253x/./rtimer-arch.c:114: rtimer_run_next();
   005A 78r00              1252 	mov	r0,#_rtimer_run_next
   005C 79s00              1253 	mov	r1,#(_rtimer_run_next >> 8)
   005E 7As00              1254 	mov	r2,#(_rtimer_run_next >> 16)
   0060 12s00r00           1255 	lcall	__sdcc_banked_call
                           1256 ;	../../../contiki-sensinode//cpu/cc253x/./rtimer-arch.c:117: T1IE = 1; /* Acknowledge Timer 1 Interrupts */
   0063 D2 B9              1257 	setb	_T1IE
   0065 D0 D0              1258 	pop	psw
   0067 D0 00              1259 	pop	(0+0)
   0069 D0 01              1260 	pop	(0+1)
   006B D0 02              1261 	pop	(0+2)
   006D D0 03              1262 	pop	(0+3)
   006F D0 04              1263 	pop	(0+4)
   0071 D0 05              1264 	pop	(0+5)
   0073 D0 06              1265 	pop	(0+6)
   0075 D0 07              1266 	pop	(0+7)
   0077 D0 83              1267 	pop	dph
   0079 D0 82              1268 	pop	dpl
   007B D0 F0              1269 	pop	b
   007D D0 E0              1270 	pop	acc
   007F D0*00              1271 	pop	bits
   0081 32                 1272 	reti
                           1273 	.area CSEG    (CODE)
                           1274 	.area CONST   (CODE)
                           1275 	.area XINIT   (CODE)
                           1276 	.area CABS    (ABS,CODE)
