                              1 ;--------------------------------------------------------
                              2 ; File Created by SDCC : free open source ANSI-C Compiler
                              3 ; Version 3.1.1 #7100 (Oct 29 2014) (Linux)
                              4 ; This file was generated Wed Dec  2 18:10:56 2015
                              5 ;--------------------------------------------------------
                              6 	.module serial_line
                              7 	.optsdcc -mmcs51 --model-huge
                              8 	
                              9 ;--------------------------------------------------------
                             10 ; Public variables in this module
                             11 ;--------------------------------------------------------
                             12 	.globl _ringbuf_get
                             13 	.globl _ringbuf_put
                             14 	.globl _ringbuf_init
                             15 	.globl _process_poll
                             16 	.globl _process_alloc_event
                             17 	.globl _process_post
                             18 	.globl _process_start
                             19 	.globl _ACTIVE
                             20 	.globl _TX_BYTE
                             21 	.globl _RX_BYTE
                             22 	.globl _ERR
                             23 	.globl _FE
                             24 	.globl _SLAVE
                             25 	.globl _RE
                             26 	.globl _MODE
                             27 	.globl _T3OVFIF
                             28 	.globl _T3CH0IF
                             29 	.globl _T3CH1IF
                             30 	.globl _T4OVFIF
                             31 	.globl _T4CH0IF
                             32 	.globl _T4CH1IF
                             33 	.globl _OVFIM
                             34 	.globl _B_0
                             35 	.globl _B_1
                             36 	.globl _B_2
                             37 	.globl _B_3
                             38 	.globl _B_4
                             39 	.globl _B_5
                             40 	.globl _B_6
                             41 	.globl _B_7
                             42 	.globl _P2IF
                             43 	.globl _UTX0IF
                             44 	.globl _UTX1IF
                             45 	.globl _P1IF
                             46 	.globl _WDTIF
                             47 	.globl _ACC_0
                             48 	.globl _ACC_1
                             49 	.globl _ACC_2
                             50 	.globl _ACC_3
                             51 	.globl _ACC_4
                             52 	.globl _ACC_5
                             53 	.globl _ACC_6
                             54 	.globl _ACC_7
                             55 	.globl _P
                             56 	.globl _F1
                             57 	.globl _OV
                             58 	.globl _RS0
                             59 	.globl _RS1
                             60 	.globl _F0
                             61 	.globl _AC
                             62 	.globl _CY
                             63 	.globl _DMAIF
                             64 	.globl _T1IF
                             65 	.globl _T2IF
                             66 	.globl _T3IF
                             67 	.globl _T4IF
                             68 	.globl _P0IF
                             69 	.globl _STIF
                             70 	.globl _DMAIE
                             71 	.globl _T1IE
                             72 	.globl _T2IE
                             73 	.globl _T3IE
                             74 	.globl _T4IE
                             75 	.globl _P0IE
                             76 	.globl _RFERRIE
                             77 	.globl _ADCIE
                             78 	.globl _URX0IE
                             79 	.globl _URX1IE
                             80 	.globl _ENCIE
                             81 	.globl _STIE
                             82 	.globl _EA
                             83 	.globl _P2_0
                             84 	.globl _P2_1
                             85 	.globl _P2_2
                             86 	.globl _P2_3
                             87 	.globl _P2_4
                             88 	.globl _P2_5
                             89 	.globl _P2_6
                             90 	.globl _P2_7
                             91 	.globl _ENCIF_0
                             92 	.globl _ENCIF_1
                             93 	.globl _P1_0
                             94 	.globl _P1_1
                             95 	.globl _P1_2
                             96 	.globl _P1_3
                             97 	.globl _P1_4
                             98 	.globl _P1_5
                             99 	.globl _P1_6
                            100 	.globl _P1_7
                            101 	.globl _IT0
                            102 	.globl _RFERRIF
                            103 	.globl _IT1
                            104 	.globl _URX0IF
                            105 	.globl _ADCIF
                            106 	.globl _URX1IF
                            107 	.globl _P0_0
                            108 	.globl _P0_1
                            109 	.globl _P0_2
                            110 	.globl _P0_3
                            111 	.globl _P0_4
                            112 	.globl _P0_5
                            113 	.globl _P0_6
                            114 	.globl _P0_7
                            115 	.globl _WDCTL
                            116 	.globl _U1GCR
                            117 	.globl _U1UCR
                            118 	.globl _U1BAUD
                            119 	.globl _U1DBUF
                            120 	.globl _U1CSR
                            121 	.globl _U0GCR
                            122 	.globl _U0UCR
                            123 	.globl _U0BAUD
                            124 	.globl _U0DBUF
                            125 	.globl _U0CSR
                            126 	.globl _TIMIF
                            127 	.globl _T4CC1
                            128 	.globl _T4CCTL1
                            129 	.globl _T4CC0
                            130 	.globl _T4CCTL0
                            131 	.globl _T4CTL
                            132 	.globl _T4CNT
                            133 	.globl _T3CC1
                            134 	.globl _T3CCTL1
                            135 	.globl _T3CC0
                            136 	.globl _T3CCTL0
                            137 	.globl _T3CTL
                            138 	.globl _T3CNT
                            139 	.globl _T2MSEL
                            140 	.globl _T2IRQM
                            141 	.globl _T2MOVF2
                            142 	.globl _T2MOVF1
                            143 	.globl _T2MOVF0
                            144 	.globl _T2M1
                            145 	.globl _T2M0
                            146 	.globl _T2IRQF
                            147 	.globl _T2EVTCFG
                            148 	.globl _T2CTRL
                            149 	.globl _T1STAT
                            150 	.globl _T1CCTL2
                            151 	.globl _T1CCTL1
                            152 	.globl _T1CCTL0
                            153 	.globl _T1CTL
                            154 	.globl _T1CNTH
                            155 	.globl _T1CNTL
                            156 	.globl _T1CC2H
                            157 	.globl _T1CC2L
                            158 	.globl _T1CC1H
                            159 	.globl _T1CC1L
                            160 	.globl _T1CC0H
                            161 	.globl _T1CC0L
                            162 	.globl _CLKCONSTA
                            163 	.globl _CLKCONCMD
                            164 	.globl _SLEEPSTA
                            165 	.globl _SLEEPCMD
                            166 	.globl _STLOAD
                            167 	.globl _ST2
                            168 	.globl _ST1
                            169 	.globl _ST0
                            170 	.globl _RFERRF
                            171 	.globl _RFIRQF0
                            172 	.globl _RFST
                            173 	.globl _RFD
                            174 	.globl _RFIRQF1
                            175 	.globl _PSBANK
                            176 	.globl _FMAP
                            177 	.globl _MEMCTR
                            178 	.globl __XPAGE
                            179 	.globl _MPAGE
                            180 	.globl _PMUX
                            181 	.globl _P2DIR
                            182 	.globl _P1DIR
                            183 	.globl _P0DIR
                            184 	.globl _P2INP
                            185 	.globl _P1INP
                            186 	.globl _P2SEL
                            187 	.globl _P1SEL
                            188 	.globl _P0SEL
                            189 	.globl _APCFG
                            190 	.globl _PERCFG
                            191 	.globl _P0INP
                            192 	.globl _P2IEN
                            193 	.globl _P1IEN
                            194 	.globl _P0IEN
                            195 	.globl _PICTL
                            196 	.globl _P2IFG
                            197 	.globl _P1IFG
                            198 	.globl _P0IFG
                            199 	.globl _DMAREQ
                            200 	.globl _DMAARM
                            201 	.globl _DMA0CFGH
                            202 	.globl _DMA0CFGL
                            203 	.globl _DMA1CFGH
                            204 	.globl _DMA1CFGL
                            205 	.globl _DMAIRQ
                            206 	.globl _ENCCS
                            207 	.globl _ENCDO
                            208 	.globl _ENCDI
                            209 	.globl _RNDH
                            210 	.globl _RNDL
                            211 	.globl _ADCH
                            212 	.globl _ADCL
                            213 	.globl _ADCCON3
                            214 	.globl _ADCCON2
                            215 	.globl _ADCCON1
                            216 	.globl _B
                            217 	.globl _IRCON2
                            218 	.globl _ACC
                            219 	.globl _PSW
                            220 	.globl _IRCON
                            221 	.globl _IP1
                            222 	.globl _IEN1
                            223 	.globl _IP0
                            224 	.globl _IEN0
                            225 	.globl _P2
                            226 	.globl _S1CON
                            227 	.globl _IEN2
                            228 	.globl _S0CON
                            229 	.globl _DPS
                            230 	.globl _P1
                            231 	.globl _TCON
                            232 	.globl _PCON
                            233 	.globl _DPH1
                            234 	.globl _DPL1
                            235 	.globl _DPH0
                            236 	.globl _DPL0
                            237 	.globl _SP
                            238 	.globl _P0
                            239 	.globl _serial_line_process
                            240 	.globl _serial_line_event_message
                            241 	.globl _X_IEEE_ADDR
                            242 	.globl _X_INFOPAGE
                            243 	.globl _X_P2DIR
                            244 	.globl _X_P1DIR
                            245 	.globl _X_P0DIR
                            246 	.globl _X_U1GCR
                            247 	.globl _X_U1UCR
                            248 	.globl _X_U1BAUD
                            249 	.globl _X_U1DBUF
                            250 	.globl _X_U1CSR
                            251 	.globl _X_P2INP
                            252 	.globl _X_P1INP
                            253 	.globl _X_P2SEL
                            254 	.globl _X_P1SEL
                            255 	.globl _X_P0SEL
                            256 	.globl _X_APCFG
                            257 	.globl _X_PERCFG
                            258 	.globl _X_T4CC1
                            259 	.globl _X_T4CCTL1
                            260 	.globl _X_T4CC0
                            261 	.globl _X_T4CCTL0
                            262 	.globl _X_T4CTL
                            263 	.globl _X_T4CNT
                            264 	.globl _X_RFIRQF0
                            265 	.globl _X_T1CCTL2
                            266 	.globl _X_T1CCTL1
                            267 	.globl _X_T1CCTL0
                            268 	.globl _X_T1CTL
                            269 	.globl _X_T1CNTH
                            270 	.globl _X_T1CNTL
                            271 	.globl _X_RFST
                            272 	.globl _X_T1CC2H
                            273 	.globl _X_T1CC2L
                            274 	.globl _X_T1CC1H
                            275 	.globl _X_T1CC1L
                            276 	.globl _X_T1CC0H
                            277 	.globl _X_T1CC0L
                            278 	.globl _X_RFD
                            279 	.globl _X_TIMIF
                            280 	.globl _X_DMAREQ
                            281 	.globl _X_DMAARM
                            282 	.globl _X_DMA0CFGH
                            283 	.globl _X_DMA0CFGL
                            284 	.globl _X_DMA1CFGH
                            285 	.globl _X_DMA1CFGL
                            286 	.globl _X_DMAIRQ
                            287 	.globl _X_T3CC1
                            288 	.globl _X_T3CCTL1
                            289 	.globl _X_T3CC0
                            290 	.globl _X_T3CCTL0
                            291 	.globl _X_T3CTL
                            292 	.globl _X_T3CNT
                            293 	.globl _X_WDCTL
                            294 	.globl _X_MEMCTR
                            295 	.globl _X_CLKCONCMD
                            296 	.globl _X_U0GCR
                            297 	.globl _X_U0UCR
                            298 	.globl _X_T2MSEL
                            299 	.globl _X_U0BAUD
                            300 	.globl _X_U0DBUF
                            301 	.globl _X_RFERRF
                            302 	.globl _X_SLEEPCMD
                            303 	.globl _X_RNDH
                            304 	.globl _X_RNDL
                            305 	.globl _X_ADCH
                            306 	.globl _X_ADCL
                            307 	.globl _X_ADCCON3
                            308 	.globl _X_ADCCON2
                            309 	.globl _X_ADCCON1
                            310 	.globl _X_ENCCS
                            311 	.globl _X_ENCDO
                            312 	.globl _X_ENCDI
                            313 	.globl _X_T1STAT
                            314 	.globl _X_PMUX
                            315 	.globl _X_STLOAD
                            316 	.globl _X_P2IEN
                            317 	.globl _X_P0IEN
                            318 	.globl _X_T2IRQM
                            319 	.globl _X_T2MOVF2
                            320 	.globl _X_T2MOVF1
                            321 	.globl _X_T2MOVF0
                            322 	.globl _X_T2M1
                            323 	.globl _X_T2M0
                            324 	.globl _X_T2IRQF
                            325 	.globl _X_P2
                            326 	.globl _X_PSBANK
                            327 	.globl _X_FMAP
                            328 	.globl _X_CLKCONSTA
                            329 	.globl _X_SLEEPSTA
                            330 	.globl _X_T2EVTCFG
                            331 	.globl _X_ST2
                            332 	.globl _X_ST1
                            333 	.globl _X_ST0
                            334 	.globl _X_T2CTRL
                            335 	.globl _X__XPAGE
                            336 	.globl _X_MPAGE
                            337 	.globl _X_RFIRQF1
                            338 	.globl _X_P1
                            339 	.globl _X_P0INP
                            340 	.globl _X_P1IEN
                            341 	.globl _X_PICTL
                            342 	.globl _X_P2IFG
                            343 	.globl _X_P1IFG
                            344 	.globl _X_P0IFG
                            345 	.globl _X_U0CSR
                            346 	.globl _X_P0
                            347 	.globl _USBF5
                            348 	.globl _USBF4
                            349 	.globl _USBF3
                            350 	.globl _USBF2
                            351 	.globl _USBF1
                            352 	.globl _USBF0
                            353 	.globl _USBCNTH
                            354 	.globl _USBCNTL
                            355 	.globl _USBCNT0
                            356 	.globl _USBCSOH
                            357 	.globl _USBCSOL
                            358 	.globl _USBMAXO
                            359 	.globl _USBCSIH
                            360 	.globl _USBCSIL
                            361 	.globl _USBCS0
                            362 	.globl _USBMAXI
                            363 	.globl _USBCTRL
                            364 	.globl _USBINDEX
                            365 	.globl _USBFRMH
                            366 	.globl _USBFRML
                            367 	.globl _USBCIE
                            368 	.globl _USBOIE
                            369 	.globl _USBIIE
                            370 	.globl _USBCIF
                            371 	.globl _USBOIF
                            372 	.globl _USBIIF
                            373 	.globl _USBPOW
                            374 	.globl _USBADDR
                            375 	.globl _CSPT
                            376 	.globl _CSPZ
                            377 	.globl _CSPY
                            378 	.globl _CSPX
                            379 	.globl _CSPSTAT
                            380 	.globl _CSPCTRL
                            381 	.globl _CSPPROG23
                            382 	.globl _CSPPROG22
                            383 	.globl _CSPPROG21
                            384 	.globl _CSPPROG20
                            385 	.globl _CSPPROG19
                            386 	.globl _CSPPROG18
                            387 	.globl _CSPPROG17
                            388 	.globl _CSPPROG16
                            389 	.globl _CSPPROG15
                            390 	.globl _CSPPROG14
                            391 	.globl _CSPPROG13
                            392 	.globl _CSPPROG12
                            393 	.globl _CSPPROG11
                            394 	.globl _CSPPROG10
                            395 	.globl _CSPPROG9
                            396 	.globl _CSPPROG8
                            397 	.globl _CSPPROG7
                            398 	.globl _CSPPROG6
                            399 	.globl _CSPPROG5
                            400 	.globl _CSPPROG4
                            401 	.globl _CSPPROG3
                            402 	.globl _CSPPROG2
                            403 	.globl _CSPPROG1
                            404 	.globl _CSPPROG0
                            405 	.globl _RFC_OBS_CTRL2
                            406 	.globl _RFC_OBS_CTRL1
                            407 	.globl _RFC_OBS_CTRL0
                            408 	.globl _TXFILTCFG
                            409 	.globl _PTEST1
                            410 	.globl _PTEST0
                            411 	.globl _ATEST
                            412 	.globl _DACTEST2
                            413 	.globl _DACTEST1
                            414 	.globl _DACTEST0
                            415 	.globl _MDMTEST1
                            416 	.globl _MDMTEST0
                            417 	.globl _ADCTEST2
                            418 	.globl _ADCTEST1
                            419 	.globl _ADCTEST0
                            420 	.globl _AGCCTRL3
                            421 	.globl _AGCCTRL2
                            422 	.globl _AGCCTRL1
                            423 	.globl _AGCCTRL0
                            424 	.globl _FSCAL3
                            425 	.globl _FSCAL2
                            426 	.globl _FSCAL1
                            427 	.globl _FSCAL0
                            428 	.globl _FSCTRL
                            429 	.globl _RXCTRL
                            430 	.globl _FREQEST
                            431 	.globl _MDMCTRL1
                            432 	.globl _MDMCTRL0
                            433 	.globl _RFRND
                            434 	.globl _RFERRM
                            435 	.globl _RFIRQM1
                            436 	.globl _RFIRQM0
                            437 	.globl _TXLAST_PTR
                            438 	.globl _TXFIRST_PTR
                            439 	.globl _RXP1_PTR
                            440 	.globl _RXLAST_PTR
                            441 	.globl _RXFIRST_PTR
                            442 	.globl _TXFIFOCNT
                            443 	.globl _RXFIFOCNT
                            444 	.globl _RXFIRST
                            445 	.globl _RSSISTAT
                            446 	.globl _RSSI
                            447 	.globl _CCACTRL1
                            448 	.globl _CCACTRL0
                            449 	.globl _FSMCTRL
                            450 	.globl _FIFOPCTRL
                            451 	.globl _FSMSTAT1
                            452 	.globl _FSMSTAT0
                            453 	.globl _TXCTRL
                            454 	.globl _TXPOWER
                            455 	.globl _FREQCTRL
                            456 	.globl _FREQTUNE
                            457 	.globl _RXMASKCLR
                            458 	.globl _RXMASKSET
                            459 	.globl _RXENABLE
                            460 	.globl _FRMCTRL1
                            461 	.globl _FRMCTRL0
                            462 	.globl _SRCEXTEN2
                            463 	.globl _SRCEXTEN1
                            464 	.globl _SRCEXTEN0
                            465 	.globl _SRCSHORTEN2
                            466 	.globl _SRCSHORTEN1
                            467 	.globl _SRCSHORTEN0
                            468 	.globl _SRCMATCH
                            469 	.globl _FRMFILT1
                            470 	.globl _FRMFILT0
                            471 	.globl _SHORT_ADDR1
                            472 	.globl _SHORT_ADDR0
                            473 	.globl _PAN_ID1
                            474 	.globl _PAN_ID0
                            475 	.globl _EXT_ADDR7
                            476 	.globl _EXT_ADDR6
                            477 	.globl _EXT_ADDR5
                            478 	.globl _EXT_ADDR4
                            479 	.globl _EXT_ADDR3
                            480 	.globl _EXT_ADDR2
                            481 	.globl _EXT_ADDR1
                            482 	.globl _EXT_ADDR0
                            483 	.globl _SRCSHORTPENDEN2
                            484 	.globl _SRCSHORTPENDEN1
                            485 	.globl _SRCSHORTPENDEN0
                            486 	.globl _SRCEXTPENDEN2
                            487 	.globl _SRCEXTPENDEN1
                            488 	.globl _SRCEXTPENDEN0
                            489 	.globl _SRCRESINDEX
                            490 	.globl _SRCRESMASK2
                            491 	.globl _SRCRESMASK1
                            492 	.globl _SRCRESMASK0
                            493 	.globl _SRC_ADDR_TABLE
                            494 	.globl _TXFIFO
                            495 	.globl _RXFIFO
                            496 	.globl _RFCORE_RAM
                            497 	.globl _CMPCTL
                            498 	.globl _OPAMPS
                            499 	.globl _OPAMPC
                            500 	.globl _STCV2
                            501 	.globl _STCV1
                            502 	.globl _STCV0
                            503 	.globl _STCS
                            504 	.globl _STCC
                            505 	.globl _T1CC4H
                            506 	.globl _T1CC4L
                            507 	.globl _T1CC3H
                            508 	.globl _T1CC3L
                            509 	.globl _XX_T1CC2H
                            510 	.globl _XX_T1CC2L
                            511 	.globl _XX_T1CC1H
                            512 	.globl _XX_T1CC1L
                            513 	.globl _XX_T1CC0H
                            514 	.globl _XX_T1CC0L
                            515 	.globl _T1CCTL4
                            516 	.globl _T1CCTL3
                            517 	.globl _XX_T1CCTL2
                            518 	.globl _XX_T1CCTL1
                            519 	.globl _XX_T1CCTL0
                            520 	.globl _CLD
                            521 	.globl _IRCTL
                            522 	.globl _CHIPINFO1
                            523 	.globl _CHIPINFO0
                            524 	.globl _FWDATA
                            525 	.globl _FADDRH
                            526 	.globl _FADDRL
                            527 	.globl _FCTL
                            528 	.globl _IVCTRL
                            529 	.globl _BATTMON
                            530 	.globl _SRCRC
                            531 	.globl _DBGDATA
                            532 	.globl _TESTREG0
                            533 	.globl _CHIPID
                            534 	.globl _CHVER
                            535 	.globl _OBSSEL5
                            536 	.globl _OBSSEL4
                            537 	.globl _OBSSEL3
                            538 	.globl _OBSSEL2
                            539 	.globl _OBSSEL1
                            540 	.globl _OBSSEL0
                            541 	.globl _I2CIO
                            542 	.globl _I2CWC
                            543 	.globl _I2CADDR
                            544 	.globl _I2CDATA
                            545 	.globl _I2CSTAT
                            546 	.globl _I2CCFG
                            547 	.globl _OPAMPMC
                            548 	.globl _MONMUX
                            549 	.globl _serial_line_input_byte
                            550 	.globl _serial_line_init
                            551 ;--------------------------------------------------------
                            552 ; special function registers
                            553 ;--------------------------------------------------------
                            554 	.area RSEG    (ABS,DATA)
   0000                     555 	.org 0x0000
                    0080    556 _P0	=	0x0080
                    0081    557 _SP	=	0x0081
                    0082    558 _DPL0	=	0x0082
                    0083    559 _DPH0	=	0x0083
                    0084    560 _DPL1	=	0x0084
                    0085    561 _DPH1	=	0x0085
                    0087    562 _PCON	=	0x0087
                    0088    563 _TCON	=	0x0088
                    0090    564 _P1	=	0x0090
                    0092    565 _DPS	=	0x0092
                    0098    566 _S0CON	=	0x0098
                    009A    567 _IEN2	=	0x009a
                    009B    568 _S1CON	=	0x009b
                    00A0    569 _P2	=	0x00a0
                    00A8    570 _IEN0	=	0x00a8
                    00A9    571 _IP0	=	0x00a9
                    00B8    572 _IEN1	=	0x00b8
                    00B9    573 _IP1	=	0x00b9
                    00C0    574 _IRCON	=	0x00c0
                    00D0    575 _PSW	=	0x00d0
                    00E0    576 _ACC	=	0x00e0
                    00E8    577 _IRCON2	=	0x00e8
                    00F0    578 _B	=	0x00f0
                    00B4    579 _ADCCON1	=	0x00b4
                    00B5    580 _ADCCON2	=	0x00b5
                    00B6    581 _ADCCON3	=	0x00b6
                    00BA    582 _ADCL	=	0x00ba
                    00BB    583 _ADCH	=	0x00bb
                    00BC    584 _RNDL	=	0x00bc
                    00BD    585 _RNDH	=	0x00bd
                    00B1    586 _ENCDI	=	0x00b1
                    00B2    587 _ENCDO	=	0x00b2
                    00B3    588 _ENCCS	=	0x00b3
                    00D1    589 _DMAIRQ	=	0x00d1
                    00D2    590 _DMA1CFGL	=	0x00d2
                    00D3    591 _DMA1CFGH	=	0x00d3
                    00D4    592 _DMA0CFGL	=	0x00d4
                    00D5    593 _DMA0CFGH	=	0x00d5
                    00D6    594 _DMAARM	=	0x00d6
                    00D7    595 _DMAREQ	=	0x00d7
                    0089    596 _P0IFG	=	0x0089
                    008A    597 _P1IFG	=	0x008a
                    008B    598 _P2IFG	=	0x008b
                    008C    599 _PICTL	=	0x008c
                    00AB    600 _P0IEN	=	0x00ab
                    008D    601 _P1IEN	=	0x008d
                    00AC    602 _P2IEN	=	0x00ac
                    008F    603 _P0INP	=	0x008f
                    00F1    604 _PERCFG	=	0x00f1
                    00F2    605 _APCFG	=	0x00f2
                    00F3    606 _P0SEL	=	0x00f3
                    00F4    607 _P1SEL	=	0x00f4
                    00F5    608 _P2SEL	=	0x00f5
                    00F6    609 _P1INP	=	0x00f6
                    00F7    610 _P2INP	=	0x00f7
                    00FD    611 _P0DIR	=	0x00fd
                    00FE    612 _P1DIR	=	0x00fe
                    00FF    613 _P2DIR	=	0x00ff
                    00AE    614 _PMUX	=	0x00ae
                    0093    615 _MPAGE	=	0x0093
                    0093    616 __XPAGE	=	0x0093
                    00C7    617 _MEMCTR	=	0x00c7
                    009F    618 _FMAP	=	0x009f
                    009F    619 _PSBANK	=	0x009f
                    0091    620 _RFIRQF1	=	0x0091
                    00D9    621 _RFD	=	0x00d9
                    00E1    622 _RFST	=	0x00e1
                    00E9    623 _RFIRQF0	=	0x00e9
                    00BF    624 _RFERRF	=	0x00bf
                    0095    625 _ST0	=	0x0095
                    0096    626 _ST1	=	0x0096
                    0097    627 _ST2	=	0x0097
                    00AD    628 _STLOAD	=	0x00ad
                    00BE    629 _SLEEPCMD	=	0x00be
                    009D    630 _SLEEPSTA	=	0x009d
                    00C6    631 _CLKCONCMD	=	0x00c6
                    009E    632 _CLKCONSTA	=	0x009e
                    00DA    633 _T1CC0L	=	0x00da
                    00DB    634 _T1CC0H	=	0x00db
                    00DC    635 _T1CC1L	=	0x00dc
                    00DD    636 _T1CC1H	=	0x00dd
                    00DE    637 _T1CC2L	=	0x00de
                    00DF    638 _T1CC2H	=	0x00df
                    00E2    639 _T1CNTL	=	0x00e2
                    00E3    640 _T1CNTH	=	0x00e3
                    00E4    641 _T1CTL	=	0x00e4
                    00E5    642 _T1CCTL0	=	0x00e5
                    00E6    643 _T1CCTL1	=	0x00e6
                    00E7    644 _T1CCTL2	=	0x00e7
                    00AF    645 _T1STAT	=	0x00af
                    0094    646 _T2CTRL	=	0x0094
                    009C    647 _T2EVTCFG	=	0x009c
                    00A1    648 _T2IRQF	=	0x00a1
                    00A2    649 _T2M0	=	0x00a2
                    00A3    650 _T2M1	=	0x00a3
                    00A4    651 _T2MOVF0	=	0x00a4
                    00A5    652 _T2MOVF1	=	0x00a5
                    00A6    653 _T2MOVF2	=	0x00a6
                    00A7    654 _T2IRQM	=	0x00a7
                    00C3    655 _T2MSEL	=	0x00c3
                    00CA    656 _T3CNT	=	0x00ca
                    00CB    657 _T3CTL	=	0x00cb
                    00CC    658 _T3CCTL0	=	0x00cc
                    00CD    659 _T3CC0	=	0x00cd
                    00CE    660 _T3CCTL1	=	0x00ce
                    00CF    661 _T3CC1	=	0x00cf
                    00EA    662 _T4CNT	=	0x00ea
                    00EB    663 _T4CTL	=	0x00eb
                    00EC    664 _T4CCTL0	=	0x00ec
                    00ED    665 _T4CC0	=	0x00ed
                    00EE    666 _T4CCTL1	=	0x00ee
                    00EF    667 _T4CC1	=	0x00ef
                    00D8    668 _TIMIF	=	0x00d8
                    0086    669 _U0CSR	=	0x0086
                    00C1    670 _U0DBUF	=	0x00c1
                    00C2    671 _U0BAUD	=	0x00c2
                    00C4    672 _U0UCR	=	0x00c4
                    00C5    673 _U0GCR	=	0x00c5
                    00F8    674 _U1CSR	=	0x00f8
                    00F9    675 _U1DBUF	=	0x00f9
                    00FA    676 _U1BAUD	=	0x00fa
                    00FB    677 _U1UCR	=	0x00fb
                    00FC    678 _U1GCR	=	0x00fc
                    00C9    679 _WDCTL	=	0x00c9
                            680 ;--------------------------------------------------------
                            681 ; special function bits
                            682 ;--------------------------------------------------------
                            683 	.area RSEG    (ABS,DATA)
   0000                     684 	.org 0x0000
                    0087    685 _P0_7	=	0x0087
                    0086    686 _P0_6	=	0x0086
                    0085    687 _P0_5	=	0x0085
                    0084    688 _P0_4	=	0x0084
                    0083    689 _P0_3	=	0x0083
                    0082    690 _P0_2	=	0x0082
                    0081    691 _P0_1	=	0x0081
                    0080    692 _P0_0	=	0x0080
                    008F    693 _URX1IF	=	0x008f
                    008D    694 _ADCIF	=	0x008d
                    008B    695 _URX0IF	=	0x008b
                    008A    696 _IT1	=	0x008a
                    0089    697 _RFERRIF	=	0x0089
                    0088    698 _IT0	=	0x0088
                    0097    699 _P1_7	=	0x0097
                    0096    700 _P1_6	=	0x0096
                    0095    701 _P1_5	=	0x0095
                    0094    702 _P1_4	=	0x0094
                    0093    703 _P1_3	=	0x0093
                    0092    704 _P1_2	=	0x0092
                    0091    705 _P1_1	=	0x0091
                    0090    706 _P1_0	=	0x0090
                    0099    707 _ENCIF_1	=	0x0099
                    0098    708 _ENCIF_0	=	0x0098
                    00A7    709 _P2_7	=	0x00a7
                    00A6    710 _P2_6	=	0x00a6
                    00A5    711 _P2_5	=	0x00a5
                    00A4    712 _P2_4	=	0x00a4
                    00A3    713 _P2_3	=	0x00a3
                    00A2    714 _P2_2	=	0x00a2
                    00A1    715 _P2_1	=	0x00a1
                    00A0    716 _P2_0	=	0x00a0
                    00AF    717 _EA	=	0x00af
                    00AD    718 _STIE	=	0x00ad
                    00AC    719 _ENCIE	=	0x00ac
                    00AB    720 _URX1IE	=	0x00ab
                    00AA    721 _URX0IE	=	0x00aa
                    00A9    722 _ADCIE	=	0x00a9
                    00A8    723 _RFERRIE	=	0x00a8
                    00BD    724 _P0IE	=	0x00bd
                    00BC    725 _T4IE	=	0x00bc
                    00BB    726 _T3IE	=	0x00bb
                    00BA    727 _T2IE	=	0x00ba
                    00B9    728 _T1IE	=	0x00b9
                    00B8    729 _DMAIE	=	0x00b8
                    00C7    730 _STIF	=	0x00c7
                    00C5    731 _P0IF	=	0x00c5
                    00C4    732 _T4IF	=	0x00c4
                    00C3    733 _T3IF	=	0x00c3
                    00C2    734 _T2IF	=	0x00c2
                    00C1    735 _T1IF	=	0x00c1
                    00C0    736 _DMAIF	=	0x00c0
                    00D7    737 _CY	=	0x00d7
                    00D6    738 _AC	=	0x00d6
                    00D5    739 _F0	=	0x00d5
                    00D4    740 _RS1	=	0x00d4
                    00D3    741 _RS0	=	0x00d3
                    00D2    742 _OV	=	0x00d2
                    00D1    743 _F1	=	0x00d1
                    00D0    744 _P	=	0x00d0
                    00E7    745 _ACC_7	=	0x00e7
                    00E6    746 _ACC_6	=	0x00e6
                    00E5    747 _ACC_5	=	0x00e5
                    00E4    748 _ACC_4	=	0x00e4
                    00E3    749 _ACC_3	=	0x00e3
                    00E2    750 _ACC_2	=	0x00e2
                    00E1    751 _ACC_1	=	0x00e1
                    00E0    752 _ACC_0	=	0x00e0
                    00EC    753 _WDTIF	=	0x00ec
                    00EB    754 _P1IF	=	0x00eb
                    00EA    755 _UTX1IF	=	0x00ea
                    00E9    756 _UTX0IF	=	0x00e9
                    00E8    757 _P2IF	=	0x00e8
                    00F7    758 _B_7	=	0x00f7
                    00F6    759 _B_6	=	0x00f6
                    00F5    760 _B_5	=	0x00f5
                    00F4    761 _B_4	=	0x00f4
                    00F3    762 _B_3	=	0x00f3
                    00F2    763 _B_2	=	0x00f2
                    00F1    764 _B_1	=	0x00f1
                    00F0    765 _B_0	=	0x00f0
                    00DE    766 _OVFIM	=	0x00de
                    00DD    767 _T4CH1IF	=	0x00dd
                    00DC    768 _T4CH0IF	=	0x00dc
                    00DB    769 _T4OVFIF	=	0x00db
                    00DA    770 _T3CH1IF	=	0x00da
                    00D9    771 _T3CH0IF	=	0x00d9
                    00D8    772 _T3OVFIF	=	0x00d8
                    00FF    773 _MODE	=	0x00ff
                    00FE    774 _RE	=	0x00fe
                    00FD    775 _SLAVE	=	0x00fd
                    00FC    776 _FE	=	0x00fc
                    00FB    777 _ERR	=	0x00fb
                    00FA    778 _RX_BYTE	=	0x00fa
                    00F9    779 _TX_BYTE	=	0x00f9
                    00F8    780 _ACTIVE	=	0x00f8
                            781 ;--------------------------------------------------------
                            782 ; overlayable register banks
                            783 ;--------------------------------------------------------
                            784 	.area REG_BANK_0	(REL,OVR,DATA)
   0000                     785 	.ds 8
                            786 ;--------------------------------------------------------
                            787 ; internal ram data
                            788 ;--------------------------------------------------------
                            789 	.area DSEG    (DATA)
                            790 ;--------------------------------------------------------
                            791 ; overlayable items in internal ram 
                            792 ;--------------------------------------------------------
                            793 	.area OSEG    (OVR,DATA)
                            794 ;--------------------------------------------------------
                            795 ; indirectly addressable internal ram data
                            796 ;--------------------------------------------------------
                            797 	.area ISEG    (DATA)
                            798 ;--------------------------------------------------------
                            799 ; absolute internal ram data
                            800 ;--------------------------------------------------------
                            801 	.area IABS    (ABS,DATA)
                            802 	.area IABS    (ABS,DATA)
                            803 ;--------------------------------------------------------
                            804 ; bit data
                            805 ;--------------------------------------------------------
                            806 	.area BSEG    (BIT)
                            807 ;--------------------------------------------------------
                            808 ; paged external ram data
                            809 ;--------------------------------------------------------
                            810 	.area PSEG    (PAG,XDATA)
                            811 ;--------------------------------------------------------
                            812 ; external ram data
                            813 ;--------------------------------------------------------
                            814 	.area XSEG    (XDATA)
                    61A6    815 _MONMUX	=	0x61a6
                    61A6    816 _OPAMPMC	=	0x61a6
                    6230    817 _I2CCFG	=	0x6230
                    6231    818 _I2CSTAT	=	0x6231
                    6232    819 _I2CDATA	=	0x6232
                    6233    820 _I2CADDR	=	0x6233
                    6234    821 _I2CWC	=	0x6234
                    6235    822 _I2CIO	=	0x6235
                    6243    823 _OBSSEL0	=	0x6243
                    6244    824 _OBSSEL1	=	0x6244
                    6245    825 _OBSSEL2	=	0x6245
                    6246    826 _OBSSEL3	=	0x6246
                    6247    827 _OBSSEL4	=	0x6247
                    6248    828 _OBSSEL5	=	0x6248
                    6249    829 _CHVER	=	0x6249
                    624A    830 _CHIPID	=	0x624a
                    624B    831 _TESTREG0	=	0x624b
                    6260    832 _DBGDATA	=	0x6260
                    6262    833 _SRCRC	=	0x6262
                    6264    834 _BATTMON	=	0x6264
                    6265    835 _IVCTRL	=	0x6265
                    6270    836 _FCTL	=	0x6270
                    6271    837 _FADDRL	=	0x6271
                    6272    838 _FADDRH	=	0x6272
                    6273    839 _FWDATA	=	0x6273
                    6276    840 _CHIPINFO0	=	0x6276
                    6277    841 _CHIPINFO1	=	0x6277
                    6281    842 _IRCTL	=	0x6281
                    6290    843 _CLD	=	0x6290
                    62A0    844 _XX_T1CCTL0	=	0x62a0
                    62A1    845 _XX_T1CCTL1	=	0x62a1
                    62A2    846 _XX_T1CCTL2	=	0x62a2
                    62A3    847 _T1CCTL3	=	0x62a3
                    62A4    848 _T1CCTL4	=	0x62a4
                    62A6    849 _XX_T1CC0L	=	0x62a6
                    62A7    850 _XX_T1CC0H	=	0x62a7
                    62A8    851 _XX_T1CC1L	=	0x62a8
                    62A9    852 _XX_T1CC1H	=	0x62a9
                    62AA    853 _XX_T1CC2L	=	0x62aa
                    62AB    854 _XX_T1CC2H	=	0x62ab
                    62AC    855 _T1CC3L	=	0x62ac
                    62AD    856 _T1CC3H	=	0x62ad
                    62AE    857 _T1CC4L	=	0x62ae
                    62AF    858 _T1CC4H	=	0x62af
                    62B0    859 _STCC	=	0x62b0
                    62B1    860 _STCS	=	0x62b1
                    62B2    861 _STCV0	=	0x62b2
                    62B3    862 _STCV1	=	0x62b3
                    62B4    863 _STCV2	=	0x62b4
                    62C0    864 _OPAMPC	=	0x62c0
                    62C1    865 _OPAMPS	=	0x62c1
                    62D0    866 _CMPCTL	=	0x62d0
                    6000    867 _RFCORE_RAM	=	0x6000
                    6000    868 _RXFIFO	=	0x6000
                    6080    869 _TXFIFO	=	0x6080
                    6100    870 _SRC_ADDR_TABLE	=	0x6100
                    6160    871 _SRCRESMASK0	=	0x6160
                    6161    872 _SRCRESMASK1	=	0x6161
                    6162    873 _SRCRESMASK2	=	0x6162
                    6163    874 _SRCRESINDEX	=	0x6163
                    6164    875 _SRCEXTPENDEN0	=	0x6164
                    6165    876 _SRCEXTPENDEN1	=	0x6165
                    6166    877 _SRCEXTPENDEN2	=	0x6166
                    6167    878 _SRCSHORTPENDEN0	=	0x6167
                    6168    879 _SRCSHORTPENDEN1	=	0x6168
                    6169    880 _SRCSHORTPENDEN2	=	0x6169
                    616A    881 _EXT_ADDR0	=	0x616a
                    616B    882 _EXT_ADDR1	=	0x616b
                    616C    883 _EXT_ADDR2	=	0x616c
                    616D    884 _EXT_ADDR3	=	0x616d
                    616E    885 _EXT_ADDR4	=	0x616e
                    616F    886 _EXT_ADDR5	=	0x616f
                    6170    887 _EXT_ADDR6	=	0x6170
                    6171    888 _EXT_ADDR7	=	0x6171
                    6172    889 _PAN_ID0	=	0x6172
                    6173    890 _PAN_ID1	=	0x6173
                    6174    891 _SHORT_ADDR0	=	0x6174
                    6175    892 _SHORT_ADDR1	=	0x6175
                    6180    893 _FRMFILT0	=	0x6180
                    6181    894 _FRMFILT1	=	0x6181
                    6182    895 _SRCMATCH	=	0x6182
                    6183    896 _SRCSHORTEN0	=	0x6183
                    6184    897 _SRCSHORTEN1	=	0x6184
                    6185    898 _SRCSHORTEN2	=	0x6185
                    6186    899 _SRCEXTEN0	=	0x6186
                    6187    900 _SRCEXTEN1	=	0x6187
                    6188    901 _SRCEXTEN2	=	0x6188
                    6189    902 _FRMCTRL0	=	0x6189
                    618A    903 _FRMCTRL1	=	0x618a
                    618B    904 _RXENABLE	=	0x618b
                    618C    905 _RXMASKSET	=	0x618c
                    618D    906 _RXMASKCLR	=	0x618d
                    618E    907 _FREQTUNE	=	0x618e
                    618F    908 _FREQCTRL	=	0x618f
                    6190    909 _TXPOWER	=	0x6190
                    6191    910 _TXCTRL	=	0x6191
                    6192    911 _FSMSTAT0	=	0x6192
                    6193    912 _FSMSTAT1	=	0x6193
                    6194    913 _FIFOPCTRL	=	0x6194
                    6195    914 _FSMCTRL	=	0x6195
                    6196    915 _CCACTRL0	=	0x6196
                    6197    916 _CCACTRL1	=	0x6197
                    6198    917 _RSSI	=	0x6198
                    6199    918 _RSSISTAT	=	0x6199
                    619A    919 _RXFIRST	=	0x619a
                    619B    920 _RXFIFOCNT	=	0x619b
                    619C    921 _TXFIFOCNT	=	0x619c
                    619D    922 _RXFIRST_PTR	=	0x619d
                    619E    923 _RXLAST_PTR	=	0x619e
                    619F    924 _RXP1_PTR	=	0x619f
                    61A1    925 _TXFIRST_PTR	=	0x61a1
                    61A2    926 _TXLAST_PTR	=	0x61a2
                    61A3    927 _RFIRQM0	=	0x61a3
                    61A4    928 _RFIRQM1	=	0x61a4
                    61A5    929 _RFERRM	=	0x61a5
                    61A7    930 _RFRND	=	0x61a7
                    61A8    931 _MDMCTRL0	=	0x61a8
                    61A9    932 _MDMCTRL1	=	0x61a9
                    61AA    933 _FREQEST	=	0x61aa
                    61AB    934 _RXCTRL	=	0x61ab
                    61AC    935 _FSCTRL	=	0x61ac
                    61AD    936 _FSCAL0	=	0x61ad
                    61AE    937 _FSCAL1	=	0x61ae
                    61AF    938 _FSCAL2	=	0x61af
                    61B0    939 _FSCAL3	=	0x61b0
                    61B1    940 _AGCCTRL0	=	0x61b1
                    61B2    941 _AGCCTRL1	=	0x61b2
                    61B3    942 _AGCCTRL2	=	0x61b3
                    61B4    943 _AGCCTRL3	=	0x61b4
                    61B5    944 _ADCTEST0	=	0x61b5
                    61B6    945 _ADCTEST1	=	0x61b6
                    61B7    946 _ADCTEST2	=	0x61b7
                    61B8    947 _MDMTEST0	=	0x61b8
                    61B9    948 _MDMTEST1	=	0x61b9
                    61BA    949 _DACTEST0	=	0x61ba
                    61BB    950 _DACTEST1	=	0x61bb
                    61BC    951 _DACTEST2	=	0x61bc
                    61BD    952 _ATEST	=	0x61bd
                    61BE    953 _PTEST0	=	0x61be
                    61BF    954 _PTEST1	=	0x61bf
                    61FA    955 _TXFILTCFG	=	0x61fa
                    61EB    956 _RFC_OBS_CTRL0	=	0x61eb
                    61EC    957 _RFC_OBS_CTRL1	=	0x61ec
                    61ED    958 _RFC_OBS_CTRL2	=	0x61ed
                    61C0    959 _CSPPROG0	=	0x61c0
                    61C1    960 _CSPPROG1	=	0x61c1
                    61C2    961 _CSPPROG2	=	0x61c2
                    61C3    962 _CSPPROG3	=	0x61c3
                    61C4    963 _CSPPROG4	=	0x61c4
                    61C5    964 _CSPPROG5	=	0x61c5
                    61C6    965 _CSPPROG6	=	0x61c6
                    61C7    966 _CSPPROG7	=	0x61c7
                    61C8    967 _CSPPROG8	=	0x61c8
                    61C9    968 _CSPPROG9	=	0x61c9
                    61CA    969 _CSPPROG10	=	0x61ca
                    61CB    970 _CSPPROG11	=	0x61cb
                    61CC    971 _CSPPROG12	=	0x61cc
                    61CD    972 _CSPPROG13	=	0x61cd
                    61CE    973 _CSPPROG14	=	0x61ce
                    61CF    974 _CSPPROG15	=	0x61cf
                    61D0    975 _CSPPROG16	=	0x61d0
                    61D1    976 _CSPPROG17	=	0x61d1
                    61D2    977 _CSPPROG18	=	0x61d2
                    61D3    978 _CSPPROG19	=	0x61d3
                    61D4    979 _CSPPROG20	=	0x61d4
                    61D5    980 _CSPPROG21	=	0x61d5
                    61D6    981 _CSPPROG22	=	0x61d6
                    61D7    982 _CSPPROG23	=	0x61d7
                    61E0    983 _CSPCTRL	=	0x61e0
                    61E1    984 _CSPSTAT	=	0x61e1
                    61E2    985 _CSPX	=	0x61e2
                    61E3    986 _CSPY	=	0x61e3
                    61E4    987 _CSPZ	=	0x61e4
                    61E5    988 _CSPT	=	0x61e5
                    6200    989 _USBADDR	=	0x6200
                    6201    990 _USBPOW	=	0x6201
                    6202    991 _USBIIF	=	0x6202
                    6204    992 _USBOIF	=	0x6204
                    6206    993 _USBCIF	=	0x6206
                    6207    994 _USBIIE	=	0x6207
                    6209    995 _USBOIE	=	0x6209
                    620B    996 _USBCIE	=	0x620b
                    620C    997 _USBFRML	=	0x620c
                    620D    998 _USBFRMH	=	0x620d
                    620E    999 _USBINDEX	=	0x620e
                    620F   1000 _USBCTRL	=	0x620f
                    6210   1001 _USBMAXI	=	0x6210
                    6211   1002 _USBCS0	=	0x6211
                    6211   1003 _USBCSIL	=	0x6211
                    6212   1004 _USBCSIH	=	0x6212
                    6213   1005 _USBMAXO	=	0x6213
                    6214   1006 _USBCSOL	=	0x6214
                    6215   1007 _USBCSOH	=	0x6215
                    6216   1008 _USBCNT0	=	0x6216
                    6216   1009 _USBCNTL	=	0x6216
                    6217   1010 _USBCNTH	=	0x6217
                    6220   1011 _USBF0	=	0x6220
                    6222   1012 _USBF1	=	0x6222
                    6224   1013 _USBF2	=	0x6224
                    6226   1014 _USBF3	=	0x6226
                    6228   1015 _USBF4	=	0x6228
                    622A   1016 _USBF5	=	0x622a
                    7080   1017 _X_P0	=	0x7080
                    7086   1018 _X_U0CSR	=	0x7086
                    7089   1019 _X_P0IFG	=	0x7089
                    708A   1020 _X_P1IFG	=	0x708a
                    708B   1021 _X_P2IFG	=	0x708b
                    708C   1022 _X_PICTL	=	0x708c
                    708D   1023 _X_P1IEN	=	0x708d
                    708F   1024 _X_P0INP	=	0x708f
                    7090   1025 _X_P1	=	0x7090
                    7091   1026 _X_RFIRQF1	=	0x7091
                    7093   1027 _X_MPAGE	=	0x7093
                    7093   1028 _X__XPAGE	=	0x7093
                    7094   1029 _X_T2CTRL	=	0x7094
                    7095   1030 _X_ST0	=	0x7095
                    7096   1031 _X_ST1	=	0x7096
                    7097   1032 _X_ST2	=	0x7097
                    709C   1033 _X_T2EVTCFG	=	0x709c
                    709D   1034 _X_SLEEPSTA	=	0x709d
                    709E   1035 _X_CLKCONSTA	=	0x709e
                    709F   1036 _X_FMAP	=	0x709f
                    709F   1037 _X_PSBANK	=	0x709f
                    70A0   1038 _X_P2	=	0x70a0
                    70A1   1039 _X_T2IRQF	=	0x70a1
                    70A2   1040 _X_T2M0	=	0x70a2
                    70A3   1041 _X_T2M1	=	0x70a3
                    70A4   1042 _X_T2MOVF0	=	0x70a4
                    70A5   1043 _X_T2MOVF1	=	0x70a5
                    70A6   1044 _X_T2MOVF2	=	0x70a6
                    70A7   1045 _X_T2IRQM	=	0x70a7
                    70AB   1046 _X_P0IEN	=	0x70ab
                    70AC   1047 _X_P2IEN	=	0x70ac
                    70AD   1048 _X_STLOAD	=	0x70ad
                    70AE   1049 _X_PMUX	=	0x70ae
                    70AF   1050 _X_T1STAT	=	0x70af
                    70B1   1051 _X_ENCDI	=	0x70b1
                    70B2   1052 _X_ENCDO	=	0x70b2
                    70B3   1053 _X_ENCCS	=	0x70b3
                    70B4   1054 _X_ADCCON1	=	0x70b4
                    70B5   1055 _X_ADCCON2	=	0x70b5
                    70B6   1056 _X_ADCCON3	=	0x70b6
                    70BA   1057 _X_ADCL	=	0x70ba
                    70BB   1058 _X_ADCH	=	0x70bb
                    70BC   1059 _X_RNDL	=	0x70bc
                    70BD   1060 _X_RNDH	=	0x70bd
                    70BE   1061 _X_SLEEPCMD	=	0x70be
                    70BF   1062 _X_RFERRF	=	0x70bf
                    70C1   1063 _X_U0DBUF	=	0x70c1
                    70C2   1064 _X_U0BAUD	=	0x70c2
                    70C3   1065 _X_T2MSEL	=	0x70c3
                    70C4   1066 _X_U0UCR	=	0x70c4
                    70C5   1067 _X_U0GCR	=	0x70c5
                    70C6   1068 _X_CLKCONCMD	=	0x70c6
                    70C7   1069 _X_MEMCTR	=	0x70c7
                    70C9   1070 _X_WDCTL	=	0x70c9
                    70CA   1071 _X_T3CNT	=	0x70ca
                    70CB   1072 _X_T3CTL	=	0x70cb
                    70CC   1073 _X_T3CCTL0	=	0x70cc
                    70CD   1074 _X_T3CC0	=	0x70cd
                    70CE   1075 _X_T3CCTL1	=	0x70ce
                    70CF   1076 _X_T3CC1	=	0x70cf
                    70D1   1077 _X_DMAIRQ	=	0x70d1
                    70D2   1078 _X_DMA1CFGL	=	0x70d2
                    70D3   1079 _X_DMA1CFGH	=	0x70d3
                    70D4   1080 _X_DMA0CFGL	=	0x70d4
                    70D5   1081 _X_DMA0CFGH	=	0x70d5
                    70D6   1082 _X_DMAARM	=	0x70d6
                    70D7   1083 _X_DMAREQ	=	0x70d7
                    70D8   1084 _X_TIMIF	=	0x70d8
                    70D9   1085 _X_RFD	=	0x70d9
                    70DA   1086 _X_T1CC0L	=	0x70da
                    70DB   1087 _X_T1CC0H	=	0x70db
                    70DC   1088 _X_T1CC1L	=	0x70dc
                    70DD   1089 _X_T1CC1H	=	0x70dd
                    70DE   1090 _X_T1CC2L	=	0x70de
                    70DF   1091 _X_T1CC2H	=	0x70df
                    70E1   1092 _X_RFST	=	0x70e1
                    70E2   1093 _X_T1CNTL	=	0x70e2
                    70E3   1094 _X_T1CNTH	=	0x70e3
                    70E4   1095 _X_T1CTL	=	0x70e4
                    70E5   1096 _X_T1CCTL0	=	0x70e5
                    70E6   1097 _X_T1CCTL1	=	0x70e6
                    70E7   1098 _X_T1CCTL2	=	0x70e7
                    70E9   1099 _X_RFIRQF0	=	0x70e9
                    70EA   1100 _X_T4CNT	=	0x70ea
                    70EB   1101 _X_T4CTL	=	0x70eb
                    70EC   1102 _X_T4CCTL0	=	0x70ec
                    70ED   1103 _X_T4CC0	=	0x70ed
                    70EE   1104 _X_T4CCTL1	=	0x70ee
                    70EF   1105 _X_T4CC1	=	0x70ef
                    70F1   1106 _X_PERCFG	=	0x70f1
                    70F2   1107 _X_APCFG	=	0x70f2
                    70F3   1108 _X_P0SEL	=	0x70f3
                    70F4   1109 _X_P1SEL	=	0x70f4
                    70F5   1110 _X_P2SEL	=	0x70f5
                    70F6   1111 _X_P1INP	=	0x70f6
                    70F7   1112 _X_P2INP	=	0x70f7
                    70F8   1113 _X_U1CSR	=	0x70f8
                    70F9   1114 _X_U1DBUF	=	0x70f9
                    70FA   1115 _X_U1BAUD	=	0x70fa
                    70FB   1116 _X_U1UCR	=	0x70fb
                    70FC   1117 _X_U1GCR	=	0x70fc
                    70FD   1118 _X_P0DIR	=	0x70fd
                    70FE   1119 _X_P1DIR	=	0x70fe
                    70FF   1120 _X_P2DIR	=	0x70ff
                    7800   1121 _X_INFOPAGE	=	0x7800
                    780C   1122 _X_IEEE_ADDR	=	0x780c
   0000                    1123 _rxbuf:
   0000                    1124 	.ds 6
   0006                    1125 _rxbuf_data:
   0006                    1126 	.ds 128
   0086                    1127 _serial_line_event_message::
   0086                    1128 	.ds 1
   0087                    1129 _serial_line_input_byte_overflow_1_1:
   0087                    1130 	.ds 1
   0088                    1131 _process_thread_serial_line_process_buf_1_1:
   0088                    1132 	.ds 128
   0108                    1133 _process_thread_serial_line_process_ptr_1_1:
   0108                    1134 	.ds 2
                           1135 ;--------------------------------------------------------
                           1136 ; absolute external ram data
                           1137 ;--------------------------------------------------------
                           1138 	.area XABS    (ABS,XDATA)
                           1139 ;--------------------------------------------------------
                           1140 ; external initialized ram data
                           1141 ;--------------------------------------------------------
                           1142 	.area XISEG   (XDATA)
   0000                    1143 _serial_line_process::
   0000                    1144 	.ds 10
                           1145 	.area HOME    (CODE)
                           1146 	.area GSINIT0 (CODE)
                           1147 	.area GSINIT1 (CODE)
                           1148 	.area GSINIT2 (CODE)
                           1149 	.area GSINIT3 (CODE)
                           1150 	.area GSINIT4 (CODE)
                           1151 	.area GSINIT5 (CODE)
                           1152 	.area GSINIT  (CODE)
                           1153 	.area GSFINAL (CODE)
                           1154 	.area CSEG    (CODE)
                           1155 ;--------------------------------------------------------
                           1156 ; global & static initialisations
                           1157 ;--------------------------------------------------------
                           1158 	.area HOME    (CODE)
                           1159 	.area GSINIT  (CODE)
                           1160 	.area GSFINAL (CODE)
                           1161 	.area GSINIT  (CODE)
                           1162 ;------------------------------------------------------------
                           1163 ;Allocation info for local variables in function 'serial_line_input_byte'
                           1164 ;------------------------------------------------------------
                           1165 ;c                         Allocated to registers r7 
                           1166 ;overflow                  Allocated with name '_serial_line_input_byte_overflow_1_1'
                           1167 ;------------------------------------------------------------
                           1168 ;	../../../contiki-sensinode//core/dev/serial-line.c:62: static uint8_t overflow = 0; /* Buffer overflow: ignore until END */
   0000 90s00r87           1169 	mov	dptr,#_serial_line_input_byte_overflow_1_1
   0003 E4                 1170 	clr	a
   0004 F0                 1171 	movx	@dptr,a
                           1172 ;--------------------------------------------------------
                           1173 ; Home
                           1174 ;--------------------------------------------------------
                           1175 	.area HOME    (CODE)
                           1176 	.area HOME    (CODE)
                           1177 ;--------------------------------------------------------
                           1178 ; code
                           1179 ;--------------------------------------------------------
                           1180 	.area BANK1   (CODE)
                           1181 ;------------------------------------------------------------
                           1182 ;Allocation info for local variables in function 'serial_line_input_byte'
                           1183 ;------------------------------------------------------------
                           1184 ;c                         Allocated to registers r7 
                           1185 ;overflow                  Allocated with name '_serial_line_input_byte_overflow_1_1'
                           1186 ;------------------------------------------------------------
                           1187 ;	../../../contiki-sensinode//core/dev/serial-line.c:60: serial_line_input_byte(unsigned char c)
                           1188 ;	-----------------------------------------
                           1189 ;	 function serial_line_input_byte
                           1190 ;	-----------------------------------------
   0000                    1191 _serial_line_input_byte:
                    0007   1192 	ar7 = 0x07
                    0006   1193 	ar6 = 0x06
                    0005   1194 	ar5 = 0x05
                    0004   1195 	ar4 = 0x04
                    0003   1196 	ar3 = 0x03
                    0002   1197 	ar2 = 0x02
                    0001   1198 	ar1 = 0x01
                    0000   1199 	ar0 = 0x00
   0000 AF 82              1200 	mov	r7,dpl
                           1201 ;	../../../contiki-sensinode//core/dev/serial-line.c:64: if(IGNORE_CHAR(c)) {
   0002 BF 0D 05           1202 	cjne	r7,#0x0D,00102$
                           1203 ;	../../../contiki-sensinode//core/dev/serial-line.c:65: return 0;
   0005 90 00 00           1204 	mov	dptr,#0x0000
   0008 80 5F              1205 	sjmp	00111$
   000A                    1206 00102$:
                           1207 ;	../../../contiki-sensinode//core/dev/serial-line.c:68: if(!overflow) {
   000A 90s00r87           1208 	mov	dptr,#_serial_line_input_byte_overflow_1_1
   000D E0                 1209 	movx	a,@dptr
   000E FE                 1210 	mov	r6,a
   000F 70 23              1211 	jnz	00109$
                           1212 ;	../../../contiki-sensinode//core/dev/serial-line.c:70: if(ringbuf_put(&rxbuf, c) == 0) {
   0011 C0 07              1213 	push	ar7
   0013 90s00r00           1214 	mov	dptr,#_rxbuf
   0016 75 F0 00           1215 	mov	b,#0x00
   0019 78r00              1216 	mov	r0,#_ringbuf_put
   001B 79s00              1217 	mov	r1,#(_ringbuf_put >> 8)
   001D 7As00              1218 	mov	r2,#(_ringbuf_put >> 16)
   001F 12s00r00           1219 	lcall	__sdcc_banked_call
   0022 AD 82              1220 	mov	r5,dpl
   0024 AE 83              1221 	mov	r6,dph
   0026 15 81              1222 	dec	sp
   0028 ED                 1223 	mov	a,r5
   0029 4E                 1224 	orl	a,r6
   002A 70 2B              1225 	jnz	00110$
                           1226 ;	../../../contiki-sensinode//core/dev/serial-line.c:72: overflow = 1;
   002C 90s00r87           1227 	mov	dptr,#_serial_line_input_byte_overflow_1_1
   002F 74 01              1228 	mov	a,#0x01
   0031 F0                 1229 	movx	@dptr,a
   0032 80 23              1230 	sjmp	00110$
   0034                    1231 00109$:
                           1232 ;	../../../contiki-sensinode//core/dev/serial-line.c:77: if(c == END && ringbuf_put(&rxbuf, c) != 0) {
   0034 BF 0A 20           1233 	cjne	r7,#0x0A,00110$
   0037 C0 07              1234 	push	ar7
   0039 90s00r00           1235 	mov	dptr,#_rxbuf
   003C 75 F0 00           1236 	mov	b,#0x00
   003F 78r00              1237 	mov	r0,#_ringbuf_put
   0041 79s00              1238 	mov	r1,#(_ringbuf_put >> 8)
   0043 7As00              1239 	mov	r2,#(_ringbuf_put >> 16)
   0045 12s00r00           1240 	lcall	__sdcc_banked_call
   0048 AE 82              1241 	mov	r6,dpl
   004A AF 83              1242 	mov	r7,dph
   004C 15 81              1243 	dec	sp
   004E EE                 1244 	mov	a,r6
   004F 4F                 1245 	orl	a,r7
   0050 60 05              1246 	jz	00110$
                           1247 ;	../../../contiki-sensinode//core/dev/serial-line.c:78: overflow = 0;
   0052 90s00r87           1248 	mov	dptr,#_serial_line_input_byte_overflow_1_1
   0055 E4                 1249 	clr	a
   0056 F0                 1250 	movx	@dptr,a
   0057                    1251 00110$:
                           1252 ;	../../../contiki-sensinode//core/dev/serial-line.c:83: process_poll(&serial_line_process);
   0057 90s00r00           1253 	mov	dptr,#_serial_line_process
   005A 75 F0 00           1254 	mov	b,#0x00
   005D 78r00              1255 	mov	r0,#_process_poll
   005F 79s00              1256 	mov	r1,#(_process_poll >> 8)
   0061 7As00              1257 	mov	r2,#(_process_poll >> 16)
   0063 12s00r00           1258 	lcall	__sdcc_banked_call
                           1259 ;	../../../contiki-sensinode//core/dev/serial-line.c:84: return 1;
   0066 90 00 01           1260 	mov	dptr,#0x0001
   0069                    1261 00111$:
   0069 02s00r00           1262 	ljmp	__sdcc_banked_ret
                           1263 ;------------------------------------------------------------
                           1264 ;Allocation info for local variables in function 'process_thread_serial_line_process'
                           1265 ;------------------------------------------------------------
                           1266 ;ev                        Allocated to stack - sp -5
                           1267 ;data                      Allocated to stack - sp -8
                           1268 ;process_pt                Allocated to registers r5 r6 r7 
                           1269 ;PT_YIELD_FLAG             Allocated to registers r4 
                           1270 ;c                         Allocated to stack - sp -1
                           1271 ;buf                       Allocated with name '_process_thread_serial_line_process_buf_1_1'
                           1272 ;ptr                       Allocated with name '_process_thread_serial_line_process_ptr_1_1'
                           1273 ;------------------------------------------------------------
                           1274 ;	../../../contiki-sensinode//core/dev/serial-line.c:87: PROCESS_THREAD(serial_line_process, ev, data)
                           1275 ;	-----------------------------------------
                           1276 ;	 function process_thread_serial_line_process
                           1277 ;	-----------------------------------------
   006C                    1278 _process_thread_serial_line_process:
   006C 05 81              1279 	inc	sp
   006E 05 81              1280 	inc	sp
                           1281 ;	../../../contiki-sensinode//core/dev/serial-line.c:92: PROCESS_BEGIN();
   0070 AD 82              1282 	mov	r5,dpl
   0072 AE 83              1283 	mov	r6,dph
   0074 AF F0              1284 	mov	r7,b
   0076 7C 01              1285 	mov	r4,#0x01
   0078 12s00r00           1286 	lcall	__gptrget
   007B FA                 1287 	mov	r2,a
   007C A3                 1288 	inc	dptr
   007D 12s00r00           1289 	lcall	__gptrget
   0080 FB                 1290 	mov	r3,a
   0081 BA 00 05           1291 	cjne	r2,#0x00,00151$
   0084 BB 00 02           1292 	cjne	r3,#0x00,00151$
   0087 80 14              1293 	sjmp	00101$
   0089                    1294 00151$:
   0089 BA 67 05           1295 	cjne	r2,#0x67,00152$
   008C BB 00 02           1296 	cjne	r3,#0x00,00152$
   008F 80 71              1297 	sjmp	00102$
   0091                    1298 00152$:
   0091 BA 79 06           1299 	cjne	r2,#0x79,00153$
   0094 BB 00 03           1300 	cjne	r3,#0x00,00153$
   0097 02s01rFE           1301 	ljmp	00110$
   009A                    1302 00153$:
   009A 02s02r1A           1303 	ljmp	00128$
   009D                    1304 00101$:
                           1305 ;	../../../contiki-sensinode//core/dev/serial-line.c:94: serial_line_event_message = process_alloc_event();
   009D C0 07              1306 	push	ar7
   009F C0 06              1307 	push	ar6
   00A1 C0 05              1308 	push	ar5
   00A3 78r00              1309 	mov	r0,#_process_alloc_event
   00A5 79s00              1310 	mov	r1,#(_process_alloc_event >> 8)
   00A7 7As00              1311 	mov	r2,#(_process_alloc_event >> 16)
   00A9 12s00r00           1312 	lcall	__sdcc_banked_call
   00AC E5 82              1313 	mov	a,dpl
   00AE D0 05              1314 	pop	ar5
   00B0 D0 06              1315 	pop	ar6
   00B2 D0 07              1316 	pop	ar7
   00B4 90s00r86           1317 	mov	dptr,#_serial_line_event_message
   00B7 F0                 1318 	movx	@dptr,a
                           1319 ;	../../../contiki-sensinode//core/dev/serial-line.c:95: ptr = 0;
   00B8 90s01r08           1320 	mov	dptr,#_process_thread_serial_line_process_ptr_1_1
   00BB E4                 1321 	clr	a
   00BC F0                 1322 	movx	@dptr,a
   00BD A3                 1323 	inc	dptr
   00BE F0                 1324 	movx	@dptr,a
                           1325 ;	../../../contiki-sensinode//core/dev/serial-line.c:97: while(1) {
   00BF                    1326 00126$:
                           1327 ;	../../../contiki-sensinode//core/dev/serial-line.c:99: int c = ringbuf_get(&rxbuf);
   00BF 90s00r00           1328 	mov	dptr,#_rxbuf
   00C2 75 F0 00           1329 	mov	b,#0x00
   00C5 C0 07              1330 	push	ar7
   00C7 C0 06              1331 	push	ar6
   00C9 C0 05              1332 	push	ar5
   00CB 78r00              1333 	mov	r0,#_ringbuf_get
   00CD 79s00              1334 	mov	r1,#(_ringbuf_get >> 8)
   00CF 7As00              1335 	mov	r2,#(_ringbuf_get >> 16)
   00D1 12s00r00           1336 	lcall	__sdcc_banked_call
   00D4 AA 82              1337 	mov	r2,dpl
   00D6 AB 83              1338 	mov	r3,dph
   00D8 D0 05              1339 	pop	ar5
   00DA D0 06              1340 	pop	ar6
   00DC D0 07              1341 	pop	ar7
   00DE A8 81              1342 	mov	r0,sp
   00E0 18                 1343 	dec	r0
   00E1 A6 02              1344 	mov	@r0,ar2
   00E3 08                 1345 	inc	r0
   00E4 A6 03              1346 	mov	@r0,ar3
                           1347 ;	../../../contiki-sensinode//core/dev/serial-line.c:101: if(c == -1) {
   00E6 A8 81              1348 	mov	r0,sp
   00E8 18                 1349 	dec	r0
   00E9 B6 FF 1F           1350 	cjne	@r0,#0xFF,00123$
   00EC 08                 1351 	inc	r0
   00ED B6 FF 1B           1352 	cjne	@r0,#0xFF,00123$
                           1353 ;	../../../contiki-sensinode//core/dev/serial-line.c:103: PROCESS_YIELD();
   00F0 7C 00              1354 	mov	r4,#0x00
   00F2 8D 82              1355 	mov	dpl,r5
   00F4 8E 83              1356 	mov	dph,r6
   00F6 8F F0              1357 	mov	b,r7
   00F8 74 67              1358 	mov	a,#0x67
   00FA 12s00r00           1359 	lcall	__gptrput
   00FD A3                 1360 	inc	dptr
   00FE E4                 1361 	clr	a
   00FF 12s00r00           1362 	lcall	__gptrput
   0102                    1363 00102$:
   0102 EC                 1364 	mov	a,r4
   0103 70 BA              1365 	jnz	00126$
   0105 75 82 01           1366 	mov	dpl,#0x01
   0108 02s02r2C           1367 	ljmp	00129$
   010B                    1368 00123$:
                           1369 ;	../../../contiki-sensinode//core/dev/serial-line.c:105: if(c != END) {
   010B A8 81              1370 	mov	r0,sp
   010D 18                 1371 	dec	r0
   010E B6 0A 06           1372 	cjne	@r0,#0x0A,00157$
   0111 08                 1373 	inc	r0
   0112 B6 00 02           1374 	cjne	@r0,#0x00,00157$
   0115 80 42              1375 	sjmp	00120$
   0117                    1376 00157$:
                           1377 ;	../../../contiki-sensinode//core/dev/serial-line.c:106: if(ptr < BUFSIZE-1) {
   0117 90s01r08           1378 	mov	dptr,#_process_thread_serial_line_process_ptr_1_1
   011A E0                 1379 	movx	a,@dptr
   011B FA                 1380 	mov	r2,a
   011C A3                 1381 	inc	dptr
   011D E0                 1382 	movx	a,@dptr
   011E FB                 1383 	mov	r3,a
   011F C3                 1384 	clr	c
   0120 EA                 1385 	mov	a,r2
   0121 94 7F              1386 	subb	a,#0x7F
   0123 EB                 1387 	mov	a,r3
   0124 64 80              1388 	xrl	a,#0x80
   0126 94 80              1389 	subb	a,#0x80
   0128 50 95              1390 	jnc	00126$
                           1391 ;	../../../contiki-sensinode//core/dev/serial-line.c:107: buf[ptr++] = (uint8_t)c;
   012A C0 05              1392 	push	ar5
   012C C0 06              1393 	push	ar6
   012E C0 07              1394 	push	ar7
   0130 90s01r08           1395 	mov	dptr,#_process_thread_serial_line_process_ptr_1_1
   0133 74 01              1396 	mov	a,#0x01
   0135 2A                 1397 	add	a,r2
   0136 F0                 1398 	movx	@dptr,a
   0137 E4                 1399 	clr	a
   0138 3B                 1400 	addc	a,r3
   0139 A3                 1401 	inc	dptr
   013A F0                 1402 	movx	@dptr,a
   013B EA                 1403 	mov	a,r2
   013C 24r88              1404 	add	a,#_process_thread_serial_line_process_buf_1_1
   013E FA                 1405 	mov	r2,a
   013F EB                 1406 	mov	a,r3
   0140 34s00              1407 	addc	a,#(_process_thread_serial_line_process_buf_1_1 >> 8)
   0142 FB                 1408 	mov	r3,a
   0143 E5 81              1409 	mov	a,sp
   0145 24 FC              1410 	add	a,#0xfc
   0147 F8                 1411 	mov	r0,a
   0148 86 07              1412 	mov	ar7,@r0
   014A 8A 82              1413 	mov	dpl,r2
   014C 8B 83              1414 	mov	dph,r3
   014E EF                 1415 	mov	a,r7
   014F F0                 1416 	movx	@dptr,a
   0150 D0 07              1417 	pop	ar7
   0152 D0 06              1418 	pop	ar6
   0154 D0 05              1419 	pop	ar5
   0156 02s00rBF           1420 	ljmp	00126$
   0159                    1421 00120$:
                           1422 ;	../../../contiki-sensinode//core/dev/serial-line.c:113: buf[ptr++] = (uint8_t)'\0';
   0159 C0 05              1423 	push	ar5
   015B C0 06              1424 	push	ar6
   015D C0 07              1425 	push	ar7
   015F 90s01r08           1426 	mov	dptr,#_process_thread_serial_line_process_ptr_1_1
   0162 E0                 1427 	movx	a,@dptr
   0163 FA                 1428 	mov	r2,a
   0164 A3                 1429 	inc	dptr
   0165 E0                 1430 	movx	a,@dptr
   0166 FB                 1431 	mov	r3,a
   0167 90s01r08           1432 	mov	dptr,#_process_thread_serial_line_process_ptr_1_1
   016A 74 01              1433 	mov	a,#0x01
   016C 2A                 1434 	add	a,r2
   016D F0                 1435 	movx	@dptr,a
   016E E4                 1436 	clr	a
   016F 3B                 1437 	addc	a,r3
   0170 A3                 1438 	inc	dptr
   0171 F0                 1439 	movx	@dptr,a
   0172 EA                 1440 	mov	a,r2
   0173 24r88              1441 	add	a,#_process_thread_serial_line_process_buf_1_1
   0175 F5 82              1442 	mov	dpl,a
   0177 EB                 1443 	mov	a,r3
   0178 34s00              1444 	addc	a,#(_process_thread_serial_line_process_buf_1_1 >> 8)
   017A F5 83              1445 	mov	dph,a
   017C E4                 1446 	clr	a
   017D F0                 1447 	movx	@dptr,a
                           1448 ;	../../../contiki-sensinode//core/dev/serial-line.c:116: process_post(PROCESS_BROADCAST, serial_line_event_message, buf);
   017E C0 07              1449 	push	ar7
   0180 C0 06              1450 	push	ar6
   0182 C0 05              1451 	push	ar5
   0184 74r88              1452 	mov	a,#_process_thread_serial_line_process_buf_1_1
   0186 C0 E0              1453 	push	acc
   0188 74s00              1454 	mov	a,#(_process_thread_serial_line_process_buf_1_1 >> 8)
   018A C0 E0              1455 	push	acc
   018C E4                 1456 	clr	a
   018D C0 E0              1457 	push	acc
   018F 90s00r86           1458 	mov	dptr,#_serial_line_event_message
   0192 E0                 1459 	movx	a,@dptr
   0193 C0 E0              1460 	push	acc
   0195 90 00 00           1461 	mov	dptr,#0x0000
   0198 75 F0 00           1462 	mov	b,#0x00
   019B 78r00              1463 	mov	r0,#_process_post
   019D 79s00              1464 	mov	r1,#(_process_post >> 8)
   019F 7As00              1465 	mov	r2,#(_process_post >> 16)
   01A1 12s00r00           1466 	lcall	__sdcc_banked_call
   01A4 E5 81              1467 	mov	a,sp
   01A6 24 FC              1468 	add	a,#0xfc
   01A8 F5 81              1469 	mov	sp,a
   01AA D0 05              1470 	pop	ar5
   01AC D0 06              1471 	pop	ar6
   01AE D0 07              1472 	pop	ar7
                           1473 ;	../../../contiki-sensinode//core/dev/serial-line.c:120: process_post(PROCESS_CURRENT(), PROCESS_EVENT_CONTINUE, NULL)) {
   01B0 90s00r00           1474 	mov	dptr,#_process_current
   01B3 E0                 1475 	movx	a,@dptr
   01B4 FA                 1476 	mov	r2,a
   01B5 A3                 1477 	inc	dptr
   01B6 E0                 1478 	movx	a,@dptr
   01B7 FB                 1479 	mov	r3,a
   01B8 A3                 1480 	inc	dptr
   01B9 E0                 1481 	movx	a,@dptr
   01BA FF                 1482 	mov	r7,a
   01BB C0 05              1483 	push	ar5
   01BD E4                 1484 	clr	a
   01BE C0 E0              1485 	push	acc
   01C0 C0 E0              1486 	push	acc
   01C2 C0 E0              1487 	push	acc
   01C4 74 85              1488 	mov	a,#0x85
   01C6 C0 E0              1489 	push	acc
   01C8 8A 82              1490 	mov	dpl,r2
   01CA 8B 83              1491 	mov	dph,r3
   01CC 8F F0              1492 	mov	b,r7
   01CE 78r00              1493 	mov	r0,#_process_post
   01D0 79s00              1494 	mov	r1,#(_process_post >> 8)
   01D2 7As00              1495 	mov	r2,#(_process_post >> 16)
   01D4 12s00r00           1496 	lcall	__sdcc_banked_call
   01D7 AE 82              1497 	mov	r6,dpl
   01D9 AF 83              1498 	mov	r7,dph
   01DB E5 81              1499 	mov	a,sp
   01DD 24 FC              1500 	add	a,#0xfc
   01DF F5 81              1501 	mov	sp,a
   01E1 D0 05              1502 	pop	ar5
   01E3 EE                 1503 	mov	a,r6
   01E4 4F                 1504 	orl	a,r7
   01E5 D0 07              1505 	pop	ar7
   01E7 D0 06              1506 	pop	ar6
   01E9 D0 05              1507 	pop	ar5
                           1508 ;	../../../contiki-sensinode//core/dev/serial-line.c:121: PROCESS_WAIT_EVENT_UNTIL(ev == PROCESS_EVENT_CONTINUE);
   01EB 70 23              1509 	jnz	00118$
   01ED FC                 1510 	mov	r4,a
   01EE 8D 82              1511 	mov	dpl,r5
   01F0 8E 83              1512 	mov	dph,r6
   01F2 8F F0              1513 	mov	b,r7
   01F4 74 79              1514 	mov	a,#0x79
   01F6 12s00r00           1515 	lcall	__gptrput
   01F9 A3                 1516 	inc	dptr
   01FA E4                 1517 	clr	a
   01FB 12s00r00           1518 	lcall	__gptrput
   01FE                    1519 00110$:
   01FE EC                 1520 	mov	a,r4
   01FF 60 0A              1521 	jz	00111$
   0201 E5 81              1522 	mov	a,sp
   0203 24 FB              1523 	add	a,#0xfb
   0205 F8                 1524 	mov	r0,a
   0206 B6 85 02           1525 	cjne	@r0,#0x85,00161$
   0209 80 05              1526 	sjmp	00118$
   020B                    1527 00161$:
   020B                    1528 00111$:
   020B 75 82 01           1529 	mov	dpl,#0x01
   020E 80 1C              1530 	sjmp	00129$
   0210                    1531 00118$:
                           1532 ;	../../../contiki-sensinode//core/dev/serial-line.c:123: ptr = 0;
   0210 90s01r08           1533 	mov	dptr,#_process_thread_serial_line_process_ptr_1_1
   0213 E4                 1534 	clr	a
   0214 F0                 1535 	movx	@dptr,a
   0215 A3                 1536 	inc	dptr
   0216 F0                 1537 	movx	@dptr,a
   0217 02s00rBF           1538 	ljmp	00126$
                           1539 ;	../../../contiki-sensinode//core/dev/serial-line.c:128: PROCESS_END();
   021A                    1540 00128$:
   021A 8D 82              1541 	mov	dpl,r5
   021C 8E 83              1542 	mov	dph,r6
   021E 8F F0              1543 	mov	b,r7
   0220 E4                 1544 	clr	a
   0221 12s00r00           1545 	lcall	__gptrput
   0224 A3                 1546 	inc	dptr
   0225 E4                 1547 	clr	a
   0226 12s00r00           1548 	lcall	__gptrput
   0229 75 82 03           1549 	mov	dpl,#0x03
   022C                    1550 00129$:
   022C 15 81              1551 	dec	sp
   022E 15 81              1552 	dec	sp
   0230 02s00r00           1553 	ljmp	__sdcc_banked_ret
                           1554 ;------------------------------------------------------------
                           1555 ;Allocation info for local variables in function 'serial_line_init'
                           1556 ;------------------------------------------------------------
                           1557 ;	../../../contiki-sensinode//core/dev/serial-line.c:132: serial_line_init(void)
                           1558 ;	-----------------------------------------
                           1559 ;	 function serial_line_init
                           1560 ;	-----------------------------------------
   0233                    1561 _serial_line_init:
                           1562 ;	../../../contiki-sensinode//core/dev/serial-line.c:134: ringbuf_init(&rxbuf, rxbuf_data, sizeof(rxbuf_data));
   0233 74 80              1563 	mov	a,#0x80
   0235 C0 E0              1564 	push	acc
   0237 74r06              1565 	mov	a,#_rxbuf_data
   0239 C0 E0              1566 	push	acc
   023B 74s00              1567 	mov	a,#(_rxbuf_data >> 8)
   023D C0 E0              1568 	push	acc
   023F E4                 1569 	clr	a
   0240 C0 E0              1570 	push	acc
   0242 90s00r00           1571 	mov	dptr,#_rxbuf
   0245 75 F0 00           1572 	mov	b,#0x00
   0248 78r00              1573 	mov	r0,#_ringbuf_init
   024A 79s00              1574 	mov	r1,#(_ringbuf_init >> 8)
   024C 7As00              1575 	mov	r2,#(_ringbuf_init >> 16)
   024E 12s00r00           1576 	lcall	__sdcc_banked_call
   0251 E5 81              1577 	mov	a,sp
   0253 24 FC              1578 	add	a,#0xfc
   0255 F5 81              1579 	mov	sp,a
                           1580 ;	../../../contiki-sensinode//core/dev/serial-line.c:135: process_start(&serial_line_process, NULL);
   0257 E4                 1581 	clr	a
   0258 C0 E0              1582 	push	acc
   025A C0 E0              1583 	push	acc
   025C C0 E0              1584 	push	acc
   025E 90s00r00           1585 	mov	dptr,#_serial_line_process
   0261 75 F0 00           1586 	mov	b,#0x00
   0264 78r00              1587 	mov	r0,#_process_start
   0266 79s00              1588 	mov	r1,#(_process_start >> 8)
   0268 7As00              1589 	mov	r2,#(_process_start >> 16)
   026A 12s00r00           1590 	lcall	__sdcc_banked_call
   026D 15 81              1591 	dec	sp
   026F 15 81              1592 	dec	sp
   0271 15 81              1593 	dec	sp
   0273 02s00r00           1594 	ljmp	__sdcc_banked_ret
                           1595 	.area CSEG    (CODE)
                           1596 	.area CONST   (CODE)
                           1597 	.area XINIT   (CODE)
   0000                    1598 __xinit__serial_line_process:
                           1599 ; generic printIvalPtr
   0000 00 00 00           1600 	.byte #0x00,#0x00,#0x00
   0003r6Cs00s00           1601 	.byte _process_thread_serial_line_process,(_process_thread_serial_line_process >> 8),(_process_thread_serial_line_process >> 16)
   0006 00 00              1602 	.byte #0x00,#0x00	; 0
   0008 00                 1603 	.db #0x00	; 0
   0009 00                 1604 	.db #0x00	; 0
                           1605 	.area CABS    (ABS,CODE)
