                              1 ;--------------------------------------------------------
                              2 ; File Created by SDCC : free open source ANSI-C Compiler
                              3 ; Version 3.1.1 #7100 (Oct 29 2014) (Linux)
                              4 ; This file was generated Wed Dec  2 18:11:04 2015
                              5 ;--------------------------------------------------------
                              6 	.module stack
                              7 	.optsdcc -mmcs51 --model-huge
                              8 	
                              9 ;--------------------------------------------------------
                             10 ; Public variables in this module
                             11 ;--------------------------------------------------------
                             12 	.globl _stack_get_max
                             13 	.globl _stack_poison
                             14 	.globl _ACTIVE
                             15 	.globl _TX_BYTE
                             16 	.globl _RX_BYTE
                             17 	.globl _ERR
                             18 	.globl _FE
                             19 	.globl _SLAVE
                             20 	.globl _RE
                             21 	.globl _MODE
                             22 	.globl _T3OVFIF
                             23 	.globl _T3CH0IF
                             24 	.globl _T3CH1IF
                             25 	.globl _T4OVFIF
                             26 	.globl _T4CH0IF
                             27 	.globl _T4CH1IF
                             28 	.globl _OVFIM
                             29 	.globl _B_0
                             30 	.globl _B_1
                             31 	.globl _B_2
                             32 	.globl _B_3
                             33 	.globl _B_4
                             34 	.globl _B_5
                             35 	.globl _B_6
                             36 	.globl _B_7
                             37 	.globl _P2IF
                             38 	.globl _UTX0IF
                             39 	.globl _UTX1IF
                             40 	.globl _P1IF
                             41 	.globl _WDTIF
                             42 	.globl _ACC_0
                             43 	.globl _ACC_1
                             44 	.globl _ACC_2
                             45 	.globl _ACC_3
                             46 	.globl _ACC_4
                             47 	.globl _ACC_5
                             48 	.globl _ACC_6
                             49 	.globl _ACC_7
                             50 	.globl _P
                             51 	.globl _F1
                             52 	.globl _OV
                             53 	.globl _RS0
                             54 	.globl _RS1
                             55 	.globl _F0
                             56 	.globl _AC
                             57 	.globl _CY
                             58 	.globl _DMAIF
                             59 	.globl _T1IF
                             60 	.globl _T2IF
                             61 	.globl _T3IF
                             62 	.globl _T4IF
                             63 	.globl _P0IF
                             64 	.globl _STIF
                             65 	.globl _DMAIE
                             66 	.globl _T1IE
                             67 	.globl _T2IE
                             68 	.globl _T3IE
                             69 	.globl _T4IE
                             70 	.globl _P0IE
                             71 	.globl _RFERRIE
                             72 	.globl _ADCIE
                             73 	.globl _URX0IE
                             74 	.globl _URX1IE
                             75 	.globl _ENCIE
                             76 	.globl _STIE
                             77 	.globl _EA
                             78 	.globl _P2_0
                             79 	.globl _P2_1
                             80 	.globl _P2_2
                             81 	.globl _P2_3
                             82 	.globl _P2_4
                             83 	.globl _P2_5
                             84 	.globl _P2_6
                             85 	.globl _P2_7
                             86 	.globl _ENCIF_0
                             87 	.globl _ENCIF_1
                             88 	.globl _P1_0
                             89 	.globl _P1_1
                             90 	.globl _P1_2
                             91 	.globl _P1_3
                             92 	.globl _P1_4
                             93 	.globl _P1_5
                             94 	.globl _P1_6
                             95 	.globl _P1_7
                             96 	.globl _IT0
                             97 	.globl _RFERRIF
                             98 	.globl _IT1
                             99 	.globl _URX0IF
                            100 	.globl _ADCIF
                            101 	.globl _URX1IF
                            102 	.globl _P0_0
                            103 	.globl _P0_1
                            104 	.globl _P0_2
                            105 	.globl _P0_3
                            106 	.globl _P0_4
                            107 	.globl _P0_5
                            108 	.globl _P0_6
                            109 	.globl _P0_7
                            110 	.globl _WDCTL
                            111 	.globl _U1GCR
                            112 	.globl _U1UCR
                            113 	.globl _U1BAUD
                            114 	.globl _U1DBUF
                            115 	.globl _U1CSR
                            116 	.globl _U0GCR
                            117 	.globl _U0UCR
                            118 	.globl _U0BAUD
                            119 	.globl _U0DBUF
                            120 	.globl _U0CSR
                            121 	.globl _TIMIF
                            122 	.globl _T4CC1
                            123 	.globl _T4CCTL1
                            124 	.globl _T4CC0
                            125 	.globl _T4CCTL0
                            126 	.globl _T4CTL
                            127 	.globl _T4CNT
                            128 	.globl _T3CC1
                            129 	.globl _T3CCTL1
                            130 	.globl _T3CC0
                            131 	.globl _T3CCTL0
                            132 	.globl _T3CTL
                            133 	.globl _T3CNT
                            134 	.globl _T2MSEL
                            135 	.globl _T2IRQM
                            136 	.globl _T2MOVF2
                            137 	.globl _T2MOVF1
                            138 	.globl _T2MOVF0
                            139 	.globl _T2M1
                            140 	.globl _T2M0
                            141 	.globl _T2IRQF
                            142 	.globl _T2EVTCFG
                            143 	.globl _T2CTRL
                            144 	.globl _T1STAT
                            145 	.globl _T1CCTL2
                            146 	.globl _T1CCTL1
                            147 	.globl _T1CCTL0
                            148 	.globl _T1CTL
                            149 	.globl _T1CNTH
                            150 	.globl _T1CNTL
                            151 	.globl _T1CC2H
                            152 	.globl _T1CC2L
                            153 	.globl _T1CC1H
                            154 	.globl _T1CC1L
                            155 	.globl _T1CC0H
                            156 	.globl _T1CC0L
                            157 	.globl _CLKCONSTA
                            158 	.globl _CLKCONCMD
                            159 	.globl _SLEEPSTA
                            160 	.globl _SLEEPCMD
                            161 	.globl _STLOAD
                            162 	.globl _ST2
                            163 	.globl _ST1
                            164 	.globl _ST0
                            165 	.globl _RFERRF
                            166 	.globl _RFIRQF0
                            167 	.globl _RFST
                            168 	.globl _RFD
                            169 	.globl _RFIRQF1
                            170 	.globl _PSBANK
                            171 	.globl _FMAP
                            172 	.globl _MEMCTR
                            173 	.globl __XPAGE
                            174 	.globl _MPAGE
                            175 	.globl _PMUX
                            176 	.globl _P2DIR
                            177 	.globl _P1DIR
                            178 	.globl _P0DIR
                            179 	.globl _P2INP
                            180 	.globl _P1INP
                            181 	.globl _P2SEL
                            182 	.globl _P1SEL
                            183 	.globl _P0SEL
                            184 	.globl _APCFG
                            185 	.globl _PERCFG
                            186 	.globl _P0INP
                            187 	.globl _P2IEN
                            188 	.globl _P1IEN
                            189 	.globl _P0IEN
                            190 	.globl _PICTL
                            191 	.globl _P2IFG
                            192 	.globl _P1IFG
                            193 	.globl _P0IFG
                            194 	.globl _DMAREQ
                            195 	.globl _DMAARM
                            196 	.globl _DMA0CFGH
                            197 	.globl _DMA0CFGL
                            198 	.globl _DMA1CFGH
                            199 	.globl _DMA1CFGL
                            200 	.globl _DMAIRQ
                            201 	.globl _ENCCS
                            202 	.globl _ENCDO
                            203 	.globl _ENCDI
                            204 	.globl _RNDH
                            205 	.globl _RNDL
                            206 	.globl _ADCH
                            207 	.globl _ADCL
                            208 	.globl _ADCCON3
                            209 	.globl _ADCCON2
                            210 	.globl _ADCCON1
                            211 	.globl _B
                            212 	.globl _IRCON2
                            213 	.globl _ACC
                            214 	.globl _PSW
                            215 	.globl _IRCON
                            216 	.globl _IP1
                            217 	.globl _IEN1
                            218 	.globl _IP0
                            219 	.globl _IEN0
                            220 	.globl _P2
                            221 	.globl _S1CON
                            222 	.globl _IEN2
                            223 	.globl _S0CON
                            224 	.globl _DPS
                            225 	.globl _P1
                            226 	.globl _TCON
                            227 	.globl _PCON
                            228 	.globl _DPH1
                            229 	.globl _DPL1
                            230 	.globl _DPH0
                            231 	.globl _DPL0
                            232 	.globl _SP
                            233 	.globl _P0
                            234 	.globl _X_IEEE_ADDR
                            235 	.globl _X_INFOPAGE
                            236 	.globl _X_P2DIR
                            237 	.globl _X_P1DIR
                            238 	.globl _X_P0DIR
                            239 	.globl _X_U1GCR
                            240 	.globl _X_U1UCR
                            241 	.globl _X_U1BAUD
                            242 	.globl _X_U1DBUF
                            243 	.globl _X_U1CSR
                            244 	.globl _X_P2INP
                            245 	.globl _X_P1INP
                            246 	.globl _X_P2SEL
                            247 	.globl _X_P1SEL
                            248 	.globl _X_P0SEL
                            249 	.globl _X_APCFG
                            250 	.globl _X_PERCFG
                            251 	.globl _X_T4CC1
                            252 	.globl _X_T4CCTL1
                            253 	.globl _X_T4CC0
                            254 	.globl _X_T4CCTL0
                            255 	.globl _X_T4CTL
                            256 	.globl _X_T4CNT
                            257 	.globl _X_RFIRQF0
                            258 	.globl _X_T1CCTL2
                            259 	.globl _X_T1CCTL1
                            260 	.globl _X_T1CCTL0
                            261 	.globl _X_T1CTL
                            262 	.globl _X_T1CNTH
                            263 	.globl _X_T1CNTL
                            264 	.globl _X_RFST
                            265 	.globl _X_T1CC2H
                            266 	.globl _X_T1CC2L
                            267 	.globl _X_T1CC1H
                            268 	.globl _X_T1CC1L
                            269 	.globl _X_T1CC0H
                            270 	.globl _X_T1CC0L
                            271 	.globl _X_RFD
                            272 	.globl _X_TIMIF
                            273 	.globl _X_DMAREQ
                            274 	.globl _X_DMAARM
                            275 	.globl _X_DMA0CFGH
                            276 	.globl _X_DMA0CFGL
                            277 	.globl _X_DMA1CFGH
                            278 	.globl _X_DMA1CFGL
                            279 	.globl _X_DMAIRQ
                            280 	.globl _X_T3CC1
                            281 	.globl _X_T3CCTL1
                            282 	.globl _X_T3CC0
                            283 	.globl _X_T3CCTL0
                            284 	.globl _X_T3CTL
                            285 	.globl _X_T3CNT
                            286 	.globl _X_WDCTL
                            287 	.globl _X_MEMCTR
                            288 	.globl _X_CLKCONCMD
                            289 	.globl _X_U0GCR
                            290 	.globl _X_U0UCR
                            291 	.globl _X_T2MSEL
                            292 	.globl _X_U0BAUD
                            293 	.globl _X_U0DBUF
                            294 	.globl _X_RFERRF
                            295 	.globl _X_SLEEPCMD
                            296 	.globl _X_RNDH
                            297 	.globl _X_RNDL
                            298 	.globl _X_ADCH
                            299 	.globl _X_ADCL
                            300 	.globl _X_ADCCON3
                            301 	.globl _X_ADCCON2
                            302 	.globl _X_ADCCON1
                            303 	.globl _X_ENCCS
                            304 	.globl _X_ENCDO
                            305 	.globl _X_ENCDI
                            306 	.globl _X_T1STAT
                            307 	.globl _X_PMUX
                            308 	.globl _X_STLOAD
                            309 	.globl _X_P2IEN
                            310 	.globl _X_P0IEN
                            311 	.globl _X_T2IRQM
                            312 	.globl _X_T2MOVF2
                            313 	.globl _X_T2MOVF1
                            314 	.globl _X_T2MOVF0
                            315 	.globl _X_T2M1
                            316 	.globl _X_T2M0
                            317 	.globl _X_T2IRQF
                            318 	.globl _X_P2
                            319 	.globl _X_PSBANK
                            320 	.globl _X_FMAP
                            321 	.globl _X_CLKCONSTA
                            322 	.globl _X_SLEEPSTA
                            323 	.globl _X_T2EVTCFG
                            324 	.globl _X_ST2
                            325 	.globl _X_ST1
                            326 	.globl _X_ST0
                            327 	.globl _X_T2CTRL
                            328 	.globl _X__XPAGE
                            329 	.globl _X_MPAGE
                            330 	.globl _X_RFIRQF1
                            331 	.globl _X_P1
                            332 	.globl _X_P0INP
                            333 	.globl _X_P1IEN
                            334 	.globl _X_PICTL
                            335 	.globl _X_P2IFG
                            336 	.globl _X_P1IFG
                            337 	.globl _X_P0IFG
                            338 	.globl _X_U0CSR
                            339 	.globl _X_P0
                            340 	.globl _USBF5
                            341 	.globl _USBF4
                            342 	.globl _USBF3
                            343 	.globl _USBF2
                            344 	.globl _USBF1
                            345 	.globl _USBF0
                            346 	.globl _USBCNTH
                            347 	.globl _USBCNTL
                            348 	.globl _USBCNT0
                            349 	.globl _USBCSOH
                            350 	.globl _USBCSOL
                            351 	.globl _USBMAXO
                            352 	.globl _USBCSIH
                            353 	.globl _USBCSIL
                            354 	.globl _USBCS0
                            355 	.globl _USBMAXI
                            356 	.globl _USBCTRL
                            357 	.globl _USBINDEX
                            358 	.globl _USBFRMH
                            359 	.globl _USBFRML
                            360 	.globl _USBCIE
                            361 	.globl _USBOIE
                            362 	.globl _USBIIE
                            363 	.globl _USBCIF
                            364 	.globl _USBOIF
                            365 	.globl _USBIIF
                            366 	.globl _USBPOW
                            367 	.globl _USBADDR
                            368 	.globl _CSPT
                            369 	.globl _CSPZ
                            370 	.globl _CSPY
                            371 	.globl _CSPX
                            372 	.globl _CSPSTAT
                            373 	.globl _CSPCTRL
                            374 	.globl _CSPPROG23
                            375 	.globl _CSPPROG22
                            376 	.globl _CSPPROG21
                            377 	.globl _CSPPROG20
                            378 	.globl _CSPPROG19
                            379 	.globl _CSPPROG18
                            380 	.globl _CSPPROG17
                            381 	.globl _CSPPROG16
                            382 	.globl _CSPPROG15
                            383 	.globl _CSPPROG14
                            384 	.globl _CSPPROG13
                            385 	.globl _CSPPROG12
                            386 	.globl _CSPPROG11
                            387 	.globl _CSPPROG10
                            388 	.globl _CSPPROG9
                            389 	.globl _CSPPROG8
                            390 	.globl _CSPPROG7
                            391 	.globl _CSPPROG6
                            392 	.globl _CSPPROG5
                            393 	.globl _CSPPROG4
                            394 	.globl _CSPPROG3
                            395 	.globl _CSPPROG2
                            396 	.globl _CSPPROG1
                            397 	.globl _CSPPROG0
                            398 	.globl _RFC_OBS_CTRL2
                            399 	.globl _RFC_OBS_CTRL1
                            400 	.globl _RFC_OBS_CTRL0
                            401 	.globl _TXFILTCFG
                            402 	.globl _PTEST1
                            403 	.globl _PTEST0
                            404 	.globl _ATEST
                            405 	.globl _DACTEST2
                            406 	.globl _DACTEST1
                            407 	.globl _DACTEST0
                            408 	.globl _MDMTEST1
                            409 	.globl _MDMTEST0
                            410 	.globl _ADCTEST2
                            411 	.globl _ADCTEST1
                            412 	.globl _ADCTEST0
                            413 	.globl _AGCCTRL3
                            414 	.globl _AGCCTRL2
                            415 	.globl _AGCCTRL1
                            416 	.globl _AGCCTRL0
                            417 	.globl _FSCAL3
                            418 	.globl _FSCAL2
                            419 	.globl _FSCAL1
                            420 	.globl _FSCAL0
                            421 	.globl _FSCTRL
                            422 	.globl _RXCTRL
                            423 	.globl _FREQEST
                            424 	.globl _MDMCTRL1
                            425 	.globl _MDMCTRL0
                            426 	.globl _RFRND
                            427 	.globl _RFERRM
                            428 	.globl _RFIRQM1
                            429 	.globl _RFIRQM0
                            430 	.globl _TXLAST_PTR
                            431 	.globl _TXFIRST_PTR
                            432 	.globl _RXP1_PTR
                            433 	.globl _RXLAST_PTR
                            434 	.globl _RXFIRST_PTR
                            435 	.globl _TXFIFOCNT
                            436 	.globl _RXFIFOCNT
                            437 	.globl _RXFIRST
                            438 	.globl _RSSISTAT
                            439 	.globl _RSSI
                            440 	.globl _CCACTRL1
                            441 	.globl _CCACTRL0
                            442 	.globl _FSMCTRL
                            443 	.globl _FIFOPCTRL
                            444 	.globl _FSMSTAT1
                            445 	.globl _FSMSTAT0
                            446 	.globl _TXCTRL
                            447 	.globl _TXPOWER
                            448 	.globl _FREQCTRL
                            449 	.globl _FREQTUNE
                            450 	.globl _RXMASKCLR
                            451 	.globl _RXMASKSET
                            452 	.globl _RXENABLE
                            453 	.globl _FRMCTRL1
                            454 	.globl _FRMCTRL0
                            455 	.globl _SRCEXTEN2
                            456 	.globl _SRCEXTEN1
                            457 	.globl _SRCEXTEN0
                            458 	.globl _SRCSHORTEN2
                            459 	.globl _SRCSHORTEN1
                            460 	.globl _SRCSHORTEN0
                            461 	.globl _SRCMATCH
                            462 	.globl _FRMFILT1
                            463 	.globl _FRMFILT0
                            464 	.globl _SHORT_ADDR1
                            465 	.globl _SHORT_ADDR0
                            466 	.globl _PAN_ID1
                            467 	.globl _PAN_ID0
                            468 	.globl _EXT_ADDR7
                            469 	.globl _EXT_ADDR6
                            470 	.globl _EXT_ADDR5
                            471 	.globl _EXT_ADDR4
                            472 	.globl _EXT_ADDR3
                            473 	.globl _EXT_ADDR2
                            474 	.globl _EXT_ADDR1
                            475 	.globl _EXT_ADDR0
                            476 	.globl _SRCSHORTPENDEN2
                            477 	.globl _SRCSHORTPENDEN1
                            478 	.globl _SRCSHORTPENDEN0
                            479 	.globl _SRCEXTPENDEN2
                            480 	.globl _SRCEXTPENDEN1
                            481 	.globl _SRCEXTPENDEN0
                            482 	.globl _SRCRESINDEX
                            483 	.globl _SRCRESMASK2
                            484 	.globl _SRCRESMASK1
                            485 	.globl _SRCRESMASK0
                            486 	.globl _SRC_ADDR_TABLE
                            487 	.globl _TXFIFO
                            488 	.globl _RXFIFO
                            489 	.globl _RFCORE_RAM
                            490 	.globl _CMPCTL
                            491 	.globl _OPAMPS
                            492 	.globl _OPAMPC
                            493 	.globl _STCV2
                            494 	.globl _STCV1
                            495 	.globl _STCV0
                            496 	.globl _STCS
                            497 	.globl _STCC
                            498 	.globl _T1CC4H
                            499 	.globl _T1CC4L
                            500 	.globl _T1CC3H
                            501 	.globl _T1CC3L
                            502 	.globl _XX_T1CC2H
                            503 	.globl _XX_T1CC2L
                            504 	.globl _XX_T1CC1H
                            505 	.globl _XX_T1CC1L
                            506 	.globl _XX_T1CC0H
                            507 	.globl _XX_T1CC0L
                            508 	.globl _T1CCTL4
                            509 	.globl _T1CCTL3
                            510 	.globl _XX_T1CCTL2
                            511 	.globl _XX_T1CCTL1
                            512 	.globl _XX_T1CCTL0
                            513 	.globl _CLD
                            514 	.globl _IRCTL
                            515 	.globl _CHIPINFO1
                            516 	.globl _CHIPINFO0
                            517 	.globl _FWDATA
                            518 	.globl _FADDRH
                            519 	.globl _FADDRL
                            520 	.globl _FCTL
                            521 	.globl _IVCTRL
                            522 	.globl _BATTMON
                            523 	.globl _SRCRC
                            524 	.globl _DBGDATA
                            525 	.globl _TESTREG0
                            526 	.globl _CHIPID
                            527 	.globl _CHVER
                            528 	.globl _OBSSEL5
                            529 	.globl _OBSSEL4
                            530 	.globl _OBSSEL3
                            531 	.globl _OBSSEL2
                            532 	.globl _OBSSEL1
                            533 	.globl _OBSSEL0
                            534 	.globl _I2CIO
                            535 	.globl _I2CWC
                            536 	.globl _I2CADDR
                            537 	.globl _I2CDATA
                            538 	.globl _I2CSTAT
                            539 	.globl _I2CCFG
                            540 	.globl _OPAMPMC
                            541 	.globl _MONMUX
                            542 	.globl _sp
                            543 ;--------------------------------------------------------
                            544 ; special function registers
                            545 ;--------------------------------------------------------
                            546 	.area RSEG    (ABS,DATA)
   0000                     547 	.org 0x0000
                    0080    548 _P0	=	0x0080
                    0081    549 _SP	=	0x0081
                    0082    550 _DPL0	=	0x0082
                    0083    551 _DPH0	=	0x0083
                    0084    552 _DPL1	=	0x0084
                    0085    553 _DPH1	=	0x0085
                    0087    554 _PCON	=	0x0087
                    0088    555 _TCON	=	0x0088
                    0090    556 _P1	=	0x0090
                    0092    557 _DPS	=	0x0092
                    0098    558 _S0CON	=	0x0098
                    009A    559 _IEN2	=	0x009a
                    009B    560 _S1CON	=	0x009b
                    00A0    561 _P2	=	0x00a0
                    00A8    562 _IEN0	=	0x00a8
                    00A9    563 _IP0	=	0x00a9
                    00B8    564 _IEN1	=	0x00b8
                    00B9    565 _IP1	=	0x00b9
                    00C0    566 _IRCON	=	0x00c0
                    00D0    567 _PSW	=	0x00d0
                    00E0    568 _ACC	=	0x00e0
                    00E8    569 _IRCON2	=	0x00e8
                    00F0    570 _B	=	0x00f0
                    00B4    571 _ADCCON1	=	0x00b4
                    00B5    572 _ADCCON2	=	0x00b5
                    00B6    573 _ADCCON3	=	0x00b6
                    00BA    574 _ADCL	=	0x00ba
                    00BB    575 _ADCH	=	0x00bb
                    00BC    576 _RNDL	=	0x00bc
                    00BD    577 _RNDH	=	0x00bd
                    00B1    578 _ENCDI	=	0x00b1
                    00B2    579 _ENCDO	=	0x00b2
                    00B3    580 _ENCCS	=	0x00b3
                    00D1    581 _DMAIRQ	=	0x00d1
                    00D2    582 _DMA1CFGL	=	0x00d2
                    00D3    583 _DMA1CFGH	=	0x00d3
                    00D4    584 _DMA0CFGL	=	0x00d4
                    00D5    585 _DMA0CFGH	=	0x00d5
                    00D6    586 _DMAARM	=	0x00d6
                    00D7    587 _DMAREQ	=	0x00d7
                    0089    588 _P0IFG	=	0x0089
                    008A    589 _P1IFG	=	0x008a
                    008B    590 _P2IFG	=	0x008b
                    008C    591 _PICTL	=	0x008c
                    00AB    592 _P0IEN	=	0x00ab
                    008D    593 _P1IEN	=	0x008d
                    00AC    594 _P2IEN	=	0x00ac
                    008F    595 _P0INP	=	0x008f
                    00F1    596 _PERCFG	=	0x00f1
                    00F2    597 _APCFG	=	0x00f2
                    00F3    598 _P0SEL	=	0x00f3
                    00F4    599 _P1SEL	=	0x00f4
                    00F5    600 _P2SEL	=	0x00f5
                    00F6    601 _P1INP	=	0x00f6
                    00F7    602 _P2INP	=	0x00f7
                    00FD    603 _P0DIR	=	0x00fd
                    00FE    604 _P1DIR	=	0x00fe
                    00FF    605 _P2DIR	=	0x00ff
                    00AE    606 _PMUX	=	0x00ae
                    0093    607 _MPAGE	=	0x0093
                    0093    608 __XPAGE	=	0x0093
                    00C7    609 _MEMCTR	=	0x00c7
                    009F    610 _FMAP	=	0x009f
                    009F    611 _PSBANK	=	0x009f
                    0091    612 _RFIRQF1	=	0x0091
                    00D9    613 _RFD	=	0x00d9
                    00E1    614 _RFST	=	0x00e1
                    00E9    615 _RFIRQF0	=	0x00e9
                    00BF    616 _RFERRF	=	0x00bf
                    0095    617 _ST0	=	0x0095
                    0096    618 _ST1	=	0x0096
                    0097    619 _ST2	=	0x0097
                    00AD    620 _STLOAD	=	0x00ad
                    00BE    621 _SLEEPCMD	=	0x00be
                    009D    622 _SLEEPSTA	=	0x009d
                    00C6    623 _CLKCONCMD	=	0x00c6
                    009E    624 _CLKCONSTA	=	0x009e
                    00DA    625 _T1CC0L	=	0x00da
                    00DB    626 _T1CC0H	=	0x00db
                    00DC    627 _T1CC1L	=	0x00dc
                    00DD    628 _T1CC1H	=	0x00dd
                    00DE    629 _T1CC2L	=	0x00de
                    00DF    630 _T1CC2H	=	0x00df
                    00E2    631 _T1CNTL	=	0x00e2
                    00E3    632 _T1CNTH	=	0x00e3
                    00E4    633 _T1CTL	=	0x00e4
                    00E5    634 _T1CCTL0	=	0x00e5
                    00E6    635 _T1CCTL1	=	0x00e6
                    00E7    636 _T1CCTL2	=	0x00e7
                    00AF    637 _T1STAT	=	0x00af
                    0094    638 _T2CTRL	=	0x0094
                    009C    639 _T2EVTCFG	=	0x009c
                    00A1    640 _T2IRQF	=	0x00a1
                    00A2    641 _T2M0	=	0x00a2
                    00A3    642 _T2M1	=	0x00a3
                    00A4    643 _T2MOVF0	=	0x00a4
                    00A5    644 _T2MOVF1	=	0x00a5
                    00A6    645 _T2MOVF2	=	0x00a6
                    00A7    646 _T2IRQM	=	0x00a7
                    00C3    647 _T2MSEL	=	0x00c3
                    00CA    648 _T3CNT	=	0x00ca
                    00CB    649 _T3CTL	=	0x00cb
                    00CC    650 _T3CCTL0	=	0x00cc
                    00CD    651 _T3CC0	=	0x00cd
                    00CE    652 _T3CCTL1	=	0x00ce
                    00CF    653 _T3CC1	=	0x00cf
                    00EA    654 _T4CNT	=	0x00ea
                    00EB    655 _T4CTL	=	0x00eb
                    00EC    656 _T4CCTL0	=	0x00ec
                    00ED    657 _T4CC0	=	0x00ed
                    00EE    658 _T4CCTL1	=	0x00ee
                    00EF    659 _T4CC1	=	0x00ef
                    00D8    660 _TIMIF	=	0x00d8
                    0086    661 _U0CSR	=	0x0086
                    00C1    662 _U0DBUF	=	0x00c1
                    00C2    663 _U0BAUD	=	0x00c2
                    00C4    664 _U0UCR	=	0x00c4
                    00C5    665 _U0GCR	=	0x00c5
                    00F8    666 _U1CSR	=	0x00f8
                    00F9    667 _U1DBUF	=	0x00f9
                    00FA    668 _U1BAUD	=	0x00fa
                    00FB    669 _U1UCR	=	0x00fb
                    00FC    670 _U1GCR	=	0x00fc
                    00C9    671 _WDCTL	=	0x00c9
                            672 ;--------------------------------------------------------
                            673 ; special function bits
                            674 ;--------------------------------------------------------
                            675 	.area RSEG    (ABS,DATA)
   0000                     676 	.org 0x0000
                    0087    677 _P0_7	=	0x0087
                    0086    678 _P0_6	=	0x0086
                    0085    679 _P0_5	=	0x0085
                    0084    680 _P0_4	=	0x0084
                    0083    681 _P0_3	=	0x0083
                    0082    682 _P0_2	=	0x0082
                    0081    683 _P0_1	=	0x0081
                    0080    684 _P0_0	=	0x0080
                    008F    685 _URX1IF	=	0x008f
                    008D    686 _ADCIF	=	0x008d
                    008B    687 _URX0IF	=	0x008b
                    008A    688 _IT1	=	0x008a
                    0089    689 _RFERRIF	=	0x0089
                    0088    690 _IT0	=	0x0088
                    0097    691 _P1_7	=	0x0097
                    0096    692 _P1_6	=	0x0096
                    0095    693 _P1_5	=	0x0095
                    0094    694 _P1_4	=	0x0094
                    0093    695 _P1_3	=	0x0093
                    0092    696 _P1_2	=	0x0092
                    0091    697 _P1_1	=	0x0091
                    0090    698 _P1_0	=	0x0090
                    0099    699 _ENCIF_1	=	0x0099
                    0098    700 _ENCIF_0	=	0x0098
                    00A7    701 _P2_7	=	0x00a7
                    00A6    702 _P2_6	=	0x00a6
                    00A5    703 _P2_5	=	0x00a5
                    00A4    704 _P2_4	=	0x00a4
                    00A3    705 _P2_3	=	0x00a3
                    00A2    706 _P2_2	=	0x00a2
                    00A1    707 _P2_1	=	0x00a1
                    00A0    708 _P2_0	=	0x00a0
                    00AF    709 _EA	=	0x00af
                    00AD    710 _STIE	=	0x00ad
                    00AC    711 _ENCIE	=	0x00ac
                    00AB    712 _URX1IE	=	0x00ab
                    00AA    713 _URX0IE	=	0x00aa
                    00A9    714 _ADCIE	=	0x00a9
                    00A8    715 _RFERRIE	=	0x00a8
                    00BD    716 _P0IE	=	0x00bd
                    00BC    717 _T4IE	=	0x00bc
                    00BB    718 _T3IE	=	0x00bb
                    00BA    719 _T2IE	=	0x00ba
                    00B9    720 _T1IE	=	0x00b9
                    00B8    721 _DMAIE	=	0x00b8
                    00C7    722 _STIF	=	0x00c7
                    00C5    723 _P0IF	=	0x00c5
                    00C4    724 _T4IF	=	0x00c4
                    00C3    725 _T3IF	=	0x00c3
                    00C2    726 _T2IF	=	0x00c2
                    00C1    727 _T1IF	=	0x00c1
                    00C0    728 _DMAIF	=	0x00c0
                    00D7    729 _CY	=	0x00d7
                    00D6    730 _AC	=	0x00d6
                    00D5    731 _F0	=	0x00d5
                    00D4    732 _RS1	=	0x00d4
                    00D3    733 _RS0	=	0x00d3
                    00D2    734 _OV	=	0x00d2
                    00D1    735 _F1	=	0x00d1
                    00D0    736 _P	=	0x00d0
                    00E7    737 _ACC_7	=	0x00e7
                    00E6    738 _ACC_6	=	0x00e6
                    00E5    739 _ACC_5	=	0x00e5
                    00E4    740 _ACC_4	=	0x00e4
                    00E3    741 _ACC_3	=	0x00e3
                    00E2    742 _ACC_2	=	0x00e2
                    00E1    743 _ACC_1	=	0x00e1
                    00E0    744 _ACC_0	=	0x00e0
                    00EC    745 _WDTIF	=	0x00ec
                    00EB    746 _P1IF	=	0x00eb
                    00EA    747 _UTX1IF	=	0x00ea
                    00E9    748 _UTX0IF	=	0x00e9
                    00E8    749 _P2IF	=	0x00e8
                    00F7    750 _B_7	=	0x00f7
                    00F6    751 _B_6	=	0x00f6
                    00F5    752 _B_5	=	0x00f5
                    00F4    753 _B_4	=	0x00f4
                    00F3    754 _B_3	=	0x00f3
                    00F2    755 _B_2	=	0x00f2
                    00F1    756 _B_1	=	0x00f1
                    00F0    757 _B_0	=	0x00f0
                    00DE    758 _OVFIM	=	0x00de
                    00DD    759 _T4CH1IF	=	0x00dd
                    00DC    760 _T4CH0IF	=	0x00dc
                    00DB    761 _T4OVFIF	=	0x00db
                    00DA    762 _T3CH1IF	=	0x00da
                    00D9    763 _T3CH0IF	=	0x00d9
                    00D8    764 _T3OVFIF	=	0x00d8
                    00FF    765 _MODE	=	0x00ff
                    00FE    766 _RE	=	0x00fe
                    00FD    767 _SLAVE	=	0x00fd
                    00FC    768 _FE	=	0x00fc
                    00FB    769 _ERR	=	0x00fb
                    00FA    770 _RX_BYTE	=	0x00fa
                    00F9    771 _TX_BYTE	=	0x00f9
                    00F8    772 _ACTIVE	=	0x00f8
                            773 ;--------------------------------------------------------
                            774 ; overlayable register banks
                            775 ;--------------------------------------------------------
                            776 	.area REG_BANK_0	(REL,OVR,DATA)
   0000                     777 	.ds 8
                            778 ;--------------------------------------------------------
                            779 ; internal ram data
                            780 ;--------------------------------------------------------
                            781 	.area DSEG    (DATA)
   0000                     782 _sp::
   0000                     783 	.ds 1
                            784 ;--------------------------------------------------------
                            785 ; overlayable items in internal ram 
                            786 ;--------------------------------------------------------
                            787 	.area OSEG    (OVR,DATA)
                            788 ;--------------------------------------------------------
                            789 ; indirectly addressable internal ram data
                            790 ;--------------------------------------------------------
                            791 	.area ISEG    (DATA)
                            792 ;--------------------------------------------------------
                            793 ; absolute internal ram data
                            794 ;--------------------------------------------------------
                            795 	.area IABS    (ABS,DATA)
                            796 	.area IABS    (ABS,DATA)
                            797 ;--------------------------------------------------------
                            798 ; bit data
                            799 ;--------------------------------------------------------
                            800 	.area BSEG    (BIT)
                            801 ;--------------------------------------------------------
                            802 ; paged external ram data
                            803 ;--------------------------------------------------------
                            804 	.area PSEG    (PAG,XDATA)
                            805 ;--------------------------------------------------------
                            806 ; external ram data
                            807 ;--------------------------------------------------------
                            808 	.area XSEG    (XDATA)
                    61A6    809 _MONMUX	=	0x61a6
                    61A6    810 _OPAMPMC	=	0x61a6
                    6230    811 _I2CCFG	=	0x6230
                    6231    812 _I2CSTAT	=	0x6231
                    6232    813 _I2CDATA	=	0x6232
                    6233    814 _I2CADDR	=	0x6233
                    6234    815 _I2CWC	=	0x6234
                    6235    816 _I2CIO	=	0x6235
                    6243    817 _OBSSEL0	=	0x6243
                    6244    818 _OBSSEL1	=	0x6244
                    6245    819 _OBSSEL2	=	0x6245
                    6246    820 _OBSSEL3	=	0x6246
                    6247    821 _OBSSEL4	=	0x6247
                    6248    822 _OBSSEL5	=	0x6248
                    6249    823 _CHVER	=	0x6249
                    624A    824 _CHIPID	=	0x624a
                    624B    825 _TESTREG0	=	0x624b
                    6260    826 _DBGDATA	=	0x6260
                    6262    827 _SRCRC	=	0x6262
                    6264    828 _BATTMON	=	0x6264
                    6265    829 _IVCTRL	=	0x6265
                    6270    830 _FCTL	=	0x6270
                    6271    831 _FADDRL	=	0x6271
                    6272    832 _FADDRH	=	0x6272
                    6273    833 _FWDATA	=	0x6273
                    6276    834 _CHIPINFO0	=	0x6276
                    6277    835 _CHIPINFO1	=	0x6277
                    6281    836 _IRCTL	=	0x6281
                    6290    837 _CLD	=	0x6290
                    62A0    838 _XX_T1CCTL0	=	0x62a0
                    62A1    839 _XX_T1CCTL1	=	0x62a1
                    62A2    840 _XX_T1CCTL2	=	0x62a2
                    62A3    841 _T1CCTL3	=	0x62a3
                    62A4    842 _T1CCTL4	=	0x62a4
                    62A6    843 _XX_T1CC0L	=	0x62a6
                    62A7    844 _XX_T1CC0H	=	0x62a7
                    62A8    845 _XX_T1CC1L	=	0x62a8
                    62A9    846 _XX_T1CC1H	=	0x62a9
                    62AA    847 _XX_T1CC2L	=	0x62aa
                    62AB    848 _XX_T1CC2H	=	0x62ab
                    62AC    849 _T1CC3L	=	0x62ac
                    62AD    850 _T1CC3H	=	0x62ad
                    62AE    851 _T1CC4L	=	0x62ae
                    62AF    852 _T1CC4H	=	0x62af
                    62B0    853 _STCC	=	0x62b0
                    62B1    854 _STCS	=	0x62b1
                    62B2    855 _STCV0	=	0x62b2
                    62B3    856 _STCV1	=	0x62b3
                    62B4    857 _STCV2	=	0x62b4
                    62C0    858 _OPAMPC	=	0x62c0
                    62C1    859 _OPAMPS	=	0x62c1
                    62D0    860 _CMPCTL	=	0x62d0
                    6000    861 _RFCORE_RAM	=	0x6000
                    6000    862 _RXFIFO	=	0x6000
                    6080    863 _TXFIFO	=	0x6080
                    6100    864 _SRC_ADDR_TABLE	=	0x6100
                    6160    865 _SRCRESMASK0	=	0x6160
                    6161    866 _SRCRESMASK1	=	0x6161
                    6162    867 _SRCRESMASK2	=	0x6162
                    6163    868 _SRCRESINDEX	=	0x6163
                    6164    869 _SRCEXTPENDEN0	=	0x6164
                    6165    870 _SRCEXTPENDEN1	=	0x6165
                    6166    871 _SRCEXTPENDEN2	=	0x6166
                    6167    872 _SRCSHORTPENDEN0	=	0x6167
                    6168    873 _SRCSHORTPENDEN1	=	0x6168
                    6169    874 _SRCSHORTPENDEN2	=	0x6169
                    616A    875 _EXT_ADDR0	=	0x616a
                    616B    876 _EXT_ADDR1	=	0x616b
                    616C    877 _EXT_ADDR2	=	0x616c
                    616D    878 _EXT_ADDR3	=	0x616d
                    616E    879 _EXT_ADDR4	=	0x616e
                    616F    880 _EXT_ADDR5	=	0x616f
                    6170    881 _EXT_ADDR6	=	0x6170
                    6171    882 _EXT_ADDR7	=	0x6171
                    6172    883 _PAN_ID0	=	0x6172
                    6173    884 _PAN_ID1	=	0x6173
                    6174    885 _SHORT_ADDR0	=	0x6174
                    6175    886 _SHORT_ADDR1	=	0x6175
                    6180    887 _FRMFILT0	=	0x6180
                    6181    888 _FRMFILT1	=	0x6181
                    6182    889 _SRCMATCH	=	0x6182
                    6183    890 _SRCSHORTEN0	=	0x6183
                    6184    891 _SRCSHORTEN1	=	0x6184
                    6185    892 _SRCSHORTEN2	=	0x6185
                    6186    893 _SRCEXTEN0	=	0x6186
                    6187    894 _SRCEXTEN1	=	0x6187
                    6188    895 _SRCEXTEN2	=	0x6188
                    6189    896 _FRMCTRL0	=	0x6189
                    618A    897 _FRMCTRL1	=	0x618a
                    618B    898 _RXENABLE	=	0x618b
                    618C    899 _RXMASKSET	=	0x618c
                    618D    900 _RXMASKCLR	=	0x618d
                    618E    901 _FREQTUNE	=	0x618e
                    618F    902 _FREQCTRL	=	0x618f
                    6190    903 _TXPOWER	=	0x6190
                    6191    904 _TXCTRL	=	0x6191
                    6192    905 _FSMSTAT0	=	0x6192
                    6193    906 _FSMSTAT1	=	0x6193
                    6194    907 _FIFOPCTRL	=	0x6194
                    6195    908 _FSMCTRL	=	0x6195
                    6196    909 _CCACTRL0	=	0x6196
                    6197    910 _CCACTRL1	=	0x6197
                    6198    911 _RSSI	=	0x6198
                    6199    912 _RSSISTAT	=	0x6199
                    619A    913 _RXFIRST	=	0x619a
                    619B    914 _RXFIFOCNT	=	0x619b
                    619C    915 _TXFIFOCNT	=	0x619c
                    619D    916 _RXFIRST_PTR	=	0x619d
                    619E    917 _RXLAST_PTR	=	0x619e
                    619F    918 _RXP1_PTR	=	0x619f
                    61A1    919 _TXFIRST_PTR	=	0x61a1
                    61A2    920 _TXLAST_PTR	=	0x61a2
                    61A3    921 _RFIRQM0	=	0x61a3
                    61A4    922 _RFIRQM1	=	0x61a4
                    61A5    923 _RFERRM	=	0x61a5
                    61A7    924 _RFRND	=	0x61a7
                    61A8    925 _MDMCTRL0	=	0x61a8
                    61A9    926 _MDMCTRL1	=	0x61a9
                    61AA    927 _FREQEST	=	0x61aa
                    61AB    928 _RXCTRL	=	0x61ab
                    61AC    929 _FSCTRL	=	0x61ac
                    61AD    930 _FSCAL0	=	0x61ad
                    61AE    931 _FSCAL1	=	0x61ae
                    61AF    932 _FSCAL2	=	0x61af
                    61B0    933 _FSCAL3	=	0x61b0
                    61B1    934 _AGCCTRL0	=	0x61b1
                    61B2    935 _AGCCTRL1	=	0x61b2
                    61B3    936 _AGCCTRL2	=	0x61b3
                    61B4    937 _AGCCTRL3	=	0x61b4
                    61B5    938 _ADCTEST0	=	0x61b5
                    61B6    939 _ADCTEST1	=	0x61b6
                    61B7    940 _ADCTEST2	=	0x61b7
                    61B8    941 _MDMTEST0	=	0x61b8
                    61B9    942 _MDMTEST1	=	0x61b9
                    61BA    943 _DACTEST0	=	0x61ba
                    61BB    944 _DACTEST1	=	0x61bb
                    61BC    945 _DACTEST2	=	0x61bc
                    61BD    946 _ATEST	=	0x61bd
                    61BE    947 _PTEST0	=	0x61be
                    61BF    948 _PTEST1	=	0x61bf
                    61FA    949 _TXFILTCFG	=	0x61fa
                    61EB    950 _RFC_OBS_CTRL0	=	0x61eb
                    61EC    951 _RFC_OBS_CTRL1	=	0x61ec
                    61ED    952 _RFC_OBS_CTRL2	=	0x61ed
                    61C0    953 _CSPPROG0	=	0x61c0
                    61C1    954 _CSPPROG1	=	0x61c1
                    61C2    955 _CSPPROG2	=	0x61c2
                    61C3    956 _CSPPROG3	=	0x61c3
                    61C4    957 _CSPPROG4	=	0x61c4
                    61C5    958 _CSPPROG5	=	0x61c5
                    61C6    959 _CSPPROG6	=	0x61c6
                    61C7    960 _CSPPROG7	=	0x61c7
                    61C8    961 _CSPPROG8	=	0x61c8
                    61C9    962 _CSPPROG9	=	0x61c9
                    61CA    963 _CSPPROG10	=	0x61ca
                    61CB    964 _CSPPROG11	=	0x61cb
                    61CC    965 _CSPPROG12	=	0x61cc
                    61CD    966 _CSPPROG13	=	0x61cd
                    61CE    967 _CSPPROG14	=	0x61ce
                    61CF    968 _CSPPROG15	=	0x61cf
                    61D0    969 _CSPPROG16	=	0x61d0
                    61D1    970 _CSPPROG17	=	0x61d1
                    61D2    971 _CSPPROG18	=	0x61d2
                    61D3    972 _CSPPROG19	=	0x61d3
                    61D4    973 _CSPPROG20	=	0x61d4
                    61D5    974 _CSPPROG21	=	0x61d5
                    61D6    975 _CSPPROG22	=	0x61d6
                    61D7    976 _CSPPROG23	=	0x61d7
                    61E0    977 _CSPCTRL	=	0x61e0
                    61E1    978 _CSPSTAT	=	0x61e1
                    61E2    979 _CSPX	=	0x61e2
                    61E3    980 _CSPY	=	0x61e3
                    61E4    981 _CSPZ	=	0x61e4
                    61E5    982 _CSPT	=	0x61e5
                    6200    983 _USBADDR	=	0x6200
                    6201    984 _USBPOW	=	0x6201
                    6202    985 _USBIIF	=	0x6202
                    6204    986 _USBOIF	=	0x6204
                    6206    987 _USBCIF	=	0x6206
                    6207    988 _USBIIE	=	0x6207
                    6209    989 _USBOIE	=	0x6209
                    620B    990 _USBCIE	=	0x620b
                    620C    991 _USBFRML	=	0x620c
                    620D    992 _USBFRMH	=	0x620d
                    620E    993 _USBINDEX	=	0x620e
                    620F    994 _USBCTRL	=	0x620f
                    6210    995 _USBMAXI	=	0x6210
                    6211    996 _USBCS0	=	0x6211
                    6211    997 _USBCSIL	=	0x6211
                    6212    998 _USBCSIH	=	0x6212
                    6213    999 _USBMAXO	=	0x6213
                    6214   1000 _USBCSOL	=	0x6214
                    6215   1001 _USBCSOH	=	0x6215
                    6216   1002 _USBCNT0	=	0x6216
                    6216   1003 _USBCNTL	=	0x6216
                    6217   1004 _USBCNTH	=	0x6217
                    6220   1005 _USBF0	=	0x6220
                    6222   1006 _USBF1	=	0x6222
                    6224   1007 _USBF2	=	0x6224
                    6226   1008 _USBF3	=	0x6226
                    6228   1009 _USBF4	=	0x6228
                    622A   1010 _USBF5	=	0x622a
                    7080   1011 _X_P0	=	0x7080
                    7086   1012 _X_U0CSR	=	0x7086
                    7089   1013 _X_P0IFG	=	0x7089
                    708A   1014 _X_P1IFG	=	0x708a
                    708B   1015 _X_P2IFG	=	0x708b
                    708C   1016 _X_PICTL	=	0x708c
                    708D   1017 _X_P1IEN	=	0x708d
                    708F   1018 _X_P0INP	=	0x708f
                    7090   1019 _X_P1	=	0x7090
                    7091   1020 _X_RFIRQF1	=	0x7091
                    7093   1021 _X_MPAGE	=	0x7093
                    7093   1022 _X__XPAGE	=	0x7093
                    7094   1023 _X_T2CTRL	=	0x7094
                    7095   1024 _X_ST0	=	0x7095
                    7096   1025 _X_ST1	=	0x7096
                    7097   1026 _X_ST2	=	0x7097
                    709C   1027 _X_T2EVTCFG	=	0x709c
                    709D   1028 _X_SLEEPSTA	=	0x709d
                    709E   1029 _X_CLKCONSTA	=	0x709e
                    709F   1030 _X_FMAP	=	0x709f
                    709F   1031 _X_PSBANK	=	0x709f
                    70A0   1032 _X_P2	=	0x70a0
                    70A1   1033 _X_T2IRQF	=	0x70a1
                    70A2   1034 _X_T2M0	=	0x70a2
                    70A3   1035 _X_T2M1	=	0x70a3
                    70A4   1036 _X_T2MOVF0	=	0x70a4
                    70A5   1037 _X_T2MOVF1	=	0x70a5
                    70A6   1038 _X_T2MOVF2	=	0x70a6
                    70A7   1039 _X_T2IRQM	=	0x70a7
                    70AB   1040 _X_P0IEN	=	0x70ab
                    70AC   1041 _X_P2IEN	=	0x70ac
                    70AD   1042 _X_STLOAD	=	0x70ad
                    70AE   1043 _X_PMUX	=	0x70ae
                    70AF   1044 _X_T1STAT	=	0x70af
                    70B1   1045 _X_ENCDI	=	0x70b1
                    70B2   1046 _X_ENCDO	=	0x70b2
                    70B3   1047 _X_ENCCS	=	0x70b3
                    70B4   1048 _X_ADCCON1	=	0x70b4
                    70B5   1049 _X_ADCCON2	=	0x70b5
                    70B6   1050 _X_ADCCON3	=	0x70b6
                    70BA   1051 _X_ADCL	=	0x70ba
                    70BB   1052 _X_ADCH	=	0x70bb
                    70BC   1053 _X_RNDL	=	0x70bc
                    70BD   1054 _X_RNDH	=	0x70bd
                    70BE   1055 _X_SLEEPCMD	=	0x70be
                    70BF   1056 _X_RFERRF	=	0x70bf
                    70C1   1057 _X_U0DBUF	=	0x70c1
                    70C2   1058 _X_U0BAUD	=	0x70c2
                    70C3   1059 _X_T2MSEL	=	0x70c3
                    70C4   1060 _X_U0UCR	=	0x70c4
                    70C5   1061 _X_U0GCR	=	0x70c5
                    70C6   1062 _X_CLKCONCMD	=	0x70c6
                    70C7   1063 _X_MEMCTR	=	0x70c7
                    70C9   1064 _X_WDCTL	=	0x70c9
                    70CA   1065 _X_T3CNT	=	0x70ca
                    70CB   1066 _X_T3CTL	=	0x70cb
                    70CC   1067 _X_T3CCTL0	=	0x70cc
                    70CD   1068 _X_T3CC0	=	0x70cd
                    70CE   1069 _X_T3CCTL1	=	0x70ce
                    70CF   1070 _X_T3CC1	=	0x70cf
                    70D1   1071 _X_DMAIRQ	=	0x70d1
                    70D2   1072 _X_DMA1CFGL	=	0x70d2
                    70D3   1073 _X_DMA1CFGH	=	0x70d3
                    70D4   1074 _X_DMA0CFGL	=	0x70d4
                    70D5   1075 _X_DMA0CFGH	=	0x70d5
                    70D6   1076 _X_DMAARM	=	0x70d6
                    70D7   1077 _X_DMAREQ	=	0x70d7
                    70D8   1078 _X_TIMIF	=	0x70d8
                    70D9   1079 _X_RFD	=	0x70d9
                    70DA   1080 _X_T1CC0L	=	0x70da
                    70DB   1081 _X_T1CC0H	=	0x70db
                    70DC   1082 _X_T1CC1L	=	0x70dc
                    70DD   1083 _X_T1CC1H	=	0x70dd
                    70DE   1084 _X_T1CC2L	=	0x70de
                    70DF   1085 _X_T1CC2H	=	0x70df
                    70E1   1086 _X_RFST	=	0x70e1
                    70E2   1087 _X_T1CNTL	=	0x70e2
                    70E3   1088 _X_T1CNTH	=	0x70e3
                    70E4   1089 _X_T1CTL	=	0x70e4
                    70E5   1090 _X_T1CCTL0	=	0x70e5
                    70E6   1091 _X_T1CCTL1	=	0x70e6
                    70E7   1092 _X_T1CCTL2	=	0x70e7
                    70E9   1093 _X_RFIRQF0	=	0x70e9
                    70EA   1094 _X_T4CNT	=	0x70ea
                    70EB   1095 _X_T4CTL	=	0x70eb
                    70EC   1096 _X_T4CCTL0	=	0x70ec
                    70ED   1097 _X_T4CC0	=	0x70ed
                    70EE   1098 _X_T4CCTL1	=	0x70ee
                    70EF   1099 _X_T4CC1	=	0x70ef
                    70F1   1100 _X_PERCFG	=	0x70f1
                    70F2   1101 _X_APCFG	=	0x70f2
                    70F3   1102 _X_P0SEL	=	0x70f3
                    70F4   1103 _X_P1SEL	=	0x70f4
                    70F5   1104 _X_P2SEL	=	0x70f5
                    70F6   1105 _X_P1INP	=	0x70f6
                    70F7   1106 _X_P2INP	=	0x70f7
                    70F8   1107 _X_U1CSR	=	0x70f8
                    70F9   1108 _X_U1DBUF	=	0x70f9
                    70FA   1109 _X_U1BAUD	=	0x70fa
                    70FB   1110 _X_U1UCR	=	0x70fb
                    70FC   1111 _X_U1GCR	=	0x70fc
                    70FD   1112 _X_P0DIR	=	0x70fd
                    70FE   1113 _X_P1DIR	=	0x70fe
                    70FF   1114 _X_P2DIR	=	0x70ff
                    7800   1115 _X_INFOPAGE	=	0x7800
                    780C   1116 _X_IEEE_ADDR	=	0x780c
                           1117 ;--------------------------------------------------------
                           1118 ; absolute external ram data
                           1119 ;--------------------------------------------------------
                           1120 	.area XABS    (ABS,XDATA)
                           1121 ;--------------------------------------------------------
                           1122 ; external initialized ram data
                           1123 ;--------------------------------------------------------
                           1124 	.area XISEG   (XDATA)
                           1125 	.area HOME    (CODE)
                           1126 	.area GSINIT0 (CODE)
                           1127 	.area GSINIT1 (CODE)
                           1128 	.area GSINIT2 (CODE)
                           1129 	.area GSINIT3 (CODE)
                           1130 	.area GSINIT4 (CODE)
                           1131 	.area GSINIT5 (CODE)
                           1132 	.area GSINIT  (CODE)
                           1133 	.area GSFINAL (CODE)
                           1134 	.area CSEG    (CODE)
                           1135 ;--------------------------------------------------------
                           1136 ; global & static initialisations
                           1137 ;--------------------------------------------------------
                           1138 	.area HOME    (CODE)
                           1139 	.area GSINIT  (CODE)
                           1140 	.area GSFINAL (CODE)
                           1141 	.area GSINIT  (CODE)
                           1142 ;--------------------------------------------------------
                           1143 ; Home
                           1144 ;--------------------------------------------------------
                           1145 	.area HOME    (CODE)
                           1146 	.area HOME    (CODE)
                           1147 ;--------------------------------------------------------
                           1148 ; code
                           1149 ;--------------------------------------------------------
                           1150 	.area BANK1   (CODE)
                           1151 ;------------------------------------------------------------
                           1152 ;Allocation info for local variables in function 'stack_poison'
                           1153 ;------------------------------------------------------------
                           1154 ;	../../../contiki-sensinode//cpu/cc253x/./stack.c:49: stack_poison(void)
                           1155 ;	-----------------------------------------
                           1156 ;	 function stack_poison
                           1157 ;	-----------------------------------------
   0000                    1158 _stack_poison:
                    0007   1159 	ar7 = 0x07
                    0006   1160 	ar6 = 0x06
                    0005   1161 	ar5 = 0x05
                    0004   1162 	ar4 = 0x04
                    0003   1163 	ar3 = 0x03
                    0002   1164 	ar2 = 0x02
                    0001   1165 	ar1 = 0x01
                    0000   1166 	ar0 = 0x00
                           1167 ;	../../../contiki-sensinode//cpu/cc253x/./stack.c:57: __endasm;
                           1168 	
   0000 A9 81              1169 	  mov r1, _SP
   0002                    1170 	poison_loop:
   0002 09                 1171 	  inc r1
   0003 77 AA              1172 	  mov @r1, #0xAA
   0005 B9 FF FA           1173 	  cjne r1, #0xFF, poison_loop
                           1174 	  
   0008 02s00r00           1175 	ljmp	__sdcc_banked_ret
                           1176 ;------------------------------------------------------------
                           1177 ;Allocation info for local variables in function 'stack_get_max'
                           1178 ;------------------------------------------------------------
                           1179 ;sp                        Allocated to registers r1 
                           1180 ;free                      Allocated to registers r7 
                           1181 ;------------------------------------------------------------
                           1182 ;	../../../contiki-sensinode//cpu/cc253x/./stack.c:61: stack_get_max(void)
                           1183 ;	-----------------------------------------
                           1184 ;	 function stack_get_max
                           1185 ;	-----------------------------------------
   000B                    1186 _stack_get_max:
                           1187 ;	../../../contiki-sensinode//cpu/cc253x/./stack.c:66: while(*sp-- == STACK_POISON) {
   000B 7F 00              1188 	mov	r7,#0x00
   000D 79 FF              1189 	mov	r1,#0xFF
   000F                    1190 00101$:
   000F 87 06              1191 	mov	ar6,@r1
   0011 19                 1192 	dec	r1
   0012 BE AA 03           1193 	cjne	r6,#0xAA,00103$
                           1194 ;	../../../contiki-sensinode//cpu/cc253x/./stack.c:67: free++;
   0015 0F                 1195 	inc	r7
   0016 80 F7              1196 	sjmp	00101$
   0018                    1197 00103$:
                           1198 ;	../../../contiki-sensinode//cpu/cc253x/./stack.c:70: return 0xff - free;
   0018 74 FF              1199 	mov	a,#0xFF
   001A C3                 1200 	clr	c
   001B 9F                 1201 	subb	a,r7
   001C FF                 1202 	mov	r7,a
   001D F5 82              1203 	mov	dpl,a
   001F 02s00r00           1204 	ljmp	__sdcc_banked_ret
                           1205 	.area CSEG    (CODE)
                           1206 	.area CONST   (CODE)
                           1207 	.area XINIT   (CODE)
                           1208 	.area CABS    (ABS,CODE)
