                              1 ;--------------------------------------------------------
                              2 ; File Created by SDCC : free open source ANSI-C Compiler
                              3 ; Version 3.1.1 #7100 (Oct 29 2014) (Linux)
                              4 ; This file was generated Wed Dec  2 18:10:56 2015
                              5 ;--------------------------------------------------------
                              6 	.module stimer
                              7 	.optsdcc -mmcs51 --model-huge
                              8 	
                              9 ;--------------------------------------------------------
                             10 ; Public variables in this module
                             11 ;--------------------------------------------------------
                             12 	.globl _clock_seconds
                             13 	.globl _stimer_set
                             14 	.globl _stimer_reset
                             15 	.globl _stimer_restart
                             16 	.globl _stimer_expired
                             17 	.globl _stimer_remaining
                             18 	.globl _stimer_elapsed
                             19 ;--------------------------------------------------------
                             20 ; special function registers
                             21 ;--------------------------------------------------------
                             22 	.area RSEG    (ABS,DATA)
   0000                      23 	.org 0x0000
                             24 ;--------------------------------------------------------
                             25 ; special function bits
                             26 ;--------------------------------------------------------
                             27 	.area RSEG    (ABS,DATA)
   0000                      28 	.org 0x0000
                             29 ;--------------------------------------------------------
                             30 ; overlayable register banks
                             31 ;--------------------------------------------------------
                             32 	.area REG_BANK_0	(REL,OVR,DATA)
   0000                      33 	.ds 8
                             34 ;--------------------------------------------------------
                             35 ; internal ram data
                             36 ;--------------------------------------------------------
                             37 	.area DSEG    (DATA)
                             38 ;--------------------------------------------------------
                             39 ; overlayable items in internal ram 
                             40 ;--------------------------------------------------------
                             41 	.area OSEG    (OVR,DATA)
                             42 ;--------------------------------------------------------
                             43 ; indirectly addressable internal ram data
                             44 ;--------------------------------------------------------
                             45 	.area ISEG    (DATA)
                             46 ;--------------------------------------------------------
                             47 ; absolute internal ram data
                             48 ;--------------------------------------------------------
                             49 	.area IABS    (ABS,DATA)
                             50 	.area IABS    (ABS,DATA)
                             51 ;--------------------------------------------------------
                             52 ; bit data
                             53 ;--------------------------------------------------------
                             54 	.area BSEG    (BIT)
                             55 ;--------------------------------------------------------
                             56 ; paged external ram data
                             57 ;--------------------------------------------------------
                             58 	.area PSEG    (PAG,XDATA)
                             59 ;--------------------------------------------------------
                             60 ; external ram data
                             61 ;--------------------------------------------------------
                             62 	.area XSEG    (XDATA)
                             63 ;--------------------------------------------------------
                             64 ; absolute external ram data
                             65 ;--------------------------------------------------------
                             66 	.area XABS    (ABS,XDATA)
                             67 ;--------------------------------------------------------
                             68 ; external initialized ram data
                             69 ;--------------------------------------------------------
                             70 	.area XISEG   (XDATA)
                             71 	.area HOME    (CODE)
                             72 	.area GSINIT0 (CODE)
                             73 	.area GSINIT1 (CODE)
                             74 	.area GSINIT2 (CODE)
                             75 	.area GSINIT3 (CODE)
                             76 	.area GSINIT4 (CODE)
                             77 	.area GSINIT5 (CODE)
                             78 	.area GSINIT  (CODE)
                             79 	.area GSFINAL (CODE)
                             80 	.area CSEG    (CODE)
                             81 ;--------------------------------------------------------
                             82 ; global & static initialisations
                             83 ;--------------------------------------------------------
                             84 	.area HOME    (CODE)
                             85 	.area GSINIT  (CODE)
                             86 	.area GSFINAL (CODE)
                             87 	.area GSINIT  (CODE)
                             88 ;--------------------------------------------------------
                             89 ; Home
                             90 ;--------------------------------------------------------
                             91 	.area HOME    (CODE)
                             92 	.area HOME    (CODE)
                             93 ;--------------------------------------------------------
                             94 ; code
                             95 ;--------------------------------------------------------
                             96 	.area BANK1   (CODE)
                             97 ;------------------------------------------------------------
                             98 ;Allocation info for local variables in function 'stimer_set'
                             99 ;------------------------------------------------------------
                            100 ;interval                  Allocated to stack - sp -9
                            101 ;t                         Allocated to stack - sp -2
                            102 ;------------------------------------------------------------
                            103 ;	../../../contiki-sensinode//core/sys/stimer.c:67: stimer_set(struct stimer *t, unsigned long interval)
                            104 ;	-----------------------------------------
                            105 ;	 function stimer_set
                            106 ;	-----------------------------------------
   0000                     107 _stimer_set:
                    0007    108 	ar7 = 0x07
                    0006    109 	ar6 = 0x06
                    0005    110 	ar5 = 0x05
                    0004    111 	ar4 = 0x04
                    0003    112 	ar3 = 0x03
                    0002    113 	ar2 = 0x02
                    0001    114 	ar1 = 0x01
                    0000    115 	ar0 = 0x00
   0000 C0 82               116 	push	dpl
   0002 C0 83               117 	push	dph
   0004 C0 F0               118 	push	b
                            119 ;	../../../contiki-sensinode//core/sys/stimer.c:69: t->interval = interval;
   0006 A8 81               120 	mov	r0,sp
   0008 18                  121 	dec	r0
   0009 18                  122 	dec	r0
   000A 74 04               123 	mov	a,#0x04
   000C 26                  124 	add	a,@r0
   000D FA                  125 	mov	r2,a
   000E E4                  126 	clr	a
   000F 08                  127 	inc	r0
   0010 36                  128 	addc	a,@r0
   0011 FB                  129 	mov	r3,a
   0012 08                  130 	inc	r0
   0013 86 04               131 	mov	ar4,@r0
   0015 8A 82               132 	mov	dpl,r2
   0017 8B 83               133 	mov	dph,r3
   0019 8C F0               134 	mov	b,r4
   001B E5 81               135 	mov	a,sp
   001D 24 F7               136 	add	a,#0xf7
   001F F8                  137 	mov	r0,a
   0020 E6                  138 	mov	a,@r0
   0021 12s00r00            139 	lcall	__gptrput
   0024 A3                  140 	inc	dptr
   0025 08                  141 	inc	r0
   0026 E6                  142 	mov	a,@r0
   0027 12s00r00            143 	lcall	__gptrput
   002A A3                  144 	inc	dptr
   002B 08                  145 	inc	r0
   002C E6                  146 	mov	a,@r0
   002D 12s00r00            147 	lcall	__gptrput
   0030 A3                  148 	inc	dptr
   0031 08                  149 	inc	r0
   0032 E6                  150 	mov	a,@r0
   0033 12s00r00            151 	lcall	__gptrput
                            152 ;	../../../contiki-sensinode//core/sys/stimer.c:70: t->start = clock_seconds();
   0036 78r00               153 	mov	r0,#_clock_seconds
   0038 79s00               154 	mov	r1,#(_clock_seconds >> 8)
   003A 7As00               155 	mov	r2,#(_clock_seconds >> 16)
   003C 12s00r00            156 	lcall	__sdcc_banked_call
   003F AA 82               157 	mov	r2,dpl
   0041 AB 83               158 	mov	r3,dph
   0043 AC F0               159 	mov	r4,b
   0045 FF                  160 	mov	r7,a
   0046 A8 81               161 	mov	r0,sp
   0048 18                  162 	dec	r0
   0049 18                  163 	dec	r0
   004A 86 82               164 	mov	dpl,@r0
   004C 08                  165 	inc	r0
   004D 86 83               166 	mov	dph,@r0
   004F 08                  167 	inc	r0
   0050 86 F0               168 	mov	b,@r0
   0052 EA                  169 	mov	a,r2
   0053 12s00r00            170 	lcall	__gptrput
   0056 A3                  171 	inc	dptr
   0057 EB                  172 	mov	a,r3
   0058 12s00r00            173 	lcall	__gptrput
   005B A3                  174 	inc	dptr
   005C EC                  175 	mov	a,r4
   005D 12s00r00            176 	lcall	__gptrput
   0060 A3                  177 	inc	dptr
   0061 EF                  178 	mov	a,r7
   0062 12s00r00            179 	lcall	__gptrput
   0065 15 81               180 	dec	sp
   0067 15 81               181 	dec	sp
   0069 15 81               182 	dec	sp
   006B 02s00r00            183 	ljmp	__sdcc_banked_ret
                            184 ;------------------------------------------------------------
                            185 ;Allocation info for local variables in function 'stimer_reset'
                            186 ;------------------------------------------------------------
                            187 ;t                         Allocated to stack - sp -6
                            188 ;sloc0                     Allocated to stack - sp -3
                            189 ;sloc1                     Allocated to stack - sp +1
                            190 ;------------------------------------------------------------
                            191 ;	../../../contiki-sensinode//core/sys/stimer.c:87: stimer_reset(struct stimer *t)
                            192 ;	-----------------------------------------
                            193 ;	 function stimer_reset
                            194 ;	-----------------------------------------
   006E                     195 _stimer_reset:
   006E C0 82               196 	push	dpl
   0070 C0 83               197 	push	dph
   0072 C0 F0               198 	push	b
   0074 E5 81               199 	mov	a,sp
   0076 24 04               200 	add	a,#0x04
                            201 ;	../../../contiki-sensinode//core/sys/stimer.c:89: t->start += t->interval;
   0078 F5 81               202 	mov	sp,a
   007A 24 FA               203 	add	a,#0xfa
   007C F8                  204 	mov	r0,a
   007D 86 82               205 	mov	dpl,@r0
   007F 08                  206 	inc	r0
   0080 86 83               207 	mov	dph,@r0
   0082 08                  208 	inc	r0
   0083 86 F0               209 	mov	b,@r0
   0085 E5 81               210 	mov	a,sp
   0087 24 FD               211 	add	a,#0xfd
   0089 F9                  212 	mov	r1,a
   008A 12s00r00            213 	lcall	__gptrget
   008D F7                  214 	mov	@r1,a
   008E A3                  215 	inc	dptr
   008F 12s00r00            216 	lcall	__gptrget
   0092 09                  217 	inc	r1
   0093 F7                  218 	mov	@r1,a
   0094 A3                  219 	inc	dptr
   0095 12s00r00            220 	lcall	__gptrget
   0098 09                  221 	inc	r1
   0099 F7                  222 	mov	@r1,a
   009A A3                  223 	inc	dptr
   009B 12s00r00            224 	lcall	__gptrget
   009E 09                  225 	inc	r1
   009F F7                  226 	mov	@r1,a
   00A0 E5 81               227 	mov	a,sp
   00A2 24 FA               228 	add	a,#0xfa
   00A4 F8                  229 	mov	r0,a
   00A5 74 04               230 	mov	a,#0x04
   00A7 26                  231 	add	a,@r0
   00A8 FF                  232 	mov	r7,a
   00A9 E4                  233 	clr	a
   00AA 08                  234 	inc	r0
   00AB 36                  235 	addc	a,@r0
   00AC FE                  236 	mov	r6,a
   00AD 08                  237 	inc	r0
   00AE 86 05               238 	mov	ar5,@r0
   00B0 8F 82               239 	mov	dpl,r7
   00B2 8E 83               240 	mov	dph,r6
   00B4 8D F0               241 	mov	b,r5
   00B6 12s00r00            242 	lcall	__gptrget
   00B9 FA                  243 	mov	r2,a
   00BA A3                  244 	inc	dptr
   00BB 12s00r00            245 	lcall	__gptrget
   00BE FB                  246 	mov	r3,a
   00BF A3                  247 	inc	dptr
   00C0 12s00r00            248 	lcall	__gptrget
   00C3 FC                  249 	mov	r4,a
   00C4 A3                  250 	inc	dptr
   00C5 12s00r00            251 	lcall	__gptrget
   00C8 FD                  252 	mov	r5,a
   00C9 E5 81               253 	mov	a,sp
   00CB 24 FD               254 	add	a,#0xfd
   00CD F8                  255 	mov	r0,a
   00CE EA                  256 	mov	a,r2
   00CF 26                  257 	add	a,@r0
   00D0 FA                  258 	mov	r2,a
   00D1 EB                  259 	mov	a,r3
   00D2 08                  260 	inc	r0
   00D3 36                  261 	addc	a,@r0
   00D4 FB                  262 	mov	r3,a
   00D5 EC                  263 	mov	a,r4
   00D6 08                  264 	inc	r0
   00D7 36                  265 	addc	a,@r0
   00D8 FC                  266 	mov	r4,a
   00D9 ED                  267 	mov	a,r5
   00DA 08                  268 	inc	r0
   00DB 36                  269 	addc	a,@r0
   00DC FD                  270 	mov	r5,a
   00DD E5 81               271 	mov	a,sp
   00DF 24 FA               272 	add	a,#0xfa
   00E1 F8                  273 	mov	r0,a
   00E2 86 82               274 	mov	dpl,@r0
   00E4 08                  275 	inc	r0
   00E5 86 83               276 	mov	dph,@r0
   00E7 08                  277 	inc	r0
   00E8 86 F0               278 	mov	b,@r0
   00EA EA                  279 	mov	a,r2
   00EB 12s00r00            280 	lcall	__gptrput
   00EE A3                  281 	inc	dptr
   00EF EB                  282 	mov	a,r3
   00F0 12s00r00            283 	lcall	__gptrput
   00F3 A3                  284 	inc	dptr
   00F4 EC                  285 	mov	a,r4
   00F5 12s00r00            286 	lcall	__gptrput
   00F8 A3                  287 	inc	dptr
   00F9 ED                  288 	mov	a,r5
   00FA 12s00r00            289 	lcall	__gptrput
   00FD E5 81               290 	mov	a,sp
   00FF 24 F9               291 	add	a,#0xF9
   0101 F5 81               292 	mov	sp,a
   0103 02s00r00            293 	ljmp	__sdcc_banked_ret
                            294 ;------------------------------------------------------------
                            295 ;Allocation info for local variables in function 'stimer_restart'
                            296 ;------------------------------------------------------------
                            297 ;t                         Allocated to registers r5 r6 r7 
                            298 ;------------------------------------------------------------
                            299 ;	../../../contiki-sensinode//core/sys/stimer.c:107: stimer_restart(struct stimer *t)
                            300 ;	-----------------------------------------
                            301 ;	 function stimer_restart
                            302 ;	-----------------------------------------
   0106                     303 _stimer_restart:
   0106 AD 82               304 	mov	r5,dpl
   0108 AE 83               305 	mov	r6,dph
   010A AF F0               306 	mov	r7,b
                            307 ;	../../../contiki-sensinode//core/sys/stimer.c:109: t->start = clock_seconds();
   010C C0 07               308 	push	ar7
   010E C0 06               309 	push	ar6
   0110 C0 05               310 	push	ar5
   0112 78r00               311 	mov	r0,#_clock_seconds
   0114 79s00               312 	mov	r1,#(_clock_seconds >> 8)
   0116 7As00               313 	mov	r2,#(_clock_seconds >> 16)
   0118 12s00r00            314 	lcall	__sdcc_banked_call
   011B A9 82               315 	mov	r1,dpl
   011D AA 83               316 	mov	r2,dph
   011F AB F0               317 	mov	r3,b
   0121 FC                  318 	mov	r4,a
   0122 D0 05               319 	pop	ar5
   0124 D0 06               320 	pop	ar6
   0126 D0 07               321 	pop	ar7
   0128 8D 82               322 	mov	dpl,r5
   012A 8E 83               323 	mov	dph,r6
   012C 8F F0               324 	mov	b,r7
   012E E9                  325 	mov	a,r1
   012F 12s00r00            326 	lcall	__gptrput
   0132 A3                  327 	inc	dptr
   0133 EA                  328 	mov	a,r2
   0134 12s00r00            329 	lcall	__gptrput
   0137 A3                  330 	inc	dptr
   0138 EB                  331 	mov	a,r3
   0139 12s00r00            332 	lcall	__gptrput
   013C A3                  333 	inc	dptr
   013D EC                  334 	mov	a,r4
   013E 12s00r00            335 	lcall	__gptrput
   0141 02s00r00            336 	ljmp	__sdcc_banked_ret
                            337 ;------------------------------------------------------------
                            338 ;Allocation info for local variables in function 'stimer_expired'
                            339 ;------------------------------------------------------------
                            340 ;t                         Allocated to registers r7 r6 r5 
                            341 ;sloc0                     Allocated to stack - sp -11
                            342 ;sloc1                     Allocated to stack - sp -7
                            343 ;sloc2                     Allocated to stack - sp -3
                            344 ;------------------------------------------------------------
                            345 ;	../../../contiki-sensinode//core/sys/stimer.c:124: stimer_expired(struct stimer *t)
                            346 ;	-----------------------------------------
                            347 ;	 function stimer_expired
                            348 ;	-----------------------------------------
   0144                     349 _stimer_expired:
   0144 E5 81               350 	mov	a,sp
   0146 24 0C               351 	add	a,#0x0C
   0148 F5 81               352 	mov	sp,a
   014A AF 82               353 	mov	r7,dpl
   014C AE 83               354 	mov	r6,dph
   014E AD F0               355 	mov	r5,b
                            356 ;	../../../contiki-sensinode//core/sys/stimer.c:126: return SCLOCK_GEQ(clock_seconds(), t->start + t->interval);
   0150 C0 07               357 	push	ar7
   0152 C0 06               358 	push	ar6
   0154 C0 05               359 	push	ar5
   0156 78r00               360 	mov	r0,#_clock_seconds
   0158 79s00               361 	mov	r1,#(_clock_seconds >> 8)
   015A 7As00               362 	mov	r2,#(_clock_seconds >> 16)
   015C 12s00r00            363 	lcall	__sdcc_banked_call
   015F C8                  364 	xch	a,r0
   0160 E5 81               365 	mov	a,sp
   0162 24 F2               366 	add	a,#0xf2
   0164 C8                  367 	xch	a,r0
   0165 A6 82               368 	mov	@r0,dpl
   0167 08                  369 	inc	r0
   0168 A6 83               370 	mov	@r0,dph
   016A 08                  371 	inc	r0
   016B A6 F0               372 	mov	@r0,b
   016D 08                  373 	inc	r0
   016E F6                  374 	mov	@r0,a
   016F D0 05               375 	pop	ar5
   0171 D0 06               376 	pop	ar6
   0173 D0 07               377 	pop	ar7
   0175 8F 82               378 	mov	dpl,r7
   0177 8E 83               379 	mov	dph,r6
   0179 8D F0               380 	mov	b,r5
   017B E5 81               381 	mov	a,sp
   017D 24 F9               382 	add	a,#0xf9
   017F F8                  383 	mov	r0,a
   0180 12s00r00            384 	lcall	__gptrget
   0183 F6                  385 	mov	@r0,a
   0184 A3                  386 	inc	dptr
   0185 12s00r00            387 	lcall	__gptrget
   0188 08                  388 	inc	r0
   0189 F6                  389 	mov	@r0,a
   018A A3                  390 	inc	dptr
   018B 12s00r00            391 	lcall	__gptrget
   018E 08                  392 	inc	r0
   018F F6                  393 	mov	@r0,a
   0190 A3                  394 	inc	dptr
   0191 12s00r00            395 	lcall	__gptrget
   0194 08                  396 	inc	r0
   0195 F6                  397 	mov	@r0,a
   0196 74 04               398 	mov	a,#0x04
   0198 2F                  399 	add	a,r7
   0199 FA                  400 	mov	r2,a
   019A E4                  401 	clr	a
   019B 3E                  402 	addc	a,r6
   019C FB                  403 	mov	r3,a
   019D 8D 04               404 	mov	ar4,r5
   019F 8A 82               405 	mov	dpl,r2
   01A1 8B 83               406 	mov	dph,r3
   01A3 8C F0               407 	mov	b,r4
   01A5 12s00r00            408 	lcall	__gptrget
   01A8 FF                  409 	mov	r7,a
   01A9 A3                  410 	inc	dptr
   01AA 12s00r00            411 	lcall	__gptrget
   01AD FE                  412 	mov	r6,a
   01AE A3                  413 	inc	dptr
   01AF 12s00r00            414 	lcall	__gptrget
   01B2 FD                  415 	mov	r5,a
   01B3 A3                  416 	inc	dptr
   01B4 12s00r00            417 	lcall	__gptrget
   01B7 FC                  418 	mov	r4,a
   01B8 E5 81               419 	mov	a,sp
   01BA 24 F9               420 	add	a,#0xf9
   01BC F8                  421 	mov	r0,a
   01BD EF                  422 	mov	a,r7
   01BE 26                  423 	add	a,@r0
   01BF FF                  424 	mov	r7,a
   01C0 EE                  425 	mov	a,r6
   01C1 08                  426 	inc	r0
   01C2 36                  427 	addc	a,@r0
   01C3 FE                  428 	mov	r6,a
   01C4 ED                  429 	mov	a,r5
   01C5 08                  430 	inc	r0
   01C6 36                  431 	addc	a,@r0
   01C7 FD                  432 	mov	r5,a
   01C8 EC                  433 	mov	a,r4
   01C9 08                  434 	inc	r0
   01CA 36                  435 	addc	a,@r0
   01CB FC                  436 	mov	r4,a
   01CC E5 81               437 	mov	a,sp
   01CE 24 F5               438 	add	a,#0xf5
   01D0 F8                  439 	mov	r0,a
   01D1 E5 81               440 	mov	a,sp
   01D3 24 FD               441 	add	a,#0xfd
   01D5 F9                  442 	mov	r1,a
   01D6 E6                  443 	mov	a,@r0
   01D7 C3                  444 	clr	c
   01D8 9F                  445 	subb	a,r7
   01D9 F7                  446 	mov	@r1,a
   01DA 08                  447 	inc	r0
   01DB E6                  448 	mov	a,@r0
   01DC 9E                  449 	subb	a,r6
   01DD 09                  450 	inc	r1
   01DE F7                  451 	mov	@r1,a
   01DF 08                  452 	inc	r0
   01E0 E6                  453 	mov	a,@r0
   01E1 9D                  454 	subb	a,r5
   01E2 09                  455 	inc	r1
   01E3 F7                  456 	mov	@r1,a
   01E4 08                  457 	inc	r0
   01E5 E6                  458 	mov	a,@r0
   01E6 9C                  459 	subb	a,r4
   01E7 09                  460 	inc	r1
   01E8 F7                  461 	mov	@r1,a
   01E9 E5 81               462 	mov	a,sp
   01EB 24 FD               463 	add	a,#0xfd
   01ED F8                  464 	mov	r0,a
   01EE C3                  465 	clr	c
   01EF E6                  466 	mov	a,@r0
   01F0 94 FF               467 	subb	a,#0xFF
   01F2 08                  468 	inc	r0
   01F3 E6                  469 	mov	a,@r0
   01F4 94 FF               470 	subb	a,#0xFF
   01F6 08                  471 	inc	r0
   01F7 E6                  472 	mov	a,@r0
   01F8 94 FF               473 	subb	a,#0xFF
   01FA 08                  474 	inc	r0
   01FB E6                  475 	mov	a,@r0
   01FC 94 7F               476 	subb	a,#0x7F
   01FE E4                  477 	clr	a
   01FF 33                  478 	rlc	a
   0200 FC                  479 	mov	r4,a
   0201 33                  480 	rlc	a
   0202 95 E0               481 	subb	a,acc
   0204 FB                  482 	mov	r3,a
   0205 8C 82               483 	mov	dpl,r4
   0207 8B 83               484 	mov	dph,r3
   0209 E5 81               485 	mov	a,sp
   020B 24 F4               486 	add	a,#0xF4
   020D F5 81               487 	mov	sp,a
   020F 02s00r00            488 	ljmp	__sdcc_banked_ret
                            489 ;------------------------------------------------------------
                            490 ;Allocation info for local variables in function 'stimer_remaining'
                            491 ;------------------------------------------------------------
                            492 ;t                         Allocated to registers r5 r6 r7 
                            493 ;------------------------------------------------------------
                            494 ;	../../../contiki-sensinode//core/sys/stimer.c:140: stimer_remaining(struct stimer *t)
                            495 ;	-----------------------------------------
                            496 ;	 function stimer_remaining
                            497 ;	-----------------------------------------
   0212                     498 _stimer_remaining:
                            499 ;	../../../contiki-sensinode//core/sys/stimer.c:142: return t->start + t->interval - clock_seconds();
   0212 AD 82               500 	mov	r5,dpl
   0214 AE 83               501 	mov	r6,dph
   0216 AF F0               502 	mov	r7,b
   0218 12s00r00            503 	lcall	__gptrget
   021B F9                  504 	mov	r1,a
   021C A3                  505 	inc	dptr
   021D 12s00r00            506 	lcall	__gptrget
   0220 FA                  507 	mov	r2,a
   0221 A3                  508 	inc	dptr
   0222 12s00r00            509 	lcall	__gptrget
   0225 FB                  510 	mov	r3,a
   0226 A3                  511 	inc	dptr
   0227 12s00r00            512 	lcall	__gptrget
   022A FC                  513 	mov	r4,a
   022B 74 04               514 	mov	a,#0x04
   022D 2D                  515 	add	a,r5
   022E FD                  516 	mov	r5,a
   022F E4                  517 	clr	a
   0230 3E                  518 	addc	a,r6
   0231 FE                  519 	mov	r6,a
   0232 8D 82               520 	mov	dpl,r5
   0234 8E 83               521 	mov	dph,r6
   0236 8F F0               522 	mov	b,r7
   0238 12s00r00            523 	lcall	__gptrget
   023B F8                  524 	mov	r0,a
   023C A3                  525 	inc	dptr
   023D 12s00r00            526 	lcall	__gptrget
   0240 FD                  527 	mov	r5,a
   0241 A3                  528 	inc	dptr
   0242 12s00r00            529 	lcall	__gptrget
   0245 FE                  530 	mov	r6,a
   0246 A3                  531 	inc	dptr
   0247 12s00r00            532 	lcall	__gptrget
   024A FF                  533 	mov	r7,a
   024B E8                  534 	mov	a,r0
   024C 29                  535 	add	a,r1
   024D F9                  536 	mov	r1,a
   024E ED                  537 	mov	a,r5
   024F 3A                  538 	addc	a,r2
   0250 FA                  539 	mov	r2,a
   0251 EE                  540 	mov	a,r6
   0252 3B                  541 	addc	a,r3
   0253 FB                  542 	mov	r3,a
   0254 EF                  543 	mov	a,r7
   0255 3C                  544 	addc	a,r4
   0256 FC                  545 	mov	r4,a
   0257 C0 04               546 	push	ar4
   0259 C0 03               547 	push	ar3
   025B C0 02               548 	push	ar2
   025D C0 01               549 	push	ar1
   025F 78r00               550 	mov	r0,#_clock_seconds
   0261 79s00               551 	mov	r1,#(_clock_seconds >> 8)
   0263 7As00               552 	mov	r2,#(_clock_seconds >> 16)
   0265 12s00r00            553 	lcall	__sdcc_banked_call
   0268 A8 82               554 	mov	r0,dpl
   026A AD 83               555 	mov	r5,dph
   026C AE F0               556 	mov	r6,b
   026E FF                  557 	mov	r7,a
   026F D0 01               558 	pop	ar1
   0271 D0 02               559 	pop	ar2
   0273 D0 03               560 	pop	ar3
   0275 D0 04               561 	pop	ar4
   0277 E9                  562 	mov	a,r1
   0278 C3                  563 	clr	c
   0279 98                  564 	subb	a,r0
   027A F9                  565 	mov	r1,a
   027B EA                  566 	mov	a,r2
   027C 9D                  567 	subb	a,r5
   027D FA                  568 	mov	r2,a
   027E EB                  569 	mov	a,r3
   027F 9E                  570 	subb	a,r6
   0280 FB                  571 	mov	r3,a
   0281 EC                  572 	mov	a,r4
   0282 9F                  573 	subb	a,r7
   0283 FC                  574 	mov	r4,a
   0284 89 82               575 	mov	dpl,r1
   0286 8A 83               576 	mov	dph,r2
   0288 8B F0               577 	mov	b,r3
   028A 02s00r00            578 	ljmp	__sdcc_banked_ret
                            579 ;------------------------------------------------------------
                            580 ;Allocation info for local variables in function 'stimer_elapsed'
                            581 ;------------------------------------------------------------
                            582 ;t                         Allocated to registers r5 r6 r7 
                            583 ;------------------------------------------------------------
                            584 ;	../../../contiki-sensinode//core/sys/stimer.c:156: stimer_elapsed(struct stimer *t)
                            585 ;	-----------------------------------------
                            586 ;	 function stimer_elapsed
                            587 ;	-----------------------------------------
   028D                     588 _stimer_elapsed:
   028D AD 82               589 	mov	r5,dpl
   028F AE 83               590 	mov	r6,dph
   0291 AF F0               591 	mov	r7,b
                            592 ;	../../../contiki-sensinode//core/sys/stimer.c:158: return clock_seconds() - t->start;
   0293 C0 07               593 	push	ar7
   0295 C0 06               594 	push	ar6
   0297 C0 05               595 	push	ar5
   0299 78r00               596 	mov	r0,#_clock_seconds
   029B 79s00               597 	mov	r1,#(_clock_seconds >> 8)
   029D 7As00               598 	mov	r2,#(_clock_seconds >> 16)
   029F 12s00r00            599 	lcall	__sdcc_banked_call
   02A2 A9 82               600 	mov	r1,dpl
   02A4 AA 83               601 	mov	r2,dph
   02A6 AB F0               602 	mov	r3,b
   02A8 FC                  603 	mov	r4,a
   02A9 D0 05               604 	pop	ar5
   02AB D0 06               605 	pop	ar6
   02AD D0 07               606 	pop	ar7
   02AF 8D 82               607 	mov	dpl,r5
   02B1 8E 83               608 	mov	dph,r6
   02B3 8F F0               609 	mov	b,r7
   02B5 12s00r00            610 	lcall	__gptrget
   02B8 F8                  611 	mov	r0,a
   02B9 A3                  612 	inc	dptr
   02BA 12s00r00            613 	lcall	__gptrget
   02BD FD                  614 	mov	r5,a
   02BE A3                  615 	inc	dptr
   02BF 12s00r00            616 	lcall	__gptrget
   02C2 FE                  617 	mov	r6,a
   02C3 A3                  618 	inc	dptr
   02C4 12s00r00            619 	lcall	__gptrget
   02C7 FF                  620 	mov	r7,a
   02C8 E9                  621 	mov	a,r1
   02C9 C3                  622 	clr	c
   02CA 98                  623 	subb	a,r0
   02CB F9                  624 	mov	r1,a
   02CC EA                  625 	mov	a,r2
   02CD 9D                  626 	subb	a,r5
   02CE FA                  627 	mov	r2,a
   02CF EB                  628 	mov	a,r3
   02D0 9E                  629 	subb	a,r6
   02D1 FB                  630 	mov	r3,a
   02D2 EC                  631 	mov	a,r4
   02D3 9F                  632 	subb	a,r7
   02D4 FC                  633 	mov	r4,a
   02D5 89 82               634 	mov	dpl,r1
   02D7 8A 83               635 	mov	dph,r2
   02D9 8B F0               636 	mov	b,r3
   02DB 02s00r00            637 	ljmp	__sdcc_banked_ret
                            638 	.area CSEG    (CODE)
                            639 	.area CONST   (CODE)
                            640 	.area XINIT   (CODE)
                            641 	.area CABS    (ABS,CODE)
