                              1 ;--------------------------------------------------------
                              2 ; File Created by SDCC : free open source ANSI-C Compiler
                              3 ; Version 3.1.1 #7100 (Oct 29 2014) (Linux)
                              4 ; This file was generated Wed Dec  2 18:11:04 2015
                              5 ;--------------------------------------------------------
                              6 	.module uart_intr
                              7 	.optsdcc -mmcs51 --model-huge
                              8 	
                              9 ;--------------------------------------------------------
                             10 ; Public variables in this module
                             11 ;--------------------------------------------------------
                             12 	.globl _ACTIVE
                             13 	.globl _TX_BYTE
                             14 	.globl _RX_BYTE
                             15 	.globl _ERR
                             16 	.globl _FE
                             17 	.globl _SLAVE
                             18 	.globl _RE
                             19 	.globl _MODE
                             20 	.globl _T3OVFIF
                             21 	.globl _T3CH0IF
                             22 	.globl _T3CH1IF
                             23 	.globl _T4OVFIF
                             24 	.globl _T4CH0IF
                             25 	.globl _T4CH1IF
                             26 	.globl _OVFIM
                             27 	.globl _B_0
                             28 	.globl _B_1
                             29 	.globl _B_2
                             30 	.globl _B_3
                             31 	.globl _B_4
                             32 	.globl _B_5
                             33 	.globl _B_6
                             34 	.globl _B_7
                             35 	.globl _P2IF
                             36 	.globl _UTX0IF
                             37 	.globl _UTX1IF
                             38 	.globl _P1IF
                             39 	.globl _WDTIF
                             40 	.globl _ACC_0
                             41 	.globl _ACC_1
                             42 	.globl _ACC_2
                             43 	.globl _ACC_3
                             44 	.globl _ACC_4
                             45 	.globl _ACC_5
                             46 	.globl _ACC_6
                             47 	.globl _ACC_7
                             48 	.globl _P
                             49 	.globl _F1
                             50 	.globl _OV
                             51 	.globl _RS0
                             52 	.globl _RS1
                             53 	.globl _F0
                             54 	.globl _AC
                             55 	.globl _CY
                             56 	.globl _DMAIF
                             57 	.globl _T1IF
                             58 	.globl _T2IF
                             59 	.globl _T3IF
                             60 	.globl _T4IF
                             61 	.globl _P0IF
                             62 	.globl _STIF
                             63 	.globl _DMAIE
                             64 	.globl _T1IE
                             65 	.globl _T2IE
                             66 	.globl _T3IE
                             67 	.globl _T4IE
                             68 	.globl _P0IE
                             69 	.globl _RFERRIE
                             70 	.globl _ADCIE
                             71 	.globl _URX0IE
                             72 	.globl _URX1IE
                             73 	.globl _ENCIE
                             74 	.globl _STIE
                             75 	.globl _EA
                             76 	.globl _P2_0
                             77 	.globl _P2_1
                             78 	.globl _P2_2
                             79 	.globl _P2_3
                             80 	.globl _P2_4
                             81 	.globl _P2_5
                             82 	.globl _P2_6
                             83 	.globl _P2_7
                             84 	.globl _ENCIF_0
                             85 	.globl _ENCIF_1
                             86 	.globl _P1_0
                             87 	.globl _P1_1
                             88 	.globl _P1_2
                             89 	.globl _P1_3
                             90 	.globl _P1_4
                             91 	.globl _P1_5
                             92 	.globl _P1_6
                             93 	.globl _P1_7
                             94 	.globl _IT0
                             95 	.globl _RFERRIF
                             96 	.globl _IT1
                             97 	.globl _URX0IF
                             98 	.globl _ADCIF
                             99 	.globl _URX1IF
                            100 	.globl _P0_0
                            101 	.globl _P0_1
                            102 	.globl _P0_2
                            103 	.globl _P0_3
                            104 	.globl _P0_4
                            105 	.globl _P0_5
                            106 	.globl _P0_6
                            107 	.globl _P0_7
                            108 	.globl _WDCTL
                            109 	.globl _U1GCR
                            110 	.globl _U1UCR
                            111 	.globl _U1BAUD
                            112 	.globl _U1DBUF
                            113 	.globl _U1CSR
                            114 	.globl _U0GCR
                            115 	.globl _U0UCR
                            116 	.globl _U0BAUD
                            117 	.globl _U0DBUF
                            118 	.globl _U0CSR
                            119 	.globl _TIMIF
                            120 	.globl _T4CC1
                            121 	.globl _T4CCTL1
                            122 	.globl _T4CC0
                            123 	.globl _T4CCTL0
                            124 	.globl _T4CTL
                            125 	.globl _T4CNT
                            126 	.globl _T3CC1
                            127 	.globl _T3CCTL1
                            128 	.globl _T3CC0
                            129 	.globl _T3CCTL0
                            130 	.globl _T3CTL
                            131 	.globl _T3CNT
                            132 	.globl _T2MSEL
                            133 	.globl _T2IRQM
                            134 	.globl _T2MOVF2
                            135 	.globl _T2MOVF1
                            136 	.globl _T2MOVF0
                            137 	.globl _T2M1
                            138 	.globl _T2M0
                            139 	.globl _T2IRQF
                            140 	.globl _T2EVTCFG
                            141 	.globl _T2CTRL
                            142 	.globl _T1STAT
                            143 	.globl _T1CCTL2
                            144 	.globl _T1CCTL1
                            145 	.globl _T1CCTL0
                            146 	.globl _T1CTL
                            147 	.globl _T1CNTH
                            148 	.globl _T1CNTL
                            149 	.globl _T1CC2H
                            150 	.globl _T1CC2L
                            151 	.globl _T1CC1H
                            152 	.globl _T1CC1L
                            153 	.globl _T1CC0H
                            154 	.globl _T1CC0L
                            155 	.globl _CLKCONSTA
                            156 	.globl _CLKCONCMD
                            157 	.globl _SLEEPSTA
                            158 	.globl _SLEEPCMD
                            159 	.globl _STLOAD
                            160 	.globl _ST2
                            161 	.globl _ST1
                            162 	.globl _ST0
                            163 	.globl _RFERRF
                            164 	.globl _RFIRQF0
                            165 	.globl _RFST
                            166 	.globl _RFD
                            167 	.globl _RFIRQF1
                            168 	.globl _PSBANK
                            169 	.globl _FMAP
                            170 	.globl _MEMCTR
                            171 	.globl __XPAGE
                            172 	.globl _MPAGE
                            173 	.globl _PMUX
                            174 	.globl _P2DIR
                            175 	.globl _P1DIR
                            176 	.globl _P0DIR
                            177 	.globl _P2INP
                            178 	.globl _P1INP
                            179 	.globl _P2SEL
                            180 	.globl _P1SEL
                            181 	.globl _P0SEL
                            182 	.globl _APCFG
                            183 	.globl _PERCFG
                            184 	.globl _P0INP
                            185 	.globl _P2IEN
                            186 	.globl _P1IEN
                            187 	.globl _P0IEN
                            188 	.globl _PICTL
                            189 	.globl _P2IFG
                            190 	.globl _P1IFG
                            191 	.globl _P0IFG
                            192 	.globl _DMAREQ
                            193 	.globl _DMAARM
                            194 	.globl _DMA0CFGH
                            195 	.globl _DMA0CFGL
                            196 	.globl _DMA1CFGH
                            197 	.globl _DMA1CFGL
                            198 	.globl _DMAIRQ
                            199 	.globl _ENCCS
                            200 	.globl _ENCDO
                            201 	.globl _ENCDI
                            202 	.globl _RNDH
                            203 	.globl _RNDL
                            204 	.globl _ADCH
                            205 	.globl _ADCL
                            206 	.globl _ADCCON3
                            207 	.globl _ADCCON2
                            208 	.globl _ADCCON1
                            209 	.globl _B
                            210 	.globl _IRCON2
                            211 	.globl _ACC
                            212 	.globl _PSW
                            213 	.globl _IRCON
                            214 	.globl _IP1
                            215 	.globl _IEN1
                            216 	.globl _IP0
                            217 	.globl _IEN0
                            218 	.globl _P2
                            219 	.globl _S1CON
                            220 	.globl _IEN2
                            221 	.globl _S0CON
                            222 	.globl _DPS
                            223 	.globl _P1
                            224 	.globl _TCON
                            225 	.globl _PCON
                            226 	.globl _DPH1
                            227 	.globl _DPL1
                            228 	.globl _DPH0
                            229 	.globl _DPL0
                            230 	.globl _SP
                            231 	.globl _P0
                            232 	.globl _X_IEEE_ADDR
                            233 	.globl _X_INFOPAGE
                            234 	.globl _X_P2DIR
                            235 	.globl _X_P1DIR
                            236 	.globl _X_P0DIR
                            237 	.globl _X_U1GCR
                            238 	.globl _X_U1UCR
                            239 	.globl _X_U1BAUD
                            240 	.globl _X_U1DBUF
                            241 	.globl _X_U1CSR
                            242 	.globl _X_P2INP
                            243 	.globl _X_P1INP
                            244 	.globl _X_P2SEL
                            245 	.globl _X_P1SEL
                            246 	.globl _X_P0SEL
                            247 	.globl _X_APCFG
                            248 	.globl _X_PERCFG
                            249 	.globl _X_T4CC1
                            250 	.globl _X_T4CCTL1
                            251 	.globl _X_T4CC0
                            252 	.globl _X_T4CCTL0
                            253 	.globl _X_T4CTL
                            254 	.globl _X_T4CNT
                            255 	.globl _X_RFIRQF0
                            256 	.globl _X_T1CCTL2
                            257 	.globl _X_T1CCTL1
                            258 	.globl _X_T1CCTL0
                            259 	.globl _X_T1CTL
                            260 	.globl _X_T1CNTH
                            261 	.globl _X_T1CNTL
                            262 	.globl _X_RFST
                            263 	.globl _X_T1CC2H
                            264 	.globl _X_T1CC2L
                            265 	.globl _X_T1CC1H
                            266 	.globl _X_T1CC1L
                            267 	.globl _X_T1CC0H
                            268 	.globl _X_T1CC0L
                            269 	.globl _X_RFD
                            270 	.globl _X_TIMIF
                            271 	.globl _X_DMAREQ
                            272 	.globl _X_DMAARM
                            273 	.globl _X_DMA0CFGH
                            274 	.globl _X_DMA0CFGL
                            275 	.globl _X_DMA1CFGH
                            276 	.globl _X_DMA1CFGL
                            277 	.globl _X_DMAIRQ
                            278 	.globl _X_T3CC1
                            279 	.globl _X_T3CCTL1
                            280 	.globl _X_T3CC0
                            281 	.globl _X_T3CCTL0
                            282 	.globl _X_T3CTL
                            283 	.globl _X_T3CNT
                            284 	.globl _X_WDCTL
                            285 	.globl _X_MEMCTR
                            286 	.globl _X_CLKCONCMD
                            287 	.globl _X_U0GCR
                            288 	.globl _X_U0UCR
                            289 	.globl _X_T2MSEL
                            290 	.globl _X_U0BAUD
                            291 	.globl _X_U0DBUF
                            292 	.globl _X_RFERRF
                            293 	.globl _X_SLEEPCMD
                            294 	.globl _X_RNDH
                            295 	.globl _X_RNDL
                            296 	.globl _X_ADCH
                            297 	.globl _X_ADCL
                            298 	.globl _X_ADCCON3
                            299 	.globl _X_ADCCON2
                            300 	.globl _X_ADCCON1
                            301 	.globl _X_ENCCS
                            302 	.globl _X_ENCDO
                            303 	.globl _X_ENCDI
                            304 	.globl _X_T1STAT
                            305 	.globl _X_PMUX
                            306 	.globl _X_STLOAD
                            307 	.globl _X_P2IEN
                            308 	.globl _X_P0IEN
                            309 	.globl _X_T2IRQM
                            310 	.globl _X_T2MOVF2
                            311 	.globl _X_T2MOVF1
                            312 	.globl _X_T2MOVF0
                            313 	.globl _X_T2M1
                            314 	.globl _X_T2M0
                            315 	.globl _X_T2IRQF
                            316 	.globl _X_P2
                            317 	.globl _X_PSBANK
                            318 	.globl _X_FMAP
                            319 	.globl _X_CLKCONSTA
                            320 	.globl _X_SLEEPSTA
                            321 	.globl _X_T2EVTCFG
                            322 	.globl _X_ST2
                            323 	.globl _X_ST1
                            324 	.globl _X_ST0
                            325 	.globl _X_T2CTRL
                            326 	.globl _X__XPAGE
                            327 	.globl _X_MPAGE
                            328 	.globl _X_RFIRQF1
                            329 	.globl _X_P1
                            330 	.globl _X_P0INP
                            331 	.globl _X_P1IEN
                            332 	.globl _X_PICTL
                            333 	.globl _X_P2IFG
                            334 	.globl _X_P1IFG
                            335 	.globl _X_P0IFG
                            336 	.globl _X_U0CSR
                            337 	.globl _X_P0
                            338 	.globl _USBF5
                            339 	.globl _USBF4
                            340 	.globl _USBF3
                            341 	.globl _USBF2
                            342 	.globl _USBF1
                            343 	.globl _USBF0
                            344 	.globl _USBCNTH
                            345 	.globl _USBCNTL
                            346 	.globl _USBCNT0
                            347 	.globl _USBCSOH
                            348 	.globl _USBCSOL
                            349 	.globl _USBMAXO
                            350 	.globl _USBCSIH
                            351 	.globl _USBCSIL
                            352 	.globl _USBCS0
                            353 	.globl _USBMAXI
                            354 	.globl _USBCTRL
                            355 	.globl _USBINDEX
                            356 	.globl _USBFRMH
                            357 	.globl _USBFRML
                            358 	.globl _USBCIE
                            359 	.globl _USBOIE
                            360 	.globl _USBIIE
                            361 	.globl _USBCIF
                            362 	.globl _USBOIF
                            363 	.globl _USBIIF
                            364 	.globl _USBPOW
                            365 	.globl _USBADDR
                            366 	.globl _CSPT
                            367 	.globl _CSPZ
                            368 	.globl _CSPY
                            369 	.globl _CSPX
                            370 	.globl _CSPSTAT
                            371 	.globl _CSPCTRL
                            372 	.globl _CSPPROG23
                            373 	.globl _CSPPROG22
                            374 	.globl _CSPPROG21
                            375 	.globl _CSPPROG20
                            376 	.globl _CSPPROG19
                            377 	.globl _CSPPROG18
                            378 	.globl _CSPPROG17
                            379 	.globl _CSPPROG16
                            380 	.globl _CSPPROG15
                            381 	.globl _CSPPROG14
                            382 	.globl _CSPPROG13
                            383 	.globl _CSPPROG12
                            384 	.globl _CSPPROG11
                            385 	.globl _CSPPROG10
                            386 	.globl _CSPPROG9
                            387 	.globl _CSPPROG8
                            388 	.globl _CSPPROG7
                            389 	.globl _CSPPROG6
                            390 	.globl _CSPPROG5
                            391 	.globl _CSPPROG4
                            392 	.globl _CSPPROG3
                            393 	.globl _CSPPROG2
                            394 	.globl _CSPPROG1
                            395 	.globl _CSPPROG0
                            396 	.globl _RFC_OBS_CTRL2
                            397 	.globl _RFC_OBS_CTRL1
                            398 	.globl _RFC_OBS_CTRL0
                            399 	.globl _TXFILTCFG
                            400 	.globl _PTEST1
                            401 	.globl _PTEST0
                            402 	.globl _ATEST
                            403 	.globl _DACTEST2
                            404 	.globl _DACTEST1
                            405 	.globl _DACTEST0
                            406 	.globl _MDMTEST1
                            407 	.globl _MDMTEST0
                            408 	.globl _ADCTEST2
                            409 	.globl _ADCTEST1
                            410 	.globl _ADCTEST0
                            411 	.globl _AGCCTRL3
                            412 	.globl _AGCCTRL2
                            413 	.globl _AGCCTRL1
                            414 	.globl _AGCCTRL0
                            415 	.globl _FSCAL3
                            416 	.globl _FSCAL2
                            417 	.globl _FSCAL1
                            418 	.globl _FSCAL0
                            419 	.globl _FSCTRL
                            420 	.globl _RXCTRL
                            421 	.globl _FREQEST
                            422 	.globl _MDMCTRL1
                            423 	.globl _MDMCTRL0
                            424 	.globl _RFRND
                            425 	.globl _RFERRM
                            426 	.globl _RFIRQM1
                            427 	.globl _RFIRQM0
                            428 	.globl _TXLAST_PTR
                            429 	.globl _TXFIRST_PTR
                            430 	.globl _RXP1_PTR
                            431 	.globl _RXLAST_PTR
                            432 	.globl _RXFIRST_PTR
                            433 	.globl _TXFIFOCNT
                            434 	.globl _RXFIFOCNT
                            435 	.globl _RXFIRST
                            436 	.globl _RSSISTAT
                            437 	.globl _RSSI
                            438 	.globl _CCACTRL1
                            439 	.globl _CCACTRL0
                            440 	.globl _FSMCTRL
                            441 	.globl _FIFOPCTRL
                            442 	.globl _FSMSTAT1
                            443 	.globl _FSMSTAT0
                            444 	.globl _TXCTRL
                            445 	.globl _TXPOWER
                            446 	.globl _FREQCTRL
                            447 	.globl _FREQTUNE
                            448 	.globl _RXMASKCLR
                            449 	.globl _RXMASKSET
                            450 	.globl _RXENABLE
                            451 	.globl _FRMCTRL1
                            452 	.globl _FRMCTRL0
                            453 	.globl _SRCEXTEN2
                            454 	.globl _SRCEXTEN1
                            455 	.globl _SRCEXTEN0
                            456 	.globl _SRCSHORTEN2
                            457 	.globl _SRCSHORTEN1
                            458 	.globl _SRCSHORTEN0
                            459 	.globl _SRCMATCH
                            460 	.globl _FRMFILT1
                            461 	.globl _FRMFILT0
                            462 	.globl _SHORT_ADDR1
                            463 	.globl _SHORT_ADDR0
                            464 	.globl _PAN_ID1
                            465 	.globl _PAN_ID0
                            466 	.globl _EXT_ADDR7
                            467 	.globl _EXT_ADDR6
                            468 	.globl _EXT_ADDR5
                            469 	.globl _EXT_ADDR4
                            470 	.globl _EXT_ADDR3
                            471 	.globl _EXT_ADDR2
                            472 	.globl _EXT_ADDR1
                            473 	.globl _EXT_ADDR0
                            474 	.globl _SRCSHORTPENDEN2
                            475 	.globl _SRCSHORTPENDEN1
                            476 	.globl _SRCSHORTPENDEN0
                            477 	.globl _SRCEXTPENDEN2
                            478 	.globl _SRCEXTPENDEN1
                            479 	.globl _SRCEXTPENDEN0
                            480 	.globl _SRCRESINDEX
                            481 	.globl _SRCRESMASK2
                            482 	.globl _SRCRESMASK1
                            483 	.globl _SRCRESMASK0
                            484 	.globl _SRC_ADDR_TABLE
                            485 	.globl _TXFIFO
                            486 	.globl _RXFIFO
                            487 	.globl _RFCORE_RAM
                            488 	.globl _CMPCTL
                            489 	.globl _OPAMPS
                            490 	.globl _OPAMPC
                            491 	.globl _STCV2
                            492 	.globl _STCV1
                            493 	.globl _STCV0
                            494 	.globl _STCS
                            495 	.globl _STCC
                            496 	.globl _T1CC4H
                            497 	.globl _T1CC4L
                            498 	.globl _T1CC3H
                            499 	.globl _T1CC3L
                            500 	.globl _XX_T1CC2H
                            501 	.globl _XX_T1CC2L
                            502 	.globl _XX_T1CC1H
                            503 	.globl _XX_T1CC1L
                            504 	.globl _XX_T1CC0H
                            505 	.globl _XX_T1CC0L
                            506 	.globl _T1CCTL4
                            507 	.globl _T1CCTL3
                            508 	.globl _XX_T1CCTL2
                            509 	.globl _XX_T1CCTL1
                            510 	.globl _XX_T1CCTL0
                            511 	.globl _CLD
                            512 	.globl _IRCTL
                            513 	.globl _CHIPINFO1
                            514 	.globl _CHIPINFO0
                            515 	.globl _FWDATA
                            516 	.globl _FADDRH
                            517 	.globl _FADDRL
                            518 	.globl _FCTL
                            519 	.globl _IVCTRL
                            520 	.globl _BATTMON
                            521 	.globl _SRCRC
                            522 	.globl _DBGDATA
                            523 	.globl _TESTREG0
                            524 	.globl _CHIPID
                            525 	.globl _CHVER
                            526 	.globl _OBSSEL5
                            527 	.globl _OBSSEL4
                            528 	.globl _OBSSEL3
                            529 	.globl _OBSSEL2
                            530 	.globl _OBSSEL1
                            531 	.globl _OBSSEL0
                            532 	.globl _I2CIO
                            533 	.globl _I2CWC
                            534 	.globl _I2CADDR
                            535 	.globl _I2CDATA
                            536 	.globl _I2CSTAT
                            537 	.globl _I2CCFG
                            538 	.globl _OPAMPMC
                            539 	.globl _MONMUX
                            540 	.globl _uart0_set_input
                            541 ;--------------------------------------------------------
                            542 ; special function registers
                            543 ;--------------------------------------------------------
                            544 	.area RSEG    (ABS,DATA)
   0000                     545 	.org 0x0000
                    0080    546 _P0	=	0x0080
                    0081    547 _SP	=	0x0081
                    0082    548 _DPL0	=	0x0082
                    0083    549 _DPH0	=	0x0083
                    0084    550 _DPL1	=	0x0084
                    0085    551 _DPH1	=	0x0085
                    0087    552 _PCON	=	0x0087
                    0088    553 _TCON	=	0x0088
                    0090    554 _P1	=	0x0090
                    0092    555 _DPS	=	0x0092
                    0098    556 _S0CON	=	0x0098
                    009A    557 _IEN2	=	0x009a
                    009B    558 _S1CON	=	0x009b
                    00A0    559 _P2	=	0x00a0
                    00A8    560 _IEN0	=	0x00a8
                    00A9    561 _IP0	=	0x00a9
                    00B8    562 _IEN1	=	0x00b8
                    00B9    563 _IP1	=	0x00b9
                    00C0    564 _IRCON	=	0x00c0
                    00D0    565 _PSW	=	0x00d0
                    00E0    566 _ACC	=	0x00e0
                    00E8    567 _IRCON2	=	0x00e8
                    00F0    568 _B	=	0x00f0
                    00B4    569 _ADCCON1	=	0x00b4
                    00B5    570 _ADCCON2	=	0x00b5
                    00B6    571 _ADCCON3	=	0x00b6
                    00BA    572 _ADCL	=	0x00ba
                    00BB    573 _ADCH	=	0x00bb
                    00BC    574 _RNDL	=	0x00bc
                    00BD    575 _RNDH	=	0x00bd
                    00B1    576 _ENCDI	=	0x00b1
                    00B2    577 _ENCDO	=	0x00b2
                    00B3    578 _ENCCS	=	0x00b3
                    00D1    579 _DMAIRQ	=	0x00d1
                    00D2    580 _DMA1CFGL	=	0x00d2
                    00D3    581 _DMA1CFGH	=	0x00d3
                    00D4    582 _DMA0CFGL	=	0x00d4
                    00D5    583 _DMA0CFGH	=	0x00d5
                    00D6    584 _DMAARM	=	0x00d6
                    00D7    585 _DMAREQ	=	0x00d7
                    0089    586 _P0IFG	=	0x0089
                    008A    587 _P1IFG	=	0x008a
                    008B    588 _P2IFG	=	0x008b
                    008C    589 _PICTL	=	0x008c
                    00AB    590 _P0IEN	=	0x00ab
                    008D    591 _P1IEN	=	0x008d
                    00AC    592 _P2IEN	=	0x00ac
                    008F    593 _P0INP	=	0x008f
                    00F1    594 _PERCFG	=	0x00f1
                    00F2    595 _APCFG	=	0x00f2
                    00F3    596 _P0SEL	=	0x00f3
                    00F4    597 _P1SEL	=	0x00f4
                    00F5    598 _P2SEL	=	0x00f5
                    00F6    599 _P1INP	=	0x00f6
                    00F7    600 _P2INP	=	0x00f7
                    00FD    601 _P0DIR	=	0x00fd
                    00FE    602 _P1DIR	=	0x00fe
                    00FF    603 _P2DIR	=	0x00ff
                    00AE    604 _PMUX	=	0x00ae
                    0093    605 _MPAGE	=	0x0093
                    0093    606 __XPAGE	=	0x0093
                    00C7    607 _MEMCTR	=	0x00c7
                    009F    608 _FMAP	=	0x009f
                    009F    609 _PSBANK	=	0x009f
                    0091    610 _RFIRQF1	=	0x0091
                    00D9    611 _RFD	=	0x00d9
                    00E1    612 _RFST	=	0x00e1
                    00E9    613 _RFIRQF0	=	0x00e9
                    00BF    614 _RFERRF	=	0x00bf
                    0095    615 _ST0	=	0x0095
                    0096    616 _ST1	=	0x0096
                    0097    617 _ST2	=	0x0097
                    00AD    618 _STLOAD	=	0x00ad
                    00BE    619 _SLEEPCMD	=	0x00be
                    009D    620 _SLEEPSTA	=	0x009d
                    00C6    621 _CLKCONCMD	=	0x00c6
                    009E    622 _CLKCONSTA	=	0x009e
                    00DA    623 _T1CC0L	=	0x00da
                    00DB    624 _T1CC0H	=	0x00db
                    00DC    625 _T1CC1L	=	0x00dc
                    00DD    626 _T1CC1H	=	0x00dd
                    00DE    627 _T1CC2L	=	0x00de
                    00DF    628 _T1CC2H	=	0x00df
                    00E2    629 _T1CNTL	=	0x00e2
                    00E3    630 _T1CNTH	=	0x00e3
                    00E4    631 _T1CTL	=	0x00e4
                    00E5    632 _T1CCTL0	=	0x00e5
                    00E6    633 _T1CCTL1	=	0x00e6
                    00E7    634 _T1CCTL2	=	0x00e7
                    00AF    635 _T1STAT	=	0x00af
                    0094    636 _T2CTRL	=	0x0094
                    009C    637 _T2EVTCFG	=	0x009c
                    00A1    638 _T2IRQF	=	0x00a1
                    00A2    639 _T2M0	=	0x00a2
                    00A3    640 _T2M1	=	0x00a3
                    00A4    641 _T2MOVF0	=	0x00a4
                    00A5    642 _T2MOVF1	=	0x00a5
                    00A6    643 _T2MOVF2	=	0x00a6
                    00A7    644 _T2IRQM	=	0x00a7
                    00C3    645 _T2MSEL	=	0x00c3
                    00CA    646 _T3CNT	=	0x00ca
                    00CB    647 _T3CTL	=	0x00cb
                    00CC    648 _T3CCTL0	=	0x00cc
                    00CD    649 _T3CC0	=	0x00cd
                    00CE    650 _T3CCTL1	=	0x00ce
                    00CF    651 _T3CC1	=	0x00cf
                    00EA    652 _T4CNT	=	0x00ea
                    00EB    653 _T4CTL	=	0x00eb
                    00EC    654 _T4CCTL0	=	0x00ec
                    00ED    655 _T4CC0	=	0x00ed
                    00EE    656 _T4CCTL1	=	0x00ee
                    00EF    657 _T4CC1	=	0x00ef
                    00D8    658 _TIMIF	=	0x00d8
                    0086    659 _U0CSR	=	0x0086
                    00C1    660 _U0DBUF	=	0x00c1
                    00C2    661 _U0BAUD	=	0x00c2
                    00C4    662 _U0UCR	=	0x00c4
                    00C5    663 _U0GCR	=	0x00c5
                    00F8    664 _U1CSR	=	0x00f8
                    00F9    665 _U1DBUF	=	0x00f9
                    00FA    666 _U1BAUD	=	0x00fa
                    00FB    667 _U1UCR	=	0x00fb
                    00FC    668 _U1GCR	=	0x00fc
                    00C9    669 _WDCTL	=	0x00c9
                            670 ;--------------------------------------------------------
                            671 ; special function bits
                            672 ;--------------------------------------------------------
                            673 	.area RSEG    (ABS,DATA)
   0000                     674 	.org 0x0000
                    0087    675 _P0_7	=	0x0087
                    0086    676 _P0_6	=	0x0086
                    0085    677 _P0_5	=	0x0085
                    0084    678 _P0_4	=	0x0084
                    0083    679 _P0_3	=	0x0083
                    0082    680 _P0_2	=	0x0082
                    0081    681 _P0_1	=	0x0081
                    0080    682 _P0_0	=	0x0080
                    008F    683 _URX1IF	=	0x008f
                    008D    684 _ADCIF	=	0x008d
                    008B    685 _URX0IF	=	0x008b
                    008A    686 _IT1	=	0x008a
                    0089    687 _RFERRIF	=	0x0089
                    0088    688 _IT0	=	0x0088
                    0097    689 _P1_7	=	0x0097
                    0096    690 _P1_6	=	0x0096
                    0095    691 _P1_5	=	0x0095
                    0094    692 _P1_4	=	0x0094
                    0093    693 _P1_3	=	0x0093
                    0092    694 _P1_2	=	0x0092
                    0091    695 _P1_1	=	0x0091
                    0090    696 _P1_0	=	0x0090
                    0099    697 _ENCIF_1	=	0x0099
                    0098    698 _ENCIF_0	=	0x0098
                    00A7    699 _P2_7	=	0x00a7
                    00A6    700 _P2_6	=	0x00a6
                    00A5    701 _P2_5	=	0x00a5
                    00A4    702 _P2_4	=	0x00a4
                    00A3    703 _P2_3	=	0x00a3
                    00A2    704 _P2_2	=	0x00a2
                    00A1    705 _P2_1	=	0x00a1
                    00A0    706 _P2_0	=	0x00a0
                    00AF    707 _EA	=	0x00af
                    00AD    708 _STIE	=	0x00ad
                    00AC    709 _ENCIE	=	0x00ac
                    00AB    710 _URX1IE	=	0x00ab
                    00AA    711 _URX0IE	=	0x00aa
                    00A9    712 _ADCIE	=	0x00a9
                    00A8    713 _RFERRIE	=	0x00a8
                    00BD    714 _P0IE	=	0x00bd
                    00BC    715 _T4IE	=	0x00bc
                    00BB    716 _T3IE	=	0x00bb
                    00BA    717 _T2IE	=	0x00ba
                    00B9    718 _T1IE	=	0x00b9
                    00B8    719 _DMAIE	=	0x00b8
                    00C7    720 _STIF	=	0x00c7
                    00C5    721 _P0IF	=	0x00c5
                    00C4    722 _T4IF	=	0x00c4
                    00C3    723 _T3IF	=	0x00c3
                    00C2    724 _T2IF	=	0x00c2
                    00C1    725 _T1IF	=	0x00c1
                    00C0    726 _DMAIF	=	0x00c0
                    00D7    727 _CY	=	0x00d7
                    00D6    728 _AC	=	0x00d6
                    00D5    729 _F0	=	0x00d5
                    00D4    730 _RS1	=	0x00d4
                    00D3    731 _RS0	=	0x00d3
                    00D2    732 _OV	=	0x00d2
                    00D1    733 _F1	=	0x00d1
                    00D0    734 _P	=	0x00d0
                    00E7    735 _ACC_7	=	0x00e7
                    00E6    736 _ACC_6	=	0x00e6
                    00E5    737 _ACC_5	=	0x00e5
                    00E4    738 _ACC_4	=	0x00e4
                    00E3    739 _ACC_3	=	0x00e3
                    00E2    740 _ACC_2	=	0x00e2
                    00E1    741 _ACC_1	=	0x00e1
                    00E0    742 _ACC_0	=	0x00e0
                    00EC    743 _WDTIF	=	0x00ec
                    00EB    744 _P1IF	=	0x00eb
                    00EA    745 _UTX1IF	=	0x00ea
                    00E9    746 _UTX0IF	=	0x00e9
                    00E8    747 _P2IF	=	0x00e8
                    00F7    748 _B_7	=	0x00f7
                    00F6    749 _B_6	=	0x00f6
                    00F5    750 _B_5	=	0x00f5
                    00F4    751 _B_4	=	0x00f4
                    00F3    752 _B_3	=	0x00f3
                    00F2    753 _B_2	=	0x00f2
                    00F1    754 _B_1	=	0x00f1
                    00F0    755 _B_0	=	0x00f0
                    00DE    756 _OVFIM	=	0x00de
                    00DD    757 _T4CH1IF	=	0x00dd
                    00DC    758 _T4CH0IF	=	0x00dc
                    00DB    759 _T4OVFIF	=	0x00db
                    00DA    760 _T3CH1IF	=	0x00da
                    00D9    761 _T3CH0IF	=	0x00d9
                    00D8    762 _T3OVFIF	=	0x00d8
                    00FF    763 _MODE	=	0x00ff
                    00FE    764 _RE	=	0x00fe
                    00FD    765 _SLAVE	=	0x00fd
                    00FC    766 _FE	=	0x00fc
                    00FB    767 _ERR	=	0x00fb
                    00FA    768 _RX_BYTE	=	0x00fa
                    00F9    769 _TX_BYTE	=	0x00f9
                    00F8    770 _ACTIVE	=	0x00f8
                            771 ;--------------------------------------------------------
                            772 ; overlayable register banks
                            773 ;--------------------------------------------------------
                            774 	.area REG_BANK_0	(REL,OVR,DATA)
   0000                     775 	.ds 8
                            776 ;--------------------------------------------------------
                            777 ; internal ram data
                            778 ;--------------------------------------------------------
                            779 	.area DSEG    (DATA)
                            780 ;--------------------------------------------------------
                            781 ; overlayable items in internal ram 
                            782 ;--------------------------------------------------------
                            783 	.area OSEG    (OVR,DATA)
                            784 ;--------------------------------------------------------
                            785 ; indirectly addressable internal ram data
                            786 ;--------------------------------------------------------
                            787 	.area ISEG    (DATA)
                            788 ;--------------------------------------------------------
                            789 ; absolute internal ram data
                            790 ;--------------------------------------------------------
                            791 	.area IABS    (ABS,DATA)
                            792 	.area IABS    (ABS,DATA)
                            793 ;--------------------------------------------------------
                            794 ; bit data
                            795 ;--------------------------------------------------------
                            796 	.area BSEG    (BIT)
                            797 ;--------------------------------------------------------
                            798 ; paged external ram data
                            799 ;--------------------------------------------------------
                            800 	.area PSEG    (PAG,XDATA)
                            801 ;--------------------------------------------------------
                            802 ; external ram data
                            803 ;--------------------------------------------------------
                            804 	.area XSEG    (XDATA)
                    61A6    805 _MONMUX	=	0x61a6
                    61A6    806 _OPAMPMC	=	0x61a6
                    6230    807 _I2CCFG	=	0x6230
                    6231    808 _I2CSTAT	=	0x6231
                    6232    809 _I2CDATA	=	0x6232
                    6233    810 _I2CADDR	=	0x6233
                    6234    811 _I2CWC	=	0x6234
                    6235    812 _I2CIO	=	0x6235
                    6243    813 _OBSSEL0	=	0x6243
                    6244    814 _OBSSEL1	=	0x6244
                    6245    815 _OBSSEL2	=	0x6245
                    6246    816 _OBSSEL3	=	0x6246
                    6247    817 _OBSSEL4	=	0x6247
                    6248    818 _OBSSEL5	=	0x6248
                    6249    819 _CHVER	=	0x6249
                    624A    820 _CHIPID	=	0x624a
                    624B    821 _TESTREG0	=	0x624b
                    6260    822 _DBGDATA	=	0x6260
                    6262    823 _SRCRC	=	0x6262
                    6264    824 _BATTMON	=	0x6264
                    6265    825 _IVCTRL	=	0x6265
                    6270    826 _FCTL	=	0x6270
                    6271    827 _FADDRL	=	0x6271
                    6272    828 _FADDRH	=	0x6272
                    6273    829 _FWDATA	=	0x6273
                    6276    830 _CHIPINFO0	=	0x6276
                    6277    831 _CHIPINFO1	=	0x6277
                    6281    832 _IRCTL	=	0x6281
                    6290    833 _CLD	=	0x6290
                    62A0    834 _XX_T1CCTL0	=	0x62a0
                    62A1    835 _XX_T1CCTL1	=	0x62a1
                    62A2    836 _XX_T1CCTL2	=	0x62a2
                    62A3    837 _T1CCTL3	=	0x62a3
                    62A4    838 _T1CCTL4	=	0x62a4
                    62A6    839 _XX_T1CC0L	=	0x62a6
                    62A7    840 _XX_T1CC0H	=	0x62a7
                    62A8    841 _XX_T1CC1L	=	0x62a8
                    62A9    842 _XX_T1CC1H	=	0x62a9
                    62AA    843 _XX_T1CC2L	=	0x62aa
                    62AB    844 _XX_T1CC2H	=	0x62ab
                    62AC    845 _T1CC3L	=	0x62ac
                    62AD    846 _T1CC3H	=	0x62ad
                    62AE    847 _T1CC4L	=	0x62ae
                    62AF    848 _T1CC4H	=	0x62af
                    62B0    849 _STCC	=	0x62b0
                    62B1    850 _STCS	=	0x62b1
                    62B2    851 _STCV0	=	0x62b2
                    62B3    852 _STCV1	=	0x62b3
                    62B4    853 _STCV2	=	0x62b4
                    62C0    854 _OPAMPC	=	0x62c0
                    62C1    855 _OPAMPS	=	0x62c1
                    62D0    856 _CMPCTL	=	0x62d0
                    6000    857 _RFCORE_RAM	=	0x6000
                    6000    858 _RXFIFO	=	0x6000
                    6080    859 _TXFIFO	=	0x6080
                    6100    860 _SRC_ADDR_TABLE	=	0x6100
                    6160    861 _SRCRESMASK0	=	0x6160
                    6161    862 _SRCRESMASK1	=	0x6161
                    6162    863 _SRCRESMASK2	=	0x6162
                    6163    864 _SRCRESINDEX	=	0x6163
                    6164    865 _SRCEXTPENDEN0	=	0x6164
                    6165    866 _SRCEXTPENDEN1	=	0x6165
                    6166    867 _SRCEXTPENDEN2	=	0x6166
                    6167    868 _SRCSHORTPENDEN0	=	0x6167
                    6168    869 _SRCSHORTPENDEN1	=	0x6168
                    6169    870 _SRCSHORTPENDEN2	=	0x6169
                    616A    871 _EXT_ADDR0	=	0x616a
                    616B    872 _EXT_ADDR1	=	0x616b
                    616C    873 _EXT_ADDR2	=	0x616c
                    616D    874 _EXT_ADDR3	=	0x616d
                    616E    875 _EXT_ADDR4	=	0x616e
                    616F    876 _EXT_ADDR5	=	0x616f
                    6170    877 _EXT_ADDR6	=	0x6170
                    6171    878 _EXT_ADDR7	=	0x6171
                    6172    879 _PAN_ID0	=	0x6172
                    6173    880 _PAN_ID1	=	0x6173
                    6174    881 _SHORT_ADDR0	=	0x6174
                    6175    882 _SHORT_ADDR1	=	0x6175
                    6180    883 _FRMFILT0	=	0x6180
                    6181    884 _FRMFILT1	=	0x6181
                    6182    885 _SRCMATCH	=	0x6182
                    6183    886 _SRCSHORTEN0	=	0x6183
                    6184    887 _SRCSHORTEN1	=	0x6184
                    6185    888 _SRCSHORTEN2	=	0x6185
                    6186    889 _SRCEXTEN0	=	0x6186
                    6187    890 _SRCEXTEN1	=	0x6187
                    6188    891 _SRCEXTEN2	=	0x6188
                    6189    892 _FRMCTRL0	=	0x6189
                    618A    893 _FRMCTRL1	=	0x618a
                    618B    894 _RXENABLE	=	0x618b
                    618C    895 _RXMASKSET	=	0x618c
                    618D    896 _RXMASKCLR	=	0x618d
                    618E    897 _FREQTUNE	=	0x618e
                    618F    898 _FREQCTRL	=	0x618f
                    6190    899 _TXPOWER	=	0x6190
                    6191    900 _TXCTRL	=	0x6191
                    6192    901 _FSMSTAT0	=	0x6192
                    6193    902 _FSMSTAT1	=	0x6193
                    6194    903 _FIFOPCTRL	=	0x6194
                    6195    904 _FSMCTRL	=	0x6195
                    6196    905 _CCACTRL0	=	0x6196
                    6197    906 _CCACTRL1	=	0x6197
                    6198    907 _RSSI	=	0x6198
                    6199    908 _RSSISTAT	=	0x6199
                    619A    909 _RXFIRST	=	0x619a
                    619B    910 _RXFIFOCNT	=	0x619b
                    619C    911 _TXFIFOCNT	=	0x619c
                    619D    912 _RXFIRST_PTR	=	0x619d
                    619E    913 _RXLAST_PTR	=	0x619e
                    619F    914 _RXP1_PTR	=	0x619f
                    61A1    915 _TXFIRST_PTR	=	0x61a1
                    61A2    916 _TXLAST_PTR	=	0x61a2
                    61A3    917 _RFIRQM0	=	0x61a3
                    61A4    918 _RFIRQM1	=	0x61a4
                    61A5    919 _RFERRM	=	0x61a5
                    61A7    920 _RFRND	=	0x61a7
                    61A8    921 _MDMCTRL0	=	0x61a8
                    61A9    922 _MDMCTRL1	=	0x61a9
                    61AA    923 _FREQEST	=	0x61aa
                    61AB    924 _RXCTRL	=	0x61ab
                    61AC    925 _FSCTRL	=	0x61ac
                    61AD    926 _FSCAL0	=	0x61ad
                    61AE    927 _FSCAL1	=	0x61ae
                    61AF    928 _FSCAL2	=	0x61af
                    61B0    929 _FSCAL3	=	0x61b0
                    61B1    930 _AGCCTRL0	=	0x61b1
                    61B2    931 _AGCCTRL1	=	0x61b2
                    61B3    932 _AGCCTRL2	=	0x61b3
                    61B4    933 _AGCCTRL3	=	0x61b4
                    61B5    934 _ADCTEST0	=	0x61b5
                    61B6    935 _ADCTEST1	=	0x61b6
                    61B7    936 _ADCTEST2	=	0x61b7
                    61B8    937 _MDMTEST0	=	0x61b8
                    61B9    938 _MDMTEST1	=	0x61b9
                    61BA    939 _DACTEST0	=	0x61ba
                    61BB    940 _DACTEST1	=	0x61bb
                    61BC    941 _DACTEST2	=	0x61bc
                    61BD    942 _ATEST	=	0x61bd
                    61BE    943 _PTEST0	=	0x61be
                    61BF    944 _PTEST1	=	0x61bf
                    61FA    945 _TXFILTCFG	=	0x61fa
                    61EB    946 _RFC_OBS_CTRL0	=	0x61eb
                    61EC    947 _RFC_OBS_CTRL1	=	0x61ec
                    61ED    948 _RFC_OBS_CTRL2	=	0x61ed
                    61C0    949 _CSPPROG0	=	0x61c0
                    61C1    950 _CSPPROG1	=	0x61c1
                    61C2    951 _CSPPROG2	=	0x61c2
                    61C3    952 _CSPPROG3	=	0x61c3
                    61C4    953 _CSPPROG4	=	0x61c4
                    61C5    954 _CSPPROG5	=	0x61c5
                    61C6    955 _CSPPROG6	=	0x61c6
                    61C7    956 _CSPPROG7	=	0x61c7
                    61C8    957 _CSPPROG8	=	0x61c8
                    61C9    958 _CSPPROG9	=	0x61c9
                    61CA    959 _CSPPROG10	=	0x61ca
                    61CB    960 _CSPPROG11	=	0x61cb
                    61CC    961 _CSPPROG12	=	0x61cc
                    61CD    962 _CSPPROG13	=	0x61cd
                    61CE    963 _CSPPROG14	=	0x61ce
                    61CF    964 _CSPPROG15	=	0x61cf
                    61D0    965 _CSPPROG16	=	0x61d0
                    61D1    966 _CSPPROG17	=	0x61d1
                    61D2    967 _CSPPROG18	=	0x61d2
                    61D3    968 _CSPPROG19	=	0x61d3
                    61D4    969 _CSPPROG20	=	0x61d4
                    61D5    970 _CSPPROG21	=	0x61d5
                    61D6    971 _CSPPROG22	=	0x61d6
                    61D7    972 _CSPPROG23	=	0x61d7
                    61E0    973 _CSPCTRL	=	0x61e0
                    61E1    974 _CSPSTAT	=	0x61e1
                    61E2    975 _CSPX	=	0x61e2
                    61E3    976 _CSPY	=	0x61e3
                    61E4    977 _CSPZ	=	0x61e4
                    61E5    978 _CSPT	=	0x61e5
                    6200    979 _USBADDR	=	0x6200
                    6201    980 _USBPOW	=	0x6201
                    6202    981 _USBIIF	=	0x6202
                    6204    982 _USBOIF	=	0x6204
                    6206    983 _USBCIF	=	0x6206
                    6207    984 _USBIIE	=	0x6207
                    6209    985 _USBOIE	=	0x6209
                    620B    986 _USBCIE	=	0x620b
                    620C    987 _USBFRML	=	0x620c
                    620D    988 _USBFRMH	=	0x620d
                    620E    989 _USBINDEX	=	0x620e
                    620F    990 _USBCTRL	=	0x620f
                    6210    991 _USBMAXI	=	0x6210
                    6211    992 _USBCS0	=	0x6211
                    6211    993 _USBCSIL	=	0x6211
                    6212    994 _USBCSIH	=	0x6212
                    6213    995 _USBMAXO	=	0x6213
                    6214    996 _USBCSOL	=	0x6214
                    6215    997 _USBCSOH	=	0x6215
                    6216    998 _USBCNT0	=	0x6216
                    6216    999 _USBCNTL	=	0x6216
                    6217   1000 _USBCNTH	=	0x6217
                    6220   1001 _USBF0	=	0x6220
                    6222   1002 _USBF1	=	0x6222
                    6224   1003 _USBF2	=	0x6224
                    6226   1004 _USBF3	=	0x6226
                    6228   1005 _USBF4	=	0x6228
                    622A   1006 _USBF5	=	0x622a
                    7080   1007 _X_P0	=	0x7080
                    7086   1008 _X_U0CSR	=	0x7086
                    7089   1009 _X_P0IFG	=	0x7089
                    708A   1010 _X_P1IFG	=	0x708a
                    708B   1011 _X_P2IFG	=	0x708b
                    708C   1012 _X_PICTL	=	0x708c
                    708D   1013 _X_P1IEN	=	0x708d
                    708F   1014 _X_P0INP	=	0x708f
                    7090   1015 _X_P1	=	0x7090
                    7091   1016 _X_RFIRQF1	=	0x7091
                    7093   1017 _X_MPAGE	=	0x7093
                    7093   1018 _X__XPAGE	=	0x7093
                    7094   1019 _X_T2CTRL	=	0x7094
                    7095   1020 _X_ST0	=	0x7095
                    7096   1021 _X_ST1	=	0x7096
                    7097   1022 _X_ST2	=	0x7097
                    709C   1023 _X_T2EVTCFG	=	0x709c
                    709D   1024 _X_SLEEPSTA	=	0x709d
                    709E   1025 _X_CLKCONSTA	=	0x709e
                    709F   1026 _X_FMAP	=	0x709f
                    709F   1027 _X_PSBANK	=	0x709f
                    70A0   1028 _X_P2	=	0x70a0
                    70A1   1029 _X_T2IRQF	=	0x70a1
                    70A2   1030 _X_T2M0	=	0x70a2
                    70A3   1031 _X_T2M1	=	0x70a3
                    70A4   1032 _X_T2MOVF0	=	0x70a4
                    70A5   1033 _X_T2MOVF1	=	0x70a5
                    70A6   1034 _X_T2MOVF2	=	0x70a6
                    70A7   1035 _X_T2IRQM	=	0x70a7
                    70AB   1036 _X_P0IEN	=	0x70ab
                    70AC   1037 _X_P2IEN	=	0x70ac
                    70AD   1038 _X_STLOAD	=	0x70ad
                    70AE   1039 _X_PMUX	=	0x70ae
                    70AF   1040 _X_T1STAT	=	0x70af
                    70B1   1041 _X_ENCDI	=	0x70b1
                    70B2   1042 _X_ENCDO	=	0x70b2
                    70B3   1043 _X_ENCCS	=	0x70b3
                    70B4   1044 _X_ADCCON1	=	0x70b4
                    70B5   1045 _X_ADCCON2	=	0x70b5
                    70B6   1046 _X_ADCCON3	=	0x70b6
                    70BA   1047 _X_ADCL	=	0x70ba
                    70BB   1048 _X_ADCH	=	0x70bb
                    70BC   1049 _X_RNDL	=	0x70bc
                    70BD   1050 _X_RNDH	=	0x70bd
                    70BE   1051 _X_SLEEPCMD	=	0x70be
                    70BF   1052 _X_RFERRF	=	0x70bf
                    70C1   1053 _X_U0DBUF	=	0x70c1
                    70C2   1054 _X_U0BAUD	=	0x70c2
                    70C3   1055 _X_T2MSEL	=	0x70c3
                    70C4   1056 _X_U0UCR	=	0x70c4
                    70C5   1057 _X_U0GCR	=	0x70c5
                    70C6   1058 _X_CLKCONCMD	=	0x70c6
                    70C7   1059 _X_MEMCTR	=	0x70c7
                    70C9   1060 _X_WDCTL	=	0x70c9
                    70CA   1061 _X_T3CNT	=	0x70ca
                    70CB   1062 _X_T3CTL	=	0x70cb
                    70CC   1063 _X_T3CCTL0	=	0x70cc
                    70CD   1064 _X_T3CC0	=	0x70cd
                    70CE   1065 _X_T3CCTL1	=	0x70ce
                    70CF   1066 _X_T3CC1	=	0x70cf
                    70D1   1067 _X_DMAIRQ	=	0x70d1
                    70D2   1068 _X_DMA1CFGL	=	0x70d2
                    70D3   1069 _X_DMA1CFGH	=	0x70d3
                    70D4   1070 _X_DMA0CFGL	=	0x70d4
                    70D5   1071 _X_DMA0CFGH	=	0x70d5
                    70D6   1072 _X_DMAARM	=	0x70d6
                    70D7   1073 _X_DMAREQ	=	0x70d7
                    70D8   1074 _X_TIMIF	=	0x70d8
                    70D9   1075 _X_RFD	=	0x70d9
                    70DA   1076 _X_T1CC0L	=	0x70da
                    70DB   1077 _X_T1CC0H	=	0x70db
                    70DC   1078 _X_T1CC1L	=	0x70dc
                    70DD   1079 _X_T1CC1H	=	0x70dd
                    70DE   1080 _X_T1CC2L	=	0x70de
                    70DF   1081 _X_T1CC2H	=	0x70df
                    70E1   1082 _X_RFST	=	0x70e1
                    70E2   1083 _X_T1CNTL	=	0x70e2
                    70E3   1084 _X_T1CNTH	=	0x70e3
                    70E4   1085 _X_T1CTL	=	0x70e4
                    70E5   1086 _X_T1CCTL0	=	0x70e5
                    70E6   1087 _X_T1CCTL1	=	0x70e6
                    70E7   1088 _X_T1CCTL2	=	0x70e7
                    70E9   1089 _X_RFIRQF0	=	0x70e9
                    70EA   1090 _X_T4CNT	=	0x70ea
                    70EB   1091 _X_T4CTL	=	0x70eb
                    70EC   1092 _X_T4CCTL0	=	0x70ec
                    70ED   1093 _X_T4CC0	=	0x70ed
                    70EE   1094 _X_T4CCTL1	=	0x70ee
                    70EF   1095 _X_T4CC1	=	0x70ef
                    70F1   1096 _X_PERCFG	=	0x70f1
                    70F2   1097 _X_APCFG	=	0x70f2
                    70F3   1098 _X_P0SEL	=	0x70f3
                    70F4   1099 _X_P1SEL	=	0x70f4
                    70F5   1100 _X_P2SEL	=	0x70f5
                    70F6   1101 _X_P1INP	=	0x70f6
                    70F7   1102 _X_P2INP	=	0x70f7
                    70F8   1103 _X_U1CSR	=	0x70f8
                    70F9   1104 _X_U1DBUF	=	0x70f9
                    70FA   1105 _X_U1BAUD	=	0x70fa
                    70FB   1106 _X_U1UCR	=	0x70fb
                    70FC   1107 _X_U1GCR	=	0x70fc
                    70FD   1108 _X_P0DIR	=	0x70fd
                    70FE   1109 _X_P1DIR	=	0x70fe
                    70FF   1110 _X_P2DIR	=	0x70ff
                    7800   1111 _X_INFOPAGE	=	0x7800
                    780C   1112 _X_IEEE_ADDR	=	0x780c
   0000                    1113 _uart0_input_handler:
   0000                    1114 	.ds 3
                           1115 ;--------------------------------------------------------
                           1116 ; absolute external ram data
                           1117 ;--------------------------------------------------------
                           1118 	.area XABS    (ABS,XDATA)
                           1119 ;--------------------------------------------------------
                           1120 ; external initialized ram data
                           1121 ;--------------------------------------------------------
                           1122 	.area XISEG   (XDATA)
                           1123 	.area HOME    (CODE)
                           1124 	.area GSINIT0 (CODE)
                           1125 	.area GSINIT1 (CODE)
                           1126 	.area GSINIT2 (CODE)
                           1127 	.area GSINIT3 (CODE)
                           1128 	.area GSINIT4 (CODE)
                           1129 	.area GSINIT5 (CODE)
                           1130 	.area GSINIT  (CODE)
                           1131 	.area GSFINAL (CODE)
                           1132 	.area CSEG    (CODE)
                           1133 ;--------------------------------------------------------
                           1134 ; global & static initialisations
                           1135 ;--------------------------------------------------------
                           1136 	.area HOME    (CODE)
                           1137 	.area GSINIT  (CODE)
                           1138 	.area GSFINAL (CODE)
                           1139 	.area GSINIT  (CODE)
                           1140 ;--------------------------------------------------------
                           1141 ; Home
                           1142 ;--------------------------------------------------------
                           1143 	.area HOME    (CODE)
                           1144 	.area HOME    (CODE)
                           1145 ;--------------------------------------------------------
                           1146 ; code
                           1147 ;--------------------------------------------------------
                           1148 	.area HOME    (CODE)
                           1149 ;------------------------------------------------------------
                           1150 ;Allocation info for local variables in function 'uart0_set_input'
                           1151 ;------------------------------------------------------------
                           1152 ;input                     Allocated to registers 
                           1153 ;------------------------------------------------------------
                           1154 ;	../../../contiki-sensinode//cpu/cc253x/dev/uart-intr.c:30: uart0_set_input(int (* input)(unsigned char c))
                           1155 ;	-----------------------------------------
                           1156 ;	 function uart0_set_input
                           1157 ;	-----------------------------------------
   0000                    1158 _uart0_set_input:
                    0007   1159 	ar7 = 0x07
                    0006   1160 	ar6 = 0x06
                    0005   1161 	ar5 = 0x05
                    0004   1162 	ar4 = 0x04
                    0003   1163 	ar3 = 0x03
                    0002   1164 	ar2 = 0x02
                    0001   1165 	ar1 = 0x01
                    0000   1166 	ar0 = 0x00
   0000 AF F0              1167 	mov	r7,b
   0002 AE 83              1168 	mov	r6,dph
   0004 E5 82              1169 	mov	a,dpl
   0006 90s00r00           1170 	mov	dptr,#_uart0_input_handler
   0009 F0                 1171 	movx	@dptr,a
   000A A3                 1172 	inc	dptr
   000B EE                 1173 	mov	a,r6
   000C F0                 1174 	movx	@dptr,a
   000D A3                 1175 	inc	dptr
   000E EF                 1176 	mov	a,r7
   000F F0                 1177 	movx	@dptr,a
                           1178 ;	../../../contiki-sensinode//cpu/cc253x/dev/uart-intr.c:32: uart0_input_handler = input;
   0010 02s00r00           1179 	ljmp	__sdcc_banked_ret
                           1180 	.area CSEG    (CODE)
                           1181 	.area CONST   (CODE)
                           1182 	.area XINIT   (CODE)
                           1183 	.area CABS    (ABS,CODE)
