                              1 ;--------------------------------------------------------
                              2 ; File Created by SDCC : free open source ANSI-C Compiler
                              3 ; Version 3.1.1 #7100 (Oct 29 2014) (Linux)
                              4 ; This file was generated Wed Dec  2 18:10:57 2015
                              5 ;--------------------------------------------------------
                              6 	.module uip_debug
                              7 	.optsdcc -mmcs51 --model-huge
                              8 	
                              9 ;--------------------------------------------------------
                             10 ; Public variables in this module
                             11 ;--------------------------------------------------------
                             12 	.globl _puthex
                             13 	.globl _putstring
                             14 	.globl _ACTIVE
                             15 	.globl _TX_BYTE
                             16 	.globl _RX_BYTE
                             17 	.globl _ERR
                             18 	.globl _FE
                             19 	.globl _SLAVE
                             20 	.globl _RE
                             21 	.globl _MODE
                             22 	.globl _T3OVFIF
                             23 	.globl _T3CH0IF
                             24 	.globl _T3CH1IF
                             25 	.globl _T4OVFIF
                             26 	.globl _T4CH0IF
                             27 	.globl _T4CH1IF
                             28 	.globl _OVFIM
                             29 	.globl _B_0
                             30 	.globl _B_1
                             31 	.globl _B_2
                             32 	.globl _B_3
                             33 	.globl _B_4
                             34 	.globl _B_5
                             35 	.globl _B_6
                             36 	.globl _B_7
                             37 	.globl _P2IF
                             38 	.globl _UTX0IF
                             39 	.globl _UTX1IF
                             40 	.globl _P1IF
                             41 	.globl _WDTIF
                             42 	.globl _ACC_0
                             43 	.globl _ACC_1
                             44 	.globl _ACC_2
                             45 	.globl _ACC_3
                             46 	.globl _ACC_4
                             47 	.globl _ACC_5
                             48 	.globl _ACC_6
                             49 	.globl _ACC_7
                             50 	.globl _P
                             51 	.globl _F1
                             52 	.globl _OV
                             53 	.globl _RS0
                             54 	.globl _RS1
                             55 	.globl _F0
                             56 	.globl _AC
                             57 	.globl _CY
                             58 	.globl _DMAIF
                             59 	.globl _T1IF
                             60 	.globl _T2IF
                             61 	.globl _T3IF
                             62 	.globl _T4IF
                             63 	.globl _P0IF
                             64 	.globl _STIF
                             65 	.globl _DMAIE
                             66 	.globl _T1IE
                             67 	.globl _T2IE
                             68 	.globl _T3IE
                             69 	.globl _T4IE
                             70 	.globl _P0IE
                             71 	.globl _RFERRIE
                             72 	.globl _ADCIE
                             73 	.globl _URX0IE
                             74 	.globl _URX1IE
                             75 	.globl _ENCIE
                             76 	.globl _STIE
                             77 	.globl _EA
                             78 	.globl _P2_0
                             79 	.globl _P2_1
                             80 	.globl _P2_2
                             81 	.globl _P2_3
                             82 	.globl _P2_4
                             83 	.globl _P2_5
                             84 	.globl _P2_6
                             85 	.globl _P2_7
                             86 	.globl _ENCIF_0
                             87 	.globl _ENCIF_1
                             88 	.globl _P1_0
                             89 	.globl _P1_1
                             90 	.globl _P1_2
                             91 	.globl _P1_3
                             92 	.globl _P1_4
                             93 	.globl _P1_5
                             94 	.globl _P1_6
                             95 	.globl _P1_7
                             96 	.globl _IT0
                             97 	.globl _RFERRIF
                             98 	.globl _IT1
                             99 	.globl _URX0IF
                            100 	.globl _ADCIF
                            101 	.globl _URX1IF
                            102 	.globl _P0_0
                            103 	.globl _P0_1
                            104 	.globl _P0_2
                            105 	.globl _P0_3
                            106 	.globl _P0_4
                            107 	.globl _P0_5
                            108 	.globl _P0_6
                            109 	.globl _P0_7
                            110 	.globl _WDCTL
                            111 	.globl _U1GCR
                            112 	.globl _U1UCR
                            113 	.globl _U1BAUD
                            114 	.globl _U1DBUF
                            115 	.globl _U1CSR
                            116 	.globl _U0GCR
                            117 	.globl _U0UCR
                            118 	.globl _U0BAUD
                            119 	.globl _U0DBUF
                            120 	.globl _U0CSR
                            121 	.globl _TIMIF
                            122 	.globl _T4CC1
                            123 	.globl _T4CCTL1
                            124 	.globl _T4CC0
                            125 	.globl _T4CCTL0
                            126 	.globl _T4CTL
                            127 	.globl _T4CNT
                            128 	.globl _T3CC1
                            129 	.globl _T3CCTL1
                            130 	.globl _T3CC0
                            131 	.globl _T3CCTL0
                            132 	.globl _T3CTL
                            133 	.globl _T3CNT
                            134 	.globl _T2MSEL
                            135 	.globl _T2IRQM
                            136 	.globl _T2MOVF2
                            137 	.globl _T2MOVF1
                            138 	.globl _T2MOVF0
                            139 	.globl _T2M1
                            140 	.globl _T2M0
                            141 	.globl _T2IRQF
                            142 	.globl _T2EVTCFG
                            143 	.globl _T2CTRL
                            144 	.globl _T1STAT
                            145 	.globl _T1CCTL2
                            146 	.globl _T1CCTL1
                            147 	.globl _T1CCTL0
                            148 	.globl _T1CTL
                            149 	.globl _T1CNTH
                            150 	.globl _T1CNTL
                            151 	.globl _T1CC2H
                            152 	.globl _T1CC2L
                            153 	.globl _T1CC1H
                            154 	.globl _T1CC1L
                            155 	.globl _T1CC0H
                            156 	.globl _T1CC0L
                            157 	.globl _CLKCONSTA
                            158 	.globl _CLKCONCMD
                            159 	.globl _SLEEPSTA
                            160 	.globl _SLEEPCMD
                            161 	.globl _STLOAD
                            162 	.globl _ST2
                            163 	.globl _ST1
                            164 	.globl _ST0
                            165 	.globl _RFERRF
                            166 	.globl _RFIRQF0
                            167 	.globl _RFST
                            168 	.globl _RFD
                            169 	.globl _RFIRQF1
                            170 	.globl _PSBANK
                            171 	.globl _FMAP
                            172 	.globl _MEMCTR
                            173 	.globl __XPAGE
                            174 	.globl _MPAGE
                            175 	.globl _PMUX
                            176 	.globl _P2DIR
                            177 	.globl _P1DIR
                            178 	.globl _P0DIR
                            179 	.globl _P2INP
                            180 	.globl _P1INP
                            181 	.globl _P2SEL
                            182 	.globl _P1SEL
                            183 	.globl _P0SEL
                            184 	.globl _APCFG
                            185 	.globl _PERCFG
                            186 	.globl _P0INP
                            187 	.globl _P2IEN
                            188 	.globl _P1IEN
                            189 	.globl _P0IEN
                            190 	.globl _PICTL
                            191 	.globl _P2IFG
                            192 	.globl _P1IFG
                            193 	.globl _P0IFG
                            194 	.globl _DMAREQ
                            195 	.globl _DMAARM
                            196 	.globl _DMA0CFGH
                            197 	.globl _DMA0CFGL
                            198 	.globl _DMA1CFGH
                            199 	.globl _DMA1CFGL
                            200 	.globl _DMAIRQ
                            201 	.globl _ENCCS
                            202 	.globl _ENCDO
                            203 	.globl _ENCDI
                            204 	.globl _RNDH
                            205 	.globl _RNDL
                            206 	.globl _ADCH
                            207 	.globl _ADCL
                            208 	.globl _ADCCON3
                            209 	.globl _ADCCON2
                            210 	.globl _ADCCON1
                            211 	.globl _B
                            212 	.globl _IRCON2
                            213 	.globl _ACC
                            214 	.globl _PSW
                            215 	.globl _IRCON
                            216 	.globl _IP1
                            217 	.globl _IEN1
                            218 	.globl _IP0
                            219 	.globl _IEN0
                            220 	.globl _P2
                            221 	.globl _S1CON
                            222 	.globl _IEN2
                            223 	.globl _S0CON
                            224 	.globl _DPS
                            225 	.globl _P1
                            226 	.globl _TCON
                            227 	.globl _PCON
                            228 	.globl _DPH1
                            229 	.globl _DPL1
                            230 	.globl _DPH0
                            231 	.globl _DPL0
                            232 	.globl _SP
                            233 	.globl _P0
                            234 	.globl _X_IEEE_ADDR
                            235 	.globl _X_INFOPAGE
                            236 	.globl _X_P2DIR
                            237 	.globl _X_P1DIR
                            238 	.globl _X_P0DIR
                            239 	.globl _X_U1GCR
                            240 	.globl _X_U1UCR
                            241 	.globl _X_U1BAUD
                            242 	.globl _X_U1DBUF
                            243 	.globl _X_U1CSR
                            244 	.globl _X_P2INP
                            245 	.globl _X_P1INP
                            246 	.globl _X_P2SEL
                            247 	.globl _X_P1SEL
                            248 	.globl _X_P0SEL
                            249 	.globl _X_APCFG
                            250 	.globl _X_PERCFG
                            251 	.globl _X_T4CC1
                            252 	.globl _X_T4CCTL1
                            253 	.globl _X_T4CC0
                            254 	.globl _X_T4CCTL0
                            255 	.globl _X_T4CTL
                            256 	.globl _X_T4CNT
                            257 	.globl _X_RFIRQF0
                            258 	.globl _X_T1CCTL2
                            259 	.globl _X_T1CCTL1
                            260 	.globl _X_T1CCTL0
                            261 	.globl _X_T1CTL
                            262 	.globl _X_T1CNTH
                            263 	.globl _X_T1CNTL
                            264 	.globl _X_RFST
                            265 	.globl _X_T1CC2H
                            266 	.globl _X_T1CC2L
                            267 	.globl _X_T1CC1H
                            268 	.globl _X_T1CC1L
                            269 	.globl _X_T1CC0H
                            270 	.globl _X_T1CC0L
                            271 	.globl _X_RFD
                            272 	.globl _X_TIMIF
                            273 	.globl _X_DMAREQ
                            274 	.globl _X_DMAARM
                            275 	.globl _X_DMA0CFGH
                            276 	.globl _X_DMA0CFGL
                            277 	.globl _X_DMA1CFGH
                            278 	.globl _X_DMA1CFGL
                            279 	.globl _X_DMAIRQ
                            280 	.globl _X_T3CC1
                            281 	.globl _X_T3CCTL1
                            282 	.globl _X_T3CC0
                            283 	.globl _X_T3CCTL0
                            284 	.globl _X_T3CTL
                            285 	.globl _X_T3CNT
                            286 	.globl _X_WDCTL
                            287 	.globl _X_MEMCTR
                            288 	.globl _X_CLKCONCMD
                            289 	.globl _X_U0GCR
                            290 	.globl _X_U0UCR
                            291 	.globl _X_T2MSEL
                            292 	.globl _X_U0BAUD
                            293 	.globl _X_U0DBUF
                            294 	.globl _X_RFERRF
                            295 	.globl _X_SLEEPCMD
                            296 	.globl _X_RNDH
                            297 	.globl _X_RNDL
                            298 	.globl _X_ADCH
                            299 	.globl _X_ADCL
                            300 	.globl _X_ADCCON3
                            301 	.globl _X_ADCCON2
                            302 	.globl _X_ADCCON1
                            303 	.globl _X_ENCCS
                            304 	.globl _X_ENCDO
                            305 	.globl _X_ENCDI
                            306 	.globl _X_T1STAT
                            307 	.globl _X_PMUX
                            308 	.globl _X_STLOAD
                            309 	.globl _X_P2IEN
                            310 	.globl _X_P0IEN
                            311 	.globl _X_T2IRQM
                            312 	.globl _X_T2MOVF2
                            313 	.globl _X_T2MOVF1
                            314 	.globl _X_T2MOVF0
                            315 	.globl _X_T2M1
                            316 	.globl _X_T2M0
                            317 	.globl _X_T2IRQF
                            318 	.globl _X_P2
                            319 	.globl _X_PSBANK
                            320 	.globl _X_FMAP
                            321 	.globl _X_CLKCONSTA
                            322 	.globl _X_SLEEPSTA
                            323 	.globl _X_T2EVTCFG
                            324 	.globl _X_ST2
                            325 	.globl _X_ST1
                            326 	.globl _X_ST0
                            327 	.globl _X_T2CTRL
                            328 	.globl _X__XPAGE
                            329 	.globl _X_MPAGE
                            330 	.globl _X_RFIRQF1
                            331 	.globl _X_P1
                            332 	.globl _X_P0INP
                            333 	.globl _X_P1IEN
                            334 	.globl _X_PICTL
                            335 	.globl _X_P2IFG
                            336 	.globl _X_P1IFG
                            337 	.globl _X_P0IFG
                            338 	.globl _X_U0CSR
                            339 	.globl _X_P0
                            340 	.globl _USBF5
                            341 	.globl _USBF4
                            342 	.globl _USBF3
                            343 	.globl _USBF2
                            344 	.globl _USBF1
                            345 	.globl _USBF0
                            346 	.globl _USBCNTH
                            347 	.globl _USBCNTL
                            348 	.globl _USBCNT0
                            349 	.globl _USBCSOH
                            350 	.globl _USBCSOL
                            351 	.globl _USBMAXO
                            352 	.globl _USBCSIH
                            353 	.globl _USBCSIL
                            354 	.globl _USBCS0
                            355 	.globl _USBMAXI
                            356 	.globl _USBCTRL
                            357 	.globl _USBINDEX
                            358 	.globl _USBFRMH
                            359 	.globl _USBFRML
                            360 	.globl _USBCIE
                            361 	.globl _USBOIE
                            362 	.globl _USBIIE
                            363 	.globl _USBCIF
                            364 	.globl _USBOIF
                            365 	.globl _USBIIF
                            366 	.globl _USBPOW
                            367 	.globl _USBADDR
                            368 	.globl _CSPT
                            369 	.globl _CSPZ
                            370 	.globl _CSPY
                            371 	.globl _CSPX
                            372 	.globl _CSPSTAT
                            373 	.globl _CSPCTRL
                            374 	.globl _CSPPROG23
                            375 	.globl _CSPPROG22
                            376 	.globl _CSPPROG21
                            377 	.globl _CSPPROG20
                            378 	.globl _CSPPROG19
                            379 	.globl _CSPPROG18
                            380 	.globl _CSPPROG17
                            381 	.globl _CSPPROG16
                            382 	.globl _CSPPROG15
                            383 	.globl _CSPPROG14
                            384 	.globl _CSPPROG13
                            385 	.globl _CSPPROG12
                            386 	.globl _CSPPROG11
                            387 	.globl _CSPPROG10
                            388 	.globl _CSPPROG9
                            389 	.globl _CSPPROG8
                            390 	.globl _CSPPROG7
                            391 	.globl _CSPPROG6
                            392 	.globl _CSPPROG5
                            393 	.globl _CSPPROG4
                            394 	.globl _CSPPROG3
                            395 	.globl _CSPPROG2
                            396 	.globl _CSPPROG1
                            397 	.globl _CSPPROG0
                            398 	.globl _RFC_OBS_CTRL2
                            399 	.globl _RFC_OBS_CTRL1
                            400 	.globl _RFC_OBS_CTRL0
                            401 	.globl _TXFILTCFG
                            402 	.globl _PTEST1
                            403 	.globl _PTEST0
                            404 	.globl _ATEST
                            405 	.globl _DACTEST2
                            406 	.globl _DACTEST1
                            407 	.globl _DACTEST0
                            408 	.globl _MDMTEST1
                            409 	.globl _MDMTEST0
                            410 	.globl _ADCTEST2
                            411 	.globl _ADCTEST1
                            412 	.globl _ADCTEST0
                            413 	.globl _AGCCTRL3
                            414 	.globl _AGCCTRL2
                            415 	.globl _AGCCTRL1
                            416 	.globl _AGCCTRL0
                            417 	.globl _FSCAL3
                            418 	.globl _FSCAL2
                            419 	.globl _FSCAL1
                            420 	.globl _FSCAL0
                            421 	.globl _FSCTRL
                            422 	.globl _RXCTRL
                            423 	.globl _FREQEST
                            424 	.globl _MDMCTRL1
                            425 	.globl _MDMCTRL0
                            426 	.globl _RFRND
                            427 	.globl _RFERRM
                            428 	.globl _RFIRQM1
                            429 	.globl _RFIRQM0
                            430 	.globl _TXLAST_PTR
                            431 	.globl _TXFIRST_PTR
                            432 	.globl _RXP1_PTR
                            433 	.globl _RXLAST_PTR
                            434 	.globl _RXFIRST_PTR
                            435 	.globl _TXFIFOCNT
                            436 	.globl _RXFIFOCNT
                            437 	.globl _RXFIRST
                            438 	.globl _RSSISTAT
                            439 	.globl _RSSI
                            440 	.globl _CCACTRL1
                            441 	.globl _CCACTRL0
                            442 	.globl _FSMCTRL
                            443 	.globl _FIFOPCTRL
                            444 	.globl _FSMSTAT1
                            445 	.globl _FSMSTAT0
                            446 	.globl _TXCTRL
                            447 	.globl _TXPOWER
                            448 	.globl _FREQCTRL
                            449 	.globl _FREQTUNE
                            450 	.globl _RXMASKCLR
                            451 	.globl _RXMASKSET
                            452 	.globl _RXENABLE
                            453 	.globl _FRMCTRL1
                            454 	.globl _FRMCTRL0
                            455 	.globl _SRCEXTEN2
                            456 	.globl _SRCEXTEN1
                            457 	.globl _SRCEXTEN0
                            458 	.globl _SRCSHORTEN2
                            459 	.globl _SRCSHORTEN1
                            460 	.globl _SRCSHORTEN0
                            461 	.globl _SRCMATCH
                            462 	.globl _FRMFILT1
                            463 	.globl _FRMFILT0
                            464 	.globl _SHORT_ADDR1
                            465 	.globl _SHORT_ADDR0
                            466 	.globl _PAN_ID1
                            467 	.globl _PAN_ID0
                            468 	.globl _EXT_ADDR7
                            469 	.globl _EXT_ADDR6
                            470 	.globl _EXT_ADDR5
                            471 	.globl _EXT_ADDR4
                            472 	.globl _EXT_ADDR3
                            473 	.globl _EXT_ADDR2
                            474 	.globl _EXT_ADDR1
                            475 	.globl _EXT_ADDR0
                            476 	.globl _SRCSHORTPENDEN2
                            477 	.globl _SRCSHORTPENDEN1
                            478 	.globl _SRCSHORTPENDEN0
                            479 	.globl _SRCEXTPENDEN2
                            480 	.globl _SRCEXTPENDEN1
                            481 	.globl _SRCEXTPENDEN0
                            482 	.globl _SRCRESINDEX
                            483 	.globl _SRCRESMASK2
                            484 	.globl _SRCRESMASK1
                            485 	.globl _SRCRESMASK0
                            486 	.globl _SRC_ADDR_TABLE
                            487 	.globl _TXFIFO
                            488 	.globl _RXFIFO
                            489 	.globl _RFCORE_RAM
                            490 	.globl _CMPCTL
                            491 	.globl _OPAMPS
                            492 	.globl _OPAMPC
                            493 	.globl _STCV2
                            494 	.globl _STCV1
                            495 	.globl _STCV0
                            496 	.globl _STCS
                            497 	.globl _STCC
                            498 	.globl _T1CC4H
                            499 	.globl _T1CC4L
                            500 	.globl _T1CC3H
                            501 	.globl _T1CC3L
                            502 	.globl _XX_T1CC2H
                            503 	.globl _XX_T1CC2L
                            504 	.globl _XX_T1CC1H
                            505 	.globl _XX_T1CC1L
                            506 	.globl _XX_T1CC0H
                            507 	.globl _XX_T1CC0L
                            508 	.globl _T1CCTL4
                            509 	.globl _T1CCTL3
                            510 	.globl _XX_T1CCTL2
                            511 	.globl _XX_T1CCTL1
                            512 	.globl _XX_T1CCTL0
                            513 	.globl _CLD
                            514 	.globl _IRCTL
                            515 	.globl _CHIPINFO1
                            516 	.globl _CHIPINFO0
                            517 	.globl _FWDATA
                            518 	.globl _FADDRH
                            519 	.globl _FADDRL
                            520 	.globl _FCTL
                            521 	.globl _IVCTRL
                            522 	.globl _BATTMON
                            523 	.globl _SRCRC
                            524 	.globl _DBGDATA
                            525 	.globl _TESTREG0
                            526 	.globl _CHIPID
                            527 	.globl _CHVER
                            528 	.globl _OBSSEL5
                            529 	.globl _OBSSEL4
                            530 	.globl _OBSSEL3
                            531 	.globl _OBSSEL2
                            532 	.globl _OBSSEL1
                            533 	.globl _OBSSEL0
                            534 	.globl _I2CIO
                            535 	.globl _I2CWC
                            536 	.globl _I2CADDR
                            537 	.globl _I2CDATA
                            538 	.globl _I2CSTAT
                            539 	.globl _I2CCFG
                            540 	.globl _OPAMPMC
                            541 	.globl _MONMUX
                            542 	.globl _uip_debug_ipaddr_print
                            543 	.globl _uip_debug_lladdr_print
                            544 ;--------------------------------------------------------
                            545 ; special function registers
                            546 ;--------------------------------------------------------
                            547 	.area RSEG    (ABS,DATA)
   0000                     548 	.org 0x0000
                    0080    549 _P0	=	0x0080
                    0081    550 _SP	=	0x0081
                    0082    551 _DPL0	=	0x0082
                    0083    552 _DPH0	=	0x0083
                    0084    553 _DPL1	=	0x0084
                    0085    554 _DPH1	=	0x0085
                    0087    555 _PCON	=	0x0087
                    0088    556 _TCON	=	0x0088
                    0090    557 _P1	=	0x0090
                    0092    558 _DPS	=	0x0092
                    0098    559 _S0CON	=	0x0098
                    009A    560 _IEN2	=	0x009a
                    009B    561 _S1CON	=	0x009b
                    00A0    562 _P2	=	0x00a0
                    00A8    563 _IEN0	=	0x00a8
                    00A9    564 _IP0	=	0x00a9
                    00B8    565 _IEN1	=	0x00b8
                    00B9    566 _IP1	=	0x00b9
                    00C0    567 _IRCON	=	0x00c0
                    00D0    568 _PSW	=	0x00d0
                    00E0    569 _ACC	=	0x00e0
                    00E8    570 _IRCON2	=	0x00e8
                    00F0    571 _B	=	0x00f0
                    00B4    572 _ADCCON1	=	0x00b4
                    00B5    573 _ADCCON2	=	0x00b5
                    00B6    574 _ADCCON3	=	0x00b6
                    00BA    575 _ADCL	=	0x00ba
                    00BB    576 _ADCH	=	0x00bb
                    00BC    577 _RNDL	=	0x00bc
                    00BD    578 _RNDH	=	0x00bd
                    00B1    579 _ENCDI	=	0x00b1
                    00B2    580 _ENCDO	=	0x00b2
                    00B3    581 _ENCCS	=	0x00b3
                    00D1    582 _DMAIRQ	=	0x00d1
                    00D2    583 _DMA1CFGL	=	0x00d2
                    00D3    584 _DMA1CFGH	=	0x00d3
                    00D4    585 _DMA0CFGL	=	0x00d4
                    00D5    586 _DMA0CFGH	=	0x00d5
                    00D6    587 _DMAARM	=	0x00d6
                    00D7    588 _DMAREQ	=	0x00d7
                    0089    589 _P0IFG	=	0x0089
                    008A    590 _P1IFG	=	0x008a
                    008B    591 _P2IFG	=	0x008b
                    008C    592 _PICTL	=	0x008c
                    00AB    593 _P0IEN	=	0x00ab
                    008D    594 _P1IEN	=	0x008d
                    00AC    595 _P2IEN	=	0x00ac
                    008F    596 _P0INP	=	0x008f
                    00F1    597 _PERCFG	=	0x00f1
                    00F2    598 _APCFG	=	0x00f2
                    00F3    599 _P0SEL	=	0x00f3
                    00F4    600 _P1SEL	=	0x00f4
                    00F5    601 _P2SEL	=	0x00f5
                    00F6    602 _P1INP	=	0x00f6
                    00F7    603 _P2INP	=	0x00f7
                    00FD    604 _P0DIR	=	0x00fd
                    00FE    605 _P1DIR	=	0x00fe
                    00FF    606 _P2DIR	=	0x00ff
                    00AE    607 _PMUX	=	0x00ae
                    0093    608 _MPAGE	=	0x0093
                    0093    609 __XPAGE	=	0x0093
                    00C7    610 _MEMCTR	=	0x00c7
                    009F    611 _FMAP	=	0x009f
                    009F    612 _PSBANK	=	0x009f
                    0091    613 _RFIRQF1	=	0x0091
                    00D9    614 _RFD	=	0x00d9
                    00E1    615 _RFST	=	0x00e1
                    00E9    616 _RFIRQF0	=	0x00e9
                    00BF    617 _RFERRF	=	0x00bf
                    0095    618 _ST0	=	0x0095
                    0096    619 _ST1	=	0x0096
                    0097    620 _ST2	=	0x0097
                    00AD    621 _STLOAD	=	0x00ad
                    00BE    622 _SLEEPCMD	=	0x00be
                    009D    623 _SLEEPSTA	=	0x009d
                    00C6    624 _CLKCONCMD	=	0x00c6
                    009E    625 _CLKCONSTA	=	0x009e
                    00DA    626 _T1CC0L	=	0x00da
                    00DB    627 _T1CC0H	=	0x00db
                    00DC    628 _T1CC1L	=	0x00dc
                    00DD    629 _T1CC1H	=	0x00dd
                    00DE    630 _T1CC2L	=	0x00de
                    00DF    631 _T1CC2H	=	0x00df
                    00E2    632 _T1CNTL	=	0x00e2
                    00E3    633 _T1CNTH	=	0x00e3
                    00E4    634 _T1CTL	=	0x00e4
                    00E5    635 _T1CCTL0	=	0x00e5
                    00E6    636 _T1CCTL1	=	0x00e6
                    00E7    637 _T1CCTL2	=	0x00e7
                    00AF    638 _T1STAT	=	0x00af
                    0094    639 _T2CTRL	=	0x0094
                    009C    640 _T2EVTCFG	=	0x009c
                    00A1    641 _T2IRQF	=	0x00a1
                    00A2    642 _T2M0	=	0x00a2
                    00A3    643 _T2M1	=	0x00a3
                    00A4    644 _T2MOVF0	=	0x00a4
                    00A5    645 _T2MOVF1	=	0x00a5
                    00A6    646 _T2MOVF2	=	0x00a6
                    00A7    647 _T2IRQM	=	0x00a7
                    00C3    648 _T2MSEL	=	0x00c3
                    00CA    649 _T3CNT	=	0x00ca
                    00CB    650 _T3CTL	=	0x00cb
                    00CC    651 _T3CCTL0	=	0x00cc
                    00CD    652 _T3CC0	=	0x00cd
                    00CE    653 _T3CCTL1	=	0x00ce
                    00CF    654 _T3CC1	=	0x00cf
                    00EA    655 _T4CNT	=	0x00ea
                    00EB    656 _T4CTL	=	0x00eb
                    00EC    657 _T4CCTL0	=	0x00ec
                    00ED    658 _T4CC0	=	0x00ed
                    00EE    659 _T4CCTL1	=	0x00ee
                    00EF    660 _T4CC1	=	0x00ef
                    00D8    661 _TIMIF	=	0x00d8
                    0086    662 _U0CSR	=	0x0086
                    00C1    663 _U0DBUF	=	0x00c1
                    00C2    664 _U0BAUD	=	0x00c2
                    00C4    665 _U0UCR	=	0x00c4
                    00C5    666 _U0GCR	=	0x00c5
                    00F8    667 _U1CSR	=	0x00f8
                    00F9    668 _U1DBUF	=	0x00f9
                    00FA    669 _U1BAUD	=	0x00fa
                    00FB    670 _U1UCR	=	0x00fb
                    00FC    671 _U1GCR	=	0x00fc
                    00C9    672 _WDCTL	=	0x00c9
                            673 ;--------------------------------------------------------
                            674 ; special function bits
                            675 ;--------------------------------------------------------
                            676 	.area RSEG    (ABS,DATA)
   0000                     677 	.org 0x0000
                    0087    678 _P0_7	=	0x0087
                    0086    679 _P0_6	=	0x0086
                    0085    680 _P0_5	=	0x0085
                    0084    681 _P0_4	=	0x0084
                    0083    682 _P0_3	=	0x0083
                    0082    683 _P0_2	=	0x0082
                    0081    684 _P0_1	=	0x0081
                    0080    685 _P0_0	=	0x0080
                    008F    686 _URX1IF	=	0x008f
                    008D    687 _ADCIF	=	0x008d
                    008B    688 _URX0IF	=	0x008b
                    008A    689 _IT1	=	0x008a
                    0089    690 _RFERRIF	=	0x0089
                    0088    691 _IT0	=	0x0088
                    0097    692 _P1_7	=	0x0097
                    0096    693 _P1_6	=	0x0096
                    0095    694 _P1_5	=	0x0095
                    0094    695 _P1_4	=	0x0094
                    0093    696 _P1_3	=	0x0093
                    0092    697 _P1_2	=	0x0092
                    0091    698 _P1_1	=	0x0091
                    0090    699 _P1_0	=	0x0090
                    0099    700 _ENCIF_1	=	0x0099
                    0098    701 _ENCIF_0	=	0x0098
                    00A7    702 _P2_7	=	0x00a7
                    00A6    703 _P2_6	=	0x00a6
                    00A5    704 _P2_5	=	0x00a5
                    00A4    705 _P2_4	=	0x00a4
                    00A3    706 _P2_3	=	0x00a3
                    00A2    707 _P2_2	=	0x00a2
                    00A1    708 _P2_1	=	0x00a1
                    00A0    709 _P2_0	=	0x00a0
                    00AF    710 _EA	=	0x00af
                    00AD    711 _STIE	=	0x00ad
                    00AC    712 _ENCIE	=	0x00ac
                    00AB    713 _URX1IE	=	0x00ab
                    00AA    714 _URX0IE	=	0x00aa
                    00A9    715 _ADCIE	=	0x00a9
                    00A8    716 _RFERRIE	=	0x00a8
                    00BD    717 _P0IE	=	0x00bd
                    00BC    718 _T4IE	=	0x00bc
                    00BB    719 _T3IE	=	0x00bb
                    00BA    720 _T2IE	=	0x00ba
                    00B9    721 _T1IE	=	0x00b9
                    00B8    722 _DMAIE	=	0x00b8
                    00C7    723 _STIF	=	0x00c7
                    00C5    724 _P0IF	=	0x00c5
                    00C4    725 _T4IF	=	0x00c4
                    00C3    726 _T3IF	=	0x00c3
                    00C2    727 _T2IF	=	0x00c2
                    00C1    728 _T1IF	=	0x00c1
                    00C0    729 _DMAIF	=	0x00c0
                    00D7    730 _CY	=	0x00d7
                    00D6    731 _AC	=	0x00d6
                    00D5    732 _F0	=	0x00d5
                    00D4    733 _RS1	=	0x00d4
                    00D3    734 _RS0	=	0x00d3
                    00D2    735 _OV	=	0x00d2
                    00D1    736 _F1	=	0x00d1
                    00D0    737 _P	=	0x00d0
                    00E7    738 _ACC_7	=	0x00e7
                    00E6    739 _ACC_6	=	0x00e6
                    00E5    740 _ACC_5	=	0x00e5
                    00E4    741 _ACC_4	=	0x00e4
                    00E3    742 _ACC_3	=	0x00e3
                    00E2    743 _ACC_2	=	0x00e2
                    00E1    744 _ACC_1	=	0x00e1
                    00E0    745 _ACC_0	=	0x00e0
                    00EC    746 _WDTIF	=	0x00ec
                    00EB    747 _P1IF	=	0x00eb
                    00EA    748 _UTX1IF	=	0x00ea
                    00E9    749 _UTX0IF	=	0x00e9
                    00E8    750 _P2IF	=	0x00e8
                    00F7    751 _B_7	=	0x00f7
                    00F6    752 _B_6	=	0x00f6
                    00F5    753 _B_5	=	0x00f5
                    00F4    754 _B_4	=	0x00f4
                    00F3    755 _B_3	=	0x00f3
                    00F2    756 _B_2	=	0x00f2
                    00F1    757 _B_1	=	0x00f1
                    00F0    758 _B_0	=	0x00f0
                    00DE    759 _OVFIM	=	0x00de
                    00DD    760 _T4CH1IF	=	0x00dd
                    00DC    761 _T4CH0IF	=	0x00dc
                    00DB    762 _T4OVFIF	=	0x00db
                    00DA    763 _T3CH1IF	=	0x00da
                    00D9    764 _T3CH0IF	=	0x00d9
                    00D8    765 _T3OVFIF	=	0x00d8
                    00FF    766 _MODE	=	0x00ff
                    00FE    767 _RE	=	0x00fe
                    00FD    768 _SLAVE	=	0x00fd
                    00FC    769 _FE	=	0x00fc
                    00FB    770 _ERR	=	0x00fb
                    00FA    771 _RX_BYTE	=	0x00fa
                    00F9    772 _TX_BYTE	=	0x00f9
                    00F8    773 _ACTIVE	=	0x00f8
                            774 ;--------------------------------------------------------
                            775 ; overlayable register banks
                            776 ;--------------------------------------------------------
                            777 	.area REG_BANK_0	(REL,OVR,DATA)
   0000                     778 	.ds 8
                            779 ;--------------------------------------------------------
                            780 ; internal ram data
                            781 ;--------------------------------------------------------
                            782 	.area DSEG    (DATA)
                            783 ;--------------------------------------------------------
                            784 ; overlayable items in internal ram 
                            785 ;--------------------------------------------------------
                            786 	.area OSEG    (OVR,DATA)
                            787 ;--------------------------------------------------------
                            788 ; indirectly addressable internal ram data
                            789 ;--------------------------------------------------------
                            790 	.area ISEG    (DATA)
                            791 ;--------------------------------------------------------
                            792 ; absolute internal ram data
                            793 ;--------------------------------------------------------
                            794 	.area IABS    (ABS,DATA)
                            795 	.area IABS    (ABS,DATA)
                            796 ;--------------------------------------------------------
                            797 ; bit data
                            798 ;--------------------------------------------------------
                            799 	.area BSEG    (BIT)
                            800 ;--------------------------------------------------------
                            801 ; paged external ram data
                            802 ;--------------------------------------------------------
                            803 	.area PSEG    (PAG,XDATA)
                            804 ;--------------------------------------------------------
                            805 ; external ram data
                            806 ;--------------------------------------------------------
                            807 	.area XSEG    (XDATA)
                    61A6    808 _MONMUX	=	0x61a6
                    61A6    809 _OPAMPMC	=	0x61a6
                    6230    810 _I2CCFG	=	0x6230
                    6231    811 _I2CSTAT	=	0x6231
                    6232    812 _I2CDATA	=	0x6232
                    6233    813 _I2CADDR	=	0x6233
                    6234    814 _I2CWC	=	0x6234
                    6235    815 _I2CIO	=	0x6235
                    6243    816 _OBSSEL0	=	0x6243
                    6244    817 _OBSSEL1	=	0x6244
                    6245    818 _OBSSEL2	=	0x6245
                    6246    819 _OBSSEL3	=	0x6246
                    6247    820 _OBSSEL4	=	0x6247
                    6248    821 _OBSSEL5	=	0x6248
                    6249    822 _CHVER	=	0x6249
                    624A    823 _CHIPID	=	0x624a
                    624B    824 _TESTREG0	=	0x624b
                    6260    825 _DBGDATA	=	0x6260
                    6262    826 _SRCRC	=	0x6262
                    6264    827 _BATTMON	=	0x6264
                    6265    828 _IVCTRL	=	0x6265
                    6270    829 _FCTL	=	0x6270
                    6271    830 _FADDRL	=	0x6271
                    6272    831 _FADDRH	=	0x6272
                    6273    832 _FWDATA	=	0x6273
                    6276    833 _CHIPINFO0	=	0x6276
                    6277    834 _CHIPINFO1	=	0x6277
                    6281    835 _IRCTL	=	0x6281
                    6290    836 _CLD	=	0x6290
                    62A0    837 _XX_T1CCTL0	=	0x62a0
                    62A1    838 _XX_T1CCTL1	=	0x62a1
                    62A2    839 _XX_T1CCTL2	=	0x62a2
                    62A3    840 _T1CCTL3	=	0x62a3
                    62A4    841 _T1CCTL4	=	0x62a4
                    62A6    842 _XX_T1CC0L	=	0x62a6
                    62A7    843 _XX_T1CC0H	=	0x62a7
                    62A8    844 _XX_T1CC1L	=	0x62a8
                    62A9    845 _XX_T1CC1H	=	0x62a9
                    62AA    846 _XX_T1CC2L	=	0x62aa
                    62AB    847 _XX_T1CC2H	=	0x62ab
                    62AC    848 _T1CC3L	=	0x62ac
                    62AD    849 _T1CC3H	=	0x62ad
                    62AE    850 _T1CC4L	=	0x62ae
                    62AF    851 _T1CC4H	=	0x62af
                    62B0    852 _STCC	=	0x62b0
                    62B1    853 _STCS	=	0x62b1
                    62B2    854 _STCV0	=	0x62b2
                    62B3    855 _STCV1	=	0x62b3
                    62B4    856 _STCV2	=	0x62b4
                    62C0    857 _OPAMPC	=	0x62c0
                    62C1    858 _OPAMPS	=	0x62c1
                    62D0    859 _CMPCTL	=	0x62d0
                    6000    860 _RFCORE_RAM	=	0x6000
                    6000    861 _RXFIFO	=	0x6000
                    6080    862 _TXFIFO	=	0x6080
                    6100    863 _SRC_ADDR_TABLE	=	0x6100
                    6160    864 _SRCRESMASK0	=	0x6160
                    6161    865 _SRCRESMASK1	=	0x6161
                    6162    866 _SRCRESMASK2	=	0x6162
                    6163    867 _SRCRESINDEX	=	0x6163
                    6164    868 _SRCEXTPENDEN0	=	0x6164
                    6165    869 _SRCEXTPENDEN1	=	0x6165
                    6166    870 _SRCEXTPENDEN2	=	0x6166
                    6167    871 _SRCSHORTPENDEN0	=	0x6167
                    6168    872 _SRCSHORTPENDEN1	=	0x6168
                    6169    873 _SRCSHORTPENDEN2	=	0x6169
                    616A    874 _EXT_ADDR0	=	0x616a
                    616B    875 _EXT_ADDR1	=	0x616b
                    616C    876 _EXT_ADDR2	=	0x616c
                    616D    877 _EXT_ADDR3	=	0x616d
                    616E    878 _EXT_ADDR4	=	0x616e
                    616F    879 _EXT_ADDR5	=	0x616f
                    6170    880 _EXT_ADDR6	=	0x6170
                    6171    881 _EXT_ADDR7	=	0x6171
                    6172    882 _PAN_ID0	=	0x6172
                    6173    883 _PAN_ID1	=	0x6173
                    6174    884 _SHORT_ADDR0	=	0x6174
                    6175    885 _SHORT_ADDR1	=	0x6175
                    6180    886 _FRMFILT0	=	0x6180
                    6181    887 _FRMFILT1	=	0x6181
                    6182    888 _SRCMATCH	=	0x6182
                    6183    889 _SRCSHORTEN0	=	0x6183
                    6184    890 _SRCSHORTEN1	=	0x6184
                    6185    891 _SRCSHORTEN2	=	0x6185
                    6186    892 _SRCEXTEN0	=	0x6186
                    6187    893 _SRCEXTEN1	=	0x6187
                    6188    894 _SRCEXTEN2	=	0x6188
                    6189    895 _FRMCTRL0	=	0x6189
                    618A    896 _FRMCTRL1	=	0x618a
                    618B    897 _RXENABLE	=	0x618b
                    618C    898 _RXMASKSET	=	0x618c
                    618D    899 _RXMASKCLR	=	0x618d
                    618E    900 _FREQTUNE	=	0x618e
                    618F    901 _FREQCTRL	=	0x618f
                    6190    902 _TXPOWER	=	0x6190
                    6191    903 _TXCTRL	=	0x6191
                    6192    904 _FSMSTAT0	=	0x6192
                    6193    905 _FSMSTAT1	=	0x6193
                    6194    906 _FIFOPCTRL	=	0x6194
                    6195    907 _FSMCTRL	=	0x6195
                    6196    908 _CCACTRL0	=	0x6196
                    6197    909 _CCACTRL1	=	0x6197
                    6198    910 _RSSI	=	0x6198
                    6199    911 _RSSISTAT	=	0x6199
                    619A    912 _RXFIRST	=	0x619a
                    619B    913 _RXFIFOCNT	=	0x619b
                    619C    914 _TXFIFOCNT	=	0x619c
                    619D    915 _RXFIRST_PTR	=	0x619d
                    619E    916 _RXLAST_PTR	=	0x619e
                    619F    917 _RXP1_PTR	=	0x619f
                    61A1    918 _TXFIRST_PTR	=	0x61a1
                    61A2    919 _TXLAST_PTR	=	0x61a2
                    61A3    920 _RFIRQM0	=	0x61a3
                    61A4    921 _RFIRQM1	=	0x61a4
                    61A5    922 _RFERRM	=	0x61a5
                    61A7    923 _RFRND	=	0x61a7
                    61A8    924 _MDMCTRL0	=	0x61a8
                    61A9    925 _MDMCTRL1	=	0x61a9
                    61AA    926 _FREQEST	=	0x61aa
                    61AB    927 _RXCTRL	=	0x61ab
                    61AC    928 _FSCTRL	=	0x61ac
                    61AD    929 _FSCAL0	=	0x61ad
                    61AE    930 _FSCAL1	=	0x61ae
                    61AF    931 _FSCAL2	=	0x61af
                    61B0    932 _FSCAL3	=	0x61b0
                    61B1    933 _AGCCTRL0	=	0x61b1
                    61B2    934 _AGCCTRL1	=	0x61b2
                    61B3    935 _AGCCTRL2	=	0x61b3
                    61B4    936 _AGCCTRL3	=	0x61b4
                    61B5    937 _ADCTEST0	=	0x61b5
                    61B6    938 _ADCTEST1	=	0x61b6
                    61B7    939 _ADCTEST2	=	0x61b7
                    61B8    940 _MDMTEST0	=	0x61b8
                    61B9    941 _MDMTEST1	=	0x61b9
                    61BA    942 _DACTEST0	=	0x61ba
                    61BB    943 _DACTEST1	=	0x61bb
                    61BC    944 _DACTEST2	=	0x61bc
                    61BD    945 _ATEST	=	0x61bd
                    61BE    946 _PTEST0	=	0x61be
                    61BF    947 _PTEST1	=	0x61bf
                    61FA    948 _TXFILTCFG	=	0x61fa
                    61EB    949 _RFC_OBS_CTRL0	=	0x61eb
                    61EC    950 _RFC_OBS_CTRL1	=	0x61ec
                    61ED    951 _RFC_OBS_CTRL2	=	0x61ed
                    61C0    952 _CSPPROG0	=	0x61c0
                    61C1    953 _CSPPROG1	=	0x61c1
                    61C2    954 _CSPPROG2	=	0x61c2
                    61C3    955 _CSPPROG3	=	0x61c3
                    61C4    956 _CSPPROG4	=	0x61c4
                    61C5    957 _CSPPROG5	=	0x61c5
                    61C6    958 _CSPPROG6	=	0x61c6
                    61C7    959 _CSPPROG7	=	0x61c7
                    61C8    960 _CSPPROG8	=	0x61c8
                    61C9    961 _CSPPROG9	=	0x61c9
                    61CA    962 _CSPPROG10	=	0x61ca
                    61CB    963 _CSPPROG11	=	0x61cb
                    61CC    964 _CSPPROG12	=	0x61cc
                    61CD    965 _CSPPROG13	=	0x61cd
                    61CE    966 _CSPPROG14	=	0x61ce
                    61CF    967 _CSPPROG15	=	0x61cf
                    61D0    968 _CSPPROG16	=	0x61d0
                    61D1    969 _CSPPROG17	=	0x61d1
                    61D2    970 _CSPPROG18	=	0x61d2
                    61D3    971 _CSPPROG19	=	0x61d3
                    61D4    972 _CSPPROG20	=	0x61d4
                    61D5    973 _CSPPROG21	=	0x61d5
                    61D6    974 _CSPPROG22	=	0x61d6
                    61D7    975 _CSPPROG23	=	0x61d7
                    61E0    976 _CSPCTRL	=	0x61e0
                    61E1    977 _CSPSTAT	=	0x61e1
                    61E2    978 _CSPX	=	0x61e2
                    61E3    979 _CSPY	=	0x61e3
                    61E4    980 _CSPZ	=	0x61e4
                    61E5    981 _CSPT	=	0x61e5
                    6200    982 _USBADDR	=	0x6200
                    6201    983 _USBPOW	=	0x6201
                    6202    984 _USBIIF	=	0x6202
                    6204    985 _USBOIF	=	0x6204
                    6206    986 _USBCIF	=	0x6206
                    6207    987 _USBIIE	=	0x6207
                    6209    988 _USBOIE	=	0x6209
                    620B    989 _USBCIE	=	0x620b
                    620C    990 _USBFRML	=	0x620c
                    620D    991 _USBFRMH	=	0x620d
                    620E    992 _USBINDEX	=	0x620e
                    620F    993 _USBCTRL	=	0x620f
                    6210    994 _USBMAXI	=	0x6210
                    6211    995 _USBCS0	=	0x6211
                    6211    996 _USBCSIL	=	0x6211
                    6212    997 _USBCSIH	=	0x6212
                    6213    998 _USBMAXO	=	0x6213
                    6214    999 _USBCSOL	=	0x6214
                    6215   1000 _USBCSOH	=	0x6215
                    6216   1001 _USBCNT0	=	0x6216
                    6216   1002 _USBCNTL	=	0x6216
                    6217   1003 _USBCNTH	=	0x6217
                    6220   1004 _USBF0	=	0x6220
                    6222   1005 _USBF1	=	0x6222
                    6224   1006 _USBF2	=	0x6224
                    6226   1007 _USBF3	=	0x6226
                    6228   1008 _USBF4	=	0x6228
                    622A   1009 _USBF5	=	0x622a
                    7080   1010 _X_P0	=	0x7080
                    7086   1011 _X_U0CSR	=	0x7086
                    7089   1012 _X_P0IFG	=	0x7089
                    708A   1013 _X_P1IFG	=	0x708a
                    708B   1014 _X_P2IFG	=	0x708b
                    708C   1015 _X_PICTL	=	0x708c
                    708D   1016 _X_P1IEN	=	0x708d
                    708F   1017 _X_P0INP	=	0x708f
                    7090   1018 _X_P1	=	0x7090
                    7091   1019 _X_RFIRQF1	=	0x7091
                    7093   1020 _X_MPAGE	=	0x7093
                    7093   1021 _X__XPAGE	=	0x7093
                    7094   1022 _X_T2CTRL	=	0x7094
                    7095   1023 _X_ST0	=	0x7095
                    7096   1024 _X_ST1	=	0x7096
                    7097   1025 _X_ST2	=	0x7097
                    709C   1026 _X_T2EVTCFG	=	0x709c
                    709D   1027 _X_SLEEPSTA	=	0x709d
                    709E   1028 _X_CLKCONSTA	=	0x709e
                    709F   1029 _X_FMAP	=	0x709f
                    709F   1030 _X_PSBANK	=	0x709f
                    70A0   1031 _X_P2	=	0x70a0
                    70A1   1032 _X_T2IRQF	=	0x70a1
                    70A2   1033 _X_T2M0	=	0x70a2
                    70A3   1034 _X_T2M1	=	0x70a3
                    70A4   1035 _X_T2MOVF0	=	0x70a4
                    70A5   1036 _X_T2MOVF1	=	0x70a5
                    70A6   1037 _X_T2MOVF2	=	0x70a6
                    70A7   1038 _X_T2IRQM	=	0x70a7
                    70AB   1039 _X_P0IEN	=	0x70ab
                    70AC   1040 _X_P2IEN	=	0x70ac
                    70AD   1041 _X_STLOAD	=	0x70ad
                    70AE   1042 _X_PMUX	=	0x70ae
                    70AF   1043 _X_T1STAT	=	0x70af
                    70B1   1044 _X_ENCDI	=	0x70b1
                    70B2   1045 _X_ENCDO	=	0x70b2
                    70B3   1046 _X_ENCCS	=	0x70b3
                    70B4   1047 _X_ADCCON1	=	0x70b4
                    70B5   1048 _X_ADCCON2	=	0x70b5
                    70B6   1049 _X_ADCCON3	=	0x70b6
                    70BA   1050 _X_ADCL	=	0x70ba
                    70BB   1051 _X_ADCH	=	0x70bb
                    70BC   1052 _X_RNDL	=	0x70bc
                    70BD   1053 _X_RNDH	=	0x70bd
                    70BE   1054 _X_SLEEPCMD	=	0x70be
                    70BF   1055 _X_RFERRF	=	0x70bf
                    70C1   1056 _X_U0DBUF	=	0x70c1
                    70C2   1057 _X_U0BAUD	=	0x70c2
                    70C3   1058 _X_T2MSEL	=	0x70c3
                    70C4   1059 _X_U0UCR	=	0x70c4
                    70C5   1060 _X_U0GCR	=	0x70c5
                    70C6   1061 _X_CLKCONCMD	=	0x70c6
                    70C7   1062 _X_MEMCTR	=	0x70c7
                    70C9   1063 _X_WDCTL	=	0x70c9
                    70CA   1064 _X_T3CNT	=	0x70ca
                    70CB   1065 _X_T3CTL	=	0x70cb
                    70CC   1066 _X_T3CCTL0	=	0x70cc
                    70CD   1067 _X_T3CC0	=	0x70cd
                    70CE   1068 _X_T3CCTL1	=	0x70ce
                    70CF   1069 _X_T3CC1	=	0x70cf
                    70D1   1070 _X_DMAIRQ	=	0x70d1
                    70D2   1071 _X_DMA1CFGL	=	0x70d2
                    70D3   1072 _X_DMA1CFGH	=	0x70d3
                    70D4   1073 _X_DMA0CFGL	=	0x70d4
                    70D5   1074 _X_DMA0CFGH	=	0x70d5
                    70D6   1075 _X_DMAARM	=	0x70d6
                    70D7   1076 _X_DMAREQ	=	0x70d7
                    70D8   1077 _X_TIMIF	=	0x70d8
                    70D9   1078 _X_RFD	=	0x70d9
                    70DA   1079 _X_T1CC0L	=	0x70da
                    70DB   1080 _X_T1CC0H	=	0x70db
                    70DC   1081 _X_T1CC1L	=	0x70dc
                    70DD   1082 _X_T1CC1H	=	0x70dd
                    70DE   1083 _X_T1CC2L	=	0x70de
                    70DF   1084 _X_T1CC2H	=	0x70df
                    70E1   1085 _X_RFST	=	0x70e1
                    70E2   1086 _X_T1CNTL	=	0x70e2
                    70E3   1087 _X_T1CNTH	=	0x70e3
                    70E4   1088 _X_T1CTL	=	0x70e4
                    70E5   1089 _X_T1CCTL0	=	0x70e5
                    70E6   1090 _X_T1CCTL1	=	0x70e6
                    70E7   1091 _X_T1CCTL2	=	0x70e7
                    70E9   1092 _X_RFIRQF0	=	0x70e9
                    70EA   1093 _X_T4CNT	=	0x70ea
                    70EB   1094 _X_T4CTL	=	0x70eb
                    70EC   1095 _X_T4CCTL0	=	0x70ec
                    70ED   1096 _X_T4CC0	=	0x70ed
                    70EE   1097 _X_T4CCTL1	=	0x70ee
                    70EF   1098 _X_T4CC1	=	0x70ef
                    70F1   1099 _X_PERCFG	=	0x70f1
                    70F2   1100 _X_APCFG	=	0x70f2
                    70F3   1101 _X_P0SEL	=	0x70f3
                    70F4   1102 _X_P1SEL	=	0x70f4
                    70F5   1103 _X_P2SEL	=	0x70f5
                    70F6   1104 _X_P1INP	=	0x70f6
                    70F7   1105 _X_P2INP	=	0x70f7
                    70F8   1106 _X_U1CSR	=	0x70f8
                    70F9   1107 _X_U1DBUF	=	0x70f9
                    70FA   1108 _X_U1BAUD	=	0x70fa
                    70FB   1109 _X_U1UCR	=	0x70fb
                    70FC   1110 _X_U1GCR	=	0x70fc
                    70FD   1111 _X_P0DIR	=	0x70fd
                    70FE   1112 _X_P1DIR	=	0x70fe
                    70FF   1113 _X_P2DIR	=	0x70ff
                    7800   1114 _X_INFOPAGE	=	0x7800
                    780C   1115 _X_IEEE_ADDR	=	0x780c
                           1116 ;--------------------------------------------------------
                           1117 ; absolute external ram data
                           1118 ;--------------------------------------------------------
                           1119 	.area XABS    (ABS,XDATA)
                           1120 ;--------------------------------------------------------
                           1121 ; external initialized ram data
                           1122 ;--------------------------------------------------------
                           1123 	.area XISEG   (XDATA)
                           1124 	.area HOME    (CODE)
                           1125 	.area GSINIT0 (CODE)
                           1126 	.area GSINIT1 (CODE)
                           1127 	.area GSINIT2 (CODE)
                           1128 	.area GSINIT3 (CODE)
                           1129 	.area GSINIT4 (CODE)
                           1130 	.area GSINIT5 (CODE)
                           1131 	.area GSINIT  (CODE)
                           1132 	.area GSFINAL (CODE)
                           1133 	.area CSEG    (CODE)
                           1134 ;--------------------------------------------------------
                           1135 ; global & static initialisations
                           1136 ;--------------------------------------------------------
                           1137 	.area HOME    (CODE)
                           1138 	.area GSINIT  (CODE)
                           1139 	.area GSFINAL (CODE)
                           1140 	.area GSINIT  (CODE)
                           1141 ;--------------------------------------------------------
                           1142 ; Home
                           1143 ;--------------------------------------------------------
                           1144 	.area HOME    (CODE)
                           1145 	.area HOME    (CODE)
                           1146 ;--------------------------------------------------------
                           1147 ; code
                           1148 ;--------------------------------------------------------
                           1149 	.area BANK1   (CODE)
                           1150 ;------------------------------------------------------------
                           1151 ;Allocation info for local variables in function 'uip_debug_ipaddr_print'
                           1152 ;------------------------------------------------------------
                           1153 ;addr                      Allocated to stack - sp -6
                           1154 ;a                         Allocated to stack - sp -3
                           1155 ;i                         Allocated to stack - sp -1
                           1156 ;f                         Allocated to registers r3 r4 
                           1157 ;------------------------------------------------------------
                           1158 ;	../../../contiki-sensinode//platform/cc2530dk/./uip-debug.c:44: uip_debug_ipaddr_print(const uip_ipaddr_t *addr)
                           1159 ;	-----------------------------------------
                           1160 ;	 function uip_debug_ipaddr_print
                           1161 ;	-----------------------------------------
   0000                    1162 _uip_debug_ipaddr_print:
                    0007   1163 	ar7 = 0x07
                    0006   1164 	ar6 = 0x06
                    0005   1165 	ar5 = 0x05
                    0004   1166 	ar4 = 0x04
                    0003   1167 	ar3 = 0x03
                    0002   1168 	ar2 = 0x02
                    0001   1169 	ar1 = 0x01
                    0000   1170 	ar0 = 0x00
   0000 C0 82              1171 	push	dpl
   0002 C0 83              1172 	push	dph
   0004 C0 F0              1173 	push	b
   0006 E5 81              1174 	mov	a,sp
   0008 24 04              1175 	add	a,#0x04
   000A F5 81              1176 	mov	sp,a
                           1177 ;	../../../contiki-sensinode//platform/cc2530dk/./uip-debug.c:50: for(i = 0, f = 0; i < sizeof(uip_ipaddr_t); i += 2) {
   000C 7B 00              1178 	mov	r3,#0x00
   000E 7C 00              1179 	mov	r4,#0x00
   0010 A8 81              1180 	mov	r0,sp
   0012 18                 1181 	dec	r0
   0013 E4                 1182 	clr	a
   0014 F6                 1183 	mov	@r0,a
   0015 08                 1184 	inc	r0
   0016 F6                 1185 	mov	@r0,a
   0017                    1186 00112$:
   0017 A8 81              1187 	mov	r0,sp
   0019 18                 1188 	dec	r0
   001A C3                 1189 	clr	c
   001B E6                 1190 	mov	a,@r0
   001C 94 10              1191 	subb	a,#0x10
   001E 08                 1192 	inc	r0
   001F E6                 1193 	mov	a,@r0
   0020 94 00              1194 	subb	a,#0x00
   0022 40 03              1195 	jc	00133$
   0024 02s01r2F           1196 	ljmp	00116$
   0027                    1197 00133$:
                           1198 ;	../../../contiki-sensinode//platform/cc2530dk/./uip-debug.c:51: a = (addr->u8[i] << 8) + addr->u8[i + 1];
   0027 C0 03              1199 	push	ar3
   0029 C0 04              1200 	push	ar4
   002B E5 81              1201 	mov	a,sp
   002D 24 F8              1202 	add	a,#0xf8
   002F F8                 1203 	mov	r0,a
   0030 E5 81              1204 	mov	a,sp
   0032 24 FD              1205 	add	a,#0xfd
   0034 F9                 1206 	mov	r1,a
   0035 E7                 1207 	mov	a,@r1
   0036 26                 1208 	add	a,@r0
   0037 FC                 1209 	mov	r4,a
   0038 09                 1210 	inc	r1
   0039 E7                 1211 	mov	a,@r1
   003A 08                 1212 	inc	r0
   003B 36                 1213 	addc	a,@r0
   003C FD                 1214 	mov	r5,a
   003D 08                 1215 	inc	r0
   003E 86 06              1216 	mov	ar6,@r0
   0040 8C 82              1217 	mov	dpl,r4
   0042 8D 83              1218 	mov	dph,r5
   0044 8E F0              1219 	mov	b,r6
   0046 12s00r00           1220 	lcall	__gptrget
   0049 FE                 1221 	mov	r6,a
   004A 7C 00              1222 	mov	r4,#0x00
   004C E5 81              1223 	mov	a,sp
   004E 24 FD              1224 	add	a,#0xfd
   0050 F8                 1225 	mov	r0,a
   0051 86 05              1226 	mov	ar5,@r0
   0053 0D                 1227 	inc	r5
   0054 E5 81              1228 	mov	a,sp
   0056 24 F8              1229 	add	a,#0xf8
   0058 F8                 1230 	mov	r0,a
   0059 ED                 1231 	mov	a,r5
   005A 26                 1232 	add	a,@r0
   005B FB                 1233 	mov	r3,a
   005C E4                 1234 	clr	a
   005D 08                 1235 	inc	r0
   005E 36                 1236 	addc	a,@r0
   005F FD                 1237 	mov	r5,a
   0060 08                 1238 	inc	r0
   0061 86 07              1239 	mov	ar7,@r0
   0063 8B 82              1240 	mov	dpl,r3
   0065 8D 83              1241 	mov	dph,r5
   0067 8F F0              1242 	mov	b,r7
   0069 12s00r00           1243 	lcall	__gptrget
   006C 7F 00              1244 	mov	r7,#0x00
   006E 2C                 1245 	add	a,r4
   006F FC                 1246 	mov	r4,a
   0070 EF                 1247 	mov	a,r7
   0071 3E                 1248 	addc	a,r6
   0072 FE                 1249 	mov	r6,a
   0073 E5 81              1250 	mov	a,sp
   0075 24 FB              1251 	add	a,#0xfb
   0077 F8                 1252 	mov	r0,a
   0078 A6 04              1253 	mov	@r0,ar4
   007A 08                 1254 	inc	r0
   007B A6 06              1255 	mov	@r0,ar6
                           1256 ;	../../../contiki-sensinode//platform/cc2530dk/./uip-debug.c:52: if(a == 0 && f >= 0) {
   007D D0 04              1257 	pop	ar4
   007F D0 03              1258 	pop	ar3
   0081 E5 81              1259 	mov	a,sp
   0083 24 FD              1260 	add	a,#0xfd
   0085 F8                 1261 	mov	r0,a
   0086 E6                 1262 	mov	a,@r0
   0087 08                 1263 	inc	r0
   0088 46                 1264 	orl	a,@r0
   0089 70 2D              1265 	jnz	00109$
   008B EC                 1266 	mov	a,r4
   008C 20 E7 29           1267 	jb	acc.7,00109$
                           1268 ;	../../../contiki-sensinode//platform/cc2530dk/./uip-debug.c:53: if(f++ == 0) {
   008F 8B 06              1269 	mov	ar6,r3
   0091 8C 07              1270 	mov	ar7,r4
   0093 0B                 1271 	inc	r3
   0094 BB 00 01           1272 	cjne	r3,#0x00,00136$
   0097 0C                 1273 	inc	r4
   0098                    1274 00136$:
   0098 EE                 1275 	mov	a,r6
   0099 4F                 1276 	orl	a,r7
   009A 60 03              1277 	jz	00137$
   009C 02s01r21           1278 	ljmp	00114$
   009F                    1279 00137$:
                           1280 ;	../../../contiki-sensinode//platform/cc2530dk/./uip-debug.c:54: putstring("::");
   009F 90s00r00           1281 	mov	dptr,#__str_0
   00A2 75 F0 80           1282 	mov	b,#0x80
   00A5 C0 04              1283 	push	ar4
   00A7 C0 03              1284 	push	ar3
   00A9 78r00              1285 	mov	r0,#_putstring
   00AB 79s00              1286 	mov	r1,#(_putstring >> 8)
   00AD 7As00              1287 	mov	r2,#(_putstring >> 16)
   00AF 12s00r00           1288 	lcall	__sdcc_banked_call
   00B2 D0 03              1289 	pop	ar3
   00B4 D0 04              1290 	pop	ar4
   00B6 80 69              1291 	sjmp	00114$
   00B8                    1292 00109$:
                           1293 ;	../../../contiki-sensinode//platform/cc2530dk/./uip-debug.c:57: if(f > 0) {
   00B8 C3                 1294 	clr	c
   00B9 E4                 1295 	clr	a
   00BA 9B                 1296 	subb	a,r3
   00BB E4                 1297 	clr	a
   00BC 64 80              1298 	xrl	a,#0x80
   00BE 8C F0              1299 	mov	b,r4
   00C0 63 F0 80           1300 	xrl	b,#0x80
   00C3 95 F0              1301 	subb	a,b
   00C5 50 06              1302 	jnc	00106$
                           1303 ;	../../../contiki-sensinode//platform/cc2530dk/./uip-debug.c:58: f = -1;
   00C7 7B FF              1304 	mov	r3,#0xFF
   00C9 7C FF              1305 	mov	r4,#0xFF
   00CB 80 1F              1306 	sjmp	00107$
   00CD                    1307 00106$:
                           1308 ;	../../../contiki-sensinode//platform/cc2530dk/./uip-debug.c:59: } else if(i > 0) {
   00CD A8 81              1309 	mov	r0,sp
   00CF 18                 1310 	dec	r0
   00D0 E6                 1311 	mov	a,@r0
   00D1 08                 1312 	inc	r0
   00D2 46                 1313 	orl	a,@r0
   00D3 60 17              1314 	jz	00107$
                           1315 ;	../../../contiki-sensinode//platform/cc2530dk/./uip-debug.c:60: putstring(":");
   00D5 90s00r03           1316 	mov	dptr,#__str_1
   00D8 75 F0 80           1317 	mov	b,#0x80
   00DB C0 04              1318 	push	ar4
   00DD C0 03              1319 	push	ar3
   00DF 78r00              1320 	mov	r0,#_putstring
   00E1 79s00              1321 	mov	r1,#(_putstring >> 8)
   00E3 7As00              1322 	mov	r2,#(_putstring >> 16)
   00E5 12s00r00           1323 	lcall	__sdcc_banked_call
   00E8 D0 03              1324 	pop	ar3
   00EA D0 04              1325 	pop	ar4
   00EC                    1326 00107$:
                           1327 ;	../../../contiki-sensinode//platform/cc2530dk/./uip-debug.c:62: puthex(a >> 8);
   00EC E5 81              1328 	mov	a,sp
   00EE 24 FD              1329 	add	a,#0xfd
   00F0 F8                 1330 	mov	r0,a
   00F1 08                 1331 	inc	r0
   00F2 86 07              1332 	mov	ar7,@r0
   00F4 8F 82              1333 	mov	dpl,r7
   00F6 C0 04              1334 	push	ar4
   00F8 C0 03              1335 	push	ar3
   00FA 78r00              1336 	mov	r0,#_puthex
   00FC 79s00              1337 	mov	r1,#(_puthex >> 8)
   00FE 7As00              1338 	mov	r2,#(_puthex >> 16)
   0100 12s00r00           1339 	lcall	__sdcc_banked_call
   0103 D0 03              1340 	pop	ar3
   0105 D0 04              1341 	pop	ar4
                           1342 ;	../../../contiki-sensinode//platform/cc2530dk/./uip-debug.c:63: puthex(a & 0xFF);
   0107 E5 81              1343 	mov	a,sp
   0109 24 FD              1344 	add	a,#0xfd
   010B F8                 1345 	mov	r0,a
   010C 86 06              1346 	mov	ar6,@r0
   010E 8E 82              1347 	mov	dpl,r6
   0110 C0 04              1348 	push	ar4
   0112 C0 03              1349 	push	ar3
   0114 78r00              1350 	mov	r0,#_puthex
   0116 79s00              1351 	mov	r1,#(_puthex >> 8)
   0118 7As00              1352 	mov	r2,#(_puthex >> 16)
   011A 12s00r00           1353 	lcall	__sdcc_banked_call
   011D D0 03              1354 	pop	ar3
   011F D0 04              1355 	pop	ar4
   0121                    1356 00114$:
                           1357 ;	../../../contiki-sensinode//platform/cc2530dk/./uip-debug.c:50: for(i = 0, f = 0; i < sizeof(uip_ipaddr_t); i += 2) {
   0121 A8 81              1358 	mov	r0,sp
   0123 18                 1359 	dec	r0
   0124 74 02              1360 	mov	a,#0x02
   0126 26                 1361 	add	a,@r0
   0127 F6                 1362 	mov	@r0,a
   0128 E4                 1363 	clr	a
   0129 08                 1364 	inc	r0
   012A 36                 1365 	addc	a,@r0
   012B F6                 1366 	mov	@r0,a
   012C 02s00r17           1367 	ljmp	00112$
   012F                    1368 00116$:
   012F E5 81              1369 	mov	a,sp
   0131 24 F9              1370 	add	a,#0xF9
   0133 F5 81              1371 	mov	sp,a
   0135 02s00r00           1372 	ljmp	__sdcc_banked_ret
                           1373 ;------------------------------------------------------------
                           1374 ;Allocation info for local variables in function 'uip_debug_lladdr_print'
                           1375 ;------------------------------------------------------------
                           1376 ;addr                      Allocated to registers r5 r6 r7 
                           1377 ;i                         Allocated to registers r3 r4 
                           1378 ;------------------------------------------------------------
                           1379 ;	../../../contiki-sensinode//platform/cc2530dk/./uip-debug.c:72: uip_debug_lladdr_print(const uip_lladdr_t *addr)
                           1380 ;	-----------------------------------------
                           1381 ;	 function uip_debug_lladdr_print
                           1382 ;	-----------------------------------------
   0138                    1383 _uip_debug_lladdr_print:
   0138 AD 82              1384 	mov	r5,dpl
   013A AE 83              1385 	mov	r6,dph
   013C AF F0              1386 	mov	r7,b
                           1387 ;	../../../contiki-sensinode//platform/cc2530dk/./uip-debug.c:75: for(i = 0; i < sizeof(uip_lladdr_t); i++) {
   013E 7B 00              1388 	mov	r3,#0x00
   0140 7C 00              1389 	mov	r4,#0x00
   0142                    1390 00103$:
   0142 C3                 1391 	clr	c
   0143 EB                 1392 	mov	a,r3
   0144 94 08              1393 	subb	a,#0x08
   0146 EC                 1394 	mov	a,r4
   0147 94 00              1395 	subb	a,#0x00
   0149 50 5E              1396 	jnc	00107$
                           1397 ;	../../../contiki-sensinode//platform/cc2530dk/./uip-debug.c:76: if(i > 0) {
   014B EB                 1398 	mov	a,r3
   014C 4C                 1399 	orl	a,r4
   014D 60 23              1400 	jz	00102$
                           1401 ;	../../../contiki-sensinode//platform/cc2530dk/./uip-debug.c:77: putstring(":");
   014F 90s00r03           1402 	mov	dptr,#__str_1
   0152 75 F0 80           1403 	mov	b,#0x80
   0155 C0 07              1404 	push	ar7
   0157 C0 06              1405 	push	ar6
   0159 C0 05              1406 	push	ar5
   015B C0 04              1407 	push	ar4
   015D C0 03              1408 	push	ar3
   015F 78r00              1409 	mov	r0,#_putstring
   0161 79s00              1410 	mov	r1,#(_putstring >> 8)
   0163 7As00              1411 	mov	r2,#(_putstring >> 16)
   0165 12s00r00           1412 	lcall	__sdcc_banked_call
   0168 D0 03              1413 	pop	ar3
   016A D0 04              1414 	pop	ar4
   016C D0 05              1415 	pop	ar5
   016E D0 06              1416 	pop	ar6
   0170 D0 07              1417 	pop	ar7
   0172                    1418 00102$:
                           1419 ;	../../../contiki-sensinode//platform/cc2530dk/./uip-debug.c:79: puthex(addr->addr[i]);
   0172 EB                 1420 	mov	a,r3
   0173 2D                 1421 	add	a,r5
   0174 F8                 1422 	mov	r0,a
   0175 EC                 1423 	mov	a,r4
   0176 3E                 1424 	addc	a,r6
   0177 F9                 1425 	mov	r1,a
   0178 8F 02              1426 	mov	ar2,r7
   017A 88 82              1427 	mov	dpl,r0
   017C 89 83              1428 	mov	dph,r1
   017E 8A F0              1429 	mov	b,r2
   0180 12s00r00           1430 	lcall	__gptrget
   0183 F5 82              1431 	mov	dpl,a
   0185 C0 07              1432 	push	ar7
   0187 C0 06              1433 	push	ar6
   0189 C0 05              1434 	push	ar5
   018B C0 04              1435 	push	ar4
   018D C0 03              1436 	push	ar3
   018F 78r00              1437 	mov	r0,#_puthex
   0191 79s00              1438 	mov	r1,#(_puthex >> 8)
   0193 7As00              1439 	mov	r2,#(_puthex >> 16)
   0195 12s00r00           1440 	lcall	__sdcc_banked_call
   0198 D0 03              1441 	pop	ar3
   019A D0 04              1442 	pop	ar4
   019C D0 05              1443 	pop	ar5
   019E D0 06              1444 	pop	ar6
   01A0 D0 07              1445 	pop	ar7
                           1446 ;	../../../contiki-sensinode//platform/cc2530dk/./uip-debug.c:75: for(i = 0; i < sizeof(uip_lladdr_t); i++) {
   01A2 0B                 1447 	inc	r3
   01A3 BB 00 9C           1448 	cjne	r3,#0x00,00103$
   01A6 0C                 1449 	inc	r4
   01A7 80 99              1450 	sjmp	00103$
   01A9                    1451 00107$:
   01A9 02s00r00           1452 	ljmp	__sdcc_banked_ret
                           1453 	.area CSEG    (CODE)
                           1454 	.area CONST   (CODE)
   0000                    1455 __str_0:
   0000 3A 3A              1456 	.ascii "::"
   0002 00                 1457 	.db 0x00
   0003                    1458 __str_1:
   0003 3A                 1459 	.ascii ":"
   0004 00                 1460 	.db 0x00
                           1461 	.area XINIT   (CODE)
                           1462 	.area CABS    (ABS,CODE)
