                              1 ;--------------------------------------------------------
                              2 ; File Created by SDCC : free open source ANSI-C Compiler
                              3 ; Version 3.1.1 #7100 (Oct 29 2014) (Linux)
                              4 ; This file was generated Wed Dec  2 18:11:00 2015
                              5 ;--------------------------------------------------------
                              6 	.module uip_packetqueue
                              7 	.optsdcc -mmcs51 --model-huge
                              8 	
                              9 ;--------------------------------------------------------
                             10 ; Public variables in this module
                             11 ;--------------------------------------------------------
                             12 	.globl _memb_free
                             13 	.globl _memb_alloc
                             14 	.globl _ctimer_stop
                             15 	.globl _ctimer_set
                             16 	.globl _ACTIVE
                             17 	.globl _TX_BYTE
                             18 	.globl _RX_BYTE
                             19 	.globl _ERR
                             20 	.globl _FE
                             21 	.globl _SLAVE
                             22 	.globl _RE
                             23 	.globl _MODE
                             24 	.globl _T3OVFIF
                             25 	.globl _T3CH0IF
                             26 	.globl _T3CH1IF
                             27 	.globl _T4OVFIF
                             28 	.globl _T4CH0IF
                             29 	.globl _T4CH1IF
                             30 	.globl _OVFIM
                             31 	.globl _B_0
                             32 	.globl _B_1
                             33 	.globl _B_2
                             34 	.globl _B_3
                             35 	.globl _B_4
                             36 	.globl _B_5
                             37 	.globl _B_6
                             38 	.globl _B_7
                             39 	.globl _P2IF
                             40 	.globl _UTX0IF
                             41 	.globl _UTX1IF
                             42 	.globl _P1IF
                             43 	.globl _WDTIF
                             44 	.globl _ACC_0
                             45 	.globl _ACC_1
                             46 	.globl _ACC_2
                             47 	.globl _ACC_3
                             48 	.globl _ACC_4
                             49 	.globl _ACC_5
                             50 	.globl _ACC_6
                             51 	.globl _ACC_7
                             52 	.globl _P
                             53 	.globl _F1
                             54 	.globl _OV
                             55 	.globl _RS0
                             56 	.globl _RS1
                             57 	.globl _F0
                             58 	.globl _AC
                             59 	.globl _CY
                             60 	.globl _DMAIF
                             61 	.globl _T1IF
                             62 	.globl _T2IF
                             63 	.globl _T3IF
                             64 	.globl _T4IF
                             65 	.globl _P0IF
                             66 	.globl _STIF
                             67 	.globl _DMAIE
                             68 	.globl _T1IE
                             69 	.globl _T2IE
                             70 	.globl _T3IE
                             71 	.globl _T4IE
                             72 	.globl _P0IE
                             73 	.globl _RFERRIE
                             74 	.globl _ADCIE
                             75 	.globl _URX0IE
                             76 	.globl _URX1IE
                             77 	.globl _ENCIE
                             78 	.globl _STIE
                             79 	.globl _EA
                             80 	.globl _P2_0
                             81 	.globl _P2_1
                             82 	.globl _P2_2
                             83 	.globl _P2_3
                             84 	.globl _P2_4
                             85 	.globl _P2_5
                             86 	.globl _P2_6
                             87 	.globl _P2_7
                             88 	.globl _ENCIF_0
                             89 	.globl _ENCIF_1
                             90 	.globl _P1_0
                             91 	.globl _P1_1
                             92 	.globl _P1_2
                             93 	.globl _P1_3
                             94 	.globl _P1_4
                             95 	.globl _P1_5
                             96 	.globl _P1_6
                             97 	.globl _P1_7
                             98 	.globl _IT0
                             99 	.globl _RFERRIF
                            100 	.globl _IT1
                            101 	.globl _URX0IF
                            102 	.globl _ADCIF
                            103 	.globl _URX1IF
                            104 	.globl _P0_0
                            105 	.globl _P0_1
                            106 	.globl _P0_2
                            107 	.globl _P0_3
                            108 	.globl _P0_4
                            109 	.globl _P0_5
                            110 	.globl _P0_6
                            111 	.globl _P0_7
                            112 	.globl _WDCTL
                            113 	.globl _U1GCR
                            114 	.globl _U1UCR
                            115 	.globl _U1BAUD
                            116 	.globl _U1DBUF
                            117 	.globl _U1CSR
                            118 	.globl _U0GCR
                            119 	.globl _U0UCR
                            120 	.globl _U0BAUD
                            121 	.globl _U0DBUF
                            122 	.globl _U0CSR
                            123 	.globl _TIMIF
                            124 	.globl _T4CC1
                            125 	.globl _T4CCTL1
                            126 	.globl _T4CC0
                            127 	.globl _T4CCTL0
                            128 	.globl _T4CTL
                            129 	.globl _T4CNT
                            130 	.globl _T3CC1
                            131 	.globl _T3CCTL1
                            132 	.globl _T3CC0
                            133 	.globl _T3CCTL0
                            134 	.globl _T3CTL
                            135 	.globl _T3CNT
                            136 	.globl _T2MSEL
                            137 	.globl _T2IRQM
                            138 	.globl _T2MOVF2
                            139 	.globl _T2MOVF1
                            140 	.globl _T2MOVF0
                            141 	.globl _T2M1
                            142 	.globl _T2M0
                            143 	.globl _T2IRQF
                            144 	.globl _T2EVTCFG
                            145 	.globl _T2CTRL
                            146 	.globl _T1STAT
                            147 	.globl _T1CCTL2
                            148 	.globl _T1CCTL1
                            149 	.globl _T1CCTL0
                            150 	.globl _T1CTL
                            151 	.globl _T1CNTH
                            152 	.globl _T1CNTL
                            153 	.globl _T1CC2H
                            154 	.globl _T1CC2L
                            155 	.globl _T1CC1H
                            156 	.globl _T1CC1L
                            157 	.globl _T1CC0H
                            158 	.globl _T1CC0L
                            159 	.globl _CLKCONSTA
                            160 	.globl _CLKCONCMD
                            161 	.globl _SLEEPSTA
                            162 	.globl _SLEEPCMD
                            163 	.globl _STLOAD
                            164 	.globl _ST2
                            165 	.globl _ST1
                            166 	.globl _ST0
                            167 	.globl _RFERRF
                            168 	.globl _RFIRQF0
                            169 	.globl _RFST
                            170 	.globl _RFD
                            171 	.globl _RFIRQF1
                            172 	.globl _PSBANK
                            173 	.globl _FMAP
                            174 	.globl _MEMCTR
                            175 	.globl __XPAGE
                            176 	.globl _MPAGE
                            177 	.globl _PMUX
                            178 	.globl _P2DIR
                            179 	.globl _P1DIR
                            180 	.globl _P0DIR
                            181 	.globl _P2INP
                            182 	.globl _P1INP
                            183 	.globl _P2SEL
                            184 	.globl _P1SEL
                            185 	.globl _P0SEL
                            186 	.globl _APCFG
                            187 	.globl _PERCFG
                            188 	.globl _P0INP
                            189 	.globl _P2IEN
                            190 	.globl _P1IEN
                            191 	.globl _P0IEN
                            192 	.globl _PICTL
                            193 	.globl _P2IFG
                            194 	.globl _P1IFG
                            195 	.globl _P0IFG
                            196 	.globl _DMAREQ
                            197 	.globl _DMAARM
                            198 	.globl _DMA0CFGH
                            199 	.globl _DMA0CFGL
                            200 	.globl _DMA1CFGH
                            201 	.globl _DMA1CFGL
                            202 	.globl _DMAIRQ
                            203 	.globl _ENCCS
                            204 	.globl _ENCDO
                            205 	.globl _ENCDI
                            206 	.globl _RNDH
                            207 	.globl _RNDL
                            208 	.globl _ADCH
                            209 	.globl _ADCL
                            210 	.globl _ADCCON3
                            211 	.globl _ADCCON2
                            212 	.globl _ADCCON1
                            213 	.globl _B
                            214 	.globl _IRCON2
                            215 	.globl _ACC
                            216 	.globl _PSW
                            217 	.globl _IRCON
                            218 	.globl _IP1
                            219 	.globl _IEN1
                            220 	.globl _IP0
                            221 	.globl _IEN0
                            222 	.globl _P2
                            223 	.globl _S1CON
                            224 	.globl _IEN2
                            225 	.globl _S0CON
                            226 	.globl _DPS
                            227 	.globl _P1
                            228 	.globl _TCON
                            229 	.globl _PCON
                            230 	.globl _DPH1
                            231 	.globl _DPL1
                            232 	.globl _DPH0
                            233 	.globl _DPL0
                            234 	.globl _SP
                            235 	.globl _P0
                            236 	.globl _X_IEEE_ADDR
                            237 	.globl _X_INFOPAGE
                            238 	.globl _X_P2DIR
                            239 	.globl _X_P1DIR
                            240 	.globl _X_P0DIR
                            241 	.globl _X_U1GCR
                            242 	.globl _X_U1UCR
                            243 	.globl _X_U1BAUD
                            244 	.globl _X_U1DBUF
                            245 	.globl _X_U1CSR
                            246 	.globl _X_P2INP
                            247 	.globl _X_P1INP
                            248 	.globl _X_P2SEL
                            249 	.globl _X_P1SEL
                            250 	.globl _X_P0SEL
                            251 	.globl _X_APCFG
                            252 	.globl _X_PERCFG
                            253 	.globl _X_T4CC1
                            254 	.globl _X_T4CCTL1
                            255 	.globl _X_T4CC0
                            256 	.globl _X_T4CCTL0
                            257 	.globl _X_T4CTL
                            258 	.globl _X_T4CNT
                            259 	.globl _X_RFIRQF0
                            260 	.globl _X_T1CCTL2
                            261 	.globl _X_T1CCTL1
                            262 	.globl _X_T1CCTL0
                            263 	.globl _X_T1CTL
                            264 	.globl _X_T1CNTH
                            265 	.globl _X_T1CNTL
                            266 	.globl _X_RFST
                            267 	.globl _X_T1CC2H
                            268 	.globl _X_T1CC2L
                            269 	.globl _X_T1CC1H
                            270 	.globl _X_T1CC1L
                            271 	.globl _X_T1CC0H
                            272 	.globl _X_T1CC0L
                            273 	.globl _X_RFD
                            274 	.globl _X_TIMIF
                            275 	.globl _X_DMAREQ
                            276 	.globl _X_DMAARM
                            277 	.globl _X_DMA0CFGH
                            278 	.globl _X_DMA0CFGL
                            279 	.globl _X_DMA1CFGH
                            280 	.globl _X_DMA1CFGL
                            281 	.globl _X_DMAIRQ
                            282 	.globl _X_T3CC1
                            283 	.globl _X_T3CCTL1
                            284 	.globl _X_T3CC0
                            285 	.globl _X_T3CCTL0
                            286 	.globl _X_T3CTL
                            287 	.globl _X_T3CNT
                            288 	.globl _X_WDCTL
                            289 	.globl _X_MEMCTR
                            290 	.globl _X_CLKCONCMD
                            291 	.globl _X_U0GCR
                            292 	.globl _X_U0UCR
                            293 	.globl _X_T2MSEL
                            294 	.globl _X_U0BAUD
                            295 	.globl _X_U0DBUF
                            296 	.globl _X_RFERRF
                            297 	.globl _X_SLEEPCMD
                            298 	.globl _X_RNDH
                            299 	.globl _X_RNDL
                            300 	.globl _X_ADCH
                            301 	.globl _X_ADCL
                            302 	.globl _X_ADCCON3
                            303 	.globl _X_ADCCON2
                            304 	.globl _X_ADCCON1
                            305 	.globl _X_ENCCS
                            306 	.globl _X_ENCDO
                            307 	.globl _X_ENCDI
                            308 	.globl _X_T1STAT
                            309 	.globl _X_PMUX
                            310 	.globl _X_STLOAD
                            311 	.globl _X_P2IEN
                            312 	.globl _X_P0IEN
                            313 	.globl _X_T2IRQM
                            314 	.globl _X_T2MOVF2
                            315 	.globl _X_T2MOVF1
                            316 	.globl _X_T2MOVF0
                            317 	.globl _X_T2M1
                            318 	.globl _X_T2M0
                            319 	.globl _X_T2IRQF
                            320 	.globl _X_P2
                            321 	.globl _X_PSBANK
                            322 	.globl _X_FMAP
                            323 	.globl _X_CLKCONSTA
                            324 	.globl _X_SLEEPSTA
                            325 	.globl _X_T2EVTCFG
                            326 	.globl _X_ST2
                            327 	.globl _X_ST1
                            328 	.globl _X_ST0
                            329 	.globl _X_T2CTRL
                            330 	.globl _X__XPAGE
                            331 	.globl _X_MPAGE
                            332 	.globl _X_RFIRQF1
                            333 	.globl _X_P1
                            334 	.globl _X_P0INP
                            335 	.globl _X_P1IEN
                            336 	.globl _X_PICTL
                            337 	.globl _X_P2IFG
                            338 	.globl _X_P1IFG
                            339 	.globl _X_P0IFG
                            340 	.globl _X_U0CSR
                            341 	.globl _X_P0
                            342 	.globl _USBF5
                            343 	.globl _USBF4
                            344 	.globl _USBF3
                            345 	.globl _USBF2
                            346 	.globl _USBF1
                            347 	.globl _USBF0
                            348 	.globl _USBCNTH
                            349 	.globl _USBCNTL
                            350 	.globl _USBCNT0
                            351 	.globl _USBCSOH
                            352 	.globl _USBCSOL
                            353 	.globl _USBMAXO
                            354 	.globl _USBCSIH
                            355 	.globl _USBCSIL
                            356 	.globl _USBCS0
                            357 	.globl _USBMAXI
                            358 	.globl _USBCTRL
                            359 	.globl _USBINDEX
                            360 	.globl _USBFRMH
                            361 	.globl _USBFRML
                            362 	.globl _USBCIE
                            363 	.globl _USBOIE
                            364 	.globl _USBIIE
                            365 	.globl _USBCIF
                            366 	.globl _USBOIF
                            367 	.globl _USBIIF
                            368 	.globl _USBPOW
                            369 	.globl _USBADDR
                            370 	.globl _CSPT
                            371 	.globl _CSPZ
                            372 	.globl _CSPY
                            373 	.globl _CSPX
                            374 	.globl _CSPSTAT
                            375 	.globl _CSPCTRL
                            376 	.globl _CSPPROG23
                            377 	.globl _CSPPROG22
                            378 	.globl _CSPPROG21
                            379 	.globl _CSPPROG20
                            380 	.globl _CSPPROG19
                            381 	.globl _CSPPROG18
                            382 	.globl _CSPPROG17
                            383 	.globl _CSPPROG16
                            384 	.globl _CSPPROG15
                            385 	.globl _CSPPROG14
                            386 	.globl _CSPPROG13
                            387 	.globl _CSPPROG12
                            388 	.globl _CSPPROG11
                            389 	.globl _CSPPROG10
                            390 	.globl _CSPPROG9
                            391 	.globl _CSPPROG8
                            392 	.globl _CSPPROG7
                            393 	.globl _CSPPROG6
                            394 	.globl _CSPPROG5
                            395 	.globl _CSPPROG4
                            396 	.globl _CSPPROG3
                            397 	.globl _CSPPROG2
                            398 	.globl _CSPPROG1
                            399 	.globl _CSPPROG0
                            400 	.globl _RFC_OBS_CTRL2
                            401 	.globl _RFC_OBS_CTRL1
                            402 	.globl _RFC_OBS_CTRL0
                            403 	.globl _TXFILTCFG
                            404 	.globl _PTEST1
                            405 	.globl _PTEST0
                            406 	.globl _ATEST
                            407 	.globl _DACTEST2
                            408 	.globl _DACTEST1
                            409 	.globl _DACTEST0
                            410 	.globl _MDMTEST1
                            411 	.globl _MDMTEST0
                            412 	.globl _ADCTEST2
                            413 	.globl _ADCTEST1
                            414 	.globl _ADCTEST0
                            415 	.globl _AGCCTRL3
                            416 	.globl _AGCCTRL2
                            417 	.globl _AGCCTRL1
                            418 	.globl _AGCCTRL0
                            419 	.globl _FSCAL3
                            420 	.globl _FSCAL2
                            421 	.globl _FSCAL1
                            422 	.globl _FSCAL0
                            423 	.globl _FSCTRL
                            424 	.globl _RXCTRL
                            425 	.globl _FREQEST
                            426 	.globl _MDMCTRL1
                            427 	.globl _MDMCTRL0
                            428 	.globl _RFRND
                            429 	.globl _RFERRM
                            430 	.globl _RFIRQM1
                            431 	.globl _RFIRQM0
                            432 	.globl _TXLAST_PTR
                            433 	.globl _TXFIRST_PTR
                            434 	.globl _RXP1_PTR
                            435 	.globl _RXLAST_PTR
                            436 	.globl _RXFIRST_PTR
                            437 	.globl _TXFIFOCNT
                            438 	.globl _RXFIFOCNT
                            439 	.globl _RXFIRST
                            440 	.globl _RSSISTAT
                            441 	.globl _RSSI
                            442 	.globl _CCACTRL1
                            443 	.globl _CCACTRL0
                            444 	.globl _FSMCTRL
                            445 	.globl _FIFOPCTRL
                            446 	.globl _FSMSTAT1
                            447 	.globl _FSMSTAT0
                            448 	.globl _TXCTRL
                            449 	.globl _TXPOWER
                            450 	.globl _FREQCTRL
                            451 	.globl _FREQTUNE
                            452 	.globl _RXMASKCLR
                            453 	.globl _RXMASKSET
                            454 	.globl _RXENABLE
                            455 	.globl _FRMCTRL1
                            456 	.globl _FRMCTRL0
                            457 	.globl _SRCEXTEN2
                            458 	.globl _SRCEXTEN1
                            459 	.globl _SRCEXTEN0
                            460 	.globl _SRCSHORTEN2
                            461 	.globl _SRCSHORTEN1
                            462 	.globl _SRCSHORTEN0
                            463 	.globl _SRCMATCH
                            464 	.globl _FRMFILT1
                            465 	.globl _FRMFILT0
                            466 	.globl _SHORT_ADDR1
                            467 	.globl _SHORT_ADDR0
                            468 	.globl _PAN_ID1
                            469 	.globl _PAN_ID0
                            470 	.globl _EXT_ADDR7
                            471 	.globl _EXT_ADDR6
                            472 	.globl _EXT_ADDR5
                            473 	.globl _EXT_ADDR4
                            474 	.globl _EXT_ADDR3
                            475 	.globl _EXT_ADDR2
                            476 	.globl _EXT_ADDR1
                            477 	.globl _EXT_ADDR0
                            478 	.globl _SRCSHORTPENDEN2
                            479 	.globl _SRCSHORTPENDEN1
                            480 	.globl _SRCSHORTPENDEN0
                            481 	.globl _SRCEXTPENDEN2
                            482 	.globl _SRCEXTPENDEN1
                            483 	.globl _SRCEXTPENDEN0
                            484 	.globl _SRCRESINDEX
                            485 	.globl _SRCRESMASK2
                            486 	.globl _SRCRESMASK1
                            487 	.globl _SRCRESMASK0
                            488 	.globl _SRC_ADDR_TABLE
                            489 	.globl _TXFIFO
                            490 	.globl _RXFIFO
                            491 	.globl _RFCORE_RAM
                            492 	.globl _CMPCTL
                            493 	.globl _OPAMPS
                            494 	.globl _OPAMPC
                            495 	.globl _STCV2
                            496 	.globl _STCV1
                            497 	.globl _STCV0
                            498 	.globl _STCS
                            499 	.globl _STCC
                            500 	.globl _T1CC4H
                            501 	.globl _T1CC4L
                            502 	.globl _T1CC3H
                            503 	.globl _T1CC3L
                            504 	.globl _XX_T1CC2H
                            505 	.globl _XX_T1CC2L
                            506 	.globl _XX_T1CC1H
                            507 	.globl _XX_T1CC1L
                            508 	.globl _XX_T1CC0H
                            509 	.globl _XX_T1CC0L
                            510 	.globl _T1CCTL4
                            511 	.globl _T1CCTL3
                            512 	.globl _XX_T1CCTL2
                            513 	.globl _XX_T1CCTL1
                            514 	.globl _XX_T1CCTL0
                            515 	.globl _CLD
                            516 	.globl _IRCTL
                            517 	.globl _CHIPINFO1
                            518 	.globl _CHIPINFO0
                            519 	.globl _FWDATA
                            520 	.globl _FADDRH
                            521 	.globl _FADDRL
                            522 	.globl _FCTL
                            523 	.globl _IVCTRL
                            524 	.globl _BATTMON
                            525 	.globl _SRCRC
                            526 	.globl _DBGDATA
                            527 	.globl _TESTREG0
                            528 	.globl _CHIPID
                            529 	.globl _CHVER
                            530 	.globl _OBSSEL5
                            531 	.globl _OBSSEL4
                            532 	.globl _OBSSEL3
                            533 	.globl _OBSSEL2
                            534 	.globl _OBSSEL1
                            535 	.globl _OBSSEL0
                            536 	.globl _I2CIO
                            537 	.globl _I2CWC
                            538 	.globl _I2CADDR
                            539 	.globl _I2CDATA
                            540 	.globl _I2CSTAT
                            541 	.globl _I2CCFG
                            542 	.globl _OPAMPMC
                            543 	.globl _MONMUX
                            544 	.globl _uip_packetqueue_new
                            545 	.globl _uip_packetqueue_alloc
                            546 	.globl _uip_packetqueue_free
                            547 	.globl _uip_packetqueue_buf
                            548 	.globl _uip_packetqueue_buflen
                            549 	.globl _uip_packetqueue_set_buflen
                            550 ;--------------------------------------------------------
                            551 ; special function registers
                            552 ;--------------------------------------------------------
                            553 	.area RSEG    (ABS,DATA)
   0000                     554 	.org 0x0000
                    0080    555 _P0	=	0x0080
                    0081    556 _SP	=	0x0081
                    0082    557 _DPL0	=	0x0082
                    0083    558 _DPH0	=	0x0083
                    0084    559 _DPL1	=	0x0084
                    0085    560 _DPH1	=	0x0085
                    0087    561 _PCON	=	0x0087
                    0088    562 _TCON	=	0x0088
                    0090    563 _P1	=	0x0090
                    0092    564 _DPS	=	0x0092
                    0098    565 _S0CON	=	0x0098
                    009A    566 _IEN2	=	0x009a
                    009B    567 _S1CON	=	0x009b
                    00A0    568 _P2	=	0x00a0
                    00A8    569 _IEN0	=	0x00a8
                    00A9    570 _IP0	=	0x00a9
                    00B8    571 _IEN1	=	0x00b8
                    00B9    572 _IP1	=	0x00b9
                    00C0    573 _IRCON	=	0x00c0
                    00D0    574 _PSW	=	0x00d0
                    00E0    575 _ACC	=	0x00e0
                    00E8    576 _IRCON2	=	0x00e8
                    00F0    577 _B	=	0x00f0
                    00B4    578 _ADCCON1	=	0x00b4
                    00B5    579 _ADCCON2	=	0x00b5
                    00B6    580 _ADCCON3	=	0x00b6
                    00BA    581 _ADCL	=	0x00ba
                    00BB    582 _ADCH	=	0x00bb
                    00BC    583 _RNDL	=	0x00bc
                    00BD    584 _RNDH	=	0x00bd
                    00B1    585 _ENCDI	=	0x00b1
                    00B2    586 _ENCDO	=	0x00b2
                    00B3    587 _ENCCS	=	0x00b3
                    00D1    588 _DMAIRQ	=	0x00d1
                    00D2    589 _DMA1CFGL	=	0x00d2
                    00D3    590 _DMA1CFGH	=	0x00d3
                    00D4    591 _DMA0CFGL	=	0x00d4
                    00D5    592 _DMA0CFGH	=	0x00d5
                    00D6    593 _DMAARM	=	0x00d6
                    00D7    594 _DMAREQ	=	0x00d7
                    0089    595 _P0IFG	=	0x0089
                    008A    596 _P1IFG	=	0x008a
                    008B    597 _P2IFG	=	0x008b
                    008C    598 _PICTL	=	0x008c
                    00AB    599 _P0IEN	=	0x00ab
                    008D    600 _P1IEN	=	0x008d
                    00AC    601 _P2IEN	=	0x00ac
                    008F    602 _P0INP	=	0x008f
                    00F1    603 _PERCFG	=	0x00f1
                    00F2    604 _APCFG	=	0x00f2
                    00F3    605 _P0SEL	=	0x00f3
                    00F4    606 _P1SEL	=	0x00f4
                    00F5    607 _P2SEL	=	0x00f5
                    00F6    608 _P1INP	=	0x00f6
                    00F7    609 _P2INP	=	0x00f7
                    00FD    610 _P0DIR	=	0x00fd
                    00FE    611 _P1DIR	=	0x00fe
                    00FF    612 _P2DIR	=	0x00ff
                    00AE    613 _PMUX	=	0x00ae
                    0093    614 _MPAGE	=	0x0093
                    0093    615 __XPAGE	=	0x0093
                    00C7    616 _MEMCTR	=	0x00c7
                    009F    617 _FMAP	=	0x009f
                    009F    618 _PSBANK	=	0x009f
                    0091    619 _RFIRQF1	=	0x0091
                    00D9    620 _RFD	=	0x00d9
                    00E1    621 _RFST	=	0x00e1
                    00E9    622 _RFIRQF0	=	0x00e9
                    00BF    623 _RFERRF	=	0x00bf
                    0095    624 _ST0	=	0x0095
                    0096    625 _ST1	=	0x0096
                    0097    626 _ST2	=	0x0097
                    00AD    627 _STLOAD	=	0x00ad
                    00BE    628 _SLEEPCMD	=	0x00be
                    009D    629 _SLEEPSTA	=	0x009d
                    00C6    630 _CLKCONCMD	=	0x00c6
                    009E    631 _CLKCONSTA	=	0x009e
                    00DA    632 _T1CC0L	=	0x00da
                    00DB    633 _T1CC0H	=	0x00db
                    00DC    634 _T1CC1L	=	0x00dc
                    00DD    635 _T1CC1H	=	0x00dd
                    00DE    636 _T1CC2L	=	0x00de
                    00DF    637 _T1CC2H	=	0x00df
                    00E2    638 _T1CNTL	=	0x00e2
                    00E3    639 _T1CNTH	=	0x00e3
                    00E4    640 _T1CTL	=	0x00e4
                    00E5    641 _T1CCTL0	=	0x00e5
                    00E6    642 _T1CCTL1	=	0x00e6
                    00E7    643 _T1CCTL2	=	0x00e7
                    00AF    644 _T1STAT	=	0x00af
                    0094    645 _T2CTRL	=	0x0094
                    009C    646 _T2EVTCFG	=	0x009c
                    00A1    647 _T2IRQF	=	0x00a1
                    00A2    648 _T2M0	=	0x00a2
                    00A3    649 _T2M1	=	0x00a3
                    00A4    650 _T2MOVF0	=	0x00a4
                    00A5    651 _T2MOVF1	=	0x00a5
                    00A6    652 _T2MOVF2	=	0x00a6
                    00A7    653 _T2IRQM	=	0x00a7
                    00C3    654 _T2MSEL	=	0x00c3
                    00CA    655 _T3CNT	=	0x00ca
                    00CB    656 _T3CTL	=	0x00cb
                    00CC    657 _T3CCTL0	=	0x00cc
                    00CD    658 _T3CC0	=	0x00cd
                    00CE    659 _T3CCTL1	=	0x00ce
                    00CF    660 _T3CC1	=	0x00cf
                    00EA    661 _T4CNT	=	0x00ea
                    00EB    662 _T4CTL	=	0x00eb
                    00EC    663 _T4CCTL0	=	0x00ec
                    00ED    664 _T4CC0	=	0x00ed
                    00EE    665 _T4CCTL1	=	0x00ee
                    00EF    666 _T4CC1	=	0x00ef
                    00D8    667 _TIMIF	=	0x00d8
                    0086    668 _U0CSR	=	0x0086
                    00C1    669 _U0DBUF	=	0x00c1
                    00C2    670 _U0BAUD	=	0x00c2
                    00C4    671 _U0UCR	=	0x00c4
                    00C5    672 _U0GCR	=	0x00c5
                    00F8    673 _U1CSR	=	0x00f8
                    00F9    674 _U1DBUF	=	0x00f9
                    00FA    675 _U1BAUD	=	0x00fa
                    00FB    676 _U1UCR	=	0x00fb
                    00FC    677 _U1GCR	=	0x00fc
                    00C9    678 _WDCTL	=	0x00c9
                            679 ;--------------------------------------------------------
                            680 ; special function bits
                            681 ;--------------------------------------------------------
                            682 	.area RSEG    (ABS,DATA)
   0000                     683 	.org 0x0000
                    0087    684 _P0_7	=	0x0087
                    0086    685 _P0_6	=	0x0086
                    0085    686 _P0_5	=	0x0085
                    0084    687 _P0_4	=	0x0084
                    0083    688 _P0_3	=	0x0083
                    0082    689 _P0_2	=	0x0082
                    0081    690 _P0_1	=	0x0081
                    0080    691 _P0_0	=	0x0080
                    008F    692 _URX1IF	=	0x008f
                    008D    693 _ADCIF	=	0x008d
                    008B    694 _URX0IF	=	0x008b
                    008A    695 _IT1	=	0x008a
                    0089    696 _RFERRIF	=	0x0089
                    0088    697 _IT0	=	0x0088
                    0097    698 _P1_7	=	0x0097
                    0096    699 _P1_6	=	0x0096
                    0095    700 _P1_5	=	0x0095
                    0094    701 _P1_4	=	0x0094
                    0093    702 _P1_3	=	0x0093
                    0092    703 _P1_2	=	0x0092
                    0091    704 _P1_1	=	0x0091
                    0090    705 _P1_0	=	0x0090
                    0099    706 _ENCIF_1	=	0x0099
                    0098    707 _ENCIF_0	=	0x0098
                    00A7    708 _P2_7	=	0x00a7
                    00A6    709 _P2_6	=	0x00a6
                    00A5    710 _P2_5	=	0x00a5
                    00A4    711 _P2_4	=	0x00a4
                    00A3    712 _P2_3	=	0x00a3
                    00A2    713 _P2_2	=	0x00a2
                    00A1    714 _P2_1	=	0x00a1
                    00A0    715 _P2_0	=	0x00a0
                    00AF    716 _EA	=	0x00af
                    00AD    717 _STIE	=	0x00ad
                    00AC    718 _ENCIE	=	0x00ac
                    00AB    719 _URX1IE	=	0x00ab
                    00AA    720 _URX0IE	=	0x00aa
                    00A9    721 _ADCIE	=	0x00a9
                    00A8    722 _RFERRIE	=	0x00a8
                    00BD    723 _P0IE	=	0x00bd
                    00BC    724 _T4IE	=	0x00bc
                    00BB    725 _T3IE	=	0x00bb
                    00BA    726 _T2IE	=	0x00ba
                    00B9    727 _T1IE	=	0x00b9
                    00B8    728 _DMAIE	=	0x00b8
                    00C7    729 _STIF	=	0x00c7
                    00C5    730 _P0IF	=	0x00c5
                    00C4    731 _T4IF	=	0x00c4
                    00C3    732 _T3IF	=	0x00c3
                    00C2    733 _T2IF	=	0x00c2
                    00C1    734 _T1IF	=	0x00c1
                    00C0    735 _DMAIF	=	0x00c0
                    00D7    736 _CY	=	0x00d7
                    00D6    737 _AC	=	0x00d6
                    00D5    738 _F0	=	0x00d5
                    00D4    739 _RS1	=	0x00d4
                    00D3    740 _RS0	=	0x00d3
                    00D2    741 _OV	=	0x00d2
                    00D1    742 _F1	=	0x00d1
                    00D0    743 _P	=	0x00d0
                    00E7    744 _ACC_7	=	0x00e7
                    00E6    745 _ACC_6	=	0x00e6
                    00E5    746 _ACC_5	=	0x00e5
                    00E4    747 _ACC_4	=	0x00e4
                    00E3    748 _ACC_3	=	0x00e3
                    00E2    749 _ACC_2	=	0x00e2
                    00E1    750 _ACC_1	=	0x00e1
                    00E0    751 _ACC_0	=	0x00e0
                    00EC    752 _WDTIF	=	0x00ec
                    00EB    753 _P1IF	=	0x00eb
                    00EA    754 _UTX1IF	=	0x00ea
                    00E9    755 _UTX0IF	=	0x00e9
                    00E8    756 _P2IF	=	0x00e8
                    00F7    757 _B_7	=	0x00f7
                    00F6    758 _B_6	=	0x00f6
                    00F5    759 _B_5	=	0x00f5
                    00F4    760 _B_4	=	0x00f4
                    00F3    761 _B_3	=	0x00f3
                    00F2    762 _B_2	=	0x00f2
                    00F1    763 _B_1	=	0x00f1
                    00F0    764 _B_0	=	0x00f0
                    00DE    765 _OVFIM	=	0x00de
                    00DD    766 _T4CH1IF	=	0x00dd
                    00DC    767 _T4CH0IF	=	0x00dc
                    00DB    768 _T4OVFIF	=	0x00db
                    00DA    769 _T3CH1IF	=	0x00da
                    00D9    770 _T3CH0IF	=	0x00d9
                    00D8    771 _T3OVFIF	=	0x00d8
                    00FF    772 _MODE	=	0x00ff
                    00FE    773 _RE	=	0x00fe
                    00FD    774 _SLAVE	=	0x00fd
                    00FC    775 _FE	=	0x00fc
                    00FB    776 _ERR	=	0x00fb
                    00FA    777 _RX_BYTE	=	0x00fa
                    00F9    778 _TX_BYTE	=	0x00f9
                    00F8    779 _ACTIVE	=	0x00f8
                            780 ;--------------------------------------------------------
                            781 ; overlayable register banks
                            782 ;--------------------------------------------------------
                            783 	.area REG_BANK_0	(REL,OVR,DATA)
   0000                     784 	.ds 8
                            785 ;--------------------------------------------------------
                            786 ; internal ram data
                            787 ;--------------------------------------------------------
                            788 	.area DSEG    (DATA)
                            789 ;--------------------------------------------------------
                            790 ; overlayable items in internal ram 
                            791 ;--------------------------------------------------------
                            792 	.area OSEG    (OVR,DATA)
                            793 ;--------------------------------------------------------
                            794 ; indirectly addressable internal ram data
                            795 ;--------------------------------------------------------
                            796 	.area ISEG    (DATA)
                            797 ;--------------------------------------------------------
                            798 ; absolute internal ram data
                            799 ;--------------------------------------------------------
                            800 	.area IABS    (ABS,DATA)
                            801 	.area IABS    (ABS,DATA)
                            802 ;--------------------------------------------------------
                            803 ; bit data
                            804 ;--------------------------------------------------------
                            805 	.area BSEG    (BIT)
                            806 ;--------------------------------------------------------
                            807 ; paged external ram data
                            808 ;--------------------------------------------------------
                            809 	.area PSEG    (PAG,XDATA)
                            810 ;--------------------------------------------------------
                            811 ; external ram data
                            812 ;--------------------------------------------------------
                            813 	.area XSEG    (XDATA)
                    61A6    814 _MONMUX	=	0x61a6
                    61A6    815 _OPAMPMC	=	0x61a6
                    6230    816 _I2CCFG	=	0x6230
                    6231    817 _I2CSTAT	=	0x6231
                    6232    818 _I2CDATA	=	0x6232
                    6233    819 _I2CADDR	=	0x6233
                    6234    820 _I2CWC	=	0x6234
                    6235    821 _I2CIO	=	0x6235
                    6243    822 _OBSSEL0	=	0x6243
                    6244    823 _OBSSEL1	=	0x6244
                    6245    824 _OBSSEL2	=	0x6245
                    6246    825 _OBSSEL3	=	0x6246
                    6247    826 _OBSSEL4	=	0x6247
                    6248    827 _OBSSEL5	=	0x6248
                    6249    828 _CHVER	=	0x6249
                    624A    829 _CHIPID	=	0x624a
                    624B    830 _TESTREG0	=	0x624b
                    6260    831 _DBGDATA	=	0x6260
                    6262    832 _SRCRC	=	0x6262
                    6264    833 _BATTMON	=	0x6264
                    6265    834 _IVCTRL	=	0x6265
                    6270    835 _FCTL	=	0x6270
                    6271    836 _FADDRL	=	0x6271
                    6272    837 _FADDRH	=	0x6272
                    6273    838 _FWDATA	=	0x6273
                    6276    839 _CHIPINFO0	=	0x6276
                    6277    840 _CHIPINFO1	=	0x6277
                    6281    841 _IRCTL	=	0x6281
                    6290    842 _CLD	=	0x6290
                    62A0    843 _XX_T1CCTL0	=	0x62a0
                    62A1    844 _XX_T1CCTL1	=	0x62a1
                    62A2    845 _XX_T1CCTL2	=	0x62a2
                    62A3    846 _T1CCTL3	=	0x62a3
                    62A4    847 _T1CCTL4	=	0x62a4
                    62A6    848 _XX_T1CC0L	=	0x62a6
                    62A7    849 _XX_T1CC0H	=	0x62a7
                    62A8    850 _XX_T1CC1L	=	0x62a8
                    62A9    851 _XX_T1CC1H	=	0x62a9
                    62AA    852 _XX_T1CC2L	=	0x62aa
                    62AB    853 _XX_T1CC2H	=	0x62ab
                    62AC    854 _T1CC3L	=	0x62ac
                    62AD    855 _T1CC3H	=	0x62ad
                    62AE    856 _T1CC4L	=	0x62ae
                    62AF    857 _T1CC4H	=	0x62af
                    62B0    858 _STCC	=	0x62b0
                    62B1    859 _STCS	=	0x62b1
                    62B2    860 _STCV0	=	0x62b2
                    62B3    861 _STCV1	=	0x62b3
                    62B4    862 _STCV2	=	0x62b4
                    62C0    863 _OPAMPC	=	0x62c0
                    62C1    864 _OPAMPS	=	0x62c1
                    62D0    865 _CMPCTL	=	0x62d0
                    6000    866 _RFCORE_RAM	=	0x6000
                    6000    867 _RXFIFO	=	0x6000
                    6080    868 _TXFIFO	=	0x6080
                    6100    869 _SRC_ADDR_TABLE	=	0x6100
                    6160    870 _SRCRESMASK0	=	0x6160
                    6161    871 _SRCRESMASK1	=	0x6161
                    6162    872 _SRCRESMASK2	=	0x6162
                    6163    873 _SRCRESINDEX	=	0x6163
                    6164    874 _SRCEXTPENDEN0	=	0x6164
                    6165    875 _SRCEXTPENDEN1	=	0x6165
                    6166    876 _SRCEXTPENDEN2	=	0x6166
                    6167    877 _SRCSHORTPENDEN0	=	0x6167
                    6168    878 _SRCSHORTPENDEN1	=	0x6168
                    6169    879 _SRCSHORTPENDEN2	=	0x6169
                    616A    880 _EXT_ADDR0	=	0x616a
                    616B    881 _EXT_ADDR1	=	0x616b
                    616C    882 _EXT_ADDR2	=	0x616c
                    616D    883 _EXT_ADDR3	=	0x616d
                    616E    884 _EXT_ADDR4	=	0x616e
                    616F    885 _EXT_ADDR5	=	0x616f
                    6170    886 _EXT_ADDR6	=	0x6170
                    6171    887 _EXT_ADDR7	=	0x6171
                    6172    888 _PAN_ID0	=	0x6172
                    6173    889 _PAN_ID1	=	0x6173
                    6174    890 _SHORT_ADDR0	=	0x6174
                    6175    891 _SHORT_ADDR1	=	0x6175
                    6180    892 _FRMFILT0	=	0x6180
                    6181    893 _FRMFILT1	=	0x6181
                    6182    894 _SRCMATCH	=	0x6182
                    6183    895 _SRCSHORTEN0	=	0x6183
                    6184    896 _SRCSHORTEN1	=	0x6184
                    6185    897 _SRCSHORTEN2	=	0x6185
                    6186    898 _SRCEXTEN0	=	0x6186
                    6187    899 _SRCEXTEN1	=	0x6187
                    6188    900 _SRCEXTEN2	=	0x6188
                    6189    901 _FRMCTRL0	=	0x6189
                    618A    902 _FRMCTRL1	=	0x618a
                    618B    903 _RXENABLE	=	0x618b
                    618C    904 _RXMASKSET	=	0x618c
                    618D    905 _RXMASKCLR	=	0x618d
                    618E    906 _FREQTUNE	=	0x618e
                    618F    907 _FREQCTRL	=	0x618f
                    6190    908 _TXPOWER	=	0x6190
                    6191    909 _TXCTRL	=	0x6191
                    6192    910 _FSMSTAT0	=	0x6192
                    6193    911 _FSMSTAT1	=	0x6193
                    6194    912 _FIFOPCTRL	=	0x6194
                    6195    913 _FSMCTRL	=	0x6195
                    6196    914 _CCACTRL0	=	0x6196
                    6197    915 _CCACTRL1	=	0x6197
                    6198    916 _RSSI	=	0x6198
                    6199    917 _RSSISTAT	=	0x6199
                    619A    918 _RXFIRST	=	0x619a
                    619B    919 _RXFIFOCNT	=	0x619b
                    619C    920 _TXFIFOCNT	=	0x619c
                    619D    921 _RXFIRST_PTR	=	0x619d
                    619E    922 _RXLAST_PTR	=	0x619e
                    619F    923 _RXP1_PTR	=	0x619f
                    61A1    924 _TXFIRST_PTR	=	0x61a1
                    61A2    925 _TXLAST_PTR	=	0x61a2
                    61A3    926 _RFIRQM0	=	0x61a3
                    61A4    927 _RFIRQM1	=	0x61a4
                    61A5    928 _RFERRM	=	0x61a5
                    61A7    929 _RFRND	=	0x61a7
                    61A8    930 _MDMCTRL0	=	0x61a8
                    61A9    931 _MDMCTRL1	=	0x61a9
                    61AA    932 _FREQEST	=	0x61aa
                    61AB    933 _RXCTRL	=	0x61ab
                    61AC    934 _FSCTRL	=	0x61ac
                    61AD    935 _FSCAL0	=	0x61ad
                    61AE    936 _FSCAL1	=	0x61ae
                    61AF    937 _FSCAL2	=	0x61af
                    61B0    938 _FSCAL3	=	0x61b0
                    61B1    939 _AGCCTRL0	=	0x61b1
                    61B2    940 _AGCCTRL1	=	0x61b2
                    61B3    941 _AGCCTRL2	=	0x61b3
                    61B4    942 _AGCCTRL3	=	0x61b4
                    61B5    943 _ADCTEST0	=	0x61b5
                    61B6    944 _ADCTEST1	=	0x61b6
                    61B7    945 _ADCTEST2	=	0x61b7
                    61B8    946 _MDMTEST0	=	0x61b8
                    61B9    947 _MDMTEST1	=	0x61b9
                    61BA    948 _DACTEST0	=	0x61ba
                    61BB    949 _DACTEST1	=	0x61bb
                    61BC    950 _DACTEST2	=	0x61bc
                    61BD    951 _ATEST	=	0x61bd
                    61BE    952 _PTEST0	=	0x61be
                    61BF    953 _PTEST1	=	0x61bf
                    61FA    954 _TXFILTCFG	=	0x61fa
                    61EB    955 _RFC_OBS_CTRL0	=	0x61eb
                    61EC    956 _RFC_OBS_CTRL1	=	0x61ec
                    61ED    957 _RFC_OBS_CTRL2	=	0x61ed
                    61C0    958 _CSPPROG0	=	0x61c0
                    61C1    959 _CSPPROG1	=	0x61c1
                    61C2    960 _CSPPROG2	=	0x61c2
                    61C3    961 _CSPPROG3	=	0x61c3
                    61C4    962 _CSPPROG4	=	0x61c4
                    61C5    963 _CSPPROG5	=	0x61c5
                    61C6    964 _CSPPROG6	=	0x61c6
                    61C7    965 _CSPPROG7	=	0x61c7
                    61C8    966 _CSPPROG8	=	0x61c8
                    61C9    967 _CSPPROG9	=	0x61c9
                    61CA    968 _CSPPROG10	=	0x61ca
                    61CB    969 _CSPPROG11	=	0x61cb
                    61CC    970 _CSPPROG12	=	0x61cc
                    61CD    971 _CSPPROG13	=	0x61cd
                    61CE    972 _CSPPROG14	=	0x61ce
                    61CF    973 _CSPPROG15	=	0x61cf
                    61D0    974 _CSPPROG16	=	0x61d0
                    61D1    975 _CSPPROG17	=	0x61d1
                    61D2    976 _CSPPROG18	=	0x61d2
                    61D3    977 _CSPPROG19	=	0x61d3
                    61D4    978 _CSPPROG20	=	0x61d4
                    61D5    979 _CSPPROG21	=	0x61d5
                    61D6    980 _CSPPROG22	=	0x61d6
                    61D7    981 _CSPPROG23	=	0x61d7
                    61E0    982 _CSPCTRL	=	0x61e0
                    61E1    983 _CSPSTAT	=	0x61e1
                    61E2    984 _CSPX	=	0x61e2
                    61E3    985 _CSPY	=	0x61e3
                    61E4    986 _CSPZ	=	0x61e4
                    61E5    987 _CSPT	=	0x61e5
                    6200    988 _USBADDR	=	0x6200
                    6201    989 _USBPOW	=	0x6201
                    6202    990 _USBIIF	=	0x6202
                    6204    991 _USBOIF	=	0x6204
                    6206    992 _USBCIF	=	0x6206
                    6207    993 _USBIIE	=	0x6207
                    6209    994 _USBOIE	=	0x6209
                    620B    995 _USBCIE	=	0x620b
                    620C    996 _USBFRML	=	0x620c
                    620D    997 _USBFRMH	=	0x620d
                    620E    998 _USBINDEX	=	0x620e
                    620F    999 _USBCTRL	=	0x620f
                    6210   1000 _USBMAXI	=	0x6210
                    6211   1001 _USBCS0	=	0x6211
                    6211   1002 _USBCSIL	=	0x6211
                    6212   1003 _USBCSIH	=	0x6212
                    6213   1004 _USBMAXO	=	0x6213
                    6214   1005 _USBCSOL	=	0x6214
                    6215   1006 _USBCSOH	=	0x6215
                    6216   1007 _USBCNT0	=	0x6216
                    6216   1008 _USBCNTL	=	0x6216
                    6217   1009 _USBCNTH	=	0x6217
                    6220   1010 _USBF0	=	0x6220
                    6222   1011 _USBF1	=	0x6222
                    6224   1012 _USBF2	=	0x6224
                    6226   1013 _USBF3	=	0x6226
                    6228   1014 _USBF4	=	0x6228
                    622A   1015 _USBF5	=	0x622a
                    7080   1016 _X_P0	=	0x7080
                    7086   1017 _X_U0CSR	=	0x7086
                    7089   1018 _X_P0IFG	=	0x7089
                    708A   1019 _X_P1IFG	=	0x708a
                    708B   1020 _X_P2IFG	=	0x708b
                    708C   1021 _X_PICTL	=	0x708c
                    708D   1022 _X_P1IEN	=	0x708d
                    708F   1023 _X_P0INP	=	0x708f
                    7090   1024 _X_P1	=	0x7090
                    7091   1025 _X_RFIRQF1	=	0x7091
                    7093   1026 _X_MPAGE	=	0x7093
                    7093   1027 _X__XPAGE	=	0x7093
                    7094   1028 _X_T2CTRL	=	0x7094
                    7095   1029 _X_ST0	=	0x7095
                    7096   1030 _X_ST1	=	0x7096
                    7097   1031 _X_ST2	=	0x7097
                    709C   1032 _X_T2EVTCFG	=	0x709c
                    709D   1033 _X_SLEEPSTA	=	0x709d
                    709E   1034 _X_CLKCONSTA	=	0x709e
                    709F   1035 _X_FMAP	=	0x709f
                    709F   1036 _X_PSBANK	=	0x709f
                    70A0   1037 _X_P2	=	0x70a0
                    70A1   1038 _X_T2IRQF	=	0x70a1
                    70A2   1039 _X_T2M0	=	0x70a2
                    70A3   1040 _X_T2M1	=	0x70a3
                    70A4   1041 _X_T2MOVF0	=	0x70a4
                    70A5   1042 _X_T2MOVF1	=	0x70a5
                    70A6   1043 _X_T2MOVF2	=	0x70a6
                    70A7   1044 _X_T2IRQM	=	0x70a7
                    70AB   1045 _X_P0IEN	=	0x70ab
                    70AC   1046 _X_P2IEN	=	0x70ac
                    70AD   1047 _X_STLOAD	=	0x70ad
                    70AE   1048 _X_PMUX	=	0x70ae
                    70AF   1049 _X_T1STAT	=	0x70af
                    70B1   1050 _X_ENCDI	=	0x70b1
                    70B2   1051 _X_ENCDO	=	0x70b2
                    70B3   1052 _X_ENCCS	=	0x70b3
                    70B4   1053 _X_ADCCON1	=	0x70b4
                    70B5   1054 _X_ADCCON2	=	0x70b5
                    70B6   1055 _X_ADCCON3	=	0x70b6
                    70BA   1056 _X_ADCL	=	0x70ba
                    70BB   1057 _X_ADCH	=	0x70bb
                    70BC   1058 _X_RNDL	=	0x70bc
                    70BD   1059 _X_RNDH	=	0x70bd
                    70BE   1060 _X_SLEEPCMD	=	0x70be
                    70BF   1061 _X_RFERRF	=	0x70bf
                    70C1   1062 _X_U0DBUF	=	0x70c1
                    70C2   1063 _X_U0BAUD	=	0x70c2
                    70C3   1064 _X_T2MSEL	=	0x70c3
                    70C4   1065 _X_U0UCR	=	0x70c4
                    70C5   1066 _X_U0GCR	=	0x70c5
                    70C6   1067 _X_CLKCONCMD	=	0x70c6
                    70C7   1068 _X_MEMCTR	=	0x70c7
                    70C9   1069 _X_WDCTL	=	0x70c9
                    70CA   1070 _X_T3CNT	=	0x70ca
                    70CB   1071 _X_T3CTL	=	0x70cb
                    70CC   1072 _X_T3CCTL0	=	0x70cc
                    70CD   1073 _X_T3CC0	=	0x70cd
                    70CE   1074 _X_T3CCTL1	=	0x70ce
                    70CF   1075 _X_T3CC1	=	0x70cf
                    70D1   1076 _X_DMAIRQ	=	0x70d1
                    70D2   1077 _X_DMA1CFGL	=	0x70d2
                    70D3   1078 _X_DMA1CFGH	=	0x70d3
                    70D4   1079 _X_DMA0CFGL	=	0x70d4
                    70D5   1080 _X_DMA0CFGH	=	0x70d5
                    70D6   1081 _X_DMAARM	=	0x70d6
                    70D7   1082 _X_DMAREQ	=	0x70d7
                    70D8   1083 _X_TIMIF	=	0x70d8
                    70D9   1084 _X_RFD	=	0x70d9
                    70DA   1085 _X_T1CC0L	=	0x70da
                    70DB   1086 _X_T1CC0H	=	0x70db
                    70DC   1087 _X_T1CC1L	=	0x70dc
                    70DD   1088 _X_T1CC1H	=	0x70dd
                    70DE   1089 _X_T1CC2L	=	0x70de
                    70DF   1090 _X_T1CC2H	=	0x70df
                    70E1   1091 _X_RFST	=	0x70e1
                    70E2   1092 _X_T1CNTL	=	0x70e2
                    70E3   1093 _X_T1CNTH	=	0x70e3
                    70E4   1094 _X_T1CTL	=	0x70e4
                    70E5   1095 _X_T1CCTL0	=	0x70e5
                    70E6   1096 _X_T1CCTL1	=	0x70e6
                    70E7   1097 _X_T1CCTL2	=	0x70e7
                    70E9   1098 _X_RFIRQF0	=	0x70e9
                    70EA   1099 _X_T4CNT	=	0x70ea
                    70EB   1100 _X_T4CTL	=	0x70eb
                    70EC   1101 _X_T4CCTL0	=	0x70ec
                    70ED   1102 _X_T4CC0	=	0x70ed
                    70EE   1103 _X_T4CCTL1	=	0x70ee
                    70EF   1104 _X_T4CC1	=	0x70ef
                    70F1   1105 _X_PERCFG	=	0x70f1
                    70F2   1106 _X_APCFG	=	0x70f2
                    70F3   1107 _X_P0SEL	=	0x70f3
                    70F4   1108 _X_P1SEL	=	0x70f4
                    70F5   1109 _X_P2SEL	=	0x70f5
                    70F6   1110 _X_P1INP	=	0x70f6
                    70F7   1111 _X_P2INP	=	0x70f7
                    70F8   1112 _X_U1CSR	=	0x70f8
                    70F9   1113 _X_U1DBUF	=	0x70f9
                    70FA   1114 _X_U1BAUD	=	0x70fa
                    70FB   1115 _X_U1UCR	=	0x70fb
                    70FC   1116 _X_U1GCR	=	0x70fc
                    70FD   1117 _X_P0DIR	=	0x70fd
                    70FE   1118 _X_P1DIR	=	0x70fe
                    70FF   1119 _X_P2DIR	=	0x70ff
                    7800   1120 _X_INFOPAGE	=	0x7800
                    780C   1121 _X_IEEE_ADDR	=	0x780c
   0000                    1122 _packets_memb_memb_count:
   0000                    1123 	.ds 2
   0002                    1124 _packets_memb_memb_mem:
   0002                    1125 	.ds 730
                           1126 ;--------------------------------------------------------
                           1127 ; absolute external ram data
                           1128 ;--------------------------------------------------------
                           1129 	.area XABS    (ABS,XDATA)
                           1130 ;--------------------------------------------------------
                           1131 ; external initialized ram data
                           1132 ;--------------------------------------------------------
                           1133 	.area XISEG   (XDATA)
   0000                    1134 _packets_memb:
   0000                    1135 	.ds 10
                           1136 	.area HOME    (CODE)
                           1137 	.area GSINIT0 (CODE)
                           1138 	.area GSINIT1 (CODE)
                           1139 	.area GSINIT2 (CODE)
                           1140 	.area GSINIT3 (CODE)
                           1141 	.area GSINIT4 (CODE)
                           1142 	.area GSINIT5 (CODE)
                           1143 	.area GSINIT  (CODE)
                           1144 	.area GSFINAL (CODE)
                           1145 	.area CSEG    (CODE)
                           1146 ;--------------------------------------------------------
                           1147 ; global & static initialisations
                           1148 ;--------------------------------------------------------
                           1149 	.area HOME    (CODE)
                           1150 	.area GSINIT  (CODE)
                           1151 	.area GSFINAL (CODE)
                           1152 	.area GSINIT  (CODE)
                           1153 ;--------------------------------------------------------
                           1154 ; Home
                           1155 ;--------------------------------------------------------
                           1156 	.area HOME    (CODE)
                           1157 	.area HOME    (CODE)
                           1158 ;--------------------------------------------------------
                           1159 ; code
                           1160 ;--------------------------------------------------------
                           1161 	.area BANK1   (CODE)
                           1162 ;------------------------------------------------------------
                           1163 ;Allocation info for local variables in function 'packet_timedout'
                           1164 ;------------------------------------------------------------
                           1165 ;ptr                       Allocated to registers r5 r6 r7 
                           1166 ;h                         Allocated to registers r5 r6 r7 
                           1167 ;------------------------------------------------------------
                           1168 ;	../../../contiki-sensinode//core/net/uip-packetqueue.c:22: packet_timedout(void *ptr)
                           1169 ;	-----------------------------------------
                           1170 ;	 function packet_timedout
                           1171 ;	-----------------------------------------
   0000                    1172 _packet_timedout:
                    0007   1173 	ar7 = 0x07
                    0006   1174 	ar6 = 0x06
                    0005   1175 	ar5 = 0x05
                    0004   1176 	ar4 = 0x04
                    0003   1177 	ar3 = 0x03
                    0002   1178 	ar2 = 0x02
                    0001   1179 	ar1 = 0x01
                    0000   1180 	ar0 = 0x00
                           1181 ;	../../../contiki-sensinode//core/net/uip-packetqueue.c:24: struct uip_packetqueue_handle *h = ptr;
                           1182 ;	../../../contiki-sensinode//core/net/uip-packetqueue.c:27: memb_free(&packets_memb, h->packet);
   0000 AD 82              1183 	mov	r5,dpl
   0002 AE 83              1184 	mov	r6,dph
   0004 AF F0              1185 	mov	r7,b
   0006 12s00r00           1186 	lcall	__gptrget
   0009 FA                 1187 	mov	r2,a
   000A A3                 1188 	inc	dptr
   000B 12s00r00           1189 	lcall	__gptrget
   000E FB                 1190 	mov	r3,a
   000F A3                 1191 	inc	dptr
   0010 12s00r00           1192 	lcall	__gptrget
   0013 FC                 1193 	mov	r4,a
   0014 C0 07              1194 	push	ar7
   0016 C0 06              1195 	push	ar6
   0018 C0 05              1196 	push	ar5
   001A C0 02              1197 	push	ar2
   001C C0 03              1198 	push	ar3
   001E C0 04              1199 	push	ar4
   0020 90s00r00           1200 	mov	dptr,#_packets_memb
   0023 75 F0 00           1201 	mov	b,#0x00
   0026 78r00              1202 	mov	r0,#_memb_free
   0028 79s00              1203 	mov	r1,#(_memb_free >> 8)
   002A 7As00              1204 	mov	r2,#(_memb_free >> 16)
   002C 12s00r00           1205 	lcall	__sdcc_banked_call
   002F 15 81              1206 	dec	sp
   0031 15 81              1207 	dec	sp
   0033 15 81              1208 	dec	sp
   0035 D0 05              1209 	pop	ar5
   0037 D0 06              1210 	pop	ar6
   0039 D0 07              1211 	pop	ar7
                           1212 ;	../../../contiki-sensinode//core/net/uip-packetqueue.c:28: h->packet = NULL;
   003B 8D 82              1213 	mov	dpl,r5
   003D 8E 83              1214 	mov	dph,r6
   003F 8F F0              1215 	mov	b,r7
   0041 E4                 1216 	clr	a
   0042 12s00r00           1217 	lcall	__gptrput
   0045 A3                 1218 	inc	dptr
   0046 E4                 1219 	clr	a
   0047 12s00r00           1220 	lcall	__gptrput
   004A A3                 1221 	inc	dptr
   004B E4                 1222 	clr	a
   004C 12s00r00           1223 	lcall	__gptrput
   004F 02s00r00           1224 	ljmp	__sdcc_banked_ret
                           1225 ;------------------------------------------------------------
                           1226 ;Allocation info for local variables in function 'uip_packetqueue_new'
                           1227 ;------------------------------------------------------------
                           1228 ;handle                    Allocated to registers r5 r6 r7 
                           1229 ;------------------------------------------------------------
                           1230 ;	../../../contiki-sensinode//core/net/uip-packetqueue.c:32: uip_packetqueue_new(struct uip_packetqueue_handle *handle)
                           1231 ;	-----------------------------------------
                           1232 ;	 function uip_packetqueue_new
                           1233 ;	-----------------------------------------
   0052                    1234 _uip_packetqueue_new:
                           1235 ;	../../../contiki-sensinode//core/net/uip-packetqueue.c:35: handle->packet = NULL;
   0052 AD 82              1236 	mov	r5,dpl
   0054 AE 83              1237 	mov	r6,dph
   0056 AF F0              1238 	mov	r7,b
   0058 E4                 1239 	clr	a
   0059 12s00r00           1240 	lcall	__gptrput
   005C A3                 1241 	inc	dptr
   005D E4                 1242 	clr	a
   005E 12s00r00           1243 	lcall	__gptrput
   0061 A3                 1244 	inc	dptr
   0062 E4                 1245 	clr	a
   0063 12s00r00           1246 	lcall	__gptrput
   0066 02s00r00           1247 	ljmp	__sdcc_banked_ret
                           1248 ;------------------------------------------------------------
                           1249 ;Allocation info for local variables in function 'uip_packetqueue_alloc'
                           1250 ;------------------------------------------------------------
                           1251 ;lifetime                  Allocated to stack - sp -7
                           1252 ;handle                    Allocated to registers r5 r6 r7 
                           1253 ;sloc0                     Allocated to stack - sp -2
                           1254 ;------------------------------------------------------------
                           1255 ;	../../../contiki-sensinode//core/net/uip-packetqueue.c:39: uip_packetqueue_alloc(struct uip_packetqueue_handle *handle, clock_time_t lifetime)
                           1256 ;	-----------------------------------------
                           1257 ;	 function uip_packetqueue_alloc
                           1258 ;	-----------------------------------------
   0069                    1259 _uip_packetqueue_alloc:
   0069 05 81              1260 	inc	sp
   006B 05 81              1261 	inc	sp
   006D 05 81              1262 	inc	sp
                           1263 ;	../../../contiki-sensinode//core/net/uip-packetqueue.c:42: if(handle->packet != NULL) {
   006F AD 82              1264 	mov	r5,dpl
   0071 AE 83              1265 	mov	r6,dph
   0073 AF F0              1266 	mov	r7,b
   0075 12s00r00           1267 	lcall	__gptrget
   0078 FA                 1268 	mov	r2,a
   0079 A3                 1269 	inc	dptr
   007A 12s00r00           1270 	lcall	__gptrget
   007D FB                 1271 	mov	r3,a
   007E A3                 1272 	inc	dptr
   007F 12s00r00           1273 	lcall	__gptrget
   0082 FC                 1274 	mov	r4,a
   0083 EA                 1275 	mov	a,r2
   0084 4B                 1276 	orl	a,r3
   0085 60 09              1277 	jz	00102$
                           1278 ;	../../../contiki-sensinode//core/net/uip-packetqueue.c:44: return NULL;
   0087 90 00 00           1279 	mov	dptr,#0x0000
   008A 75 F0 00           1280 	mov	b,#0x00
   008D 02s01r5F           1281 	ljmp	00105$
   0090                    1282 00102$:
                           1283 ;	../../../contiki-sensinode//core/net/uip-packetqueue.c:46: handle->packet = memb_alloc(&packets_memb);
   0090 90s00r00           1284 	mov	dptr,#_packets_memb
   0093 75 F0 00           1285 	mov	b,#0x00
   0096 C0 07              1286 	push	ar7
   0098 C0 06              1287 	push	ar6
   009A C0 05              1288 	push	ar5
   009C 78r00              1289 	mov	r0,#_memb_alloc
   009E 79s00              1290 	mov	r1,#(_memb_alloc >> 8)
   00A0 7As00              1291 	mov	r2,#(_memb_alloc >> 16)
   00A2 12s00r00           1292 	lcall	__sdcc_banked_call
   00A5 AA 82              1293 	mov	r2,dpl
   00A7 AB 83              1294 	mov	r3,dph
   00A9 AC F0              1295 	mov	r4,b
   00AB D0 05              1296 	pop	ar5
   00AD D0 06              1297 	pop	ar6
   00AF D0 07              1298 	pop	ar7
   00B1 8D 82              1299 	mov	dpl,r5
   00B3 8E 83              1300 	mov	dph,r6
   00B5 8F F0              1301 	mov	b,r7
   00B7 EA                 1302 	mov	a,r2
   00B8 12s00r00           1303 	lcall	__gptrput
   00BB A3                 1304 	inc	dptr
   00BC EB                 1305 	mov	a,r3
   00BD 12s00r00           1306 	lcall	__gptrput
   00C0 A3                 1307 	inc	dptr
   00C1 EC                 1308 	mov	a,r4
   00C2 12s00r00           1309 	lcall	__gptrput
                           1310 ;	../../../contiki-sensinode//core/net/uip-packetqueue.c:47: if(handle->packet != NULL) {
   00C5 8D 82              1311 	mov	dpl,r5
   00C7 8E 83              1312 	mov	dph,r6
   00C9 8F F0              1313 	mov	b,r7
   00CB A8 81              1314 	mov	r0,sp
   00CD 18                 1315 	dec	r0
   00CE 18                 1316 	dec	r0
   00CF 12s00r00           1317 	lcall	__gptrget
   00D2 F6                 1318 	mov	@r0,a
   00D3 A3                 1319 	inc	dptr
   00D4 12s00r00           1320 	lcall	__gptrget
   00D7 08                 1321 	inc	r0
   00D8 F6                 1322 	mov	@r0,a
   00D9 A3                 1323 	inc	dptr
   00DA 12s00r00           1324 	lcall	__gptrget
   00DD 08                 1325 	inc	r0
   00DE F6                 1326 	mov	@r0,a
   00DF EA                 1327 	mov	a,r2
   00E0 4B                 1328 	orl	a,r3
   00E1 60 62              1329 	jz	00104$
                           1330 ;	../../../contiki-sensinode//core/net/uip-packetqueue.c:49: packet_timedout, handle);
   00E3 8D 02              1331 	mov	ar2,r5
   00E5 8E 03              1332 	mov	ar3,r6
   00E7 8F 04              1333 	mov	ar4,r7
                           1334 ;	../../../contiki-sensinode//core/net/uip-packetqueue.c:48: ctimer_set(&handle->packet->lifetimer, lifetime,
   00E9 C0 05              1335 	push	ar5
   00EB C0 06              1336 	push	ar6
   00ED C0 07              1337 	push	ar7
   00EF E5 81              1338 	mov	a,sp
   00F1 24 FB              1339 	add	a,#0xfb
   00F3 F8                 1340 	mov	r0,a
   00F4 74 54              1341 	mov	a,#0x54
   00F6 26                 1342 	add	a,@r0
   00F7 FD                 1343 	mov	r5,a
   00F8 74 01              1344 	mov	a,#0x01
   00FA 08                 1345 	inc	r0
   00FB 36                 1346 	addc	a,@r0
   00FC FE                 1347 	mov	r6,a
   00FD 08                 1348 	inc	r0
   00FE 86 07              1349 	mov	ar7,@r0
   0100 C0 07              1350 	push	ar7
   0102 C0 06              1351 	push	ar6
   0104 C0 05              1352 	push	ar5
   0106 C0 02              1353 	push	ar2
   0108 C0 03              1354 	push	ar3
   010A C0 04              1355 	push	ar4
   010C 74r00              1356 	mov	a,#_packet_timedout
   010E C0 E0              1357 	push	acc
   0110 74s00              1358 	mov	a,#(_packet_timedout >> 8)
   0112 C0 E0              1359 	push	acc
   0114 74s00              1360 	mov	a,#(_packet_timedout >> 16)
   0116 C0 E0              1361 	push	acc
   0118 E5 81              1362 	mov	a,sp
   011A 24 ED              1363 	add	a,#0xed
   011C F8                 1364 	mov	r0,a
   011D E6                 1365 	mov	a,@r0
   011E C0 E0              1366 	push	acc
   0120 08                 1367 	inc	r0
   0121 E6                 1368 	mov	a,@r0
   0122 C0 E0              1369 	push	acc
   0124 8D 82              1370 	mov	dpl,r5
   0126 8E 83              1371 	mov	dph,r6
   0128 8F F0              1372 	mov	b,r7
   012A 78r00              1373 	mov	r0,#_ctimer_set
   012C 79s00              1374 	mov	r1,#(_ctimer_set >> 8)
   012E 7As00              1375 	mov	r2,#(_ctimer_set >> 16)
   0130 12s00r00           1376 	lcall	__sdcc_banked_call
   0133 E5 81              1377 	mov	a,sp
   0135 24 F8              1378 	add	a,#0xf8
   0137 F5 81              1379 	mov	sp,a
   0139 D0 05              1380 	pop	ar5
   013B D0 06              1381 	pop	ar6
   013D D0 07              1382 	pop	ar7
                           1383 ;	../../../contiki-sensinode//core/net/uip-packetqueue.c:53: return handle->packet;
   013F D0 07              1384 	pop	ar7
   0141 D0 06              1385 	pop	ar6
   0143 D0 05              1386 	pop	ar5
                           1387 ;	../../../contiki-sensinode//core/net/uip-packetqueue.c:48: ctimer_set(&handle->packet->lifetimer, lifetime,
   0145                    1388 00104$:
                           1389 ;	../../../contiki-sensinode//core/net/uip-packetqueue.c:53: return handle->packet;
   0145 8D 82              1390 	mov	dpl,r5
   0147 8E 83              1391 	mov	dph,r6
   0149 8F F0              1392 	mov	b,r7
   014B 12s00r00           1393 	lcall	__gptrget
   014E FD                 1394 	mov	r5,a
   014F A3                 1395 	inc	dptr
   0150 12s00r00           1396 	lcall	__gptrget
   0153 FE                 1397 	mov	r6,a
   0154 A3                 1398 	inc	dptr
   0155 12s00r00           1399 	lcall	__gptrget
   0158 FF                 1400 	mov	r7,a
   0159 8D 82              1401 	mov	dpl,r5
   015B 8E 83              1402 	mov	dph,r6
   015D 8F F0              1403 	mov	b,r7
   015F                    1404 00105$:
   015F 15 81              1405 	dec	sp
   0161 15 81              1406 	dec	sp
   0163 15 81              1407 	dec	sp
   0165 02s00r00           1408 	ljmp	__sdcc_banked_ret
                           1409 ;------------------------------------------------------------
                           1410 ;Allocation info for local variables in function 'uip_packetqueue_free'
                           1411 ;------------------------------------------------------------
                           1412 ;handle                    Allocated to registers r5 r6 r7 
                           1413 ;------------------------------------------------------------
                           1414 ;	../../../contiki-sensinode//core/net/uip-packetqueue.c:57: uip_packetqueue_free(struct uip_packetqueue_handle *handle)
                           1415 ;	-----------------------------------------
                           1416 ;	 function uip_packetqueue_free
                           1417 ;	-----------------------------------------
   0168                    1418 _uip_packetqueue_free:
                           1419 ;	../../../contiki-sensinode//core/net/uip-packetqueue.c:60: if(handle->packet != NULL) {
   0168 AD 82              1420 	mov	r5,dpl
   016A AE 83              1421 	mov	r6,dph
   016C AF F0              1422 	mov	r7,b
   016E 12s00r00           1423 	lcall	__gptrget
   0171 FA                 1424 	mov	r2,a
   0172 A3                 1425 	inc	dptr
   0173 12s00r00           1426 	lcall	__gptrget
   0176 FB                 1427 	mov	r3,a
   0177 A3                 1428 	inc	dptr
   0178 12s00r00           1429 	lcall	__gptrget
   017B FC                 1430 	mov	r4,a
   017C EA                 1431 	mov	a,r2
   017D 4B                 1432 	orl	a,r3
   017E 60 72              1433 	jz	00103$
                           1434 ;	../../../contiki-sensinode//core/net/uip-packetqueue.c:61: ctimer_stop(&handle->packet->lifetimer);
   0180 74 54              1435 	mov	a,#0x54
   0182 2A                 1436 	add	a,r2
   0183 FA                 1437 	mov	r2,a
   0184 74 01              1438 	mov	a,#0x01
   0186 3B                 1439 	addc	a,r3
   0187 FB                 1440 	mov	r3,a
   0188 8A 82              1441 	mov	dpl,r2
   018A 8B 83              1442 	mov	dph,r3
   018C 8C F0              1443 	mov	b,r4
   018E C0 07              1444 	push	ar7
   0190 C0 06              1445 	push	ar6
   0192 C0 05              1446 	push	ar5
   0194 78r00              1447 	mov	r0,#_ctimer_stop
   0196 79s00              1448 	mov	r1,#(_ctimer_stop >> 8)
   0198 7As00              1449 	mov	r2,#(_ctimer_stop >> 16)
   019A 12s00r00           1450 	lcall	__sdcc_banked_call
   019D D0 05              1451 	pop	ar5
   019F D0 06              1452 	pop	ar6
   01A1 D0 07              1453 	pop	ar7
                           1454 ;	../../../contiki-sensinode//core/net/uip-packetqueue.c:62: memb_free(&packets_memb, handle->packet);
   01A3 8D 82              1455 	mov	dpl,r5
   01A5 8E 83              1456 	mov	dph,r6
   01A7 8F F0              1457 	mov	b,r7
   01A9 12s00r00           1458 	lcall	__gptrget
   01AC FA                 1459 	mov	r2,a
   01AD A3                 1460 	inc	dptr
   01AE 12s00r00           1461 	lcall	__gptrget
   01B1 FB                 1462 	mov	r3,a
   01B2 A3                 1463 	inc	dptr
   01B3 12s00r00           1464 	lcall	__gptrget
   01B6 FC                 1465 	mov	r4,a
   01B7 C0 07              1466 	push	ar7
   01B9 C0 06              1467 	push	ar6
   01BB C0 05              1468 	push	ar5
   01BD C0 02              1469 	push	ar2
   01BF C0 03              1470 	push	ar3
   01C1 C0 04              1471 	push	ar4
   01C3 90s00r00           1472 	mov	dptr,#_packets_memb
   01C6 75 F0 00           1473 	mov	b,#0x00
   01C9 78r00              1474 	mov	r0,#_memb_free
   01CB 79s00              1475 	mov	r1,#(_memb_free >> 8)
   01CD 7As00              1476 	mov	r2,#(_memb_free >> 16)
   01CF 12s00r00           1477 	lcall	__sdcc_banked_call
   01D2 15 81              1478 	dec	sp
   01D4 15 81              1479 	dec	sp
   01D6 15 81              1480 	dec	sp
   01D8 D0 05              1481 	pop	ar5
   01DA D0 06              1482 	pop	ar6
   01DC D0 07              1483 	pop	ar7
                           1484 ;	../../../contiki-sensinode//core/net/uip-packetqueue.c:63: handle->packet = NULL;
   01DE 8D 82              1485 	mov	dpl,r5
   01E0 8E 83              1486 	mov	dph,r6
   01E2 8F F0              1487 	mov	b,r7
   01E4 E4                 1488 	clr	a
   01E5 12s00r00           1489 	lcall	__gptrput
   01E8 A3                 1490 	inc	dptr
   01E9 E4                 1491 	clr	a
   01EA 12s00r00           1492 	lcall	__gptrput
   01ED A3                 1493 	inc	dptr
   01EE E4                 1494 	clr	a
   01EF 12s00r00           1495 	lcall	__gptrput
   01F2                    1496 00103$:
   01F2 02s00r00           1497 	ljmp	__sdcc_banked_ret
                           1498 ;------------------------------------------------------------
                           1499 ;Allocation info for local variables in function 'uip_packetqueue_buf'
                           1500 ;------------------------------------------------------------
                           1501 ;h                         Allocated to registers r5 r6 r7 
                           1502 ;------------------------------------------------------------
                           1503 ;	../../../contiki-sensinode//core/net/uip-packetqueue.c:68: uip_packetqueue_buf(struct uip_packetqueue_handle *h)
                           1504 ;	-----------------------------------------
                           1505 ;	 function uip_packetqueue_buf
                           1506 ;	-----------------------------------------
   01F5                    1507 _uip_packetqueue_buf:
                           1508 ;	../../../contiki-sensinode//core/net/uip-packetqueue.c:70: return h->packet != NULL? h->packet->queue_buf: NULL;
   01F5 12s00r00           1509 	lcall	__gptrget
   01F8 FD                 1510 	mov	r5,a
   01F9 A3                 1511 	inc	dptr
   01FA 12s00r00           1512 	lcall	__gptrget
   01FD FE                 1513 	mov	r6,a
   01FE A3                 1514 	inc	dptr
   01FF 12s00r00           1515 	lcall	__gptrget
   0202 FF                 1516 	mov	r7,a
   0203 ED                 1517 	mov	a,r5
   0204 4E                 1518 	orl	a,r6
   0205 60 09              1519 	jz	00103$
   0207 74 03              1520 	mov	a,#0x03
   0209 2D                 1521 	add	a,r5
   020A FD                 1522 	mov	r5,a
   020B E4                 1523 	clr	a
   020C 3E                 1524 	addc	a,r6
   020D FE                 1525 	mov	r6,a
   020E 80 06              1526 	sjmp	00104$
   0210                    1527 00103$:
   0210 7D 00              1528 	mov	r5,#0x00
   0212 7E 00              1529 	mov	r6,#0x00
   0214 7F 00              1530 	mov	r7,#0x00
   0216                    1531 00104$:
   0216 8D 82              1532 	mov	dpl,r5
   0218 8E 83              1533 	mov	dph,r6
   021A 8F F0              1534 	mov	b,r7
   021C 02s00r00           1535 	ljmp	__sdcc_banked_ret
                           1536 ;------------------------------------------------------------
                           1537 ;Allocation info for local variables in function 'uip_packetqueue_buflen'
                           1538 ;------------------------------------------------------------
                           1539 ;h                         Allocated to registers r5 r6 r7 
                           1540 ;------------------------------------------------------------
                           1541 ;	../../../contiki-sensinode//core/net/uip-packetqueue.c:74: uip_packetqueue_buflen(struct uip_packetqueue_handle *h)
                           1542 ;	-----------------------------------------
                           1543 ;	 function uip_packetqueue_buflen
                           1544 ;	-----------------------------------------
   021F                    1545 _uip_packetqueue_buflen:
                           1546 ;	../../../contiki-sensinode//core/net/uip-packetqueue.c:76: return h->packet != NULL? h->packet->queue_buf_len: 0;
   021F 12s00r00           1547 	lcall	__gptrget
   0222 FD                 1548 	mov	r5,a
   0223 A3                 1549 	inc	dptr
   0224 12s00r00           1550 	lcall	__gptrget
   0227 FE                 1551 	mov	r6,a
   0228 A3                 1552 	inc	dptr
   0229 12s00r00           1553 	lcall	__gptrget
   022C FF                 1554 	mov	r7,a
   022D ED                 1555 	mov	a,r5
   022E 4E                 1556 	orl	a,r6
   022F 60 19              1557 	jz	00103$
   0231 74 52              1558 	mov	a,#0x52
   0233 2D                 1559 	add	a,r5
   0234 FD                 1560 	mov	r5,a
   0235 74 01              1561 	mov	a,#0x01
   0237 3E                 1562 	addc	a,r6
   0238 FE                 1563 	mov	r6,a
   0239 8D 82              1564 	mov	dpl,r5
   023B 8E 83              1565 	mov	dph,r6
   023D 8F F0              1566 	mov	b,r7
   023F 12s00r00           1567 	lcall	__gptrget
   0242 FE                 1568 	mov	r6,a
   0243 A3                 1569 	inc	dptr
   0244 12s00r00           1570 	lcall	__gptrget
   0247 FF                 1571 	mov	r7,a
   0248 80 04              1572 	sjmp	00104$
   024A                    1573 00103$:
   024A 7E 00              1574 	mov	r6,#0x00
   024C 7F 00              1575 	mov	r7,#0x00
   024E                    1576 00104$:
   024E 8E 82              1577 	mov	dpl,r6
   0250 8F 83              1578 	mov	dph,r7
   0252 02s00r00           1579 	ljmp	__sdcc_banked_ret
                           1580 ;------------------------------------------------------------
                           1581 ;Allocation info for local variables in function 'uip_packetqueue_set_buflen'
                           1582 ;------------------------------------------------------------
                           1583 ;len                       Allocated to stack - sp -4
                           1584 ;h                         Allocated to registers r5 r6 r7 
                           1585 ;------------------------------------------------------------
                           1586 ;	../../../contiki-sensinode//core/net/uip-packetqueue.c:80: uip_packetqueue_set_buflen(struct uip_packetqueue_handle *h, uint16_t len)
                           1587 ;	-----------------------------------------
                           1588 ;	 function uip_packetqueue_set_buflen
                           1589 ;	-----------------------------------------
   0255                    1590 _uip_packetqueue_set_buflen:
                           1591 ;	../../../contiki-sensinode//core/net/uip-packetqueue.c:82: if(h->packet != NULL) {
   0255 12s00r00           1592 	lcall	__gptrget
   0258 FD                 1593 	mov	r5,a
   0259 A3                 1594 	inc	dptr
   025A 12s00r00           1595 	lcall	__gptrget
   025D FE                 1596 	mov	r6,a
   025E A3                 1597 	inc	dptr
   025F 12s00r00           1598 	lcall	__gptrget
   0262 FF                 1599 	mov	r7,a
   0263 ED                 1600 	mov	a,r5
   0264 4E                 1601 	orl	a,r6
   0265 60 1D              1602 	jz	00103$
                           1603 ;	../../../contiki-sensinode//core/net/uip-packetqueue.c:83: h->packet->queue_buf_len = len;
   0267 74 52              1604 	mov	a,#0x52
   0269 2D                 1605 	add	a,r5
   026A FD                 1606 	mov	r5,a
   026B 74 01              1607 	mov	a,#0x01
   026D 3E                 1608 	addc	a,r6
   026E FE                 1609 	mov	r6,a
   026F 8D 82              1610 	mov	dpl,r5
   0271 8E 83              1611 	mov	dph,r6
   0273 8F F0              1612 	mov	b,r7
   0275 E5 81              1613 	mov	a,sp
   0277 24 FC              1614 	add	a,#0xfc
   0279 F8                 1615 	mov	r0,a
   027A E6                 1616 	mov	a,@r0
   027B 12s00r00           1617 	lcall	__gptrput
   027E A3                 1618 	inc	dptr
   027F 08                 1619 	inc	r0
   0280 E6                 1620 	mov	a,@r0
   0281 12s00r00           1621 	lcall	__gptrput
   0284                    1622 00103$:
   0284 02s00r00           1623 	ljmp	__sdcc_banked_ret
                           1624 	.area CSEG    (CODE)
                           1625 	.area CONST   (CODE)
                           1626 	.area XINIT   (CODE)
   0000                    1627 __xinit__packets_memb:
   0000 6D 01              1628 	.byte #0x6D,#0x01	; 365
   0002 02 00              1629 	.byte #0x02,#0x00	; 2
   0004r00s00 00           1630 	.byte _packets_memb_memb_count,(_packets_memb_memb_count >> 8),#0x00
   0007r02s00 00           1631 	.byte _packets_memb_memb_mem,(_packets_memb_memb_mem >> 8),#0x00
                           1632 	.area CABS    (ABS,CODE)
